#
# A fatal error has been detected by the Java Runtime Environment:
#
#  EXCEPTION_ACCESS_VIOLATION (0xc0000005) at pc=0x000000006d6e93a0, pid=1980, tid=0x0000000000001358
#
# JRE version: OpenJDK Runtime Environment (8.0_242-b01) (build 1.8.0_242-release-1644-b01)
# Java VM: OpenJDK 64-Bit Server VM (25.242-b01 mixed mode windows-amd64 compressed oops)
# Problematic frame:
# V  [jvm.dll+0x4b93a0]
#
# Failed to write core dump. Minidumps are not enabled by default on client versions of Windows
#
# If you would like to submit a bug report, please visit:
#   
#

---------------  T H R E A D  ---------------

Current thread (0x0000000057bb2800):  JavaThread "C2 CompilerThread0" daemon [_thread_in_native, id=4952, stack(0x0000000057fc0000,0x00000000580c0000)]

siginfo: ExceptionCode=0xc0000005, reading address 0x0000000593a3ab08

Registers:
RAX=0x0000000074f6d640, RBX=0x00000000580beb70, RCX=0x00000000a3d59a99, RDX=0x0000000000000000
RSP=0x00000000580bc5c0, RBP=0x00000000580bc608, RSI=0xfffffffffffffff8, RDI=0x000000006150ca60
R8 =0x000000006150ca60, R9 =0x0000000076988260, R10=0x0000000074e1d990, R11=0x00000000000001b7
R12=0x000000006ea21f20, R13=0x000000006150ca60, R14=0x0000000000000001, R15=0x00000000580bc8f0
RIP=0x000000006d6e93a0, EFLAGS=0x0000000000010246

Top of Stack: (sp=0x00000000580bc5c0)
0x00000000580bc5c0:   00000000580beb70 000000000000a7b0
0x00000000580bc5d0:   0000000065c2c018 0000000000000000
0x00000000580bc5e0:   000000006e987a70 000000006ea063c0
0x00000000580bc5f0:   000000006e9797c0 00000000563dd4c0
0x00000000580bc600:   0000000000000001 00000000580bed38
0x00000000580bc610:   0000000000000004 0000000000002330
0x00000000580bc620:   00000000580bc680 000000006d6e9e7d
0x00000000580bc630:   00000000580beb70 00000000580bc8f0
0x00000000580bc640:   00000000580bc8f0 0000000000000000
0x00000000580bc650:   0000000000000000 0000000000000000
0x00000000580bc660:   4000000000000000 0000000000000000
0x00000000580bc670:   0000000000000000 000000006d6e415c
0x00000000580bc680:   000000006d7e02f8 00000000580beb70
0x00000000580bc690:   0000000000000001 000000005e6c5b08
0x00000000580bc6a0:   00000000580bc7b0 000000006d6754c1
0x00000000580bc6b0:   0000000072ac4350 00000000580beb70 

Instructions: (pc=0x000000006d6e93a0)
0x000000006d6e9380:   8b d7 48 81 c1 98 01 00 00 4c 8b ef e8 cf 01 bf
0x000000006d6e9390:   ff 84 c0 0f 85 43 01 00 00 8b 4f 28 49 8b 47 30
0x000000006d6e93a0:   48 8b 1c c8 48 85 db 0f 85 25 01 00 00 8b c1 c1
0x000000006d6e93b0:   e8 05 41 3b 87 08 0a 00 00 73 6f 44 8b c0 49 8b 


Register to memory mapping:

RAX=0x0000000074f6d640 is an unknown value
RBX=0x00000000580beb70 is pointing into the stack for thread: 0x0000000057bb2800
RCX=0x00000000a3d59a99 is pointing into object: 0x00000000a3d48058
[Ljava.util.HashMap$Node; 
 - klass: 'java/util/HashMap$Node'[]
 - length: 32768
RDX=0x0000000000000000 is an unknown value
RSP=0x00000000580bc5c0 is pointing into the stack for thread: 0x0000000057bb2800
RBP=0x00000000580bc608 is pointing into the stack for thread: 0x0000000057bb2800
RSI=0xfffffffffffffff8 is an unknown value
RDI=0x000000006150ca60 is an unknown value
R8 =0x000000006150ca60 is an unknown value
R9 =0x0000000076988260 is an unknown value
R10=0x0000000074e1d990 is an unknown value
R11=0x00000000000001b7 is an unknown value
R12=0x000000006ea21f20 is an unknown value
R13=0x000000006150ca60 is an unknown value
R14=0x0000000000000001 is an unknown value
R15=0x00000000580bc8f0 is pointing into the stack for thread: 0x0000000057bb2800


Stack: [0x0000000057fc0000,0x00000000580c0000],  sp=0x00000000580bc5c0,  free space=1009k
Native frames: (J=compiled Java code, j=interpreted, Vv=VM code, C=native code)
V  [jvm.dll+0x4b93a0]
V  [jvm.dll+0x4b9e7d]
V  [jvm.dll+0x4454c1]
V  [jvm.dll+0x447fa8]
V  [jvm.dll+0x42b072]
V  [jvm.dll+0x8230f]
V  [jvm.dll+0x82c7f]
V  [jvm.dll+0x220b7f]
V  [jvm.dll+0x27276a]
C  [msvcr100.dll+0x21d9f]
C  [msvcr100.dll+0x21e3b]
C  [kernel32.dll+0x1570d]
C  [ntdll.dll+0x5385d]


Current CompileTask:
C2:4119325 36333       4       com.android.tools.r8.ir.regalloc.a::b (1367 bytes)


---------------  P R O C E S S  ---------------

Java Threads: ( => current thread )
  0x000000005af3f800 JavaThread "Cache worker for execution history cache (D:\sonalika18072020\sonalikanew - Copy\.gradle\6.1.1\executionHistory)" [_thread_blocked, id=4272, stack(0x00000000712b0000,0x00000000713b0000)]
  0x000000005af35000 JavaThread "Execution worker for ':' Thread 3" [_thread_in_Java, id=3152, stack(0x00000000691f0000,0x00000000692f0000)]
  0x000000005af36800 JavaThread "Execution worker for ':' Thread 2" [_thread_in_Java, id=5608, stack(0x0000000066a30000,0x0000000066b30000)]
  0x000000005af3e800 JavaThread "Execution worker for ':'" [_thread_in_Java, id=2608, stack(0x000000006ef10000,0x000000006f010000)]
  0x000000005af3e000 JavaThread "Cache worker for file content cache (D:\sonalika18072020\sonalikanew - Copy\.gradle\6.1.1\fileContent)" [_thread_blocked, id=5844, stack(0x000000006d0e0000,0x000000006d1e0000)]
  0x000000005af33800 JavaThread "Cache worker for Build Output Cleanup Cache (D:\sonalika18072020\sonalikanew - Copy\.gradle\buildOutputCleanup)" [_thread_blocked, id=3244, stack(0x00000000672b0000,0x00000000673b0000)]
  0x000000005af3d000 JavaThread "Build operations Thread 4" [_thread_blocked, id=6028, stack(0x000000006ab90000,0x000000006ac90000)]
  0x000000005af3a000 JavaThread "Build operations Thread 3" [_thread_blocked, id=3512, stack(0x000000006aee0000,0x000000006afe0000)]
  0x000000005af3c800 JavaThread "Build operations Thread 2" [_thread_blocked, id=4504, stack(0x0000000064b70000,0x0000000064c70000)]
  0x0000000065514000 JavaThread "Build operations" [_thread_blocked, id=3148, stack(0x0000000069670000,0x0000000069770000)]
  0x0000000065515000 JavaThread "Cache worker for cache directory md-rule (C:\Users\VIRAJ\.gradle\caches\6.1.1\md-rule)" [_thread_blocked, id=6120, stack(0x0000000069890000,0x0000000069990000)]
  0x0000000065511000 JavaThread "Cache worker for cache directory md-supplier (C:\Users\VIRAJ\.gradle\caches\6.1.1\md-supplier)" [_thread_blocked, id=5960, stack(0x0000000067e20000,0x0000000067f20000)]
  0x0000000065510800 JavaThread "Cache worker for file hash cache (D:\sonalika18072020\sonalikanew - Copy\.gradle\6.1.1\fileHashes)" [_thread_blocked, id=5336, stack(0x0000000067a30000,0x0000000067b30000)]
  0x0000000065513800 JavaThread "Cache worker for checksums cache (D:\sonalika18072020\sonalikanew - Copy\.gradle\checksums)" [_thread_blocked, id=5848, stack(0x00000000681f0000,0x00000000682f0000)]
  0x0000000065512000 JavaThread "Thread-367" [_thread_blocked, id=660, stack(0x0000000067b30000,0x0000000067c30000)]
  0x0000000065512800 JavaThread "Stdin handler" [_thread_blocked, id=4584, stack(0x000000005f4c0000,0x000000005f5c0000)]
  0x000000007596d800 JavaThread "Asynchronous log dispatcher for DefaultDaemonConnection: socket connection from /127.0.0.1:49551 to /127.0.0.1:49383" [_thread_blocked, id=5836, stack(0x00000000629e0000,0x0000000062ae0000)]
  0x000000007596c800 JavaThread "Daemon worker Thread 12" [_thread_in_Java, id=5808, stack(0x0000000062850000,0x0000000062950000)]
  0x0000000075969000 JavaThread "Cancel handler" [_thread_blocked, id=3208, stack(0x000000005b9c0000,0x000000005bac0000)]
  0x000000007596c000 JavaThread "Handler for socket connection from /127.0.0.1:49551 to /127.0.0.1:49383" [_thread_in_native, id=4980, stack(0x000000005be40000,0x000000005bf40000)]
  0x000000007596a800 JavaThread "Daemon Thread 12" [_thread_blocked, id=5724, stack(0x000000005b510000,0x000000005b610000)]
  0x0000000075968000 JavaThread "RMI TCP Connection(idle)" daemon [_thread_blocked, id=3812, stack(0x000000005b770000,0x000000005b870000)]
  0x000000007596b000 JavaThread "RMI TCP Connection(idle)" daemon [_thread_blocked, id=2708, stack(0x000000005bd40000,0x000000005be40000)]
  0x000000005af35800 JavaThread "RMI TCP Accept-0" daemon [_thread_in_native, id=5288, stack(0x0000000062b70000,0x0000000062c70000)]
  0x0000000060fc9000 JavaThread "Cache worker for Java compile cache (C:\Users\VIRAJ\.gradle\caches\6.1.1\javaCompile)" [_thread_blocked, id=2536, stack(0x000000006a220000,0x000000006a320000)]
  0x0000000065517000 JavaThread "RMI Reaper" [_thread_blocked, id=3816, stack(0x0000000069790000,0x0000000069890000)]
  0x0000000065516800 JavaThread "RMI TCP Accept-0" daemon [_thread_in_native, id=400, stack(0x0000000069e80000,0x0000000069f80000)]
  0x0000000065515800 JavaThread "GC Daemon" daemon [_thread_blocked, id=4604, stack(0x0000000069310000,0x0000000069410000)]
  0x000000006155d000 JavaThread "RMI Scheduler(0)" daemon [_thread_blocked, id=5084, stack(0x0000000068ae0000,0x0000000068be0000)]
  0x000000005ec13000 JavaThread "Cache worker for file content cache (C:\Users\VIRAJ\.gradle\caches\6.1.1\fileContent)" [_thread_blocked, id=4556, stack(0x0000000067d10000,0x0000000067e10000)]
  0x000000005ec12000 JavaThread "Memory manager" [_thread_blocked, id=4728, stack(0x00000000664d0000,0x00000000665d0000)]
  0x000000005a1b0800 JavaThread "Cache worker for execution history cache (C:\Users\VIRAJ\.gradle\caches\6.1.1\executionHistory)" [_thread_blocked, id=3528, stack(0x0000000060680000,0x0000000060780000)]
  0x000000005a1ac800 JavaThread "Cache worker for file hash cache (C:\Users\VIRAJ\.gradle\caches\6.1.1\fileHashes)" [_thread_blocked, id=2020, stack(0x000000005c9a0000,0x000000005caa0000)]
  0x000000005a1ac000 JavaThread "File lock request listener" [_thread_in_native, id=2668, stack(0x000000005c870000,0x000000005c970000)]
  0x000000005a330000 JavaThread "Cache worker for journal cache (C:\Users\VIRAJ\.gradle\caches\journal-1)" [_thread_blocked, id=3824, stack(0x000000005c700000,0x000000005c800000)]
  0x000000005a124000 JavaThread "Daemon periodic checks" [_thread_blocked, id=4240, stack(0x000000005b880000,0x000000005b980000)]
  0x000000005a116800 JavaThread "Incoming local TCP Connector on port 49551" [_thread_in_native, id=3084, stack(0x000000005b640000,0x000000005b740000)]
  0x0000000058996800 JavaThread "Daemon health stats" [_thread_blocked, id=5004, stack(0x000000005b1f0000,0x000000005b2f0000)]
  0x0000000057c2d800 JavaThread "Service Thread" daemon [_thread_blocked, id=3444, stack(0x00000000585e0000,0x00000000586e0000)]
  0x0000000057bd1000 JavaThread "C1 CompilerThread2" daemon [_thread_blocked, id=4768, stack(0x00000000583f0000,0x00000000584f0000)]
  0x0000000057bb5000 JavaThread "C2 CompilerThread1" daemon [_thread_in_native, id=4284, stack(0x0000000058280000,0x0000000058380000)]
=>0x0000000057bb2800 JavaThread "C2 CompilerThread0" daemon [_thread_in_native, id=4952, stack(0x0000000057fc0000,0x00000000580c0000)]
  0x00000000563dc800 JavaThread "Attach Listener" daemon [_thread_blocked, id=4308, stack(0x0000000057ab0000,0x0000000057bb0000)]
  0x00000000563d7800 JavaThread "Signal Dispatcher" daemon [_thread_blocked, id=2484, stack(0x00000000578c0000,0x00000000579c0000)]
  0x00000000563b8800 JavaThread "Finalizer" daemon [_thread_blocked, id=288, stack(0x0000000057720000,0x0000000057820000)]
  0x00000000563b1800 JavaThread "Reference Handler" daemon [_thread_blocked, id=5012, stack(0x0000000057500000,0x0000000057600000)]
  0x000000000200e800 JavaThread "main" [_thread_blocked, id=4824, stack(0x0000000002320000,0x0000000002420000)]

Other Threads:
  0x000000005636a000 VMThread [stack: 0x0000000057310000,0x0000000057410000] [id=2040]
  0x0000000057c48800 WatcherThread [stack: 0x00000000587d0000,0x00000000588d0000] [id=3552]

VM state:not at safepoint (normal execution)

VM Mutex/Monitor currently owned by a thread: None

heap address: 0x00000000a0000000, size: 1536 MB, Compressed Oops mode: 32-bit
Narrow klass base: 0x0000000000000000, Narrow klass shift: 0
Compressed class space size: 1073741824 Address: 0x00000000159e0000

Heap:
 PSYoungGen      total 437760K, used 302338K [0x00000000e0000000, 0x00000000ffc80000, 0x0000000100000000)
  eden space 364544K, 74% used [0x00000000e0000000,0x00000000f0910c80,0x00000000f6400000)
  from space 73216K, 42% used [0x00000000f6400000,0x00000000f822fef0,0x00000000fab80000)
  to   space 69632K, 0% used [0x00000000fb880000,0x00000000fb880000,0x00000000ffc80000)
 ParOldGen       total 379392K, used 325260K [0x00000000a0000000, 0x00000000b7280000, 0x00000000e0000000)
  object space 379392K, 85% used [0x00000000a0000000,0x00000000b3da33a0,0x00000000b7280000)
 Metaspace       used 174269K, capacity 186538K, committed 186648K, reserved 1210368K
  class space    used 22626K, capacity 24801K, committed 24872K, reserved 1048576K

Card table byte_map: [0x0000000011ab0000,0x0000000011dc0000] byte_map_base: 0x00000000115b0000

Marking Bits: (ParMarkBitMap*) 0x000000006d9ff030
 Begin Bits: [0x00000000126e0000, 0x0000000013ee0000)
 End Bits:   [0x0000000013ee0000, 0x00000000156e0000)

Polling page: 0x0000000001fe0000

CodeCache: size=245760Kb used=100420Kb max_used=100420Kb free=145339Kb
 bounds [0x00000000026f0000, 0x0000000008990000, 0x00000000116f0000]
 total_blobs=29146 nmethods=28155 adapters=899
 compilation: enabled

Compilation events (10 events):
Event: 4118.415 Thread 0x0000000057bd1000 36585       2       com.android.tools.r8.graph.W::a (18 bytes)
Event: 4118.415 Thread 0x0000000057bd1000 nmethod 36585 0x000000000893d8d0 code [0x000000000893da40, 0x000000000893dd18]
Event: 4118.415 Thread 0x0000000057bd1000 36584       1       com.android.tools.r8.graph.W$q::b (5 bytes)
Event: 4118.415 Thread 0x0000000057bd1000 nmethod 36584 0x000000000893d610 code [0x000000000893d760, 0x000000000893d850]
Event: 4118.415 Thread 0x0000000057bd1000 36586       1       com.android.tools.r8.s.a.a.b.s::characteristics (5 bytes)
Event: 4118.415 Thread 0x0000000057bd1000 nmethod 36586 0x000000000893d350 code [0x000000000893d4a0, 0x000000000893d5b0]
Event: 4118.415 Thread 0x0000000057bd1000 36589       1       com.android.tools.r8.BaseCompilerCommand::b (5 bytes)
Event: 4118.415 Thread 0x0000000057bd1000 nmethod 36589 0x000000000893d090 code [0x000000000893d1e0, 0x000000000893d2f0]
Event: 4118.451 Thread 0x0000000057bd1000 36591       2       org.gradle.internal.vfs.impl.DefaultSnapshotHierarchy::empty (71 bytes)
Event: 4118.451 Thread 0x0000000057bd1000 nmethod 36591 0x000000000893c790 code [0x000000000893c940, 0x000000000893cd98]

GC Heap History (10 events):
Event: 3309.003 GC heap before
{Heap before GC invocations=57 (full 6):
 PSYoungGen      total 433664K, used 354193K [0x00000000e0000000, 0x00000000ffe00000, 0x0000000100000000)
  eden space 345088K, 100% used [0x00000000e0000000,0x00000000f5100000,0x00000000f5100000)
  from space 88576K, 10% used [0x00000000fa780000,0x00000000fb0646f8,0x00000000ffe00000)
  to   space 88576K, 0% used [0x00000000f5100000,0x00000000f5100000,0x00000000fa780000)
 ParOldGen       total 379392K, used 325028K [0x00000000a0000000, 0x00000000b7280000, 0x00000000e0000000)
  object space 379392K, 85% used [0x00000000a0000000,0x00000000b3d693a0,0x00000000b7280000)
 Metaspace       used 174046K, capacity 186236K, committed 186392K, reserved 1210368K
  class space    used 22601K, capacity 24760K, committed 24872K, reserved 1048576K
Event: 3309.030 GC heap after
Heap after GC invocations=57 (full 6):
 PSYoungGen      total 433664K, used 10792K [0x00000000e0000000, 0x00000000ffe00000, 0x0000000100000000)
  eden space 345088K, 0% used [0x00000000e0000000,0x00000000e0000000,0x00000000f5100000)
  from space 88576K, 12% used [0x00000000f5100000,0x00000000f5b8a080,0x00000000fa780000)
  to   space 87552K, 0% used [0x00000000fa880000,0x00000000fa880000,0x00000000ffe00000)
 ParOldGen       total 379392K, used 325092K [0x00000000a0000000, 0x00000000b7280000, 0x00000000e0000000)
  object space 379392K, 85% used [0x00000000a0000000,0x00000000b3d793a0,0x00000000b7280000)
 Metaspace       used 174046K, capacity 186236K, committed 186392K, reserved 1210368K
  class space    used 22601K, capacity 24760K, committed 24872K, reserved 1048576K
}
Event: 4114.914 GC heap before
{Heap before GC invocations=58 (full 6):
 PSYoungGen      total 433664K, used 355880K [0x00000000e0000000, 0x00000000ffe00000, 0x0000000100000000)
  eden space 345088K, 100% used [0x00000000e0000000,0x00000000f5100000,0x00000000f5100000)
  from space 88576K, 12% used [0x00000000f5100000,0x00000000f5b8a080,0x00000000fa780000)
  to   space 87552K, 0% used [0x00000000fa880000,0x00000000fa880000,0x00000000ffe00000)
 ParOldGen       total 379392K, used 325092K [0x00000000a0000000, 0x00000000b7280000, 0x00000000e0000000)
  object space 379392K, 85% used [0x00000000a0000000,0x00000000b3d793a0,0x00000000b7280000)
 Metaspace       used 174243K, capacity 186530K, committed 186648K, reserved 1210368K
  class space    used 22625K, capacity 24801K, committed 24872K, reserved 1048576K
Event: 4114.965 GC heap after
Heap after GC invocations=58 (full 6):
 PSYoungGen      total 425472K, used 32244K [0x00000000e0000000, 0x00000000ff400000, 0x0000000100000000)
  eden space 348160K, 0% used [0x00000000e0000000,0x00000000e0000000,0x00000000f5400000)
  from space 77312K, 41% used [0x00000000fa880000,0x00000000fc7fd188,0x00000000ff400000)
  to   space 81920K, 0% used [0x00000000f5400000,0x00000000f5400000,0x00000000fa400000)
 ParOldGen       total 379392K, used 325140K [0x00000000a0000000, 0x00000000b7280000, 0x00000000e0000000)
  object space 379392K, 85% used [0x00000000a0000000,0x00000000b3d853a0,0x00000000b7280000)
 Metaspace       used 174243K, capacity 186530K, committed 186648K, reserved 1210368K
  class space    used 22625K, capacity 24801K, committed 24872K, reserved 1048576K
}
Event: 4115.940 GC heap before
{Heap before GC invocations=59 (full 6):
 PSYoungGen      total 425472K, used 380404K [0x00000000e0000000, 0x00000000ff400000, 0x0000000100000000)
  eden space 348160K, 100% used [0x00000000e0000000,0x00000000f5400000,0x00000000f5400000)
  from space 77312K, 41% used [0x00000000fa880000,0x00000000fc7fd188,0x00000000ff400000)
  to   space 81920K, 0% used [0x00000000f5400000,0x00000000f5400000,0x00000000fa400000)
 ParOldGen       total 379392K, used 325140K [0x00000000a0000000, 0x00000000b7280000, 0x00000000e0000000)
  object space 379392K, 85% used [0x00000000a0000000,0x00000000b3d853a0,0x00000000b7280000)
 Metaspace       used 174248K, capacity 186530K, committed 186648K, reserved 1210368K
  class space    used 22626K, capacity 24801K, committed 24872K, reserved 1048576K
Event: 4115.995 GC heap after
Heap after GC invocations=59 (full 6):
 PSYoungGen      total 430080K, used 31232K [0x00000000e0000000, 0x00000000ffa80000, 0x0000000100000000)
  eden space 348160K, 0% used [0x00000000e0000000,0x00000000e0000000,0x00000000f5400000)
  from space 81920K, 38% used [0x00000000f5400000,0x00000000f72800d8,0x00000000fa400000)
  to   space 77312K, 0% used [0x00000000faf00000,0x00000000faf00000,0x00000000ffa80000)
 ParOldGen       total 379392K, used 325156K [0x00000000a0000000, 0x00000000b7280000, 0x00000000e0000000)
  object space 379392K, 85% used [0x00000000a0000000,0x00000000b3d893a0,0x00000000b7280000)
 Metaspace       used 174248K, capacity 186530K, committed 186648K, reserved 1210368K
  class space    used 22626K, capacity 24801K, committed 24872K, reserved 1048576K
}
Event: 4116.989 GC heap before
{Heap before GC invocations=60 (full 6):
 PSYoungGen      total 430080K, used 379392K [0x00000000e0000000, 0x00000000ffa80000, 0x0000000100000000)
  eden space 348160K, 100% used [0x00000000e0000000,0x00000000f5400000,0x00000000f5400000)
  from space 81920K, 38% used [0x00000000f5400000,0x00000000f72800d8,0x00000000fa400000)
  to   space 77312K, 0% used [0x00000000faf00000,0x00000000faf00000,0x00000000ffa80000)
 ParOldGen       total 379392K, used 325156K [0x00000000a0000000, 0x00000000b7280000, 0x00000000e0000000)
  object space 379392K, 85% used [0x00000000a0000000,0x00000000b3d893a0,0x00000000b7280000)
 Metaspace       used 174252K, capacity 186530K, committed 186648K, reserved 1210368K
  class space    used 22626K, capacity 24801K, committed 24872K, reserved 1048576K
Event: 4117.020 GC heap after
Heap after GC invocations=60 (full 6):
 PSYoungGen      total 434176K, used 27657K [0x00000000e0000000, 0x00000000ff300000, 0x0000000100000000)
  eden space 364544K, 0% used [0x00000000e0000000,0x00000000e0000000,0x00000000f6400000)
  from space 69632K, 39% used [0x00000000faf00000,0x00000000fca02530,0x00000000ff300000)
  to   space 73216K, 0% used [0x00000000f6400000,0x00000000f6400000,0x00000000fab80000)
 ParOldGen       total 379392K, used 325196K [0x00000000a0000000, 0x00000000b7280000, 0x00000000e0000000)
  object space 379392K, 85% used [0x00000000a0000000,0x00000000b3d933a0,0x00000000b7280000)
 Metaspace       used 174252K, capacity 186530K, committed 186648K, reserved 1210368K
  class space    used 22626K, capacity 24801K, committed 24872K, reserved 1048576K
}
Event: 4117.901 GC heap before
{Heap before GC invocations=61 (full 6):
 PSYoungGen      total 434176K, used 392201K [0x00000000e0000000, 0x00000000ff300000, 0x0000000100000000)
  eden space 364544K, 100% used [0x00000000e0000000,0x00000000f6400000,0x00000000f6400000)
  from space 69632K, 39% used [0x00000000faf00000,0x00000000fca02530,0x00000000ff300000)
  to   space 73216K, 0% used [0x00000000f6400000,0x00000000f6400000,0x00000000fab80000)
 ParOldGen       total 379392K, used 325196K [0x00000000a0000000, 0x00000000b7280000, 0x00000000e0000000)
  object space 379392K, 85% used [0x00000000a0000000,0x00000000b3d933a0,0x00000000b7280000)
 Metaspace       used 174255K, capacity 186530K, committed 186648K, reserved 1210368K
  class space    used 22626K, capacity 24801K, committed 24872K, reserved 1048576K
Event: 4117.939 GC heap after
Heap after GC invocations=61 (full 6):
 PSYoungGen      total 437760K, used 30911K [0x00000000e0000000, 0x00000000ffc80000, 0x0000000100000000)
  eden space 364544K, 0% used [0x00000000e0000000,0x00000000e0000000,0x00000000f6400000)
  from space 73216K, 42% used [0x00000000f6400000,0x00000000f822fef0,0x00000000fab80000)
  to   space 69632K, 0% used [0x00000000fb880000,0x00000000fb880000,0x00000000ffc80000)
 ParOldGen       total 379392K, used 325260K [0x00000000a0000000, 0x00000000b7280000, 0x00000000e0000000)
  object space 379392K, 85% used [0x00000000a0000000,0x00000000b3da33a0,0x00000000b7280000)
 Metaspace       used 174255K, capacity 186530K, committed 186648K, reserved 1210368K
  class space    used 22626K, capacity 24801K, committed 24872K, reserved 1048576K
}

Deoptimization events (10 events):
Event: 4114.468 Thread 0x000000005a330000 Uncommon trap: reason=bimorphic action=maybe_recompile pc=0x00000000059c430c method=org.gradle.cache.internal.btree.FileBackedBlockStore$BlockImpl.write()V @ 29
Event: 4114.520 Thread 0x000000005af35000 Uncommon trap: reason=null_check action=make_not_entrant pc=0x00000000071e9b20 method=com.android.tools.r8.graph.W.a(Lcom/android/tools/r8/graph/f0;Lcom/android/tools/r8/ir/analysis/type/l;Lcom/android/tools/r8/graph/f;)Lcom/android/tools/r8/ir/analysis/t
Event: 4114.604 Thread 0x000000005af36800 Uncommon trap: reason=unstable_if action=reinterpret pc=0x000000000844bdf4 method=com.android.tools.r8.ir.optimize.l.a(Lcom/android/tools/r8/u/b/h0;)Z @ 11
Event: 4115.002 Thread 0x000000005af36800 Uncommon trap: reason=unstable_if action=reinterpret pc=0x000000000786c6c8 method=com.android.tools.r8.graph.r.equals(Ljava/lang/Object;)Z @ 29
Event: 4116.459 Thread 0x000000005af3e800 Uncommon trap: reason=array_check action=maybe_recompile pc=0x00000000080e8628 method=java.util.TimSort.mergeHi(IIII)V @ 419
Event: 4116.459 Thread 0x000000005af3e800 Uncommon trap: reason=array_check action=maybe_recompile pc=0x00000000080e8628 method=java.util.TimSort.mergeHi(IIII)V @ 419
Event: 4116.486 Thread 0x000000005a330000 Uncommon trap: reason=unstable_if action=reinterpret pc=0x00000000075f300c method=org.gradle.cache.internal.btree.FreeListBlockStore$FreeListBlock.alloc(Lorg/gradle/cache/internal/btree/Block;)V @ 149
Event: 4117.865 Thread 0x000000007596c800 Uncommon trap: reason=array_check action=maybe_recompile pc=0x00000000072206f4 method=java.util.TimSort.mergeHi(IIII)V @ 657
Event: 4118.064 Thread 0x000000005af35000 Uncommon trap: reason=class_check action=maybe_recompile pc=0x000000000892b1b0 method=com.android.tools.r8.v.a.a.a.f.X.putAll(Ljava/util/Map;)V @ 47
Event: 4118.237 Thread 0x000000005af35000 Uncommon trap: reason=class_check action=maybe_recompile pc=0x000000000892b1b0 method=com.android.tools.r8.v.a.a.a.f.X.putAll(Ljava/util/Map;)V @ 47

Classes redefined (0 events):
No events

Internal exceptions (10 events):
Event: 4117.973 Thread 0x000000007596c800 Exception <a 'sun/nio/fs/WindowsException'> (0x00000000e05e4d80) thrown at [C:\src\AOSP-openjdk-git\hotspot\src\share\vm\prims\jni.cpp, line 710]
Event: 4118.010 Thread 0x000000005af35000 Exception <a 'sun/nio/fs/WindowsException'> (0x00000000e17b6848) thrown at [C:\src\AOSP-openjdk-git\hotspot\src\share\vm\prims\jni.cpp, line 710]
Event: 4118.261 Thread 0x000000005af36800 Exception <a 'sun/nio/fs/WindowsException'> (0x00000000e78c9cc0) thrown at [C:\src\AOSP-openjdk-git\hotspot\src\share\vm\prims\jni.cpp, line 710]
Event: 4118.270 Thread 0x000000007596c800 Exception <a 'sun/nio/fs/WindowsException'> (0x00000000e7ee5f60) thrown at [C:\src\AOSP-openjdk-git\hotspot\src\share\vm\prims\jni.cpp, line 710]
Event: 4118.304 Thread 0x000000007596c800 Exception <a 'sun/nio/fs/WindowsException'> (0x00000000e8be6e20) thrown at [C:\src\AOSP-openjdk-git\hotspot\src\share\vm\prims\jni.cpp, line 710]
Event: 4118.315 Thread 0x000000007596c800 Exception <a 'sun/nio/fs/WindowsException'> (0x00000000e8c4fa18) thrown at [C:\src\AOSP-openjdk-git\hotspot\src\share\vm\prims\jni.cpp, line 710]
Event: 4118.321 Thread 0x000000005af36800 Exception <a 'sun/nio/fs/WindowsException'> (0x00000000e91aa830) thrown at [C:\src\AOSP-openjdk-git\hotspot\src\share\vm\prims\jni.cpp, line 710]
Event: 4118.368 Thread 0x000000007596c800 Exception <a 'sun/nio/fs/WindowsException'> (0x00000000ea6f32f8) thrown at [C:\src\AOSP-openjdk-git\hotspot\src\share\vm\prims\jni.cpp, line 710]
Event: 4118.414 Thread 0x000000007596c800 Exception <a 'sun/nio/fs/WindowsException'> (0x00000000ea78ff18) thrown at [C:\src\AOSP-openjdk-git\hotspot\src\share\vm\prims\jni.cpp, line 710]
Event: 4118.449 Thread 0x000000007596c800 Exception <a 'sun/nio/fs/WindowsException'> (0x00000000ecdfeec0) thrown at [C:\src\AOSP-openjdk-git\hotspot\src\share\vm\prims\jni.cpp, line 710]

Events (10 events):
Event: 4118.298 Thread 0x000000007596c800 DEOPT PACKING pc=0x00000000075df0a9 sp=0x0000000062949a80
Event: 4118.298 Thread 0x000000007596c800 DEOPT UNPACKING pc=0x00000000027375d0 sp=0x0000000062949890 mode 0
Event: 4118.328 Thread 0x000000005af36800 DEOPT PACKING pc=0x0000000007246f81 sp=0x0000000066b2baf0
Event: 4118.328 Thread 0x000000005af36800 DEOPT UNPACKING pc=0x00000000027375d0 sp=0x0000000066b2b868 mode 0
Event: 4118.352 Thread 0x000000007596c800 DEOPT PACKING pc=0x00000000075df03a sp=0x0000000062949c70
Event: 4118.352 Thread 0x000000007596c800 DEOPT UNPACKING pc=0x00000000027375d0 sp=0x0000000062949a80 mode 0
Event: 4118.400 Thread 0x000000005af35000 DEOPT PACKING pc=0x000000000882cee0 sp=0x00000000692ebcb0
Event: 4118.400 Thread 0x000000005af35000 DEOPT UNPACKING pc=0x00000000027375d0 sp=0x00000000692ebce8 mode 0
Event: 4118.406 Thread 0x000000005af35000 DEOPT PACKING pc=0x0000000007493af5 sp=0x00000000692ec180
Event: 4118.406 Thread 0x000000005af35000 DEOPT UNPACKING pc=0x00000000027375d0 sp=0x00000000692ebf50 mode 0


Dynamic libraries:
0x000000013f630000 - 0x000000013f661000 	C:\Program Files\Android\Android Studio\jre\bin\java.exe
0x0000000077c40000 - 0x0000000077ddf000 	C:\Windows\SYSTEM32\ntdll.dll
0x0000000077b20000 - 0x0000000077c3f000 	C:\Windows\system32\kernel32.dll
0x000007fefdcc0000 - 0x000007fefdd2a000 	C:\Windows\system32\KERNELBASE.dll
0x000007feffc30000 - 0x000007feffd0b000 	C:\Windows\system32\ADVAPI32.dll
0x000007feffa00000 - 0x000007feffa9f000 	C:\Windows\system32\msvcrt.dll
0x000007feffd10000 - 0x000007feffd2f000 	C:\Windows\SYSTEM32\sechost.dll
0x000007fefedf0000 - 0x000007fefef1c000 	C:\Windows\system32\RPCRT4.dll
0x0000000077a20000 - 0x0000000077b1a000 	C:\Windows\system32\USER32.dll
0x000007feffec0000 - 0x000007fefff27000 	C:\Windows\system32\GDI32.dll
0x000007feff520000 - 0x000007feff52e000 	C:\Windows\system32\LPK.dll
0x000007feffb60000 - 0x000007feffc2b000 	C:\Windows\system32\USP10.dll
0x000007fefbd30000 - 0x000007fefbf24000 	C:\Windows\WinSxS\amd64_microsoft.windows.common-controls_6595b64144ccf1df_6.0.7601.18837_none_fa3b1e3d17594757\COMCTL32.dll
0x000007feff4a0000 - 0x000007feff511000 	C:\Windows\system32\SHLWAPI.dll
0x000007feff8f0000 - 0x000007feff91e000 	C:\Windows\system32\IMM32.DLL
0x000007feff530000 - 0x000007feff639000 	C:\Windows\system32\MSCTF.dll
0x000000006f8b0000 - 0x000000006f982000 	C:\Program Files\Android\Android Studio\jre\jre\bin\msvcr100.dll
0x000000006d230000 - 0x000000006da7b000 	C:\Program Files\Android\Android Studio\jre\jre\bin\server\jvm.dll
0x000007fef4b00000 - 0x000007fef4b09000 	C:\Windows\system32\WSOCK32.dll
0x000007feff180000 - 0x000007feff1cd000 	C:\Windows\system32\WS2_32.dll
0x000007feff840000 - 0x000007feff848000 	C:\Windows\system32\NSI.dll
0x000007fefc3d0000 - 0x000007fefc40b000 	C:\Windows\system32\WINMM.dll
0x000007fefc860000 - 0x000007fefc86c000 	C:\Windows\system32\VERSION.dll
0x0000000077de0000 - 0x0000000077de7000 	C:\Windows\system32\PSAPI.DLL
0x000007fef7160000 - 0x000007fef716f000 	C:\Program Files\Android\Android Studio\jre\jre\bin\verify.dll
0x000007fef7130000 - 0x000007fef7159000 	C:\Program Files\Android\Android Studio\jre\jre\bin\java.dll
0x000007fef7210000 - 0x000007fef7226000 	C:\Program Files\Android\Android Studio\jre\jre\bin\zip.dll
0x000007fefdda0000 - 0x000007fefeb2a000 	C:\Windows\system32\SHELL32.dll
0x000007feff640000 - 0x000007feff83c000 	C:\Windows\system32\ole32.dll
0x000007fefd9e0000 - 0x000007fefd9ef000 	C:\Windows\system32\profapi.dll
0x000007fef7050000 - 0x000007fef706a000 	C:\Program Files\Android\Android Studio\jre\jre\bin\net.dll
0x000007fefd160000 - 0x000007fefd1b5000 	C:\Windows\system32\mswsock.dll
0x000007fefd150000 - 0x000007fefd157000 	C:\Windows\System32\wship6.dll
0x000007fef7030000 - 0x000007fef7043000 	C:\Program Files\Android\Android Studio\jre\jre\bin\nio.dll
0x000007fef4970000 - 0x000007fef4996000 	C:\Users\VIRAJ\.gradle\native\31\windows-amd64\native-platform.dll
0x000007fef88c0000 - 0x000007fef88c3000 	C:\Windows\system32\api-ms-win-core-synch-l1-2-0.DLL
0x000007fef7020000 - 0x000007fef702d000 	C:\Program Files\Android\Android Studio\jre\jre\bin\management.dll
0x000007fefd1c0000 - 0x000007fefd1d8000 	C:\Windows\system32\CRYPTSP.dll
0x000007fefcec0000 - 0x000007fefcf07000 	C:\Windows\system32\rsaenh.dll
0x000007fefdbe0000 - 0x000007fefdbfe000 	C:\Windows\system32\USERENV.dll
0x000007fefd880000 - 0x000007fefd88f000 	C:\Windows\system32\CRYPTBASE.dll
0x000007fefbb80000 - 0x000007fefbba7000 	C:\Windows\system32\IPHLPAPI.DLL
0x000007fefbb60000 - 0x000007fefbb6b000 	C:\Windows\system32\WINNSI.DLL
0x000007fefb960000 - 0x000007fefb978000 	C:\Windows\system32\dhcpcsvc.DLL
0x000007fefb940000 - 0x000007fefb951000 	C:\Windows\system32\dhcpcsvc6.DLL
0x000007fef71b0000 - 0x000007fef71d4000 	C:\Program Files\Android\Android Studio\jre\jre\bin\sunec.dll
0x000007fefcb10000 - 0x000007fefcb17000 	C:\Windows\System32\wshtcpip.dll
0x000007fefcfe0000 - 0x000007fefd03b000 	C:\Windows\system32\DNSAPI.dll
0x000007fef9020000 - 0x000007fef9028000 	C:\Windows\system32\rasadhlp.dll
0x000007fefb9f0000 - 0x000007fefba43000 	C:\Windows\System32\fwpuclnt.dll
0x000007fef7170000 - 0x000007fef717b000 	C:\Program Files\Android\Android Studio\jre\jre\bin\sunmscapi.dll
0x000007fefda10000 - 0x000007fefdb7d000 	C:\Windows\system32\CRYPT32.dll
0x000007fefd9f0000 - 0x000007fefd9ff000 	C:\Windows\system32\MSASN1.dll
0x000007fefd820000 - 0x000007fefd877000 	C:\Windows\system32\apphelp.dll
0x000007fefb010000 - 0x000007fefb02e000 	C:\Users\VIRAJ\AppData\Local\Temp\native-platform3660998146947187600dir\native-platform.dll
0x000007fef8c90000 - 0x000007fef8cae000 	C:\Users\VIRAJ\AppData\Local\Temp\native-platform4708963541001826801dir\native-platform.dll
0x000007fef44f0000 - 0x000007fef4615000 	C:\Windows\system32\dbghelp.dll

VM Arguments:
jvm_args: -Xmx1536m -Dfile.encoding=windows-1252 -Duser.country=IN -Duser.language=en -Duser.variant 
java_command: org.gradle.launcher.daemon.bootstrap.GradleDaemon 6.1.1
java_class_path (initial): C:\Users\VIRAJ\.gradle\wrapper\dists\gradle-6.1.1-all\cfmwm155h49vnt3hynmlrsdst\gradle-6.1.1\lib\gradle-launcher-6.1.1.jar
Launcher Type: SUN_STANDARD

Environment Variables:
PATH=C:\Windows\system32;C:\Windows;C:\Windows\System32\Wbem;C:\Windows\System32\WindowsPowerShell\v1.0\;C:\adb;C:\Program Files\Git\cmd;C:\Program Files\Dart\dart-sdk\bin;;C:\flutter\examples
USERNAME=VIRAJ
OS=Windows_NT
PROCESSOR_IDENTIFIER=Intel64 Family 6 Model 42 Stepping 7, GenuineIntel



---------------  S Y S T E M  ---------------

OS: Windows 7 , 64 bit Build 7601 (6.1.7601.24384)

CPU:total 4 (initial active 4) (4 cores per cpu, 1 threads per core) family 6 model 42 stepping 7, cmov, cx8, fxsr, mmx, sse, sse2, sse3, ssse3, sse4.1, sse4.2, popcnt, avx, aes, clmul, tsc, tscinvbit

Memory: 4k page, physical 8270828k(1590212k free), swap 16539752k(8683296k free)

vm_info: OpenJDK 64-Bit Server VM (25.242-b01) for windows-amd64 JRE (1.8.0_242-release-1644-b01), built by "builder" with MS VC++ 10.0 (VS2010)

time: Tue Aug 04 09:57:21 2020
timezone: India Standard Time
elapsed time: 4118 seconds (0d 1h 8m 38s)

