#
# There is insufficient memory for the Java Runtime Environment to continue.
# Native memory allocation (mmap) failed to map 40894464 bytes for Failed to commit area from 0x00000000c7300000 to 0x00000000c9a00000 of length 40894464.
# Possible reasons:
#   The system is out of physical RAM or swap space
#   The process is running with CompressedOops enabled, and the Java Heap may be blocking the growth of the native heap
# Possible solutions:
#   Reduce memory load on the system
#   Increase physical memory or swap space
#   Check if swap backing store is full
#   Decrease Java heap size (-Xmx/-Xms)
#   Decrease number of Java threads
#   Decrease Java thread stack sizes (-Xss)
#   Set larger code cache with -XX:ReservedCodeCacheSize=
#   JVM is running with Unscaled Compressed Oops mode in which the Java heap is
#     placed in the first 4GB address space. The Java Heap base address is the
#     maximum limit for the native heap growth. Please use -XX:HeapBaseMinAddress
#     to set the Java Heap base and to place the Java Heap above 4GB virtual address.
# This output file may be truncated or incomplete.
#
#  Out of Memory Error (./src/hotspot/os/windows/os_windows.cpp:3619), pid=5468, tid=6036
#
# JRE version: OpenJDK Runtime Environment (11.0.13) (build 11.0.13+0-b1751.21-8125866)
# Java VM: OpenJDK 64-Bit Server VM (11.0.13+0-b1751.21-8125866, mixed mode, tiered, compressed oops, g1 gc, windows-amd64)
# No core dump will be written. Minidumps are not enabled by default on client versions of Windows
#

---------------  S U M M A R Y ------------

Command Line: org.jetbrains.kotlin.cli.jvm.K2JVMCompiler @D:\sonalika apk\sonalikaM23 09 22\app\build\20221202_1891335035667466019.compiler.options

Host: Intel(R) Core(TM) i7-4770 CPU @ 3.40GHz, 8 cores, 3G,  Windows 10 , 64 bit Build 19041 (10.0.19041.1202)
Time: Fri Dec  2 14:41:34 2022 India Standard Time elapsed time: 5.227452 seconds (0d 0h 0m 5s)

---------------  T H R E A D  ---------------

Current thread (0x000002c8b3cbf800):  VMThread "VM Thread" [stack: 0x000000ddfe100000,0x000000ddfe200000] [id=6036]

Stack: [0x000000ddfe100000,0x000000ddfe200000]
[error occurred during error reporting (printing stack bounds), id 0xc0000005, EXCEPTION_ACCESS_VIOLATION (0xc0000005) at pc=0x000002c89f31112d]

Native frames: (J=compiled Java code, j=interpreted, Vv=VM code, C=native code)
V  [jvm.dll+0x6100fa]
V  [jvm.dll+0x747090]
V  [jvm.dll+0x7486ad]
V  [jvm.dll+0x748ce5]
V  [jvm.dll+0x748c9b]
V  [jvm.dll+0x60f224]
V  [jvm.dll+0x60f9b8]
C  [ntdll.dll+0xa20cf]
C  [ntdll.dll+0x51454]
C  [ntdll.dll+0xa0bfe]
C  0x000002c89f31112d

VM_Operation (0x000000ddfdbfa000): G1CollectForAllocation, mode: safepoint, requested by thread 0x000002c89b7e9800


---------------  P R O C E S S  ---------------

Threads class SMR info:
_java_thread_list=0x000002c8b47e6ad0, length=10, elements={
0x000002c89b7e9800, 0x000002c8b3ce4000, 0x000002c8b3ce7800, 0x000002c8b3d03800,
0x000002c8b3d05800, 0x000002c8b3d07000, 0x000002c8b3d0c000, 0x000002c8b3d54800,
0x000002c8b4691000, 0x000002c8b47f3800
}

Java Threads: ( => current thread )
  0x000002c89b7e9800 JavaThread "main" [_thread_blocked, id=11980, stack(0x000000ddfdb00000,0x000000ddfdc00000)]
  0x000002c8b3ce4000 JavaThread "Reference Handler" daemon [_thread_blocked, id=10068, stack(0x000000ddfe200000,0x000000ddfe300000)]
  0x000002c8b3ce7800 JavaThread "Finalizer" daemon [_thread_blocked, id=3572, stack(0x000000ddfe300000,0x000000ddfe400000)]
  0x000002c8b3d03800 JavaThread "Signal Dispatcher" daemon [_thread_blocked, id=5204, stack(0x000000ddfe400000,0x000000ddfe500000)]
  0x000002c8b3d05800 JavaThread "Attach Listener" daemon [_thread_blocked, id=4820, stack(0x000000ddfe500000,0x000000ddfe600000)]
  0x000002c8b3d07000 JavaThread "Service Thread" daemon [_thread_blocked, id=712, stack(0x000000ddfe600000,0x000000ddfe700000)]
  0x000002c8b3d0c000 JavaThread "C2 CompilerThread0" daemon [_thread_blocked, id=4620, stack(0x000000ddfe700000,0x000000ddfe800000)]
  0x000002c8b3d54800 JavaThread "C1 CompilerThread0" daemon [_thread_blocked, id=7944, stack(0x000000ddfe800000,0x000000ddfe900000)]
  0x000002c8b4691000 JavaThread "Sweeper thread" daemon [_thread_blocked, id=4760, stack(0x000000ddfe900000,0x000000ddfea00000)]
  0x000002c8b47f3800 JavaThread "Common-Cleaner" daemon [_thread_blocked, id=10396, stack(0x000000ddfeb00000,0x000000ddfec00000)]

Other Threads:
=>0x000002c8b3cbf800 VMThread "VM Thread" [stack: 0x000000ddfe100000,0x000000ddfe200000] [id=6036]
  0x000002c8b47e4800 WatcherThread [stack: 0x000000ddfea00000,0x000000ddfeb00000] [id=7364]
  0x000002c89b801800 GCTaskThread "GC Thread#0" [stack: 0x000000ddfdc00000,0x000000ddfdd00000] [id=3116]
  0x000002c8b4bef800 GCTaskThread "GC Thread#1" [stack: 0x000000ddfec00000,0x000000ddfed00000] [id=84]
  0x000002c89b81b800 ConcurrentGCThread "G1 Main Marker" [stack: 0x000000ddfdd00000,0x000000ddfde00000] [id=10420]
  0x000002c89b81d000 ConcurrentGCThread "G1 Conc#0" [stack: 0x000000ddfde00000,0x000000ddfdf00000] [id=828]
  0x000002c8b4f49800 ConcurrentGCThread "G1 Conc#1" [stack: 0x000000ddfed00000,0x000000ddfee00000] [id=2332]
  0x000002c89b887800 ConcurrentGCThread "G1 Refine#0" [stack: 0x000000ddfdf00000,0x000000ddfe000000] [id=3724]
  0x000002c8b9be0000 ConcurrentGCThread "G1 Refine#1" [stack: 0x000000ddfee00000,0x000000ddfef00000] [id=8712]
  0x000002c89b888800 ConcurrentGCThread "G1 Young RemSet Sampling" [stack: 0x000000ddfe000000,0x000000ddfe100000] [id=8444]

Threads with active compile tasks:
C2 CompilerThread0   5247 5946       4       org.jetbrains.kotlin.name.FqNameUnsafe::shortName (56 bytes)
C1 CompilerThread0   5247 5962       2       org.jetbrains.kotlin.load.java.typeEnhancement.SignatureEnhancement$SignatureParts::<init> (89 bytes)

VM state:at safepoint (normal execution)

VM Mutex/Monitor currently owned by a thread:  ([mutex/lock_event])
[0x000002c89b7e4f70] Threads_lock - owner thread: 0x000002c8b3cbf800
[0x000002c89b7e57e0] Heap_lock - owner thread: 0x000002c89b7e9800

Heap address: 0x00000000c1600000, size: 1002 MB, Compressed Oops mode: 32-bit
Narrow klass base: 0x0000000000000000, Narrow klass shift: 3
Compressed class space size: 1073741824 Address: 0x0000000100000000

Heap:
 garbage-first heap   total 135168K, used 54555K [0x00000000c1600000, 0x0000000100000000)
  region size 1024K, 4 young (4096K), 4 survivors (4096K)
 Metaspace       used 52241K, capacity 52814K, committed 52944K, reserved 1095680K
  class space    used 5859K, capacity 6103K, committed 6144K, reserved 1048576K
Heap Regions: E=young(eden), S=young(survivor), O=old, HS=humongous(starts), HC=humongous(continues), CS=collection set, F=free, A=archive, TAMS=top-at-mark-start (previous, next)
|   0|0x00000000c1600000, 0x00000000c1700000, 0x00000000c1700000|100%|HS|  |TAMS 0x00000000c1700000, 0x00000000c1700000| Complete 
|   1|0x00000000c1700000, 0x00000000c1800000, 0x00000000c1800000|100%|HC|  |TAMS 0x00000000c1800000, 0x00000000c1800000| Complete 
|   2|0x00000000c1800000, 0x00000000c1900000, 0x00000000c1900000|100%|HC|  |TAMS 0x00000000c1900000, 0x00000000c1900000| Complete 
|   3|0x00000000c1900000, 0x00000000c1a00000, 0x00000000c1a00000|100%| O|  |TAMS 0x00000000c1a00000, 0x00000000c1a00000| Untracked 
|   4|0x00000000c1a00000, 0x00000000c1b00000, 0x00000000c1b00000|100%| O|  |TAMS 0x00000000c1b00000, 0x00000000c1b00000| Untracked 
|   5|0x00000000c1b00000, 0x00000000c1c00000, 0x00000000c1c00000|100%| O|  |TAMS 0x00000000c1c00000, 0x00000000c1c00000| Untracked 
|   6|0x00000000c1c00000, 0x00000000c1d00000, 0x00000000c1d00000|100%| O|  |TAMS 0x00000000c1d00000, 0x00000000c1d00000| Untracked 
|   7|0x00000000c1d00000, 0x00000000c1e00000, 0x00000000c1e00000|100%| O|  |TAMS 0x00000000c1e00000, 0x00000000c1e00000| Untracked 
|   8|0x00000000c1e00000, 0x00000000c1f00000, 0x00000000c1f00000|100%| O|  |TAMS 0x00000000c1f00000, 0x00000000c1f00000| Untracked 
|   9|0x00000000c1f00000, 0x00000000c2000000, 0x00000000c2000000|100%|HS|  |TAMS 0x00000000c2000000, 0x00000000c2000000| Complete 
|  10|0x00000000c2000000, 0x00000000c2100000, 0x00000000c2100000|100%|HC|  |TAMS 0x00000000c2100000, 0x00000000c2100000| Complete 
|  11|0x00000000c2100000, 0x00000000c2200000, 0x00000000c2200000|100%|HC|  |TAMS 0x00000000c2200000, 0x00000000c2200000| Complete 
|  12|0x00000000c2200000, 0x00000000c2300000, 0x00000000c2300000|100%| O|  |TAMS 0x00000000c2200000, 0x00000000c2300000| Untracked 
|  13|0x00000000c2300000, 0x00000000c2400000, 0x00000000c2400000|100%| O|  |TAMS 0x00000000c2300000, 0x00000000c2400000| Untracked 
|  14|0x00000000c2400000, 0x00000000c2500000, 0x00000000c2500000|100%| O|  |TAMS 0x00000000c2500000, 0x00000000c2500000| Untracked 
|  15|0x00000000c2500000, 0x00000000c2600000, 0x00000000c2600000|100%| O|  |TAMS 0x00000000c2600000, 0x00000000c2600000| Untracked 
|  16|0x00000000c2600000, 0x00000000c2700000, 0x00000000c2700000|100%| O|  |TAMS 0x00000000c2700000, 0x00000000c2700000| Untracked 
|  17|0x00000000c2700000, 0x00000000c2800000, 0x00000000c2800000|100%| O|  |TAMS 0x00000000c2800000, 0x00000000c2800000| Untracked 
|  18|0x00000000c2800000, 0x00000000c2900000, 0x00000000c2900000|100%| O|  |TAMS 0x00000000c2900000, 0x00000000c2900000| Untracked 
|  19|0x00000000c2900000, 0x00000000c2a00000, 0x00000000c2a00000|100%| O|  |TAMS 0x00000000c2a00000, 0x00000000c2a00000| Untracked 
|  20|0x00000000c2a00000, 0x00000000c2b00000, 0x00000000c2b00000|100%| O|  |TAMS 0x00000000c2b00000, 0x00000000c2b00000| Untracked 
|  21|0x00000000c2b00000, 0x00000000c2c00000, 0x00000000c2c00000|100%| O|  |TAMS 0x00000000c2bb6400, 0x00000000c2c00000| Untracked 
|  22|0x00000000c2c00000, 0x00000000c2d00000, 0x00000000c2d00000|100%| O|  |TAMS 0x00000000c2c00000, 0x00000000c2d00000| Untracked 
|  23|0x00000000c2d00000, 0x00000000c2e00000, 0x00000000c2e00000|100%| O|  |TAMS 0x00000000c2d00000, 0x00000000c2e00000| Untracked 
|  24|0x00000000c2e00000, 0x00000000c2f00000, 0x00000000c2f00000|100%|HS|  |TAMS 0x00000000c2e00000, 0x00000000c2f00000| Complete 
|  25|0x00000000c2f00000, 0x00000000c3000000, 0x00000000c3000000|100%|HC|  |TAMS 0x00000000c2f00000, 0x00000000c3000000| Complete 
|  26|0x00000000c3000000, 0x00000000c3100000, 0x00000000c3100000|100%| O|  |TAMS 0x00000000c3000000, 0x00000000c3100000| Untracked 
|  27|0x00000000c3100000, 0x00000000c3200000, 0x00000000c3200000|100%| O|  |TAMS 0x00000000c3100000, 0x00000000c3200000| Untracked 
|  28|0x00000000c3200000, 0x00000000c3300000, 0x00000000c3300000|100%| O|  |TAMS 0x00000000c3200000, 0x00000000c3300000| Untracked 
|  29|0x00000000c3300000, 0x00000000c3400000, 0x00000000c3400000|100%| O|  |TAMS 0x00000000c3300000, 0x00000000c3400000| Untracked 
|  30|0x00000000c3400000, 0x00000000c3500000, 0x00000000c3500000|100%| O|  |TAMS 0x00000000c3400000, 0x00000000c3500000| Untracked 
|  31|0x00000000c3500000, 0x00000000c3600000, 0x00000000c3600000|100%| O|  |TAMS 0x00000000c3500000, 0x00000000c3600000| Untracked 
|  32|0x00000000c3600000, 0x00000000c3700000, 0x00000000c3700000|100%| O|  |TAMS 0x00000000c3600000, 0x00000000c3700000| Untracked 
|  33|0x00000000c3700000, 0x00000000c3800000, 0x00000000c3800000|100%|HS|  |TAMS 0x00000000c3700000, 0x00000000c3800000| Complete 
|  34|0x00000000c3800000, 0x00000000c3900000, 0x00000000c3900000|100%|HC|  |TAMS 0x00000000c3800000, 0x00000000c3900000| Complete 
|  35|0x00000000c3900000, 0x00000000c3a00000, 0x00000000c3a00000|100%| O|  |TAMS 0x00000000c3900000, 0x00000000c3a00000| Untracked 
|  36|0x00000000c3a00000, 0x00000000c3b00000, 0x00000000c3b00000|100%| O|  |TAMS 0x00000000c3a00000, 0x00000000c3b00000| Untracked 
|  37|0x00000000c3b00000, 0x00000000c3c00000, 0x00000000c3c00000|100%| O|  |TAMS 0x00000000c3b00000, 0x00000000c3c00000| Untracked 
|  38|0x00000000c3c00000, 0x00000000c3d00000, 0x00000000c3d00000|100%| O|  |TAMS 0x00000000c3c00000, 0x00000000c3d00000| Untracked 
|  39|0x00000000c3d00000, 0x00000000c3e00000, 0x00000000c3e00000|100%| O|  |TAMS 0x00000000c3d00000, 0x00000000c3e00000| Untracked 
|  40|0x00000000c3e00000, 0x00000000c3f00000, 0x00000000c3f00000|100%| O|  |TAMS 0x00000000c3e00000, 0x00000000c3f00000| Untracked 
|  41|0x00000000c3f00000, 0x00000000c4000000, 0x00000000c4000000|100%| O|  |TAMS 0x00000000c3f00000, 0x00000000c4000000| Untracked 
|  42|0x00000000c4000000, 0x00000000c4100000, 0x00000000c4100000|100%| O|  |TAMS 0x00000000c4000000, 0x00000000c4100000| Untracked 
|  43|0x00000000c4100000, 0x00000000c4200000, 0x00000000c4200000|100%| O|  |TAMS 0x00000000c4100000, 0x00000000c4200000| Untracked 
|  44|0x00000000c4200000, 0x00000000c4300000, 0x00000000c4300000|100%| O|  |TAMS 0x00000000c4200000, 0x00000000c4300000| Untracked 
|  45|0x00000000c4300000, 0x00000000c4400000, 0x00000000c4400000|100%| O|  |TAMS 0x00000000c4300000, 0x00000000c4400000| Untracked 
|  46|0x00000000c4400000, 0x00000000c4500000, 0x00000000c4500000|100%| O|  |TAMS 0x00000000c4400000, 0x00000000c4500000| Untracked 
|  47|0x00000000c4500000, 0x00000000c4600000, 0x00000000c4600000|100%| O|  |TAMS 0x00000000c4500000, 0x00000000c4600000| Untracked 
|  48|0x00000000c4600000, 0x00000000c4700000, 0x00000000c4700000|100%| O|  |TAMS 0x00000000c4600000, 0x00000000c4700000| Untracked 
|  49|0x00000000c4700000, 0x00000000c4780000, 0x00000000c4800000| 50%| O|  |TAMS 0x00000000c4700000, 0x00000000c4780000| Untracked 
|  50|0x00000000c4800000, 0x00000000c4800000, 0x00000000c4900000|  0%| F|  |TAMS 0x00000000c4800000, 0x00000000c4800000| Untracked 
|  51|0x00000000c4900000, 0x00000000c4900000, 0x00000000c4a00000|  0%| F|  |TAMS 0x00000000c4900000, 0x00000000c4900000| Untracked 
|  52|0x00000000c4a00000, 0x00000000c4a00000, 0x00000000c4b00000|  0%| F|  |TAMS 0x00000000c4a00000, 0x00000000c4a00000| Untracked 
|  53|0x00000000c4b00000, 0x00000000c4b00000, 0x00000000c4c00000|  0%| F|  |TAMS 0x00000000c4b00000, 0x00000000c4b00000| Untracked 
|  54|0x00000000c4c00000, 0x00000000c4c00000, 0x00000000c4d00000|  0%| F|  |TAMS 0x00000000c4c00000, 0x00000000c4c00000| Untracked 
|  55|0x00000000c4d00000, 0x00000000c4d00000, 0x00000000c4e00000|  0%| F|  |TAMS 0x00000000c4d00000, 0x00000000c4d00000| Untracked 
|  56|0x00000000c4e00000, 0x00000000c4e00000, 0x00000000c4f00000|  0%| F|  |TAMS 0x00000000c4e00000, 0x00000000c4e00000| Untracked 
|  57|0x00000000c4f00000, 0x00000000c4f00000, 0x00000000c5000000|  0%| F|  |TAMS 0x00000000c4f00000, 0x00000000c4f00000| Untracked 
|  58|0x00000000c5000000, 0x00000000c5000000, 0x00000000c5100000|  0%| F|  |TAMS 0x00000000c5000000, 0x00000000c5000000| Untracked 
|  59|0x00000000c5100000, 0x00000000c5100000, 0x00000000c5200000|  0%| F|  |TAMS 0x00000000c5100000, 0x00000000c5100000| Untracked 
|  60|0x00000000c5200000, 0x00000000c5200000, 0x00000000c5300000|  0%| F|  |TAMS 0x00000000c5200000, 0x00000000c5200000| Untracked 
|  61|0x00000000c5300000, 0x00000000c5300000, 0x00000000c5400000|  0%| F|  |TAMS 0x00000000c5300000, 0x00000000c5300000| Untracked 
|  62|0x00000000c5400000, 0x00000000c5400000, 0x00000000c5500000|  0%| F|  |TAMS 0x00000000c5400000, 0x00000000c5400000| Untracked 
|  63|0x00000000c5500000, 0x00000000c5500000, 0x00000000c5600000|  0%| F|  |TAMS 0x00000000c5500000, 0x00000000c5500000| Untracked 
|  64|0x00000000c5600000, 0x00000000c56c6f00, 0x00000000c5700000| 77%| S|CS|TAMS 0x00000000c5600000, 0x00000000c5600000| Complete 
|  65|0x00000000c5700000, 0x00000000c5700000, 0x00000000c5800000|  0%| F|  |TAMS 0x00000000c5700000, 0x00000000c5700000| Untracked 
|  66|0x00000000c5800000, 0x00000000c5800000, 0x00000000c5900000|  0%| F|  |TAMS 0x00000000c5800000, 0x00000000c5800000| Untracked 
|  67|0x00000000c5900000, 0x00000000c5900000, 0x00000000c5a00000|  0%| F|  |TAMS 0x00000000c5900000, 0x00000000c5900000| Untracked 
|  68|0x00000000c5a00000, 0x00000000c5a00000, 0x00000000c5b00000|  0%| F|  |TAMS 0x00000000c5a00000, 0x00000000c5a00000| Untracked 
|  69|0x00000000c5b00000, 0x00000000c5c00000, 0x00000000c5c00000|100%| S|CS|TAMS 0x00000000c5b00000, 0x00000000c5b00000| Complete 
|  70|0x00000000c5c00000, 0x00000000c5d00000, 0x00000000c5d00000|100%| S|CS|TAMS 0x00000000c5c00000, 0x00000000c5c00000| Complete 
|  71|0x00000000c5d00000, 0x00000000c5e00000, 0x00000000c5e00000|100%| S|CS|TAMS 0x00000000c5d00000, 0x00000000c5d00000| Complete 
|  72|0x00000000c5e00000, 0x00000000c5e00000, 0x00000000c5f00000|  0%| F|  |TAMS 0x00000000c5e00000, 0x00000000c5e00000| Untracked 
|  73|0x00000000c5f00000, 0x00000000c5f00000, 0x00000000c6000000|  0%| F|  |TAMS 0x00000000c5f00000, 0x00000000c5f00000| Untracked 
|  74|0x00000000c6000000, 0x00000000c6000000, 0x00000000c6100000|  0%| F|  |TAMS 0x00000000c6000000, 0x00000000c6000000| Untracked 
|  75|0x00000000c6100000, 0x00000000c6100000, 0x00000000c6200000|  0%| F|  |TAMS 0x00000000c6100000, 0x00000000c6100000| Untracked 
|  76|0x00000000c6200000, 0x00000000c6200000, 0x00000000c6300000|  0%| F|  |TAMS 0x00000000c6200000, 0x00000000c6200000| Untracked 
|  77|0x00000000c6300000, 0x00000000c6300000, 0x00000000c6400000|  0%| F|  |TAMS 0x00000000c6300000, 0x00000000c6300000| Untracked 
|  78|0x00000000c6400000, 0x00000000c6400000, 0x00000000c6500000|  0%| F|  |TAMS 0x00000000c6400000, 0x00000000c6400000| Untracked 
|  79|0x00000000c6500000, 0x00000000c6500000, 0x00000000c6600000|  0%| F|  |TAMS 0x00000000c6500000, 0x00000000c6500000| Untracked 
|  80|0x00000000c6600000, 0x00000000c6600000, 0x00000000c6700000|  0%| F|  |TAMS 0x00000000c6600000, 0x00000000c6600000| Untracked 
|  81|0x00000000c6700000, 0x00000000c6700000, 0x00000000c6800000|  0%| F|  |TAMS 0x00000000c6700000, 0x00000000c6700000| Untracked 
|  82|0x00000000c6800000, 0x00000000c6800000, 0x00000000c6900000|  0%| F|  |TAMS 0x00000000c6800000, 0x00000000c6800000| Untracked 
|  83|0x00000000c6900000, 0x00000000c6900000, 0x00000000c6a00000|  0%| F|  |TAMS 0x00000000c6900000, 0x00000000c6900000| Untracked 
|  84|0x00000000c6a00000, 0x00000000c6a00000, 0x00000000c6b00000|  0%| F|  |TAMS 0x00000000c6a00000, 0x00000000c6a00000| Untracked 
|  85|0x00000000c6b00000, 0x00000000c6b00000, 0x00000000c6c00000|  0%| F|  |TAMS 0x00000000c6b00000, 0x00000000c6b00000| Untracked 
|  86|0x00000000c6c00000, 0x00000000c6c00000, 0x00000000c6d00000|  0%| F|  |TAMS 0x00000000c6c00000, 0x00000000c6c00000| Untracked 
|  87|0x00000000c6d00000, 0x00000000c6d00000, 0x00000000c6e00000|  0%| F|  |TAMS 0x00000000c6d00000, 0x00000000c6d00000| Untracked 
|  88|0x00000000c6e00000, 0x00000000c6e00000, 0x00000000c6f00000|  0%| F|  |TAMS 0x00000000c6e00000, 0x00000000c6e00000| Untracked 
|  89|0x00000000c6f00000, 0x00000000c6f00000, 0x00000000c7000000|  0%| F|  |TAMS 0x00000000c6f00000, 0x00000000c6f00000| Untracked 
|  90|0x00000000c7000000, 0x00000000c7000000, 0x00000000c7100000|  0%| F|  |TAMS 0x00000000c7000000, 0x00000000c7000000| Untracked 
|  91|0x00000000c7100000, 0x00000000c7100000, 0x00000000c7200000|  0%| F|  |TAMS 0x00000000c7100000, 0x00000000c7100000| Untracked 
|  92|0x00000000c7200000, 0x00000000c7200000, 0x00000000c7300000|  0%| F|  |TAMS 0x00000000c7200000, 0x00000000c7200000| Untracked 

Card table byte_map: [0x000002c8aef80000,0x000002c8af180000] _byte_map_base: 0x000002c8ae975000

Marking Bits (Prev, Next): (CMBitMap*) 0x000002c89b816cf8, (CMBitMap*) 0x000002c89b816d30
 Prev Bits: [0x000002c8af380000, 0x000002c8b0328000)
 Next Bits: [0x000002c8b0330000, 0x000002c8b12d8000)

Polling page: 0x000002c899f30000

Metaspace:

Usage:
  Non-class:     45.62 MB capacity,    45.29 MB (>99%) used,   250.86 KB ( <1%) free+waste,    78.31 KB ( <1%) overhead. 
      Class:      5.96 MB capacity,     5.72 MB ( 96%) used,   210.48 KB (  3%) free+waste,    32.94 KB ( <1%) overhead. 
       Both:     51.58 MB capacity,    51.02 MB ( 99%) used,   461.34 KB ( <1%) free+waste,   111.25 KB ( <1%) overhead. 

Virtual space:
  Non-class space:       46.00 MB reserved,      45.70 MB (>99%) committed 
      Class space:        1.00 GB reserved,       6.00 MB ( <1%) committed 
             Both:        1.04 GB reserved,      51.70 MB (  5%) committed 

Chunk freelists:
   Non-Class:  25.00 KB
       Class:  9.00 KB
        Both:  34.00 KB

MaxMetaspaceSize: 17179869184.00 GB
CompressedClassSpaceSize: 1.00 GB
Initial GC threshold: 20.80 MB
Current GC threshold: 59.09 MB
CDS: off

CodeHeap 'non-profiled nmethods': size=120000Kb used=2223Kb max_used=2223Kb free=117776Kb
 bounds [0x000002c8a6de0000, 0x000002c8a7050000, 0x000002c8ae310000]
CodeHeap 'profiled nmethods': size=120000Kb used=12877Kb max_used=12877Kb free=107122Kb
 bounds [0x000002c89f8b0000, 0x000002c8a0550000, 0x000002c8a6de0000]
CodeHeap 'non-nmethods': size=5760Kb used=1276Kb max_used=1306Kb free=4483Kb
 bounds [0x000002c89f310000, 0x000002c89f580000, 0x000002c89f8b0000]
 total_blobs=6420 nmethods=5858 adapters=474
 compilation: enabled
              stopped_count=0, restarted_count=0
 full_count=0

Compilation events (20 events):
Event: 5.191 Thread 0x000002c8b3d54800 nmethod 5954 0x000002c8a0536e90 code [0x000002c8a0537040, 0x000002c8a0537168]
Event: 5.191 Thread 0x000002c8b3d54800 5940       3       org.jetbrains.kotlin.load.kotlin.TypeMappingConfigurationImpl::getPredefinedTypeForClass (8 bytes)
Event: 5.191 Thread 0x000002c8b3d0c000 nmethod 5933 0x000002c8a700b190 code [0x000002c8a700b340, 0x000002c8a700ba78]
Event: 5.191 Thread 0x000002c8b3d0c000 5946       4       org.jetbrains.kotlin.name.FqNameUnsafe::shortName (56 bytes)
Event: 5.191 Thread 0x000002c8b3d54800 nmethod 5940 0x000002c8a0537210 code [0x000002c8a0537440, 0x000002c8a05379b8]
Event: 5.191 Thread 0x000002c8b3d54800 5955       2       org.jetbrains.kotlin.load.java.structure.JavaElementsKt::getClassId (72 bytes)
Event: 5.192 Thread 0x000002c8b3d54800 nmethod 5955 0x000002c8a0537c10 code [0x000002c8a0537f20, 0x000002c8a05388f8]
Event: 5.192 Thread 0x000002c8b3d54800 5947       2       org.jetbrains.kotlin.builtins.jvm.JavaToKotlinClassMapper::isReadOnly (29 bytes)
Event: 5.192 Thread 0x000002c8b3d54800 nmethod 5947 0x000002c8a0538f10 code [0x000002c8a05391c0, 0x000002c8a0539908]
Event: 5.192 Thread 0x000002c8b3d54800 5948       2       org.jetbrains.kotlin.builtins.jvm.JavaToKotlinClassMapper::isMutable (29 bytes)
Event: 5.193 Thread 0x000002c8b3d54800 nmethod 5948 0x000002c8a0539d90 code [0x000002c8a053a040, 0x000002c8a053a788]
Event: 5.193 Thread 0x000002c8b3d54800 5957       2       org.jetbrains.kotlin.load.java.typeEnhancement.SignatureEnhancement$SignatureParts::extractQualifiersFromAnnotations (593 bytes)
Event: 5.195 Thread 0x000002c8b3d54800 nmethod 5957 0x000002c8a053ac10 code [0x000002c8a053b000, 0x000002c8a053c3a8]
Event: 5.195 Thread 0x000002c8b3d54800 5958       2       org.jetbrains.kotlin.load.java.typeEnhancement.SignatureEnhancement$SignatureParts::computeIndexedQualifiersForOverride (603 bytes)
Event: 5.196 Thread 0x000002c8b3d54800 nmethod 5958 0x000002c8a053d090 code [0x000002c8a053d500, 0x000002c8a053ed48]
Event: 5.196 Thread 0x000002c8b3d54800 5961       2       org.jetbrains.kotlin.types.checker.ClassicTypeSystemContext$DefaultImpls::upperBound (89 bytes)
Event: 5.197 Thread 0x000002c8b3d54800 nmethod 5961 0x000002c8a0540090 code [0x000002c8a0540380, 0x000002c8a0540c18]
Event: 5.197 Thread 0x000002c8b3d54800 5951       2       org.jetbrains.kotlin.load.java.typeEnhancement.SignatureEnhancement$SignatureParts::extractQualifiers (169 bytes)
Event: 5.199 Thread 0x000002c8b3d54800 nmethod 5951 0x000002c8a0541210 code [0x000002c8a0541660, 0x000002c8a05429d8]
Event: 5.199 Thread 0x000002c8b3d54800 5962       2       org.jetbrains.kotlin.load.java.typeEnhancement.SignatureEnhancement$SignatureParts::<init> (89 bytes)

GC Heap History (20 events):
Event: 1.190 GC heap after
{Heap after GC invocations=3 (full 0):
 garbage-first heap   total 65536K, used 9786K [0x00000000c1600000, 0x0000000100000000)
  region size 1024K, 1 young (1024K), 1 survivors (1024K)
 Metaspace       used 20972K, capacity 21222K, committed 21248K, reserved 1069056K
  class space    used 2210K, capacity 2293K, committed 2304K, reserved 1048576K
}
Event: 1.755 GC heap before
{Heap before GC invocations=4 (full 0):
 garbage-first heap   total 65536K, used 41530K [0x00000000c1600000, 0x0000000100000000)
  region size 1024K, 29 young (29696K), 1 survivors (1024K)
 Metaspace       used 30112K, capacity 30646K, committed 30972K, reserved 1077248K
  class space    used 3548K, capacity 3747K, committed 3840K, reserved 1048576K
}
Event: 1.760 GC heap after
{Heap after GC invocations=5 (full 0):
 garbage-first heap   total 65536K, used 14460K [0x00000000c1600000, 0x0000000100000000)
  region size 1024K, 3 young (3072K), 3 survivors (3072K)
 Metaspace       used 30112K, capacity 30646K, committed 30972K, reserved 1077248K
  class space    used 3548K, capacity 3747K, committed 3840K, reserved 1048576K
}
Event: 2.281 GC heap before
{Heap before GC invocations=5 (full 0):
 garbage-first heap   total 65536K, used 44156K [0x00000000c1600000, 0x0000000100000000)
  region size 1024K, 31 young (31744K), 3 survivors (3072K)
 Metaspace       used 33542K, capacity 34092K, committed 34428K, reserved 1079296K
  class space    used 4141K, capacity 4360K, committed 4480K, reserved 1048576K
}
Event: 2.295 GC heap after
{Heap after GC invocations=6 (full 0):
 garbage-first heap   total 78848K, used 21945K [0x00000000c1600000, 0x0000000100000000)
  region size 1024K, 4 young (4096K), 4 survivors (4096K)
 Metaspace       used 33542K, capacity 34092K, committed 34428K, reserved 1079296K
  class space    used 4141K, capacity 4360K, committed 4480K, reserved 1048576K
}
Event: 2.462 GC heap before
{Heap before GC invocations=6 (full 0):
 garbage-first heap   total 78848K, used 29113K [0x00000000c1600000, 0x0000000100000000)
  region size 1024K, 12 young (12288K), 4 survivors (4096K)
 Metaspace       used 35363K, capacity 35895K, committed 36048K, reserved 1081344K
  class space    used 4335K, capacity 4556K, committed 4608K, reserved 1048576K
}
Event: 2.469 GC heap after
{Heap after GC invocations=7 (full 0):
 garbage-first heap   total 78848K, used 23239K [0x00000000c1600000, 0x0000000100000000)
  region size 1024K, 1 young (1024K), 1 survivors (1024K)
 Metaspace       used 35363K, capacity 35895K, committed 36048K, reserved 1081344K
  class space    used 4335K, capacity 4556K, committed 4608K, reserved 1048576K
}
Event: 2.789 GC heap before
{Heap before GC invocations=8 (full 0):
 garbage-first heap   total 78848K, used 44743K [0x00000000c1600000, 0x0000000100000000)
  region size 1024K, 23 young (23552K), 1 survivors (1024K)
 Metaspace       used 39205K, capacity 39667K, committed 40016K, reserved 1085440K
  class space    used 4703K, capacity 4914K, committed 4992K, reserved 1048576K
}
Event: 2.794 GC heap after
{Heap after GC invocations=9 (full 0):
 garbage-first heap   total 78848K, used 23920K [0x00000000c1600000, 0x0000000100000000)
  region size 1024K, 3 young (3072K), 3 survivors (3072K)
 Metaspace       used 39205K, capacity 39667K, committed 40016K, reserved 1085440K
  class space    used 4703K, capacity 4914K, committed 4992K, reserved 1048576K
}
Event: 3.406 GC heap before
{Heap before GC invocations=9 (full 0):
 garbage-first heap   total 78848K, used 46448K [0x00000000c1600000, 0x0000000100000000)
  region size 1024K, 26 young (26624K), 3 survivors (3072K)
 Metaspace       used 44057K, capacity 44542K, committed 44752K, reserved 1089536K
  class space    used 5161K, capacity 5342K, committed 5376K, reserved 1048576K
}
Event: 3.414 GC heap after
{Heap after GC invocations=10 (full 0):
 garbage-first heap   total 78848K, used 27426K [0x00000000c1600000, 0x0000000100000000)
  region size 1024K, 4 young (4096K), 4 survivors (4096K)
 Metaspace       used 44057K, capacity 44542K, committed 44752K, reserved 1089536K
  class space    used 5161K, capacity 5342K, committed 5376K, reserved 1048576K
}
Event: 3.804 GC heap before
{Heap before GC invocations=10 (full 0):
 garbage-first heap   total 78848K, used 54050K [0x00000000c1600000, 0x0000000100000000)
  region size 1024K, 27 young (27648K), 4 survivors (4096K)
 Metaspace       used 47494K, capacity 48092K, committed 48208K, reserved 1091584K
  class space    used 5542K, capacity 5755K, committed 5760K, reserved 1048576K
}
Event: 3.815 GC heap after
{Heap after GC invocations=11 (full 0):
 garbage-first heap   total 95232K, used 33498K [0x00000000c1600000, 0x0000000100000000)
  region size 1024K, 4 young (4096K), 4 survivors (4096K)
 Metaspace       used 47494K, capacity 48092K, committed 48208K, reserved 1091584K
  class space    used 5542K, capacity 5755K, committed 5760K, reserved 1048576K
}
Event: 4.017 GC heap before
{Heap before GC invocations=11 (full 0):
 garbage-first heap   total 95232K, used 62170K [0x00000000c1600000, 0x0000000100000000)
  region size 1024K, 32 young (32768K), 4 survivors (4096K)
 Metaspace       used 48961K, capacity 49559K, committed 49744K, reserved 1093632K
  class space    used 5677K, capacity 5899K, committed 6016K, reserved 1048576K
}
Event: 4.025 GC heap after
{Heap after GC invocations=12 (full 0):
 garbage-first heap   total 95232K, used 35711K [0x00000000c1600000, 0x0000000100000000)
  region size 1024K, 2 young (2048K), 2 survivors (2048K)
 Metaspace       used 48961K, capacity 49559K, committed 49744K, reserved 1093632K
  class space    used 5677K, capacity 5899K, committed 6016K, reserved 1048576K
}
Event: 4.547 GC heap before
{Heap before GC invocations=12 (full 0):
 garbage-first heap   total 95232K, used 66431K [0x00000000c1600000, 0x0000000100000000)
  region size 1024K, 30 young (30720K), 2 survivors (2048K)
 Metaspace       used 50039K, capacity 50663K, committed 51024K, reserved 1093632K
  class space    used 5686K, capacity 5901K, committed 6016K, reserved 1048576K
}
Event: 4.564 GC heap after
{Heap after GC invocations=13 (full 0):
 garbage-first heap   total 95232K, used 43389K [0x00000000c1600000, 0x0000000100000000)
  region size 1024K, 4 young (4096K), 4 survivors (4096K)
 Metaspace       used 50039K, capacity 50663K, committed 51024K, reserved 1093632K
  class space    used 5686K, capacity 5901K, committed 6016K, reserved 1048576K
}
Event: 4.842 GC heap before
{Heap before GC invocations=13 (full 0):
 garbage-first heap   total 95232K, used 67965K [0x00000000c1600000, 0x0000000100000000)
  region size 1024K, 28 young (28672K), 4 survivors (4096K)
 Metaspace       used 50387K, capacity 50937K, committed 51280K, reserved 1095680K
  class space    used 5707K, capacity 5903K, committed 6016K, reserved 1048576K
}
Event: 4.876 GC heap after
{Heap after GC invocations=14 (full 0):
 garbage-first heap   total 95232K, used 49921K [0x00000000c1600000, 0x0000000100000000)
  region size 1024K, 4 young (4096K), 4 survivors (4096K)
 Metaspace       used 50387K, capacity 50937K, committed 51280K, reserved 1095680K
  class space    used 5707K, capacity 5903K, committed 6016K, reserved 1048576K
}
Event: 5.200 GC heap before
{Heap before GC invocations=14 (full 0):
 garbage-first heap   total 95232K, used 71425K [0x00000000c1600000, 0x0000000100000000)
  region size 1024K, 25 young (25600K), 4 survivors (4096K)
 Metaspace       used 52241K, capacity 52814K, committed 52944K, reserved 1095680K
  class space    used 5859K, capacity 6103K, committed 6144K, reserved 1048576K
}

Deoptimization events (20 events):
Event: 4.832 Thread 0x000002c89b7e9800 Uncommon trap: trap_request=0xffffffde fr.pc=0x000002c8a6f788e0 relative=0x0000000000000420
Event: 4.832 Thread 0x000002c89b7e9800 Uncommon trap: reason=class_check action=maybe_recompile pc=0x000002c8a6f788e0 method=org.jetbrains.kotlin.parsing.KotlinParserDefinition.createElement(Lorg/jetbrains/kotlin/com/intellij/lang/ASTNode;)Lorg/jetbrains/kotlin/com/intellij/psi/PsiElement; @ 1
Event: 4.832 Thread 0x000002c89b7e9800 DEOPT PACKING pc=0x000002c8a6f788e0 sp=0x000000ddfdbfd700
Event: 4.832 Thread 0x000002c89b7e9800 DEOPT UNPACKING pc=0x000002c89f35a1af sp=0x000000ddfdbfd5e0 mode 2
Event: 4.832 Thread 0x000002c89b7e9800 Uncommon trap: trap_request=0xffffffde fr.pc=0x000002c8a6f788e0 relative=0x0000000000000420
Event: 4.832 Thread 0x000002c89b7e9800 Uncommon trap: reason=class_check action=maybe_recompile pc=0x000002c8a6f788e0 method=org.jetbrains.kotlin.parsing.KotlinParserDefinition.createElement(Lorg/jetbrains/kotlin/com/intellij/lang/ASTNode;)Lorg/jetbrains/kotlin/com/intellij/psi/PsiElement; @ 1
Event: 4.832 Thread 0x000002c89b7e9800 DEOPT PACKING pc=0x000002c8a6f788e0 sp=0x000000ddfdbfd3f0
Event: 4.832 Thread 0x000002c89b7e9800 DEOPT UNPACKING pc=0x000002c89f35a1af sp=0x000000ddfdbfd2d0 mode 2
Event: 4.953 Thread 0x000002c89b7e9800 Uncommon trap: trap_request=0xfffffff4 fr.pc=0x000002c8a6f96534 relative=0x0000000000000594
Event: 4.953 Thread 0x000002c89b7e9800 Uncommon trap: reason=null_check action=make_not_entrant pc=0x000002c8a6f96534 method=org.jetbrains.kotlin.psi.KtClassOrObject.getPrimaryConstructor()Lorg/jetbrains/kotlin/psi/KtPrimaryConstructor; @ 10 c2
Event: 4.953 Thread 0x000002c89b7e9800 DEOPT PACKING pc=0x000002c8a6f96534 sp=0x000000ddfdbfdd50
Event: 4.953 Thread 0x000002c89b7e9800 DEOPT UNPACKING pc=0x000002c89f35a1af sp=0x000000ddfdbfdac8 mode 2
Event: 4.954 Thread 0x000002c89b7e9800 Uncommon trap: trap_request=0xfffffff4 fr.pc=0x000002c8a6f76978 relative=0x00000000000004d8
Event: 4.954 Thread 0x000002c89b7e9800 Uncommon trap: reason=null_check action=make_not_entrant pc=0x000002c8a6f76978 method=org.jetbrains.kotlin.storage.LockBasedStorageManager$LockBasedLazyValue.invoke()Ljava/lang/Object; @ 6 c2
Event: 4.954 Thread 0x000002c89b7e9800 DEOPT PACKING pc=0x000002c8a6f76978 sp=0x000000ddfdbfe4d0
Event: 4.954 Thread 0x000002c89b7e9800 DEOPT UNPACKING pc=0x000002c89f35a1af sp=0x000000ddfdbfe480 mode 2
Event: 4.981 Thread 0x000002c89b7e9800 DEOPT PACKING pc=0x000002c89ff28bff sp=0x000000ddfdbf9420
Event: 4.981 Thread 0x000002c89b7e9800 DEOPT UNPACKING pc=0x000002c89f35a95e sp=0x000000ddfdbf8870 mode 0
Event: 5.106 Thread 0x000002c89b7e9800 DEOPT PACKING pc=0x000002c89ff28bff sp=0x000000ddfdbf9570
Event: 5.106 Thread 0x000002c89b7e9800 DEOPT UNPACKING pc=0x000002c89f35a95e sp=0x000000ddfdbf89c0 mode 0

Classes redefined (0 events):
No events

Internal exceptions (20 events):
Event: 1.447 Thread 0x000002c89b7e9800 Exception <a 'java/lang/NoSuchMethodError'{0x00000000c47a8138}: 'java.lang.Object java.lang.invoke.DirectMethodHandle$Holder.invokeStatic(java.lang.Object, java.lang.Object, java.lang.Object, java.lang.Object, int)'> (0x00000000c47a8138) thrown at [./src/hotspot/share/interpreter/linkResolver.cpp, line 773]
Event: 1.487 Thread 0x000002c89b7e9800 Exception <a 'sun/nio/fs/WindowsException'{0x00000000c46ea4c8}> (0x00000000c46ea4c8) thrown at [./src/hotspot/share/prims/jni.cpp, line 616]
Event: 1.487 Thread 0x000002c89b7e9800 Exception <a 'sun/nio/fs/WindowsException'{0x00000000c46ead70}> (0x00000000c46ead70) thrown at [./src/hotspot/share/prims/jni.cpp, line 616]
Event: 1.487 Thread 0x000002c89b7e9800 Exception <a 'sun/nio/fs/WindowsException'{0x00000000c46eb638}> (0x00000000c46eb638) thrown at [./src/hotspot/share/prims/jni.cpp, line 616]
Event: 1.487 Thread 0x000002c89b7e9800 Exception <a 'sun/nio/fs/WindowsException'{0x00000000c46ec070}> (0x00000000c46ec070) thrown at [./src/hotspot/share/prims/jni.cpp, line 616]
Event: 1.487 Thread 0x000002c89b7e9800 Exception <a 'sun/nio/fs/WindowsException'{0x00000000c46ec9b8}> (0x00000000c46ec9b8) thrown at [./src/hotspot/share/prims/jni.cpp, line 616]
Event: 1.487 Thread 0x000002c89b7e9800 Exception <a 'sun/nio/fs/WindowsException'{0x00000000c46ed330}> (0x00000000c46ed330) thrown at [./src/hotspot/share/prims/jni.cpp, line 616]
Event: 1.488 Thread 0x000002c89b7e9800 Exception <a 'java/lang/NoSuchMethodError'{0x00000000c46f3e00}: 'void java.lang.invoke.DirectMethodHandle$Holder.invokeStatic(java.lang.Object, java.lang.Object, java.lang.Object, java.lang.Object)'> (0x00000000c46f3e00) thrown at [./src/hotspot/share/interpreter/linkResolver.cpp, line 773]
Event: 1.552 Thread 0x000002c89b7e9800 Exception <a 'java/lang/NoSuchMethodError'{0x00000000c42da380}: 'void java.lang.invoke.DirectMethodHandle$Holder.invokeStaticInit(java.lang.Object, java.lang.Object)'> (0x00000000c42da380) thrown at [./src/hotspot/share/interpreter/linkResolver.cpp, line 773]
Event: 1.657 Thread 0x000002c89b7e9800 Exception <a 'java/lang/NoSuchMethodError'{0x00000000c3df7a20}: 'void java.lang.invoke.DirectMethodHandle$Holder.invokeVirtual(java.lang.Object, java.lang.Object)'> (0x00000000c3df7a20) thrown at [./src/hotspot/share/interpreter/linkResolver.cpp, line 773]
Event: 1.665 Thread 0x000002c89b7e9800 Exception <a 'java/lang/NoSuchMethodError'{0x00000000c3c75e60}: 'int java.lang.invoke.DirectMethodHandle$Holder.invokeVirtual(java.lang.Object, java.lang.Object)'> (0x00000000c3c75e60) thrown at [./src/hotspot/share/interpreter/linkResolver.cpp, line 773]
Event: 2.448 Thread 0x000002c89b7e9800 Exception <a 'java/lang/NoSuchMethodError'{0x00000000c5b32d28}: 'java.lang.Object java.lang.invoke.DirectMethodHandle$Holder.invokeVirtual(java.lang.Object, java.lang.Object, java.lang.Object)'> (0x00000000c5b32d28) thrown at [./src/hotspot/share/interpreter/linkResolver.cpp, line 773]
Event: 3.534 Thread 0x000002c89b7e9800 Exception <a 'java/lang/NoSuchMethodError'{0x00000000c5cacc38}: 'java.lang.Object java.lang.invoke.DirectMethodHandle$Holder.invokeStatic(java.lang.Object, java.lang.Object, java.lang.Object, int)'> (0x00000000c5cacc38) thrown at [./src/hotspot/share/interpreter/linkResolver.cpp, line 773]
Event: 3.534 Thread 0x000002c89b7e9800 Exception <a 'java/lang/NoSuchMethodError'{0x00000000c5cb08a8}: 'java.lang.Object java.lang.invoke.DirectMethodHandle$Holder.invokeSpecial(java.lang.Object, java.lang.Object, java.lang.Object, java.lang.Object, int)'> (0x00000000c5cb08a8) thrown at [./src/hotspot/share/interpreter/linkResolver.cpp, line 773]
Event: 3.535 Thread 0x000002c89b7e9800 Exception <a 'java/lang/NoSuchMethodError'{0x00000000c5cb3bb8}: 'java.lang.Object java.lang.invoke.Invokers$Holder.linkToTargetMethod(java.lang.Object, java.lang.Object, int, java.lang.Object)'> (0x00000000c5cb3bb8) thrown at [./src/hotspot/share/interpreter/linkResolver.cpp, line 773]
Event: 3.961 Thread 0x000002c89b7e9800 Exception <a 'java/lang/NoSuchMethodError'{0x00000000c5b41370}: 'java.lang.Object java.lang.invoke.Invokers$Holder.linkToTargetMethod(java.lang.Object, int, java.lang.Object)'> (0x00000000c5b41370) thrown at [./src/hotspot/share/interpreter/linkResolver.cpp, line 773]
Event: 4.938 Thread 0x000002c89b7e9800 Exception <a 'java/lang/NoSuchMethodError'{0x00000000c6f142c0}: 'java.lang.Object java.lang.invoke.DirectMethodHandle$Holder.invokeSpecial(java.lang.Object, java.lang.Object, java.lang.Object, java.lang.Object, java.lang.Object, java.lang.Object, java.lang.Object, java.lang.Object, java.lang.Object)'> (0x00000000c6f142c0) thrown at [./src/hotspot/share/interpreter/linkResolver.cpp, line 773]
Event: 4.939 Thread 0x000002c89b7e9800 Exception <a 'java/lang/NoSuchMethodError'{0x00000000c6f184b8}: 'java.lang.Object java.lang.invoke.Invokers$Holder.linkToTargetMethod(java.lang.Object, java.lang.Object, java.lang.Object, java.lang.Object, java.lang.Object, java.lang.Object, java.lang.Object, java.lang.Object)'> (0x00000000c6f184b8) thrown at [./src/hotspot/share/interpreter/linkResolver.cpp, line 773]
Event: 4.954 Thread 0x000002c89b7e9800 Implicit null exception at 0x000002c8a6f764d3 to 0x000002c8a6f76968
Event: 4.998 Thread 0x000002c89b7e9800 Exception <a 'java/lang/NoSuchMethodError'{0x00000000c6b21580}: 'java.lang.Object java.lang.invoke.DirectMethodHandle$Holder.invokeStaticInit(java.lang.Object, java.lang.Object, java.lang.Object)'> (0x00000000c6b21580) thrown at [./src/hotspot/share/interpreter/linkResolver.cpp, line 773]

Events (20 events):
Event: 5.154 loading class org/jetbrains/kotlin/load/java/lazy/types/RawTypeImpl done
Event: 5.154 loading class org/jetbrains/kotlin/types/TypeCheckerState$SupertypesPolicy$LowerIfFlexible
Event: 5.154 loading class org/jetbrains/kotlin/types/TypeCheckerState$SupertypesPolicy$LowerIfFlexible done
Event: 5.158 loading class org/jetbrains/kotlin/types/StarProjectionImplKt
Event: 5.158 loading class org/jetbrains/kotlin/types/StarProjectionImplKt done
Event: 5.158 loading class org/jetbrains/kotlin/types/StarProjectionImplKt$buildStarProjectionTypeByTypeParameters$1
Event: 5.158 loading class org/jetbrains/kotlin/types/StarProjectionImplKt$buildStarProjectionTypeByTypeParameters$1 done
Event: 5.159 loading class org/jetbrains/kotlin/types/checker/NewCapturedTypeConstructor
Event: 5.159 loading class org/jetbrains/kotlin/types/checker/NewCapturedTypeConstructor done
Event: 5.159 loading class org/jetbrains/kotlin/types/checker/NewCapturedTypeConstructor$_supertypes$2
Event: 5.159 loading class org/jetbrains/kotlin/types/checker/NewCapturedTypeConstructor$_supertypes$2 done
Event: 5.160 loading class org/jetbrains/kotlin/types/checker/NewCapturedTypeConstructor$initializeSupertypes$2
Event: 5.160 loading class org/jetbrains/kotlin/types/checker/NewCapturedTypeConstructor$initializeSupertypes$2 done
Event: 5.174 loading class org/jetbrains/kotlin/types/checker/ClassicTypeSystemContext$substitutionSupertypePolicy$2
Event: 5.174 loading class org/jetbrains/kotlin/types/checker/ClassicTypeSystemContext$substitutionSupertypePolicy$2 done
Event: 5.174 loading class org/jetbrains/kotlin/types/TypeCheckerState$SupertypesPolicy$DoCustomTransform
Event: 5.174 loading class org/jetbrains/kotlin/types/TypeCheckerState$SupertypesPolicy$DoCustomTransform done
Event: 5.174 loading class org/jetbrains/kotlin/types/TypeCheckerState$SupertypesPolicy$None
Event: 5.174 loading class org/jetbrains/kotlin/types/TypeCheckerState$SupertypesPolicy$None done
Event: 5.200 Executing VM operation: G1CollectForAllocation


Dynamic libraries:
0x00007ff7c2670000 - 0x00007ff7c267a000 	C:\Program Files\Android\Android Studio\jre\bin\java.exe
0x00007ffd3f950000 - 0x00007ffd3fb45000 	C:\Windows\SYSTEM32\ntdll.dll
0x00007ffd3dad0000 - 0x00007ffd3db8e000 	C:\Windows\System32\KERNEL32.DLL
0x00007ffd3d6d0000 - 0x00007ffd3d999000 	C:\Windows\System32\KERNELBASE.dll
0x00007ffd3d0d0000 - 0x00007ffd3d1d0000 	C:\Windows\System32\ucrtbase.dll
0x00007ffd2d6d0000 - 0x00007ffd2d6e9000 	C:\Program Files\Android\Android Studio\jre\bin\jli.dll
0x00007ffd38bc0000 - 0x00007ffd38bd7000 	C:\Program Files\Android\Android Studio\jre\bin\VCRUNTIME140.dll
0x00007ffd3f650000 - 0x00007ffd3f7f1000 	C:\Windows\System32\USER32.dll
0x00007ffd2ec80000 - 0x00007ffd2ef1a000 	C:\Windows\WinSxS\amd64_microsoft.windows.common-controls_6595b64144ccf1df_6.0.19041.1110_none_60b5254171f9507e\COMCTL32.dll
0x00007ffd3d3b0000 - 0x00007ffd3d3d2000 	C:\Windows\System32\win32u.dll
0x00007ffd3f620000 - 0x00007ffd3f64b000 	C:\Windows\System32\GDI32.dll
0x00007ffd3e720000 - 0x00007ffd3e7be000 	C:\Windows\System32\msvcrt.dll
0x00007ffd3d3e0000 - 0x00007ffd3d4eb000 	C:\Windows\System32\gdi32full.dll
0x00007ffd3d280000 - 0x00007ffd3d31d000 	C:\Windows\System32\msvcp_win.dll
0x00007ffd3f800000 - 0x00007ffd3f830000 	C:\Windows\System32\IMM32.DLL
0x00007ffd1ee20000 - 0x00007ffd1eebd000 	C:\Program Files\Android\Android Studio\jre\bin\msvcp140.dll
0x00007ffcf05b0000 - 0x00007ffcf10b2000 	C:\Program Files\Android\Android Studio\jre\bin\server\jvm.dll
0x00007ffd3db90000 - 0x00007ffd3dc3c000 	C:\Windows\System32\ADVAPI32.dll
0x00007ffd3e590000 - 0x00007ffd3e62b000 	C:\Windows\System32\sechost.dll
0x00007ffd3d9a0000 - 0x00007ffd3daca000 	C:\Windows\System32\RPCRT4.dll
0x00007ffd3f540000 - 0x00007ffd3f548000 	C:\Windows\System32\PSAPI.DLL
0x00007ffd3a8d0000 - 0x00007ffd3a8d9000 	C:\Windows\SYSTEM32\WSOCK32.dll
0x00007ffd335d0000 - 0x00007ffd335f7000 	C:\Windows\SYSTEM32\WINMM.dll
0x00007ffd37cf0000 - 0x00007ffd37cfa000 	C:\Windows\SYSTEM32\VERSION.dll
0x00007ffd3f5b0000 - 0x00007ffd3f61b000 	C:\Windows\System32\WS2_32.dll
0x00007ffd3af90000 - 0x00007ffd3afa2000 	C:\Windows\SYSTEM32\kernel.appcore.dll
0x00007ffd341c0000 - 0x00007ffd341d1000 	C:\Program Files\Android\Android Studio\jre\bin\verify.dll
0x00007ffd264a0000 - 0x00007ffd26684000 	C:\Windows\SYSTEM32\DBGHELP.DLL
0x00007ffd26450000 - 0x00007ffd2647c000 	C:\Windows\SYSTEM32\dbgcore.DLL
0x00007ffd3d320000 - 0x00007ffd3d3a3000 	C:\Windows\System32\bcryptPrimitives.dll
0x00007ffd24e40000 - 0x00007ffd24e69000 	C:\Program Files\Android\Android Studio\jre\bin\java.dll
0x00007ffd38d80000 - 0x00007ffd38d8b000 	C:\Program Files\Android\Android Studio\jre\bin\jimage.dll
0x00007ffd33710000 - 0x00007ffd33728000 	C:\Program Files\Android\Android Studio\jre\bin\zip.dll
0x00007ffd3eda0000 - 0x00007ffd3f4df000 	C:\Windows\System32\SHELL32.dll
0x00007ffd3b190000 - 0x00007ffd3b920000 	C:\Windows\SYSTEM32\windows.storage.dll
0x00007ffd3ea40000 - 0x00007ffd3ed95000 	C:\Windows\System32\combase.dll
0x00007ffd3c9f0000 - 0x00007ffd3ca1c000 	C:\Windows\SYSTEM32\Wldp.dll
0x00007ffd3e4e0000 - 0x00007ffd3e58d000 	C:\Windows\System32\SHCORE.dll
0x00007ffd3e6c0000 - 0x00007ffd3e715000 	C:\Windows\System32\shlwapi.dll
0x00007ffd3cfb0000 - 0x00007ffd3cfcf000 	C:\Windows\SYSTEM32\profapi.dll
0x00007ffd2c970000 - 0x00007ffd2c98a000 	C:\Program Files\Android\Android Studio\jre\bin\net.dll
0x00007ffd31930000 - 0x00007ffd31a38000 	C:\Windows\SYSTEM32\WINHTTP.dll
0x00007ffd3c750000 - 0x00007ffd3c7ba000 	C:\Windows\system32\mswsock.dll
0x00007ffd29d80000 - 0x00007ffd29d94000 	C:\Program Files\Android\Android Studio\jre\bin\nio.dll

dbghelp: loaded successfully - version: 4.0.5 - missing functions: none
symbol engine: initialized successfully - sym options: 0x614 - pdb path: .;C:\Program Files\Android\Android Studio\jre\bin;C:\Windows\SYSTEM32;C:\Windows\WinSxS\amd64_microsoft.windows.common-controls_6595b64144ccf1df_6.0.19041.1110_none_60b5254171f9507e;C:\Program Files\Android\Android Studio\jre\bin\server

VM Arguments:
java_command: org.jetbrains.kotlin.cli.jvm.K2JVMCompiler @D:\sonalika apk\sonalikaM23 09 22\app\build\20221202_1891335035667466019.compiler.options
java_class_path (initial): C:\Users\shweta android\.gradle\caches\modules-2\files-2.1\org.jetbrains.kotlin\kotlin-compiler-embeddable\1.6.10\88f2073f4020cdb83132cfe940ceb9a60aba54ea\kotlin-compiler-embeddable-1.6.10.jar;C:\Users\shweta android\.gradle\caches\modules-2\files-2.1\org.jetbrains.kotlin\kotlin-reflect\1.6.10\1cbe9c92c12a94eea200d23c2bbaedaf3daf5132\kotlin-reflect-1.6.10.jar;C:\Users\shweta android\.gradle\caches\modules-2\files-2.1\org.jetbrains.kotlin\kotlin-stdlib\1.6.10\b8af3fe6f1ca88526914929add63cf5e7c5049af\kotlin-stdlib-1.6.10.jar;C:\Users\shweta android\.gradle\caches\modules-2\files-2.1\org.jetbrains.kotlin\kotlin-script-runtime\1.6.10\d0a7ff2e2500ef497ed0214ae40ad3c8387a6164\kotlin-script-runtime-1.6.10.jar;C:\Users\shweta android\.gradle\caches\modules-2\files-2.1\org.jetbrains.kotlin\kotlin-daemon-embeddable\1.6.10\a56d79bcbea411fa6058e4ecffc2de73e742bd2a\kotlin-daemon-embeddable-1.6.10.jar;C:\Users\shweta android\.gradle\caches\modules-2\files-2.1\org.jetbrains.intellij.deps\trove4j\1.0.20181211\216c2e14b070f334479d800987affe4054cd563f\trove4j-1.0.20181211.jar;C:\Users\shweta android\.gradle\caches\modules-2\files-2.1\net.java.dev.jna\jna\5.6.0\330f2244e9030119ab3030fc3fededc86713d9cc\jna-5.6.0.jar;C:\Users\shweta android\.gradle\caches\modules-2\files-2.1\org.jetbrains\annotations\13.0\919f0dfe192fb4e063e7dacadee7f8bb9a2672a9\annotations-13.0.jar;C:\Users\shweta android\.gradle\caches\modules-2\files-2.1\org.jetbrains.kotlin\kotlin-stdlib-common\1.6.10\c118700e3a33c8a0d9adc920e9dec0831171925\kotlin-stdlib-common-1.6.10.jar
Launcher Type: SUN_STANDARD

[Global flags]
     intx CICompilerCount                          = 4                                         {product} {ergonomic}
     uint ConcGCThreads                            = 2                                         {product} {ergonomic}
     uint G1ConcRefinementThreads                  = 8                                         {product} {ergonomic}
   size_t G1HeapRegionSize                         = 1048576                                   {product} {ergonomic}
    uintx GCDrainStackTargetSize                   = 64                                        {product} {ergonomic}
   size_t InitialHeapSize                          = 67108864                                  {product} {ergonomic}
   size_t MarkStackSize                            = 4194304                                   {product} {ergonomic}
   size_t MaxHeapSize                              = 1050673152                                {product} {ergonomic}
   size_t MaxNewSize                               = 630194176                                 {product} {ergonomic}
   size_t MinHeapDeltaBytes                        = 1048576                                   {product} {ergonomic}
    uintx NonNMethodCodeHeapSize                   = 5836300                                {pd product} {ergonomic}
    uintx NonProfiledCodeHeapSize                  = 122910970                              {pd product} {ergonomic}
    uintx ProfiledCodeHeapSize                     = 122910970                              {pd product} {ergonomic}
    uintx ReservedCodeCacheSize                    = 251658240                              {pd product} {ergonomic}
     bool SegmentedCodeCache                       = true                                      {product} {ergonomic}
     bool UseCompressedClassPointers               = true                                 {lp64_product} {ergonomic}
     bool UseCompressedOops                        = true                                 {lp64_product} {ergonomic}
     bool UseG1GC                                  = true                                      {product} {ergonomic}
     bool UseLargePagesIndividualAllocation        = false                                  {pd product} {ergonomic}

Logging:
Log output configuration:
 #0: stdout all=warning uptime,level,tags
 #1: stderr all=off uptime,level,tags

Environment Variables:
PATH=C:\Windows\system32;C:\Windows;C:\Windows\System32\Wbem;C:\Windows\System32\WindowsPowerShell\v1.0\;C:\Windows\System32\OpenSSH\;C:\Program Files\Git\cmd;C:\Users\shweta android\AppData\Local\Microsoft\WindowsApps;;D:\program files\Microsoft VS Code\bin
USERNAME=shweta android
OS=Windows_NT
PROCESSOR_IDENTIFIER=Intel64 Family 6 Model 60 Stepping 3, GenuineIntel



---------------  S Y S T E M  ---------------

OS: Windows 10 , 64 bit Build 19041 (10.0.19041.1202)
OS uptime: 1 days 1:52 hours

CPU:total 8 (initial active 8) (4 cores per cpu, 2 threads per core) family 6 model 60 stepping 3 microcode 0x27, cmov, cx8, fxsr, mmx, sse, sse2, sse3, ssse3, sse4.1, sse4.2, popcnt, avx, avx2, aes, clmul, erms, lzcnt, ht, tsc, tscinvbit, bmi1, bmi2, fma

Memory: 4k page, system-wide physical 4007M (321M free)
TotalPageFile size 10179M (AvailPageFile size 38M)
current process WorkingSet (physical memory assigned to process): 219M, peak: 244M
current process commit charge ("private bytes"): 254M, peak: 293M

vm_info: OpenJDK 64-Bit Server VM (11.0.13+0-b1751.21-8125866) for windows-amd64 JRE (11.0.13+0-b1751.21-8125866), built on Feb  2 2022 03:00:22 by "builder" with MS VC++ 14.0 (VS2015)

END.
