#
# There is insufficient memory for the Java Runtime Environment to continue.
# Native memory allocation (mmap) failed to map 278921216 bytes for Failed to commit area from 0x00000000b2c00000 to 0x00000000c3600000 of length 278921216.
# Possible reasons:
#   The system is out of physical RAM or swap space
#   The process is running with CompressedOops enabled, and the Java Heap may be blocking the growth of the native heap
# Possible solutions:
#   Reduce memory load on the system
#   Increase physical memory or swap space
#   Check if swap backing store is full
#   Decrease Java heap size (-Xmx/-Xms)
#   Decrease number of Java threads
#   Decrease Java thread stack sizes (-Xss)
#   Set larger code cache with -XX:ReservedCodeCacheSize=
#   JVM is running with Unscaled Compressed Oops mode in which the Java heap is
#     placed in the first 4GB address space. The Java Heap base address is the
#     maximum limit for the native heap growth. Please use -XX:HeapBaseMinAddress
#     to set the Java Heap base and to place the Java Heap above 4GB virtual address.
# This output file may be truncated or incomplete.
#
#  Out of Memory Error (./src/hotspot/os/windows/os_windows.cpp:3619), pid=9400, tid=4556
#
# JRE version: OpenJDK Runtime Environment (11.0.13) (build 11.0.13+0-b1751.21-8125866)
# Java VM: OpenJDK 64-Bit Server VM (11.0.13+0-b1751.21-8125866, mixed mode, tiered, compressed oops, g1 gc, windows-amd64)
# No core dump will be written. Minidumps are not enabled by default on client versions of Windows
#

---------------  S U M M A R Y ------------

Command Line: --add-opens=java.base/java.util=ALL-UNNAMED --add-opens=java.base/java.lang=ALL-UNNAMED --add-opens=java.base/java.lang.invoke=ALL-UNNAMED --add-opens=java.base/java.util=ALL-UNNAMED --add-opens=java.prefs/java.util.prefs=ALL-UNNAMED --add-opens=java.prefs/java.util.prefs=ALL-UNNAMED --add-opens=java.base/java.nio.charset=ALL-UNNAMED --add-opens=java.base/java.net=ALL-UNNAMED --add-opens=java.base/java.util.concurrent.atomic=ALL-UNNAMED -Xmx1536m -Dfile.encoding=windows-1252 -Duser.country=US -Duser.language=en -Duser.variant org.gradle.launcher.daemon.bootstrap.GradleDaemon 7.4

Host: Intel(R) Core(TM) i7-4770 CPU @ 3.40GHz, 8 cores, 3G,  Windows 10 , 64 bit Build 19041 (10.0.19041.1202)
Time: Tue Nov 29 17:05:46 2022 India Standard Time elapsed time: 506.219294 seconds (0d 0h 8m 26s)

---------------  T H R E A D  ---------------

Current thread (0x00000263d9881800):  VMThread "VM Thread" [stack: 0x000000bc3f000000,0x000000bc3f100000] [id=4556]

Stack: [0x000000bc3f000000,0x000000bc3f100000]
[error occurred during error reporting (printing stack bounds), id 0xc0000005, EXCEPTION_ACCESS_VIOLATION (0xc0000005) at pc=0x00000263c3ac112d]

Native frames: (J=compiled Java code, j=interpreted, Vv=VM code, C=native code)
V  [jvm.dll+0x6100fa]
V  [jvm.dll+0x747090]
V  [jvm.dll+0x7486ad]
V  [jvm.dll+0x748ce5]
V  [jvm.dll+0x748c9b]
V  [jvm.dll+0x60f224]
V  [jvm.dll+0x60f9b8]
C  [ntdll.dll+0xa20cf]
C  [ntdll.dll+0x51454]
C  [ntdll.dll+0xa0bfe]
C  0x00000263c3ac112d

VM_Operation (0x000000bc47dfcf00): G1CollectForAllocation, mode: safepoint, requested by thread 0x00000263db0ad000


---------------  P R O C E S S  ---------------

Threads class SMR info:
_java_thread_list=0x00000263e24f19f0, length=143, elements={
0x00000263bff7c000, 0x00000263d9883000, 0x00000263d98af800, 0x00000263da230800,
0x00000263da232800, 0x00000263da234000, 0x00000263da235000, 0x00000263da238000,
0x00000263da23d800, 0x00000263da392800, 0x00000263dc481800, 0x00000263da431000,
0x00000263dc125800, 0x00000263dc6c4000, 0x00000263dc6c5800, 0x00000263dc6c6800,
0x00000263dc6c7000, 0x00000263dc6c3000, 0x00000263ddc59000, 0x00000263ddc5c000,
0x00000263ddc5a800, 0x00000263ddc56800, 0x00000263ddc58000, 0x00000263dfa8f000,
0x00000263dfa94800, 0x00000263dfa97000, 0x00000263dfa96000, 0x00000263dfa91000,
0x00000263dfa99800, 0x00000263dfa90800, 0x00000263dfa8e000, 0x00000263dfa92000,
0x00000263dfa93000, 0x00000263dfa93800, 0x00000263dfa95800, 0x00000263dfa8f800,
0x00000263dfa9c000, 0x00000263dfa98800, 0x00000263dfa9a000, 0x00000263dfa9b000,
0x00000263dfa9c800, 0x00000263ddc5e800, 0x00000263ddc5e000, 0x00000263ddc5f800,
0x00000263ddc61000, 0x00000263ddc60800, 0x00000263ddc5b800, 0x00000263ddc65000,
0x00000263ddc63800, 0x00000263ddc62000, 0x00000263ddc62800, 0x00000263ddc64800,
0x00000263dc6c8000, 0x00000263dc6c2800, 0x00000263dc6c9000, 0x00000263dc6c4800,
0x00000263dfae5000, 0x00000263dfae6000, 0x00000263dfae0000, 0x00000263dfae7000,
0x00000263dfae3800, 0x00000263dfae1000, 0x00000263dfae2800, 0x00000263dfae4800,
0x00000263dfae7800, 0x00000263dfae2000, 0x00000263dfaec800, 0x00000263dfae8800,
0x00000263dfae9000, 0x00000263dfaef000, 0x00000263dfaea000, 0x00000263dfaed800,
0x00000263dfaeb000, 0x00000263dfaeb800, 0x00000263dfaee000, 0x00000263dd70a800,
0x00000263dd70d000, 0x00000263dd708000, 0x00000263dd70b000, 0x00000263dd70c000,
0x00000263dd708800, 0x00000263dd709800, 0x00000263dd70d800, 0x00000263dd70e800,
0x00000263e0657800, 0x00000263e0655800, 0x00000263e0658800, 0x00000263e065c000,
0x00000263e0656000, 0x00000263e065a000, 0x00000263e065c800, 0x00000263e065b000,
0x00000263e0657000, 0x00000263e065d800, 0x00000263e065e000, 0x00000263e065f000,
0x00000263e0659800, 0x00000263e0660800, 0x00000263e0661800, 0x00000263e0662800,
0x00000263e0663000, 0x00000263e0664000, 0x00000263e0660000, 0x00000263dc517000,
0x00000263dc513000, 0x00000263dc514800, 0x00000263dc513800, 0x00000263dc515800,
0x00000263dc512000, 0x00000263dc516000, 0x00000263dc511000, 0x00000263dc518000,
0x00000263dc518800, 0x00000263dc51b000, 0x00000263dc51a000, 0x00000263dc51e800,
0x00000263dc51c000, 0x00000263dc51f000, 0x00000263dc51c800, 0x00000263dc51d800,
0x00000263dc519800, 0x00000263dc520000, 0x00000263db0a1000, 0x00000263db0a1800,
0x00000263db09f000, 0x00000263db0a5000, 0x00000263db0a0000, 0x00000263db0a6000,
0x00000263db0a6800, 0x00000263db0a8000, 0x00000263db0a3800, 0x00000263db0a7800,
0x00000263db0a2800, 0x00000263db0a9000, 0x00000263db0a4000, 0x00000263db0ad000,
0x00000263db0ab800, 0x00000263db0ae000, 0x00000263db0aa800, 0x00000263dc110800,
0x00000263dc111000, 0x00000263dc10b800, 0x00000263dc10f800
}

Java Threads: ( => current thread )
  0x00000263bff7c000 JavaThread "main" [_thread_blocked, id=4004, stack(0x000000bc3ea00000,0x000000bc3eb00000)]
  0x00000263d9883000 JavaThread "Reference Handler" daemon [_thread_blocked, id=10756, stack(0x000000bc3f100000,0x000000bc3f200000)]
  0x00000263d98af800 JavaThread "Finalizer" daemon [_thread_blocked, id=5936, stack(0x000000bc3f200000,0x000000bc3f300000)]
  0x00000263da230800 JavaThread "Signal Dispatcher" daemon [_thread_blocked, id=9360, stack(0x000000bc3f300000,0x000000bc3f400000)]
  0x00000263da232800 JavaThread "Attach Listener" daemon [_thread_blocked, id=12172, stack(0x000000bc3f400000,0x000000bc3f500000)]
  0x00000263da234000 JavaThread "Service Thread" daemon [_thread_blocked, id=6072, stack(0x000000bc3f500000,0x000000bc3f600000)]
  0x00000263da235000 JavaThread "C2 CompilerThread0" daemon [_thread_blocked, id=6148, stack(0x000000bc3f600000,0x000000bc3f700000)]
  0x00000263da238000 JavaThread "C1 CompilerThread0" daemon [_thread_blocked, id=7544, stack(0x000000bc3f700000,0x000000bc3f800000)]
  0x00000263da23d800 JavaThread "Sweeper thread" daemon [_thread_blocked, id=3484, stack(0x000000bc3f800000,0x000000bc3f900000)]
  0x00000263da392800 JavaThread "Common-Cleaner" daemon [_thread_blocked, id=7096, stack(0x000000bc3f900000,0x000000bc3fa00000)]
  0x00000263dc481800 JavaThread "Daemon health stats" [_thread_blocked, id=4048, stack(0x000000bc3fd00000,0x000000bc3fe00000)]
  0x00000263da431000 JavaThread "Incoming local TCP Connector on port 52529" [_thread_in_native, id=2024, stack(0x000000bc3fb00000,0x000000bc3fc00000)]
  0x00000263dc125800 JavaThread "Daemon periodic checks" [_thread_blocked, id=9300, stack(0x000000bc3fe00000,0x000000bc3ff00000)]
  0x00000263dc6c4000 JavaThread "Cache worker for journal cache (C:\Users\shweta android\.gradle\caches\journal-1)" [_thread_blocked, id=8460, stack(0x000000bc40c00000,0x000000bc40d00000)]
  0x00000263dc6c5800 JavaThread "File lock request listener" [_thread_in_native, id=7500, stack(0x000000bc40d00000,0x000000bc40e00000)]
  0x00000263dc6c6800 JavaThread "Cache worker for file hash cache (C:\Users\shweta android\.gradle\caches\7.4\fileHashes)" [_thread_blocked, id=6040, stack(0x000000bc40e00000,0x000000bc40f00000)]
  0x00000263dc6c7000 JavaThread "File watcher server" daemon [_thread_blocked, id=11536, stack(0x000000bc41000000,0x000000bc41100000)]
  0x00000263dc6c3000 JavaThread "File watcher consumer" daemon [_thread_blocked, id=5616, stack(0x000000bc41100000,0x000000bc41200000)]
  0x00000263ddc59000 JavaThread "Cache worker for execution history cache (C:\Users\shweta android\.gradle\caches\7.4\executionHistory)" [_thread_blocked, id=10324, stack(0x000000bc41600000,0x000000bc41700000)]
  0x00000263ddc5c000 JavaThread "jar transforms" [_thread_blocked, id=11408, stack(0x000000bc41700000,0x000000bc41800000)]
  0x00000263ddc5a800 JavaThread "jar transforms Thread 2" [_thread_blocked, id=6064, stack(0x000000bc41800000,0x000000bc41900000)]
  0x00000263ddc56800 JavaThread "Cache worker for file content cache (C:\Users\shweta android\.gradle\caches\7.4\fileContent)" [_thread_blocked, id=10776, stack(0x000000bc41900000,0x000000bc41a00000)]
  0x00000263ddc58000 JavaThread "jar transforms Thread 3" [_thread_blocked, id=4836, stack(0x000000bc41b00000,0x000000bc41c00000)]
  0x00000263dfa8f000 JavaThread "jar transforms Thread 4" [_thread_blocked, id=10932, stack(0x000000bc46d00000,0x000000bc46e00000)]
  0x00000263dfa94800 JavaThread "jar transforms Thread 5" [_thread_blocked, id=4688, stack(0x000000bc46e00000,0x000000bc46f00000)]
  0x00000263dfa97000 JavaThread "jar transforms Thread 6" [_thread_blocked, id=264, stack(0x000000bc46f00000,0x000000bc47000000)]
  0x00000263dfa96000 JavaThread "jar transforms Thread 7" [_thread_blocked, id=5628, stack(0x000000bc47000000,0x000000bc47100000)]
  0x00000263dfa91000 JavaThread "jar transforms Thread 8" [_thread_blocked, id=832, stack(0x000000bc47100000,0x000000bc47200000)]
  0x00000263dfa99800 JavaThread "Memory manager" [_thread_blocked, id=5800, stack(0x000000bc47200000,0x000000bc47300000)]
  0x00000263dfa90800 JavaThread "Daemon Thread 2" [_thread_blocked, id=6728, stack(0x000000bc3e700000,0x000000bc3e800000)]
  0x00000263dfa8e000 JavaThread "Handler for socket connection from /127.0.0.1:52529 to /127.0.0.1:52775" [_thread_in_native, id=5048, stack(0x000000bc3e800000,0x000000bc3e900000)]
  0x00000263dfa92000 JavaThread "Cancel handler" [_thread_blocked, id=3804, stack(0x000000bc3e900000,0x000000bc3ea00000)]
  0x00000263dfa93000 JavaThread "Daemon worker Thread 2" [_thread_blocked, id=1932, stack(0x000000bc3ff00000,0x000000bc40000000)]
  0x00000263dfa93800 JavaThread "Asynchronous log dispatcher for DefaultDaemonConnection: socket connection from /127.0.0.1:52529 to /127.0.0.1:52775" [_thread_blocked, id=1884, stack(0x000000bc40000000,0x000000bc40100000)]
  0x00000263dfa95800 JavaThread "Stdin handler" [_thread_blocked, id=3868, stack(0x000000bc40100000,0x000000bc40200000)]
  0x00000263dfa8f800 JavaThread "Daemon client event forwarder" [_thread_blocked, id=2288, stack(0x000000bc40200000,0x000000bc40300000)]
  0x00000263dfa9c000 JavaThread "Cache worker for checksums cache (D:\sonalika apk\sonalikaM23 09 22\.gradle\7.4\checksums)" [_thread_blocked, id=7108, stack(0x000000bc40300000,0x000000bc40400000)]
  0x00000263dfa98800 JavaThread "Cache worker for cache directory md-rule (C:\Users\shweta android\.gradle\caches\7.4\md-rule)" [_thread_blocked, id=9584, stack(0x000000bc40400000,0x000000bc40500000)]
  0x00000263dfa9a000 JavaThread "Cache worker for file hash cache (D:\sonalika apk\sonalikaM23 09 22\.gradle\7.4\fileHashes)" [_thread_blocked, id=1436, stack(0x000000bc40500000,0x000000bc40600000)]
  0x00000263dfa9b000 JavaThread "Cache worker for cache directory md-supplier (C:\Users\shweta android\.gradle\caches\7.4\md-supplier)" [_thread_blocked, id=7716, stack(0x000000bc41200000,0x000000bc41300000)]
  0x00000263dfa9c800 JavaThread "Cache worker for dependencies-accessors (D:\sonalika apk\sonalikaM23 09 22\.gradle\7.4\dependencies-accessors)" [_thread_blocked, id=7896, stack(0x000000bc41300000,0x000000bc41400000)]
  0x00000263ddc5e800 JavaThread "Cache worker for Build Output Cleanup Cache (D:\sonalika apk\sonalikaM23 09 22\.gradle\buildOutputCleanup)" [_thread_blocked, id=4652, stack(0x000000bc41400000,0x000000bc41500000)]
  0x00000263ddc5e000 JavaThread "Unconstrained build operations" [_thread_blocked, id=11044, stack(0x000000bc41500000,0x000000bc41600000)]
  0x00000263ddc5f800 JavaThread "Unconstrained build operations Thread 2" [_thread_blocked, id=1500, stack(0x000000bc41a00000,0x000000bc41b00000)]
  0x00000263ddc61000 JavaThread "Unconstrained build operations Thread 3" [_thread_blocked, id=3264, stack(0x000000bc41c00000,0x000000bc41d00000)]
  0x00000263ddc60800 JavaThread "Unconstrained build operations Thread 4" [_thread_blocked, id=1604, stack(0x000000bc41d00000,0x000000bc41e00000)]
  0x00000263ddc5b800 JavaThread "Unconstrained build operations Thread 5" [_thread_blocked, id=11316, stack(0x000000bc41e00000,0x000000bc41f00000)]
  0x00000263ddc65000 JavaThread "Unconstrained build operations Thread 6" [_thread_blocked, id=504, stack(0x000000bc41f00000,0x000000bc42000000)]
  0x00000263ddc63800 JavaThread "Unconstrained build operations Thread 7" [_thread_blocked, id=10908, stack(0x000000bc42000000,0x000000bc42100000)]
  0x00000263ddc62000 JavaThread "Unconstrained build operations Thread 8" [_thread_blocked, id=6168, stack(0x000000bc42100000,0x000000bc42200000)]
  0x00000263ddc62800 JavaThread "Unconstrained build operations Thread 9" [_thread_blocked, id=8540, stack(0x000000bc42200000,0x000000bc42300000)]
  0x00000263ddc64800 JavaThread "Unconstrained build operations Thread 10" [_thread_blocked, id=9440, stack(0x000000bc42300000,0x000000bc42400000)]
  0x00000263dc6c8000 JavaThread "Unconstrained build operations Thread 11" [_thread_blocked, id=10800, stack(0x000000bc42400000,0x000000bc42500000)]
  0x00000263dc6c2800 JavaThread "Unconstrained build operations Thread 12" [_thread_blocked, id=11396, stack(0x000000bc42500000,0x000000bc42600000)]
  0x00000263dc6c9000 JavaThread "Unconstrained build operations Thread 13" [_thread_blocked, id=6976, stack(0x000000bc42600000,0x000000bc42700000)]
  0x00000263dc6c4800 JavaThread "Unconstrained build operations Thread 14" [_thread_blocked, id=4768, stack(0x000000bc42700000,0x000000bc42800000)]
  0x00000263dfae5000 JavaThread "Unconstrained build operations Thread 15" [_thread_blocked, id=12176, stack(0x000000bc42800000,0x000000bc42900000)]
  0x00000263dfae6000 JavaThread "Unconstrained build operations Thread 16" [_thread_blocked, id=11672, stack(0x000000bc42900000,0x000000bc42a00000)]
  0x00000263dfae0000 JavaThread "Unconstrained build operations Thread 17" [_thread_blocked, id=9332, stack(0x000000bc42a00000,0x000000bc42b00000)]
  0x00000263dfae7000 JavaThread "Unconstrained build operations Thread 18" [_thread_blocked, id=8124, stack(0x000000bc42b00000,0x000000bc42c00000)]
  0x00000263dfae3800 JavaThread "Unconstrained build operations Thread 19" [_thread_blocked, id=8276, stack(0x000000bc42c00000,0x000000bc42d00000)]
  0x00000263dfae1000 JavaThread "Unconstrained build operations Thread 20" [_thread_blocked, id=10864, stack(0x000000bc42d00000,0x000000bc42e00000)]
  0x00000263dfae2800 JavaThread "Unconstrained build operations Thread 21" [_thread_blocked, id=2704, stack(0x000000bc42e00000,0x000000bc42f00000)]
  0x00000263dfae4800 JavaThread "Unconstrained build operations Thread 22" [_thread_blocked, id=7220, stack(0x000000bc42f00000,0x000000bc43000000)]
  0x00000263dfae7800 JavaThread "Unconstrained build operations Thread 23" [_thread_blocked, id=4468, stack(0x000000bc43000000,0x000000bc43100000)]
  0x00000263dfae2000 JavaThread "Unconstrained build operations Thread 24" [_thread_blocked, id=10636, stack(0x000000bc43100000,0x000000bc43200000)]
  0x00000263dfaec800 JavaThread "Unconstrained build operations Thread 25" [_thread_blocked, id=7144, stack(0x000000bc43200000,0x000000bc43300000)]
  0x00000263dfae8800 JavaThread "Unconstrained build operations Thread 26" [_thread_blocked, id=1448, stack(0x000000bc43300000,0x000000bc43400000)]
  0x00000263dfae9000 JavaThread "Unconstrained build operations Thread 27" [_thread_blocked, id=11864, stack(0x000000bc43400000,0x000000bc43500000)]
  0x00000263dfaef000 JavaThread "Unconstrained build operations Thread 28" [_thread_blocked, id=6680, stack(0x000000bc43500000,0x000000bc43600000)]
  0x00000263dfaea000 JavaThread "Unconstrained build operations Thread 29" [_thread_blocked, id=8860, stack(0x000000bc43600000,0x000000bc43700000)]
  0x00000263dfaed800 JavaThread "Unconstrained build operations Thread 30" [_thread_blocked, id=10984, stack(0x000000bc43700000,0x000000bc43800000)]
  0x00000263dfaeb000 JavaThread "Unconstrained build operations Thread 31" [_thread_blocked, id=5980, stack(0x000000bc43800000,0x000000bc43900000)]
  0x00000263dfaeb800 JavaThread "Unconstrained build operations Thread 32" [_thread_blocked, id=6948, stack(0x000000bc43900000,0x000000bc43a00000)]
  0x00000263dfaee000 JavaThread "Unconstrained build operations Thread 33" [_thread_blocked, id=8716, stack(0x000000bc43a00000,0x000000bc43b00000)]
  0x00000263dd70a800 JavaThread "Unconstrained build operations Thread 34" [_thread_blocked, id=3816, stack(0x000000bc43b00000,0x000000bc43c00000)]
  0x00000263dd70d000 JavaThread "Unconstrained build operations Thread 35" [_thread_blocked, id=4628, stack(0x000000bc43c00000,0x000000bc43d00000)]
  0x00000263dd708000 JavaThread "Unconstrained build operations Thread 36" [_thread_blocked, id=4076, stack(0x000000bc43d00000,0x000000bc43e00000)]
  0x00000263dd70b000 JavaThread "Unconstrained build operations Thread 37" [_thread_blocked, id=1808, stack(0x000000bc43e00000,0x000000bc43f00000)]
  0x00000263dd70c000 JavaThread "Unconstrained build operations Thread 38" [_thread_blocked, id=1352, stack(0x000000bc43f00000,0x000000bc44000000)]
  0x00000263dd708800 JavaThread "Unconstrained build operations Thread 39" [_thread_blocked, id=8796, stack(0x000000bc44000000,0x000000bc44100000)]
  0x00000263dd709800 JavaThread "Unconstrained build operations Thread 40" [_thread_blocked, id=988, stack(0x000000bc44100000,0x000000bc44200000)]
  0x00000263dd70d800 JavaThread "Unconstrained build operations Thread 41" [_thread_blocked, id=6612, stack(0x000000bc44200000,0x000000bc44300000)]
  0x00000263dd70e800 JavaThread "Unconstrained build operations Thread 42" [_thread_blocked, id=3384, stack(0x000000bc44300000,0x000000bc44400000)]
  0x00000263e0657800 JavaThread "Unconstrained build operations Thread 43" [_thread_blocked, id=5252, stack(0x000000bc44400000,0x000000bc44500000)]
  0x00000263e0655800 JavaThread "Unconstrained build operations Thread 44" [_thread_blocked, id=9020, stack(0x000000bc44500000,0x000000bc44600000)]
  0x00000263e0658800 JavaThread "Unconstrained build operations Thread 45" [_thread_blocked, id=4700, stack(0x000000bc44600000,0x000000bc44700000)]
  0x00000263e065c000 JavaThread "Unconstrained build operations Thread 46" [_thread_blocked, id=10744, stack(0x000000bc44700000,0x000000bc44800000)]
  0x00000263e0656000 JavaThread "Unconstrained build operations Thread 47" [_thread_blocked, id=6900, stack(0x000000bc44800000,0x000000bc44900000)]
  0x00000263e065a000 JavaThread "Unconstrained build operations Thread 48" [_thread_blocked, id=3760, stack(0x000000bc44900000,0x000000bc44a00000)]
  0x00000263e065c800 JavaThread "Unconstrained build operations Thread 49" [_thread_blocked, id=2820, stack(0x000000bc44a00000,0x000000bc44b00000)]
  0x00000263e065b000 JavaThread "Unconstrained build operations Thread 50" [_thread_blocked, id=1144, stack(0x000000bc44b00000,0x000000bc44c00000)]
  0x00000263e0657000 JavaThread "Unconstrained build operations Thread 51" [_thread_blocked, id=1076, stack(0x000000bc44c00000,0x000000bc44d00000)]
  0x00000263e065d800 JavaThread "Unconstrained build operations Thread 52" [_thread_blocked, id=2120, stack(0x000000bc44d00000,0x000000bc44e00000)]
  0x00000263e065e000 JavaThread "Unconstrained build operations Thread 53" [_thread_blocked, id=6804, stack(0x000000bc44e00000,0x000000bc44f00000)]
  0x00000263e065f000 JavaThread "Unconstrained build operations Thread 54" [_thread_blocked, id=3756, stack(0x000000bc44f00000,0x000000bc45000000)]
  0x00000263e0659800 JavaThread "Unconstrained build operations Thread 55" [_thread_blocked, id=716, stack(0x000000bc45000000,0x000000bc45100000)]
  0x00000263e0660800 JavaThread "Unconstrained build operations Thread 56" [_thread_blocked, id=8016, stack(0x000000bc45100000,0x000000bc45200000)]
  0x00000263e0661800 JavaThread "Unconstrained build operations Thread 57" [_thread_blocked, id=2456, stack(0x000000bc45200000,0x000000bc45300000)]
  0x00000263e0662800 JavaThread "Unconstrained build operations Thread 58" [_thread_blocked, id=4976, stack(0x000000bc45300000,0x000000bc45400000)]
  0x00000263e0663000 JavaThread "Unconstrained build operations Thread 59" [_thread_blocked, id=712, stack(0x000000bc45400000,0x000000bc45500000)]
  0x00000263e0664000 JavaThread "Unconstrained build operations Thread 60" [_thread_blocked, id=5576, stack(0x000000bc45500000,0x000000bc45600000)]
  0x00000263e0660000 JavaThread "Unconstrained build operations Thread 61" [_thread_blocked, id=2320, stack(0x000000bc45600000,0x000000bc45700000)]
  0x00000263dc517000 JavaThread "Unconstrained build operations Thread 62" [_thread_blocked, id=8752, stack(0x000000bc45700000,0x000000bc45800000)]
  0x00000263dc513000 JavaThread "Unconstrained build operations Thread 63" [_thread_blocked, id=11036, stack(0x000000bc45800000,0x000000bc45900000)]
  0x00000263dc514800 JavaThread "Unconstrained build operations Thread 64" [_thread_blocked, id=4816, stack(0x000000bc45900000,0x000000bc45a00000)]
  0x00000263dc513800 JavaThread "Unconstrained build operations Thread 65" [_thread_blocked, id=8304, stack(0x000000bc45a00000,0x000000bc45b00000)]
  0x00000263dc515800 JavaThread "Unconstrained build operations Thread 66" [_thread_blocked, id=12132, stack(0x000000bc45b00000,0x000000bc45c00000)]
  0x00000263dc512000 JavaThread "Unconstrained build operations Thread 67" [_thread_blocked, id=3436, stack(0x000000bc45c00000,0x000000bc45d00000)]
  0x00000263dc516000 JavaThread "Unconstrained build operations Thread 68" [_thread_blocked, id=12252, stack(0x000000bc45d00000,0x000000bc45e00000)]
  0x00000263dc511000 JavaThread "Unconstrained build operations Thread 69" [_thread_blocked, id=8632, stack(0x000000bc45e00000,0x000000bc45f00000)]
  0x00000263dc518000 JavaThread "Unconstrained build operations Thread 70" [_thread_blocked, id=7296, stack(0x000000bc45f00000,0x000000bc46000000)]
  0x00000263dc518800 JavaThread "Unconstrained build operations Thread 71" [_thread_blocked, id=144, stack(0x000000bc46000000,0x000000bc46100000)]
  0x00000263dc51b000 JavaThread "Unconstrained build operations Thread 72" [_thread_blocked, id=9732, stack(0x000000bc46100000,0x000000bc46200000)]
  0x00000263dc51a000 JavaThread "Unconstrained build operations Thread 73" [_thread_blocked, id=10620, stack(0x000000bc46200000,0x000000bc46300000)]
  0x00000263dc51e800 JavaThread "Unconstrained build operations Thread 74" [_thread_blocked, id=10036, stack(0x000000bc46300000,0x000000bc46400000)]
  0x00000263dc51c000 JavaThread "Unconstrained build operations Thread 75" [_thread_blocked, id=10940, stack(0x000000bc46400000,0x000000bc46500000)]
  0x00000263dc51f000 JavaThread "Unconstrained build operations Thread 76" [_thread_blocked, id=4596, stack(0x000000bc46500000,0x000000bc46600000)]
  0x00000263dc51c800 JavaThread "Unconstrained build operations Thread 77" [_thread_blocked, id=4484, stack(0x000000bc46600000,0x000000bc46700000)]
  0x00000263dc51d800 JavaThread "Unconstrained build operations Thread 78" [_thread_blocked, id=10888, stack(0x000000bc46700000,0x000000bc46800000)]
  0x00000263dc519800 JavaThread "Unconstrained build operations Thread 79" [_thread_blocked, id=12080, stack(0x000000bc46800000,0x000000bc46900000)]
  0x00000263dc520000 JavaThread "Unconstrained build operations Thread 80" [_thread_blocked, id=2992, stack(0x000000bc46900000,0x000000bc46a00000)]
  0x00000263db0a1000 JavaThread "build event listener" [_thread_blocked, id=7348, stack(0x000000bc46a00000,0x000000bc46b00000)]
  0x00000263db0a1800 JavaThread "build event listener" [_thread_blocked, id=11700, stack(0x000000bc46b00000,0x000000bc46c00000)]
  0x00000263db09f000 JavaThread "included builds" [_thread_blocked, id=2280, stack(0x000000bc46c00000,0x000000bc46d00000)]
  0x00000263db0a5000 JavaThread "Execution worker for ':'" [_thread_blocked, id=10792, stack(0x000000bc47300000,0x000000bc47400000)]
  0x00000263db0a0000 JavaThread "Execution worker for ':' Thread 2" [_thread_blocked, id=11052, stack(0x000000bc47400000,0x000000bc47500000)]
  0x00000263db0a6000 JavaThread "Execution worker for ':' Thread 3" [_thread_blocked, id=11732, stack(0x000000bc47500000,0x000000bc47600000)]
  0x00000263db0a6800 JavaThread "Execution worker for ':' Thread 4" [_thread_blocked, id=2212, stack(0x000000bc47600000,0x000000bc47700000)]
  0x00000263db0a8000 JavaThread "Execution worker for ':' Thread 5" [_thread_blocked, id=5096, stack(0x000000bc47700000,0x000000bc47800000)]
  0x00000263db0a3800 JavaThread "Execution worker for ':' Thread 6" [_thread_blocked, id=6688, stack(0x000000bc47800000,0x000000bc47900000)]
  0x00000263db0a7800 JavaThread "Execution worker for ':' Thread 7" [_thread_blocked, id=9468, stack(0x000000bc47900000,0x000000bc47a00000)]
  0x00000263db0a2800 JavaThread "Cache worker for execution history cache (D:\sonalika apk\sonalikaM23 09 22\.gradle\7.4\executionHistory)" [_thread_blocked, id=1400, stack(0x000000bc47a00000,0x000000bc47b00000)]
  0x00000263db0a9000 JavaThread "WorkerExecutor Queue" [_thread_blocked, id=5552, stack(0x000000bc47b00000,0x000000bc47c00000)]
  0x00000263db0a4000 JavaThread "File lock release action executor" [_thread_blocked, id=3740, stack(0x000000bc47c00000,0x000000bc47d00000)]
  0x00000263db0ad000 JavaThread "WorkerExecutor Queue Thread 2" [_thread_blocked, id=7328, stack(0x000000bc47d00000,0x000000bc47e00000)]
  0x00000263db0ab800 JavaThread "WorkerExecutor Queue Thread 3" [_thread_blocked, id=1680, stack(0x000000bc47e00000,0x000000bc47f00000)]
  0x00000263db0ae000 JavaThread "WorkerExecutor Queue Thread 4" [_thread_blocked, id=960, stack(0x000000bc47f00000,0x000000bc48000000)]
  0x00000263db0aa800 JavaThread "WorkerExecutor Queue Thread 6" [_thread_blocked, id=8408, stack(0x000000bc48100000,0x000000bc48200000)]
  0x00000263dc110800 JavaThread "WorkerExecutor Queue Thread 7" [_thread_blocked, id=2324, stack(0x000000bc48200000,0x000000bc48300000)]
  0x00000263dc111000 JavaThread "WorkerExecutor Queue Thread 8" [_thread_blocked, id=10476, stack(0x000000bc48300000,0x000000bc48400000)]
  0x00000263dc10b800 JavaThread "Java2D Disposer" daemon [_thread_blocked, id=7968, stack(0x000000bc48700000,0x000000bc48800000)]
  0x00000263dc10f800 JavaThread "WorkerExecutor Queue Thread 9" [_thread_blocked, id=1632, stack(0x000000bc48800000,0x000000bc48900000)]

Other Threads:
=>0x00000263d9881800 VMThread "VM Thread" [stack: 0x000000bc3f000000,0x000000bc3f100000] [id=4556]
  0x00000263da3bb800 WatcherThread [stack: 0x000000bc3fa00000,0x000000bc3fb00000] [id=252]
  0x00000263bff94800 GCTaskThread "GC Thread#0" [stack: 0x000000bc3eb00000,0x000000bc3ec00000] [id=5912]
  0x00000263daf12800 GCTaskThread "GC Thread#1" [stack: 0x000000bc3fc00000,0x000000bc3fd00000] [id=11976]
  0x00000263db83b000 GCTaskThread "GC Thread#2" [stack: 0x000000bc40600000,0x000000bc40700000] [id=6280]
  0x00000263dc170000 GCTaskThread "GC Thread#3" [stack: 0x000000bc40700000,0x000000bc40800000] [id=8104]
  0x00000263dda35800 GCTaskThread "GC Thread#4" [stack: 0x000000bc40800000,0x000000bc40900000] [id=3456]
  0x00000263dc666000 GCTaskThread "GC Thread#5" [stack: 0x000000bc40900000,0x000000bc40a00000] [id=1928]
  0x00000263dc666800 GCTaskThread "GC Thread#6" [stack: 0x000000bc40a00000,0x000000bc40b00000] [id=11156]
  0x00000263dc1f6800 GCTaskThread "GC Thread#7" [stack: 0x000000bc40b00000,0x000000bc40c00000] [id=7672]
  0x00000263bffbc000 ConcurrentGCThread "G1 Main Marker" [stack: 0x000000bc3ec00000,0x000000bc3ed00000] [id=856]
  0x00000263bffbd800 ConcurrentGCThread "G1 Conc#0" [stack: 0x000000bc3ed00000,0x000000bc3ee00000] [id=5788]
  0x00000263dcc20000 ConcurrentGCThread "G1 Conc#1" [stack: 0x000000bc40f00000,0x000000bc41000000] [id=3860]
  0x00000263c0029000 ConcurrentGCThread "G1 Refine#0" [stack: 0x000000bc3ee00000,0x000000bc3ef00000] [id=3172]
  0x00000263c002a000 ConcurrentGCThread "G1 Young RemSet Sampling" [stack: 0x000000bc3ef00000,0x000000bc3f000000] [id=1404]

Threads with active compile tasks:
C1 CompilerThread0 506274 18909 %     3       com.android.tools.r8.dex.j::k @ 35 (63 bytes)

VM state:at safepoint (normal execution)

VM Mutex/Monitor currently owned by a thread:  ([mutex/lock_event])
[0x00000263bff78e90] Threads_lock - owner thread: 0x00000263d9881800
[0x00000263bff79280] Heap_lock - owner thread: 0x00000263db0ad000

Heap address: 0x00000000a0000000, size: 1536 MB, Compressed Oops mode: 32-bit
Narrow klass base: 0x0000000000000000, Narrow klass shift: 3
Compressed class space size: 1073741824 Address: 0x0000000100000000

Heap:
 garbage-first heap   total 579584K, used 199800K [0x00000000a0000000, 0x0000000100000000)
  region size 1024K, 2 young (2048K), 2 survivors (2048K)
 Metaspace       used 113616K, capacity 116260K, committed 116560K, reserved 1150976K
  class space    used 13713K, capacity 14682K, committed 14752K, reserved 1048576K
Heap Regions: E=young(eden), S=young(survivor), O=old, HS=humongous(starts), HC=humongous(continues), CS=collection set, F=free, A=archive, TAMS=top-at-mark-start (previous, next)
|   0|0x00000000a0000000, 0x00000000a0100000, 0x00000000a0100000|100%| O|  |TAMS 0x00000000a0100000, 0x00000000a0100000| Untracked 
|   1|0x00000000a0100000, 0x00000000a0200000, 0x00000000a0200000|100%| O|  |TAMS 0x00000000a0200000, 0x00000000a0200000| Untracked 
|   2|0x00000000a0200000, 0x00000000a0300000, 0x00000000a0300000|100%| O|  |TAMS 0x00000000a0300000, 0x00000000a0300000| Untracked 
|   3|0x00000000a0300000, 0x00000000a0400000, 0x00000000a0400000|100%|HS|  |TAMS 0x00000000a0400000, 0x00000000a0400000| Complete 
|   4|0x00000000a0400000, 0x00000000a0500000, 0x00000000a0500000|100%|HC|  |TAMS 0x00000000a0500000, 0x00000000a0500000| Complete 
|   5|0x00000000a0500000, 0x00000000a0600000, 0x00000000a0600000|100%|HC|  |TAMS 0x00000000a0600000, 0x00000000a0600000| Complete 
|   6|0x00000000a0600000, 0x00000000a0700000, 0x00000000a0700000|100%| O|  |TAMS 0x00000000a0700000, 0x00000000a0700000| Untracked 
|   7|0x00000000a0700000, 0x00000000a0800000, 0x00000000a0800000|100%| O|  |TAMS 0x00000000a0800000, 0x00000000a0800000| Untracked 
|   8|0x00000000a0800000, 0x00000000a0900000, 0x00000000a0900000|100%| O|  |TAMS 0x00000000a0900000, 0x00000000a0900000| Untracked 
|   9|0x00000000a0900000, 0x00000000a0a00000, 0x00000000a0a00000|100%| O|  |TAMS 0x00000000a0a00000, 0x00000000a0a00000| Untracked 
|  10|0x00000000a0a00000, 0x00000000a0b00000, 0x00000000a0b00000|100%| O|  |TAMS 0x00000000a0b00000, 0x00000000a0b00000| Untracked 
|  11|0x00000000a0b00000, 0x00000000a0c00000, 0x00000000a0c00000|100%| O|  |TAMS 0x00000000a0c00000, 0x00000000a0c00000| Untracked 
|  12|0x00000000a0c00000, 0x00000000a0d00000, 0x00000000a0d00000|100%| O|  |TAMS 0x00000000a0d00000, 0x00000000a0d00000| Untracked 
|  13|0x00000000a0d00000, 0x00000000a0e00000, 0x00000000a0e00000|100%| O|  |TAMS 0x00000000a0e00000, 0x00000000a0e00000| Untracked 
|  14|0x00000000a0e00000, 0x00000000a0f00000, 0x00000000a0f00000|100%| O|  |TAMS 0x00000000a0f00000, 0x00000000a0f00000| Untracked 
|  15|0x00000000a0f00000, 0x00000000a1000000, 0x00000000a1000000|100%| O|  |TAMS 0x00000000a1000000, 0x00000000a1000000| Untracked 
|  16|0x00000000a1000000, 0x00000000a1100000, 0x00000000a1100000|100%| O|  |TAMS 0x00000000a1100000, 0x00000000a1100000| Untracked 
|  17|0x00000000a1100000, 0x00000000a1200000, 0x00000000a1200000|100%| O|  |TAMS 0x00000000a1200000, 0x00000000a1200000| Untracked 
|  18|0x00000000a1200000, 0x00000000a1300000, 0x00000000a1300000|100%| O|  |TAMS 0x00000000a1300000, 0x00000000a1300000| Untracked 
|  19|0x00000000a1300000, 0x00000000a1400000, 0x00000000a1400000|100%| O|  |TAMS 0x00000000a1400000, 0x00000000a1400000| Untracked 
|  20|0x00000000a1400000, 0x00000000a1500000, 0x00000000a1500000|100%| O|  |TAMS 0x00000000a1500000, 0x00000000a1500000| Untracked 
|  21|0x00000000a1500000, 0x00000000a1600000, 0x00000000a1600000|100%| O|  |TAMS 0x00000000a1600000, 0x00000000a1600000| Untracked 
|  22|0x00000000a1600000, 0x00000000a1700000, 0x00000000a1700000|100%| O|  |TAMS 0x00000000a1700000, 0x00000000a1700000| Untracked 
|  23|0x00000000a1700000, 0x00000000a1800000, 0x00000000a1800000|100%| O|  |TAMS 0x00000000a1800000, 0x00000000a1800000| Untracked 
|  24|0x00000000a1800000, 0x00000000a1900000, 0x00000000a1900000|100%| O|  |TAMS 0x00000000a1900000, 0x00000000a1900000| Untracked 
|  25|0x00000000a1900000, 0x00000000a1a00000, 0x00000000a1a00000|100%| O|  |TAMS 0x00000000a1a00000, 0x00000000a1a00000| Untracked 
|  26|0x00000000a1a00000, 0x00000000a1b00000, 0x00000000a1b00000|100%| O|  |TAMS 0x00000000a1b00000, 0x00000000a1b00000| Untracked 
|  27|0x00000000a1b00000, 0x00000000a1c00000, 0x00000000a1c00000|100%| O|  |TAMS 0x00000000a1c00000, 0x00000000a1c00000| Untracked 
|  28|0x00000000a1c00000, 0x00000000a1d00000, 0x00000000a1d00000|100%| O|  |TAMS 0x00000000a1d00000, 0x00000000a1d00000| Untracked 
|  29|0x00000000a1d00000, 0x00000000a1e00000, 0x00000000a1e00000|100%|HS|  |TAMS 0x00000000a1e00000, 0x00000000a1e00000| Complete 
|  30|0x00000000a1e00000, 0x00000000a1f00000, 0x00000000a1f00000|100%|HS|  |TAMS 0x00000000a1f00000, 0x00000000a1f00000| Complete 
|  31|0x00000000a1f00000, 0x00000000a2000000, 0x00000000a2000000|100%|HS|  |TAMS 0x00000000a2000000, 0x00000000a2000000| Complete 
|  32|0x00000000a2000000, 0x00000000a2100000, 0x00000000a2100000|100%|HS|  |TAMS 0x00000000a2100000, 0x00000000a2100000| Complete 
|  33|0x00000000a2100000, 0x00000000a2200000, 0x00000000a2200000|100%|HC|  |TAMS 0x00000000a2200000, 0x00000000a2200000| Complete 
|  34|0x00000000a2200000, 0x00000000a2300000, 0x00000000a2300000|100%|HC|  |TAMS 0x00000000a2300000, 0x00000000a2300000| Complete 
|  35|0x00000000a2300000, 0x00000000a2400000, 0x00000000a2400000|100%|HS|  |TAMS 0x00000000a2400000, 0x00000000a2400000| Complete 
|  36|0x00000000a2400000, 0x00000000a2500000, 0x00000000a2500000|100%|HC|  |TAMS 0x00000000a2500000, 0x00000000a2500000| Complete 
|  37|0x00000000a2500000, 0x00000000a2600000, 0x00000000a2600000|100%| O|  |TAMS 0x00000000a2600000, 0x00000000a2600000| Untracked 
|  38|0x00000000a2600000, 0x00000000a2700000, 0x00000000a2700000|100%| O|  |TAMS 0x00000000a2700000, 0x00000000a2700000| Untracked 
|  39|0x00000000a2700000, 0x00000000a2800000, 0x00000000a2800000|100%| O|  |TAMS 0x00000000a2800000, 0x00000000a2800000| Untracked 
|  40|0x00000000a2800000, 0x00000000a2900000, 0x00000000a2900000|100%| O|  |TAMS 0x00000000a2900000, 0x00000000a2900000| Untracked 
|  41|0x00000000a2900000, 0x00000000a2a00000, 0x00000000a2a00000|100%| O|  |TAMS 0x00000000a2a00000, 0x00000000a2a00000| Untracked 
|  42|0x00000000a2a00000, 0x00000000a2b00000, 0x00000000a2b00000|100%| O|  |TAMS 0x00000000a2b00000, 0x00000000a2b00000| Untracked 
|  43|0x00000000a2b00000, 0x00000000a2c00000, 0x00000000a2c00000|100%| O|  |TAMS 0x00000000a2c00000, 0x00000000a2c00000| Untracked 
|  44|0x00000000a2c00000, 0x00000000a2d00000, 0x00000000a2d00000|100%| O|  |TAMS 0x00000000a2d00000, 0x00000000a2d00000| Untracked 
|  45|0x00000000a2d00000, 0x00000000a2e00000, 0x00000000a2e00000|100%| O|  |TAMS 0x00000000a2e00000, 0x00000000a2e00000| Untracked 
|  46|0x00000000a2e00000, 0x00000000a2f00000, 0x00000000a2f00000|100%| O|  |TAMS 0x00000000a2f00000, 0x00000000a2f00000| Untracked 
|  47|0x00000000a2f00000, 0x00000000a3000000, 0x00000000a3000000|100%| O|  |TAMS 0x00000000a3000000, 0x00000000a3000000| Untracked 
|  48|0x00000000a3000000, 0x00000000a3100000, 0x00000000a3100000|100%| O|  |TAMS 0x00000000a3100000, 0x00000000a3100000| Untracked 
|  49|0x00000000a3100000, 0x00000000a3200000, 0x00000000a3200000|100%| O|  |TAMS 0x00000000a3200000, 0x00000000a3200000| Untracked 
|  50|0x00000000a3200000, 0x00000000a3300000, 0x00000000a3300000|100%| O|  |TAMS 0x00000000a3200000, 0x00000000a3300000| Untracked 
|  51|0x00000000a3300000, 0x00000000a3400000, 0x00000000a3400000|100%| O|  |TAMS 0x00000000a3400000, 0x00000000a3400000| Untracked 
|  52|0x00000000a3400000, 0x00000000a3500000, 0x00000000a3500000|100%| O|  |TAMS 0x00000000a3500000, 0x00000000a3500000| Untracked 
|  53|0x00000000a3500000, 0x00000000a3600000, 0x00000000a3600000|100%| O|  |TAMS 0x00000000a3600000, 0x00000000a3600000| Untracked 
|  54|0x00000000a3600000, 0x00000000a3700000, 0x00000000a3700000|100%| O|  |TAMS 0x00000000a3700000, 0x00000000a3700000| Untracked 
|  55|0x00000000a3700000, 0x00000000a3800000, 0x00000000a3800000|100%| O|  |TAMS 0x00000000a3800000, 0x00000000a3800000| Untracked 
|  56|0x00000000a3800000, 0x00000000a3900000, 0x00000000a3900000|100%| O|  |TAMS 0x00000000a3900000, 0x00000000a3900000| Untracked 
|  57|0x00000000a3900000, 0x00000000a3a00000, 0x00000000a3a00000|100%| O|  |TAMS 0x00000000a3a00000, 0x00000000a3a00000| Untracked 
|  58|0x00000000a3a00000, 0x00000000a3b00000, 0x00000000a3b00000|100%| O|  |TAMS 0x00000000a3b00000, 0x00000000a3b00000| Untracked 
|  59|0x00000000a3b00000, 0x00000000a3c00000, 0x00000000a3c00000|100%| O|  |TAMS 0x00000000a3c00000, 0x00000000a3c00000| Untracked 
|  60|0x00000000a3c00000, 0x00000000a3d00000, 0x00000000a3d00000|100%| O|  |TAMS 0x00000000a3d00000, 0x00000000a3d00000| Untracked 
|  61|0x00000000a3d00000, 0x00000000a3e00000, 0x00000000a3e00000|100%| O|  |TAMS 0x00000000a3e00000, 0x00000000a3e00000| Untracked 
|  62|0x00000000a3e00000, 0x00000000a3f00000, 0x00000000a3f00000|100%| O|  |TAMS 0x00000000a3f00000, 0x00000000a3f00000| Untracked 
|  63|0x00000000a3f00000, 0x00000000a4000000, 0x00000000a4000000|100%| O|  |TAMS 0x00000000a4000000, 0x00000000a4000000| Untracked 
|  64|0x00000000a4000000, 0x00000000a4100000, 0x00000000a4100000|100%| O|  |TAMS 0x00000000a4100000, 0x00000000a4100000| Untracked 
|  65|0x00000000a4100000, 0x00000000a4200000, 0x00000000a4200000|100%| O|  |TAMS 0x00000000a4200000, 0x00000000a4200000| Untracked 
|  66|0x00000000a4200000, 0x00000000a4300000, 0x00000000a4300000|100%| O|  |TAMS 0x00000000a4300000, 0x00000000a4300000| Untracked 
|  67|0x00000000a4300000, 0x00000000a4400000, 0x00000000a4400000|100%| O|  |TAMS 0x00000000a4400000, 0x00000000a4400000| Untracked 
|  68|0x00000000a4400000, 0x00000000a4500000, 0x00000000a4500000|100%| O|  |TAMS 0x00000000a4500000, 0x00000000a4500000| Untracked 
|  69|0x00000000a4500000, 0x00000000a4600000, 0x00000000a4600000|100%| O|  |TAMS 0x00000000a4600000, 0x00000000a4600000| Untracked 
|  70|0x00000000a4600000, 0x00000000a4700000, 0x00000000a4700000|100%| O|  |TAMS 0x00000000a4700000, 0x00000000a4700000| Untracked 
|  71|0x00000000a4700000, 0x00000000a4800000, 0x00000000a4800000|100%| O|  |TAMS 0x00000000a4800000, 0x00000000a4800000| Untracked 
|  72|0x00000000a4800000, 0x00000000a4900000, 0x00000000a4900000|100%| O|  |TAMS 0x00000000a4900000, 0x00000000a4900000| Untracked 
|  73|0x00000000a4900000, 0x00000000a4a00000, 0x00000000a4a00000|100%| O|  |TAMS 0x00000000a4a00000, 0x00000000a4a00000| Untracked 
|  74|0x00000000a4a00000, 0x00000000a4b00000, 0x00000000a4b00000|100%| O|  |TAMS 0x00000000a4b00000, 0x00000000a4b00000| Untracked 
|  75|0x00000000a4b00000, 0x00000000a4c00000, 0x00000000a4c00000|100%| O|  |TAMS 0x00000000a4c00000, 0x00000000a4c00000| Untracked 
|  76|0x00000000a4c00000, 0x00000000a4d00000, 0x00000000a4d00000|100%| O|  |TAMS 0x00000000a4d00000, 0x00000000a4d00000| Untracked 
|  77|0x00000000a4d00000, 0x00000000a4e00000, 0x00000000a4e00000|100%| O|  |TAMS 0x00000000a4e00000, 0x00000000a4e00000| Untracked 
|  78|0x00000000a4e00000, 0x00000000a4f00000, 0x00000000a4f00000|100%| O|  |TAMS 0x00000000a4f00000, 0x00000000a4f00000| Untracked 
|  79|0x00000000a4f00000, 0x00000000a5000000, 0x00000000a5000000|100%| O|  |TAMS 0x00000000a5000000, 0x00000000a5000000| Untracked 
|  80|0x00000000a5000000, 0x00000000a5100000, 0x00000000a5100000|100%| O|  |TAMS 0x00000000a5100000, 0x00000000a5100000| Untracked 
|  81|0x00000000a5100000, 0x00000000a5200000, 0x00000000a5200000|100%| O|  |TAMS 0x00000000a5200000, 0x00000000a5200000| Untracked 
|  82|0x00000000a5200000, 0x00000000a5300000, 0x00000000a5300000|100%| O|  |TAMS 0x00000000a5300000, 0x00000000a5300000| Untracked 
|  83|0x00000000a5300000, 0x00000000a5400000, 0x00000000a5400000|100%| O|  |TAMS 0x00000000a5400000, 0x00000000a5400000| Untracked 
|  84|0x00000000a5400000, 0x00000000a5500000, 0x00000000a5500000|100%| O|  |TAMS 0x00000000a5500000, 0x00000000a5500000| Untracked 
|  85|0x00000000a5500000, 0x00000000a5600000, 0x00000000a5600000|100%| O|  |TAMS 0x00000000a5600000, 0x00000000a5600000| Untracked 
|  86|0x00000000a5600000, 0x00000000a5700000, 0x00000000a5700000|100%| O|  |TAMS 0x00000000a5700000, 0x00000000a5700000| Untracked 
|  87|0x00000000a5700000, 0x00000000a5800000, 0x00000000a5800000|100%| O|  |TAMS 0x00000000a5800000, 0x00000000a5800000| Untracked 
|  88|0x00000000a5800000, 0x00000000a5900000, 0x00000000a5900000|100%| O|  |TAMS 0x00000000a5900000, 0x00000000a5900000| Untracked 
|  89|0x00000000a5900000, 0x00000000a5a00000, 0x00000000a5a00000|100%| O|  |TAMS 0x00000000a5a00000, 0x00000000a5a00000| Untracked 
|  90|0x00000000a5a00000, 0x00000000a5b00000, 0x00000000a5b00000|100%| O|  |TAMS 0x00000000a5b00000, 0x00000000a5b00000| Untracked 
|  91|0x00000000a5b00000, 0x00000000a5c00000, 0x00000000a5c00000|100%| O|  |TAMS 0x00000000a5c00000, 0x00000000a5c00000| Untracked 
|  92|0x00000000a5c00000, 0x00000000a5d00000, 0x00000000a5d00000|100%| O|  |TAMS 0x00000000a5c00000, 0x00000000a5d00000| Untracked 
|  93|0x00000000a5d00000, 0x00000000a5e00000, 0x00000000a5e00000|100%| O|  |TAMS 0x00000000a5e00000, 0x00000000a5e00000| Untracked 
|  94|0x00000000a5e00000, 0x00000000a5f00000, 0x00000000a5f00000|100%| O|  |TAMS 0x00000000a5f00000, 0x00000000a5f00000| Untracked 
|  95|0x00000000a5f00000, 0x00000000a6000000, 0x00000000a6000000|100%| O|  |TAMS 0x00000000a6000000, 0x00000000a6000000| Untracked 
|  96|0x00000000a6000000, 0x00000000a6100000, 0x00000000a6100000|100%| O|  |TAMS 0x00000000a6100000, 0x00000000a6100000| Untracked 
|  97|0x00000000a6100000, 0x00000000a6200000, 0x00000000a6200000|100%| O|  |TAMS 0x00000000a6200000, 0x00000000a6200000| Untracked 
|  98|0x00000000a6200000, 0x00000000a6300000, 0x00000000a6300000|100%| O|  |TAMS 0x00000000a6300000, 0x00000000a6300000| Untracked 
|  99|0x00000000a6300000, 0x00000000a6400000, 0x00000000a6400000|100%| O|  |TAMS 0x00000000a6400000, 0x00000000a6400000| Untracked 
| 100|0x00000000a6400000, 0x00000000a6500000, 0x00000000a6500000|100%| O|  |TAMS 0x00000000a6500000, 0x00000000a6500000| Untracked 
| 101|0x00000000a6500000, 0x00000000a6600000, 0x00000000a6600000|100%| O|  |TAMS 0x00000000a6600000, 0x00000000a6600000| Untracked 
| 102|0x00000000a6600000, 0x00000000a6700000, 0x00000000a6700000|100%| O|  |TAMS 0x00000000a6700000, 0x00000000a6700000| Untracked 
| 103|0x00000000a6700000, 0x00000000a6800000, 0x00000000a6800000|100%| O|  |TAMS 0x00000000a6800000, 0x00000000a6800000| Untracked 
| 104|0x00000000a6800000, 0x00000000a6900000, 0x00000000a6900000|100%| O|  |TAMS 0x00000000a6877200, 0x00000000a6900000| Untracked 
| 105|0x00000000a6900000, 0x00000000a6a00000, 0x00000000a6a00000|100%| O|  |TAMS 0x00000000a6900000, 0x00000000a6a00000| Untracked 
| 106|0x00000000a6a00000, 0x00000000a6b00000, 0x00000000a6b00000|100%| O|  |TAMS 0x00000000a6a00000, 0x00000000a6b00000| Untracked 
| 107|0x00000000a6b00000, 0x00000000a6c00000, 0x00000000a6c00000|100%| O|  |TAMS 0x00000000a6b00000, 0x00000000a6c00000| Untracked 
| 108|0x00000000a6c00000, 0x00000000a6d00000, 0x00000000a6d00000|100%| O|  |TAMS 0x00000000a6c00000, 0x00000000a6d00000| Untracked 
| 109|0x00000000a6d00000, 0x00000000a6e00000, 0x00000000a6e00000|100%| O|  |TAMS 0x00000000a6d00000, 0x00000000a6e00000| Untracked 
| 110|0x00000000a6e00000, 0x00000000a6f00000, 0x00000000a6f00000|100%| O|  |TAMS 0x00000000a6e00000, 0x00000000a6f00000| Untracked 
| 111|0x00000000a6f00000, 0x00000000a7000000, 0x00000000a7000000|100%| O|  |TAMS 0x00000000a6f00000, 0x00000000a7000000| Untracked 
| 112|0x00000000a7000000, 0x00000000a7100000, 0x00000000a7100000|100%| O|  |TAMS 0x00000000a7000000, 0x00000000a7100000| Untracked 
| 113|0x00000000a7100000, 0x00000000a7200000, 0x00000000a7200000|100%| O|  |TAMS 0x00000000a7100000, 0x00000000a7200000| Untracked 
| 114|0x00000000a7200000, 0x00000000a7300000, 0x00000000a7300000|100%| O|  |TAMS 0x00000000a7200000, 0x00000000a7300000| Untracked 
| 115|0x00000000a7300000, 0x00000000a7400000, 0x00000000a7400000|100%| O|  |TAMS 0x00000000a7300000, 0x00000000a7400000| Untracked 
| 116|0x00000000a7400000, 0x00000000a7500000, 0x00000000a7500000|100%| O|  |TAMS 0x00000000a7400000, 0x00000000a7500000| Untracked 
| 117|0x00000000a7500000, 0x00000000a7600000, 0x00000000a7600000|100%| O|  |TAMS 0x00000000a7500000, 0x00000000a7600000| Untracked 
| 118|0x00000000a7600000, 0x00000000a7700000, 0x00000000a7700000|100%| O|  |TAMS 0x00000000a7600000, 0x00000000a7700000| Untracked 
| 119|0x00000000a7700000, 0x00000000a7800000, 0x00000000a7800000|100%| O|  |TAMS 0x00000000a7700000, 0x00000000a7800000| Untracked 
| 120|0x00000000a7800000, 0x00000000a7900000, 0x00000000a7900000|100%| O|  |TAMS 0x00000000a7800000, 0x00000000a7900000| Untracked 
| 121|0x00000000a7900000, 0x00000000a7a00000, 0x00000000a7a00000|100%| O|  |TAMS 0x00000000a7900000, 0x00000000a7a00000| Untracked 
| 122|0x00000000a7a00000, 0x00000000a7b00000, 0x00000000a7b00000|100%| O|  |TAMS 0x00000000a7a00000, 0x00000000a7b00000| Untracked 
| 123|0x00000000a7b00000, 0x00000000a7c00000, 0x00000000a7c00000|100%| O|  |TAMS 0x00000000a7b00000, 0x00000000a7c00000| Untracked 
| 124|0x00000000a7c00000, 0x00000000a7d00000, 0x00000000a7d00000|100%| O|  |TAMS 0x00000000a7c00000, 0x00000000a7d00000| Untracked 
| 125|0x00000000a7d00000, 0x00000000a7e00000, 0x00000000a7e00000|100%| O|  |TAMS 0x00000000a7d00000, 0x00000000a7e00000| Untracked 
| 126|0x00000000a7e00000, 0x00000000a7f00000, 0x00000000a7f00000|100%| O|  |TAMS 0x00000000a7e00000, 0x00000000a7f00000| Untracked 
| 127|0x00000000a7f00000, 0x00000000a8000000, 0x00000000a8000000|100%| O|  |TAMS 0x00000000a7f00000, 0x00000000a8000000| Untracked 
| 128|0x00000000a8000000, 0x00000000a8100000, 0x00000000a8100000|100%| O|  |TAMS 0x00000000a8000000, 0x00000000a8100000| Untracked 
| 129|0x00000000a8100000, 0x00000000a8200000, 0x00000000a8200000|100%| O|  |TAMS 0x00000000a8100000, 0x00000000a8200000| Untracked 
| 130|0x00000000a8200000, 0x00000000a8300000, 0x00000000a8300000|100%| O|  |TAMS 0x00000000a8200000, 0x00000000a8300000| Untracked 
| 131|0x00000000a8300000, 0x00000000a8400000, 0x00000000a8400000|100%| O|  |TAMS 0x00000000a8300000, 0x00000000a8400000| Untracked 
| 132|0x00000000a8400000, 0x00000000a8500000, 0x00000000a8500000|100%| O|  |TAMS 0x00000000a8400000, 0x00000000a8500000| Untracked 
| 133|0x00000000a8500000, 0x00000000a8600000, 0x00000000a8600000|100%| O|  |TAMS 0x00000000a8500000, 0x00000000a8600000| Untracked 
| 134|0x00000000a8600000, 0x00000000a8700000, 0x00000000a8700000|100%| O|  |TAMS 0x00000000a8600000, 0x00000000a8700000| Untracked 
| 135|0x00000000a8700000, 0x00000000a8800000, 0x00000000a8800000|100%| O|  |TAMS 0x00000000a8700000, 0x00000000a8800000| Untracked 
| 136|0x00000000a8800000, 0x00000000a8900000, 0x00000000a8900000|100%| O|  |TAMS 0x00000000a8800000, 0x00000000a8900000| Untracked 
| 137|0x00000000a8900000, 0x00000000a8a00000, 0x00000000a8a00000|100%| O|  |TAMS 0x00000000a8900000, 0x00000000a8a00000| Untracked 
| 138|0x00000000a8a00000, 0x00000000a8b00000, 0x00000000a8b00000|100%| O|  |TAMS 0x00000000a8a00000, 0x00000000a8b00000| Untracked 
| 139|0x00000000a8b00000, 0x00000000a8c00000, 0x00000000a8c00000|100%| O|  |TAMS 0x00000000a8b00000, 0x00000000a8c00000| Untracked 
| 140|0x00000000a8c00000, 0x00000000a8d00000, 0x00000000a8d00000|100%| O|  |TAMS 0x00000000a8c00000, 0x00000000a8d00000| Untracked 
| 141|0x00000000a8d00000, 0x00000000a8e00000, 0x00000000a8e00000|100%| O|  |TAMS 0x00000000a8d00000, 0x00000000a8e00000| Untracked 
| 142|0x00000000a8e00000, 0x00000000a8f00000, 0x00000000a8f00000|100%| O|  |TAMS 0x00000000a8e00000, 0x00000000a8f00000| Untracked 
| 143|0x00000000a8f00000, 0x00000000a9000000, 0x00000000a9000000|100%| O|  |TAMS 0x00000000a8f00000, 0x00000000a9000000| Untracked 
| 144|0x00000000a9000000, 0x00000000a9100000, 0x00000000a9100000|100%| O|  |TAMS 0x00000000a9000000, 0x00000000a9100000| Untracked 
| 145|0x00000000a9100000, 0x00000000a9200000, 0x00000000a9200000|100%| O|  |TAMS 0x00000000a9100000, 0x00000000a9200000| Untracked 
| 146|0x00000000a9200000, 0x00000000a9300000, 0x00000000a9300000|100%| O|  |TAMS 0x00000000a9200000, 0x00000000a9300000| Untracked 
| 147|0x00000000a9300000, 0x00000000a9400000, 0x00000000a9400000|100%| O|  |TAMS 0x00000000a9300000, 0x00000000a9400000| Untracked 
| 148|0x00000000a9400000, 0x00000000a9500000, 0x00000000a9500000|100%|HS|  |TAMS 0x00000000a9400000, 0x00000000a9500000| Complete 
| 149|0x00000000a9500000, 0x00000000a9600000, 0x00000000a9600000|100%|HS|  |TAMS 0x00000000a9500000, 0x00000000a9600000| Complete 
| 150|0x00000000a9600000, 0x00000000a9700000, 0x00000000a9700000|100%|HS|  |TAMS 0x00000000a9600000, 0x00000000a9700000| Complete 
| 151|0x00000000a9700000, 0x00000000a9800000, 0x00000000a9800000|100%|HS|  |TAMS 0x00000000a9700000, 0x00000000a9800000| Complete 
| 152|0x00000000a9800000, 0x00000000a9900000, 0x00000000a9900000|100%|HC|  |TAMS 0x00000000a9800000, 0x00000000a9900000| Complete 
| 153|0x00000000a9900000, 0x00000000a9a00000, 0x00000000a9a00000|100%|HS|  |TAMS 0x00000000a9900000, 0x00000000a9a00000| Complete 
| 154|0x00000000a9a00000, 0x00000000a9b00000, 0x00000000a9b00000|100%|HC|  |TAMS 0x00000000a9a00000, 0x00000000a9b00000| Complete 
| 155|0x00000000a9b00000, 0x00000000a9c00000, 0x00000000a9c00000|100%|HC|  |TAMS 0x00000000a9b00000, 0x00000000a9c00000| Complete 
| 156|0x00000000a9c00000, 0x00000000a9d00000, 0x00000000a9d00000|100%|HS|  |TAMS 0x00000000a9c00000, 0x00000000a9d00000| Complete 
| 157|0x00000000a9d00000, 0x00000000a9e00000, 0x00000000a9e00000|100%|HS|  |TAMS 0x00000000a9d00000, 0x00000000a9e00000| Complete 
| 158|0x00000000a9e00000, 0x00000000a9f00000, 0x00000000a9f00000|100%|HS|  |TAMS 0x00000000a9e00000, 0x00000000a9f00000| Complete 
| 159|0x00000000a9f00000, 0x00000000aa000000, 0x00000000aa000000|100%|HC|  |TAMS 0x00000000a9f00000, 0x00000000aa000000| Complete 
| 160|0x00000000aa000000, 0x00000000aa100000, 0x00000000aa100000|100%|HS|  |TAMS 0x00000000aa000000, 0x00000000aa100000| Complete 
| 161|0x00000000aa100000, 0x00000000aa200000, 0x00000000aa200000|100%|HC|  |TAMS 0x00000000aa100000, 0x00000000aa200000| Complete 
| 162|0x00000000aa200000, 0x00000000aa200000, 0x00000000aa300000|  0%| F|  |TAMS 0x00000000aa200000, 0x00000000aa200000| Untracked 
| 163|0x00000000aa300000, 0x00000000aa400000, 0x00000000aa400000|100%|HS|  |TAMS 0x00000000aa300000, 0x00000000aa400000| Complete 
| 164|0x00000000aa400000, 0x00000000aa500000, 0x00000000aa500000|100%| O|  |TAMS 0x00000000aa400000, 0x00000000aa400000| Untracked 
| 165|0x00000000aa500000, 0x00000000aa600000, 0x00000000aa600000|100%|HS|  |TAMS 0x00000000aa500000, 0x00000000aa600000| Complete 
| 166|0x00000000aa600000, 0x00000000aa700000, 0x00000000aa700000|100%| O|  |TAMS 0x00000000aa600000, 0x00000000aa600000| Untracked 
| 167|0x00000000aa700000, 0x00000000aa800000, 0x00000000aa800000|100%|HS|  |TAMS 0x00000000aa700000, 0x00000000aa800000| Complete 
| 168|0x00000000aa800000, 0x00000000aa800000, 0x00000000aa900000|  0%| F|  |TAMS 0x00000000aa800000, 0x00000000aa800000| Untracked 
| 169|0x00000000aa900000, 0x00000000aaa00000, 0x00000000aaa00000|100%| O|  |TAMS 0x00000000aa900000, 0x00000000aaa00000| Untracked 
| 170|0x00000000aaa00000, 0x00000000aab00000, 0x00000000aab00000|100%| O|  |TAMS 0x00000000aaa00000, 0x00000000aab00000| Untracked 
| 171|0x00000000aab00000, 0x00000000aac00000, 0x00000000aac00000|100%| O|  |TAMS 0x00000000aab00000, 0x00000000aac00000| Untracked 
| 172|0x00000000aac00000, 0x00000000aad00000, 0x00000000aad00000|100%| O|  |TAMS 0x00000000aac00000, 0x00000000aad00000| Untracked 
| 173|0x00000000aad00000, 0x00000000aae00000, 0x00000000aae00000|100%| O|  |TAMS 0x00000000aad00000, 0x00000000aae00000| Untracked 
| 174|0x00000000aae00000, 0x00000000aaf00000, 0x00000000aaf00000|100%| O|  |TAMS 0x00000000aae00000, 0x00000000aaf00000| Untracked 
| 175|0x00000000aaf00000, 0x00000000ab000000, 0x00000000ab000000|100%| O|  |TAMS 0x00000000aaf00000, 0x00000000ab000000| Untracked 
| 176|0x00000000ab000000, 0x00000000ab100000, 0x00000000ab100000|100%| O|  |TAMS 0x00000000ab000000, 0x00000000ab100000| Untracked 
| 177|0x00000000ab100000, 0x00000000ab200000, 0x00000000ab200000|100%| O|  |TAMS 0x00000000ab100000, 0x00000000ab200000| Untracked 
| 178|0x00000000ab200000, 0x00000000ab300000, 0x00000000ab300000|100%| O|  |TAMS 0x00000000ab200000, 0x00000000ab300000| Untracked 
| 179|0x00000000ab300000, 0x00000000ab400000, 0x00000000ab400000|100%| O|  |TAMS 0x00000000ab300000, 0x00000000ab400000| Untracked 
| 180|0x00000000ab400000, 0x00000000ab500000, 0x00000000ab500000|100%| O|  |TAMS 0x00000000ab400000, 0x00000000ab4d6408| Untracked 
| 181|0x00000000ab500000, 0x00000000ab500000, 0x00000000ab600000|  0%| F|  |TAMS 0x00000000ab500000, 0x00000000ab500000| Untracked 
| 182|0x00000000ab600000, 0x00000000ab600000, 0x00000000ab700000|  0%| F|  |TAMS 0x00000000ab600000, 0x00000000ab600000| Untracked 
| 183|0x00000000ab700000, 0x00000000ab800000, 0x00000000ab800000|100%|HS|  |TAMS 0x00000000ab700000, 0x00000000ab700000| Complete 
| 184|0x00000000ab800000, 0x00000000ab900000, 0x00000000ab900000|100%|HC|  |TAMS 0x00000000ab800000, 0x00000000ab800000| Complete 
| 185|0x00000000ab900000, 0x00000000ab900000, 0x00000000aba00000|  0%| F|  |TAMS 0x00000000ab900000, 0x00000000ab900000| Untracked 
| 186|0x00000000aba00000, 0x00000000aba00000, 0x00000000abb00000|  0%| F|  |TAMS 0x00000000aba00000, 0x00000000aba00000| Untracked 
| 187|0x00000000abb00000, 0x00000000abb00000, 0x00000000abc00000|  0%| F|  |TAMS 0x00000000abb00000, 0x00000000abb00000| Untracked 
| 188|0x00000000abc00000, 0x00000000abc00000, 0x00000000abd00000|  0%| F|  |TAMS 0x00000000abc00000, 0x00000000abc00000| Untracked 
| 189|0x00000000abd00000, 0x00000000abd00000, 0x00000000abe00000|  0%| F|  |TAMS 0x00000000abd00000, 0x00000000abd00000| Untracked 
| 190|0x00000000abe00000, 0x00000000abf00000, 0x00000000abf00000|100%|HS|  |TAMS 0x00000000abe00000, 0x00000000abe00000| Complete 
| 191|0x00000000abf00000, 0x00000000ac000000, 0x00000000ac000000|100%|HC|  |TAMS 0x00000000abf00000, 0x00000000abf00000| Complete 
| 192|0x00000000ac000000, 0x00000000ac100000, 0x00000000ac100000|100%|HC|  |TAMS 0x00000000ac000000, 0x00000000ac000000| Complete 
| 193|0x00000000ac100000, 0x00000000ac200000, 0x00000000ac200000|100%| O|  |TAMS 0x00000000ac100000, 0x00000000ac100000| Untracked 
| 194|0x00000000ac200000, 0x00000000ac300000, 0x00000000ac300000|100%| O|  |TAMS 0x00000000ac200000, 0x00000000ac200000| Untracked 
| 195|0x00000000ac300000, 0x00000000ac400000, 0x00000000ac400000|100%| O|  |TAMS 0x00000000ac300000, 0x00000000ac300000| Untracked 
| 196|0x00000000ac400000, 0x00000000ac500000, 0x00000000ac500000|100%| O|  |TAMS 0x00000000ac400000, 0x00000000ac400000| Untracked 
| 197|0x00000000ac500000, 0x00000000ac600000, 0x00000000ac600000|100%| O|  |TAMS 0x00000000ac500000, 0x00000000ac500000| Untracked 
| 198|0x00000000ac600000, 0x00000000ac700000, 0x00000000ac700000|100%| O|  |TAMS 0x00000000ac600000, 0x00000000ac600000| Untracked 
| 199|0x00000000ac700000, 0x00000000ac800000, 0x00000000ac800000|100%| O|  |TAMS 0x00000000ac700000, 0x00000000ac700000| Untracked 
| 200|0x00000000ac800000, 0x00000000ac900000, 0x00000000ac900000|100%| O|  |TAMS 0x00000000ac800000, 0x00000000ac800000| Untracked 
| 201|0x00000000ac900000, 0x00000000aca00000, 0x00000000aca00000|100%| O|  |TAMS 0x00000000ac900000, 0x00000000ac900000| Untracked 
| 202|0x00000000aca00000, 0x00000000acaeb600, 0x00000000acb00000| 91%| O|  |TAMS 0x00000000aca00000, 0x00000000aca00000| Untracked 
| 203|0x00000000acb00000, 0x00000000acb00000, 0x00000000acc00000|  0%| F|  |TAMS 0x00000000acb00000, 0x00000000acb00000| Untracked 
| 204|0x00000000acc00000, 0x00000000acc00000, 0x00000000acd00000|  0%| F|  |TAMS 0x00000000acc00000, 0x00000000acc00000| Untracked 
| 205|0x00000000acd00000, 0x00000000acd00000, 0x00000000ace00000|  0%| F|  |TAMS 0x00000000acd00000, 0x00000000acd00000| Untracked 
| 206|0x00000000ace00000, 0x00000000ace00000, 0x00000000acf00000|  0%| F|  |TAMS 0x00000000ace00000, 0x00000000ace00000| Untracked 
| 207|0x00000000acf00000, 0x00000000acf00000, 0x00000000ad000000|  0%| F|  |TAMS 0x00000000acf00000, 0x00000000acf00000| Untracked 
| 208|0x00000000ad000000, 0x00000000ad000000, 0x00000000ad100000|  0%| F|  |TAMS 0x00000000ad000000, 0x00000000ad000000| Untracked 
| 209|0x00000000ad100000, 0x00000000ad100000, 0x00000000ad200000|  0%| F|  |TAMS 0x00000000ad100000, 0x00000000ad100000| Untracked 
| 210|0x00000000ad200000, 0x00000000ad200000, 0x00000000ad300000|  0%| F|  |TAMS 0x00000000ad200000, 0x00000000ad200000| Untracked 
| 211|0x00000000ad300000, 0x00000000ad300000, 0x00000000ad400000|  0%| F|  |TAMS 0x00000000ad300000, 0x00000000ad300000| Untracked 
| 212|0x00000000ad400000, 0x00000000ad400000, 0x00000000ad500000|  0%| F|  |TAMS 0x00000000ad400000, 0x00000000ad400000| Untracked 
| 213|0x00000000ad500000, 0x00000000ad500000, 0x00000000ad600000|  0%| F|  |TAMS 0x00000000ad500000, 0x00000000ad500000| Untracked 
| 214|0x00000000ad600000, 0x00000000ad600000, 0x00000000ad700000|  0%| F|  |TAMS 0x00000000ad600000, 0x00000000ad600000| Untracked 
| 215|0x00000000ad700000, 0x00000000ad700000, 0x00000000ad800000|  0%| F|  |TAMS 0x00000000ad700000, 0x00000000ad700000| Untracked 
| 216|0x00000000ad800000, 0x00000000ad800000, 0x00000000ad900000|  0%| F|  |TAMS 0x00000000ad800000, 0x00000000ad800000| Untracked 
| 217|0x00000000ad900000, 0x00000000ad900000, 0x00000000ada00000|  0%| F|  |TAMS 0x00000000ad900000, 0x00000000ad900000| Untracked 
| 218|0x00000000ada00000, 0x00000000ada00000, 0x00000000adb00000|  0%| F|  |TAMS 0x00000000ada00000, 0x00000000ada00000| Untracked 
| 219|0x00000000adb00000, 0x00000000adb00000, 0x00000000adc00000|  0%| F|  |TAMS 0x00000000adb00000, 0x00000000adb00000| Untracked 
| 220|0x00000000adc00000, 0x00000000adc00000, 0x00000000add00000|  0%| F|  |TAMS 0x00000000adc00000, 0x00000000adc00000| Untracked 
| 221|0x00000000add00000, 0x00000000add00000, 0x00000000ade00000|  0%| F|  |TAMS 0x00000000add00000, 0x00000000add00000| Untracked 
| 222|0x00000000ade00000, 0x00000000ade00000, 0x00000000adf00000|  0%| F|  |TAMS 0x00000000ade00000, 0x00000000ade00000| Untracked 
| 223|0x00000000adf00000, 0x00000000adf00000, 0x00000000ae000000|  0%| F|  |TAMS 0x00000000adf00000, 0x00000000adf00000| Untracked 
| 224|0x00000000ae000000, 0x00000000ae000000, 0x00000000ae100000|  0%| F|  |TAMS 0x00000000ae000000, 0x00000000ae000000| Untracked 
| 225|0x00000000ae100000, 0x00000000ae100000, 0x00000000ae200000|  0%| F|  |TAMS 0x00000000ae100000, 0x00000000ae100000| Untracked 
| 226|0x00000000ae200000, 0x00000000ae200000, 0x00000000ae300000|  0%| F|  |TAMS 0x00000000ae200000, 0x00000000ae200000| Untracked 
| 227|0x00000000ae300000, 0x00000000ae300000, 0x00000000ae400000|  0%| F|  |TAMS 0x00000000ae300000, 0x00000000ae300000| Untracked 
| 228|0x00000000ae400000, 0x00000000ae400000, 0x00000000ae500000|  0%| F|  |TAMS 0x00000000ae400000, 0x00000000ae400000| Untracked 
| 229|0x00000000ae500000, 0x00000000ae500000, 0x00000000ae600000|  0%| F|  |TAMS 0x00000000ae500000, 0x00000000ae500000| Untracked 
| 230|0x00000000ae600000, 0x00000000ae600000, 0x00000000ae700000|  0%| F|  |TAMS 0x00000000ae600000, 0x00000000ae600000| Untracked 
| 231|0x00000000ae700000, 0x00000000ae700000, 0x00000000ae800000|  0%| F|  |TAMS 0x00000000ae700000, 0x00000000ae700000| Untracked 
| 232|0x00000000ae800000, 0x00000000ae800000, 0x00000000ae900000|  0%| F|  |TAMS 0x00000000ae800000, 0x00000000ae800000| Untracked 
| 233|0x00000000ae900000, 0x00000000ae900000, 0x00000000aea00000|  0%| F|  |TAMS 0x00000000ae900000, 0x00000000ae900000| Untracked 
| 234|0x00000000aea00000, 0x00000000aea00000, 0x00000000aeb00000|  0%| F|  |TAMS 0x00000000aea00000, 0x00000000aea00000| Untracked 
| 235|0x00000000aeb00000, 0x00000000aeb00000, 0x00000000aec00000|  0%| F|  |TAMS 0x00000000aeb00000, 0x00000000aeb00000| Untracked 
| 236|0x00000000aec00000, 0x00000000aec00000, 0x00000000aed00000|  0%| F|  |TAMS 0x00000000aec00000, 0x00000000aec00000| Untracked 
| 237|0x00000000aed00000, 0x00000000aed00000, 0x00000000aee00000|  0%| F|  |TAMS 0x00000000aed00000, 0x00000000aed00000| Untracked 
| 238|0x00000000aee00000, 0x00000000aee00000, 0x00000000aef00000|  0%| F|  |TAMS 0x00000000aee00000, 0x00000000aee00000| Untracked 
| 239|0x00000000aef00000, 0x00000000aef00000, 0x00000000af000000|  0%| F|  |TAMS 0x00000000aef00000, 0x00000000aef00000| Untracked 
| 240|0x00000000af000000, 0x00000000af000000, 0x00000000af100000|  0%| F|  |TAMS 0x00000000af000000, 0x00000000af000000| Untracked 
| 241|0x00000000af100000, 0x00000000af100000, 0x00000000af200000|  0%| F|  |TAMS 0x00000000af100000, 0x00000000af100000| Untracked 
| 242|0x00000000af200000, 0x00000000af200000, 0x00000000af300000|  0%| F|  |TAMS 0x00000000af200000, 0x00000000af200000| Untracked 
| 243|0x00000000af300000, 0x00000000af300000, 0x00000000af400000|  0%| F|  |TAMS 0x00000000af300000, 0x00000000af300000| Untracked 
| 244|0x00000000af400000, 0x00000000af400000, 0x00000000af500000|  0%| F|  |TAMS 0x00000000af400000, 0x00000000af400000| Untracked 
| 245|0x00000000af500000, 0x00000000af500000, 0x00000000af600000|  0%| F|  |TAMS 0x00000000af500000, 0x00000000af500000| Untracked 
| 246|0x00000000af600000, 0x00000000af600000, 0x00000000af700000|  0%| F|  |TAMS 0x00000000af600000, 0x00000000af600000| Untracked 
| 247|0x00000000af700000, 0x00000000af700000, 0x00000000af800000|  0%| F|  |TAMS 0x00000000af700000, 0x00000000af700000| Untracked 
| 248|0x00000000af800000, 0x00000000af800000, 0x00000000af900000|  0%| F|  |TAMS 0x00000000af800000, 0x00000000af800000| Untracked 
| 249|0x00000000af900000, 0x00000000af900000, 0x00000000afa00000|  0%| F|  |TAMS 0x00000000af900000, 0x00000000af900000| Untracked 
| 250|0x00000000afa00000, 0x00000000afa00000, 0x00000000afb00000|  0%| F|  |TAMS 0x00000000afa00000, 0x00000000afa00000| Untracked 
| 251|0x00000000afb00000, 0x00000000afb00000, 0x00000000afc00000|  0%| F|  |TAMS 0x00000000afb00000, 0x00000000afb00000| Untracked 
| 252|0x00000000afc00000, 0x00000000afc00000, 0x00000000afd00000|  0%| F|  |TAMS 0x00000000afc00000, 0x00000000afc00000| Untracked 
| 253|0x00000000afd00000, 0x00000000afd00000, 0x00000000afe00000|  0%| F|  |TAMS 0x00000000afd00000, 0x00000000afd00000| Untracked 
| 254|0x00000000afe00000, 0x00000000afe00000, 0x00000000aff00000|  0%| F|  |TAMS 0x00000000afe00000, 0x00000000afe00000| Untracked 
| 255|0x00000000aff00000, 0x00000000aff00000, 0x00000000b0000000|  0%| F|  |TAMS 0x00000000aff00000, 0x00000000aff00000| Untracked 
| 256|0x00000000b0000000, 0x00000000b0000000, 0x00000000b0100000|  0%| F|  |TAMS 0x00000000b0000000, 0x00000000b0000000| Untracked 
| 257|0x00000000b0100000, 0x00000000b0100000, 0x00000000b0200000|  0%| F|  |TAMS 0x00000000b0100000, 0x00000000b0100000| Untracked 
| 258|0x00000000b0200000, 0x00000000b0200000, 0x00000000b0300000|  0%| F|  |TAMS 0x00000000b0200000, 0x00000000b0200000| Untracked 
| 259|0x00000000b0300000, 0x00000000b0300000, 0x00000000b0400000|  0%| F|  |TAMS 0x00000000b0300000, 0x00000000b0300000| Untracked 
| 260|0x00000000b0400000, 0x00000000b0400000, 0x00000000b0500000|  0%| F|  |TAMS 0x00000000b0400000, 0x00000000b0400000| Untracked 
| 261|0x00000000b0500000, 0x00000000b0500000, 0x00000000b0600000|  0%| F|  |TAMS 0x00000000b0500000, 0x00000000b0500000| Untracked 
| 262|0x00000000b0600000, 0x00000000b0600000, 0x00000000b0700000|  0%| F|  |TAMS 0x00000000b0600000, 0x00000000b0600000| Untracked 
| 263|0x00000000b0700000, 0x00000000b0700000, 0x00000000b0800000|  0%| F|  |TAMS 0x00000000b0700000, 0x00000000b0700000| Untracked 
| 264|0x00000000b0800000, 0x00000000b0800000, 0x00000000b0900000|  0%| F|  |TAMS 0x00000000b0800000, 0x00000000b0800000| Untracked 
| 265|0x00000000b0900000, 0x00000000b0900000, 0x00000000b0a00000|  0%| F|  |TAMS 0x00000000b0900000, 0x00000000b0900000| Untracked 
| 266|0x00000000b0a00000, 0x00000000b0a00000, 0x00000000b0b00000|  0%| F|  |TAMS 0x00000000b0a00000, 0x00000000b0a00000| Untracked 
| 267|0x00000000b0b00000, 0x00000000b0b00000, 0x00000000b0c00000|  0%| F|  |TAMS 0x00000000b0b00000, 0x00000000b0b00000| Untracked 
| 268|0x00000000b0c00000, 0x00000000b0c00000, 0x00000000b0d00000|  0%| F|  |TAMS 0x00000000b0c00000, 0x00000000b0c00000| Untracked 
| 269|0x00000000b0d00000, 0x00000000b0d00000, 0x00000000b0e00000|  0%| F|  |TAMS 0x00000000b0d00000, 0x00000000b0d00000| Untracked 
| 270|0x00000000b0e00000, 0x00000000b0e00000, 0x00000000b0f00000|  0%| F|  |TAMS 0x00000000b0e00000, 0x00000000b0e00000| Untracked 
| 271|0x00000000b0f00000, 0x00000000b0f00000, 0x00000000b1000000|  0%| F|  |TAMS 0x00000000b0f00000, 0x00000000b0f00000| Untracked 
| 272|0x00000000b1000000, 0x00000000b1000000, 0x00000000b1100000|  0%| F|  |TAMS 0x00000000b1000000, 0x00000000b1000000| Untracked 
| 273|0x00000000b1100000, 0x00000000b1100000, 0x00000000b1200000|  0%| F|  |TAMS 0x00000000b1100000, 0x00000000b1100000| Untracked 
| 274|0x00000000b1200000, 0x00000000b1200000, 0x00000000b1300000|  0%| F|  |TAMS 0x00000000b1200000, 0x00000000b1200000| Untracked 
| 275|0x00000000b1300000, 0x00000000b1300000, 0x00000000b1400000|  0%| F|  |TAMS 0x00000000b1300000, 0x00000000b1300000| Untracked 
| 276|0x00000000b1400000, 0x00000000b1400000, 0x00000000b1500000|  0%| F|  |TAMS 0x00000000b1400000, 0x00000000b1400000| Untracked 
| 277|0x00000000b1500000, 0x00000000b1500000, 0x00000000b1600000|  0%| F|  |TAMS 0x00000000b1500000, 0x00000000b1500000| Untracked 
| 278|0x00000000b1600000, 0x00000000b1600000, 0x00000000b1700000|  0%| F|  |TAMS 0x00000000b1600000, 0x00000000b1600000| Untracked 
| 279|0x00000000b1700000, 0x00000000b1700000, 0x00000000b1800000|  0%| F|  |TAMS 0x00000000b1700000, 0x00000000b1700000| Untracked 
| 280|0x00000000b1800000, 0x00000000b1800000, 0x00000000b1900000|  0%| F|  |TAMS 0x00000000b1800000, 0x00000000b1800000| Untracked 
| 281|0x00000000b1900000, 0x00000000b1900000, 0x00000000b1a00000|  0%| F|  |TAMS 0x00000000b1900000, 0x00000000b1900000| Untracked 
| 282|0x00000000b1a00000, 0x00000000b1a00000, 0x00000000b1b00000|  0%| F|  |TAMS 0x00000000b1a00000, 0x00000000b1a00000| Untracked 
| 283|0x00000000b1b00000, 0x00000000b1b00000, 0x00000000b1c00000|  0%| F|  |TAMS 0x00000000b1b00000, 0x00000000b1b00000| Untracked 
| 284|0x00000000b1c00000, 0x00000000b1c00000, 0x00000000b1d00000|  0%| F|  |TAMS 0x00000000b1c00000, 0x00000000b1c00000| Untracked 
| 285|0x00000000b1d00000, 0x00000000b1d00000, 0x00000000b1e00000|  0%| F|  |TAMS 0x00000000b1d00000, 0x00000000b1d00000| Untracked 
| 286|0x00000000b1e00000, 0x00000000b1e00000, 0x00000000b1f00000|  0%| F|  |TAMS 0x00000000b1e00000, 0x00000000b1e00000| Untracked 
| 287|0x00000000b1f00000, 0x00000000b1f00000, 0x00000000b2000000|  0%| F|  |TAMS 0x00000000b1f00000, 0x00000000b1f00000| Untracked 
| 288|0x00000000b2000000, 0x00000000b2000000, 0x00000000b2100000|  0%| F|  |TAMS 0x00000000b2000000, 0x00000000b2000000| Untracked 
| 289|0x00000000b2100000, 0x00000000b2100000, 0x00000000b2200000|  0%| F|  |TAMS 0x00000000b2100000, 0x00000000b2100000| Untracked 
| 290|0x00000000b2200000, 0x00000000b2200000, 0x00000000b2300000|  0%| F|  |TAMS 0x00000000b2200000, 0x00000000b2200000| Untracked 
| 291|0x00000000b2300000, 0x00000000b2300000, 0x00000000b2400000|  0%| F|  |TAMS 0x00000000b2300000, 0x00000000b2300000| Untracked 
| 292|0x00000000b2400000, 0x00000000b2400000, 0x00000000b2500000|  0%| F|  |TAMS 0x00000000b2400000, 0x00000000b2400000| Untracked 
| 293|0x00000000b2500000, 0x00000000b2500000, 0x00000000b2600000|  0%| F|  |TAMS 0x00000000b2500000, 0x00000000b2500000| Untracked 
| 294|0x00000000b2600000, 0x00000000b2600000, 0x00000000b2700000|  0%| F|  |TAMS 0x00000000b2600000, 0x00000000b2600000| Untracked 
| 295|0x00000000b2700000, 0x00000000b2700000, 0x00000000b2800000|  0%| F|  |TAMS 0x00000000b2700000, 0x00000000b2700000| Untracked 
| 296|0x00000000b2800000, 0x00000000b2832ae0, 0x00000000b2900000| 19%| S|CS|TAMS 0x00000000b2800000, 0x00000000b2800000| Complete 
| 297|0x00000000b2900000, 0x00000000b2a00000, 0x00000000b2a00000|100%| S|CS|TAMS 0x00000000b2900000, 0x00000000b2900000| Complete 
| 298|0x00000000b2a00000, 0x00000000b2a00000, 0x00000000b2b00000|  0%| F|  |TAMS 0x00000000b2a00000, 0x00000000b2a00000| Untracked 
| 299|0x00000000b2b00000, 0x00000000b2b00000, 0x00000000b2c00000|  0%| F|  |TAMS 0x00000000b2b00000, 0x00000000b2b00000| Untracked 

Card table byte_map: [0x00000263d3830000,0x00000263d3b30000] _byte_map_base: 0x00000263d3330000

Marking Bits (Prev, Next): (CMBitMap*) 0x00000263bffb5700, (CMBitMap*) 0x00000263bffb56c8
 Prev Bits: [0x00000263d5630000, 0x00000263d6e30000)
 Next Bits: [0x00000263d3e30000, 0x00000263d5630000)

Polling page: 0x00000263c3aa0000

Metaspace:

Usage:
  Non-class:     99.20 MB capacity,    97.56 MB ( 98%) used,     1.33 MB (  1%) free+waste,   311.38 KB ( <1%) overhead. 
      Class:     14.34 MB capacity,    13.39 MB ( 93%) used,   834.98 KB (  6%) free+waste,   133.38 KB ( <1%) overhead. 
       Both:    113.54 MB capacity,   110.95 MB ( 98%) used,     2.15 MB (  2%) free+waste,   444.75 KB ( <1%) overhead. 

Virtual space:
  Non-class space:      100.00 MB reserved,      99.42 MB (>99%) committed 
      Class space:        1.00 GB reserved,      14.41 MB (  1%) committed 
             Both:        1.10 GB reserved,     113.83 MB ( 10%) committed 

Chunk freelists:
   Non-Class:  38.00 KB
       Class:  6.00 KB
        Both:  44.00 KB

MaxMetaspaceSize: 17179869184.00 GB
CompressedClassSpaceSize: 1.00 GB
Initial GC threshold: 20.80 MB
Current GC threshold: 154.92 MB
CDS: off

CodeHeap 'non-profiled nmethods': size=120000Kb used=10758Kb max_used=10758Kb free=109241Kb
 bounds [0x00000263cb590000, 0x00000263cc020000, 0x00000263d2ac0000]
CodeHeap 'profiled nmethods': size=120000Kb used=39169Kb max_used=39169Kb free=80830Kb
 bounds [0x00000263c4060000, 0x00000263c66b0000, 0x00000263cb590000]
CodeHeap 'non-nmethods': size=5760Kb used=2491Kb max_used=2526Kb free=3268Kb
 bounds [0x00000263c3ac0000, 0x00000263c3d50000, 0x00000263c4060000]
 total_blobs=19317 nmethods=18270 adapters=959
 compilation: enabled
              stopped_count=0, restarted_count=0
 full_count=0

Compilation events (20 events):
Event: 504.277 Thread 0x00000263da238000 18900       3       java.nio.HeapByteBuffer::getShort (25 bytes)
Event: 504.278 Thread 0x00000263da238000 nmethod 18900 0x00000263c669e410 code [0x00000263c669e600, 0x00000263c669eac8]
Event: 504.280 Thread 0x00000263da238000 18901       3       com.android.tools.r8.dex.c::d (31 bytes)
Event: 504.291 Thread 0x00000263da238000 nmethod 18901 0x00000263c669ed10 code [0x00000263c669eee0, 0x00000263c669f108]
Event: 504.291 Thread 0x00000263da238000 18902       3       com.android.tools.r8.internal.gc::g (8 bytes)
Event: 504.291 Thread 0x00000263da238000 nmethod 18902 0x00000263c669f210 code [0x00000263c669f3c0, 0x00000263c669f588]
Event: 504.384 Thread 0x00000263da235000 nmethod 18899 0x00000263cc00d010 code [0x00000263cc00d2c0, 0x00000263cc00fc28]
Event: 504.468 Thread 0x00000263da235000 18903       4       java.nio.HeapByteBuffer::getInt (25 bytes)
Event: 504.469 Thread 0x00000263da235000 nmethod 18903 0x00000263cc011310 code [0x00000263cc0114a0, 0x00000263cc011578]
Event: 504.469 Thread 0x00000263da235000 18904       4       com.android.tools.r8.dex.c::d (31 bytes)
Event: 504.471 Thread 0x00000263da235000 nmethod 18904 0x00000263cc011690 code [0x00000263cc011820, 0x00000263cc011938]
Event: 504.505 Thread 0x00000263da238000 18905       3       com.android.tools.r8.dex.c::f (34 bytes)
Event: 504.505 Thread 0x00000263da238000 nmethod 18905 0x00000263c669f690 code [0x00000263c669f860, 0x00000263c669faa8]
Event: 504.505 Thread 0x00000263da238000 18906       3       com.android.tools.r8.internal.gc::h (8 bytes)
Event: 504.506 Thread 0x00000263da238000 nmethod 18906 0x00000263c669fb90 code [0x00000263c669fd40, 0x00000263c669ff08]
Event: 504.508 Thread 0x00000263da238000 18907       3       com.android.tools.r8.internal.gc::e (8 bytes)
Event: 504.508 Thread 0x00000263da238000 nmethod 18907 0x00000263c66a0010 code [0x00000263c66a01c0, 0x00000263c66a02d8]
Event: 504.977 Thread 0x00000263da238000 18908       3       com.android.tools.r8.internal.ag::<init> (42 bytes)
Event: 504.978 Thread 0x00000263da238000 nmethod 18908 0x00000263c66a0390 code [0x00000263c66a0540, 0x00000263c66a06b8]
Event: 506.106 Thread 0x00000263da238000 18909 %     3       com.android.tools.r8.dex.j::k @ 35 (63 bytes)

GC Heap History (20 events):
Event: 483.435 GC heap after
{Heap after GC invocations=69 (full 0):
 garbage-first heap   total 307200K, used 140240K [0x00000000a0000000, 0x0000000100000000)
  region size 1024K, 11 young (11264K), 11 survivors (11264K)
 Metaspace       used 99091K, capacity 101531K, committed 101712K, reserved 1138688K
  class space    used 12222K, capacity 13123K, committed 13216K, reserved 1048576K
}
Event: 484.605 GC heap before
{Heap before GC invocations=69 (full 0):
 garbage-first heap   total 307200K, used 226256K [0x00000000a0000000, 0x0000000100000000)
  region size 1024K, 96 young (98304K), 11 survivors (11264K)
 Metaspace       used 103436K, capacity 105911K, committed 106064K, reserved 1142784K
  class space    used 12562K, capacity 13443K, committed 13472K, reserved 1048576K
}
Event: 484.649 GC heap after
{Heap after GC invocations=70 (full 0):
 garbage-first heap   total 307200K, used 152978K [0x00000000a0000000, 0x0000000100000000)
  region size 1024K, 12 young (12288K), 12 survivors (12288K)
 Metaspace       used 103436K, capacity 105911K, committed 106064K, reserved 1142784K
  class space    used 12562K, capacity 13443K, committed 13472K, reserved 1048576K
}
Event: 485.697 GC heap before
{Heap before GC invocations=70 (full 0):
 garbage-first heap   total 307200K, used 237970K [0x00000000a0000000, 0x0000000100000000)
  region size 1024K, 95 young (97280K), 12 survivors (12288K)
 Metaspace       used 103921K, capacity 106378K, committed 106576K, reserved 1142784K
  class space    used 12571K, capacity 13443K, committed 13472K, reserved 1048576K
}
Event: 485.721 GC heap after
{Heap after GC invocations=71 (full 0):
 garbage-first heap   total 307200K, used 149804K [0x00000000a0000000, 0x0000000100000000)
  region size 1024K, 5 young (5120K), 5 survivors (5120K)
 Metaspace       used 103921K, capacity 106378K, committed 106576K, reserved 1142784K
  class space    used 12571K, capacity 13443K, committed 13472K, reserved 1048576K
}
Event: 486.436 GC heap before
{Heap before GC invocations=71 (full 0):
 garbage-first heap   total 307200K, used 239916K [0x00000000a0000000, 0x0000000100000000)
  region size 1024K, 94 young (96256K), 5 survivors (5120K)
 Metaspace       used 104394K, capacity 106839K, committed 106960K, reserved 1142784K
  class space    used 12626K, capacity 13509K, committed 13600K, reserved 1048576K
}
Event: 486.450 GC heap after
{Heap after GC invocations=72 (full 0):
 garbage-first heap   total 307200K, used 151451K [0x00000000a0000000, 0x0000000100000000)
  region size 1024K, 7 young (7168K), 7 survivors (7168K)
 Metaspace       used 104394K, capacity 106839K, committed 106960K, reserved 1142784K
  class space    used 12626K, capacity 13509K, committed 13600K, reserved 1048576K
}
Event: 487.567 GC heap before
{Heap before GC invocations=72 (full 0):
 garbage-first heap   total 307200K, used 249755K [0x00000000a0000000, 0x0000000100000000)
  region size 1024K, 102 young (104448K), 7 survivors (7168K)
 Metaspace       used 106441K, capacity 108835K, committed 108880K, reserved 1144832K
  class space    used 12817K, capacity 13696K, committed 13728K, reserved 1048576K
}
Event: 487.581 GC heap after
{Heap after GC invocations=73 (full 0):
 garbage-first heap   total 307200K, used 154353K [0x00000000a0000000, 0x0000000100000000)
  region size 1024K, 9 young (9216K), 9 survivors (9216K)
 Metaspace       used 106441K, capacity 108835K, committed 108880K, reserved 1144832K
  class space    used 12817K, capacity 13696K, committed 13728K, reserved 1048576K
}
Event: 487.956 GC heap before
{Heap before GC invocations=73 (full 0):
 garbage-first heap   total 307200K, used 251633K [0x00000000a0000000, 0x0000000100000000)
  region size 1024K, 104 young (106496K), 9 survivors (9216K)
 Metaspace       used 106563K, capacity 109028K, committed 109136K, reserved 1144832K
  class space    used 12817K, capacity 13696K, committed 13728K, reserved 1048576K
}
Event: 487.973 GC heap after
{Heap after GC invocations=74 (full 0):
 garbage-first heap   total 307200K, used 154974K [0x00000000a0000000, 0x0000000100000000)
  region size 1024K, 4 young (4096K), 4 survivors (4096K)
 Metaspace       used 106563K, capacity 109028K, committed 109136K, reserved 1144832K
  class space    used 12817K, capacity 13696K, committed 13728K, reserved 1048576K
}
Event: 488.420 GC heap before
{Heap before GC invocations=74 (full 0):
 garbage-first heap   total 307200K, used 254302K [0x00000000a0000000, 0x0000000100000000)
  region size 1024K, 101 young (103424K), 4 survivors (4096K)
 Metaspace       used 106589K, capacity 109028K, committed 109136K, reserved 1144832K
  class space    used 12817K, capacity 13696K, committed 13728K, reserved 1048576K
}
Event: 488.424 GC heap after
{Heap after GC invocations=75 (full 0):
 garbage-first heap   total 307200K, used 154615K [0x00000000a0000000, 0x0000000100000000)
  region size 1024K, 4 young (4096K), 4 survivors (4096K)
 Metaspace       used 106589K, capacity 109028K, committed 109136K, reserved 1144832K
  class space    used 12817K, capacity 13696K, committed 13728K, reserved 1048576K
}
Event: 491.870 GC heap before
{Heap before GC invocations=75 (full 0):
 garbage-first heap   total 307200K, used 253943K [0x00000000a0000000, 0x0000000100000000)
  region size 1024K, 102 young (104448K), 4 survivors (4096K)
 Metaspace       used 110241K, capacity 112634K, committed 112976K, reserved 1148928K
  class space    used 13265K, capacity 14148K, committed 14240K, reserved 1048576K
}
Event: 491.900 GC heap after
{Heap after GC invocations=76 (full 0):
 garbage-first heap   total 307200K, used 158316K [0x00000000a0000000, 0x0000000100000000)
  region size 1024K, 8 young (8192K), 8 survivors (8192K)
 Metaspace       used 110241K, capacity 112634K, committed 112976K, reserved 1148928K
  class space    used 13265K, capacity 14148K, committed 14240K, reserved 1048576K
}
Event: 499.301 GC heap before
{Heap before GC invocations=76 (full 0):
 garbage-first heap   total 307200K, used 259692K [0x00000000a0000000, 0x0000000100000000)
  region size 1024K, 105 young (107520K), 8 survivors (8192K)
 Metaspace       used 110907K, capacity 113495K, committed 113616K, reserved 1148928K
  class space    used 13339K, capacity 14270K, committed 14368K, reserved 1048576K
}
Event: 499.361 GC heap after
{Heap after GC invocations=77 (full 0):
 garbage-first heap   total 307200K, used 168788K [0x00000000a0000000, 0x0000000100000000)
  region size 1024K, 14 young (14336K), 14 survivors (14336K)
 Metaspace       used 110907K, capacity 113495K, committed 113616K, reserved 1148928K
  class space    used 13339K, capacity 14270K, committed 14368K, reserved 1048576K
}
Event: 505.009 GC heap before
{Heap before GC invocations=77 (full 0):
 garbage-first heap   total 307200K, used 241492K [0x00000000a0000000, 0x0000000100000000)
  region size 1024K, 69 young (70656K), 14 survivors (14336K)
 Metaspace       used 113614K, capacity 116260K, committed 116560K, reserved 1150976K
  class space    used 13713K, capacity 14682K, committed 14752K, reserved 1048576K
}
Event: 506.080 GC heap after
{Heap after GC invocations=78 (full 0):
 garbage-first heap   total 307200K, used 195095K [0x00000000a0000000, 0x0000000100000000)
  region size 1024K, 13 young (13312K), 13 survivors (13312K)
 Metaspace       used 113614K, capacity 116260K, committed 116560K, reserved 1150976K
  class space    used 13713K, capacity 14682K, committed 14752K, reserved 1048576K
}
Event: 506.180 GC heap before
{Heap before GC invocations=78 (full 0):
 garbage-first heap   total 307200K, used 209431K [0x00000000a0000000, 0x0000000100000000)
  region size 1024K, 15 young (15360K), 13 survivors (13312K)
 Metaspace       used 113616K, capacity 116260K, committed 116560K, reserved 1150976K
  class space    used 13713K, capacity 14682K, committed 14752K, reserved 1048576K
}

Deoptimization events (20 events):
Event: 502.902 Thread 0x00000263dfae8800 Uncommon trap: reason=array_check action=maybe_recompile pc=0x00000263cbfe513c method=java.util.TimSort.reverseRange([Ljava/lang/Object;II)V @ 27 c2
Event: 502.902 Thread 0x00000263dfae8800 DEOPT PACKING pc=0x00000263cbfe513c sp=0x000000bc433fcfa0
Event: 502.902 Thread 0x00000263dfae8800 DEOPT UNPACKING pc=0x00000263c3b0a1af sp=0x000000bc433fced0 mode 2
Event: 502.903 Thread 0x00000263dfaeb800 DEOPT UNPACKING pc=0x00000263c3b0a1af sp=0x000000bc439fcc80 mode 2
Event: 502.899 Thread 0x00000263dc6c9000 Uncommon trap: trap_request=0xffffffd6 fr.pc=0x00000263cbfe513c relative=0x00000000000004fc
Event: 502.908 Thread 0x00000263dc6c9000 Uncommon trap: reason=array_check action=maybe_recompile pc=0x00000263cbfe513c method=java.util.TimSort.reverseRange([Ljava/lang/Object;II)V @ 27 c2
Event: 502.908 Thread 0x00000263dc6c9000 DEOPT PACKING pc=0x00000263cbfe513c sp=0x000000bc426fca30
Event: 502.908 Thread 0x00000263dc6c9000 DEOPT UNPACKING pc=0x00000263c3b0a1af sp=0x000000bc426fc960 mode 2
Event: 503.146 Thread 0x00000263db0ad000 Uncommon trap: trap_request=0xffffff4d fr.pc=0x00000263cb94b3ac relative=0x000000000000038c
Event: 503.146 Thread 0x00000263db0ad000 Uncommon trap: reason=unstable_if action=reinterpret pc=0x00000263cb94b3ac method=java.util.stream.StreamOpFlag.getMask(I)I @ 1 c2
Event: 503.146 Thread 0x00000263db0ad000 DEOPT PACKING pc=0x00000263cb94b3ac sp=0x000000bc47dfcec0
Event: 503.146 Thread 0x00000263db0ad000 DEOPT UNPACKING pc=0x00000263c3b0a1af sp=0x000000bc47dfcdb0 mode 2
Event: 503.329 Thread 0x00000263db0ad000 Uncommon trap: trap_request=0xffffff4d fr.pc=0x00000263cbb7f338 relative=0x00000000000000d8
Event: 503.330 Thread 0x00000263db0ad000 Uncommon trap: reason=unstable_if action=reinterpret pc=0x00000263cbb7f338 method=jdk.internal.loader.URLClassPath.findResource(Ljava/lang/String;Z)Ljava/net/URL; @ 24 c2
Event: 503.330 Thread 0x00000263db0ad000 DEOPT PACKING pc=0x00000263cbb7f338 sp=0x000000bc47dfb0e0
Event: 503.330 Thread 0x00000263db0ad000 DEOPT UNPACKING pc=0x00000263c3b0a1af sp=0x000000bc47dfb070 mode 2
Event: 504.277 Thread 0x00000263db0ad000 Uncommon trap: trap_request=0xffffff4d fr.pc=0x00000263cb889adc relative=0x00000000000000bc
Event: 504.277 Thread 0x00000263db0ad000 Uncommon trap: reason=unstable_if action=reinterpret pc=0x00000263cb889adc method=jdk.internal.misc.Unsafe.convEndian(ZS)S @ 4 c2
Event: 504.277 Thread 0x00000263db0ad000 DEOPT PACKING pc=0x00000263cb889adc sp=0x000000bc47dfd190
Event: 504.277 Thread 0x00000263db0ad000 DEOPT UNPACKING pc=0x00000263c3b0a1af sp=0x000000bc47dfd050 mode 2

Classes redefined (0 events):
No events

Internal exceptions (20 events):
Event: 486.077 Thread 0x00000263db0a3800 Exception <a 'java/lang/NoSuchMethodError'{0x00000000b0dd1060}: <clinit>> (0x00000000b0dd1060) thrown at [./src/hotspot/share/prims/jni.cpp, line 1366]
Event: 486.536 Thread 0x00000263db0a6800 Exception <a 'sun/nio/fs/WindowsException'{0x00000000b2262ea0}> (0x00000000b2262ea0) thrown at [./src/hotspot/share/prims/jni.cpp, line 616]
Event: 486.538 Thread 0x00000263db0a6800 Exception <a 'sun/nio/fs/WindowsException'{0x00000000b226e7e0}> (0x00000000b226e7e0) thrown at [./src/hotspot/share/prims/jni.cpp, line 616]
Event: 486.538 Thread 0x00000263db0a6800 Exception <a 'sun/nio/fs/WindowsException'{0x00000000b226eac0}> (0x00000000b226eac0) thrown at [./src/hotspot/share/prims/jni.cpp, line 616]
Event: 486.538 Thread 0x00000263db0a6800 Exception <a 'sun/nio/fs/WindowsException'{0x00000000b226f940}> (0x00000000b226f940) thrown at [./src/hotspot/share/prims/jni.cpp, line 616]
Event: 486.538 Thread 0x00000263db0a6800 Exception <a 'sun/nio/fs/WindowsException'{0x00000000b226fc00}> (0x00000000b226fc00) thrown at [./src/hotspot/share/prims/jni.cpp, line 616]
Event: 486.538 Thread 0x00000263db0a6800 Exception <a 'sun/nio/fs/WindowsException'{0x00000000b2270a70}> (0x00000000b2270a70) thrown at [./src/hotspot/share/prims/jni.cpp, line 616]
Event: 489.166 Thread 0x00000263db0a6800 Exception <a 'sun/nio/fs/WindowsException'{0x00000000b0a46900}> (0x00000000b0a46900) thrown at [./src/hotspot/share/prims/jni.cpp, line 616]
Event: 489.166 Thread 0x00000263db0a6800 Exception <a 'sun/nio/fs/WindowsException'{0x00000000b0a47778}> (0x00000000b0a47778) thrown at [./src/hotspot/share/prims/jni.cpp, line 616]
Event: 490.522 Thread 0x00000263db0a3800 Exception <a 'sun/nio/fs/WindowsException'{0x00000000ad4ad198}> (0x00000000ad4ad198) thrown at [./src/hotspot/share/prims/jni.cpp, line 616]
Event: 490.522 Thread 0x00000263db0a3800 Exception <a 'sun/nio/fs/WindowsException'{0x00000000ad4ae038}> (0x00000000ad4ae038) thrown at [./src/hotspot/share/prims/jni.cpp, line 616]
Event: 490.655 Thread 0x00000263db0ae000 Exception <a 'sun/nio/fs/WindowsException'{0x00000000ad3215d8}> (0x00000000ad3215d8) thrown at [./src/hotspot/share/prims/jni.cpp, line 616]
Event: 496.235 Thread 0x00000263db0a3800 Exception <a 'java/lang/NoSuchMethodError'{0x00000000aec48f48}: <clinit>> (0x00000000aec48f48) thrown at [./src/hotspot/share/prims/jni.cpp, line 1366]
Event: 499.076 Thread 0x00000263db0a6800 Exception <a 'java/lang/NoSuchMethodError'{0x00000000accca638}: <clinit>> (0x00000000accca638) thrown at [./src/hotspot/share/prims/jni.cpp, line 1366]
Event: 499.082 Thread 0x00000263db0a6800 Exception <a 'java/lang/NoSuchMethodError'{0x00000000acccbc28}: <clinit>> (0x00000000acccbc28) thrown at [./src/hotspot/share/prims/jni.cpp, line 1366]
Event: 499.088 Thread 0x00000263db0a6800 Exception <a 'java/lang/NoSuchMethodError'{0x00000000accce828}: <clinit>> (0x00000000accce828) thrown at [./src/hotspot/share/prims/jni.cpp, line 1366]
Event: 499.178 Thread 0x00000263db0a6800 Exception <a 'java/lang/NoSuchMethodError'{0x00000000acce5498}: <clinit>> (0x00000000acce5498) thrown at [./src/hotspot/share/prims/jni.cpp, line 1366]
Event: 499.178 Thread 0x00000263db0a6800 Exception <a 'java/lang/NoSuchMethodError'{0x00000000acce66d0}: <clinit>> (0x00000000acce66d0) thrown at [./src/hotspot/share/prims/jni.cpp, line 1366]
Event: 502.293 Thread 0x00000263db0ad000 Exception <a 'sun/nio/fs/WindowsException'{0x00000000b1c188d0}> (0x00000000b1c188d0) thrown at [./src/hotspot/share/prims/jni.cpp, line 616]
Event: 504.260 Thread 0x00000263db0ad000 Exception <a 'java/lang/NoSuchMethodError'{0x00000000afaf67b8}: 'java.lang.Object java.lang.invoke.DirectMethodHandle$Holder.invokeStaticInit(java.lang.Object, java.lang.Object, java.lang.Object, java.lang.Object, java.lang.Object, java.lang.Object, java.lang.Object, java.lang.Object, java.lang.Object, java.lang.Object, java.lang.Object, java.lang.Object, java.lang.Object, java.lang.Object, java.lang.Object, java.lang.Object, java.lang.Object, java.lang.Object, int, java.lang.Object, java.lang.Object)'> (0

Events (20 events):
Event: 504.266 loading class com/android/tools/r8/graph/e1 done
Event: 504.266 loading class com/android/tools/r8/graph/P0
Event: 504.266 loading class com/android/tools/r8/graph/P0 done
Event: 504.269 loading class com/android/tools/r8/internal/rz
Event: 504.269 loading class com/android/tools/r8/internal/rz done
Event: 504.272 loading class com/android/tools/r8/graph/e1
Event: 504.272 loading class com/android/tools/r8/graph/e1 done
Event: 504.272 loading class com/android/tools/r8/graph/s
Event: 504.272 loading class com/android/tools/r8/graph/s done
Event: 504.272 loading class com/android/tools/r8/internal/mI
Event: 504.272 loading class com/android/tools/r8/internal/mI done
Event: 504.276 loading class com/android/tools/r8/internal/ag
Event: 504.276 loading class com/android/tools/r8/internal/ag done
Event: 504.277 loading class com/android/tools/r8/internal/yA
Event: 504.277 loading class com/android/tools/r8/internal/yA done
Event: 504.293 loading class com/android/tools/r8/internal/Cs
Event: 504.293 loading class com/android/tools/r8/internal/Cs done
Event: 505.009 Executing VM operation: G1CollectForAllocation
Event: 506.080 Executing VM operation: G1CollectForAllocation done
Event: 506.106 Executing VM operation: G1CollectForAllocation


Dynamic libraries:
0x00007ff7412f0000 - 0x00007ff7412fa000 	C:\Program Files\Android\Android Studio\jre\bin\java.exe
0x00007ffd069f0000 - 0x00007ffd06be5000 	C:\Windows\SYSTEM32\ntdll.dll
0x00007ffd04b90000 - 0x00007ffd04c4e000 	C:\Windows\System32\KERNEL32.DLL
0x00007ffd04450000 - 0x00007ffd04719000 	C:\Windows\System32\KERNELBASE.dll
0x00007ffd04170000 - 0x00007ffd04270000 	C:\Windows\System32\ucrtbase.dll
0x00007ffd01910000 - 0x00007ffd01929000 	C:\Program Files\Android\Android Studio\jre\bin\jli.dll
0x00007ffcb97e0000 - 0x00007ffcb97f7000 	C:\Program Files\Android\Android Studio\jre\bin\VCRUNTIME140.dll
0x00007ffd05900000 - 0x00007ffd05aa1000 	C:\Windows\System32\USER32.dll
0x00007ffd04420000 - 0x00007ffd04442000 	C:\Windows\System32\win32u.dll
0x00007ffcf4850000 - 0x00007ffcf4aea000 	C:\Windows\WinSxS\amd64_microsoft.windows.common-controls_6595b64144ccf1df_6.0.19041.1110_none_60b5254171f9507e\COMCTL32.dll
0x00007ffd050f0000 - 0x00007ffd0511b000 	C:\Windows\System32\GDI32.dll
0x00007ffd06500000 - 0x00007ffd0659e000 	C:\Windows\System32\msvcrt.dll
0x00007ffd04310000 - 0x00007ffd0441b000 	C:\Windows\System32\gdi32full.dll
0x00007ffd04270000 - 0x00007ffd0430d000 	C:\Windows\System32\msvcp_win.dll
0x00007ffd052d0000 - 0x00007ffd05300000 	C:\Windows\System32\IMM32.DLL
0x00007ffcb6fe0000 - 0x00007ffcb707d000 	C:\Program Files\Android\Android Studio\jre\bin\msvcp140.dll
0x00007ffcb7550000 - 0x00007ffcb8052000 	C:\Program Files\Android\Android Studio\jre\bin\server\jvm.dll
0x00007ffd04ae0000 - 0x00007ffd04b8c000 	C:\Windows\System32\ADVAPI32.dll
0x00007ffd04a40000 - 0x00007ffd04adb000 	C:\Windows\System32\sechost.dll
0x00007ffd05b10000 - 0x00007ffd05c3a000 	C:\Windows\System32\RPCRT4.dll
0x00007ffd05300000 - 0x00007ffd05308000 	C:\Windows\System32\PSAPI.DLL
0x00007ffcbbbb0000 - 0x00007ffcbbbb9000 	C:\Windows\SYSTEM32\WSOCK32.dll
0x00007ffd05320000 - 0x00007ffd0538b000 	C:\Windows\System32\WS2_32.dll
0x00007ffcfa5a0000 - 0x00007ffcfa5c7000 	C:\Windows\SYSTEM32\WINMM.dll
0x00007ffcfed60000 - 0x00007ffcfed6a000 	C:\Windows\SYSTEM32\VERSION.dll
0x00007ffd02030000 - 0x00007ffd02042000 	C:\Windows\SYSTEM32\kernel.appcore.dll
0x00007ffcb97c0000 - 0x00007ffcb97d1000 	C:\Program Files\Android\Android Studio\jre\bin\verify.dll
0x00007ffced650000 - 0x00007ffced834000 	C:\Windows\SYSTEM32\DBGHELP.DLL
0x00007ffced600000 - 0x00007ffced62c000 	C:\Windows\SYSTEM32\dbgcore.DLL
0x00007ffd049b0000 - 0x00007ffd04a33000 	C:\Windows\System32\bcryptPrimitives.dll
0x00007ffcb9790000 - 0x00007ffcb97b9000 	C:\Program Files\Android\Android Studio\jre\bin\java.dll
0x00007ffcb7540000 - 0x00007ffcb754b000 	C:\Program Files\Android\Android Studio\jre\bin\jimage.dll
0x00007ffcb7520000 - 0x00007ffcb7538000 	C:\Program Files\Android\Android Studio\jre\bin\zip.dll
0x00007ffd05dc0000 - 0x00007ffd064ff000 	C:\Windows\System32\SHELL32.dll
0x00007ffd02230000 - 0x00007ffd029c0000 	C:\Windows\SYSTEM32\windows.storage.dll
0x00007ffd04c50000 - 0x00007ffd04fa5000 	C:\Windows\System32\combase.dll
0x00007ffd03a90000 - 0x00007ffd03abc000 	C:\Windows\SYSTEM32\Wldp.dll
0x00007ffd05d10000 - 0x00007ffd05dbd000 	C:\Windows\System32\SHCORE.dll
0x00007ffd05ab0000 - 0x00007ffd05b05000 	C:\Windows\System32\shlwapi.dll
0x00007ffd04050000 - 0x00007ffd0406f000 	C:\Windows\SYSTEM32\profapi.dll
0x00007ffcb7500000 - 0x00007ffcb751a000 	C:\Program Files\Android\Android Studio\jre\bin\net.dll
0x00007ffcf8750000 - 0x00007ffcf8858000 	C:\Windows\SYSTEM32\WINHTTP.dll
0x00007ffd037f0000 - 0x00007ffd0385a000 	C:\Windows\system32\mswsock.dll
0x00007ffcb74e0000 - 0x00007ffcb74f4000 	C:\Program Files\Android\Android Studio\jre\bin\nio.dll
0x00007ffce6b80000 - 0x00007ffce6ba7000 	C:\Users\shweta android\.gradle\native\e1d6ef7f7dcc3fd88c89a11ec53ec762bb8ba0a96d01ffa2cd45eb1d1d8dd5c5\windows-amd64\native-platform.dll
0x00007ffce0310000 - 0x00007ffce0454000 	C:\Users\shweta android\.gradle\native\0d407fdbe67a94daf76414ababcb853783967236a71b16ec16e742cd7a986fd3\windows-amd64\native-platform-file-events.dll
0x00007ffcb6fb0000 - 0x00007ffcb6fba000 	C:\Program Files\Android\Android Studio\jre\bin\management.dll
0x00007ffcb6fa0000 - 0x00007ffcb6fad000 	C:\Program Files\Android\Android Studio\jre\bin\management_ext.dll
0x00007ffd039e0000 - 0x00007ffd039f8000 	C:\Windows\SYSTEM32\CRYPTSP.dll
0x00007ffd03170000 - 0x00007ffd031a4000 	C:\Windows\system32\rsaenh.dll
0x00007ffd04980000 - 0x00007ffd049a7000 	C:\Windows\System32\bcrypt.dll
0x00007ffd04010000 - 0x00007ffd0403e000 	C:\Windows\SYSTEM32\USERENV.dll
0x00007ffd03a00000 - 0x00007ffd03a0c000 	C:\Windows\SYSTEM32\CRYPTBASE.dll
0x00007ffd034e0000 - 0x00007ffd0351b000 	C:\Windows\SYSTEM32\IPHLPAPI.DLL
0x00007ffd05390000 - 0x00007ffd05398000 	C:\Windows\System32\NSI.dll
0x00007ffcfda80000 - 0x00007ffcfda97000 	C:\Windows\SYSTEM32\dhcpcsvc6.DLL
0x00007ffcfe090000 - 0x00007ffcfe0ad000 	C:\Windows\SYSTEM32\dhcpcsvc.DLL
0x00007ffd03520000 - 0x00007ffd035ec000 	C:\Windows\SYSTEM32\DNSAPI.dll
0x00007ffcb7080000 - 0x00007ffcb7226000 	C:\Program Files\Android\Android Studio\jre\bin\awt.dll
0x00007ffd05c40000 - 0x00007ffd05d0d000 	C:\Windows\System32\OLEAUT32.dll
0x00007ffd01e50000 - 0x00007ffd01e7f000 	C:\Windows\SYSTEM32\dwmapi.dll
0x00007ffd01a20000 - 0x00007ffd01ab0000 	C:\Windows\SYSTEM32\apphelp.dll
0x00007ffd01b50000 - 0x00007ffd01bee000 	C:\Windows\system32\uxtheme.dll

dbghelp: loaded successfully - version: 4.0.5 - missing functions: none
symbol engine: initialized successfully - sym options: 0x614 - pdb path: .;C:\Program Files\Android\Android Studio\jre\bin;C:\Windows\SYSTEM32;C:\Windows\WinSxS\amd64_microsoft.windows.common-controls_6595b64144ccf1df_6.0.19041.1110_none_60b5254171f9507e;C:\Program Files\Android\Android Studio\jre\bin\server;C:\Users\shweta android\.gradle\native\e1d6ef7f7dcc3fd88c89a11ec53ec762bb8ba0a96d01ffa2cd45eb1d1d8dd5c5\windows-amd64;C:\Users\shweta android\.gradle\native\0d407fdbe67a94daf76414ababcb853783967236a71b16ec16e742cd7a986fd3\windows-amd64

VM Arguments:
jvm_args: --add-opens=java.base/java.util=ALL-UNNAMED --add-opens=java.base/java.lang=ALL-UNNAMED --add-opens=java.base/java.lang.invoke=ALL-UNNAMED --add-opens=java.base/java.util=ALL-UNNAMED --add-opens=java.prefs/java.util.prefs=ALL-UNNAMED --add-opens=java.prefs/java.util.prefs=ALL-UNNAMED --add-opens=java.base/java.nio.charset=ALL-UNNAMED --add-opens=java.base/java.net=ALL-UNNAMED --add-opens=java.base/java.util.concurrent.atomic=ALL-UNNAMED -Xmx1536m -Dfile.encoding=windows-1252 -Duser.country=US -Duser.language=en -Duser.variant 
java_command: org.gradle.launcher.daemon.bootstrap.GradleDaemon 7.4
java_class_path (initial): C:\Users\shweta android\.gradle\wrapper\dists\gradle-7.4-bin\c0gwcg53nkjbqw7r0h0umtfvt\gradle-7.4\lib\gradle-launcher-7.4.jar
Launcher Type: SUN_STANDARD

[Global flags]
     intx CICompilerCount                          = 4                                         {product} {ergonomic}
     uint ConcGCThreads                            = 2                                         {product} {ergonomic}
     uint G1ConcRefinementThreads                  = 8                                         {product} {ergonomic}
   size_t G1HeapRegionSize                         = 1048576                                   {product} {ergonomic}
    uintx GCDrainStackTargetSize                   = 64                                        {product} {ergonomic}
   size_t InitialHeapSize                          = 67108864                                  {product} {ergonomic}
   size_t MarkStackSize                            = 4194304                                   {product} {ergonomic}
   size_t MaxHeapSize                              = 1610612736                                {product} {command line}
   size_t MaxNewSize                               = 965738496                                 {product} {ergonomic}
   size_t MinHeapDeltaBytes                        = 1048576                                   {product} {ergonomic}
    uintx NonNMethodCodeHeapSize                   = 5836300                                {pd product} {ergonomic}
    uintx NonProfiledCodeHeapSize                  = 122910970                              {pd product} {ergonomic}
    uintx ProfiledCodeHeapSize                     = 122910970                              {pd product} {ergonomic}
    uintx ReservedCodeCacheSize                    = 251658240                              {pd product} {ergonomic}
     bool SegmentedCodeCache                       = true                                      {product} {ergonomic}
     bool UseCompressedClassPointers               = true                                 {lp64_product} {ergonomic}
     bool UseCompressedOops                        = true                                 {lp64_product} {ergonomic}
     bool UseG1GC                                  = true                                      {product} {ergonomic}
     bool UseLargePagesIndividualAllocation        = false                                  {pd product} {ergonomic}

Logging:
Log output configuration:
 #0: stdout all=warning uptime,level,tags
 #1: stderr all=off uptime,level,tags

Environment Variables:
PATH=C:\Windows\system32;C:\Windows;C:\Windows\System32\Wbem;C:\Windows\System32\WindowsPowerShell\v1.0\;C:\Windows\System32\OpenSSH\;C:\Program Files\Git\cmd;C:\Users\shweta android\AppData\Local\Microsoft\WindowsApps;;D:\program files\Microsoft VS Code\bin
USERNAME=shweta android
OS=Windows_NT
PROCESSOR_IDENTIFIER=Intel64 Family 6 Model 60 Stepping 3, GenuineIntel



---------------  S Y S T E M  ---------------

OS: Windows 10 , 64 bit Build 19041 (10.0.19041.1202)
OS uptime: 0 days 3:07 hours

CPU:total 8 (initial active 8) (4 cores per cpu, 2 threads per core) family 6 model 60 stepping 3 microcode 0x27, cmov, cx8, fxsr, mmx, sse, sse2, sse3, ssse3, sse4.1, sse4.2, popcnt, avx, avx2, aes, clmul, erms, lzcnt, ht, tsc, tscinvbit, bmi1, bmi2, fma

Memory: 4k page, system-wide physical 4007M (99M free)
TotalPageFile size 10154M (AvailPageFile size 98M)
current process WorkingSet (physical memory assigned to process): 298M, peak: 326M
current process commit charge ("private bytes"): 639M, peak: 905M

vm_info: OpenJDK 64-Bit Server VM (11.0.13+0-b1751.21-8125866) for windows-amd64 JRE (11.0.13+0-b1751.21-8125866), built on Feb  2 2022 03:00:22 by "builder" with MS VC++ 14.0 (VS2015)

END.
