#
# There is insufficient memory for the Java Runtime Environment to continue.
# Native memory allocation (malloc) failed to allocate 765216 bytes for Chunk::new
# Possible reasons:
#   The system is out of physical RAM or swap space
#   The process is running with CompressedOops enabled, and the Java Heap may be blocking the growth of the native heap
# Possible solutions:
#   Reduce memory load on the system
#   Increase physical memory or swap space
#   Check if swap backing store is full
#   Decrease Java heap size (-Xmx/-Xms)
#   Decrease number of Java threads
#   Decrease Java thread stack sizes (-Xss)
#   Set larger code cache with -XX:ReservedCodeCacheSize=
#   JVM is running with Unscaled Compressed Oops mode in which the Java heap is
#     placed in the first 4GB address space. The Java Heap base address is the
#     maximum limit for the native heap growth. Please use -XX:HeapBaseMinAddress
#     to set the Java Heap base and to place the Java Heap above 4GB virtual address.
# This output file may be truncated or incomplete.
#
#  Out of Memory Error (./src/hotspot/share/memory/arena.cpp:197), pid=9416, tid=11156
#
# JRE version: OpenJDK Runtime Environment (11.0.13) (build 11.0.13+0-b1751.21-8125866)
# Java VM: OpenJDK 64-Bit Server VM (11.0.13+0-b1751.21-8125866, mixed mode, tiered, compressed oops, g1 gc, windows-amd64)
# No core dump will be written. Minidumps are not enabled by default on client versions of Windows
#

---------------  S U M M A R Y ------------

Command Line: org.jetbrains.kotlin.cli.jvm.K2JVMCompiler @D:\sonalika apk\sonalikaM23 09 22\app\build\20221125_11190878821288096527.compiler.options

Host: Intel(R) Core(TM) i7-4770 CPU @ 3.40GHz, 8 cores, 3G,  Windows 10 , 64 bit Build 19041 (10.0.19041.1202)
Time: Fri Nov 25 15:40:08 2022 India Standard Time elapsed time: 1.505562 seconds (0d 0h 0m 1s)

---------------  T H R E A D  ---------------

Current thread (0x0000026bebe7c800):  JavaThread "C2 CompilerThread0" daemon [_thread_in_native, id=11156, stack(0x000000784d000000,0x000000784d100000)]


Current CompileTask:
C2:   1505 1935   !   4       jdk.internal.loader.BuiltinClassLoader::loadClassOrNull (143 bytes)

Stack: [0x000000784d000000,0x000000784d100000]
Native frames: (J=compiled Java code, j=interpreted, Vv=VM code, C=native code)
V  [jvm.dll+0x6100fa]
V  [jvm.dll+0x747090]
V  [jvm.dll+0x7486ad]
V  [jvm.dll+0x748d83]
V  [jvm.dll+0x24ab48]
V  [jvm.dll+0xc04dc]
V  [jvm.dll+0xc0a0c]
V  [jvm.dll+0x2bfab4]
V  [jvm.dll+0x524238]
V  [jvm.dll+0x20491a]
V  [jvm.dll+0x2023c2]
V  [jvm.dll+0x188e01]
V  [jvm.dll+0x21106b]
V  [jvm.dll+0x20f8c1]
V  [jvm.dll+0x70de0f]
V  [jvm.dll+0x706a75]
V  [jvm.dll+0x60ed66]
C  [ucrtbase.dll+0x21bb2]
C  [KERNEL32.DLL+0x17034]
C  [ntdll.dll+0x52651]


---------------  P R O C E S S  ---------------

Threads class SMR info:
_java_thread_list=0x0000026bec973eb0, length=10, elements={
0x0000026bd409e800, 0x0000026bebe54000, 0x0000026bebe55800, 0x0000026bebe75000,
0x0000026bebe77000, 0x0000026bebe78000, 0x0000026bebe7c800, 0x0000026bebecc800,
0x0000026bebece000, 0x0000026bec97d800
}

Java Threads: ( => current thread )
  0x0000026bd409e800 JavaThread "main" [_thread_in_vm, id=25880, stack(0x000000784c400000,0x000000784c500000)]
  0x0000026bebe54000 JavaThread "Reference Handler" daemon [_thread_blocked, id=9512, stack(0x000000784cb00000,0x000000784cc00000)]
  0x0000026bebe55800 JavaThread "Finalizer" daemon [_thread_blocked, id=10200, stack(0x000000784cc00000,0x000000784cd00000)]
  0x0000026bebe75000 JavaThread "Signal Dispatcher" daemon [_thread_blocked, id=17496, stack(0x000000784cd00000,0x000000784ce00000)]
  0x0000026bebe77000 JavaThread "Attach Listener" daemon [_thread_blocked, id=20088, stack(0x000000784ce00000,0x000000784cf00000)]
  0x0000026bebe78000 JavaThread "Service Thread" daemon [_thread_blocked, id=17604, stack(0x000000784cf00000,0x000000784d000000)]
=>0x0000026bebe7c800 JavaThread "C2 CompilerThread0" daemon [_thread_in_native, id=11156, stack(0x000000784d000000,0x000000784d100000)]
  0x0000026bebecc800 JavaThread "C1 CompilerThread0" daemon [_thread_blocked, id=28664, stack(0x000000784d100000,0x000000784d200000)]
  0x0000026bebece000 JavaThread "Sweeper thread" daemon [_thread_blocked, id=11920, stack(0x000000784d200000,0x000000784d300000)]
  0x0000026bec97d800 JavaThread "Common-Cleaner" daemon [_thread_blocked, id=11660, stack(0x000000784d400000,0x000000784d500000)]

Other Threads:
  0x0000026bebe31000 VMThread "VM Thread" [stack: 0x000000784ca00000,0x000000784cb00000] [id=29096]
  0x0000026bec971800 WatcherThread [stack: 0x000000784d300000,0x000000784d400000] [id=19204]
  0x0000026bd40b1800 GCTaskThread "GC Thread#0" [stack: 0x000000784c500000,0x000000784c600000] [id=22672]
  0x0000026becd55800 GCTaskThread "GC Thread#1" [stack: 0x000000784d500000,0x000000784d600000] [id=28348]
  0x0000026bd40cb800 ConcurrentGCThread "G1 Main Marker" [stack: 0x000000784c600000,0x000000784c700000] [id=18648]
  0x0000026bd40cd000 ConcurrentGCThread "G1 Conc#0" [stack: 0x000000784c700000,0x000000784c800000] [id=28448]
  0x0000026becfe4000 ConcurrentGCThread "G1 Conc#1" [stack: 0x000000784d600000,0x000000784d700000] [id=2364]
  0x0000026bd4139000 ConcurrentGCThread "G1 Refine#0" [stack: 0x000000784c800000,0x000000784c900000] [id=17112]
  0x0000026bd413a000 ConcurrentGCThread "G1 Young RemSet Sampling" [stack: 0x000000784c900000,0x000000784ca00000] [id=21144]

Threads with active compile tasks:
C2 CompilerThread0   1530 1935   !   4       jdk.internal.loader.BuiltinClassLoader::loadClassOrNull (143 bytes)

VM state:not at safepoint (normal execution)

VM Mutex/Monitor currently owned by a thread: None

Heap address: 0x00000000c1600000, size: 1002 MB, Compressed Oops mode: 32-bit
Narrow klass base: 0x0000000000000000, Narrow klass shift: 3
Compressed class space size: 1073741824 Address: 0x0000000100000000

Heap:
 garbage-first heap   total 65536K, used 33566K [0x00000000c1600000, 0x0000000100000000)
  region size 1024K, 22 young (22528K), 1 survivors (1024K)
 Metaspace       used 27175K, capacity 27628K, committed 27772K, reserved 1073152K
  class space    used 2896K, capacity 3078K, committed 3200K, reserved 1048576K
Heap Regions: E=young(eden), S=young(survivor), O=old, HS=humongous(starts), HC=humongous(continues), CS=collection set, F=free, A=archive, TAMS=top-at-mark-start (previous, next)
|   0|0x00000000c1600000, 0x00000000c1700000, 0x00000000c1700000|100%|HS|  |TAMS 0x00000000c1700000, 0x00000000c1600000| Complete 
|   1|0x00000000c1700000, 0x00000000c1800000, 0x00000000c1800000|100%|HC|  |TAMS 0x00000000c1800000, 0x00000000c1700000| Complete 
|   2|0x00000000c1800000, 0x00000000c1900000, 0x00000000c1900000|100%|HC|  |TAMS 0x00000000c1900000, 0x00000000c1800000| Complete 
|   3|0x00000000c1900000, 0x00000000c1a00000, 0x00000000c1a00000|100%| O|  |TAMS 0x00000000c1a00000, 0x00000000c1900000| Untracked 
|   4|0x00000000c1a00000, 0x00000000c1b00000, 0x00000000c1b00000|100%| O|  |TAMS 0x00000000c1b00000, 0x00000000c1a00000| Untracked 
|   5|0x00000000c1b00000, 0x00000000c1c00000, 0x00000000c1c00000|100%| O|  |TAMS 0x00000000c1c00000, 0x00000000c1b00000| Untracked 
|   6|0x00000000c1c00000, 0x00000000c1d00000, 0x00000000c1d00000|100%| O|  |TAMS 0x00000000c1d00000, 0x00000000c1c00000| Untracked 
|   7|0x00000000c1d00000, 0x00000000c1e00000, 0x00000000c1e00000|100%| O|  |TAMS 0x00000000c1e00000, 0x00000000c1d00000| Untracked 
|   8|0x00000000c1e00000, 0x00000000c1f00000, 0x00000000c1f00000|100%| O|  |TAMS 0x00000000c1f00000, 0x00000000c1e00000| Untracked 
|   9|0x00000000c1f00000, 0x00000000c1f30e00, 0x00000000c2000000| 19%| O|  |TAMS 0x00000000c1f30e00, 0x00000000c1f00000| Untracked 
|  10|0x00000000c2000000, 0x00000000c2100000, 0x00000000c2100000|100%|HS|  |TAMS 0x00000000c2000000, 0x00000000c2000000| Complete 
|  11|0x00000000c2100000, 0x00000000c2200000, 0x00000000c2200000|100%|HC|  |TAMS 0x00000000c2100000, 0x00000000c2100000| Complete 
|  12|0x00000000c2200000, 0x00000000c2300000, 0x00000000c2300000|100%|HC|  |TAMS 0x00000000c2200000, 0x00000000c2200000| Complete 
|  13|0x00000000c2300000, 0x00000000c2300000, 0x00000000c2400000|  0%| F|  |TAMS 0x00000000c2300000, 0x00000000c2300000| Untracked 
|  14|0x00000000c2400000, 0x00000000c2400000, 0x00000000c2500000|  0%| F|  |TAMS 0x00000000c2400000, 0x00000000c2400000| Untracked 
|  15|0x00000000c2500000, 0x00000000c2500000, 0x00000000c2600000|  0%| F|  |TAMS 0x00000000c2500000, 0x00000000c2500000| Untracked 
|  16|0x00000000c2600000, 0x00000000c2600000, 0x00000000c2700000|  0%| F|  |TAMS 0x00000000c2600000, 0x00000000c2600000| Untracked 
|  17|0x00000000c2700000, 0x00000000c2700000, 0x00000000c2800000|  0%| F|  |TAMS 0x00000000c2700000, 0x00000000c2700000| Untracked 
|  18|0x00000000c2800000, 0x00000000c2800000, 0x00000000c2900000|  0%| F|  |TAMS 0x00000000c2800000, 0x00000000c2800000| Untracked 
|  19|0x00000000c2900000, 0x00000000c2900000, 0x00000000c2a00000|  0%| F|  |TAMS 0x00000000c2900000, 0x00000000c2900000| Untracked 
|  20|0x00000000c2a00000, 0x00000000c2a00000, 0x00000000c2b00000|  0%| F|  |TAMS 0x00000000c2a00000, 0x00000000c2a00000| Untracked 
|  21|0x00000000c2b00000, 0x00000000c2b00000, 0x00000000c2c00000|  0%| F|  |TAMS 0x00000000c2b00000, 0x00000000c2b00000| Untracked 
|  22|0x00000000c2c00000, 0x00000000c2c00000, 0x00000000c2d00000|  0%| F|  |TAMS 0x00000000c2c00000, 0x00000000c2c00000| Untracked 
|  23|0x00000000c2d00000, 0x00000000c2d00000, 0x00000000c2e00000|  0%| F|  |TAMS 0x00000000c2d00000, 0x00000000c2d00000| Untracked 
|  24|0x00000000c2e00000, 0x00000000c2e00000, 0x00000000c2f00000|  0%| F|  |TAMS 0x00000000c2e00000, 0x00000000c2e00000| Untracked 
|  25|0x00000000c2f00000, 0x00000000c2f00000, 0x00000000c3000000|  0%| F|  |TAMS 0x00000000c2f00000, 0x00000000c2f00000| Untracked 
|  26|0x00000000c3000000, 0x00000000c3000000, 0x00000000c3100000|  0%| F|  |TAMS 0x00000000c3000000, 0x00000000c3000000| Untracked 
|  27|0x00000000c3100000, 0x00000000c3100000, 0x00000000c3200000|  0%| F|  |TAMS 0x00000000c3100000, 0x00000000c3100000| Untracked 
|  28|0x00000000c3200000, 0x00000000c3200000, 0x00000000c3300000|  0%| F|  |TAMS 0x00000000c3200000, 0x00000000c3200000| Untracked 
|  29|0x00000000c3300000, 0x00000000c3300000, 0x00000000c3400000|  0%| F|  |TAMS 0x00000000c3300000, 0x00000000c3300000| Untracked 
|  30|0x00000000c3400000, 0x00000000c3400000, 0x00000000c3500000|  0%| F|  |TAMS 0x00000000c3400000, 0x00000000c3400000| Untracked 
|  31|0x00000000c3500000, 0x00000000c3500000, 0x00000000c3600000|  0%| F|  |TAMS 0x00000000c3500000, 0x00000000c3500000| Untracked 
|  32|0x00000000c3600000, 0x00000000c3600000, 0x00000000c3700000|  0%| F|  |TAMS 0x00000000c3600000, 0x00000000c3600000| Untracked 
|  33|0x00000000c3700000, 0x00000000c3700000, 0x00000000c3800000|  0%| F|  |TAMS 0x00000000c3700000, 0x00000000c3700000| Untracked 
|  34|0x00000000c3800000, 0x00000000c3800000, 0x00000000c3900000|  0%| F|  |TAMS 0x00000000c3800000, 0x00000000c3800000| Untracked 
|  35|0x00000000c3900000, 0x00000000c3900000, 0x00000000c3a00000|  0%| F|  |TAMS 0x00000000c3900000, 0x00000000c3900000| Untracked 
|  36|0x00000000c3a00000, 0x00000000c3a00000, 0x00000000c3b00000|  0%| F|  |TAMS 0x00000000c3a00000, 0x00000000c3a00000| Untracked 
|  37|0x00000000c3b00000, 0x00000000c3b00000, 0x00000000c3c00000|  0%| F|  |TAMS 0x00000000c3b00000, 0x00000000c3b00000| Untracked 
|  38|0x00000000c3c00000, 0x00000000c3c00000, 0x00000000c3d00000|  0%| F|  |TAMS 0x00000000c3c00000, 0x00000000c3c00000| Untracked 
|  39|0x00000000c3d00000, 0x00000000c3d00000, 0x00000000c3e00000|  0%| F|  |TAMS 0x00000000c3d00000, 0x00000000c3d00000| Untracked 
|  40|0x00000000c3e00000, 0x00000000c3e00000, 0x00000000c3f00000|  0%| F|  |TAMS 0x00000000c3e00000, 0x00000000c3e00000| Untracked 
|  41|0x00000000c3f00000, 0x00000000c3f00000, 0x00000000c4000000|  0%| F|  |TAMS 0x00000000c3f00000, 0x00000000c3f00000| Untracked 
|  42|0x00000000c4000000, 0x00000000c40861a0, 0x00000000c4100000| 52%| E|  |TAMS 0x00000000c4000000, 0x00000000c4000000| Complete 
|  43|0x00000000c4100000, 0x00000000c4200000, 0x00000000c4200000|100%| E|CS|TAMS 0x00000000c4100000, 0x00000000c4100000| Complete 
|  44|0x00000000c4200000, 0x00000000c4300000, 0x00000000c4300000|100%| E|CS|TAMS 0x00000000c4200000, 0x00000000c4200000| Complete 
|  45|0x00000000c4300000, 0x00000000c4400000, 0x00000000c4400000|100%| E|CS|TAMS 0x00000000c4300000, 0x00000000c4300000| Complete 
|  46|0x00000000c4400000, 0x00000000c4500000, 0x00000000c4500000|100%| E|CS|TAMS 0x00000000c4400000, 0x00000000c4400000| Complete 
|  47|0x00000000c4500000, 0x00000000c4600000, 0x00000000c4600000|100%| E|CS|TAMS 0x00000000c4500000, 0x00000000c4500000| Complete 
|  48|0x00000000c4600000, 0x00000000c4700000, 0x00000000c4700000|100%| E|CS|TAMS 0x00000000c4600000, 0x00000000c4600000| Complete 
|  49|0x00000000c4700000, 0x00000000c4800000, 0x00000000c4800000|100%| E|CS|TAMS 0x00000000c4700000, 0x00000000c4700000| Complete 
|  50|0x00000000c4800000, 0x00000000c4900000, 0x00000000c4900000|100%| E|CS|TAMS 0x00000000c4800000, 0x00000000c4800000| Complete 
|  51|0x00000000c4900000, 0x00000000c4a00000, 0x00000000c4a00000|100%| E|CS|TAMS 0x00000000c4900000, 0x00000000c4900000| Complete 
|  52|0x00000000c4a00000, 0x00000000c4b00000, 0x00000000c4b00000|100%| E|CS|TAMS 0x00000000c4a00000, 0x00000000c4a00000| Complete 
|  53|0x00000000c4b00000, 0x00000000c4c00000, 0x00000000c4c00000|100%| E|CS|TAMS 0x00000000c4b00000, 0x00000000c4b00000| Complete 
|  54|0x00000000c4c00000, 0x00000000c4d00000, 0x00000000c4d00000|100%| E|CS|TAMS 0x00000000c4c00000, 0x00000000c4c00000| Complete 
|  55|0x00000000c4d00000, 0x00000000c4e00000, 0x00000000c4e00000|100%| E|CS|TAMS 0x00000000c4d00000, 0x00000000c4d00000| Complete 
|  56|0x00000000c4e00000, 0x00000000c4f00000, 0x00000000c4f00000|100%| E|CS|TAMS 0x00000000c4e00000, 0x00000000c4e00000| Complete 
|  57|0x00000000c4f00000, 0x00000000c5000000, 0x00000000c5000000|100%| E|CS|TAMS 0x00000000c4f00000, 0x00000000c4f00000| Complete 
|  58|0x00000000c5000000, 0x00000000c5100000, 0x00000000c5100000|100%| E|CS|TAMS 0x00000000c5000000, 0x00000000c5000000| Complete 
|  59|0x00000000c5100000, 0x00000000c5200000, 0x00000000c5200000|100%| E|CS|TAMS 0x00000000c5100000, 0x00000000c5100000| Complete 
|  60|0x00000000c5200000, 0x00000000c5300000, 0x00000000c5300000|100%| E|CS|TAMS 0x00000000c5200000, 0x00000000c5200000| Complete 
|  61|0x00000000c5300000, 0x00000000c5400000, 0x00000000c5400000|100%| E|CS|TAMS 0x00000000c5300000, 0x00000000c5300000| Complete 
|  62|0x00000000c5400000, 0x00000000c5496a70, 0x00000000c5500000| 58%| S|CS|TAMS 0x00000000c5400000, 0x00000000c5400000| Complete 
|  63|0x00000000c5500000, 0x00000000c5600000, 0x00000000c5600000|100%| E|CS|TAMS 0x00000000c5500000, 0x00000000c5500000| Complete 

Card table byte_map: [0x0000026be70f0000,0x0000026be72f0000] _byte_map_base: 0x0000026be6ae5000

Marking Bits (Prev, Next): (CMBitMap*) 0x0000026bd40c7030, (CMBitMap*) 0x0000026bd40c6ff8
 Prev Bits: [0x0000026be84a0000, 0x0000026be9448000)
 Next Bits: [0x0000026be74f0000, 0x0000026be8498000)

Polling page: 0x0000026bd1ff0000

Metaspace:

Usage:
  Non-class:     24.04 MB capacity,    23.72 MB ( 99%) used,   283.70 KB (  1%) free+waste,    42.88 KB ( <1%) overhead. 
      Class:      3.01 MB capacity,     2.83 MB ( 94%) used,   162.23 KB (  5%) free+waste,    20.56 KB ( <1%) overhead. 
       Both:     27.05 MB capacity,    26.55 MB ( 98%) used,   445.92 KB (  2%) free+waste,    63.44 KB ( <1%) overhead. 

Virtual space:
  Non-class space:       26.00 MB reserved,      24.25 MB ( 93%) committed 
      Class space:        1.00 GB reserved,       3.13 MB ( <1%) committed 
             Both:        1.03 GB reserved,      27.37 MB (  3%) committed 

Chunk freelists:
   Non-Class:  16.00 KB
       Class:  21.00 KB
        Both:  37.00 KB

MaxMetaspaceSize: 17179869184.00 GB
CompressedClassSpaceSize: 1.00 GB
Initial GC threshold: 20.80 MB
Current GC threshold: 35.20 MB
CDS: off

CodeHeap 'non-profiled nmethods': size=120000Kb used=666Kb max_used=666Kb free=119333Kb
 bounds [0x0000026bdf690000, 0x0000026bdf900000, 0x0000026be6bc0000]
CodeHeap 'profiled nmethods': size=120000Kb used=3716Kb max_used=3716Kb free=116283Kb
 bounds [0x0000026bd8160000, 0x0000026bd8510000, 0x0000026bdf690000]
CodeHeap 'non-nmethods': size=5760Kb used=1223Kb max_used=1232Kb free=4536Kb
 bounds [0x0000026bd7bc0000, 0x0000026bd7e30000, 0x0000026bd8160000]
 total_blobs=2466 nmethods=1966 adapters=413
 compilation: enabled
              stopped_count=0, restarted_count=0
 full_count=0

Compilation events (20 events):
Event: 1.462 Thread 0x0000026bebecc800 1940       3       java.lang.Class::privateGetDeclaredMethods (64 bytes)
Event: 1.463 Thread 0x0000026bebecc800 nmethod 1940 0x0000026bd84e9110 code [0x0000026bd84e9340, 0x0000026bd84e9ab8]
Event: 1.463 Thread 0x0000026bebecc800 1943       3       java.lang.invoke.LambdaForm$DMH/0x000000010017cc40::invokeSpecial (20 bytes)
Event: 1.463 Thread 0x0000026bebecc800 nmethod 1943 0x0000026bd84e9d10 code [0x0000026bd84e9ee0, 0x0000026bd84ea2b8]
Event: 1.463 Thread 0x0000026bebecc800 1941   !   3       org.jetbrains.kotlin.com.intellij.util.containers.ConcurrentIntObjectHashMap::setTabAt (32 bytes)
Event: 1.463 Thread 0x0000026bebecc800 nmethod 1941 0x0000026bd84ea410 code [0x0000026bd84ea620, 0x0000026bd84eae98]
Event: 1.463 Thread 0x0000026bebecc800 1942       3       java.lang.invoke.LambdaForm$MH/0x00000001001af840::invokeExact_MT (27 bytes)
Event: 1.463 Thread 0x0000026bebecc800 nmethod 1942 0x0000026bd84eb110 code [0x0000026bd84eb320, 0x0000026bd84eba38]
Event: 1.463 Thread 0x0000026bebecc800 1944       3       sun.misc.Unsafe::putObjectVolatile (11 bytes)
Event: 1.463 Thread 0x0000026bebecc800 nmethod 1944 0x0000026bd84ebc90 code [0x0000026bd84ebe40, 0x0000026bd84ebf98]
Event: 1.463 Thread 0x0000026bebecc800 1945       3       java.lang.invoke.LambdaForm$MH/0x00000001001af040::invoke (38 bytes)
Event: 1.464 Thread 0x0000026bebecc800 nmethod 1945 0x0000026bd84ec010 code [0x0000026bd84ec1e0, 0x0000026bd84ec658]
Event: 1.469 Thread 0x0000026bebecc800 1947       3       jdk.internal.org.objectweb.asm.MethodWriter::visitCode (1 bytes)
Event: 1.469 Thread 0x0000026bebecc800 nmethod 1947 0x0000026bd84ec810 code [0x0000026bd84ec9c0, 0x0000026bd84ecab8]
Event: 1.475 Thread 0x0000026bebecc800 1950       3       java.util.ImmutableCollections$Set12::contains (28 bytes)
Event: 1.475 Thread 0x0000026bebecc800 nmethod 1950 0x0000026bd84ecb90 code [0x0000026bd84ecd60, 0x0000026bd84ed098]
Event: 1.475 Thread 0x0000026bebecc800 1949       3       java.lang.invoke.MethodHandleNatives::refKindIsMethod (19 bytes)
Event: 1.475 Thread 0x0000026bebecc800 nmethod 1949 0x0000026bd84ed190 code [0x0000026bd84ed340, 0x0000026bd84ed578]
Event: 1.475 Thread 0x0000026bebecc800 1951       3       java.lang.invoke.MethodHandles$Lookup::<init> (15 bytes)
Event: 1.475 Thread 0x0000026bebecc800 nmethod 1951 0x0000026bd84ed610 code [0x0000026bd84ed7c0, 0x0000026bd84ed978]

GC Heap History (6 events):
Event: 0.468 GC heap before
{Heap before GC invocations=0 (full 0):
 garbage-first heap   total 65536K, used 27648K [0x00000000c1600000, 0x0000000100000000)
  region size 1024K, 24 young (24576K), 0 survivors (0K)
 Metaspace       used 12325K, capacity 12408K, committed 12544K, reserved 1060864K
  class space    used 1149K, capacity 1175K, committed 1280K, reserved 1048576K
}
Event: 0.472 GC heap after
{Heap after GC invocations=1 (full 0):
 garbage-first heap   total 65536K, used 5741K [0x00000000c1600000, 0x0000000100000000)
  region size 1024K, 3 young (3072K), 3 survivors (3072K)
 Metaspace       used 12325K, capacity 12408K, committed 12544K, reserved 1060864K
  class space    used 1149K, capacity 1175K, committed 1280K, reserved 1048576K
}
Event: 1.048 GC heap before
{Heap before GC invocations=1 (full 0):
 garbage-first heap   total 65536K, used 41581K [0x00000000c1600000, 0x0000000100000000)
  region size 1024K, 38 young (38912K), 3 survivors (3072K)
 Metaspace       used 20826K, capacity 21094K, committed 21248K, reserved 1069056K
  class space    used 2191K, capacity 2293K, committed 2304K, reserved 1048576K
}
Event: 1.058 GC heap after
{Heap after GC invocations=2 (full 0):
 garbage-first heap   total 65536K, used 9429K [0x00000000c1600000, 0x0000000100000000)
  region size 1024K, 4 young (4096K), 4 survivors (4096K)
 Metaspace       used 20826K, capacity 21094K, committed 21248K, reserved 1069056K
  class space    used 2191K, capacity 2293K, committed 2304K, reserved 1048576K
}
Event: 1.068 GC heap before
{Heap before GC invocations=2 (full 0):
 garbage-first heap   total 65536K, used 9429K [0x00000000c1600000, 0x0000000100000000)
  region size 1024K, 5 young (5120K), 4 survivors (4096K)
 Metaspace       used 20986K, capacity 21222K, committed 21248K, reserved 1069056K
  class space    used 2210K, capacity 2293K, committed 2304K, reserved 1048576K
}
Event: 1.073 GC heap after
{Heap after GC invocations=3 (full 0):
 garbage-first heap   total 65536K, used 10014K [0x00000000c1600000, 0x0000000100000000)
  region size 1024K, 1 young (1024K), 1 survivors (1024K)
 Metaspace       used 20986K, capacity 21222K, committed 21248K, reserved 1069056K
  class space    used 2210K, capacity 2293K, committed 2304K, reserved 1048576K
}

Deoptimization events (20 events):
Event: 1.330 Thread 0x0000026bd409e800 DEOPT PACKING pc=0x0000026bd849b728 sp=0x000000784c4fe6f0
Event: 1.330 Thread 0x0000026bd409e800 DEOPT UNPACKING pc=0x0000026bd7c0a95e sp=0x000000784c4fdb98 mode 0
Event: 1.330 Thread 0x0000026bd409e800 DEOPT PACKING pc=0x0000026bd849b728 sp=0x000000784c4fe6f0
Event: 1.330 Thread 0x0000026bd409e800 DEOPT UNPACKING pc=0x0000026bd7c0a95e sp=0x000000784c4fdb98 mode 0
Event: 1.388 Thread 0x0000026bd409e800 Uncommon trap: trap_request=0xffffff4d fr.pc=0x0000026bdf691b78 relative=0x0000000000000058
Event: 1.388 Thread 0x0000026bd409e800 Uncommon trap: reason=unstable_if action=reinterpret pc=0x0000026bdf691b78 method=java.lang.String.isLatin1()Z @ 10 c2
Event: 1.388 Thread 0x0000026bd409e800 DEOPT PACKING pc=0x0000026bdf691b78 sp=0x000000784c4fd390
Event: 1.388 Thread 0x0000026bd409e800 DEOPT UNPACKING pc=0x0000026bd7c0a1af sp=0x000000784c4fd320 mode 2
Event: 1.388 Thread 0x0000026bd409e800 Uncommon trap: trap_request=0xffffffde fr.pc=0x0000026bdf716310 relative=0x00000000000012d0
Event: 1.388 Thread 0x0000026bd409e800 Uncommon trap: reason=class_check action=maybe_recompile pc=0x0000026bdf716310 method=java.util.zip.InflaterInputStream.read([BII)I @ 100 c2
Event: 1.388 Thread 0x0000026bd409e800 DEOPT PACKING pc=0x0000026bdf716310 sp=0x000000784c4fe720
Event: 1.388 Thread 0x0000026bd409e800 DEOPT UNPACKING pc=0x0000026bd7c0a1af sp=0x000000784c4fe780 mode 2
Event: 1.407 Thread 0x0000026bd409e800 Uncommon trap: trap_request=0xffffff4d fr.pc=0x0000026bdf73332c relative=0x000000000000048c
Event: 1.407 Thread 0x0000026bd409e800 Uncommon trap: reason=unstable_if action=reinterpret pc=0x0000026bdf73332c method=jdk.internal.org.objectweb.asm.Type.getArgumentsAndReturnSizes(Ljava/lang/String;)I @ 130 c2
Event: 1.407 Thread 0x0000026bd409e800 DEOPT PACKING pc=0x0000026bdf73332c sp=0x000000784c4fc220
Event: 1.407 Thread 0x0000026bd409e800 DEOPT UNPACKING pc=0x0000026bd7c0a1af sp=0x000000784c4fc1c0 mode 2
Event: 1.442 Thread 0x0000026bd409e800 Uncommon trap: trap_request=0xffffff4d fr.pc=0x0000026bdf71da68 relative=0x00000000000005a8
Event: 1.442 Thread 0x0000026bd409e800 Uncommon trap: reason=unstable_if action=reinterpret pc=0x0000026bdf71da68 method=java.lang.Integer.getChars(II[B)I @ 25 c2
Event: 1.442 Thread 0x0000026bd409e800 DEOPT PACKING pc=0x0000026bdf71da68 sp=0x000000784c4fe7b0
Event: 1.442 Thread 0x0000026bd409e800 DEOPT UNPACKING pc=0x0000026bd7c0a1af sp=0x000000784c4fe6a0 mode 2

Classes redefined (0 events):
No events

Internal exceptions (20 events):
Event: 0.743 Thread 0x0000026bd409e800 Exception <a 'java/lang/NoSuchMethodError'{0x00000000c4168718}: 'int java.lang.invoke.DelegatingMethodHandle$Holder.reinvoke_L(java.lang.Object, java.lang.Object, java.lang.Object, long, int)'> (0x00000000c4168718) thrown at [./src/hotspot/share/interpreter/linkResolver.cpp, line 773]
Event: 0.846 Thread 0x0000026bd409e800 Exception <a 'java/lang/NoSuchMethodError'{0x00000000c3ada2c8}: 'int java.lang.invoke.DirectMethodHandle$Holder.invokeSpecialIFC(java.lang.Object, java.lang.Object, int)'> (0x00000000c3ada2c8) thrown at [./src/hotspot/share/interpreter/linkResolver.cpp, line 773]
Event: 1.015 Thread 0x0000026bd409e800 Exception <a 'java/lang/NoSuchMethodError'{0x00000000c31116e0}: 'java.lang.Object java.lang.invoke.DirectMethodHandle$Holder.invokeStaticInit(java.lang.Object, int)'> (0x00000000c31116e0) thrown at [./src/hotspot/share/interpreter/linkResolver.cpp, line 773]
Event: 1.044 Thread 0x0000026bd409e800 Exception <a 'java/lang/NoSuchMethodError'{0x00000000c30d2c50}: 'long java.lang.invoke.DirectMethodHandle$Holder.invokeStatic(java.lang.Object)'> (0x00000000c30d2c50) thrown at [./src/hotspot/share/interpreter/linkResolver.cpp, line 773]
Event: 1.045 Thread 0x0000026bd409e800 Exception <a 'java/lang/NoSuchMethodError'{0x00000000c30d5aa8}: 'long java.lang.invoke.DirectMethodHandle$Holder.invokeStaticInit(java.lang.Object)'> (0x00000000c30d5aa8) thrown at [./src/hotspot/share/interpreter/linkResolver.cpp, line 773]
Event: 1.136 Thread 0x0000026bd409e800 Exception <a 'java/lang/NoSuchMethodError'{0x00000000c511a158}: 'int java.lang.invoke.DirectMethodHandle$Holder.invokeStaticInit(java.lang.Object, java.lang.Object, java.lang.Object)'> (0x00000000c511a158) thrown at [./src/hotspot/share/interpreter/linkResolver.cpp, line 773]
Event: 1.141 Thread 0x0000026bd409e800 Exception <a 'java/lang/NoSuchMethodError'{0x00000000c5145f48}: 'int java.lang.invoke.DirectMethodHandle$Holder.invokeStaticInit(java.lang.Object, java.lang.Object)'> (0x00000000c5145f48) thrown at [./src/hotspot/share/interpreter/linkResolver.cpp, line 773]
Event: 1.201 Thread 0x0000026bd409e800 Exception <a 'java/lang/NoSuchMethodError'{0x00000000c4f5d240}: 'void java.lang.invoke.DirectMethodHandle$Holder.invokeSpecial(java.lang.Object, java.lang.Object)'> (0x00000000c4f5d240) thrown at [./src/hotspot/share/interpreter/linkResolver.cpp, line 773]
Event: 1.401 Thread 0x0000026bd409e800 Exception <a 'java/lang/NoSuchMethodError'{0x00000000c4781678}: 'java.lang.Object java.lang.invoke.DirectMethodHandle$Holder.invokeStatic(java.lang.Object, java.lang.Object, java.lang.Object, java.lang.Object, java.lang.Object, java.lang.Object, java.lang.Object, java.lang.Object, java.lang.Object, java.lang.Object, java.lang.Object, java.lang.Object, java.lang.Object, java.lang.Object, java.lang.Object)'> (0x00000000c4781678) thrown at [./src/hotspot/share/interpreter/linkResolver.cpp, line 773]
Event: 1.401 Thread 0x0000026bd409e800 Exception <a 'java/lang/NoSuchMethodError'{0x00000000c478f680}: 'java.lang.Object java.lang.invoke.DirectMethodHandle$Holder.invokeStatic(java.lang.Object, java.lang.Object, java.lang.Object, java.lang.Object, java.lang.Object, java.lang.Object, java.lang.Object, java.lang.Object, java.lang.Object, java.lang.Object, java.lang.Object, java.lang.Object, java.lang.Object, java.lang.Object, java.lang.Object, java.lang.Object)'> (0x00000000c478f680) thrown at [./src/hotspot/share/interpreter/linkResolver.cpp, l
Event: 1.402 Thread 0x0000026bd409e800 Exception <a 'java/lang/NoSuchMethodError'{0x00000000c479d598}: 'java.lang.Object java.lang.invoke.DirectMethodHandle$Holder.invokeSpecial(java.lang.Object, java.lang.Object, int, int, java.lang.Object, java.lang.Object, java.lang.Object)'> (0x00000000c479d598) thrown at [./src/hotspot/share/interpreter/linkResolver.cpp, line 773]
Event: 1.402 Thread 0x0000026bd409e800 Exception <a 'java/lang/NoSuchMethodError'{0x00000000c47a0dd0}: 'java.lang.Object java.lang.invoke.DelegatingMethodHandle$Holder.reinvoke_L(java.lang.Object, int, int, java.lang.Object, java.lang.Object, java.lang.Object)'> (0x00000000c47a0dd0) thrown at [./src/hotspot/share/interpreter/linkResolver.cpp, line 773]
Event: 1.403 Thread 0x0000026bd409e800 Exception <a 'java/lang/NoSuchMethodError'{0x00000000c47a5158}: 'java.lang.Object java.lang.invoke.DirectMethodHandle$Holder.invokeStatic(java.lang.Object, java.lang.Object, java.lang.Object, java.lang.Object, int)'> (0x00000000c47a5158) thrown at [./src/hotspot/share/interpreter/linkResolver.cpp, line 773]
Event: 1.441 Thread 0x0000026bd409e800 Exception <a 'sun/nio/fs/WindowsException'{0x00000000c46e54a0}> (0x00000000c46e54a0) thrown at [./src/hotspot/share/prims/jni.cpp, line 616]
Event: 1.441 Thread 0x0000026bd409e800 Exception <a 'sun/nio/fs/WindowsException'{0x00000000c46e5d48}> (0x00000000c46e5d48) thrown at [./src/hotspot/share/prims/jni.cpp, line 616]
Event: 1.441 Thread 0x0000026bd409e800 Exception <a 'sun/nio/fs/WindowsException'{0x00000000c46e6610}> (0x00000000c46e6610) thrown at [./src/hotspot/share/prims/jni.cpp, line 616]
Event: 1.442 Thread 0x0000026bd409e800 Exception <a 'sun/nio/fs/WindowsException'{0x00000000c46e7048}> (0x00000000c46e7048) thrown at [./src/hotspot/share/prims/jni.cpp, line 616]
Event: 1.442 Thread 0x0000026bd409e800 Exception <a 'sun/nio/fs/WindowsException'{0x00000000c46e7990}> (0x00000000c46e7990) thrown at [./src/hotspot/share/prims/jni.cpp, line 616]
Event: 1.442 Thread 0x0000026bd409e800 Exception <a 'sun/nio/fs/WindowsException'{0x00000000c46e8308}> (0x00000000c46e8308) thrown at [./src/hotspot/share/prims/jni.cpp, line 616]
Event: 1.443 Thread 0x0000026bd409e800 Exception <a 'java/lang/NoSuchMethodError'{0x00000000c46eedd8}: 'void java.lang.invoke.DirectMethodHandle$Holder.invokeStatic(java.lang.Object, java.lang.Object, java.lang.Object, java.lang.Object)'> (0x00000000c46eedd8) thrown at [./src/hotspot/share/interpreter/linkResolver.cpp, line 773]

Events (20 events):
Event: 1.499 loading class org/jetbrains/kotlin/com/intellij/psi/PsiJavaCodeReferenceElement
Event: 1.499 loading class org/jetbrains/kotlin/com/intellij/psi/PsiJavaCodeReferenceElement done
Event: 1.499 loading class org/jetbrains/kotlin/com/intellij/psi/PsiJavaReference
Event: 1.499 loading class org/jetbrains/kotlin/com/intellij/psi/PsiJavaReference done
Event: 1.499 loading class org/jetbrains/kotlin/com/intellij/psi/PsiPolyVariantReference
Event: 1.499 loading class org/jetbrains/kotlin/com/intellij/psi/PsiPolyVariantReference done
Event: 1.500 loading class org/jetbrains/kotlin/com/intellij/psi/PsiQualifiedReferenceElement
Event: 1.500 loading class org/jetbrains/kotlin/com/intellij/psi/PsiQualifiedReferenceElement done
Event: 1.500 loading class org/jetbrains/kotlin/com/intellij/psi/PsiQualifiedReference
Event: 1.500 loading class org/jetbrains/kotlin/com/intellij/psi/PsiQualifiedReference done
Event: 1.501 loading class org/jetbrains/kotlin/com/intellij/psi/PsiReferenceExpression
Event: 1.501 loading class org/jetbrains/kotlin/com/intellij/psi/PsiReferenceExpression done
Event: 1.501 loading class org/jetbrains/kotlin/com/intellij/psi/PsiExpression
Event: 1.501 loading class org/jetbrains/kotlin/com/intellij/psi/PsiExpression done
Event: 1.501 loading class org/jetbrains/kotlin/com/intellij/psi/PsiAnnotationMemberValue
Event: 1.501 loading class org/jetbrains/kotlin/com/intellij/psi/PsiAnnotationMemberValue done
Event: 1.502 loading class org/jetbrains/kotlin/com/intellij/psi/PsiTypeElement
Event: 1.502 loading class org/jetbrains/kotlin/com/intellij/psi/PsiTypeElement done
Event: 1.503 loading class org/jetbrains/kotlin/com/intellij/psi/PsiImportStatementBase
Event: 1.503 loading class org/jetbrains/kotlin/com/intellij/psi/PsiImportStatementBase done


Dynamic libraries:
0x00007ff700120000 - 0x00007ff70012a000 	C:\Program Files\Android\Android Studio\jre\bin\java.exe
0x00007ffe87150000 - 0x00007ffe87345000 	C:\Windows\SYSTEM32\ntdll.dll
0x00007ffe85950000 - 0x00007ffe85a0e000 	C:\Windows\System32\KERNEL32.DLL
0x00007ffe84ed0000 - 0x00007ffe85199000 	C:\Windows\System32\KERNELBASE.dll
0x00007ffe84bc0000 - 0x00007ffe84cc0000 	C:\Windows\System32\ucrtbase.dll
0x00007ffe7ff30000 - 0x00007ffe7ff49000 	C:\Program Files\Android\Android Studio\jre\bin\jli.dll
0x00007ffe71af0000 - 0x00007ffe71b07000 	C:\Program Files\Android\Android Studio\jre\bin\VCRUNTIME140.dll
0x00007ffe865e0000 - 0x00007ffe86781000 	C:\Windows\System32\USER32.dll
0x00007ffe848d0000 - 0x00007ffe848f2000 	C:\Windows\System32\win32u.dll
0x00007ffe715d0000 - 0x00007ffe7186a000 	C:\Windows\WinSxS\amd64_microsoft.windows.common-controls_6595b64144ccf1df_6.0.19041.1110_none_60b5254171f9507e\COMCTL32.dll
0x00007ffe86360000 - 0x00007ffe8638b000 	C:\Windows\System32\GDI32.dll
0x00007ffe85ea0000 - 0x00007ffe85f3e000 	C:\Windows\System32\msvcrt.dll
0x00007ffe84ab0000 - 0x00007ffe84bbb000 	C:\Windows\System32\gdi32full.dll
0x00007ffe849e0000 - 0x00007ffe84a7d000 	C:\Windows\System32\msvcp_win.dll
0x00007ffe85a10000 - 0x00007ffe85a40000 	C:\Windows\System32\IMM32.DLL
0x00007ffe4ec20000 - 0x00007ffe4ecbd000 	C:\Program Files\Android\Android Studio\jre\bin\msvcp140.dll
0x00007ffe33a80000 - 0x00007ffe34582000 	C:\Program Files\Android\Android Studio\jre\bin\server\jvm.dll
0x00007ffe85bf0000 - 0x00007ffe85c9c000 	C:\Windows\System32\ADVAPI32.dll
0x00007ffe85620000 - 0x00007ffe856bb000 	C:\Windows\System32\sechost.dll
0x00007ffe85a40000 - 0x00007ffe85b6a000 	C:\Windows\System32\RPCRT4.dll
0x00007ffe85800000 - 0x00007ffe85808000 	C:\Windows\System32\PSAPI.DLL
0x00007ffe7b940000 - 0x00007ffe7b949000 	C:\Windows\SYSTEM32\WSOCK32.dll
0x00007ffe774c0000 - 0x00007ffe774e7000 	C:\Windows\SYSTEM32\WINMM.dll
0x00007ffe7f7c0000 - 0x00007ffe7f7ca000 	C:\Windows\SYSTEM32\VERSION.dll
0x00007ffe86940000 - 0x00007ffe869ab000 	C:\Windows\System32\WS2_32.dll
0x00007ffe82790000 - 0x00007ffe827a2000 	C:\Windows\SYSTEM32\kernel.appcore.dll
0x00007ffe71ab0000 - 0x00007ffe71ac1000 	C:\Program Files\Android\Android Studio\jre\bin\verify.dll
0x00007ffe6b130000 - 0x00007ffe6b314000 	C:\Windows\SYSTEM32\DBGHELP.DLL
0x00007ffe6b0f0000 - 0x00007ffe6b11c000 	C:\Windows\SYSTEM32\dbgcore.DLL
0x00007ffe84900000 - 0x00007ffe84983000 	C:\Windows\System32\bcryptPrimitives.dll
0x00007ffe71a80000 - 0x00007ffe71aa9000 	C:\Program Files\Android\Android Studio\jre\bin\java.dll
0x00007ffe7b930000 - 0x00007ffe7b93b000 	C:\Program Files\Android\Android Studio\jre\bin\jimage.dll
0x00007ffe71a60000 - 0x00007ffe71a78000 	C:\Program Files\Android\Android Studio\jre\bin\zip.dll
0x00007ffe869d0000 - 0x00007ffe8710f000 	C:\Windows\System32\SHELL32.dll
0x00007ffe82990000 - 0x00007ffe83120000 	C:\Windows\SYSTEM32\windows.storage.dll
0x00007ffe86000000 - 0x00007ffe86355000 	C:\Windows\System32\combase.dll
0x00007ffe84250000 - 0x00007ffe8427c000 	C:\Windows\SYSTEM32\Wldp.dll
0x00007ffe856c0000 - 0x00007ffe8576d000 	C:\Windows\System32\SHCORE.dll
0x00007ffe858f0000 - 0x00007ffe85945000 	C:\Windows\System32\shlwapi.dll
0x00007ffe847b0000 - 0x00007ffe847cf000 	C:\Windows\SYSTEM32\profapi.dll
0x00007ffe71a00000 - 0x00007ffe71a1a000 	C:\Program Files\Android\Android Studio\jre\bin\net.dll
0x00007ffe774f0000 - 0x00007ffe775f8000 	C:\Windows\SYSTEM32\WINHTTP.dll
0x00007ffe83f50000 - 0x00007ffe83fba000 	C:\Windows\system32\mswsock.dll
0x00007ffe63ab0000 - 0x00007ffe63ac4000 	C:\Program Files\Android\Android Studio\jre\bin\nio.dll

dbghelp: loaded successfully - version: 4.0.5 - missing functions: none
symbol engine: initialized successfully - sym options: 0x614 - pdb path: .;C:\Program Files\Android\Android Studio\jre\bin;C:\Windows\SYSTEM32;C:\Windows\WinSxS\amd64_microsoft.windows.common-controls_6595b64144ccf1df_6.0.19041.1110_none_60b5254171f9507e;C:\Program Files\Android\Android Studio\jre\bin\server

VM Arguments:
java_command: org.jetbrains.kotlin.cli.jvm.K2JVMCompiler @D:\sonalika apk\sonalikaM23 09 22\app\build\20221125_11190878821288096527.compiler.options
java_class_path (initial): C:\Users\shweta android\.gradle\caches\modules-2\files-2.1\org.jetbrains.kotlin\kotlin-compiler-embeddable\1.6.10\88f2073f4020cdb83132cfe940ceb9a60aba54ea\kotlin-compiler-embeddable-1.6.10.jar;C:\Users\shweta android\.gradle\caches\modules-2\files-2.1\org.jetbrains.kotlin\kotlin-reflect\1.6.10\1cbe9c92c12a94eea200d23c2bbaedaf3daf5132\kotlin-reflect-1.6.10.jar;C:\Users\shweta android\.gradle\caches\modules-2\files-2.1\org.jetbrains.kotlin\kotlin-stdlib\1.6.10\b8af3fe6f1ca88526914929add63cf5e7c5049af\kotlin-stdlib-1.6.10.jar;C:\Users\shweta android\.gradle\caches\modules-2\files-2.1\org.jetbrains.kotlin\kotlin-script-runtime\1.6.10\d0a7ff2e2500ef497ed0214ae40ad3c8387a6164\kotlin-script-runtime-1.6.10.jar;C:\Users\shweta android\.gradle\caches\modules-2\files-2.1\org.jetbrains.kotlin\kotlin-daemon-embeddable\1.6.10\a56d79bcbea411fa6058e4ecffc2de73e742bd2a\kotlin-daemon-embeddable-1.6.10.jar;C:\Users\shweta android\.gradle\caches\modules-2\files-2.1\org.jetbrains.intellij.deps\trove4j\1.0.20181211\216c2e14b070f334479d800987affe4054cd563f\trove4j-1.0.20181211.jar;C:\Users\shweta android\.gradle\caches\modules-2\files-2.1\net.java.dev.jna\jna\5.6.0\330f2244e9030119ab3030fc3fededc86713d9cc\jna-5.6.0.jar;C:\Users\shweta android\.gradle\caches\modules-2\files-2.1\org.jetbrains\annotations\13.0\919f0dfe192fb4e063e7dacadee7f8bb9a2672a9\annotations-13.0.jar;C:\Users\shweta android\.gradle\caches\modules-2\files-2.1\org.jetbrains.kotlin\kotlin-stdlib-common\1.6.10\c118700e3a33c8a0d9adc920e9dec0831171925\kotlin-stdlib-common-1.6.10.jar
Launcher Type: SUN_STANDARD

[Global flags]
     intx CICompilerCount                          = 4                                         {product} {ergonomic}
     uint ConcGCThreads                            = 2                                         {product} {ergonomic}
     uint G1ConcRefinementThreads                  = 8                                         {product} {ergonomic}
   size_t G1HeapRegionSize                         = 1048576                                   {product} {ergonomic}
    uintx GCDrainStackTargetSize                   = 64                                        {product} {ergonomic}
   size_t InitialHeapSize                          = 67108864                                  {product} {ergonomic}
   size_t MarkStackSize                            = 4194304                                   {product} {ergonomic}
   size_t MaxHeapSize                              = 1050673152                                {product} {ergonomic}
   size_t MaxNewSize                               = 630194176                                 {product} {ergonomic}
   size_t MinHeapDeltaBytes                        = 1048576                                   {product} {ergonomic}
    uintx NonNMethodCodeHeapSize                   = 5836300                                {pd product} {ergonomic}
    uintx NonProfiledCodeHeapSize                  = 122910970                              {pd product} {ergonomic}
    uintx ProfiledCodeHeapSize                     = 122910970                              {pd product} {ergonomic}
    uintx ReservedCodeCacheSize                    = 251658240                              {pd product} {ergonomic}
     bool SegmentedCodeCache                       = true                                      {product} {ergonomic}
     bool UseCompressedClassPointers               = true                                 {lp64_product} {ergonomic}
     bool UseCompressedOops                        = true                                 {lp64_product} {ergonomic}
     bool UseG1GC                                  = true                                      {product} {ergonomic}
     bool UseLargePagesIndividualAllocation        = false                                  {pd product} {ergonomic}

Logging:
Log output configuration:
 #0: stdout all=warning uptime,level,tags
 #1: stderr all=off uptime,level,tags

Environment Variables:
PATH=C:\Windows\system32;C:\Windows;C:\Windows\System32\Wbem;C:\Windows\System32\WindowsPowerShell\v1.0\;C:\Windows\System32\OpenSSH\;C:\Program Files\Git\cmd;C:\Users\shweta android\AppData\Local\Microsoft\WindowsApps;;D:\program files\Microsoft VS Code\bin
USERNAME=shweta android
OS=Windows_NT
PROCESSOR_IDENTIFIER=Intel64 Family 6 Model 60 Stepping 3, GenuineIntel



---------------  S Y S T E M  ---------------

OS: Windows 10 , 64 bit Build 19041 (10.0.19041.1202)
OS uptime: 0 days 6:11 hours

CPU:total 8 (initial active 8) (4 cores per cpu, 2 threads per core) family 6 model 60 stepping 3 microcode 0x27, cmov, cx8, fxsr, mmx, sse, sse2, sse3, ssse3, sse4.1, sse4.2, popcnt, avx, avx2, aes, clmul, erms, lzcnt, ht, tsc, tscinvbit, bmi1, bmi2, fma

Memory: 4k page, system-wide physical 4007M (234M free)
TotalPageFile size 10179M (AvailPageFile size 5M)
current process WorkingSet (physical memory assigned to process): 136M, peak: 136M
current process commit charge ("private bytes"): 184M, peak: 184M

vm_info: OpenJDK 64-Bit Server VM (11.0.13+0-b1751.21-8125866) for windows-amd64 JRE (11.0.13+0-b1751.21-8125866), built on Feb  2 2022 03:00:22 by "builder" with MS VC++ 14.0 (VS2015)

END.
