#
# There is insufficient memory for the Java Runtime Environment to continue.
# Native memory allocation (mmap) failed to map 264241152 bytes for Failed to commit area from 0x00000000b1500000 to 0x00000000c1100000 of length 264241152.
# Possible reasons:
#   The system is out of physical RAM or swap space
#   The process is running with CompressedOops enabled, and the Java Heap may be blocking the growth of the native heap
# Possible solutions:
#   Reduce memory load on the system
#   Increase physical memory or swap space
#   Check if swap backing store is full
#   Decrease Java heap size (-Xmx/-Xms)
#   Decrease number of Java threads
#   Decrease Java thread stack sizes (-Xss)
#   Set larger code cache with -XX:ReservedCodeCacheSize=
#   JVM is running with Unscaled Compressed Oops mode in which the Java heap is
#     placed in the first 4GB address space. The Java Heap base address is the
#     maximum limit for the native heap growth. Please use -XX:HeapBaseMinAddress
#     to set the Java Heap base and to place the Java Heap above 4GB virtual address.
# This output file may be truncated or incomplete.
#
#  Out of Memory Error (./src/hotspot/os/windows/os_windows.cpp:3619), pid=5424, tid=2292
#
# JRE version: OpenJDK Runtime Environment (11.0.13) (build 11.0.13+0-b1751.21-8125866)
# Java VM: OpenJDK 64-Bit Server VM (11.0.13+0-b1751.21-8125866, mixed mode, tiered, compressed oops, g1 gc, windows-amd64)
# No core dump will be written. Minidumps are not enabled by default on client versions of Windows
#

---------------  S U M M A R Y ------------

Command Line: --add-opens=java.base/java.util=ALL-UNNAMED --add-opens=java.base/java.lang=ALL-UNNAMED --add-opens=java.base/java.lang.invoke=ALL-UNNAMED --add-opens=java.base/java.util=ALL-UNNAMED --add-opens=java.prefs/java.util.prefs=ALL-UNNAMED --add-opens=java.prefs/java.util.prefs=ALL-UNNAMED --add-opens=java.base/java.nio.charset=ALL-UNNAMED --add-opens=java.base/java.net=ALL-UNNAMED --add-opens=java.base/java.util.concurrent.atomic=ALL-UNNAMED -Xmx1536m -Dfile.encoding=windows-1252 -Duser.country=US -Duser.language=en -Duser.variant org.gradle.launcher.daemon.bootstrap.GradleDaemon 7.4

Host: Intel(R) Core(TM) i7-4770 CPU @ 3.40GHz, 8 cores, 3G,  Windows 10 , 64 bit Build 19041 (10.0.19041.1202)
Time: Wed Nov 30 18:09:10 2022 India Standard Time elapsed time: 26.528159 seconds (0d 0h 0m 26s)

---------------  T H R E A D  ---------------

Current thread (0x0000020e9982d000):  VMThread "VM Thread" [stack: 0x0000005d56400000,0x0000005d56500000] [id=2292]

Stack: [0x0000005d56400000,0x0000005d56500000]
[error occurred during error reporting (printing stack bounds), id 0xc0000005, EXCEPTION_ACCESS_VIOLATION (0xc0000005) at pc=0x0000020e83a6112d]

Native frames: (J=compiled Java code, j=interpreted, Vv=VM code, C=native code)
V  [jvm.dll+0x6100fa]
V  [jvm.dll+0x747090]
V  [jvm.dll+0x7486ad]
V  [jvm.dll+0x748ce5]
V  [jvm.dll+0x748c9b]
V  [jvm.dll+0x60f224]
V  [jvm.dll+0x60f9b8]
C  [ntdll.dll+0xa20cf]
C  [ntdll.dll+0x51454]
C  [ntdll.dll+0xa0bfe]
C  0x0000020e83a6112d

VM_Operation (0x0000005d5fbfe410): G1CollectForAllocation, mode: safepoint, requested by thread 0x0000020ea2a8e000


---------------  P R O C E S S  ---------------

Threads class SMR info:
_java_thread_list=0x0000020ea506f4d0, length=148, elements={
0x0000020eff35b800, 0x0000020e99853000, 0x0000020e99856800, 0x0000020e9a1e0800,
0x0000020e9a1e3000, 0x0000020e9a1e4000, 0x0000020e9a1e7000, 0x0000020e9a1e9800,
0x0000020e9a1ed000, 0x0000020e9a33a000, 0x0000020e9b941800, 0x0000020e9aed4800,
0x0000020e9c044800, 0x0000020e9c042000, 0x0000020e9b3cd000, 0x0000020e9bdae000,
0x0000020e9a369000, 0x0000020e9a369800, 0x0000020e9ac58000, 0x0000020e9c151800,
0x0000020e9c115800, 0x0000020e9c11c000, 0x0000020e9c118800, 0x0000020e9c11a000,
0x0000020e9c117000, 0x0000020e9c117800, 0x0000020e9c119800, 0x0000020e9c116000,
0x0000020e9c11b000, 0x0000020e9cf12800, 0x0000020e9cf11000, 0x0000020e9cf13800,
0x0000020e9cf14800, 0x0000020e9cf0f800, 0x0000020e9cf16000, 0x0000020e9cf10000,
0x0000020e9cf17000, 0x0000020e9cf17800, 0x0000020e9cf12000, 0x0000020e9cf1e000,
0x0000020e9cf19000, 0x0000020e9cf18800, 0x0000020e9cf1a000, 0x0000020e9cf1b800,
0x0000020e9cf1b000, 0x0000020e9cf1c800, 0x0000020e9cf1d800, 0x0000020e9eb40000,
0x0000020e9eb3f000, 0x0000020e9eb40800, 0x0000020e9eb41800, 0x0000020e9eb42800,
0x0000020e9eb3e800, 0x0000020e9eb44000, 0x0000020e9eb48000, 0x0000020e9eb43000,
0x0000020e9eb47800, 0x0000020e9eb49800, 0x0000020e9eb45800, 0x0000020e9eb45000,
0x0000020e9eb49000, 0x0000020e9eb4c000, 0x0000020e9eb4a800, 0x0000020e9eb46800,
0x0000020e9eb4b800, 0x0000020e9eb4d000, 0x0000020e9eac3800, 0x0000020e9eac5000,
0x0000020e9eac6000, 0x0000020e9eac4000, 0x0000020e9eac2800, 0x0000020e9eac0000,
0x0000020e9eac6800, 0x0000020e9eac1000, 0x0000020e9eac7800, 0x0000020e9eac1800,
0x0000020e9eac8000, 0x0000020e9eacf000, 0x0000020e9eacd000, 0x0000020e9eac9000,
0x0000020e9eacb800, 0x0000020e9eaca800, 0x0000020e9eace000, 0x0000020e9eaca000,
0x0000020e9eacc800, 0x0000020ea0141800, 0x0000020ea0142800, 0x0000020ea0143800,
0x0000020ea0145000, 0x0000020ea013f800, 0x0000020ea0144000, 0x0000020ea0146000,
0x0000020ea0141000, 0x0000020ea0140000, 0x0000020ea0148800, 0x0000020ea0149000,
0x0000020ea014a000, 0x0000020ea014a800, 0x0000020ea014b800, 0x0000020ea0146800,
0x0000020ea014c800, 0x0000020ea014d000, 0x0000020ea0147800, 0x0000020ea014e000,
0x0000020e9e77a800, 0x0000020e9e77b800, 0x0000020e9e779000, 0x0000020e9e777000,
0x0000020e9e779800, 0x0000020e9e778000, 0x0000020e9e77e800, 0x0000020e9e781000,
0x0000020e9e77f800, 0x0000020e9e780000, 0x0000020e9e77d000, 0x0000020e9e77d800,
0x0000020e9e782000, 0x0000020e9e77c000, 0x0000020e9e783800, 0x0000020e9e786000,
0x0000020e9e782800, 0x0000020e9e784000, 0x0000020e9e785000, 0x0000020e9dea2800,
0x0000020e9dea1000, 0x0000020e9dea6000, 0x0000020e9dea4000, 0x0000020e9dea5000,
0x0000020e9dea0000, 0x0000020e9dea6800, 0x0000020e9dea7800, 0x0000020e9dea2000,
0x0000020e9dea8800, 0x0000020e9dea9000, 0x0000020e9dead000, 0x0000020e9deae000,
0x0000020e9deaa000, 0x0000020e9deaf000, 0x0000020e9deab000, 0x0000020e9deab800,
0x0000020e9deac800, 0x0000020ea2a8e000, 0x0000020ea2a8a000, 0x0000020ea2a8f000,
0x0000020ea2a8b000, 0x0000020ea2a8b800, 0x0000020ea2a91800, 0x0000020ea2a8f800
}

Java Threads: ( => current thread )
  0x0000020eff35b800 JavaThread "main" [_thread_blocked, id=4520, stack(0x0000005d55e00000,0x0000005d55f00000)]
  0x0000020e99853000 JavaThread "Reference Handler" daemon [_thread_blocked, id=9640, stack(0x0000005d56500000,0x0000005d56600000)]
  0x0000020e99856800 JavaThread "Finalizer" daemon [_thread_blocked, id=11096, stack(0x0000005d56600000,0x0000005d56700000)]
  0x0000020e9a1e0800 JavaThread "Signal Dispatcher" daemon [_thread_blocked, id=3980, stack(0x0000005d56700000,0x0000005d56800000)]
  0x0000020e9a1e3000 JavaThread "Attach Listener" daemon [_thread_blocked, id=11568, stack(0x0000005d56800000,0x0000005d56900000)]
  0x0000020e9a1e4000 JavaThread "Service Thread" daemon [_thread_blocked, id=3728, stack(0x0000005d56900000,0x0000005d56a00000)]
  0x0000020e9a1e7000 JavaThread "C2 CompilerThread0" daemon [_thread_in_native, id=4052, stack(0x0000005d56a00000,0x0000005d56b00000)]
  0x0000020e9a1e9800 JavaThread "C1 CompilerThread0" daemon [_thread_blocked, id=3876, stack(0x0000005d56b00000,0x0000005d56c00000)]
  0x0000020e9a1ed000 JavaThread "Sweeper thread" daemon [_thread_blocked, id=6444, stack(0x0000005d56c00000,0x0000005d56d00000)]
  0x0000020e9a33a000 JavaThread "Common-Cleaner" daemon [_thread_blocked, id=8256, stack(0x0000005d56d00000,0x0000005d56e00000)]
  0x0000020e9b941800 JavaThread "Daemon health stats" [_thread_blocked, id=1668, stack(0x0000005d57000000,0x0000005d57100000)]
  0x0000020e9aed4800 JavaThread "Incoming local TCP Connector on port 61593" [_thread_in_native, id=9788, stack(0x0000005d57100000,0x0000005d57200000)]
  0x0000020e9c044800 JavaThread "Daemon periodic checks" [_thread_blocked, id=7984, stack(0x0000005d57200000,0x0000005d57300000)]
  0x0000020e9c042000 JavaThread "Daemon" [_thread_blocked, id=6980, stack(0x0000005d57300000,0x0000005d57400000)]
  0x0000020e9b3cd000 JavaThread "Handler for socket connection from /127.0.0.1:61593 to /127.0.0.1:61594" [_thread_in_native, id=8740, stack(0x0000005d57400000,0x0000005d57500000)]
  0x0000020e9bdae000 JavaThread "Cancel handler" [_thread_blocked, id=1120, stack(0x0000005d57500000,0x0000005d57600000)]
  0x0000020e9a369000 JavaThread "Daemon worker" [_thread_blocked, id=2792, stack(0x0000005d57600000,0x0000005d57700000)]
  0x0000020e9a369800 JavaThread "Asynchronous log dispatcher for DefaultDaemonConnection: socket connection from /127.0.0.1:61593 to /127.0.0.1:61594" [_thread_blocked, id=11860, stack(0x0000005d57700000,0x0000005d57800000)]
  0x0000020e9ac58000 JavaThread "Stdin handler" [_thread_blocked, id=9704, stack(0x0000005d57800000,0x0000005d57900000)]
  0x0000020e9c151800 JavaThread "Daemon client event forwarder" [_thread_blocked, id=5148, stack(0x0000005d57900000,0x0000005d57a00000)]
  0x0000020e9c115800 JavaThread "Cache worker for journal cache (C:\Users\shweta android\.gradle\caches\journal-1)" [_thread_blocked, id=9004, stack(0x0000005d58000000,0x0000005d58100000)]
  0x0000020e9c11c000 JavaThread "File lock request listener" [_thread_in_native, id=4932, stack(0x0000005d58100000,0x0000005d58200000)]
  0x0000020e9c118800 JavaThread "Cache worker for file hash cache (C:\Users\shweta android\.gradle\caches\7.4\fileHashes)" [_thread_blocked, id=11652, stack(0x0000005d58200000,0x0000005d58300000)]
  0x0000020e9c11a000 JavaThread "File watcher server" daemon [_thread_blocked, id=916, stack(0x0000005d58400000,0x0000005d58500000)]
  0x0000020e9c117000 JavaThread "File watcher consumer" daemon [_thread_blocked, id=10876, stack(0x0000005d58500000,0x0000005d58600000)]
  0x0000020e9c117800 JavaThread "Cache worker for checksums cache (D:\sonalika apk\sonalikaM23 09 22\.gradle\7.4\checksums)" [_thread_blocked, id=12024, stack(0x0000005d58600000,0x0000005d58700000)]
  0x0000020e9c119800 JavaThread "Cache worker for cache directory md-rule (C:\Users\shweta android\.gradle\caches\7.4\md-rule)" [_thread_blocked, id=2452, stack(0x0000005d58700000,0x0000005d58800000)]
  0x0000020e9c116000 JavaThread "Cache worker for file hash cache (D:\sonalika apk\sonalikaM23 09 22\.gradle\7.4\fileHashes)" [_thread_blocked, id=6756, stack(0x0000005d58800000,0x0000005d58900000)]
  0x0000020e9c11b000 JavaThread "Cache worker for cache directory md-supplier (C:\Users\shweta android\.gradle\caches\7.4\md-supplier)" [_thread_blocked, id=8048, stack(0x0000005d58900000,0x0000005d58a00000)]
  0x0000020e9cf12800 JavaThread "Cache worker for execution history cache (C:\Users\shweta android\.gradle\caches\7.4\executionHistory)" [_thread_blocked, id=4236, stack(0x0000005d58a00000,0x0000005d58b00000)]
  0x0000020e9cf11000 JavaThread "jar transforms" [_thread_blocked, id=5196, stack(0x0000005d58b00000,0x0000005d58c00000)]
  0x0000020e9cf13800 JavaThread "jar transforms Thread 2" [_thread_blocked, id=5752, stack(0x0000005d58c00000,0x0000005d58d00000)]
  0x0000020e9cf14800 JavaThread "Cache worker for file content cache (C:\Users\shweta android\.gradle\caches\7.4\fileContent)" [_thread_blocked, id=7068, stack(0x0000005d58d00000,0x0000005d58e00000)]
  0x0000020e9cf0f800 JavaThread "Cache worker for dependencies-accessors (D:\sonalika apk\sonalikaM23 09 22\.gradle\7.4\dependencies-accessors)" [_thread_blocked, id=11872, stack(0x0000005d58e00000,0x0000005d58f00000)]
  0x0000020e9cf16000 JavaThread "jar transforms Thread 3" [_thread_blocked, id=7508, stack(0x0000005d58f00000,0x0000005d59000000)]
  0x0000020e9cf10000 JavaThread "Cache worker for Build Output Cleanup Cache (D:\sonalika apk\sonalikaM23 09 22\.gradle\buildOutputCleanup)" [_thread_blocked, id=1144, stack(0x0000005d59000000,0x0000005d59100000)]
  0x0000020e9cf17000 JavaThread "Unconstrained build operations" [_thread_blocked, id=1916, stack(0x0000005d59100000,0x0000005d59200000)]
  0x0000020e9cf17800 JavaThread "Unconstrained build operations Thread 2" [_thread_blocked, id=8292, stack(0x0000005d59200000,0x0000005d59300000)]
  0x0000020e9cf12000 JavaThread "Unconstrained build operations Thread 3" [_thread_blocked, id=10408, stack(0x0000005d59300000,0x0000005d59400000)]
  0x0000020e9cf1e000 JavaThread "Unconstrained build operations Thread 4" [_thread_blocked, id=8708, stack(0x0000005d59400000,0x0000005d59500000)]
  0x0000020e9cf19000 JavaThread "Unconstrained build operations Thread 5" [_thread_blocked, id=10964, stack(0x0000005d59500000,0x0000005d59600000)]
  0x0000020e9cf18800 JavaThread "Unconstrained build operations Thread 6" [_thread_blocked, id=9248, stack(0x0000005d59600000,0x0000005d59700000)]
  0x0000020e9cf1a000 JavaThread "Unconstrained build operations Thread 7" [_thread_blocked, id=5100, stack(0x0000005d59700000,0x0000005d59800000)]
  0x0000020e9cf1b800 JavaThread "Unconstrained build operations Thread 8" [_thread_blocked, id=3296, stack(0x0000005d59800000,0x0000005d59900000)]
  0x0000020e9cf1b000 JavaThread "Unconstrained build operations Thread 9" [_thread_blocked, id=11324, stack(0x0000005d59900000,0x0000005d59a00000)]
  0x0000020e9cf1c800 JavaThread "Unconstrained build operations Thread 10" [_thread_blocked, id=11744, stack(0x0000005d59a00000,0x0000005d59b00000)]
  0x0000020e9cf1d800 JavaThread "Unconstrained build operations Thread 11" [_thread_blocked, id=11068, stack(0x0000005d59b00000,0x0000005d59c00000)]
  0x0000020e9eb40000 JavaThread "Unconstrained build operations Thread 12" [_thread_blocked, id=10156, stack(0x0000005d59c00000,0x0000005d59d00000)]
  0x0000020e9eb3f000 JavaThread "Unconstrained build operations Thread 13" [_thread_blocked, id=11780, stack(0x0000005d59d00000,0x0000005d59e00000)]
  0x0000020e9eb40800 JavaThread "Unconstrained build operations Thread 14" [_thread_blocked, id=8096, stack(0x0000005d59e00000,0x0000005d59f00000)]
  0x0000020e9eb41800 JavaThread "Unconstrained build operations Thread 15" [_thread_blocked, id=6204, stack(0x0000005d59f00000,0x0000005d5a000000)]
  0x0000020e9eb42800 JavaThread "Unconstrained build operations Thread 16" [_thread_blocked, id=11712, stack(0x0000005d5a000000,0x0000005d5a100000)]
  0x0000020e9eb3e800 JavaThread "Unconstrained build operations Thread 17" [_thread_blocked, id=10236, stack(0x0000005d5a100000,0x0000005d5a200000)]
  0x0000020e9eb44000 JavaThread "Unconstrained build operations Thread 18" [_thread_blocked, id=10132, stack(0x0000005d5a200000,0x0000005d5a300000)]
  0x0000020e9eb48000 JavaThread "Unconstrained build operations Thread 19" [_thread_blocked, id=10420, stack(0x0000005d5a300000,0x0000005d5a400000)]
  0x0000020e9eb43000 JavaThread "Unconstrained build operations Thread 20" [_thread_blocked, id=4016, stack(0x0000005d5a400000,0x0000005d5a500000)]
  0x0000020e9eb47800 JavaThread "Unconstrained build operations Thread 21" [_thread_blocked, id=10652, stack(0x0000005d5a500000,0x0000005d5a600000)]
  0x0000020e9eb49800 JavaThread "Unconstrained build operations Thread 22" [_thread_blocked, id=9832, stack(0x0000005d5a600000,0x0000005d5a700000)]
  0x0000020e9eb45800 JavaThread "Unconstrained build operations Thread 23" [_thread_blocked, id=7720, stack(0x0000005d5a700000,0x0000005d5a800000)]
  0x0000020e9eb45000 JavaThread "Unconstrained build operations Thread 24" [_thread_blocked, id=10640, stack(0x0000005d5a800000,0x0000005d5a900000)]
  0x0000020e9eb49000 JavaThread "Unconstrained build operations Thread 25" [_thread_blocked, id=8664, stack(0x0000005d5a900000,0x0000005d5aa00000)]
  0x0000020e9eb4c000 JavaThread "Unconstrained build operations Thread 26" [_thread_blocked, id=3740, stack(0x0000005d5aa00000,0x0000005d5ab00000)]
  0x0000020e9eb4a800 JavaThread "Unconstrained build operations Thread 27" [_thread_blocked, id=11320, stack(0x0000005d5ab00000,0x0000005d5ac00000)]
  0x0000020e9eb46800 JavaThread "Unconstrained build operations Thread 28" [_thread_blocked, id=8816, stack(0x0000005d5ac00000,0x0000005d5ad00000)]
  0x0000020e9eb4b800 JavaThread "Unconstrained build operations Thread 29" [_thread_blocked, id=5728, stack(0x0000005d5ad00000,0x0000005d5ae00000)]
  0x0000020e9eb4d000 JavaThread "Unconstrained build operations Thread 30" [_thread_blocked, id=9172, stack(0x0000005d5ae00000,0x0000005d5af00000)]
  0x0000020e9eac3800 JavaThread "Unconstrained build operations Thread 31" [_thread_blocked, id=9020, stack(0x0000005d5af00000,0x0000005d5b000000)]
  0x0000020e9eac5000 JavaThread "Unconstrained build operations Thread 32" [_thread_blocked, id=6044, stack(0x0000005d5b000000,0x0000005d5b100000)]
  0x0000020e9eac6000 JavaThread "Unconstrained build operations Thread 33" [_thread_blocked, id=7804, stack(0x0000005d5b100000,0x0000005d5b200000)]
  0x0000020e9eac4000 JavaThread "Unconstrained build operations Thread 34" [_thread_blocked, id=2696, stack(0x0000005d5b200000,0x0000005d5b300000)]
  0x0000020e9eac2800 JavaThread "Unconstrained build operations Thread 35" [_thread_blocked, id=1056, stack(0x0000005d5b300000,0x0000005d5b400000)]
  0x0000020e9eac0000 JavaThread "Unconstrained build operations Thread 36" [_thread_blocked, id=9572, stack(0x0000005d5b400000,0x0000005d5b500000)]
  0x0000020e9eac6800 JavaThread "Unconstrained build operations Thread 37" [_thread_blocked, id=9648, stack(0x0000005d5b500000,0x0000005d5b600000)]
  0x0000020e9eac1000 JavaThread "Unconstrained build operations Thread 38" [_thread_blocked, id=6076, stack(0x0000005d5b600000,0x0000005d5b700000)]
  0x0000020e9eac7800 JavaThread "Unconstrained build operations Thread 39" [_thread_blocked, id=9592, stack(0x0000005d5b700000,0x0000005d5b800000)]
  0x0000020e9eac1800 JavaThread "Unconstrained build operations Thread 40" [_thread_blocked, id=5184, stack(0x0000005d5b800000,0x0000005d5b900000)]
  0x0000020e9eac8000 JavaThread "Unconstrained build operations Thread 41" [_thread_blocked, id=6788, stack(0x0000005d5b900000,0x0000005d5ba00000)]
  0x0000020e9eacf000 JavaThread "Unconstrained build operations Thread 42" [_thread_blocked, id=5092, stack(0x0000005d5ba00000,0x0000005d5bb00000)]
  0x0000020e9eacd000 JavaThread "Unconstrained build operations Thread 43" [_thread_blocked, id=7548, stack(0x0000005d5bb00000,0x0000005d5bc00000)]
  0x0000020e9eac9000 JavaThread "Unconstrained build operations Thread 44" [_thread_blocked, id=1700, stack(0x0000005d5bc00000,0x0000005d5bd00000)]
  0x0000020e9eacb800 JavaThread "Unconstrained build operations Thread 45" [_thread_blocked, id=7064, stack(0x0000005d5bd00000,0x0000005d5be00000)]
  0x0000020e9eaca800 JavaThread "Unconstrained build operations Thread 46" [_thread_blocked, id=3576, stack(0x0000005d5be00000,0x0000005d5bf00000)]
  0x0000020e9eace000 JavaThread "Unconstrained build operations Thread 47" [_thread_blocked, id=7184, stack(0x0000005d5bf00000,0x0000005d5c000000)]
  0x0000020e9eaca000 JavaThread "Unconstrained build operations Thread 48" [_thread_blocked, id=11476, stack(0x0000005d5c000000,0x0000005d5c100000)]
  0x0000020e9eacc800 JavaThread "Unconstrained build operations Thread 49" [_thread_blocked, id=2144, stack(0x0000005d5c100000,0x0000005d5c200000)]
  0x0000020ea0141800 JavaThread "Unconstrained build operations Thread 50" [_thread_blocked, id=6576, stack(0x0000005d5c200000,0x0000005d5c300000)]
  0x0000020ea0142800 JavaThread "Unconstrained build operations Thread 51" [_thread_blocked, id=9420, stack(0x0000005d5c300000,0x0000005d5c400000)]
  0x0000020ea0143800 JavaThread "Unconstrained build operations Thread 52" [_thread_blocked, id=7532, stack(0x0000005d5c400000,0x0000005d5c500000)]
  0x0000020ea0145000 JavaThread "Unconstrained build operations Thread 53" [_thread_blocked, id=7088, stack(0x0000005d5c500000,0x0000005d5c600000)]
  0x0000020ea013f800 JavaThread "Unconstrained build operations Thread 54" [_thread_blocked, id=7032, stack(0x0000005d5c600000,0x0000005d5c700000)]
  0x0000020ea0144000 JavaThread "Unconstrained build operations Thread 55" [_thread_blocked, id=7388, stack(0x0000005d5c700000,0x0000005d5c800000)]
  0x0000020ea0146000 JavaThread "Unconstrained build operations Thread 56" [_thread_blocked, id=1184, stack(0x0000005d5c800000,0x0000005d5c900000)]
  0x0000020ea0141000 JavaThread "Unconstrained build operations Thread 57" [_thread_blocked, id=5624, stack(0x0000005d5c900000,0x0000005d5ca00000)]
  0x0000020ea0140000 JavaThread "Unconstrained build operations Thread 58" [_thread_blocked, id=8204, stack(0x0000005d5ca00000,0x0000005d5cb00000)]
  0x0000020ea0148800 JavaThread "Unconstrained build operations Thread 59" [_thread_blocked, id=524, stack(0x0000005d5cb00000,0x0000005d5cc00000)]
  0x0000020ea0149000 JavaThread "Unconstrained build operations Thread 60" [_thread_blocked, id=8100, stack(0x0000005d5cc00000,0x0000005d5cd00000)]
  0x0000020ea014a000 JavaThread "Unconstrained build operations Thread 61" [_thread_blocked, id=7572, stack(0x0000005d5cd00000,0x0000005d5ce00000)]
  0x0000020ea014a800 JavaThread "Unconstrained build operations Thread 62" [_thread_blocked, id=7664, stack(0x0000005d5ce00000,0x0000005d5cf00000)]
  0x0000020ea014b800 JavaThread "Unconstrained build operations Thread 63" [_thread_blocked, id=4156, stack(0x0000005d5cf00000,0x0000005d5d000000)]
  0x0000020ea0146800 JavaThread "Unconstrained build operations Thread 64" [_thread_blocked, id=1304, stack(0x0000005d5d000000,0x0000005d5d100000)]
  0x0000020ea014c800 JavaThread "Unconstrained build operations Thread 65" [_thread_blocked, id=2356, stack(0x0000005d5d100000,0x0000005d5d200000)]
  0x0000020ea014d000 JavaThread "Unconstrained build operations Thread 66" [_thread_blocked, id=6948, stack(0x0000005d5d200000,0x0000005d5d300000)]
  0x0000020ea0147800 JavaThread "Unconstrained build operations Thread 67" [_thread_blocked, id=9500, stack(0x0000005d5d300000,0x0000005d5d400000)]
  0x0000020ea014e000 JavaThread "Unconstrained build operations Thread 68" [_thread_blocked, id=7056, stack(0x0000005d5d400000,0x0000005d5d500000)]
  0x0000020e9e77a800 JavaThread "Unconstrained build operations Thread 69" [_thread_blocked, id=4352, stack(0x0000005d5d500000,0x0000005d5d600000)]
  0x0000020e9e77b800 JavaThread "Unconstrained build operations Thread 70" [_thread_blocked, id=11736, stack(0x0000005d5d600000,0x0000005d5d700000)]
  0x0000020e9e779000 JavaThread "Unconstrained build operations Thread 71" [_thread_blocked, id=3276, stack(0x0000005d5d700000,0x0000005d5d800000)]
  0x0000020e9e777000 JavaThread "Unconstrained build operations Thread 72" [_thread_blocked, id=10592, stack(0x0000005d5d800000,0x0000005d5d900000)]
  0x0000020e9e779800 JavaThread "Unconstrained build operations Thread 73" [_thread_blocked, id=5980, stack(0x0000005d5d900000,0x0000005d5da00000)]
  0x0000020e9e778000 JavaThread "Unconstrained build operations Thread 74" [_thread_blocked, id=5212, stack(0x0000005d5da00000,0x0000005d5db00000)]
  0x0000020e9e77e800 JavaThread "Unconstrained build operations Thread 75" [_thread_blocked, id=4680, stack(0x0000005d5db00000,0x0000005d5dc00000)]
  0x0000020e9e781000 JavaThread "Unconstrained build operations Thread 76" [_thread_blocked, id=4996, stack(0x0000005d5dc00000,0x0000005d5dd00000)]
  0x0000020e9e77f800 JavaThread "Unconstrained build operations Thread 77" [_thread_blocked, id=7908, stack(0x0000005d5dd00000,0x0000005d5de00000)]
  0x0000020e9e780000 JavaThread "Unconstrained build operations Thread 78" [_thread_blocked, id=12120, stack(0x0000005d5de00000,0x0000005d5df00000)]
  0x0000020e9e77d000 JavaThread "Unconstrained build operations Thread 79" [_thread_blocked, id=6692, stack(0x0000005d5df00000,0x0000005d5e000000)]
  0x0000020e9e77d800 JavaThread "Unconstrained build operations Thread 80" [_thread_blocked, id=372, stack(0x0000005d5e000000,0x0000005d5e100000)]
  0x0000020e9e782000 JavaThread "jar transforms Thread 4" [_thread_blocked, id=5724, stack(0x0000005d5e100000,0x0000005d5e200000)]
  0x0000020e9e77c000 JavaThread "jar transforms Thread 5" [_thread_blocked, id=8388, stack(0x0000005d5e200000,0x0000005d5e300000)]
  0x0000020e9e783800 JavaThread "jar transforms Thread 6" [_thread_blocked, id=7880, stack(0x0000005d5e300000,0x0000005d5e400000)]
  0x0000020e9e786000 JavaThread "jar transforms Thread 7" [_thread_blocked, id=6612, stack(0x0000005d5e400000,0x0000005d5e500000)]
  0x0000020e9e782800 JavaThread "jar transforms Thread 8" [_thread_blocked, id=3456, stack(0x0000005d5e500000,0x0000005d5e600000)]
  0x0000020e9e784000 JavaThread "Memory manager" [_thread_blocked, id=11588, stack(0x0000005d5e600000,0x0000005d5e700000)]
  0x0000020e9e785000 JavaThread "build event listener" [_thread_blocked, id=10072, stack(0x0000005d5e700000,0x0000005d5e800000)]
  0x0000020e9dea2800 JavaThread "build event listener" [_thread_blocked, id=8088, stack(0x0000005d5e800000,0x0000005d5e900000)]
  0x0000020e9dea1000 JavaThread "included builds" [_thread_blocked, id=8636, stack(0x0000005d5e900000,0x0000005d5ea00000)]
  0x0000020e9dea6000 JavaThread "Execution worker for ':'" [_thread_blocked, id=11176, stack(0x0000005d5ea00000,0x0000005d5eb00000)]
  0x0000020e9dea4000 JavaThread "Execution worker for ':' Thread 2" [_thread_blocked, id=8248, stack(0x0000005d5eb00000,0x0000005d5ec00000)]
  0x0000020e9dea5000 JavaThread "Execution worker for ':' Thread 3" [_thread_blocked, id=10932, stack(0x0000005d5ec00000,0x0000005d5ed00000)]
  0x0000020e9dea0000 JavaThread "Execution worker for ':' Thread 4" [_thread_blocked, id=10308, stack(0x0000005d5ed00000,0x0000005d5ee00000)]
  0x0000020e9dea6800 JavaThread "Execution worker for ':' Thread 5" [_thread_blocked, id=11440, stack(0x0000005d5ee00000,0x0000005d5ef00000)]
  0x0000020e9dea7800 JavaThread "Execution worker for ':' Thread 6" [_thread_blocked, id=820, stack(0x0000005d5ef00000,0x0000005d5f000000)]
  0x0000020e9dea2000 JavaThread "Execution worker for ':' Thread 7" [_thread_blocked, id=1276, stack(0x0000005d5f000000,0x0000005d5f100000)]
  0x0000020e9dea8800 JavaThread "Cache worker for execution history cache (D:\sonalika apk\sonalikaM23 09 22\.gradle\7.4\executionHistory)" [_thread_blocked, id=11868, stack(0x0000005d5f100000,0x0000005d5f200000)]
  0x0000020e9dea9000 JavaThread "WorkerExecutor Queue" [_thread_blocked, id=3328, stack(0x0000005d5f200000,0x0000005d5f300000)]
  0x0000020e9dead000 JavaThread "WorkerExecutor Queue Thread 2" [_thread_blocked, id=3292, stack(0x0000005d5f300000,0x0000005d5f400000)]
  0x0000020e9deae000 JavaThread "WorkerExecutor Queue Thread 3" [_thread_blocked, id=10268, stack(0x0000005d5f400000,0x0000005d5f500000)]
  0x0000020e9deaa000 JavaThread "WorkerExecutor Queue Thread 4" [_thread_blocked, id=10760, stack(0x0000005d5f500000,0x0000005d5f600000)]
  0x0000020e9deaf000 JavaThread "pool-3-thread-1" [_thread_blocked, id=12248, stack(0x0000005d5f600000,0x0000005d5f700000)]
  0x0000020e9deab000 JavaThread "stderr" [_thread_in_native, id=12216, stack(0x0000005d5f700000,0x0000005d5f800000)]
  0x0000020e9deab800 JavaThread "stdout" [_thread_in_native, id=2964, stack(0x0000005d5f800000,0x0000005d5f900000)]
  0x0000020e9deac800 JavaThread "ForkJoinPool-1-worker-3" daemon [_thread_blocked, id=9340, stack(0x0000005d5fa00000,0x0000005d5fb00000)]
  0x0000020ea2a8e000 JavaThread "ForkJoinPool-1-worker-5" daemon [_thread_blocked, id=9932, stack(0x0000005d5fb00000,0x0000005d5fc00000)]
  0x0000020ea2a8a000 JavaThread "ForkJoinPool-1-worker-7" daemon [_thread_blocked, id=6244, stack(0x0000005d5fc00000,0x0000005d5fd00000)]
  0x0000020ea2a8f000 JavaThread "ForkJoinPool-1-worker-9" daemon [_thread_blocked, id=2304, stack(0x0000005d5fd00000,0x0000005d5fe00000)]
  0x0000020ea2a8b000 JavaThread "ForkJoinPool-1-worker-11" daemon [_thread_blocked, id=1920, stack(0x0000005d5fe00000,0x0000005d5ff00000)]
  0x0000020ea2a8b800 JavaThread "ForkJoinPool-1-worker-13" daemon [_thread_blocked, id=8532, stack(0x0000005d5ff00000,0x0000005d60000000)]
  0x0000020ea2a91800 JavaThread "ForkJoinPool-1-worker-15" daemon [_thread_blocked, id=7164, stack(0x0000005d60000000,0x0000005d60100000)]
  0x0000020ea2a8f800 JavaThread "ForkJoinPool-1-worker-1" daemon [_thread_blocked, id=3500, stack(0x0000005d60100000,0x0000005d60200000)]

Other Threads:
=>0x0000020e9982d000 VMThread "VM Thread" [stack: 0x0000005d56400000,0x0000005d56500000] [id=2292]
  0x0000020e9a36b000 WatcherThread [stack: 0x0000005d56e00000,0x0000005d56f00000] [id=1472]
  0x0000020eff373800 GCTaskThread "GC Thread#0" [stack: 0x0000005d55f00000,0x0000005d56000000] [id=11684]
  0x0000020e9b09b000 GCTaskThread "GC Thread#1" [stack: 0x0000005d56f00000,0x0000005d57000000] [id=10980]
  0x0000020e9c152000 GCTaskThread "GC Thread#2" [stack: 0x0000005d57a00000,0x0000005d57b00000] [id=10212]
  0x0000020e9ac57800 GCTaskThread "GC Thread#3" [stack: 0x0000005d57b00000,0x0000005d57c00000] [id=3620]
  0x0000020e9b245800 GCTaskThread "GC Thread#4" [stack: 0x0000005d57c00000,0x0000005d57d00000] [id=10556]
  0x0000020e9c0c9800 GCTaskThread "GC Thread#5" [stack: 0x0000005d57d00000,0x0000005d57e00000] [id=6256]
  0x0000020e9c0ca800 GCTaskThread "GC Thread#6" [stack: 0x0000005d57e00000,0x0000005d57f00000] [id=2860]
  0x0000020e9ab7a000 GCTaskThread "GC Thread#7" [stack: 0x0000005d57f00000,0x0000005d58000000] [id=8620]
  0x0000020eff39a800 ConcurrentGCThread "G1 Main Marker" [stack: 0x0000005d56000000,0x0000005d56100000] [id=11248]
  0x0000020eff39c000 ConcurrentGCThread "G1 Conc#0" [stack: 0x0000005d56100000,0x0000005d56200000] [id=7900]
  0x0000020e9c3e0800 ConcurrentGCThread "G1 Conc#1" [stack: 0x0000005d58300000,0x0000005d58400000] [id=10340]
  0x0000020eff406000 ConcurrentGCThread "G1 Refine#0" [stack: 0x0000005d56200000,0x0000005d56300000] [id=1420]
  0x0000020ea2aef800 ConcurrentGCThread "G1 Refine#1" [stack: 0x0000005d5f900000,0x0000005d5fa00000] [id=6848]
  0x0000020e9c6ea800 ConcurrentGCThread "G1 Refine#2" [stack: 0x0000005d60200000,0x0000005d60300000] [id=7584]
  0x0000020ea513f800 ConcurrentGCThread "G1 Refine#3" [stack: 0x0000005d60300000,0x0000005d60400000] [id=9636]
  0x0000020ea1f84000 ConcurrentGCThread "G1 Refine#4" [stack: 0x0000005d60400000,0x0000005d60500000] [id=376]
  0x0000020eff408000 ConcurrentGCThread "G1 Young RemSet Sampling" [stack: 0x0000005d56300000,0x0000005d56400000] [id=1116]

Threads with active compile tasks:
C2 CompilerThread0  26557 11926       4       com.android.tools.r8.code.y1::a (4129 bytes)

VM state:at safepoint (normal execution)

VM Mutex/Monitor currently owned by a thread:  ([mutex/lock_event])
[0x0000020eff3588a0] Threads_lock - owner thread: 0x0000020e9982d000
[0x0000020eff3586f0] Heap_lock - owner thread: 0x0000020ea2a8e000

Heap address: 0x00000000a0000000, size: 1536 MB, Compressed Oops mode: 32-bit
Narrow klass base: 0x0000000000000000, Narrow klass shift: 3
Compressed class space size: 1073741824 Address: 0x0000000100000000

Heap:
 garbage-first heap   total 541696K, used 215552K [0x00000000a0000000, 0x0000000100000000)
  region size 1024K, 5 young (5120K), 5 survivors (5120K)
 Metaspace       used 98095K, capacity 100525K, committed 100944K, reserved 1136640K
  class space    used 12687K, capacity 13627K, committed 13824K, reserved 1048576K
Heap Regions: E=young(eden), S=young(survivor), O=old, HS=humongous(starts), HC=humongous(continues), CS=collection set, F=free, A=archive, TAMS=top-at-mark-start (previous, next)
|   0|0x00000000a0000000, 0x00000000a0100000, 0x00000000a0100000|100%| O|  |TAMS 0x00000000a0100000, 0x00000000a0100000| Untracked 
|   1|0x00000000a0100000, 0x00000000a0200000, 0x00000000a0200000|100%| O|  |TAMS 0x00000000a0200000, 0x00000000a0200000| Untracked 
|   2|0x00000000a0200000, 0x00000000a0300000, 0x00000000a0300000|100%| O|  |TAMS 0x00000000a0300000, 0x00000000a0300000| Untracked 
|   3|0x00000000a0300000, 0x00000000a0400000, 0x00000000a0400000|100%|HS|  |TAMS 0x00000000a0400000, 0x00000000a0400000| Complete 
|   4|0x00000000a0400000, 0x00000000a0500000, 0x00000000a0500000|100%|HC|  |TAMS 0x00000000a0500000, 0x00000000a0500000| Complete 
|   5|0x00000000a0500000, 0x00000000a0600000, 0x00000000a0600000|100%|HC|  |TAMS 0x00000000a0600000, 0x00000000a0600000| Complete 
|   6|0x00000000a0600000, 0x00000000a0700000, 0x00000000a0700000|100%| O|  |TAMS 0x00000000a0700000, 0x00000000a0700000| Untracked 
|   7|0x00000000a0700000, 0x00000000a0800000, 0x00000000a0800000|100%| O|  |TAMS 0x00000000a0800000, 0x00000000a0800000| Untracked 
|   8|0x00000000a0800000, 0x00000000a0900000, 0x00000000a0900000|100%| O|  |TAMS 0x00000000a0900000, 0x00000000a0900000| Untracked 
|   9|0x00000000a0900000, 0x00000000a0a00000, 0x00000000a0a00000|100%| O|  |TAMS 0x00000000a0a00000, 0x00000000a0a00000| Untracked 
|  10|0x00000000a0a00000, 0x00000000a0b00000, 0x00000000a0b00000|100%| O|  |TAMS 0x00000000a0b00000, 0x00000000a0b00000| Untracked 
|  11|0x00000000a0b00000, 0x00000000a0c00000, 0x00000000a0c00000|100%| O|  |TAMS 0x00000000a0c00000, 0x00000000a0c00000| Untracked 
|  12|0x00000000a0c00000, 0x00000000a0d00000, 0x00000000a0d00000|100%| O|  |TAMS 0x00000000a0d00000, 0x00000000a0d00000| Untracked 
|  13|0x00000000a0d00000, 0x00000000a0e00000, 0x00000000a0e00000|100%| O|  |TAMS 0x00000000a0e00000, 0x00000000a0e00000| Untracked 
|  14|0x00000000a0e00000, 0x00000000a0f00000, 0x00000000a0f00000|100%| O|  |TAMS 0x00000000a0f00000, 0x00000000a0f00000| Untracked 
|  15|0x00000000a0f00000, 0x00000000a1000000, 0x00000000a1000000|100%| O|  |TAMS 0x00000000a1000000, 0x00000000a1000000| Untracked 
|  16|0x00000000a1000000, 0x00000000a1100000, 0x00000000a1100000|100%| O|  |TAMS 0x00000000a1100000, 0x00000000a1100000| Untracked 
|  17|0x00000000a1100000, 0x00000000a1200000, 0x00000000a1200000|100%| O|  |TAMS 0x00000000a1200000, 0x00000000a1200000| Untracked 
|  18|0x00000000a1200000, 0x00000000a1300000, 0x00000000a1300000|100%| O|  |TAMS 0x00000000a1300000, 0x00000000a1300000| Untracked 
|  19|0x00000000a1300000, 0x00000000a1400000, 0x00000000a1400000|100%| O|  |TAMS 0x00000000a1400000, 0x00000000a1400000| Untracked 
|  20|0x00000000a1400000, 0x00000000a1500000, 0x00000000a1500000|100%| O|  |TAMS 0x00000000a1500000, 0x00000000a1500000| Untracked 
|  21|0x00000000a1500000, 0x00000000a1600000, 0x00000000a1600000|100%| O|  |TAMS 0x00000000a1600000, 0x00000000a1600000| Untracked 
|  22|0x00000000a1600000, 0x00000000a1700000, 0x00000000a1700000|100%| O|  |TAMS 0x00000000a1700000, 0x00000000a1700000| Untracked 
|  23|0x00000000a1700000, 0x00000000a1800000, 0x00000000a1800000|100%| O|  |TAMS 0x00000000a1800000, 0x00000000a1800000| Untracked 
|  24|0x00000000a1800000, 0x00000000a1900000, 0x00000000a1900000|100%| O|  |TAMS 0x00000000a1900000, 0x00000000a1900000| Untracked 
|  25|0x00000000a1900000, 0x00000000a1a00000, 0x00000000a1a00000|100%| O|  |TAMS 0x00000000a1a00000, 0x00000000a1a00000| Untracked 
|  26|0x00000000a1a00000, 0x00000000a1b00000, 0x00000000a1b00000|100%| O|  |TAMS 0x00000000a1b00000, 0x00000000a1b00000| Untracked 
|  27|0x00000000a1b00000, 0x00000000a1c00000, 0x00000000a1c00000|100%| O|  |TAMS 0x00000000a1c00000, 0x00000000a1c00000| Untracked 
|  28|0x00000000a1c00000, 0x00000000a1d00000, 0x00000000a1d00000|100%| O|  |TAMS 0x00000000a1d00000, 0x00000000a1d00000| Untracked 
|  29|0x00000000a1d00000, 0x00000000a1e00000, 0x00000000a1e00000|100%| O|  |TAMS 0x00000000a1e00000, 0x00000000a1e00000| Untracked 
|  30|0x00000000a1e00000, 0x00000000a1f00000, 0x00000000a1f00000|100%| O|  |TAMS 0x00000000a1f00000, 0x00000000a1f00000| Untracked 
|  31|0x00000000a1f00000, 0x00000000a2000000, 0x00000000a2000000|100%| O|  |TAMS 0x00000000a2000000, 0x00000000a2000000| Untracked 
|  32|0x00000000a2000000, 0x00000000a2100000, 0x00000000a2100000|100%| O|  |TAMS 0x00000000a2100000, 0x00000000a2100000| Untracked 
|  33|0x00000000a2100000, 0x00000000a2200000, 0x00000000a2200000|100%| O|  |TAMS 0x00000000a2200000, 0x00000000a2200000| Untracked 
|  34|0x00000000a2200000, 0x00000000a2300000, 0x00000000a2300000|100%|HS|  |TAMS 0x00000000a2300000, 0x00000000a2300000| Complete 
|  35|0x00000000a2300000, 0x00000000a2400000, 0x00000000a2400000|100%|HS|  |TAMS 0x00000000a2400000, 0x00000000a2400000| Complete 
|  36|0x00000000a2400000, 0x00000000a2500000, 0x00000000a2500000|100%|HS|  |TAMS 0x00000000a2500000, 0x00000000a2500000| Complete 
|  37|0x00000000a2500000, 0x00000000a2600000, 0x00000000a2600000|100%| O|  |TAMS 0x00000000a2600000, 0x00000000a2600000| Untracked 
|  38|0x00000000a2600000, 0x00000000a2700000, 0x00000000a2700000|100%| O|  |TAMS 0x00000000a2700000, 0x00000000a2700000| Untracked 
|  39|0x00000000a2700000, 0x00000000a2800000, 0x00000000a2800000|100%|HS|  |TAMS 0x00000000a2800000, 0x00000000a2800000| Complete 
|  40|0x00000000a2800000, 0x00000000a2900000, 0x00000000a2900000|100%|HC|  |TAMS 0x00000000a2900000, 0x00000000a2900000| Complete 
|  41|0x00000000a2900000, 0x00000000a2a00000, 0x00000000a2a00000|100%|HC|  |TAMS 0x00000000a2a00000, 0x00000000a2a00000| Complete 
|  42|0x00000000a2a00000, 0x00000000a2b00000, 0x00000000a2b00000|100%| O|  |TAMS 0x00000000a2b00000, 0x00000000a2b00000| Untracked 
|  43|0x00000000a2b00000, 0x00000000a2c00000, 0x00000000a2c00000|100%| O|  |TAMS 0x00000000a2c00000, 0x00000000a2c00000| Untracked 
|  44|0x00000000a2c00000, 0x00000000a2d00000, 0x00000000a2d00000|100%|HS|  |TAMS 0x00000000a2d00000, 0x00000000a2d00000| Complete 
|  45|0x00000000a2d00000, 0x00000000a2e00000, 0x00000000a2e00000|100%|HC|  |TAMS 0x00000000a2e00000, 0x00000000a2e00000| Complete 
|  46|0x00000000a2e00000, 0x00000000a2f00000, 0x00000000a2f00000|100%| O|  |TAMS 0x00000000a2f00000, 0x00000000a2f00000| Untracked 
|  47|0x00000000a2f00000, 0x00000000a3000000, 0x00000000a3000000|100%| O|  |TAMS 0x00000000a3000000, 0x00000000a3000000| Untracked 
|  48|0x00000000a3000000, 0x00000000a3100000, 0x00000000a3100000|100%| O|  |TAMS 0x00000000a3100000, 0x00000000a3100000| Untracked 
|  49|0x00000000a3100000, 0x00000000a3200000, 0x00000000a3200000|100%| O|  |TAMS 0x00000000a3200000, 0x00000000a3200000| Untracked 
|  50|0x00000000a3200000, 0x00000000a3300000, 0x00000000a3300000|100%| O|  |TAMS 0x00000000a3300000, 0x00000000a3300000| Untracked 
|  51|0x00000000a3300000, 0x00000000a3400000, 0x00000000a3400000|100%| O|  |TAMS 0x00000000a3400000, 0x00000000a3400000| Untracked 
|  52|0x00000000a3400000, 0x00000000a3500000, 0x00000000a3500000|100%| O|  |TAMS 0x00000000a3500000, 0x00000000a3500000| Untracked 
|  53|0x00000000a3500000, 0x00000000a3600000, 0x00000000a3600000|100%| O|  |TAMS 0x00000000a3600000, 0x00000000a3600000| Untracked 
|  54|0x00000000a3600000, 0x00000000a3700000, 0x00000000a3700000|100%| O|  |TAMS 0x00000000a3700000, 0x00000000a3700000| Untracked 
|  55|0x00000000a3700000, 0x00000000a3800000, 0x00000000a3800000|100%| O|  |TAMS 0x00000000a3800000, 0x00000000a3800000| Untracked 
|  56|0x00000000a3800000, 0x00000000a3900000, 0x00000000a3900000|100%| O|  |TAMS 0x00000000a3900000, 0x00000000a3900000| Untracked 
|  57|0x00000000a3900000, 0x00000000a3a00000, 0x00000000a3a00000|100%| O|  |TAMS 0x00000000a3a00000, 0x00000000a3a00000| Untracked 
|  58|0x00000000a3a00000, 0x00000000a3b00000, 0x00000000a3b00000|100%| O|  |TAMS 0x00000000a3b00000, 0x00000000a3b00000| Untracked 
|  59|0x00000000a3b00000, 0x00000000a3c00000, 0x00000000a3c00000|100%| O|  |TAMS 0x00000000a3c00000, 0x00000000a3c00000| Untracked 
|  60|0x00000000a3c00000, 0x00000000a3d00000, 0x00000000a3d00000|100%| O|  |TAMS 0x00000000a3d00000, 0x00000000a3d00000| Untracked 
|  61|0x00000000a3d00000, 0x00000000a3e00000, 0x00000000a3e00000|100%| O|  |TAMS 0x00000000a3e00000, 0x00000000a3e00000| Untracked 
|  62|0x00000000a3e00000, 0x00000000a3f00000, 0x00000000a3f00000|100%| O|  |TAMS 0x00000000a3f00000, 0x00000000a3f00000| Untracked 
|  63|0x00000000a3f00000, 0x00000000a4000000, 0x00000000a4000000|100%| O|  |TAMS 0x00000000a4000000, 0x00000000a4000000| Untracked 
|  64|0x00000000a4000000, 0x00000000a4100000, 0x00000000a4100000|100%| O|  |TAMS 0x00000000a4100000, 0x00000000a4100000| Untracked 
|  65|0x00000000a4100000, 0x00000000a4200000, 0x00000000a4200000|100%| O|  |TAMS 0x00000000a4200000, 0x00000000a4200000| Untracked 
|  66|0x00000000a4200000, 0x00000000a4300000, 0x00000000a4300000|100%| O|  |TAMS 0x00000000a4300000, 0x00000000a4300000| Untracked 
|  67|0x00000000a4300000, 0x00000000a4400000, 0x00000000a4400000|100%| O|  |TAMS 0x00000000a4400000, 0x00000000a4400000| Untracked 
|  68|0x00000000a4400000, 0x00000000a4500000, 0x00000000a4500000|100%| O|  |TAMS 0x00000000a4500000, 0x00000000a4500000| Untracked 
|  69|0x00000000a4500000, 0x00000000a4600000, 0x00000000a4600000|100%| O|  |TAMS 0x00000000a4600000, 0x00000000a4600000| Untracked 
|  70|0x00000000a4600000, 0x00000000a4700000, 0x00000000a4700000|100%| O|  |TAMS 0x00000000a4700000, 0x00000000a4700000| Untracked 
|  71|0x00000000a4700000, 0x00000000a4800000, 0x00000000a4800000|100%| O|  |TAMS 0x00000000a4800000, 0x00000000a4800000| Untracked 
|  72|0x00000000a4800000, 0x00000000a4900000, 0x00000000a4900000|100%| O|  |TAMS 0x00000000a4900000, 0x00000000a4900000| Untracked 
|  73|0x00000000a4900000, 0x00000000a4a00000, 0x00000000a4a00000|100%| O|  |TAMS 0x00000000a4a00000, 0x00000000a4a00000| Untracked 
|  74|0x00000000a4a00000, 0x00000000a4b00000, 0x00000000a4b00000|100%| O|  |TAMS 0x00000000a4b00000, 0x00000000a4b00000| Untracked 
|  75|0x00000000a4b00000, 0x00000000a4c00000, 0x00000000a4c00000|100%| O|  |TAMS 0x00000000a4c00000, 0x00000000a4c00000| Untracked 
|  76|0x00000000a4c00000, 0x00000000a4d00000, 0x00000000a4d00000|100%| O|  |TAMS 0x00000000a4d00000, 0x00000000a4d00000| Untracked 
|  77|0x00000000a4d00000, 0x00000000a4e00000, 0x00000000a4e00000|100%| O|  |TAMS 0x00000000a4e00000, 0x00000000a4e00000| Untracked 
|  78|0x00000000a4e00000, 0x00000000a4f00000, 0x00000000a4f00000|100%| O|  |TAMS 0x00000000a4f00000, 0x00000000a4f00000| Untracked 
|  79|0x00000000a4f00000, 0x00000000a5000000, 0x00000000a5000000|100%| O|  |TAMS 0x00000000a5000000, 0x00000000a5000000| Untracked 
|  80|0x00000000a5000000, 0x00000000a5100000, 0x00000000a5100000|100%| O|  |TAMS 0x00000000a5100000, 0x00000000a5100000| Untracked 
|  81|0x00000000a5100000, 0x00000000a5200000, 0x00000000a5200000|100%| O|  |TAMS 0x00000000a5200000, 0x00000000a5200000| Untracked 
|  82|0x00000000a5200000, 0x00000000a5300000, 0x00000000a5300000|100%| O|  |TAMS 0x00000000a5300000, 0x00000000a5300000| Untracked 
|  83|0x00000000a5300000, 0x00000000a5400000, 0x00000000a5400000|100%| O|  |TAMS 0x00000000a5400000, 0x00000000a5400000| Untracked 
|  84|0x00000000a5400000, 0x00000000a5500000, 0x00000000a5500000|100%| O|  |TAMS 0x00000000a5500000, 0x00000000a5500000| Untracked 
|  85|0x00000000a5500000, 0x00000000a5600000, 0x00000000a5600000|100%| O|  |TAMS 0x00000000a5600000, 0x00000000a5600000| Untracked 
|  86|0x00000000a5600000, 0x00000000a5700000, 0x00000000a5700000|100%| O|  |TAMS 0x00000000a5700000, 0x00000000a5700000| Untracked 
|  87|0x00000000a5700000, 0x00000000a5800000, 0x00000000a5800000|100%| O|  |TAMS 0x00000000a5800000, 0x00000000a5800000| Untracked 
|  88|0x00000000a5800000, 0x00000000a5900000, 0x00000000a5900000|100%| O|  |TAMS 0x00000000a5900000, 0x00000000a5900000| Untracked 
|  89|0x00000000a5900000, 0x00000000a5a00000, 0x00000000a5a00000|100%| O|  |TAMS 0x00000000a5a00000, 0x00000000a5a00000| Untracked 
|  90|0x00000000a5a00000, 0x00000000a5b00000, 0x00000000a5b00000|100%| O|  |TAMS 0x00000000a5b00000, 0x00000000a5b00000| Untracked 
|  91|0x00000000a5b00000, 0x00000000a5c00000, 0x00000000a5c00000|100%|HS|  |TAMS 0x00000000a5c00000, 0x00000000a5c00000| Complete 
|  92|0x00000000a5c00000, 0x00000000a5d00000, 0x00000000a5d00000|100%|HS|  |TAMS 0x00000000a5d00000, 0x00000000a5d00000| Complete 
|  93|0x00000000a5d00000, 0x00000000a5e00000, 0x00000000a5e00000|100%|HS|  |TAMS 0x00000000a5e00000, 0x00000000a5e00000| Complete 
|  94|0x00000000a5e00000, 0x00000000a5f00000, 0x00000000a5f00000|100%|HS|  |TAMS 0x00000000a5f00000, 0x00000000a5f00000| Complete 
|  95|0x00000000a5f00000, 0x00000000a6000000, 0x00000000a6000000|100%|HC|  |TAMS 0x00000000a6000000, 0x00000000a6000000| Complete 
|  96|0x00000000a6000000, 0x00000000a6100000, 0x00000000a6100000|100%|HS|  |TAMS 0x00000000a6100000, 0x00000000a6100000| Complete 
|  97|0x00000000a6100000, 0x00000000a6200000, 0x00000000a6200000|100%|HC|  |TAMS 0x00000000a6200000, 0x00000000a6200000| Complete 
|  98|0x00000000a6200000, 0x00000000a6300000, 0x00000000a6300000|100%|HC|  |TAMS 0x00000000a6300000, 0x00000000a6300000| Complete 
|  99|0x00000000a6300000, 0x00000000a6400000, 0x00000000a6400000|100%|HS|  |TAMS 0x00000000a6400000, 0x00000000a6400000| Complete 
| 100|0x00000000a6400000, 0x00000000a6500000, 0x00000000a6500000|100%|HS|  |TAMS 0x00000000a6500000, 0x00000000a6500000| Complete 
| 101|0x00000000a6500000, 0x00000000a6600000, 0x00000000a6600000|100%|HS|  |TAMS 0x00000000a6600000, 0x00000000a6600000| Complete 
| 102|0x00000000a6600000, 0x00000000a6700000, 0x00000000a6700000|100%|HC|  |TAMS 0x00000000a6700000, 0x00000000a6700000| Complete 
| 103|0x00000000a6700000, 0x00000000a6800000, 0x00000000a6800000|100%|HS|  |TAMS 0x00000000a6800000, 0x00000000a6800000| Complete 
| 104|0x00000000a6800000, 0x00000000a6900000, 0x00000000a6900000|100%|HC|  |TAMS 0x00000000a6900000, 0x00000000a6900000| Complete 
| 105|0x00000000a6900000, 0x00000000a6a00000, 0x00000000a6a00000|100%| O|  |TAMS 0x00000000a6900000, 0x00000000a6a00000| Untracked 
| 106|0x00000000a6a00000, 0x00000000a6b00000, 0x00000000a6b00000|100%|HS|  |TAMS 0x00000000a6b00000, 0x00000000a6b00000| Complete 
| 107|0x00000000a6b00000, 0x00000000a6c00000, 0x00000000a6c00000|100%|HS|  |TAMS 0x00000000a6c00000, 0x00000000a6c00000| Complete 
| 108|0x00000000a6c00000, 0x00000000a6d00000, 0x00000000a6d00000|100%|HS|  |TAMS 0x00000000a6d00000, 0x00000000a6d00000| Complete 
| 109|0x00000000a6d00000, 0x00000000a6e00000, 0x00000000a6e00000|100%| O|  |TAMS 0x00000000a6d00000, 0x00000000a6e00000| Untracked 
| 110|0x00000000a6e00000, 0x00000000a6f00000, 0x00000000a6f00000|100%|HS|  |TAMS 0x00000000a6f00000, 0x00000000a6f00000| Complete 
| 111|0x00000000a6f00000, 0x00000000a7000000, 0x00000000a7000000|100%|HS|  |TAMS 0x00000000a7000000, 0x00000000a7000000| Complete 
| 112|0x00000000a7000000, 0x00000000a7100000, 0x00000000a7100000|100%|HS|  |TAMS 0x00000000a7000000, 0x00000000a7100000| Complete 
| 113|0x00000000a7100000, 0x00000000a7200000, 0x00000000a7200000|100%|HC|  |TAMS 0x00000000a7100000, 0x00000000a7200000| Complete 
| 114|0x00000000a7200000, 0x00000000a7300000, 0x00000000a7300000|100%| O|  |TAMS 0x00000000a7200000, 0x00000000a7300000| Untracked 
| 115|0x00000000a7300000, 0x00000000a7400000, 0x00000000a7400000|100%| O|  |TAMS 0x00000000a7300000, 0x00000000a7400000| Untracked 
| 116|0x00000000a7400000, 0x00000000a7500000, 0x00000000a7500000|100%|HS|  |TAMS 0x00000000a7500000, 0x00000000a7500000| Complete 
| 117|0x00000000a7500000, 0x00000000a7600000, 0x00000000a7600000|100%|HC|  |TAMS 0x00000000a7600000, 0x00000000a7600000| Complete 
| 118|0x00000000a7600000, 0x00000000a7700000, 0x00000000a7700000|100%| O|  |TAMS 0x00000000a7700000, 0x00000000a7700000| Untracked 
| 119|0x00000000a7700000, 0x00000000a7800000, 0x00000000a7800000|100%|HS|  |TAMS 0x00000000a7800000, 0x00000000a7800000| Complete 
| 120|0x00000000a7800000, 0x00000000a7900000, 0x00000000a7900000|100%|HC|  |TAMS 0x00000000a7900000, 0x00000000a7900000| Complete 
| 121|0x00000000a7900000, 0x00000000a7a00000, 0x00000000a7a00000|100%| O|  |TAMS 0x00000000a7900000, 0x00000000a7a00000| Untracked 
| 122|0x00000000a7a00000, 0x00000000a7b00000, 0x00000000a7b00000|100%| O|  |TAMS 0x00000000a7a00000, 0x00000000a7b00000| Untracked 
| 123|0x00000000a7b00000, 0x00000000a7c00000, 0x00000000a7c00000|100%|HS|  |TAMS 0x00000000a7c00000, 0x00000000a7c00000| Complete 
| 124|0x00000000a7c00000, 0x00000000a7d00000, 0x00000000a7d00000|100%|HC|  |TAMS 0x00000000a7d00000, 0x00000000a7d00000| Complete 
| 125|0x00000000a7d00000, 0x00000000a7e00000, 0x00000000a7e00000|100%|HS|  |TAMS 0x00000000a7e00000, 0x00000000a7e00000| Complete 
| 126|0x00000000a7e00000, 0x00000000a7f00000, 0x00000000a7f00000|100%|HS|  |TAMS 0x00000000a7f00000, 0x00000000a7f00000| Complete 
| 127|0x00000000a7f00000, 0x00000000a8000000, 0x00000000a8000000|100%| O|  |TAMS 0x00000000a8000000, 0x00000000a8000000| Untracked 
| 128|0x00000000a8000000, 0x00000000a8100000, 0x00000000a8100000|100%| O|  |TAMS 0x00000000a8100000, 0x00000000a8100000| Untracked 
| 129|0x00000000a8100000, 0x00000000a8200000, 0x00000000a8200000|100%|HS|  |TAMS 0x00000000a8200000, 0x00000000a8200000| Complete 
| 130|0x00000000a8200000, 0x00000000a8300000, 0x00000000a8300000|100%|HC|  |TAMS 0x00000000a8300000, 0x00000000a8300000| Complete 
| 131|0x00000000a8300000, 0x00000000a8400000, 0x00000000a8400000|100%|HC|  |TAMS 0x00000000a8400000, 0x00000000a8400000| Complete 
| 132|0x00000000a8400000, 0x00000000a8500000, 0x00000000a8500000|100%| O|  |TAMS 0x00000000a8500000, 0x00000000a8500000| Untracked 
| 133|0x00000000a8500000, 0x00000000a8600000, 0x00000000a8600000|100%| O|  |TAMS 0x00000000a8600000, 0x00000000a8600000| Untracked 
| 134|0x00000000a8600000, 0x00000000a8700000, 0x00000000a8700000|100%| O|  |TAMS 0x00000000a8700000, 0x00000000a8700000| Untracked 
| 135|0x00000000a8700000, 0x00000000a8800000, 0x00000000a8800000|100%| O|  |TAMS 0x00000000a8800000, 0x00000000a8800000| Untracked 
| 136|0x00000000a8800000, 0x00000000a8900000, 0x00000000a8900000|100%| O|  |TAMS 0x00000000a8900000, 0x00000000a8900000| Untracked 
| 137|0x00000000a8900000, 0x00000000a8a00000, 0x00000000a8a00000|100%| O|  |TAMS 0x00000000a8a00000, 0x00000000a8a00000| Untracked 
| 138|0x00000000a8a00000, 0x00000000a8b00000, 0x00000000a8b00000|100%| O|  |TAMS 0x00000000a8b00000, 0x00000000a8b00000| Untracked 
| 139|0x00000000a8b00000, 0x00000000a8c00000, 0x00000000a8c00000|100%| O|  |TAMS 0x00000000a8c00000, 0x00000000a8c00000| Untracked 
| 140|0x00000000a8c00000, 0x00000000a8d00000, 0x00000000a8d00000|100%| O|  |TAMS 0x00000000a8d00000, 0x00000000a8d00000| Untracked 
| 141|0x00000000a8d00000, 0x00000000a8e00000, 0x00000000a8e00000|100%| O|  |TAMS 0x00000000a8e00000, 0x00000000a8e00000| Untracked 
| 142|0x00000000a8e00000, 0x00000000a8f00000, 0x00000000a8f00000|100%| O|  |TAMS 0x00000000a8f00000, 0x00000000a8f00000| Untracked 
| 143|0x00000000a8f00000, 0x00000000a9000000, 0x00000000a9000000|100%| O|  |TAMS 0x00000000a9000000, 0x00000000a9000000| Untracked 
| 144|0x00000000a9000000, 0x00000000a9100000, 0x00000000a9100000|100%| O|  |TAMS 0x00000000a9100000, 0x00000000a9100000| Untracked 
| 145|0x00000000a9100000, 0x00000000a9200000, 0x00000000a9200000|100%| O|  |TAMS 0x00000000a9200000, 0x00000000a9200000| Untracked 
| 146|0x00000000a9200000, 0x00000000a9300000, 0x00000000a9300000|100%| O|  |TAMS 0x00000000a9300000, 0x00000000a9300000| Untracked 
| 147|0x00000000a9300000, 0x00000000a9400000, 0x00000000a9400000|100%| O|  |TAMS 0x00000000a9400000, 0x00000000a9400000| Untracked 
| 148|0x00000000a9400000, 0x00000000a9500000, 0x00000000a9500000|100%| O|  |TAMS 0x00000000a9500000, 0x00000000a9500000| Untracked 
| 149|0x00000000a9500000, 0x00000000a9600000, 0x00000000a9600000|100%| O|  |TAMS 0x00000000a9600000, 0x00000000a9600000| Untracked 
| 150|0x00000000a9600000, 0x00000000a9700000, 0x00000000a9700000|100%| O|  |TAMS 0x00000000a9700000, 0x00000000a9700000| Untracked 
| 151|0x00000000a9700000, 0x00000000a9800000, 0x00000000a9800000|100%| O|  |TAMS 0x00000000a9800000, 0x00000000a9800000| Untracked 
| 152|0x00000000a9800000, 0x00000000a9900000, 0x00000000a9900000|100%| O|  |TAMS 0x00000000a9900000, 0x00000000a9900000| Untracked 
| 153|0x00000000a9900000, 0x00000000a9a00000, 0x00000000a9a00000|100%| O|  |TAMS 0x00000000a9a00000, 0x00000000a9a00000| Untracked 
| 154|0x00000000a9a00000, 0x00000000a9b00000, 0x00000000a9b00000|100%| O|  |TAMS 0x00000000a9b00000, 0x00000000a9b00000| Untracked 
| 155|0x00000000a9b00000, 0x00000000a9c00000, 0x00000000a9c00000|100%| O|  |TAMS 0x00000000a9c00000, 0x00000000a9c00000| Untracked 
| 156|0x00000000a9c00000, 0x00000000a9d00000, 0x00000000a9d00000|100%| O|  |TAMS 0x00000000a9d00000, 0x00000000a9d00000| Untracked 
| 157|0x00000000a9d00000, 0x00000000a9e00000, 0x00000000a9e00000|100%| O|  |TAMS 0x00000000a9e00000, 0x00000000a9e00000| Untracked 
| 158|0x00000000a9e00000, 0x00000000a9f00000, 0x00000000a9f00000|100%| O|  |TAMS 0x00000000a9f00000, 0x00000000a9f00000| Untracked 
| 159|0x00000000a9f00000, 0x00000000aa000000, 0x00000000aa000000|100%| O|  |TAMS 0x00000000aa000000, 0x00000000aa000000| Untracked 
| 160|0x00000000aa000000, 0x00000000aa100000, 0x00000000aa100000|100%| O|  |TAMS 0x00000000aa100000, 0x00000000aa100000| Untracked 
| 161|0x00000000aa100000, 0x00000000aa200000, 0x00000000aa200000|100%| O|  |TAMS 0x00000000aa200000, 0x00000000aa200000| Untracked 
| 162|0x00000000aa200000, 0x00000000aa300000, 0x00000000aa300000|100%| O|  |TAMS 0x00000000aa300000, 0x00000000aa300000| Untracked 
| 163|0x00000000aa300000, 0x00000000aa400000, 0x00000000aa400000|100%| O|  |TAMS 0x00000000aa392600, 0x00000000aa400000| Untracked 
| 164|0x00000000aa400000, 0x00000000aa500000, 0x00000000aa500000|100%| O|  |TAMS 0x00000000aa400000, 0x00000000aa500000| Untracked 
| 165|0x00000000aa500000, 0x00000000aa600000, 0x00000000aa600000|100%| O|  |TAMS 0x00000000aa500000, 0x00000000aa600000| Untracked 
| 166|0x00000000aa600000, 0x00000000aa700000, 0x00000000aa700000|100%| O|  |TAMS 0x00000000aa600000, 0x00000000aa700000| Untracked 
| 167|0x00000000aa700000, 0x00000000aa800000, 0x00000000aa800000|100%| O|  |TAMS 0x00000000aa700000, 0x00000000aa800000| Untracked 
| 168|0x00000000aa800000, 0x00000000aa900000, 0x00000000aa900000|100%| O|  |TAMS 0x00000000aa800000, 0x00000000aa900000| Untracked 
| 169|0x00000000aa900000, 0x00000000aaa00000, 0x00000000aaa00000|100%| O|  |TAMS 0x00000000aa900000, 0x00000000aaa00000| Untracked 
| 170|0x00000000aaa00000, 0x00000000aab00000, 0x00000000aab00000|100%| O|  |TAMS 0x00000000aaa00000, 0x00000000aab00000| Untracked 
| 171|0x00000000aab00000, 0x00000000aac00000, 0x00000000aac00000|100%| O|  |TAMS 0x00000000aab00000, 0x00000000aac00000| Untracked 
| 172|0x00000000aac00000, 0x00000000aad00000, 0x00000000aad00000|100%| O|  |TAMS 0x00000000aac00000, 0x00000000aad00000| Untracked 
| 173|0x00000000aad00000, 0x00000000aae00000, 0x00000000aae00000|100%| O|  |TAMS 0x00000000aad00000, 0x00000000aae00000| Untracked 
| 174|0x00000000aae00000, 0x00000000aaf00000, 0x00000000aaf00000|100%| O|  |TAMS 0x00000000aae00000, 0x00000000aaf00000| Untracked 
| 175|0x00000000aaf00000, 0x00000000ab000000, 0x00000000ab000000|100%| O|  |TAMS 0x00000000aaf00000, 0x00000000ab000000| Untracked 
| 176|0x00000000ab000000, 0x00000000ab100000, 0x00000000ab100000|100%| O|  |TAMS 0x00000000ab000000, 0x00000000ab100000| Untracked 
| 177|0x00000000ab100000, 0x00000000ab200000, 0x00000000ab200000|100%| O|  |TAMS 0x00000000ab100000, 0x00000000ab200000| Untracked 
| 178|0x00000000ab200000, 0x00000000ab300000, 0x00000000ab300000|100%| O|  |TAMS 0x00000000ab200000, 0x00000000ab300000| Untracked 
| 179|0x00000000ab300000, 0x00000000ab400000, 0x00000000ab400000|100%| O|  |TAMS 0x00000000ab300000, 0x00000000ab400000| Untracked 
| 180|0x00000000ab400000, 0x00000000ab500000, 0x00000000ab500000|100%| O|  |TAMS 0x00000000ab400000, 0x00000000ab500000| Untracked 
| 181|0x00000000ab500000, 0x00000000ab600000, 0x00000000ab600000|100%| O|  |TAMS 0x00000000ab500000, 0x00000000ab600000| Untracked 
| 182|0x00000000ab600000, 0x00000000ab700000, 0x00000000ab700000|100%| O|  |TAMS 0x00000000ab600000, 0x00000000ab700000| Untracked 
| 183|0x00000000ab700000, 0x00000000ab800000, 0x00000000ab800000|100%| O|  |TAMS 0x00000000ab700000, 0x00000000ab800000| Untracked 
| 184|0x00000000ab800000, 0x00000000ab900000, 0x00000000ab900000|100%| O|  |TAMS 0x00000000ab800000, 0x00000000ab900000| Untracked 
| 185|0x00000000ab900000, 0x00000000aba00000, 0x00000000aba00000|100%| O|  |TAMS 0x00000000ab900000, 0x00000000aba00000| Untracked 
| 186|0x00000000aba00000, 0x00000000abb00000, 0x00000000abb00000|100%| O|  |TAMS 0x00000000aba00000, 0x00000000abb00000| Untracked 
| 187|0x00000000abb00000, 0x00000000abc00000, 0x00000000abc00000|100%| O|  |TAMS 0x00000000abb00000, 0x00000000abc00000| Untracked 
| 188|0x00000000abc00000, 0x00000000abd00000, 0x00000000abd00000|100%| O|  |TAMS 0x00000000abc00000, 0x00000000abd00000| Untracked 
| 189|0x00000000abd00000, 0x00000000abe00000, 0x00000000abe00000|100%| O|  |TAMS 0x00000000abd00000, 0x00000000abe00000| Untracked 
| 190|0x00000000abe00000, 0x00000000abf00000, 0x00000000abf00000|100%| O|  |TAMS 0x00000000abe00000, 0x00000000abf00000| Untracked 
| 191|0x00000000abf00000, 0x00000000ac000000, 0x00000000ac000000|100%| O|  |TAMS 0x00000000abf00000, 0x00000000ac000000| Untracked 
| 192|0x00000000ac000000, 0x00000000ac100000, 0x00000000ac100000|100%| O|  |TAMS 0x00000000ac000000, 0x00000000ac100000| Untracked 
| 193|0x00000000ac100000, 0x00000000ac200000, 0x00000000ac200000|100%| O|  |TAMS 0x00000000ac100000, 0x00000000ac200000| Untracked 
| 194|0x00000000ac200000, 0x00000000ac300000, 0x00000000ac300000|100%| O|  |TAMS 0x00000000ac200000, 0x00000000ac300000| Untracked 
| 195|0x00000000ac300000, 0x00000000ac400000, 0x00000000ac400000|100%| O|  |TAMS 0x00000000ac300000, 0x00000000ac400000| Untracked 
| 196|0x00000000ac400000, 0x00000000ac500000, 0x00000000ac500000|100%| O|  |TAMS 0x00000000ac400000, 0x00000000ac500000| Untracked 
| 197|0x00000000ac500000, 0x00000000ac600000, 0x00000000ac600000|100%| O|  |TAMS 0x00000000ac500000, 0x00000000ac600000| Untracked 
| 198|0x00000000ac600000, 0x00000000ac700000, 0x00000000ac700000|100%| O|  |TAMS 0x00000000ac600000, 0x00000000ac700000| Untracked 
| 199|0x00000000ac700000, 0x00000000ac800000, 0x00000000ac800000|100%| O|  |TAMS 0x00000000ac700000, 0x00000000ac800000| Untracked 
| 200|0x00000000ac800000, 0x00000000ac900000, 0x00000000ac900000|100%| O|  |TAMS 0x00000000ac800000, 0x00000000ac900000| Untracked 
| 201|0x00000000ac900000, 0x00000000aca00000, 0x00000000aca00000|100%| O|  |TAMS 0x00000000ac900000, 0x00000000aca00000| Untracked 
| 202|0x00000000aca00000, 0x00000000acb00000, 0x00000000acb00000|100%| O|  |TAMS 0x00000000aca00000, 0x00000000acb00000| Untracked 
| 203|0x00000000acb00000, 0x00000000acc00000, 0x00000000acc00000|100%| O|  |TAMS 0x00000000acb00000, 0x00000000acc00000| Untracked 
| 204|0x00000000acc00000, 0x00000000acd00000, 0x00000000acd00000|100%| O|  |TAMS 0x00000000acc00000, 0x00000000acd00000| Untracked 
| 205|0x00000000acd00000, 0x00000000acd80000, 0x00000000ace00000| 50%| O|  |TAMS 0x00000000acd00000, 0x00000000acd80000| Untracked 
| 206|0x00000000ace00000, 0x00000000ace00000, 0x00000000acf00000|  0%| F|  |TAMS 0x00000000ace00000, 0x00000000ace00000| Untracked 
| 207|0x00000000acf00000, 0x00000000acf00000, 0x00000000ad000000|  0%| F|  |TAMS 0x00000000acf00000, 0x00000000acf00000| Untracked 
| 208|0x00000000ad000000, 0x00000000ad000000, 0x00000000ad100000|  0%| F|  |TAMS 0x00000000ad000000, 0x00000000ad000000| Untracked 
| 209|0x00000000ad100000, 0x00000000ad100000, 0x00000000ad200000|  0%| F|  |TAMS 0x00000000ad100000, 0x00000000ad100000| Untracked 
| 210|0x00000000ad200000, 0x00000000ad200000, 0x00000000ad300000|  0%| F|  |TAMS 0x00000000ad200000, 0x00000000ad200000| Untracked 
| 211|0x00000000ad300000, 0x00000000ad300000, 0x00000000ad400000|  0%| F|  |TAMS 0x00000000ad300000, 0x00000000ad300000| Untracked 
| 212|0x00000000ad400000, 0x00000000ad400000, 0x00000000ad500000|  0%| F|  |TAMS 0x00000000ad400000, 0x00000000ad400000| Untracked 
| 213|0x00000000ad500000, 0x00000000ad500000, 0x00000000ad600000|  0%| F|  |TAMS 0x00000000ad500000, 0x00000000ad500000| Untracked 
| 214|0x00000000ad600000, 0x00000000ad600000, 0x00000000ad700000|  0%| F|  |TAMS 0x00000000ad600000, 0x00000000ad600000| Untracked 
| 215|0x00000000ad700000, 0x00000000ad700000, 0x00000000ad800000|  0%| F|  |TAMS 0x00000000ad700000, 0x00000000ad700000| Untracked 
| 216|0x00000000ad800000, 0x00000000ad800000, 0x00000000ad900000|  0%| F|  |TAMS 0x00000000ad800000, 0x00000000ad800000| Untracked 
| 217|0x00000000ad900000, 0x00000000ad900000, 0x00000000ada00000|  0%| F|  |TAMS 0x00000000ad900000, 0x00000000ad900000| Untracked 
| 218|0x00000000ada00000, 0x00000000ada00000, 0x00000000adb00000|  0%| F|  |TAMS 0x00000000ada00000, 0x00000000ada00000| Untracked 
| 219|0x00000000adb00000, 0x00000000adb00000, 0x00000000adc00000|  0%| F|  |TAMS 0x00000000adb00000, 0x00000000adb00000| Untracked 
| 220|0x00000000adc00000, 0x00000000adc00000, 0x00000000add00000|  0%| F|  |TAMS 0x00000000adc00000, 0x00000000adc00000| Untracked 
| 221|0x00000000add00000, 0x00000000add00000, 0x00000000ade00000|  0%| F|  |TAMS 0x00000000add00000, 0x00000000add00000| Untracked 
| 222|0x00000000ade00000, 0x00000000ade00000, 0x00000000adf00000|  0%| F|  |TAMS 0x00000000ade00000, 0x00000000ade00000| Untracked 
| 223|0x00000000adf00000, 0x00000000adf00000, 0x00000000ae000000|  0%| F|  |TAMS 0x00000000adf00000, 0x00000000adf00000| Untracked 
| 224|0x00000000ae000000, 0x00000000ae000000, 0x00000000ae100000|  0%| F|  |TAMS 0x00000000ae000000, 0x00000000ae000000| Untracked 
| 225|0x00000000ae100000, 0x00000000ae100000, 0x00000000ae200000|  0%| F|  |TAMS 0x00000000ae100000, 0x00000000ae100000| Untracked 
| 226|0x00000000ae200000, 0x00000000ae200000, 0x00000000ae300000|  0%| F|  |TAMS 0x00000000ae200000, 0x00000000ae200000| Untracked 
| 227|0x00000000ae300000, 0x00000000ae300000, 0x00000000ae400000|  0%| F|  |TAMS 0x00000000ae300000, 0x00000000ae300000| Untracked 
| 228|0x00000000ae400000, 0x00000000ae400000, 0x00000000ae500000|  0%| F|  |TAMS 0x00000000ae400000, 0x00000000ae400000| Untracked 
| 229|0x00000000ae500000, 0x00000000ae500000, 0x00000000ae600000|  0%| F|  |TAMS 0x00000000ae500000, 0x00000000ae500000| Untracked 
| 230|0x00000000ae600000, 0x00000000ae600000, 0x00000000ae700000|  0%| F|  |TAMS 0x00000000ae600000, 0x00000000ae600000| Untracked 
| 231|0x00000000ae700000, 0x00000000ae700000, 0x00000000ae800000|  0%| F|  |TAMS 0x00000000ae700000, 0x00000000ae700000| Untracked 
| 232|0x00000000ae800000, 0x00000000ae800000, 0x00000000ae900000|  0%| F|  |TAMS 0x00000000ae800000, 0x00000000ae800000| Untracked 
| 233|0x00000000ae900000, 0x00000000ae900000, 0x00000000aea00000|  0%| F|  |TAMS 0x00000000ae900000, 0x00000000ae900000| Untracked 
| 234|0x00000000aea00000, 0x00000000aea00000, 0x00000000aeb00000|  0%| F|  |TAMS 0x00000000aea00000, 0x00000000aea00000| Untracked 
| 235|0x00000000aeb00000, 0x00000000aeb00000, 0x00000000aec00000|  0%| F|  |TAMS 0x00000000aeb00000, 0x00000000aeb00000| Untracked 
| 236|0x00000000aec00000, 0x00000000aec00000, 0x00000000aed00000|  0%| F|  |TAMS 0x00000000aec00000, 0x00000000aec00000| Untracked 
| 237|0x00000000aed00000, 0x00000000aed00000, 0x00000000aee00000|  0%| F|  |TAMS 0x00000000aed00000, 0x00000000aed00000| Untracked 
| 238|0x00000000aee00000, 0x00000000aee00000, 0x00000000aef00000|  0%| F|  |TAMS 0x00000000aee00000, 0x00000000aee00000| Untracked 
| 239|0x00000000aef00000, 0x00000000aef00000, 0x00000000af000000|  0%| F|  |TAMS 0x00000000aef00000, 0x00000000aef00000| Untracked 
| 240|0x00000000af000000, 0x00000000af000000, 0x00000000af100000|  0%| F|  |TAMS 0x00000000af000000, 0x00000000af000000| Untracked 
| 241|0x00000000af100000, 0x00000000af100000, 0x00000000af200000|  0%| F|  |TAMS 0x00000000af100000, 0x00000000af100000| Untracked 
| 242|0x00000000af200000, 0x00000000af200000, 0x00000000af300000|  0%| F|  |TAMS 0x00000000af200000, 0x00000000af200000| Untracked 
| 243|0x00000000af300000, 0x00000000af400000, 0x00000000af400000|100%| S|CS|TAMS 0x00000000af300000, 0x00000000af300000| Complete 
| 244|0x00000000af400000, 0x00000000af500000, 0x00000000af500000|100%| S|CS|TAMS 0x00000000af400000, 0x00000000af400000| Complete 
| 245|0x00000000af500000, 0x00000000af600000, 0x00000000af600000|100%| S|CS|TAMS 0x00000000af500000, 0x00000000af500000| Complete 
| 246|0x00000000af600000, 0x00000000af700000, 0x00000000af700000|100%| S|CS|TAMS 0x00000000af600000, 0x00000000af600000| Complete 
| 247|0x00000000af700000, 0x00000000af800000, 0x00000000af800000|100%| S|CS|TAMS 0x00000000af700000, 0x00000000af700000| Complete 
| 248|0x00000000af800000, 0x00000000af800000, 0x00000000af900000|  0%| F|  |TAMS 0x00000000af800000, 0x00000000af800000| Untracked 
| 249|0x00000000af900000, 0x00000000af900000, 0x00000000afa00000|  0%| F|  |TAMS 0x00000000af900000, 0x00000000af900000| Untracked 
| 250|0x00000000afa00000, 0x00000000afa00000, 0x00000000afb00000|  0%| F|  |TAMS 0x00000000afa00000, 0x00000000afa00000| Untracked 
| 251|0x00000000afb00000, 0x00000000afb00000, 0x00000000afc00000|  0%| F|  |TAMS 0x00000000afb00000, 0x00000000afb00000| Untracked 
| 252|0x00000000afc00000, 0x00000000afc00000, 0x00000000afd00000|  0%| F|  |TAMS 0x00000000afc00000, 0x00000000afc00000| Untracked 
| 253|0x00000000afd00000, 0x00000000afd00000, 0x00000000afe00000|  0%| F|  |TAMS 0x00000000afd00000, 0x00000000afd00000| Untracked 
| 254|0x00000000afe00000, 0x00000000afe00000, 0x00000000aff00000|  0%| F|  |TAMS 0x00000000afe00000, 0x00000000afe00000| Untracked 
| 255|0x00000000aff00000, 0x00000000aff00000, 0x00000000b0000000|  0%| F|  |TAMS 0x00000000aff00000, 0x00000000aff00000| Untracked 
| 256|0x00000000b0000000, 0x00000000b0000000, 0x00000000b0100000|  0%| F|  |TAMS 0x00000000b0000000, 0x00000000b0000000| Untracked 
| 257|0x00000000b0100000, 0x00000000b0100000, 0x00000000b0200000|  0%| F|  |TAMS 0x00000000b0100000, 0x00000000b0100000| Untracked 
| 258|0x00000000b0200000, 0x00000000b0200000, 0x00000000b0300000|  0%| F|  |TAMS 0x00000000b0200000, 0x00000000b0200000| Untracked 
| 259|0x00000000b0300000, 0x00000000b0300000, 0x00000000b0400000|  0%| F|  |TAMS 0x00000000b0300000, 0x00000000b0300000| Untracked 
| 260|0x00000000b0400000, 0x00000000b0400000, 0x00000000b0500000|  0%| F|  |TAMS 0x00000000b0400000, 0x00000000b0400000| Untracked 
| 261|0x00000000b0500000, 0x00000000b0500000, 0x00000000b0600000|  0%| F|  |TAMS 0x00000000b0500000, 0x00000000b0500000| Untracked 
| 262|0x00000000b0600000, 0x00000000b0600000, 0x00000000b0700000|  0%| F|  |TAMS 0x00000000b0600000, 0x00000000b0600000| Untracked 
| 263|0x00000000b0700000, 0x00000000b0700000, 0x00000000b0800000|  0%| F|  |TAMS 0x00000000b0700000, 0x00000000b0700000| Untracked 
| 264|0x00000000b0800000, 0x00000000b0800000, 0x00000000b0900000|  0%| F|  |TAMS 0x00000000b0800000, 0x00000000b0800000| Untracked 
| 265|0x00000000b0900000, 0x00000000b0900000, 0x00000000b0a00000|  0%| F|  |TAMS 0x00000000b0900000, 0x00000000b0900000| Untracked 
| 266|0x00000000b0a00000, 0x00000000b0a00000, 0x00000000b0b00000|  0%| F|  |TAMS 0x00000000b0a00000, 0x00000000b0a00000| Untracked 
| 267|0x00000000b0b00000, 0x00000000b0b00000, 0x00000000b0c00000|  0%| F|  |TAMS 0x00000000b0b00000, 0x00000000b0b00000| Untracked 
| 268|0x00000000b0c00000, 0x00000000b0c00000, 0x00000000b0d00000|  0%| F|  |TAMS 0x00000000b0c00000, 0x00000000b0c00000| Untracked 
| 269|0x00000000b0d00000, 0x00000000b0d00000, 0x00000000b0e00000|  0%| F|  |TAMS 0x00000000b0d00000, 0x00000000b0d00000| Untracked 
| 270|0x00000000b0e00000, 0x00000000b0e00000, 0x00000000b0f00000|  0%| F|  |TAMS 0x00000000b0e00000, 0x00000000b0e00000| Untracked 
| 271|0x00000000b0f00000, 0x00000000b0f00000, 0x00000000b1000000|  0%| F|  |TAMS 0x00000000b0f00000, 0x00000000b0f00000| Untracked 
| 272|0x00000000b1000000, 0x00000000b1000000, 0x00000000b1100000|  0%| F|  |TAMS 0x00000000b1000000, 0x00000000b1000000| Untracked 
| 273|0x00000000b1100000, 0x00000000b1100000, 0x00000000b1200000|  0%| F|  |TAMS 0x00000000b1100000, 0x00000000b1100000| Untracked 
| 274|0x00000000b1200000, 0x00000000b1200000, 0x00000000b1300000|  0%| F|  |TAMS 0x00000000b1200000, 0x00000000b1200000| Untracked 
| 275|0x00000000b1300000, 0x00000000b1300000, 0x00000000b1400000|  0%| F|  |TAMS 0x00000000b1300000, 0x00000000b1300000| Untracked 
| 276|0x00000000b1400000, 0x00000000b1400000, 0x00000000b1500000|  0%| F|  |TAMS 0x00000000b1400000, 0x00000000b1400000| Untracked 

Card table byte_map: [0x0000020e937e0000,0x0000020e93ae0000] _byte_map_base: 0x0000020e932e0000

Marking Bits (Prev, Next): (CMBitMap*) 0x0000020eff393b38, (CMBitMap*) 0x0000020eff393b70
 Prev Bits: [0x0000020e93de0000, 0x0000020e955e0000)
 Next Bits: [0x0000020e955e0000, 0x0000020e96de0000)

Polling page: 0x0000020e80000000

Metaspace:

Usage:
  Non-class:     84.86 MB capacity,    83.41 MB ( 98%) used,     1.18 MB (  1%) free+waste,   281.25 KB ( <1%) overhead. 
      Class:     13.31 MB capacity,    12.39 MB ( 93%) used,   813.98 KB (  6%) free+waste,   125.56 KB ( <1%) overhead. 
       Both:     98.17 MB capacity,    95.80 MB ( 98%) used,     1.98 MB (  2%) free+waste,   406.81 KB ( <1%) overhead. 

Virtual space:
  Non-class space:       86.00 MB reserved,      85.08 MB ( 99%) committed 
      Class space:        1.00 GB reserved,      13.50 MB (  1%) committed 
             Both:        1.08 GB reserved,      98.58 MB (  9%) committed 

Chunk freelists:
   Non-Class:  222.00 KB
       Class:  133.00 KB
        Both:  355.00 KB

MaxMetaspaceSize: 17179869184.00 GB
CompressedClassSpaceSize: 1.00 GB
Initial GC threshold: 20.80 MB
Current GC threshold: 161.59 MB
CDS: off

CodeHeap 'non-profiled nmethods': size=120000Kb used=5557Kb max_used=5557Kb free=114442Kb
 bounds [0x0000020e8b530000, 0x0000020e8baa0000, 0x0000020e92a60000]
CodeHeap 'profiled nmethods': size=120000Kb used=24075Kb max_used=24075Kb free=95924Kb
 bounds [0x0000020e84000000, 0x0000020e85790000, 0x0000020e8b530000]
CodeHeap 'non-nmethods': size=5760Kb used=2400Kb max_used=2428Kb free=3359Kb
 bounds [0x0000020e83a60000, 0x0000020e83cd0000, 0x0000020e84000000]
 total_blobs=12755 nmethods=11832 adapters=834
 compilation: enabled
              stopped_count=0, restarted_count=0
 full_count=0

Compilation events (20 events):
Event: 26.440 Thread 0x0000020e9a1e9800 12141       2       com.android.tools.r8.code.w2::<init> (7 bytes)
Event: 26.440 Thread 0x0000020e9a1e9800 nmethod 12141 0x0000020e85779590 code [0x0000020e85779740, 0x0000020e85779898]
Event: 26.442 Thread 0x0000020e9a1e9800 12148 %     3       jdk.internal.util.ArraysSupport::mismatch @ 49 (73 bytes)
Event: 26.443 Thread 0x0000020e9a1e9800 nmethod 12148% 0x0000020e85779990 code [0x0000020e85779b80, 0x0000020e85779fb8]
Event: 26.443 Thread 0x0000020e9a1e9800 12150       3       jdk.internal.util.ArraysSupport::mismatch (73 bytes)
Event: 26.443 Thread 0x0000020e9a1e9800 nmethod 12150 0x0000020e8577a190 code [0x0000020e8577a360, 0x0000020e8577a738]
Event: 26.446 Thread 0x0000020e9a1e9800 12152       2       com.android.tools.r8.graph.N2::f (64 bytes)
Event: 26.446 Thread 0x0000020e9a1e9800 nmethod 12152 0x0000020e8577a910 code [0x0000020e8577ab20, 0x0000020e8577ae98]
Event: 26.447 Thread 0x0000020e9a1e9800 12153       2       com.android.tools.r8.code.U2::hashCode (30 bytes)
Event: 26.448 Thread 0x0000020e9a1e9800 nmethod 12153 0x0000020e8577b090 code [0x0000020e8577b240, 0x0000020e8577b388]
Event: 26.448 Thread 0x0000020e9a1e9800 12154       2       com.android.tools.r8.code.T0::hashCode (21 bytes)
Event: 26.448 Thread 0x0000020e9a1e9800 nmethod 12154 0x0000020e8577b410 code [0x0000020e8577b5c0, 0x0000020e8577b708]
Event: 26.453 Thread 0x0000020e9a1e9800 12155       2       com.android.tools.r8.code.u::<init> (7 bytes)
Event: 26.453 Thread 0x0000020e9a1e9800 nmethod 12155 0x0000020e8577b790 code [0x0000020e8577b960, 0x0000020e8577bb98]
Event: 26.457 Thread 0x0000020e9a1e9800 12158       2       com.android.tools.r8.internal.bH::<init> (88 bytes)
Event: 26.458 Thread 0x0000020e9a1e9800 nmethod 12158 0x0000020e8577bd90 code [0x0000020e8577bfc0, 0x0000020e8577c548]
Event: 26.467 Thread 0x0000020e9a1e9800 12160       3       com.android.tools.r8.dex.j::d (507 bytes)
Event: 26.471 Thread 0x0000020e9a1e9800 nmethod 12160 0x0000020e8577c710 code [0x0000020e8577cd40, 0x0000020e85780b48]
Event: 26.472 Thread 0x0000020e9a1e9800 12162       2       com.android.tools.r8.code.K2::<init> (6 bytes)
Event: 26.472 Thread 0x0000020e9a1e9800 nmethod 12162 0x0000020e85782a90 code [0x0000020e85782c40, 0x0000020e85782d78]

GC Heap History (20 events):
Event: 20.609 GC heap after
{Heap after GC invocations=51 (full 0):
 garbage-first heap   total 186368K, used 74883K [0x00000000a0000000, 0x0000000100000000)
  region size 1024K, 8 young (8192K), 8 survivors (8192K)
 Metaspace       used 84659K, capacity 86753K, committed 86864K, reserved 1124352K
  class space    used 10961K, capacity 11734K, committed 11776K, reserved 1048576K
}
Event: 21.379 GC heap before
{Heap before GC invocations=51 (full 0):
 garbage-first heap   total 186368K, used 137347K [0x00000000a0000000, 0x0000000100000000)
  region size 1024K, 70 young (71680K), 8 survivors (8192K)
 Metaspace       used 86636K, capacity 89052K, committed 89168K, reserved 1126400K
  class space    used 11265K, capacity 12190K, committed 12288K, reserved 1048576K
}
Event: 21.391 GC heap after
{Heap after GC invocations=52 (full 0):
 garbage-first heap   total 186368K, used 79233K [0x00000000a0000000, 0x0000000100000000)
  region size 1024K, 9 young (9216K), 9 survivors (9216K)
 Metaspace       used 86636K, capacity 89052K, committed 89168K, reserved 1126400K
  class space    used 11265K, capacity 12190K, committed 12288K, reserved 1048576K
}
Event: 22.000 GC heap before
{Heap before GC invocations=52 (full 0):
 garbage-first heap   total 186368K, used 148865K [0x00000000a0000000, 0x0000000100000000)
  region size 1024K, 77 young (78848K), 9 survivors (9216K)
 Metaspace       used 86976K, capacity 89442K, committed 89680K, reserved 1126400K
  class space    used 11275K, capacity 12199K, committed 12288K, reserved 1048576K
}
Event: 22.013 GC heap after
{Heap after GC invocations=53 (full 0):
 garbage-first heap   total 186368K, used 84992K [0x00000000a0000000, 0x0000000100000000)
  region size 1024K, 10 young (10240K), 10 survivors (10240K)
 Metaspace       used 86976K, capacity 89442K, committed 89680K, reserved 1126400K
  class space    used 11275K, capacity 12199K, committed 12288K, reserved 1048576K
}
Event: 22.415 GC heap before
{Heap before GC invocations=53 (full 0):
 garbage-first heap   total 186368K, used 148480K [0x00000000a0000000, 0x0000000100000000)
  region size 1024K, 73 young (74752K), 10 survivors (10240K)
 Metaspace       used 87292K, capacity 89805K, committed 89936K, reserved 1126400K
  class space    used 11305K, capacity 12245K, committed 12288K, reserved 1048576K
}
Event: 22.458 GC heap after
{Heap after GC invocations=54 (full 0):
 garbage-first heap   total 186368K, used 88397K [0x00000000a0000000, 0x0000000100000000)
  region size 1024K, 6 young (6144K), 6 survivors (6144K)
 Metaspace       used 87292K, capacity 89805K, committed 89936K, reserved 1126400K
  class space    used 11305K, capacity 12245K, committed 12288K, reserved 1048576K
}
Event: 22.825 GC heap before
{Heap before GC invocations=54 (full 0):
 garbage-first heap   total 186368K, used 147789K [0x00000000a0000000, 0x0000000100000000)
  region size 1024K, 65 young (66560K), 6 survivors (6144K)
 Metaspace       used 87768K, capacity 90286K, committed 90448K, reserved 1128448K
  class space    used 11345K, capacity 12276K, committed 12288K, reserved 1048576K
}
Event: 22.839 GC heap after
{Heap after GC invocations=55 (full 0):
 garbage-first heap   total 186368K, used 92430K [0x00000000a0000000, 0x0000000100000000)
  region size 1024K, 9 young (9216K), 9 survivors (9216K)
 Metaspace       used 87768K, capacity 90286K, committed 90448K, reserved 1128448K
  class space    used 11345K, capacity 12276K, committed 12288K, reserved 1048576K
}
Event: 23.317 GC heap before
{Heap before GC invocations=55 (full 0):
 garbage-first heap   total 186368K, used 149774K [0x00000000a0000000, 0x0000000100000000)
  region size 1024K, 66 young (67584K), 9 survivors (9216K)
 Metaspace       used 89005K, capacity 91286K, committed 92240K, reserved 1128448K
  class space    used 11366K, capacity 12206K, committed 12544K, reserved 1048576K
}
Event: 23.400 GC heap after
{Heap after GC invocations=56 (full 0):
 garbage-first heap   total 186368K, used 95413K [0x00000000a0000000, 0x0000000100000000)
  region size 1024K, 8 young (8192K), 8 survivors (8192K)
 Metaspace       used 89005K, capacity 91286K, committed 92240K, reserved 1128448K
  class space    used 11366K, capacity 12206K, committed 12544K, reserved 1048576K
}
Event: 23.647 GC heap before
{Heap before GC invocations=57 (full 0):
 garbage-first heap   total 186368K, used 151733K [0x00000000a0000000, 0x0000000100000000)
  region size 1024K, 64 young (65536K), 8 survivors (8192K)
 Metaspace       used 90331K, capacity 92655K, committed 93776K, reserved 1130496K
  class space    used 11541K, capacity 12404K, committed 12800K, reserved 1048576K
}
Event: 23.711 GC heap after
{Heap after GC invocations=58 (full 0):
 garbage-first heap   total 283648K, used 98086K [0x00000000a0000000, 0x0000000100000000)
  region size 1024K, 6 young (6144K), 6 survivors (6144K)
 Metaspace       used 90331K, capacity 92655K, committed 93776K, reserved 1130496K
  class space    used 11541K, capacity 12404K, committed 12800K, reserved 1048576K
}
Event: 24.873 GC heap before
{Heap before GC invocations=58 (full 0):
 garbage-first heap   total 283648K, used 200486K [0x00000000a0000000, 0x0000000100000000)
  region size 1024K, 74 young (75776K), 6 survivors (6144K)
 Metaspace       used 95396K, capacity 97716K, committed 98640K, reserved 1134592K
  class space    used 12177K, capacity 13024K, committed 13312K, reserved 1048576K
}
Event: 24.896 GC heap after
{Heap after GC invocations=59 (full 0):
 garbage-first heap   total 283648K, used 134351K [0x00000000a0000000, 0x0000000100000000)
  region size 1024K, 15 young (15360K), 15 survivors (15360K)
 Metaspace       used 95396K, capacity 97716K, committed 98640K, reserved 1134592K
  class space    used 12177K, capacity 13024K, committed 13312K, reserved 1048576K
}
Event: 25.495 GC heap before
{Heap before GC invocations=60 (full 0):
 garbage-first heap   total 283648K, used 233679K [0x00000000a0000000, 0x0000000100000000)
  region size 1024K, 98 young (100352K), 15 survivors (15360K)
 Metaspace       used 95702K, capacity 98026K, committed 98896K, reserved 1134592K
  class space    used 12209K, capacity 13063K, committed 13312K, reserved 1048576K
}
Event: 25.723 GC heap after
{Heap after GC invocations=61 (full 0):
 garbage-first heap   total 283648K, used 172617K [0x00000000a0000000, 0x0000000100000000)
  region size 1024K, 13 young (13312K), 13 survivors (13312K)
 Metaspace       used 95702K, capacity 98026K, committed 98896K, reserved 1134592K
  class space    used 12209K, capacity 13063K, committed 13312K, reserved 1048576K
}
Event: 26.339 GC heap before
{Heap before GC invocations=62 (full 0):
 garbage-first heap   total 283648K, used 225865K [0x00000000a0000000, 0x0000000100000000)
  region size 1024K, 64 young (65536K), 13 survivors (13312K)
 Metaspace       used 98059K, capacity 100519K, committed 100944K, reserved 1136640K
  class space    used 12687K, capacity 13627K, committed 13824K, reserved 1048576K
}
Event: 26.379 GC heap after
{Heap after GC invocations=63 (full 0):
 garbage-first heap   total 283648K, used 199025K [0x00000000a0000000, 0x0000000100000000)
  region size 1024K, 8 young (8192K), 8 survivors (8192K)
 Metaspace       used 98059K, capacity 100519K, committed 100944K, reserved 1136640K
  class space    used 12687K, capacity 13627K, committed 13824K, reserved 1048576K
}
Event: 26.475 GC heap before
{Heap before GC invocations=63 (full 0):
 garbage-first heap   total 283648K, used 228721K [0x00000000a0000000, 0x0000000100000000)
  region size 1024K, 37 young (37888K), 8 survivors (8192K)
 Metaspace       used 98095K, capacity 100525K, committed 100944K, reserved 1136640K
  class space    used 12687K, capacity 13627K, committed 13824K, reserved 1048576K
}

Deoptimization events (20 events):
Event: 26.210 Thread 0x0000020ea2a8a000 DEOPT PACKING pc=0x0000020e8565d37e sp=0x0000005d5fcfe8b0
Event: 26.210 Thread 0x0000020ea2a8a000 DEOPT UNPACKING pc=0x0000020e83aaa95e sp=0x0000005d5fcfdf28 mode 0
Event: 26.214 Thread 0x0000020ea2a8a000 DEOPT PACKING pc=0x0000020e8564d334 sp=0x0000005d5fcfe4e0
Event: 26.214 Thread 0x0000020ea2a8a000 DEOPT UNPACKING pc=0x0000020e83aaa95e sp=0x0000005d5fcfe0c8 mode 0
Event: 26.228 Thread 0x0000020ea2a8a000 DEOPT PACKING pc=0x0000020e8564d334 sp=0x0000005d5fcfe4e0
Event: 26.228 Thread 0x0000020ea2a8a000 DEOPT UNPACKING pc=0x0000020e83aaa95e sp=0x0000005d5fcfe0c8 mode 0
Event: 26.235 Thread 0x0000020ea2a8a000 DEOPT PACKING pc=0x0000020e8565d37e sp=0x0000005d5fcfe8b0
Event: 26.235 Thread 0x0000020ea2a8a000 DEOPT UNPACKING pc=0x0000020e83aaa95e sp=0x0000005d5fcfdf28 mode 0
Event: 26.238 Thread 0x0000020e9deac800 DEOPT PACKING pc=0x0000020e85653fc7 sp=0x0000005d5fafe690
Event: 26.238 Thread 0x0000020e9deac800 DEOPT UNPACKING pc=0x0000020e83aaa95e sp=0x0000005d5fafdaf8 mode 0
Event: 26.266 Thread 0x0000020ea2a8a000 DEOPT PACKING pc=0x0000020e856df225 sp=0x0000005d5fcfeb30
Event: 26.266 Thread 0x0000020ea2a8a000 DEOPT UNPACKING pc=0x0000020e83aaa95e sp=0x0000005d5fcfe158 mode 0
Event: 26.273 Thread 0x0000020e9deac800 DEOPT PACKING pc=0x0000020e856df225 sp=0x0000005d5fafeb00
Event: 26.273 Thread 0x0000020e9deac800 DEOPT UNPACKING pc=0x0000020e83aaa95e sp=0x0000005d5fafe128 mode 0
Event: 26.279 Thread 0x0000020ea2a8f800 DEOPT PACKING pc=0x0000020e856df225 sp=0x0000005d601fee50
Event: 26.280 Thread 0x0000020ea2a8f800 DEOPT UNPACKING pc=0x0000020e83aaa95e sp=0x0000005d601fe478 mode 0
Event: 26.312 Thread 0x0000020ea2a8f800 DEOPT PACKING pc=0x0000020e85718cfe sp=0x0000005d601feae0
Event: 26.312 Thread 0x0000020ea2a8f800 DEOPT UNPACKING pc=0x0000020e83aaa95e sp=0x0000005d601fe068 mode 0
Event: 26.443 Thread 0x0000020ea2a8a000 DEOPT PACKING pc=0x0000020e85637c87 sp=0x0000005d5fcfe820
Event: 26.443 Thread 0x0000020ea2a8a000 DEOPT UNPACKING pc=0x0000020e83aaa95e sp=0x0000005d5fcfdce8 mode 0

Classes redefined (0 events):
No events

Internal exceptions (20 events):
Event: 22.913 Thread 0x0000020e9dea1000 Exception <a 'sun/nio/fs/WindowsException'{0x00000000ab305c48}> (0x00000000ab305c48) thrown at [./src/hotspot/share/prims/jni.cpp, line 616]
Event: 22.913 Thread 0x0000020e9dea1000 Exception <a 'sun/nio/fs/WindowsException'{0x00000000ab306d90}> (0x00000000ab306d90) thrown at [./src/hotspot/share/prims/jni.cpp, line 616]
Event: 22.913 Thread 0x0000020e9dea1000 Exception <a 'sun/nio/fs/WindowsException'{0x00000000ab307050}> (0x00000000ab307050) thrown at [./src/hotspot/share/prims/jni.cpp, line 616]
Event: 22.913 Thread 0x0000020e9dea1000 Exception <a 'sun/nio/fs/WindowsException'{0x00000000ab308168}> (0x00000000ab308168) thrown at [./src/hotspot/share/prims/jni.cpp, line 616]
Event: 22.950 Thread 0x0000020e9dea1000 Exception <a 'java/lang/NoSuchMethodError'{0x00000000ab2e1610}: <clinit>> (0x00000000ab2e1610) thrown at [./src/hotspot/share/prims/jni.cpp, line 1366]
Event: 22.953 Thread 0x0000020e9dea1000 Exception <a 'java/lang/NoSuchMethodError'{0x00000000ab11ce30}: <clinit>> (0x00000000ab11ce30) thrown at [./src/hotspot/share/prims/jni.cpp, line 1366]
Event: 22.956 Thread 0x0000020e9dea1000 Exception <a 'java/lang/NoSuchMethodError'{0x00000000ab156138}: <clinit>> (0x00000000ab156138) thrown at [./src/hotspot/share/prims/jni.cpp, line 1366]
Event: 22.957 Thread 0x0000020e9dea1000 Exception <a 'java/lang/NoSuchMethodError'{0x00000000ab16aa18}: <clinit>> (0x00000000ab16aa18) thrown at [./src/hotspot/share/prims/jni.cpp, line 1366]
Event: 24.317 Thread 0x0000020e9deae000 Exception <a 'sun/nio/fs/WindowsException'{0x00000000ae01eb68}> (0x00000000ae01eb68) thrown at [./src/hotspot/share/prims/jni.cpp, line 616]
Event: 24.562 Thread 0x0000020e9dea9000 Exception <a 'java/lang/NoSuchMethodError'{0x00000000ae2b8b28}: 'void java.lang.invoke.DirectMethodHandle$Holder.invokeStatic(java.lang.Object, long)'> (0x00000000ae2b8b28) thrown at [./src/hotspot/share/interpreter/linkResolver.cpp, line 773]
Event: 24.566 Thread 0x0000020e9dea9000 Exception <a 'java/lang/NoSuchMethodError'{0x00000000ae2bdfe8}: 'java.lang.Object java.lang.invoke.DirectMethodHandle$Holder.invokeStatic(java.lang.Object, long)'> (0x00000000ae2bdfe8) thrown at [./src/hotspot/share/interpreter/linkResolver.cpp, line 773]
Event: 24.569 Thread 0x0000020e9dea9000 Exception <a 'java/lang/NoSuchMethodError'{0x00000000ae2cc350}: 'java.lang.Object java.lang.invoke.DirectMethodHandle$Holder.invokeStaticInit(java.lang.Object, java.lang.Object, long, java.lang.Object)'> (0x00000000ae2cc350) thrown at [./src/hotspot/share/interpreter/linkResolver.cpp, line 773]
Event: 24.569 Thread 0x0000020e9dea9000 Exception <a 'java/lang/NoSuchMethodError'{0x00000000ae2d24e8}: 'java.lang.Object java.lang.invoke.DirectMethodHandle$Holder.invokeStatic(java.lang.Object, java.lang.Object, long)'> (0x00000000ae2d24e8) thrown at [./src/hotspot/share/interpreter/linkResolver.cpp, line 773]
Event: 24.570 Thread 0x0000020e9dea9000 Exception <a 'java/lang/NoSuchMethodError'{0x00000000ae2d8a60}: 'java.lang.Object java.lang.invoke.Invokers$Holder.linkToTargetMethod(java.lang.Object, long, java.lang.Object)'> (0x00000000ae2d8a60) thrown at [./src/hotspot/share/interpreter/linkResolver.cpp, line 773]
Event: 24.829 Thread 0x0000020e9deae000 Exception <a 'java/lang/NoSuchMethodError'{0x00000000ad9a07c0}: 'java.lang.Object java.lang.invoke.DirectMethodHandle$Holder.invokeStaticInit(java.lang.Object, java.lang.Object, java.lang.Object, java.lang.Object, java.lang.Object, java.lang.Object, java.lang.Object, java.lang.Object, java.lang.Object, java.lang.Object, java.lang.Object, java.lang.Object, java.lang.Object, java.lang.Object, java.lang.Object, java.lang.Object, java.lang.Object, java.lang.Object, int, java.lang.Object, java.lang.Object)'> (0
Event: 25.122 Thread 0x0000020e9dea9000 Exception <a 'java/lang/NoSuchMethodError'{0x00000000af2fb2c0}: 'int java.lang.invoke.DirectMethodHandle$Holder.invokeSpecialIFC(java.lang.Object, java.lang.Object, java.lang.Object)'> (0x00000000af2fb2c0) thrown at [./src/hotspot/share/interpreter/linkResolver.cpp, line 773]
Event: 25.860 Thread 0x0000020ea2a8f800 Exception <a 'java/lang/IncompatibleClassChangeError'{0x00000000b0eda590}: Found class java.lang.Object, but interface was expected> (0x00000000b0eda590) thrown at [./src/hotspot/share/interpreter/linkResolver.cpp, line 839]
Event: 25.936 Thread 0x0000020ea2a8b000 Exception <a 'java/lang/IncompatibleClassChangeError'{0x00000000b0c66a30}: Found class java.lang.Object, but interface was expected> (0x00000000b0c66a30) thrown at [./src/hotspot/share/interpreter/linkResolver.cpp, line 839]
Event: 25.937 Thread 0x0000020ea2a8b000 Exception <a 'java/lang/IncompatibleClassChangeError'{0x00000000b0c7d380}: Found class java.lang.Object, but interface was expected> (0x00000000b0c7d380) thrown at [./src/hotspot/share/interpreter/linkResolver.cpp, line 839]
Event: 25.958 Thread 0x0000020ea2a91800 Exception <a 'java/lang/NoSuchMethodError'{0x00000000b0cb0ac8}: 'java.lang.Object java.lang.invoke.DirectMethodHandle$Holder.newInvokeSpecial(java.lang.Object, int)'> (0x00000000b0cb0ac8) thrown at [./src/hotspot/share/interpreter/linkResolver.cpp, line 773]

Events (20 events):
Event: 26.109 loading class com/android/tools/r8/internal/UG done
Event: 26.112 loading class com/android/tools/r8/internal/RH
Event: 26.112 loading class com/android/tools/r8/internal/RH done
Event: 26.118 loading class com/android/tools/r8/internal/ZG
Event: 26.118 loading class com/android/tools/r8/internal/ZG done
Event: 26.118 loading class com/android/tools/r8/graph/W0
Event: 26.118 loading class com/android/tools/r8/graph/W0 done
Event: 26.120 loading class com/android/tools/r8/graph/N2
Event: 26.120 loading class com/android/tools/r8/graph/N2 done
Event: 26.120 loading class com/android/tools/r8/internal/XG
Event: 26.120 loading class com/android/tools/r8/internal/XG done
Event: 26.121 loading class com/android/tools/r8/internal/cH
Event: 26.121 loading class com/android/tools/r8/internal/cH done
Event: 26.122 loading class com/android/tools/r8/internal/Dj
Event: 26.122 loading class com/android/tools/r8/internal/Dj done
Event: 26.124 loading class com/android/tools/r8/internal/aB
Event: 26.124 loading class com/android/tools/r8/internal/aB done
Event: 26.339 Executing VM operation: G1CollectForAllocation
Event: 26.380 Executing VM operation: G1CollectForAllocation done
Event: 26.475 Executing VM operation: G1CollectForAllocation


Dynamic libraries:
0x00007ff7ee960000 - 0x00007ff7ee96a000 	C:\Program Files\Android\Android Studio\jre\bin\java.exe
0x00007ffc2d250000 - 0x00007ffc2d445000 	C:\Windows\SYSTEM32\ntdll.dll
0x00007ffc2ccc0000 - 0x00007ffc2cd7e000 	C:\Windows\System32\KERNEL32.DLL
0x00007ffc2a970000 - 0x00007ffc2ac39000 	C:\Windows\System32\KERNELBASE.dll
0x00007ffc2b0f0000 - 0x00007ffc2b1f0000 	C:\Windows\System32\ucrtbase.dll
0x00007ffc1e980000 - 0x00007ffc1e997000 	C:\Program Files\Android\Android Studio\jre\bin\VCRUNTIME140.dll
0x00007ffc1ce20000 - 0x00007ffc1ce39000 	C:\Program Files\Android\Android Studio\jre\bin\jli.dll
0x00007ffc2c820000 - 0x00007ffc2c9c1000 	C:\Windows\System32\USER32.dll
0x00007ffc1e520000 - 0x00007ffc1e7ba000 	C:\Windows\WinSxS\amd64_microsoft.windows.common-controls_6595b64144ccf1df_6.0.19041.1110_none_60b5254171f9507e\COMCTL32.dll
0x00007ffc2b030000 - 0x00007ffc2b052000 	C:\Windows\System32\win32u.dll
0x00007ffc2cba0000 - 0x00007ffc2cbcb000 	C:\Windows\System32\GDI32.dll
0x00007ffc2bd30000 - 0x00007ffc2bdce000 	C:\Windows\System32\msvcrt.dll
0x00007ffc2af20000 - 0x00007ffc2b02b000 	C:\Windows\System32\gdi32full.dll
0x00007ffc2adf0000 - 0x00007ffc2ae8d000 	C:\Windows\System32\msvcp_win.dll
0x00007ffc2b810000 - 0x00007ffc2b840000 	C:\Windows\System32\IMM32.DLL
0x00007ffbea430000 - 0x00007ffbea4cd000 	C:\Program Files\Android\Android Studio\jre\bin\msvcp140.dll
0x00007ffbe6c10000 - 0x00007ffbe7712000 	C:\Program Files\Android\Android Studio\jre\bin\server\jvm.dll
0x00007ffc2b320000 - 0x00007ffc2b3cc000 	C:\Windows\System32\ADVAPI32.dll
0x00007ffc2cd80000 - 0x00007ffc2ce1b000 	C:\Windows\System32\sechost.dll
0x00007ffc2bdd0000 - 0x00007ffc2befa000 	C:\Windows\System32\RPCRT4.dll
0x00007ffc2c640000 - 0x00007ffc2c648000 	C:\Windows\System32\PSAPI.DLL
0x00007ffc1e340000 - 0x00007ffc1e367000 	C:\Windows\SYSTEM32\WINMM.dll
0x00007ffc29110000 - 0x00007ffc2911a000 	C:\Windows\SYSTEM32\VERSION.dll
0x00007ffc20600000 - 0x00007ffc20609000 	C:\Windows\SYSTEM32\WSOCK32.dll
0x00007ffc2ce90000 - 0x00007ffc2cefb000 	C:\Windows\System32\WS2_32.dll
0x00007ffc29210000 - 0x00007ffc29222000 	C:\Windows\SYSTEM32\kernel.appcore.dll
0x00007ffc1c790000 - 0x00007ffc1c7a1000 	C:\Program Files\Android\Android Studio\jre\bin\verify.dll
0x00007ffc13930000 - 0x00007ffc13b14000 	C:\Windows\SYSTEM32\DBGHELP.DLL
0x00007ffc138c0000 - 0x00007ffc138ec000 	C:\Windows\SYSTEM32\dbgcore.DLL
0x00007ffc2ae90000 - 0x00007ffc2af13000 	C:\Windows\System32\bcryptPrimitives.dll
0x00007ffc19520000 - 0x00007ffc19549000 	C:\Program Files\Android\Android Studio\jre\bin\java.dll
0x00007ffc1ebb0000 - 0x00007ffc1ebbb000 	C:\Program Files\Android\Android Studio\jre\bin\jimage.dll
0x00007ffc1c770000 - 0x00007ffc1c788000 	C:\Program Files\Android\Android Studio\jre\bin\zip.dll
0x00007ffc2bf00000 - 0x00007ffc2c63f000 	C:\Windows\System32\SHELL32.dll
0x00007ffc288d0000 - 0x00007ffc29060000 	C:\Windows\SYSTEM32\windows.storage.dll
0x00007ffc2b4b0000 - 0x00007ffc2b805000 	C:\Windows\System32\combase.dll
0x00007ffc2a2f0000 - 0x00007ffc2a31c000 	C:\Windows\SYSTEM32\Wldp.dll
0x00007ffc2d100000 - 0x00007ffc2d1ad000 	C:\Windows\System32\SHCORE.dll
0x00007ffc2bcd0000 - 0x00007ffc2bd25000 	C:\Windows\System32\shlwapi.dll
0x00007ffc2a8b0000 - 0x00007ffc2a8cf000 	C:\Windows\SYSTEM32\profapi.dll
0x00007ffc19cc0000 - 0x00007ffc19cda000 	C:\Program Files\Android\Android Studio\jre\bin\net.dll
0x00007ffc1cc10000 - 0x00007ffc1cd18000 	C:\Windows\SYSTEM32\WINHTTP.dll
0x00007ffc2a050000 - 0x00007ffc2a0ba000 	C:\Windows\system32\mswsock.dll
0x00007ffc10760000 - 0x00007ffc10774000 	C:\Program Files\Android\Android Studio\jre\bin\nio.dll
0x00007ffc1a060000 - 0x00007ffc1a087000 	C:\Users\shweta android\.gradle\native\e1d6ef7f7dcc3fd88c89a11ec53ec762bb8ba0a96d01ffa2cd45eb1d1d8dd5c5\windows-amd64\native-platform.dll
0x00007ffc0c2e0000 - 0x00007ffc0c424000 	C:\Users\shweta android\.gradle\native\0d407fdbe67a94daf76414ababcb853783967236a71b16ec16e742cd7a986fd3\windows-amd64\native-platform-file-events.dll
0x00007ffc1e970000 - 0x00007ffc1e97a000 	C:\Program Files\Android\Android Studio\jre\bin\management.dll
0x00007ffc10390000 - 0x00007ffc1039d000 	C:\Program Files\Android\Android Studio\jre\bin\management_ext.dll
0x00007ffc2a240000 - 0x00007ffc2a258000 	C:\Windows\SYSTEM32\CRYPTSP.dll
0x00007ffc299d0000 - 0x00007ffc29a04000 	C:\Windows\system32\rsaenh.dll
0x00007ffc2b0c0000 - 0x00007ffc2b0e7000 	C:\Windows\System32\bcrypt.dll
0x00007ffc2a870000 - 0x00007ffc2a89e000 	C:\Windows\SYSTEM32\USERENV.dll
0x00007ffc2a260000 - 0x00007ffc2a26c000 	C:\Windows\SYSTEM32\CRYPTBASE.dll
0x00007ffc29d40000 - 0x00007ffc29d7b000 	C:\Windows\SYSTEM32\IPHLPAPI.DLL
0x00007ffc2ce80000 - 0x00007ffc2ce88000 	C:\Windows\System32\NSI.dll
0x00007ffc245d0000 - 0x00007ffc245e7000 	C:\Windows\SYSTEM32\dhcpcsvc6.DLL
0x00007ffc24bb0000 - 0x00007ffc24bcd000 	C:\Windows\SYSTEM32\dhcpcsvc.DLL
0x00007ffc29d80000 - 0x00007ffc29e4c000 	C:\Windows\SYSTEM32\DNSAPI.dll

dbghelp: loaded successfully - version: 4.0.5 - missing functions: none
symbol engine: initialized successfully - sym options: 0x614 - pdb path: .;C:\Program Files\Android\Android Studio\jre\bin;C:\Windows\SYSTEM32;C:\Windows\WinSxS\amd64_microsoft.windows.common-controls_6595b64144ccf1df_6.0.19041.1110_none_60b5254171f9507e;C:\Program Files\Android\Android Studio\jre\bin\server;C:\Users\shweta android\.gradle\native\e1d6ef7f7dcc3fd88c89a11ec53ec762bb8ba0a96d01ffa2cd45eb1d1d8dd5c5\windows-amd64;C:\Users\shweta android\.gradle\native\0d407fdbe67a94daf76414ababcb853783967236a71b16ec16e742cd7a986fd3\windows-amd64

VM Arguments:
jvm_args: --add-opens=java.base/java.util=ALL-UNNAMED --add-opens=java.base/java.lang=ALL-UNNAMED --add-opens=java.base/java.lang.invoke=ALL-UNNAMED --add-opens=java.base/java.util=ALL-UNNAMED --add-opens=java.prefs/java.util.prefs=ALL-UNNAMED --add-opens=java.prefs/java.util.prefs=ALL-UNNAMED --add-opens=java.base/java.nio.charset=ALL-UNNAMED --add-opens=java.base/java.net=ALL-UNNAMED --add-opens=java.base/java.util.concurrent.atomic=ALL-UNNAMED -Xmx1536m -Dfile.encoding=windows-1252 -Duser.country=US -Duser.language=en -Duser.variant 
java_command: org.gradle.launcher.daemon.bootstrap.GradleDaemon 7.4
java_class_path (initial): C:\Users\shweta android\.gradle\wrapper\dists\gradle-7.4-bin\c0gwcg53nkjbqw7r0h0umtfvt\gradle-7.4\lib\gradle-launcher-7.4.jar
Launcher Type: SUN_STANDARD

[Global flags]
     intx CICompilerCount                          = 4                                         {product} {ergonomic}
     uint ConcGCThreads                            = 2                                         {product} {ergonomic}
     uint G1ConcRefinementThreads                  = 8                                         {product} {ergonomic}
   size_t G1HeapRegionSize                         = 1048576                                   {product} {ergonomic}
    uintx GCDrainStackTargetSize                   = 64                                        {product} {ergonomic}
   size_t InitialHeapSize                          = 67108864                                  {product} {ergonomic}
   size_t MarkStackSize                            = 4194304                                   {product} {ergonomic}
   size_t MaxHeapSize                              = 1610612736                                {product} {command line}
   size_t MaxNewSize                               = 965738496                                 {product} {ergonomic}
   size_t MinHeapDeltaBytes                        = 1048576                                   {product} {ergonomic}
    uintx NonNMethodCodeHeapSize                   = 5836300                                {pd product} {ergonomic}
    uintx NonProfiledCodeHeapSize                  = 122910970                              {pd product} {ergonomic}
    uintx ProfiledCodeHeapSize                     = 122910970                              {pd product} {ergonomic}
    uintx ReservedCodeCacheSize                    = 251658240                              {pd product} {ergonomic}
     bool SegmentedCodeCache                       = true                                      {product} {ergonomic}
     bool UseCompressedClassPointers               = true                                 {lp64_product} {ergonomic}
     bool UseCompressedOops                        = true                                 {lp64_product} {ergonomic}
     bool UseG1GC                                  = true                                      {product} {ergonomic}
     bool UseLargePagesIndividualAllocation        = false                                  {pd product} {ergonomic}

Logging:
Log output configuration:
 #0: stdout all=warning uptime,level,tags
 #1: stderr all=off uptime,level,tags

Environment Variables:
PATH=C:\Windows\system32;C:\Windows;C:\Windows\System32\Wbem;C:\Windows\System32\WindowsPowerShell\v1.0\;C:\Windows\System32\OpenSSH\;C:\Program Files\Git\cmd;C:\Users\shweta android\AppData\Local\Microsoft\WindowsApps;;D:\program files\Microsoft VS Code\bin
USERNAME=shweta android
OS=Windows_NT
PROCESSOR_IDENTIFIER=Intel64 Family 6 Model 60 Stepping 3, GenuineIntel



---------------  S Y S T E M  ---------------

OS: Windows 10 , 64 bit Build 19041 (10.0.19041.1202)
OS uptime: 1 days 0:24 hours

CPU:total 8 (initial active 8) (4 cores per cpu, 2 threads per core) family 6 model 60 stepping 3 microcode 0x27, cmov, cx8, fxsr, mmx, sse, sse2, sse3, ssse3, sse4.1, sse4.2, popcnt, avx, avx2, aes, clmul, erms, lzcnt, ht, tsc, tscinvbit, bmi1, bmi2, fma

Memory: 4k page, system-wide physical 4007M (278M free)
TotalPageFile size 10179M (AvailPageFile size 164M)
current process WorkingSet (physical memory assigned to process): 354M, peak: 354M
current process commit charge ("private bytes"): 601M, peak: 850M

vm_info: OpenJDK 64-Bit Server VM (11.0.13+0-b1751.21-8125866) for windows-amd64 JRE (11.0.13+0-b1751.21-8125866), built on Feb  2 2022 03:00:22 by "builder" with MS VC++ 14.0 (VS2015)

END.
