#
# There is insufficient memory for the Java Runtime Environment to continue.
# Native memory allocation (malloc) failed to allocate 1127856 bytes for Chunk::new
# Possible reasons:
#   The system is out of physical RAM or swap space
#   The process is running with CompressedOops enabled, and the Java Heap may be blocking the growth of the native heap
# Possible solutions:
#   Reduce memory load on the system
#   Increase physical memory or swap space
#   Check if swap backing store is full
#   Decrease Java heap size (-Xmx/-Xms)
#   Decrease number of Java threads
#   Decrease Java thread stack sizes (-Xss)
#   Set larger code cache with -XX:ReservedCodeCacheSize=
#   JVM is running with Unscaled Compressed Oops mode in which the Java heap is
#     placed in the first 4GB address space. The Java Heap base address is the
#     maximum limit for the native heap growth. Please use -XX:HeapBaseMinAddress
#     to set the Java Heap base and to place the Java Heap above 4GB virtual address.
# This output file may be truncated or incomplete.
#
#  Out of Memory Error (./src/hotspot/share/memory/arena.cpp:197), pid=26276, tid=14188
#
# JRE version: OpenJDK Runtime Environment (11.0.13) (build 11.0.13+0-b1751.21-8125866)
# Java VM: OpenJDK 64-Bit Server VM (11.0.13+0-b1751.21-8125866, mixed mode, tiered, compressed oops, g1 gc, windows-amd64)
# No core dump will be written. Minidumps are not enabled by default on client versions of Windows
#

---------------  S U M M A R Y ------------

Command Line: --add-opens=java.base/java.util=ALL-UNNAMED --add-opens=java.base/java.lang=ALL-UNNAMED --add-opens=java.base/java.lang.invoke=ALL-UNNAMED --add-opens=java.base/java.util=ALL-UNNAMED --add-opens=java.prefs/java.util.prefs=ALL-UNNAMED --add-opens=java.prefs/java.util.prefs=ALL-UNNAMED --add-opens=java.base/java.nio.charset=ALL-UNNAMED --add-opens=java.base/java.net=ALL-UNNAMED --add-opens=java.base/java.util.concurrent.atomic=ALL-UNNAMED -Xmx1536m -Dfile.encoding=windows-1252 -Duser.country=US -Duser.language=en -Duser.variant org.gradle.launcher.daemon.bootstrap.GradleDaemon 7.4

Host: Intel(R) Core(TM) i7-4770 CPU @ 3.40GHz, 8 cores, 3G,  Windows 10 , 64 bit Build 19041 (10.0.19041.1202)
Time: Fri Nov 25 15:52:48 2022 India Standard Time elapsed time: 8.839249 seconds (0d 0h 0m 8s)

---------------  T H R E A D  ---------------

Current thread (0x0000025d241e7800):  JavaThread "C2 CompilerThread0" daemon [_thread_in_native, id=14188, stack(0x0000009ae1a00000,0x0000009ae1b00000)]


Current CompileTask:
C2:   8839 6036   !   4       java.util.jar.Attributes::read (390 bytes)

Stack: [0x0000009ae1a00000,0x0000009ae1b00000]
Native frames: (J=compiled Java code, j=interpreted, Vv=VM code, C=native code)
V  [jvm.dll+0x6100fa]
V  [jvm.dll+0x747090]
V  [jvm.dll+0x7486ad]
V  [jvm.dll+0x748d83]
V  [jvm.dll+0x24ab48]
V  [jvm.dll+0xc04dc]
V  [jvm.dll+0xc0a0c]
V  [jvm.dll+0x35eb9d]
V  [jvm.dll+0x32b833]
V  [jvm.dll+0x32ad2a]
V  [jvm.dll+0x2032b2]
V  [jvm.dll+0x202437]
V  [jvm.dll+0x188e01]
V  [jvm.dll+0x21106b]
V  [jvm.dll+0x20f8c1]
V  [jvm.dll+0x70de0f]
V  [jvm.dll+0x706a75]
V  [jvm.dll+0x60ed66]
C  [ucrtbase.dll+0x21bb2]
C  [KERNEL32.DLL+0x17034]
C  [ntdll.dll+0x52651]


---------------  P R O C E S S  ---------------

Threads class SMR info:
_java_thread_list=0x0000025d2abc2040, length=122, elements={
0x0000025d0a87c000, 0x0000025d24185000, 0x0000025d2418e000, 0x0000025d24b00800,
0x0000025d24b03000, 0x0000025d24b04000, 0x0000025d241e7800, 0x0000025d241ee000,
0x0000025d241f6000, 0x0000025d24c63000, 0x0000025d26abe800, 0x0000025d265ff000,
0x0000025d2665f800, 0x0000025d25edb000, 0x0000025d262d0000, 0x0000025d26254000,
0x0000025d2640f800, 0x0000025d25d96000, 0x0000025d25d39800, 0x0000025d25b74000,
0x0000025d2691d800, 0x0000025d26918800, 0x0000025d26917800, 0x0000025d26919800,
0x0000025d2691b800, 0x0000025d2691e000, 0x0000025d2691a000, 0x0000025d2691b000,
0x0000025d2691c800, 0x0000025d26e86000, 0x0000025d26e88800, 0x0000025d26e89000,
0x0000025d26e8a000, 0x0000025d26e84800, 0x0000025d26e8b000, 0x0000025d26e8b800,
0x0000025d26e8c800, 0x0000025d26e8d800, 0x0000025d26e87800, 0x0000025d26e90000,
0x0000025d26e92000, 0x0000025d26e93000, 0x0000025d26e8f000, 0x0000025d26e90800,
0x0000025d26e91800, 0x0000025d26e8e000, 0x0000025d28c79000, 0x0000025d28c7f000,
0x0000025d28c7d000, 0x0000025d28c7f800, 0x0000025d28c7a000, 0x0000025d28c7e000,
0x0000025d28c7a800, 0x0000025d28c7b800, 0x0000025d28c7c800, 0x0000025d29812800,
0x0000025d29810000, 0x0000025d29811800, 0x0000025d29814000, 0x0000025d29816800,
0x0000025d29815800, 0x0000025d29810800, 0x0000025d29813000, 0x0000025d29814800,
0x0000025d29838800, 0x0000025d2983b000, 0x0000025d2983a800, 0x0000025d2983d800,
0x0000025d2983c000, 0x0000025d29839800, 0x0000025d2983d000, 0x0000025d29838000,
0x0000025d29841800, 0x0000025d2983e800, 0x0000025d29842800, 0x0000025d29843800,
0x0000025d2983f000, 0x0000025d29844000, 0x0000025d29840000, 0x0000025d29845000,
0x0000025d29841000, 0x0000025d29845800, 0x0000025d29846800, 0x0000025d2914d800,
0x0000025d29149000, 0x0000025d2914e000, 0x0000025d2914a000, 0x0000025d29148800,
0x0000025d2914b000, 0x0000025d2914f000, 0x0000025d2914b800, 0x0000025d2914c800,
0x0000025d274b6800, 0x0000025d274b7800, 0x0000025d274b5000, 0x0000025d274b8000,
0x0000025d274b9000, 0x0000025d274b3000, 0x0000025d274b5800, 0x0000025d274b9800,
0x0000025d274b4000, 0x0000025d274c0800, 0x0000025d274bc000, 0x0000025d274ba800,
0x0000025d274bd000, 0x0000025d274be000, 0x0000025d274bb800, 0x0000025d274bf800,
0x0000025d274c1000, 0x0000025d274c2000, 0x0000025d274be800, 0x0000025d25b9b000,
0x0000025d25b97800, 0x0000025d25b9d800, 0x0000025d25b9e000, 0x0000025d25b9a000,
0x0000025d25b98800, 0x0000025d25b9f000, 0x0000025d25b99000, 0x0000025d25ba1800,
0x0000025d25ba0000, 0x0000025d25ba0800
}

Java Threads: ( => current thread )
  0x0000025d0a87c000 JavaThread "main" [_thread_blocked, id=29412, stack(0x0000009ae0e00000,0x0000009ae0f00000)]
  0x0000025d24185000 JavaThread "Reference Handler" daemon [_thread_blocked, id=12172, stack(0x0000009ae1500000,0x0000009ae1600000)]
  0x0000025d2418e000 JavaThread "Finalizer" daemon [_thread_blocked, id=23120, stack(0x0000009ae1600000,0x0000009ae1700000)]
  0x0000025d24b00800 JavaThread "Signal Dispatcher" daemon [_thread_blocked, id=7644, stack(0x0000009ae1700000,0x0000009ae1800000)]
  0x0000025d24b03000 JavaThread "Attach Listener" daemon [_thread_blocked, id=13740, stack(0x0000009ae1800000,0x0000009ae1900000)]
  0x0000025d24b04000 JavaThread "Service Thread" daemon [_thread_blocked, id=9640, stack(0x0000009ae1900000,0x0000009ae1a00000)]
=>0x0000025d241e7800 JavaThread "C2 CompilerThread0" daemon [_thread_in_native, id=14188, stack(0x0000009ae1a00000,0x0000009ae1b00000)]
  0x0000025d241ee000 JavaThread "C1 CompilerThread0" daemon [_thread_blocked, id=23360, stack(0x0000009ae1b00000,0x0000009ae1c00000)]
  0x0000025d241f6000 JavaThread "Sweeper thread" daemon [_thread_blocked, id=14364, stack(0x0000009ae1c00000,0x0000009ae1d00000)]
  0x0000025d24c63000 JavaThread "Common-Cleaner" daemon [_thread_blocked, id=25036, stack(0x0000009ae1d00000,0x0000009ae1e00000)]
  0x0000025d26abe800 JavaThread "Daemon health stats" [_thread_blocked, id=12212, stack(0x0000009ae2000000,0x0000009ae2100000)]
  0x0000025d265ff000 JavaThread "Incoming local TCP Connector on port 59925" [_thread_in_native, id=28048, stack(0x0000009ae2100000,0x0000009ae2200000)]
  0x0000025d2665f800 JavaThread "Daemon periodic checks" [_thread_blocked, id=24940, stack(0x0000009ae2200000,0x0000009ae2300000)]
  0x0000025d25edb000 JavaThread "Daemon" [_thread_blocked, id=26580, stack(0x0000009ae2300000,0x0000009ae2400000)]
  0x0000025d262d0000 JavaThread "Handler for socket connection from /127.0.0.1:59925 to /127.0.0.1:59926" [_thread_in_native, id=18200, stack(0x0000009ae2400000,0x0000009ae2500000)]
  0x0000025d26254000 JavaThread "Cancel handler" [_thread_blocked, id=23524, stack(0x0000009ae2500000,0x0000009ae2600000)]
  0x0000025d2640f800 JavaThread "Daemon worker" [_thread_in_native, id=15172, stack(0x0000009ae2600000,0x0000009ae2700000)]
  0x0000025d25d96000 JavaThread "Asynchronous log dispatcher for DefaultDaemonConnection: socket connection from /127.0.0.1:59925 to /127.0.0.1:59926" [_thread_blocked, id=21892, stack(0x0000009ae2700000,0x0000009ae2800000)]
  0x0000025d25d39800 JavaThread "Stdin handler" [_thread_blocked, id=29668, stack(0x0000009ae2800000,0x0000009ae2900000)]
  0x0000025d25b74000 JavaThread "Daemon client event forwarder" [_thread_blocked, id=15624, stack(0x0000009ae2900000,0x0000009ae2a00000)]
  0x0000025d2691d800 JavaThread "Cache worker for journal cache (C:\Users\shweta android\.gradle\caches\journal-1)" [_thread_blocked, id=23336, stack(0x0000009ae3000000,0x0000009ae3100000)]
  0x0000025d26918800 JavaThread "File lock request listener" [_thread_in_native, id=7572, stack(0x0000009ae3100000,0x0000009ae3200000)]
  0x0000025d26917800 JavaThread "Cache worker for file hash cache (C:\Users\shweta android\.gradle\caches\7.4\fileHashes)" [_thread_blocked, id=16948, stack(0x0000009ae3200000,0x0000009ae3300000)]
  0x0000025d26919800 JavaThread "File watcher server" daemon [_thread_in_native, id=20888, stack(0x0000009ae3400000,0x0000009ae3500000)]
  0x0000025d2691b800 JavaThread "File watcher consumer" daemon [_thread_blocked, id=15368, stack(0x0000009ae3500000,0x0000009ae3600000)]
  0x0000025d2691e000 JavaThread "Cache worker for checksums cache (D:\sonalika apk\sonalikaM23 09 22\.gradle\7.4\checksums)" [_thread_blocked, id=26084, stack(0x0000009ae3600000,0x0000009ae3700000)]
  0x0000025d2691a000 JavaThread "Cache worker for cache directory md-rule (C:\Users\shweta android\.gradle\caches\7.4\md-rule)" [_thread_blocked, id=21132, stack(0x0000009ae3700000,0x0000009ae3800000)]
  0x0000025d2691b000 JavaThread "Cache worker for file hash cache (D:\sonalika apk\sonalikaM23 09 22\.gradle\7.4\fileHashes)" [_thread_blocked, id=17476, stack(0x0000009ae3800000,0x0000009ae3900000)]
  0x0000025d2691c800 JavaThread "Cache worker for cache directory md-supplier (C:\Users\shweta android\.gradle\caches\7.4\md-supplier)" [_thread_blocked, id=8532, stack(0x0000009ae3900000,0x0000009ae3a00000)]
  0x0000025d26e86000 JavaThread "Cache worker for execution history cache (C:\Users\shweta android\.gradle\caches\7.4\executionHistory)" [_thread_blocked, id=12828, stack(0x0000009ae3a00000,0x0000009ae3b00000)]
  0x0000025d26e88800 JavaThread "jar transforms" [_thread_blocked, id=18684, stack(0x0000009ae3b00000,0x0000009ae3c00000)]
  0x0000025d26e89000 JavaThread "jar transforms Thread 2" [_thread_blocked, id=23832, stack(0x0000009ae3c00000,0x0000009ae3d00000)]
  0x0000025d26e8a000 JavaThread "Cache worker for file content cache (C:\Users\shweta android\.gradle\caches\7.4\fileContent)" [_thread_blocked, id=4444, stack(0x0000009ae3d00000,0x0000009ae3e00000)]
  0x0000025d26e84800 JavaThread "Cache worker for dependencies-accessors (D:\sonalika apk\sonalikaM23 09 22\.gradle\7.4\dependencies-accessors)" [_thread_blocked, id=5828, stack(0x0000009ae3e00000,0x0000009ae3f00000)]
  0x0000025d26e8b000 JavaThread "jar transforms Thread 3" [_thread_blocked, id=1268, stack(0x0000009ae3f00000,0x0000009ae4000000)]
  0x0000025d26e8b800 JavaThread "Cache worker for Build Output Cleanup Cache (D:\sonalika apk\sonalikaM23 09 22\.gradle\buildOutputCleanup)" [_thread_blocked, id=3952, stack(0x0000009ae4000000,0x0000009ae4100000)]
  0x0000025d26e8c800 JavaThread "Unconstrained build operations" [_thread_blocked, id=6708, stack(0x0000009ae4100000,0x0000009ae4200000)]
  0x0000025d26e8d800 JavaThread "Unconstrained build operations Thread 2" [_thread_blocked, id=28464, stack(0x0000009ae4200000,0x0000009ae4300000)]
  0x0000025d26e87800 JavaThread "Unconstrained build operations Thread 3" [_thread_blocked, id=9928, stack(0x0000009ae4300000,0x0000009ae4400000)]
  0x0000025d26e90000 JavaThread "Unconstrained build operations Thread 4" [_thread_blocked, id=28928, stack(0x0000009ae4400000,0x0000009ae4500000)]
  0x0000025d26e92000 JavaThread "Unconstrained build operations Thread 5" [_thread_blocked, id=25552, stack(0x0000009ae4500000,0x0000009ae4600000)]
  0x0000025d26e93000 JavaThread "Unconstrained build operations Thread 6" [_thread_blocked, id=24888, stack(0x0000009ae4600000,0x0000009ae4700000)]
  0x0000025d26e8f000 JavaThread "Unconstrained build operations Thread 7" [_thread_blocked, id=9044, stack(0x0000009ae4700000,0x0000009ae4800000)]
  0x0000025d26e90800 JavaThread "Unconstrained build operations Thread 8" [_thread_blocked, id=14120, stack(0x0000009ae4800000,0x0000009ae4900000)]
  0x0000025d26e91800 JavaThread "Unconstrained build operations Thread 9" [_thread_blocked, id=25904, stack(0x0000009ae4900000,0x0000009ae4a00000)]
  0x0000025d26e8e000 JavaThread "Unconstrained build operations Thread 10" [_thread_blocked, id=9692, stack(0x0000009ae4a00000,0x0000009ae4b00000)]
  0x0000025d28c79000 JavaThread "Unconstrained build operations Thread 11" [_thread_blocked, id=17752, stack(0x0000009ae4b00000,0x0000009ae4c00000)]
  0x0000025d28c7f000 JavaThread "Unconstrained build operations Thread 12" [_thread_blocked, id=19308, stack(0x0000009ae4c00000,0x0000009ae4d00000)]
  0x0000025d28c7d000 JavaThread "Unconstrained build operations Thread 13" [_thread_blocked, id=2960, stack(0x0000009ae4d00000,0x0000009ae4e00000)]
  0x0000025d28c7f800 JavaThread "Unconstrained build operations Thread 14" [_thread_blocked, id=26024, stack(0x0000009ae4e00000,0x0000009ae4f00000)]
  0x0000025d28c7a000 JavaThread "Unconstrained build operations Thread 15" [_thread_blocked, id=16340, stack(0x0000009ae4f00000,0x0000009ae5000000)]
  0x0000025d28c7e000 JavaThread "Unconstrained build operations Thread 16" [_thread_blocked, id=18708, stack(0x0000009ae5000000,0x0000009ae5100000)]
  0x0000025d28c7a800 JavaThread "Unconstrained build operations Thread 17" [_thread_blocked, id=27908, stack(0x0000009ae5100000,0x0000009ae5200000)]
  0x0000025d28c7b800 JavaThread "Unconstrained build operations Thread 18" [_thread_blocked, id=14852, stack(0x0000009ae5200000,0x0000009ae5300000)]
  0x0000025d28c7c800 JavaThread "Unconstrained build operations Thread 19" [_thread_blocked, id=5444, stack(0x0000009ae5300000,0x0000009ae5400000)]
  0x0000025d29812800 JavaThread "Unconstrained build operations Thread 20" [_thread_blocked, id=25276, stack(0x0000009ae5400000,0x0000009ae5500000)]
  0x0000025d29810000 JavaThread "Unconstrained build operations Thread 21" [_thread_blocked, id=2792, stack(0x0000009ae5500000,0x0000009ae5600000)]
  0x0000025d29811800 JavaThread "Unconstrained build operations Thread 22" [_thread_blocked, id=25768, stack(0x0000009ae5600000,0x0000009ae5700000)]
  0x0000025d29814000 JavaThread "Unconstrained build operations Thread 23" [_thread_blocked, id=17968, stack(0x0000009ae5700000,0x0000009ae5800000)]
  0x0000025d29816800 JavaThread "Unconstrained build operations Thread 24" [_thread_blocked, id=6812, stack(0x0000009ae5800000,0x0000009ae5900000)]
  0x0000025d29815800 JavaThread "Unconstrained build operations Thread 25" [_thread_blocked, id=19348, stack(0x0000009ae5900000,0x0000009ae5a00000)]
  0x0000025d29810800 JavaThread "Unconstrained build operations Thread 26" [_thread_blocked, id=26564, stack(0x0000009ae5a00000,0x0000009ae5b00000)]
  0x0000025d29813000 JavaThread "Unconstrained build operations Thread 27" [_thread_blocked, id=26176, stack(0x0000009ae5b00000,0x0000009ae5c00000)]
  0x0000025d29814800 JavaThread "Unconstrained build operations Thread 28" [_thread_blocked, id=13688, stack(0x0000009ae5c00000,0x0000009ae5d00000)]
  0x0000025d29838800 JavaThread "Unconstrained build operations Thread 29" [_thread_blocked, id=23564, stack(0x0000009ae5d00000,0x0000009ae5e00000)]
  0x0000025d2983b000 JavaThread "Unconstrained build operations Thread 30" [_thread_blocked, id=23588, stack(0x0000009ae5e00000,0x0000009ae5f00000)]
  0x0000025d2983a800 JavaThread "Unconstrained build operations Thread 31" [_thread_blocked, id=22444, stack(0x0000009ae5f00000,0x0000009ae6000000)]
  0x0000025d2983d800 JavaThread "Unconstrained build operations Thread 32" [_thread_blocked, id=26248, stack(0x0000009ae6000000,0x0000009ae6100000)]
  0x0000025d2983c000 JavaThread "Unconstrained build operations Thread 33" [_thread_blocked, id=16672, stack(0x0000009ae6100000,0x0000009ae6200000)]
  0x0000025d29839800 JavaThread "Unconstrained build operations Thread 34" [_thread_blocked, id=20932, stack(0x0000009ae6200000,0x0000009ae6300000)]
  0x0000025d2983d000 JavaThread "Unconstrained build operations Thread 35" [_thread_blocked, id=29164, stack(0x0000009ae6300000,0x0000009ae6400000)]
  0x0000025d29838000 JavaThread "Unconstrained build operations Thread 36" [_thread_blocked, id=27372, stack(0x0000009ae6400000,0x0000009ae6500000)]
  0x0000025d29841800 JavaThread "Unconstrained build operations Thread 37" [_thread_blocked, id=15816, stack(0x0000009ae6500000,0x0000009ae6600000)]
  0x0000025d2983e800 JavaThread "Unconstrained build operations Thread 38" [_thread_blocked, id=9364, stack(0x0000009ae6600000,0x0000009ae6700000)]
  0x0000025d29842800 JavaThread "Unconstrained build operations Thread 39" [_thread_blocked, id=15080, stack(0x0000009ae6700000,0x0000009ae6800000)]
  0x0000025d29843800 JavaThread "Unconstrained build operations Thread 40" [_thread_blocked, id=22924, stack(0x0000009ae6800000,0x0000009ae6900000)]
  0x0000025d2983f000 JavaThread "Unconstrained build operations Thread 41" [_thread_blocked, id=10616, stack(0x0000009ae6900000,0x0000009ae6a00000)]
  0x0000025d29844000 JavaThread "Unconstrained build operations Thread 42" [_thread_blocked, id=20712, stack(0x0000009ae6a00000,0x0000009ae6b00000)]
  0x0000025d29840000 JavaThread "Unconstrained build operations Thread 43" [_thread_blocked, id=20816, stack(0x0000009ae6b00000,0x0000009ae6c00000)]
  0x0000025d29845000 JavaThread "Unconstrained build operations Thread 44" [_thread_blocked, id=26652, stack(0x0000009ae6c00000,0x0000009ae6d00000)]
  0x0000025d29841000 JavaThread "Unconstrained build operations Thread 45" [_thread_blocked, id=11072, stack(0x0000009ae6d00000,0x0000009ae6e00000)]
  0x0000025d29845800 JavaThread "Unconstrained build operations Thread 46" [_thread_blocked, id=18612, stack(0x0000009ae6e00000,0x0000009ae6f00000)]
  0x0000025d29846800 JavaThread "Unconstrained build operations Thread 47" [_thread_blocked, id=10768, stack(0x0000009ae6f00000,0x0000009ae7000000)]
  0x0000025d2914d800 JavaThread "Unconstrained build operations Thread 48" [_thread_blocked, id=12444, stack(0x0000009ae7000000,0x0000009ae7100000)]
  0x0000025d29149000 JavaThread "Unconstrained build operations Thread 49" [_thread_blocked, id=18752, stack(0x0000009ae7100000,0x0000009ae7200000)]
  0x0000025d2914e000 JavaThread "Unconstrained build operations Thread 50" [_thread_blocked, id=10064, stack(0x0000009ae7200000,0x0000009ae7300000)]
  0x0000025d2914a000 JavaThread "Unconstrained build operations Thread 51" [_thread_blocked, id=21936, stack(0x0000009ae7300000,0x0000009ae7400000)]
  0x0000025d29148800 JavaThread "Unconstrained build operations Thread 52" [_thread_blocked, id=1068, stack(0x0000009ae7400000,0x0000009ae7500000)]
  0x0000025d2914b000 JavaThread "Unconstrained build operations Thread 53" [_thread_blocked, id=16616, stack(0x0000009ae7500000,0x0000009ae7600000)]
  0x0000025d2914f000 JavaThread "Unconstrained build operations Thread 54" [_thread_blocked, id=4184, stack(0x0000009ae7600000,0x0000009ae7700000)]
  0x0000025d2914b800 JavaThread "Unconstrained build operations Thread 55" [_thread_blocked, id=22108, stack(0x0000009ae7700000,0x0000009ae7800000)]
  0x0000025d2914c800 JavaThread "Unconstrained build operations Thread 56" [_thread_blocked, id=2584, stack(0x0000009ae7800000,0x0000009ae7900000)]
  0x0000025d274b6800 JavaThread "Unconstrained build operations Thread 57" [_thread_blocked, id=17316, stack(0x0000009ae7900000,0x0000009ae7a00000)]
  0x0000025d274b7800 JavaThread "Unconstrained build operations Thread 58" [_thread_blocked, id=28856, stack(0x0000009ae7a00000,0x0000009ae7b00000)]
  0x0000025d274b5000 JavaThread "Unconstrained build operations Thread 59" [_thread_blocked, id=23216, stack(0x0000009ae7b00000,0x0000009ae7c00000)]
  0x0000025d274b8000 JavaThread "Unconstrained build operations Thread 60" [_thread_blocked, id=16432, stack(0x0000009ae7c00000,0x0000009ae7d00000)]
  0x0000025d274b9000 JavaThread "Unconstrained build operations Thread 61" [_thread_blocked, id=736, stack(0x0000009ae7d00000,0x0000009ae7e00000)]
  0x0000025d274b3000 JavaThread "Unconstrained build operations Thread 62" [_thread_blocked, id=28356, stack(0x0000009ae7e00000,0x0000009ae7f00000)]
  0x0000025d274b5800 JavaThread "Unconstrained build operations Thread 63" [_thread_blocked, id=28244, stack(0x0000009ae7f00000,0x0000009ae8000000)]
  0x0000025d274b9800 JavaThread "Unconstrained build operations Thread 64" [_thread_blocked, id=5736, stack(0x0000009ae8000000,0x0000009ae8100000)]
  0x0000025d274b4000 JavaThread "Unconstrained build operations Thread 65" [_thread_blocked, id=23128, stack(0x0000009ae8100000,0x0000009ae8200000)]
  0x0000025d274c0800 JavaThread "Unconstrained build operations Thread 66" [_thread_blocked, id=20064, stack(0x0000009ae8200000,0x0000009ae8300000)]
  0x0000025d274bc000 JavaThread "Unconstrained build operations Thread 67" [_thread_blocked, id=21176, stack(0x0000009ae8300000,0x0000009ae8400000)]
  0x0000025d274ba800 JavaThread "Unconstrained build operations Thread 68" [_thread_blocked, id=1708, stack(0x0000009ae8400000,0x0000009ae8500000)]
  0x0000025d274bd000 JavaThread "Unconstrained build operations Thread 69" [_thread_blocked, id=28024, stack(0x0000009ae8500000,0x0000009ae8600000)]
  0x0000025d274be000 JavaThread "Unconstrained build operations Thread 70" [_thread_blocked, id=19536, stack(0x0000009ae8600000,0x0000009ae8700000)]
  0x0000025d274bb800 JavaThread "Unconstrained build operations Thread 71" [_thread_blocked, id=14384, stack(0x0000009ae8700000,0x0000009ae8800000)]
  0x0000025d274bf800 JavaThread "Unconstrained build operations Thread 72" [_thread_blocked, id=7276, stack(0x0000009ae8800000,0x0000009ae8900000)]
  0x0000025d274c1000 JavaThread "Unconstrained build operations Thread 73" [_thread_blocked, id=20564, stack(0x0000009ae8900000,0x0000009ae8a00000)]
  0x0000025d274c2000 JavaThread "Unconstrained build operations Thread 74" [_thread_blocked, id=5056, stack(0x0000009ae8a00000,0x0000009ae8b00000)]
  0x0000025d274be800 JavaThread "Unconstrained build operations Thread 75" [_thread_blocked, id=12620, stack(0x0000009ae8b00000,0x0000009ae8c00000)]
  0x0000025d25b9b000 JavaThread "Unconstrained build operations Thread 76" [_thread_blocked, id=23688, stack(0x0000009ae8c00000,0x0000009ae8d00000)]
  0x0000025d25b97800 JavaThread "Unconstrained build operations Thread 77" [_thread_blocked, id=14964, stack(0x0000009ae8d00000,0x0000009ae8e00000)]
  0x0000025d25b9d800 JavaThread "Unconstrained build operations Thread 78" [_thread_blocked, id=21604, stack(0x0000009ae8e00000,0x0000009ae8f00000)]
  0x0000025d25b9e000 JavaThread "Unconstrained build operations Thread 79" [_thread_blocked, id=12580, stack(0x0000009ae8f00000,0x0000009ae9000000)]
  0x0000025d25b9a000 JavaThread "Unconstrained build operations Thread 80" [_thread_blocked, id=25424, stack(0x0000009ae9000000,0x0000009ae9100000)]
  0x0000025d25b98800 JavaThread "jar transforms Thread 4" [_thread_blocked, id=17704, stack(0x0000009ae9100000,0x0000009ae9200000)]
  0x0000025d25b9f000 JavaThread "jar transforms Thread 5" [_thread_blocked, id=23836, stack(0x0000009ae9200000,0x0000009ae9300000)]
  0x0000025d25b99000 JavaThread "jar transforms Thread 6" [_thread_blocked, id=28288, stack(0x0000009ae9300000,0x0000009ae9400000)]
  0x0000025d25ba1800 JavaThread "jar transforms Thread 7" [_thread_blocked, id=22560, stack(0x0000009ae9400000,0x0000009ae9500000)]
  0x0000025d25ba0000 JavaThread "jar transforms Thread 8" [_thread_blocked, id=28512, stack(0x0000009ae9500000,0x0000009ae9600000)]
  0x0000025d25ba0800 JavaThread "Memory manager" [_thread_blocked, id=9684, stack(0x0000009ae9600000,0x0000009ae9700000)]

Other Threads:
  0x0000025d2415f800 VMThread "VM Thread" [stack: 0x0000009ae1400000,0x0000009ae1500000] [id=9560]
  0x0000025d24c70800 WatcherThread [stack: 0x0000009ae1e00000,0x0000009ae1f00000] [id=8604]
  0x0000025d0a893800 GCTaskThread "GC Thread#0" [stack: 0x0000009ae0f00000,0x0000009ae1000000] [id=27112]
  0x0000025d25570800 GCTaskThread "GC Thread#1" [stack: 0x0000009ae1f00000,0x0000009ae2000000] [id=26524]
  0x0000025d265d8800 GCTaskThread "GC Thread#2" [stack: 0x0000009ae2a00000,0x0000009ae2b00000] [id=19592]
  0x0000025d26999800 GCTaskThread "GC Thread#3" [stack: 0x0000009ae2b00000,0x0000009ae2c00000] [id=9104]
  0x0000025d2699a800 GCTaskThread "GC Thread#4" [stack: 0x0000009ae2c00000,0x0000009ae2d00000] [id=19976]
  0x0000025d265cd800 GCTaskThread "GC Thread#5" [stack: 0x0000009ae2d00000,0x0000009ae2e00000] [id=22664]
  0x0000025d265ce000 GCTaskThread "GC Thread#6" [stack: 0x0000009ae2e00000,0x0000009ae2f00000] [id=8516]
  0x0000025d26995800 GCTaskThread "GC Thread#7" [stack: 0x0000009ae2f00000,0x0000009ae3000000] [id=25536]
  0x0000025d0a8bb000 ConcurrentGCThread "G1 Main Marker" [stack: 0x0000009ae1000000,0x0000009ae1100000] [id=18864]
  0x0000025d0a8be800 ConcurrentGCThread "G1 Conc#0" [stack: 0x0000009ae1100000,0x0000009ae1200000] [id=19004]
  0x0000025d26a23800 ConcurrentGCThread "G1 Conc#1" [stack: 0x0000009ae3300000,0x0000009ae3400000] [id=18208]
  0x0000025d0a92d000 ConcurrentGCThread "G1 Refine#0" [stack: 0x0000009ae1200000,0x0000009ae1300000] [id=29332]
  0x0000025d0a92e000 ConcurrentGCThread "G1 Young RemSet Sampling" [stack: 0x0000009ae1300000,0x0000009ae1400000] [id=8648]

Threads with active compile tasks:
C2 CompilerThread0   8895 6036   !   4       java.util.jar.Attributes::read (390 bytes)

VM state:not at safepoint (normal execution)

VM Mutex/Monitor currently owned by a thread: None

Heap address: 0x00000000a0000000, size: 1536 MB, Compressed Oops mode: 32-bit
Narrow klass base: 0x0000000000000000, Narrow klass shift: 3
Compressed class space size: 1073741824 Address: 0x0000000100000000

Heap:
 garbage-first heap   total 116736K, used 65877K [0x00000000a0000000, 0x0000000100000000)
  region size 1024K, 14 young (14336K), 4 survivors (4096K)
 Metaspace       used 61535K, capacity 63154K, committed 63312K, reserved 1103872K
  class space    used 7729K, capacity 8318K, committed 8352K, reserved 1048576K
Heap Regions: E=young(eden), S=young(survivor), O=old, HS=humongous(starts), HC=humongous(continues), CS=collection set, F=free, A=archive, TAMS=top-at-mark-start (previous, next)
|   0|0x00000000a0000000, 0x00000000a0100000, 0x00000000a0100000|100%| O|  |TAMS 0x00000000a0100000, 0x00000000a0000000| Untracked 
|   1|0x00000000a0100000, 0x00000000a0200000, 0x00000000a0200000|100%| O|  |TAMS 0x00000000a0200000, 0x00000000a0100000| Untracked 
|   2|0x00000000a0200000, 0x00000000a0300000, 0x00000000a0300000|100%| O|  |TAMS 0x00000000a0300000, 0x00000000a0200000| Untracked 
|   3|0x00000000a0300000, 0x00000000a0400000, 0x00000000a0400000|100%|HS|  |TAMS 0x00000000a0400000, 0x00000000a0300000| Complete 
|   4|0x00000000a0400000, 0x00000000a0500000, 0x00000000a0500000|100%|HC|  |TAMS 0x00000000a0500000, 0x00000000a0400000| Complete 
|   5|0x00000000a0500000, 0x00000000a0600000, 0x00000000a0600000|100%|HC|  |TAMS 0x00000000a0600000, 0x00000000a0500000| Complete 
|   6|0x00000000a0600000, 0x00000000a0700000, 0x00000000a0700000|100%| O|  |TAMS 0x00000000a0700000, 0x00000000a0600000| Untracked 
|   7|0x00000000a0700000, 0x00000000a0800000, 0x00000000a0800000|100%| O|  |TAMS 0x00000000a0800000, 0x00000000a0700000| Untracked 
|   8|0x00000000a0800000, 0x00000000a0900000, 0x00000000a0900000|100%| O|  |TAMS 0x00000000a0900000, 0x00000000a0800000| Untracked 
|   9|0x00000000a0900000, 0x00000000a0a00000, 0x00000000a0a00000|100%| O|  |TAMS 0x00000000a0a00000, 0x00000000a0900000| Untracked 
|  10|0x00000000a0a00000, 0x00000000a0b00000, 0x00000000a0b00000|100%| O|  |TAMS 0x00000000a0b00000, 0x00000000a0a00000| Untracked 
|  11|0x00000000a0b00000, 0x00000000a0c00000, 0x00000000a0c00000|100%| O|  |TAMS 0x00000000a0c00000, 0x00000000a0b00000| Untracked 
|  12|0x00000000a0c00000, 0x00000000a0d00000, 0x00000000a0d00000|100%| O|  |TAMS 0x00000000a0d00000, 0x00000000a0c00000| Untracked 
|  13|0x00000000a0d00000, 0x00000000a0e00000, 0x00000000a0e00000|100%| O|  |TAMS 0x00000000a0e00000, 0x00000000a0d00000| Untracked 
|  14|0x00000000a0e00000, 0x00000000a0f00000, 0x00000000a0f00000|100%| O|  |TAMS 0x00000000a0f00000, 0x00000000a0e00000| Untracked 
|  15|0x00000000a0f00000, 0x00000000a1000000, 0x00000000a1000000|100%| O|  |TAMS 0x00000000a1000000, 0x00000000a0f00000| Untracked 
|  16|0x00000000a1000000, 0x00000000a1100000, 0x00000000a1100000|100%| O|  |TAMS 0x00000000a1100000, 0x00000000a1000000| Untracked 
|  17|0x00000000a1100000, 0x00000000a1200000, 0x00000000a1200000|100%| O|  |TAMS 0x00000000a1200000, 0x00000000a1100000| Untracked 
|  18|0x00000000a1200000, 0x00000000a1300000, 0x00000000a1300000|100%| O|  |TAMS 0x00000000a1300000, 0x00000000a1200000| Untracked 
|  19|0x00000000a1300000, 0x00000000a1400000, 0x00000000a1400000|100%| O|  |TAMS 0x00000000a1400000, 0x00000000a1300000| Untracked 
|  20|0x00000000a1400000, 0x00000000a1500000, 0x00000000a1500000|100%| O|  |TAMS 0x00000000a1500000, 0x00000000a1400000| Untracked 
|  21|0x00000000a1500000, 0x00000000a1600000, 0x00000000a1600000|100%| O|  |TAMS 0x00000000a1600000, 0x00000000a1500000| Untracked 
|  22|0x00000000a1600000, 0x00000000a1700000, 0x00000000a1700000|100%| O|  |TAMS 0x00000000a1700000, 0x00000000a1600000| Untracked 
|  23|0x00000000a1700000, 0x00000000a1800000, 0x00000000a1800000|100%| O|  |TAMS 0x00000000a1800000, 0x00000000a1700000| Untracked 
|  24|0x00000000a1800000, 0x00000000a1900000, 0x00000000a1900000|100%| O|  |TAMS 0x00000000a1900000, 0x00000000a1800000| Untracked 
|  25|0x00000000a1900000, 0x00000000a1a00000, 0x00000000a1a00000|100%| O|  |TAMS 0x00000000a1a00000, 0x00000000a1900000| Untracked 
|  26|0x00000000a1a00000, 0x00000000a1b00000, 0x00000000a1b00000|100%| O|  |TAMS 0x00000000a1b00000, 0x00000000a1a00000| Untracked 
|  27|0x00000000a1b00000, 0x00000000a1c00000, 0x00000000a1c00000|100%| O|  |TAMS 0x00000000a1c00000, 0x00000000a1b00000| Untracked 
|  28|0x00000000a1c00000, 0x00000000a1d00000, 0x00000000a1d00000|100%| O|  |TAMS 0x00000000a1d00000, 0x00000000a1c00000| Untracked 
|  29|0x00000000a1d00000, 0x00000000a1e00000, 0x00000000a1e00000|100%| O|  |TAMS 0x00000000a1e00000, 0x00000000a1d00000| Untracked 
|  30|0x00000000a1e00000, 0x00000000a1f00000, 0x00000000a1f00000|100%|HS|  |TAMS 0x00000000a1f00000, 0x00000000a1e00000| Complete 
|  31|0x00000000a1f00000, 0x00000000a2000000, 0x00000000a2000000|100%|HS|  |TAMS 0x00000000a2000000, 0x00000000a1f00000| Complete 
|  32|0x00000000a2000000, 0x00000000a2100000, 0x00000000a2100000|100%|HS|  |TAMS 0x00000000a2100000, 0x00000000a2000000| Complete 
|  33|0x00000000a2100000, 0x00000000a2200000, 0x00000000a2200000|100%| O|  |TAMS 0x00000000a2200000, 0x00000000a2100000| Untracked 
|  34|0x00000000a2200000, 0x00000000a2300000, 0x00000000a2300000|100%| O|  |TAMS 0x00000000a2300000, 0x00000000a2200000| Untracked 
|  35|0x00000000a2300000, 0x00000000a2400000, 0x00000000a2400000|100%| O|  |TAMS 0x00000000a2400000, 0x00000000a2300000| Untracked 
|  36|0x00000000a2400000, 0x00000000a2500000, 0x00000000a2500000|100%|HS|  |TAMS 0x00000000a2500000, 0x00000000a2400000| Complete 
|  37|0x00000000a2500000, 0x00000000a2600000, 0x00000000a2600000|100%|HC|  |TAMS 0x00000000a2600000, 0x00000000a2500000| Complete 
|  38|0x00000000a2600000, 0x00000000a2700000, 0x00000000a2700000|100%|HC|  |TAMS 0x00000000a2700000, 0x00000000a2600000| Complete 
|  39|0x00000000a2700000, 0x00000000a2800000, 0x00000000a2800000|100%| O|  |TAMS 0x00000000a2800000, 0x00000000a2700000| Untracked 
|  40|0x00000000a2800000, 0x00000000a2900000, 0x00000000a2900000|100%| O|  |TAMS 0x00000000a2900000, 0x00000000a2800000| Untracked 
|  41|0x00000000a2900000, 0x00000000a2a00000, 0x00000000a2a00000|100%| O|  |TAMS 0x00000000a2a00000, 0x00000000a2900000| Untracked 
|  42|0x00000000a2a00000, 0x00000000a2b00000, 0x00000000a2b00000|100%| O|  |TAMS 0x00000000a2b00000, 0x00000000a2a00000| Untracked 
|  43|0x00000000a2b00000, 0x00000000a2c00000, 0x00000000a2c00000|100%| O|  |TAMS 0x00000000a2c00000, 0x00000000a2b00000| Untracked 
|  44|0x00000000a2c00000, 0x00000000a2d00000, 0x00000000a2d00000|100%|HS|  |TAMS 0x00000000a2d00000, 0x00000000a2c00000| Complete 
|  45|0x00000000a2d00000, 0x00000000a2e00000, 0x00000000a2e00000|100%|HC|  |TAMS 0x00000000a2e00000, 0x00000000a2d00000| Complete 
|  46|0x00000000a2e00000, 0x00000000a2f00000, 0x00000000a2f00000|100%| O|  |TAMS 0x00000000a2f00000, 0x00000000a2e00000| Untracked 
|  47|0x00000000a2f00000, 0x00000000a3000000, 0x00000000a3000000|100%| O|  |TAMS 0x00000000a3000000, 0x00000000a2f00000| Untracked 
|  48|0x00000000a3000000, 0x00000000a3100000, 0x00000000a3100000|100%| O|  |TAMS 0x00000000a3100000, 0x00000000a3000000| Untracked 
|  49|0x00000000a3100000, 0x00000000a3200000, 0x00000000a3200000|100%| O|  |TAMS 0x00000000a317e600, 0x00000000a3100000| Untracked 
|  50|0x00000000a3200000, 0x00000000a3300000, 0x00000000a3300000|100%| O|  |TAMS 0x00000000a3200000, 0x00000000a3200000| Untracked 
|  51|0x00000000a3300000, 0x00000000a3355400, 0x00000000a3400000| 33%| O|  |TAMS 0x00000000a3300000, 0x00000000a3300000| Untracked 
|  52|0x00000000a3400000, 0x00000000a3400000, 0x00000000a3500000|  0%| F|  |TAMS 0x00000000a3400000, 0x00000000a3400000| Untracked 
|  53|0x00000000a3500000, 0x00000000a3500000, 0x00000000a3600000|  0%| F|  |TAMS 0x00000000a3500000, 0x00000000a3500000| Untracked 
|  54|0x00000000a3600000, 0x00000000a3600000, 0x00000000a3700000|  0%| F|  |TAMS 0x00000000a3600000, 0x00000000a3600000| Untracked 
|  55|0x00000000a3700000, 0x00000000a3700000, 0x00000000a3800000|  0%| F|  |TAMS 0x00000000a3700000, 0x00000000a3700000| Untracked 
|  56|0x00000000a3800000, 0x00000000a3800000, 0x00000000a3900000|  0%| F|  |TAMS 0x00000000a3800000, 0x00000000a3800000| Untracked 
|  57|0x00000000a3900000, 0x00000000a3900000, 0x00000000a3a00000|  0%| F|  |TAMS 0x00000000a3900000, 0x00000000a3900000| Untracked 
|  58|0x00000000a3a00000, 0x00000000a3a00000, 0x00000000a3b00000|  0%| F|  |TAMS 0x00000000a3a00000, 0x00000000a3a00000| Untracked 
|  59|0x00000000a3b00000, 0x00000000a3b00000, 0x00000000a3c00000|  0%| F|  |TAMS 0x00000000a3b00000, 0x00000000a3b00000| Untracked 
|  60|0x00000000a3c00000, 0x00000000a3c00000, 0x00000000a3d00000|  0%| F|  |TAMS 0x00000000a3c00000, 0x00000000a3c00000| Untracked 
|  61|0x00000000a3d00000, 0x00000000a3d00000, 0x00000000a3e00000|  0%| F|  |TAMS 0x00000000a3d00000, 0x00000000a3d00000| Untracked 
|  62|0x00000000a3e00000, 0x00000000a3e00000, 0x00000000a3f00000|  0%| F|  |TAMS 0x00000000a3e00000, 0x00000000a3e00000| Untracked 
|  63|0x00000000a3f00000, 0x00000000a3f00000, 0x00000000a4000000|  0%| F|  |TAMS 0x00000000a3f00000, 0x00000000a3f00000| Untracked 
|  64|0x00000000a4000000, 0x00000000a4000000, 0x00000000a4100000|  0%| F|  |TAMS 0x00000000a4000000, 0x00000000a4000000| Untracked 
|  65|0x00000000a4100000, 0x00000000a4100000, 0x00000000a4200000|  0%| F|  |TAMS 0x00000000a4100000, 0x00000000a4100000| Untracked 
|  66|0x00000000a4200000, 0x00000000a4200000, 0x00000000a4300000|  0%| F|  |TAMS 0x00000000a4200000, 0x00000000a4200000| Untracked 
|  67|0x00000000a4300000, 0x00000000a4300000, 0x00000000a4400000|  0%| F|  |TAMS 0x00000000a4300000, 0x00000000a4300000| Untracked 
|  68|0x00000000a4400000, 0x00000000a4400000, 0x00000000a4500000|  0%| F|  |TAMS 0x00000000a4400000, 0x00000000a4400000| Untracked 
|  69|0x00000000a4500000, 0x00000000a4500000, 0x00000000a4600000|  0%| F|  |TAMS 0x00000000a4500000, 0x00000000a4500000| Untracked 
|  70|0x00000000a4600000, 0x00000000a4600000, 0x00000000a4700000|  0%| F|  |TAMS 0x00000000a4600000, 0x00000000a4600000| Untracked 
|  71|0x00000000a4700000, 0x00000000a4700000, 0x00000000a4800000|  0%| F|  |TAMS 0x00000000a4700000, 0x00000000a4700000| Untracked 
|  72|0x00000000a4800000, 0x00000000a4800000, 0x00000000a4900000|  0%| F|  |TAMS 0x00000000a4800000, 0x00000000a4800000| Untracked 
|  73|0x00000000a4900000, 0x00000000a4900000, 0x00000000a4a00000|  0%| F|  |TAMS 0x00000000a4900000, 0x00000000a4900000| Untracked 
|  74|0x00000000a4a00000, 0x00000000a4a00000, 0x00000000a4b00000|  0%| F|  |TAMS 0x00000000a4a00000, 0x00000000a4a00000| Untracked 
|  75|0x00000000a4b00000, 0x00000000a4b00000, 0x00000000a4c00000|  0%| F|  |TAMS 0x00000000a4b00000, 0x00000000a4b00000| Untracked 
|  76|0x00000000a4c00000, 0x00000000a4c00000, 0x00000000a4d00000|  0%| F|  |TAMS 0x00000000a4c00000, 0x00000000a4c00000| Untracked 
|  77|0x00000000a4d00000, 0x00000000a4d00000, 0x00000000a4e00000|  0%| F|  |TAMS 0x00000000a4d00000, 0x00000000a4d00000| Untracked 
|  78|0x00000000a4e00000, 0x00000000a4e00000, 0x00000000a4f00000|  0%| F|  |TAMS 0x00000000a4e00000, 0x00000000a4e00000| Untracked 
|  79|0x00000000a4f00000, 0x00000000a4f00000, 0x00000000a5000000|  0%| F|  |TAMS 0x00000000a4f00000, 0x00000000a4f00000| Untracked 
|  80|0x00000000a5000000, 0x00000000a5100000, 0x00000000a5100000|100%| S|CS|TAMS 0x00000000a5000000, 0x00000000a5000000| Complete 
|  81|0x00000000a5100000, 0x00000000a5200000, 0x00000000a5200000|100%| S|CS|TAMS 0x00000000a5100000, 0x00000000a5100000| Complete 
|  82|0x00000000a5200000, 0x00000000a5300000, 0x00000000a5300000|100%| S|CS|TAMS 0x00000000a5200000, 0x00000000a5200000| Complete 
|  83|0x00000000a5300000, 0x00000000a5400000, 0x00000000a5400000|100%| S|CS|TAMS 0x00000000a5300000, 0x00000000a5300000| Complete 
|  84|0x00000000a5400000, 0x00000000a5400000, 0x00000000a5500000|  0%| F|  |TAMS 0x00000000a5400000, 0x00000000a5400000| Untracked 
|  85|0x00000000a5500000, 0x00000000a5500000, 0x00000000a5600000|  0%| F|  |TAMS 0x00000000a5500000, 0x00000000a5500000| Untracked 
|  86|0x00000000a5600000, 0x00000000a5600000, 0x00000000a5700000|  0%| F|  |TAMS 0x00000000a5600000, 0x00000000a5600000| Untracked 
|  87|0x00000000a5700000, 0x00000000a5700000, 0x00000000a5800000|  0%| F|  |TAMS 0x00000000a5700000, 0x00000000a5700000| Untracked 
|  88|0x00000000a5800000, 0x00000000a5800000, 0x00000000a5900000|  0%| F|  |TAMS 0x00000000a5800000, 0x00000000a5800000| Untracked 
|  89|0x00000000a5900000, 0x00000000a5900000, 0x00000000a5a00000|  0%| F|  |TAMS 0x00000000a5900000, 0x00000000a5900000| Untracked 
|  90|0x00000000a5a00000, 0x00000000a5a00000, 0x00000000a5b00000|  0%| F|  |TAMS 0x00000000a5a00000, 0x00000000a5a00000| Untracked 
|  91|0x00000000a5b00000, 0x00000000a5b00000, 0x00000000a5c00000|  0%| F|  |TAMS 0x00000000a5b00000, 0x00000000a5b00000| Untracked 
|  92|0x00000000a5c00000, 0x00000000a5c00000, 0x00000000a5d00000|  0%| F|  |TAMS 0x00000000a5c00000, 0x00000000a5c00000| Untracked 
|  93|0x00000000a5d00000, 0x00000000a5d00000, 0x00000000a5e00000|  0%| F|  |TAMS 0x00000000a5d00000, 0x00000000a5d00000| Untracked 
|  94|0x00000000a5e00000, 0x00000000a5e00000, 0x00000000a5f00000|  0%| F|  |TAMS 0x00000000a5e00000, 0x00000000a5e00000| Untracked 
|  95|0x00000000a5f00000, 0x00000000a5f00000, 0x00000000a6000000|  0%| F|  |TAMS 0x00000000a5f00000, 0x00000000a5f00000| Untracked 
|  96|0x00000000a6000000, 0x00000000a6000000, 0x00000000a6100000|  0%| F|  |TAMS 0x00000000a6000000, 0x00000000a6000000| Untracked 
|  97|0x00000000a6100000, 0x00000000a6100000, 0x00000000a6200000|  0%| F|  |TAMS 0x00000000a6100000, 0x00000000a6100000| Untracked 
|  98|0x00000000a6200000, 0x00000000a6200000, 0x00000000a6300000|  0%| F|  |TAMS 0x00000000a6200000, 0x00000000a6200000| Untracked 
|  99|0x00000000a6300000, 0x00000000a6300000, 0x00000000a6400000|  0%| F|  |TAMS 0x00000000a6300000, 0x00000000a6300000| Untracked 
| 100|0x00000000a6400000, 0x00000000a6400000, 0x00000000a6500000|  0%| F|  |TAMS 0x00000000a6400000, 0x00000000a6400000| Untracked 
| 101|0x00000000a6500000, 0x00000000a6500000, 0x00000000a6600000|  0%| F|  |TAMS 0x00000000a6500000, 0x00000000a6500000| Untracked 
| 102|0x00000000a6600000, 0x00000000a6600000, 0x00000000a6700000|  0%| F|  |TAMS 0x00000000a6600000, 0x00000000a6600000| Untracked 
| 103|0x00000000a6700000, 0x00000000a6700000, 0x00000000a6800000|  0%| F|  |TAMS 0x00000000a6700000, 0x00000000a6700000| Untracked 
| 104|0x00000000a6800000, 0x00000000a6900000, 0x00000000a6900000|100%| E|  |TAMS 0x00000000a6800000, 0x00000000a6800000| Complete 
| 105|0x00000000a6900000, 0x00000000a6a00000, 0x00000000a6a00000|100%| E|CS|TAMS 0x00000000a6900000, 0x00000000a6900000| Complete 
| 106|0x00000000a6a00000, 0x00000000a6b00000, 0x00000000a6b00000|100%| E|CS|TAMS 0x00000000a6a00000, 0x00000000a6a00000| Complete 
| 107|0x00000000a6b00000, 0x00000000a6c00000, 0x00000000a6c00000|100%| E|CS|TAMS 0x00000000a6b00000, 0x00000000a6b00000| Complete 
| 108|0x00000000a6c00000, 0x00000000a6d00000, 0x00000000a6d00000|100%| E|CS|TAMS 0x00000000a6c00000, 0x00000000a6c00000| Complete 
| 109|0x00000000a6d00000, 0x00000000a6e00000, 0x00000000a6e00000|100%| E|CS|TAMS 0x00000000a6d00000, 0x00000000a6d00000| Complete 
| 110|0x00000000a6e00000, 0x00000000a6f00000, 0x00000000a6f00000|100%| E|CS|TAMS 0x00000000a6e00000, 0x00000000a6e00000| Complete 
| 111|0x00000000a6f00000, 0x00000000a7000000, 0x00000000a7000000|100%| E|CS|TAMS 0x00000000a6f00000, 0x00000000a6f00000| Complete 
| 112|0x00000000a7000000, 0x00000000a7100000, 0x00000000a7100000|100%| E|CS|TAMS 0x00000000a7000000, 0x00000000a7000000| Complete 
| 113|0x00000000a7100000, 0x00000000a7200000, 0x00000000a7200000|100%| E|CS|TAMS 0x00000000a7100000, 0x00000000a7100000| Complete 

Card table byte_map: [0x0000025d1e100000,0x0000025d1e400000] _byte_map_base: 0x0000025d1dc00000

Marking Bits (Prev, Next): (CMBitMap*) 0x0000025d0a8b4298, (CMBitMap*) 0x0000025d0a8b42d0
 Prev Bits: [0x0000025d1e700000, 0x0000025d1ff00000)
 Next Bits: [0x0000025d1ff00000, 0x0000025d21700000)

Polling page: 0x0000025d09200000

Metaspace:

Usage:
  Non-class:     53.55 MB capacity,    52.56 MB ( 98%) used,   854.61 KB (  2%) free+waste,   159.31 KB ( <1%) overhead. 
      Class:      8.12 MB capacity,     7.55 MB ( 93%) used,   512.55 KB (  6%) free+waste,    74.88 KB ( <1%) overhead. 
       Both:     61.67 MB capacity,    60.11 MB ( 97%) used,     1.34 MB (  2%) free+waste,   234.19 KB ( <1%) overhead. 

Virtual space:
  Non-class space:       54.00 MB reserved,      53.67 MB (>99%) committed 
      Class space:        1.00 GB reserved,       8.16 MB ( <1%) committed 
             Both:        1.05 GB reserved,      61.83 MB (  6%) committed 

Chunk freelists:
   Non-Class:  60.00 KB
       Class:  2.00 KB
        Both:  62.00 KB

MaxMetaspaceSize: 17179869184.00 GB
CompressedClassSpaceSize: 1.00 GB
Initial GC threshold: 20.80 MB
Current GC threshold: 95.34 MB
CDS: off

CodeHeap 'non-profiled nmethods': size=120000Kb used=2823Kb max_used=2823Kb free=117177Kb
 bounds [0x0000025d15e70000, 0x0000025d16140000, 0x0000025d1d3a0000]
CodeHeap 'profiled nmethods': size=120000Kb used=12527Kb max_used=12527Kb free=107472Kb
 bounds [0x0000025d0e940000, 0x0000025d0f580000, 0x0000025d15e70000]
CodeHeap 'non-nmethods': size=5760Kb used=2330Kb max_used=2352Kb free=3429Kb
 bounds [0x0000025d0e3a0000, 0x0000025d0e610000, 0x0000025d0e940000]
 total_blobs=6839 nmethods=5997 adapters=754
 compilation: enabled
              stopped_count=0, restarted_count=0
 full_count=0

Compilation events (20 events):
Event: 8.816 Thread 0x0000025d241ee000 6069       2       org.gradle.internal.instantiation.generator.Jsr330ConstructorSelector::forType (32 bytes)
Event: 8.816 Thread 0x0000025d241ee000 nmethod 6069 0x0000025d0f572690 code [0x0000025d0f572860, 0x0000025d0f572b48]
Event: 8.816 Thread 0x0000025d241ee000 6070       2       org.gradle.internal.instantiation.generator.Jsr330ConstructorSelector$$Lambda$214/0x00000001003b7c40::get$Lambda (10 bytes)
Event: 8.816 Thread 0x0000025d241ee000 nmethod 6070 0x0000025d0f572d10 code [0x0000025d0f572ec0, 0x0000025d0f5730b8]
Event: 8.816 Thread 0x0000025d241ee000 6071       2       org.gradle.internal.instantiation.generator.Jsr330ConstructorSelector$$Lambda$214/0x00000001003b7c40::<init> (15 bytes)
Event: 8.817 Thread 0x0000025d241ee000 nmethod 6071 0x0000025d0f573190 code [0x0000025d0f573340, 0x0000025d0f5734d8]
Event: 8.817 Thread 0x0000025d241ee000 6072       2       org.gradle.internal.instantiation.generator.Jsr330ConstructorSelector$CachedConstructor::getConstructor (17 bytes)
Event: 8.817 Thread 0x0000025d241ee000 nmethod 6072 0x0000025d0f573590 code [0x0000025d0f573740, 0x0000025d0f573858]
Event: 8.817 Thread 0x0000025d241ee000 6074       2       org.gradle.internal.instantiation.generator.Jsr330ConstructorSelector::vetoParameters (71 bytes)
Event: 8.817 Thread 0x0000025d241ee000 nmethod 6074 0x0000025d0f573910 code [0x0000025d0f573b20, 0x0000025d0f573e88]
Event: 8.817 Thread 0x0000025d241ee000 6073       2       org.gradle.internal.instantiation.generator.Jsr330ConstructorSelector::forParams (6 bytes)
Event: 8.817 Thread 0x0000025d241ee000 nmethod 6073 0x0000025d0f574090 code [0x0000025d0f574260, 0x0000025d0f574548]
Event: 8.817 Thread 0x0000025d241ee000 6075       2       org.gradle.api.internal.provider.AbstractProperty$NonFinalizedValue::explicitValue (7 bytes)
Event: 8.817 Thread 0x0000025d241ee000 nmethod 6075 0x0000025d0f574710 code [0x0000025d0f5748c0, 0x0000025d0f5749b8]
Event: 8.818 Thread 0x0000025d241ee000 6068       2       org.gradle.api.internal.provider.AbstractProperty::beforeRead (29 bytes)
Event: 8.818 Thread 0x0000025d241ee000 nmethod 6068 0x0000025d0f574a90 code [0x0000025d0f574c60, 0x0000025d0f574e08]
Event: 8.823 Thread 0x0000025d241ee000 6076       2       com.google.common.collect.MapMakerInternalMap$StrongKeyWeakValueEntry$Helper::copy (17 bytes)
Event: 8.823 Thread 0x0000025d241ee000 nmethod 6076 0x0000025d0f574f10 code [0x0000025d0f5750e0, 0x0000025d0f575338]
Event: 8.823 Thread 0x0000025d241ee000 6077       2       com.google.common.collect.MapMakerInternalMap$StrongKeyWeakValueEntry$Helper::copy (19 bytes)
Event: 8.823 Thread 0x0000025d241ee000 nmethod 6077 0x0000025d0f575510 code [0x0000025d0f575700, 0x0000025d0f575ad8]

GC Heap History (20 events):
Event: 5.495 GC heap before
{Heap before GC invocations=15 (full 0):
 garbage-first heap   total 78848K, used 56728K [0x00000000a0000000, 0x0000000100000000)
  region size 1024K, 31 young (31744K), 3 survivors (3072K)
 Metaspace       used 44551K, capacity 45604K, committed 45648K, reserved 1089536K
  class space    used 5612K, capacity 6007K, committed 6048K, reserved 1048576K
}
Event: 5.502 GC heap after
{Heap after GC invocations=16 (full 0):
 garbage-first heap   total 78848K, used 30232K [0x00000000a0000000, 0x0000000100000000)
  region size 1024K, 4 young (4096K), 4 survivors (4096K)
 Metaspace       used 44551K, capacity 45604K, committed 45648K, reserved 1089536K
  class space    used 5612K, capacity 6007K, committed 6048K, reserved 1048576K
}
Event: 5.732 GC heap before
{Heap before GC invocations=16 (full 0):
 garbage-first heap   total 78848K, used 57880K [0x00000000a0000000, 0x0000000100000000)
  region size 1024K, 31 young (31744K), 4 survivors (4096K)
 Metaspace       used 46559K, capacity 47673K, committed 47824K, reserved 1091584K
  class space    used 5908K, capacity 6316K, committed 6432K, reserved 1048576K
}
Event: 5.737 GC heap after
{Heap after GC invocations=17 (full 0):
 garbage-first heap   total 78848K, used 30915K [0x00000000a0000000, 0x0000000100000000)
  region size 1024K, 1 young (1024K), 1 survivors (1024K)
 Metaspace       used 46559K, capacity 47673K, committed 47824K, reserved 1091584K
  class space    used 5908K, capacity 6316K, committed 6432K, reserved 1048576K
}
Event: 6.167 GC heap before
{Heap before GC invocations=17 (full 0):
 garbage-first heap   total 78848K, used 59587K [0x00000000a0000000, 0x0000000100000000)
  region size 1024K, 29 young (29696K), 1 survivors (1024K)
 Metaspace       used 48113K, capacity 49374K, committed 49488K, reserved 1091584K
  class space    used 6083K, capacity 6558K, committed 6560K, reserved 1048576K
}
Event: 6.170 GC heap after
{Heap after GC invocations=18 (full 0):
 garbage-first heap   total 78848K, used 32027K [0x00000000a0000000, 0x0000000100000000)
  region size 1024K, 2 young (2048K), 2 survivors (2048K)
 Metaspace       used 48113K, capacity 49374K, committed 49488K, reserved 1091584K
  class space    used 6083K, capacity 6558K, committed 6560K, reserved 1048576K
}
Event: 6.568 GC heap before
{Heap before GC invocations=18 (full 0):
 garbage-first heap   total 78848K, used 59675K [0x00000000a0000000, 0x0000000100000000)
  region size 1024K, 28 young (28672K), 2 survivors (2048K)
 Metaspace       used 48561K, capacity 49816K, committed 50128K, reserved 1093632K
  class space    used 6115K, capacity 6575K, committed 6688K, reserved 1048576K
}
Event: 6.580 GC heap after
{Heap after GC invocations=19 (full 0):
 garbage-first heap   total 78848K, used 40803K [0x00000000a0000000, 0x0000000100000000)
  region size 1024K, 4 young (4096K), 4 survivors (4096K)
 Metaspace       used 48561K, capacity 49816K, committed 50128K, reserved 1093632K
  class space    used 6115K, capacity 6575K, committed 6688K, reserved 1048576K
}
Event: 6.757 GC heap before
{Heap before GC invocations=20 (full 0):
 garbage-first heap   total 78848K, used 45923K [0x00000000a0000000, 0x0000000100000000)
  region size 1024K, 8 young (8192K), 4 survivors (4096K)
 Metaspace       used 48561K, capacity 49816K, committed 50128K, reserved 1093632K
  class space    used 6115K, capacity 6575K, committed 6688K, reserved 1048576K
}
Event: 6.769 GC heap after
{Heap after GC invocations=21 (full 0):
 garbage-first heap   total 95232K, used 46542K [0x00000000a0000000, 0x0000000100000000)
  region size 1024K, 3 young (3072K), 3 survivors (3072K)
 Metaspace       used 48561K, capacity 49816K, committed 50128K, reserved 1093632K
  class space    used 6115K, capacity 6575K, committed 6688K, reserved 1048576K
}
Event: 7.162 GC heap before
{Heap before GC invocations=22 (full 0):
 garbage-first heap   total 95232K, used 63950K [0x00000000a0000000, 0x0000000100000000)
  region size 1024K, 19 young (19456K), 3 survivors (3072K)
 Metaspace       used 49426K, capacity 50881K, committed 51024K, reserved 1093632K
  class space    used 6231K, capacity 6769K, committed 6816K, reserved 1048576K
}
Event: 7.166 GC heap after
{Heap after GC invocations=23 (full 0):
 garbage-first heap   total 95232K, used 50684K [0x00000000a0000000, 0x0000000100000000)
  region size 1024K, 3 young (3072K), 3 survivors (3072K)
 Metaspace       used 49426K, capacity 50881K, committed 51024K, reserved 1093632K
  class space    used 6231K, capacity 6769K, committed 6816K, reserved 1048576K
}
Event: 7.359 GC heap before
{Heap before GC invocations=23 (full 0):
 garbage-first heap   total 95232K, used 67068K [0x00000000a0000000, 0x0000000100000000)
  region size 1024K, 19 young (19456K), 3 survivors (3072K)
 Metaspace       used 51432K, capacity 52834K, committed 53072K, reserved 1095680K
  class space    used 6502K, capacity 7037K, committed 7072K, reserved 1048576K
}
Event: 7.363 GC heap after
{Heap after GC invocations=24 (full 0):
 garbage-first heap   total 95232K, used 51281K [0x00000000a0000000, 0x0000000100000000)
  region size 1024K, 1 young (1024K), 1 survivors (1024K)
 Metaspace       used 51432K, capacity 52834K, committed 53072K, reserved 1095680K
  class space    used 6502K, capacity 7037K, committed 7072K, reserved 1048576K
}
Event: 7.656 GC heap before
{Heap before GC invocations=25 (full 0):
 garbage-first heap   total 95232K, used 67665K [0x00000000a0000000, 0x0000000100000000)
  region size 1024K, 18 young (18432K), 1 survivors (1024K)
 Metaspace       used 53712K, capacity 55161K, committed 55376K, reserved 1097728K
  class space    used 6790K, capacity 7303K, committed 7328K, reserved 1048576K
}
Event: 7.666 GC heap after
{Heap after GC invocations=26 (full 0):
 garbage-first heap   total 95232K, used 51721K [0x00000000a0000000, 0x0000000100000000)
  region size 1024K, 2 young (2048K), 2 survivors (2048K)
 Metaspace       used 53712K, capacity 55161K, committed 55376K, reserved 1097728K
  class space    used 6790K, capacity 7303K, committed 7328K, reserved 1048576K
}
Event: 8.177 GC heap before
{Heap before GC invocations=26 (full 0):
 garbage-first heap   total 95232K, used 70153K [0x00000000a0000000, 0x0000000100000000)
  region size 1024K, 20 young (20480K), 2 survivors (2048K)
 Metaspace       used 56721K, capacity 58268K, committed 58576K, reserved 1099776K
  class space    used 7123K, capacity 7654K, committed 7712K, reserved 1048576K
}
Event: 8.183 GC heap after
{Heap after GC invocations=27 (full 0):
 garbage-first heap   total 116736K, used 52371K [0x00000000a0000000, 0x0000000100000000)
  region size 1024K, 2 young (2048K), 2 survivors (2048K)
 Metaspace       used 56721K, capacity 58268K, committed 58576K, reserved 1099776K
  class space    used 7123K, capacity 7654K, committed 7712K, reserved 1048576K
}
Event: 8.732 GC heap before
{Heap before GC invocations=28 (full 0):
 garbage-first heap   total 116736K, used 82067K [0x00000000a0000000, 0x0000000100000000)
  region size 1024K, 32 young (32768K), 2 survivors (2048K)
 Metaspace       used 60562K, capacity 62219K, committed 62416K, reserved 1103872K
  class space    used 7620K, capacity 8221K, committed 8224K, reserved 1048576K
}
Event: 8.738 GC heap after
{Heap after GC invocations=29 (full 0):
 garbage-first heap   total 116736K, used 56661K [0x00000000a0000000, 0x0000000100000000)
  region size 1024K, 4 young (4096K), 4 survivors (4096K)
 Metaspace       used 60562K, capacity 62219K, committed 62416K, reserved 1103872K
  class space    used 7620K, capacity 8221K, committed 8224K, reserved 1048576K
}

Deoptimization events (20 events):
Event: 8.707 Thread 0x0000025d2640f800 DEOPT PACKING pc=0x0000025d0f561221 sp=0x0000009ae26f4120
Event: 8.707 Thread 0x0000025d2640f800 DEOPT UNPACKING pc=0x0000025d0e3ea95e sp=0x0000009ae26f3578 mode 0
Event: 8.707 Thread 0x0000025d2640f800 DEOPT PACKING pc=0x0000025d0f561221 sp=0x0000009ae26f4120
Event: 8.707 Thread 0x0000025d2640f800 DEOPT UNPACKING pc=0x0000025d0e3ea95e sp=0x0000009ae26f3578 mode 0
Event: 8.712 Thread 0x0000025d2640f800 Uncommon trap: trap_request=0xffffff4d fr.pc=0x0000025d15fae090 relative=0x0000000000000070
Event: 8.712 Thread 0x0000025d2640f800 Uncommon trap: reason=unstable_if action=reinterpret pc=0x0000025d15fae090 method=java.security.CodeSource.getCertificates()[Ljava/security/cert/Certificate; @ 22 c2
Event: 8.712 Thread 0x0000025d2640f800 DEOPT PACKING pc=0x0000025d15fae090 sp=0x0000009ae26f4650
Event: 8.712 Thread 0x0000025d2640f800 DEOPT UNPACKING pc=0x0000025d0e3ea1af sp=0x0000009ae26f45d8 mode 2
Event: 8.743 Thread 0x0000025d2640f800 Uncommon trap: trap_request=0xffffff4d fr.pc=0x0000025d160355ac relative=0x000000000000026c
Event: 8.743 Thread 0x0000025d2640f800 Uncommon trap: reason=unstable_if action=reinterpret pc=0x0000025d160355ac method=java.util.LinkedHashMap.get(Ljava/lang/Object;)Ljava/lang/Object; @ 20 c2
Event: 8.743 Thread 0x0000025d2640f800 DEOPT PACKING pc=0x0000025d160355ac sp=0x0000009ae26f3be0
Event: 8.743 Thread 0x0000025d2640f800 DEOPT UNPACKING pc=0x0000025d0e3ea1af sp=0x0000009ae26f3b98 mode 2
Event: 8.750 Thread 0x0000025d2640f800 Uncommon trap: trap_request=0xffffff4d fr.pc=0x0000025d15f430e8 relative=0x0000000000000428
Event: 8.750 Thread 0x0000025d2640f800 Uncommon trap: reason=unstable_if action=reinterpret pc=0x0000025d15f430e8 method=java.lang.StringLatin1.regionMatchesCI([BI[BII)Z @ 66 c2
Event: 8.750 Thread 0x0000025d2640f800 DEOPT PACKING pc=0x0000025d15f430e8 sp=0x0000009ae26f3970
Event: 8.750 Thread 0x0000025d2640f800 DEOPT UNPACKING pc=0x0000025d0e3ea1af sp=0x0000009ae26f38d8 mode 2
Event: 8.761 Thread 0x0000025d2640f800 DEOPT PACKING pc=0x0000025d0f55ace3 sp=0x0000009ae26f3740
Event: 8.761 Thread 0x0000025d2640f800 DEOPT UNPACKING pc=0x0000025d0e3ea95e sp=0x0000009ae26f2c00 mode 0
Event: 8.761 Thread 0x0000025d2640f800 DEOPT PACKING pc=0x0000025d0f55a550 sp=0x0000009ae26f36f0
Event: 8.761 Thread 0x0000025d2640f800 DEOPT UNPACKING pc=0x0000025d0e3ea95e sp=0x0000009ae26f2b68 mode 0

Classes redefined (0 events):
No events

Internal exceptions (20 events):
Event: 7.098 Thread 0x0000025d25b74000 Exception <a 'java/lang/NoSuchMethodError'{0x00000000a5093060}: <clinit>> (0x00000000a5093060) thrown at [./src/hotspot/share/prims/jni.cpp, line 1366]
Event: 7.100 Thread 0x0000025d25b74000 Exception <a 'java/lang/NoSuchMethodError'{0x00000000a50abbf0}: <clinit>> (0x00000000a50abbf0) thrown at [./src/hotspot/share/prims/jni.cpp, line 1366]
Event: 7.120 Thread 0x0000025d2640f800 Exception <a 'java/lang/ClassNotFoundException'{0x00000000a4f57078}: build_3w1wf6objle4tslluqc4pfgk0BeanInfo> (0x00000000a4f57078) thrown at [./src/hotspot/share/classfile/systemDictionary.cpp, line 231]
Event: 7.120 Thread 0x0000025d2640f800 Exception <a 'java/lang/ClassNotFoundException'{0x00000000a4f62f28}: build_3w1wf6objle4tslluqc4pfgk0Customizer> (0x00000000a4f62f28) thrown at [./src/hotspot/share/classfile/systemDictionary.cpp, line 231]
Event: 7.127 Thread 0x0000025d2640f800 Exception <a 'java/lang/ClassNotFoundException'{0x00000000a4fc9718}: org/gradle/api/internal/plugins/DefaultObjectConfigurationActionBeanInfo> (0x00000000a4fc9718) thrown at [./src/hotspot/share/classfile/systemDictionary.cpp, line 231]
Event: 7.128 Thread 0x0000025d2640f800 Exception <a 'java/lang/ClassNotFoundException'{0x00000000a4ffeda0}: org/gradle/api/internal/plugins/DefaultObjectConfigurationActionCustomizer> (0x00000000a4ffeda0) thrown at [./src/hotspot/share/classfile/systemDictionary.cpp, line 231]
Event: 7.288 Thread 0x0000025d2640f800 Exception <a 'java/lang/NoSuchMethodError'{0x00000000a53ccbc0}: 'java.lang.Object java.lang.invoke.DirectMethodHandle$Holder.invokeStatic(java.lang.Object, java.lang.Object, java.lang.Object, java.lang.Object, int)'> (0x00000000a53ccbc0) thrown at [./src/hotspot/share/interpreter/linkResolver.cpp, line 773]
Event: 7.288 Thread 0x0000025d2640f800 Exception <a 'java/lang/NoSuchMethodError'{0x00000000a53d1810}: 'java.lang.Object java.lang.invoke.DirectMethodHandle$Holder.invokeSpecial(java.lang.Object, java.lang.Object, java.lang.Object, java.lang.Object, java.lang.Object, int)'> (0x00000000a53d1810) thrown at [./src/hotspot/share/interpreter/linkResolver.cpp, line 773]
Event: 7.288 Thread 0x0000025d2640f800 Exception <a 'java/lang/NoSuchMethodError'{0x00000000a53d5e50}: 'java.lang.Object java.lang.invoke.Invokers$Holder.linkToTargetMethod(java.lang.Object, java.lang.Object, java.lang.Object, int, java.lang.Object)'> (0x00000000a53d5e50) thrown at [./src/hotspot/share/interpreter/linkResolver.cpp, line 773]
Event: 7.530 Thread 0x0000025d2640f800 Exception <a 'java/lang/NoSuchMethodError'{0x00000000a54a9df0}: 'java.lang.Object java.lang.invoke.DirectMethodHandle$Holder.invokeSpecial(java.lang.Object, java.lang.Object, int, int, java.lang.Object, java.lang.Object, java.lang.Object)'> (0x00000000a54a9df0) thrown at [./src/hotspot/share/interpreter/linkResolver.cpp, line 773]
Event: 7.530 Thread 0x0000025d2640f800 Exception <a 'java/lang/NoSuchMethodError'{0x00000000a54ae370}: 'java.lang.Object java.lang.invoke.DelegatingMethodHandle$Holder.reinvoke_L(java.lang.Object, int, int, java.lang.Object, java.lang.Object, java.lang.Object)'> (0x00000000a54ae370) thrown at [./src/hotspot/share/interpreter/linkResolver.cpp, line 773]
Event: 7.949 Thread 0x0000025d2640f800 Exception <a 'java/lang/NoSuchMethodError'{0x00000000a58b94d8}: 'int java.lang.invoke.DirectMethodHandle$Holder.invokeInterface(java.lang.Object, java.lang.Object, java.lang.Object, java.lang.Object)'> (0x00000000a58b94d8) thrown at [./src/hotspot/share/interpreter/linkResolver.cpp, line 773]
Event: 8.259 Thread 0x0000025d2640f800 Exception <a 'java/lang/NoSuchMethodError'{0x00000000a6e16298}: 'void java.lang.invoke.DirectMethodHandle$Holder.invokeInterface(java.lang.Object, java.lang.Object, java.lang.Object, java.lang.Object)'> (0x00000000a6e16298) thrown at [./src/hotspot/share/interpreter/linkResolver.cpp, line 773]
Event: 8.439 Thread 0x0000025d2640f800 Exception <a 'java/lang/IncompatibleClassChangeError'{0x00000000a6500dc0}: Found class java.lang.Object, but interface was expected> (0x00000000a6500dc0) thrown at [./src/hotspot/share/interpreter/linkResolver.cpp, line 839]
Event: 8.507 Thread 0x0000025d2640f800 Implicit null exception at 0x0000025d1610a2db to 0x0000025d1610c048
Event: 8.552 Thread 0x0000025d2640f800 Implicit null exception at 0x0000025d1611647f to 0x0000025d16117ea0
Event: 8.553 Thread 0x0000025d2640f800 Implicit null exception at 0x0000025d1611647f to 0x0000025d16117ea0
Event: 8.609 Thread 0x0000025d2640f800 Implicit null exception at 0x0000025d1606298b to 0x0000025d16062bc8
Event: 8.670 Thread 0x0000025d2640f800 Implicit null exception at 0x0000025d15fb912c to 0x0000025d15fb92da
Event: 8.820 Thread 0x0000025d2640f800 Exception <a 'sun/nio/fs/WindowsException'{0x00000000a6d25ef8}> (0x00000000a6d25ef8) thrown at [./src/hotspot/share/prims/jni.cpp, line 616]

Events (20 events):
Event: 8.815 loading class kotlin/collections/EmptyList
Event: 8.815 loading class kotlin/collections/EmptyList done
Event: 8.817 loading class com/android/prefs/QueryResult
Event: 8.817 loading class com/android/prefs/QueryResult done
Event: 8.818 loading class com/android/io/CancellableFileIo
Event: 8.818 loading class com/android/io/CancellableFileIo done
Event: 8.819 loading class com/android/ProgressManagerAdapter
Event: 8.819 loading class com/android/ProgressManagerAdapter done
Event: 8.820 loading class sun/nio/fs/WindowsException
Event: 8.820 loading class sun/nio/fs/WindowsException done
Event: 8.821 loading class com/android/build/gradle/internal/dsl/decorator/AndroidPluginDslDecoratorKt
Event: 8.821 loading class com/android/build/gradle/internal/dsl/decorator/AndroidPluginDslDecoratorKt done
Event: 8.822 loading class com/android/build/gradle/internal/dsl/decorator/SupportedPropertyType
Event: 8.822 loading class com/android/build/gradle/internal/dsl/decorator/SupportedPropertyType done
Event: 8.822 loading class com/android/build/gradle/internal/dsl/decorator/SupportedPropertyType$Var$String
Event: 8.822 loading class com/android/build/gradle/internal/dsl/decorator/SupportedPropertyType$Var$String done
Event: 8.823 loading class com/android/build/gradle/internal/dsl/decorator/SupportedPropertyType$Var
Event: 8.823 loading class com/android/build/gradle/internal/dsl/decorator/SupportedPropertyType$Var done
Event: 8.824 loading class org/objectweb/asm/Type
Event: 8.824 loading class org/objectweb/asm/Type done


Dynamic libraries:
0x00007ff700120000 - 0x00007ff70012a000 	C:\Program Files\Android\Android Studio\jre\bin\java.exe
0x00007ffe87150000 - 0x00007ffe87345000 	C:\Windows\SYSTEM32\ntdll.dll
0x00007ffe85950000 - 0x00007ffe85a0e000 	C:\Windows\System32\KERNEL32.DLL
0x00007ffe84ed0000 - 0x00007ffe85199000 	C:\Windows\System32\KERNELBASE.dll
0x00007ffe84bc0000 - 0x00007ffe84cc0000 	C:\Windows\System32\ucrtbase.dll
0x00007ffe7ff30000 - 0x00007ffe7ff49000 	C:\Program Files\Android\Android Studio\jre\bin\jli.dll
0x00007ffe71af0000 - 0x00007ffe71b07000 	C:\Program Files\Android\Android Studio\jre\bin\VCRUNTIME140.dll
0x00007ffe865e0000 - 0x00007ffe86781000 	C:\Windows\System32\USER32.dll
0x00007ffe715d0000 - 0x00007ffe7186a000 	C:\Windows\WinSxS\amd64_microsoft.windows.common-controls_6595b64144ccf1df_6.0.19041.1110_none_60b5254171f9507e\COMCTL32.dll
0x00007ffe848d0000 - 0x00007ffe848f2000 	C:\Windows\System32\win32u.dll
0x00007ffe85ea0000 - 0x00007ffe85f3e000 	C:\Windows\System32\msvcrt.dll
0x00007ffe86360000 - 0x00007ffe8638b000 	C:\Windows\System32\GDI32.dll
0x00007ffe84ab0000 - 0x00007ffe84bbb000 	C:\Windows\System32\gdi32full.dll
0x00007ffe849e0000 - 0x00007ffe84a7d000 	C:\Windows\System32\msvcp_win.dll
0x00007ffe85a10000 - 0x00007ffe85a40000 	C:\Windows\System32\IMM32.DLL
0x00007ffe4ec20000 - 0x00007ffe4ecbd000 	C:\Program Files\Android\Android Studio\jre\bin\msvcp140.dll
0x00007ffe33a80000 - 0x00007ffe34582000 	C:\Program Files\Android\Android Studio\jre\bin\server\jvm.dll
0x00007ffe85bf0000 - 0x00007ffe85c9c000 	C:\Windows\System32\ADVAPI32.dll
0x00007ffe85620000 - 0x00007ffe856bb000 	C:\Windows\System32\sechost.dll
0x00007ffe85a40000 - 0x00007ffe85b6a000 	C:\Windows\System32\RPCRT4.dll
0x00007ffe85800000 - 0x00007ffe85808000 	C:\Windows\System32\PSAPI.DLL
0x00007ffe774c0000 - 0x00007ffe774e7000 	C:\Windows\SYSTEM32\WINMM.dll
0x00007ffe7f7c0000 - 0x00007ffe7f7ca000 	C:\Windows\SYSTEM32\VERSION.dll
0x00007ffe7b940000 - 0x00007ffe7b949000 	C:\Windows\SYSTEM32\WSOCK32.dll
0x00007ffe86940000 - 0x00007ffe869ab000 	C:\Windows\System32\WS2_32.dll
0x00007ffe82790000 - 0x00007ffe827a2000 	C:\Windows\SYSTEM32\kernel.appcore.dll
0x00007ffe71ab0000 - 0x00007ffe71ac1000 	C:\Program Files\Android\Android Studio\jre\bin\verify.dll
0x00007ffe6b130000 - 0x00007ffe6b314000 	C:\Windows\SYSTEM32\DBGHELP.DLL
0x00007ffe6b0f0000 - 0x00007ffe6b11c000 	C:\Windows\SYSTEM32\dbgcore.DLL
0x00007ffe84900000 - 0x00007ffe84983000 	C:\Windows\System32\bcryptPrimitives.dll
0x00007ffe71a80000 - 0x00007ffe71aa9000 	C:\Program Files\Android\Android Studio\jre\bin\java.dll
0x00007ffe7b930000 - 0x00007ffe7b93b000 	C:\Program Files\Android\Android Studio\jre\bin\jimage.dll
0x00007ffe71a60000 - 0x00007ffe71a78000 	C:\Program Files\Android\Android Studio\jre\bin\zip.dll
0x00007ffe869d0000 - 0x00007ffe8710f000 	C:\Windows\System32\SHELL32.dll
0x00007ffe82990000 - 0x00007ffe83120000 	C:\Windows\SYSTEM32\windows.storage.dll
0x00007ffe86000000 - 0x00007ffe86355000 	C:\Windows\System32\combase.dll
0x00007ffe84250000 - 0x00007ffe8427c000 	C:\Windows\SYSTEM32\Wldp.dll
0x00007ffe856c0000 - 0x00007ffe8576d000 	C:\Windows\System32\SHCORE.dll
0x00007ffe858f0000 - 0x00007ffe85945000 	C:\Windows\System32\shlwapi.dll
0x00007ffe847b0000 - 0x00007ffe847cf000 	C:\Windows\SYSTEM32\profapi.dll
0x00007ffe71a00000 - 0x00007ffe71a1a000 	C:\Program Files\Android\Android Studio\jre\bin\net.dll
0x00007ffe774f0000 - 0x00007ffe775f8000 	C:\Windows\SYSTEM32\WINHTTP.dll
0x00007ffe83f50000 - 0x00007ffe83fba000 	C:\Windows\system32\mswsock.dll
0x00007ffe63ab0000 - 0x00007ffe63ac4000 	C:\Program Files\Android\Android Studio\jre\bin\nio.dll
0x00007ffe6d600000 - 0x00007ffe6d627000 	C:\Users\shweta android\.gradle\native\e1d6ef7f7dcc3fd88c89a11ec53ec762bb8ba0a96d01ffa2cd45eb1d1d8dd5c5\windows-amd64\native-platform.dll
0x00007ffe35760000 - 0x00007ffe358a4000 	C:\Users\shweta android\.gradle\native\0d407fdbe67a94daf76414ababcb853783967236a71b16ec16e742cd7a986fd3\windows-amd64\native-platform-file-events.dll
0x00007ffe719f0000 - 0x00007ffe719fa000 	C:\Program Files\Android\Android Studio\jre\bin\management.dll
0x00007ffe71980000 - 0x00007ffe7198d000 	C:\Program Files\Android\Android Studio\jre\bin\management_ext.dll
0x00007ffe84140000 - 0x00007ffe84158000 	C:\Windows\SYSTEM32\CRYPTSP.dll
0x00007ffe838d0000 - 0x00007ffe83904000 	C:\Windows\system32\rsaenh.dll
0x00007ffe84a80000 - 0x00007ffe84aa7000 	C:\Windows\System32\bcrypt.dll
0x00007ffe84770000 - 0x00007ffe8479e000 	C:\Windows\SYSTEM32\USERENV.dll
0x00007ffe84160000 - 0x00007ffe8416c000 	C:\Windows\SYSTEM32\CRYPTBASE.dll
0x00007ffe83c40000 - 0x00007ffe83c7b000 	C:\Windows\SYSTEM32\IPHLPAPI.DLL
0x00007ffe85be0000 - 0x00007ffe85be8000 	C:\Windows\System32\NSI.dll
0x00007ffe7e7f0000 - 0x00007ffe7e807000 	C:\Windows\SYSTEM32\dhcpcsvc6.DLL
0x00007ffe7f7d0000 - 0x00007ffe7f7ed000 	C:\Windows\SYSTEM32\dhcpcsvc.DLL
0x00007ffe83c80000 - 0x00007ffe83d4c000 	C:\Windows\SYSTEM32\DNSAPI.dll

dbghelp: loaded successfully - version: 4.0.5 - missing functions: none
symbol engine: initialized successfully - sym options: 0x614 - pdb path: .;C:\Program Files\Android\Android Studio\jre\bin;C:\Windows\SYSTEM32;C:\Windows\WinSxS\amd64_microsoft.windows.common-controls_6595b64144ccf1df_6.0.19041.1110_none_60b5254171f9507e;C:\Program Files\Android\Android Studio\jre\bin\server;C:\Users\shweta android\.gradle\native\e1d6ef7f7dcc3fd88c89a11ec53ec762bb8ba0a96d01ffa2cd45eb1d1d8dd5c5\windows-amd64;C:\Users\shweta android\.gradle\native\0d407fdbe67a94daf76414ababcb853783967236a71b16ec16e742cd7a986fd3\windows-amd64

VM Arguments:
jvm_args: --add-opens=java.base/java.util=ALL-UNNAMED --add-opens=java.base/java.lang=ALL-UNNAMED --add-opens=java.base/java.lang.invoke=ALL-UNNAMED --add-opens=java.base/java.util=ALL-UNNAMED --add-opens=java.prefs/java.util.prefs=ALL-UNNAMED --add-opens=java.prefs/java.util.prefs=ALL-UNNAMED --add-opens=java.base/java.nio.charset=ALL-UNNAMED --add-opens=java.base/java.net=ALL-UNNAMED --add-opens=java.base/java.util.concurrent.atomic=ALL-UNNAMED -Xmx1536m -Dfile.encoding=windows-1252 -Duser.country=US -Duser.language=en -Duser.variant 
java_command: org.gradle.launcher.daemon.bootstrap.GradleDaemon 7.4
java_class_path (initial): C:\Users\shweta android\.gradle\wrapper\dists\gradle-7.4-bin\c0gwcg53nkjbqw7r0h0umtfvt\gradle-7.4\lib\gradle-launcher-7.4.jar
Launcher Type: SUN_STANDARD

[Global flags]
     intx CICompilerCount                          = 4                                         {product} {ergonomic}
     uint ConcGCThreads                            = 2                                         {product} {ergonomic}
     uint G1ConcRefinementThreads                  = 8                                         {product} {ergonomic}
   size_t G1HeapRegionSize                         = 1048576                                   {product} {ergonomic}
    uintx GCDrainStackTargetSize                   = 64                                        {product} {ergonomic}
   size_t InitialHeapSize                          = 67108864                                  {product} {ergonomic}
   size_t MarkStackSize                            = 4194304                                   {product} {ergonomic}
   size_t MaxHeapSize                              = 1610612736                                {product} {command line}
   size_t MaxNewSize                               = 965738496                                 {product} {ergonomic}
   size_t MinHeapDeltaBytes                        = 1048576                                   {product} {ergonomic}
    uintx NonNMethodCodeHeapSize                   = 5836300                                {pd product} {ergonomic}
    uintx NonProfiledCodeHeapSize                  = 122910970                              {pd product} {ergonomic}
    uintx ProfiledCodeHeapSize                     = 122910970                              {pd product} {ergonomic}
    uintx ReservedCodeCacheSize                    = 251658240                              {pd product} {ergonomic}
     bool SegmentedCodeCache                       = true                                      {product} {ergonomic}
     bool UseCompressedClassPointers               = true                                 {lp64_product} {ergonomic}
     bool UseCompressedOops                        = true                                 {lp64_product} {ergonomic}
     bool UseG1GC                                  = true                                      {product} {ergonomic}
     bool UseLargePagesIndividualAllocation        = false                                  {pd product} {ergonomic}

Logging:
Log output configuration:
 #0: stdout all=warning uptime,level,tags
 #1: stderr all=off uptime,level,tags

Environment Variables:
PATH=C:\Windows\system32;C:\Windows;C:\Windows\System32\Wbem;C:\Windows\System32\WindowsPowerShell\v1.0\;C:\Windows\System32\OpenSSH\;C:\Program Files\Git\cmd;C:\Users\shweta android\AppData\Local\Microsoft\WindowsApps;;D:\program files\Microsoft VS Code\bin
USERNAME=shweta android
OS=Windows_NT
PROCESSOR_IDENTIFIER=Intel64 Family 6 Model 60 Stepping 3, GenuineIntel



---------------  S Y S T E M  ---------------

OS: Windows 10 , 64 bit Build 19041 (10.0.19041.1202)
OS uptime: 0 days 6:24 hours

CPU:total 8 (initial active 8) (4 cores per cpu, 2 threads per core) family 6 model 60 stepping 3 microcode 0x27, cmov, cx8, fxsr, mmx, sse, sse2, sse3, ssse3, sse4.1, sse4.2, popcnt, avx, avx2, aes, clmul, erms, lzcnt, ht, tsc, tscinvbit, bmi1, bmi2, fma

Memory: 4k page, system-wide physical 4007M (261M free)
TotalPageFile size 10179M (AvailPageFile size 6M)
current process WorkingSet (physical memory assigned to process): 206M, peak: 225M
current process commit charge ("private bytes"): 339M, peak: 339M

vm_info: OpenJDK 64-Bit Server VM (11.0.13+0-b1751.21-8125866) for windows-amd64 JRE (11.0.13+0-b1751.21-8125866), built on Feb  2 2022 03:00:22 by "builder" with MS VC++ 14.0 (VS2015)

END.
