#
# There is insufficient memory for the Java Runtime Environment to continue.
# Native memory allocation (malloc) failed to allocate 1049456 bytes for Chunk::new
# Possible reasons:
#   The system is out of physical RAM or swap space
#   The process is running with CompressedOops enabled, and the Java Heap may be blocking the growth of the native heap
# Possible solutions:
#   Reduce memory load on the system
#   Increase physical memory or swap space
#   Check if swap backing store is full
#   Decrease Java heap size (-Xmx/-Xms)
#   Decrease number of Java threads
#   Decrease Java thread stack sizes (-Xss)
#   Set larger code cache with -XX:ReservedCodeCacheSize=
#   JVM is running with Unscaled Compressed Oops mode in which the Java heap is
#     placed in the first 4GB address space. The Java Heap base address is the
#     maximum limit for the native heap growth. Please use -XX:HeapBaseMinAddress
#     to set the Java Heap base and to place the Java Heap above 4GB virtual address.
# This output file may be truncated or incomplete.
#
#  Out of Memory Error (./src/hotspot/share/memory/arena.cpp:197), pid=9996, tid=9600
#
# JRE version: OpenJDK Runtime Environment (11.0.13) (build 11.0.13+0-b1751.21-8125866)
# Java VM: OpenJDK 64-Bit Server VM (11.0.13+0-b1751.21-8125866, mixed mode, tiered, compressed oops, g1 gc, windows-amd64)
# No core dump will be written. Minidumps are not enabled by default on client versions of Windows
#

---------------  S U M M A R Y ------------

Command Line: --add-opens=java.base/java.util=ALL-UNNAMED --add-opens=java.base/java.lang=ALL-UNNAMED --add-opens=java.base/java.lang.invoke=ALL-UNNAMED --add-opens=java.base/java.util=ALL-UNNAMED --add-opens=java.prefs/java.util.prefs=ALL-UNNAMED --add-opens=java.prefs/java.util.prefs=ALL-UNNAMED --add-opens=java.base/java.nio.charset=ALL-UNNAMED --add-opens=java.base/java.net=ALL-UNNAMED --add-opens=java.base/java.util.concurrent.atomic=ALL-UNNAMED -Xmx1536m -Dfile.encoding=windows-1252 -Duser.country=US -Duser.language=en -Duser.variant org.gradle.launcher.daemon.bootstrap.GradleDaemon 7.4

Host: Intel(R) Core(TM) i7-4770 CPU @ 3.40GHz, 8 cores, 3G,  Windows 10 , 64 bit Build 19041 (10.0.19041.1202)
Time: Wed Nov 23 18:32:13 2022 India Standard Time elapsed time: 4421.886422 seconds (0d 1h 13m 41s)

---------------  T H R E A D  ---------------

Current thread (0x0000020382805000):  JavaThread "C2 CompilerThread0" daemon [_thread_in_native, id=9600, stack(0x000000e90a200000,0x000000e90a300000)]


Current CompileTask:
C2:4421886 19171   !   4       org.apache.xerces.parsers.AbstractSAXParser::startElement (318 bytes)

Stack: [0x000000e90a200000,0x000000e90a300000]
Native frames: (J=compiled Java code, j=interpreted, Vv=VM code, C=native code)
V  [jvm.dll+0x6100fa]
V  [jvm.dll+0x747090]
V  [jvm.dll+0x7486ad]
V  [jvm.dll+0x748d83]
V  [jvm.dll+0x24ab48]
V  [jvm.dll+0xc04dc]
V  [jvm.dll+0xc0a0c]
V  [jvm.dll+0x35eb9d]
V  [jvm.dll+0x19d9bc]
V  [jvm.dll+0x2033be]
V  [jvm.dll+0x202437]
V  [jvm.dll+0x188e01]
V  [jvm.dll+0x21106b]
V  [jvm.dll+0x20f8c1]
V  [jvm.dll+0x70de0f]
V  [jvm.dll+0x706a75]
V  [jvm.dll+0x60ed66]
C  [ucrtbase.dll+0x21bb2]
C  [KERNEL32.DLL+0x17034]
C  [ntdll.dll+0x52651]


---------------  P R O C E S S  ---------------

Threads class SMR info:
_java_thread_list=0x0000020383815db0, length=142, elements={
0x00000203e6aca000, 0x00000203ffc94800, 0x00000203ffc9f800, 0x0000020382800800,
0x0000020382803000, 0x0000020382804000, 0x0000020382805000, 0x00000203ffcf9000,
0x00000203ffcfe000, 0x0000020382962000, 0x0000020384271000, 0x000002038470a800,
0x00000203847b2000, 0x0000020384a64000, 0x0000020384a62800, 0x0000020384a66000,
0x0000020384a65000, 0x0000020384a66800, 0x0000020386509800, 0x000002038650a800,
0x0000020386507000, 0x000002038650c000, 0x0000020386506800, 0x0000020383eb5000,
0x0000020383eb1000, 0x0000020383eb4000, 0x0000020383eaf800, 0x0000020383eb6800,
0x0000020383eb1800, 0x0000020383eab000, 0x0000020383ea8000, 0x0000020383ea9000,
0x0000020383eaa800, 0x0000020383eac000, 0x0000020383ead000, 0x0000020383ead800,
0x0000020383eae800, 0x0000020383ea9800, 0x0000020383eb3800, 0x0000020383eb6000,
0x0000020383eb0000, 0x0000020383eb2800, 0x000002038650e800, 0x000002038650b000,
0x000002038650d000, 0x000002038650d800, 0x0000020386508800, 0x0000020386513800,
0x0000020386511000, 0x000002038650f800, 0x0000020386512800, 0x0000020386514000,
0x0000020386515000, 0x0000020386511800, 0x0000020386510000, 0x0000020384a67800,
0x0000020384a68800, 0x0000020384a69000, 0x0000020384a63800, 0x0000020383e5d800,
0x0000020383e5e800, 0x0000020383e61000, 0x0000020383e5f800, 0x0000020383e60000,
0x0000020383e62000, 0x0000020383e5c000, 0x0000020383e62800, 0x0000020383e5d000,
0x0000020383e67800, 0x0000020383e65000, 0x0000020383e66800, 0x0000020383e68800,
0x0000020383e69000, 0x0000020383e66000, 0x0000020383e63800, 0x0000020383e6a000,
0x0000020383e64800, 0x0000020383e6b000, 0x000002038b266800, 0x000002038b266000,
0x000002038b267800, 0x000002038b268800, 0x000002038b269000, 0x000002038b265000,
0x000002038b26a000, 0x000002038b264800, 0x000002038b26e000, 0x000002038b26f000,
0x000002038b270800, 0x000002038b26f800, 0x000002038b26b000, 0x000002038b271800,
0x000002038b26b800, 0x000002038b272000, 0x000002038b26c800, 0x000002038b273000,
0x000002038b26d000, 0x000002038c0b9000, 0x000002038c0bd000, 0x000002038c0bd800,
0x000002038c0ba800, 0x000002038c0be800, 0x000002038c0bf800, 0x000002038c0b9800,
0x000002038c0bc000, 0x000002038c0c0000, 0x000002038c0c1000, 0x000002038c0bb000,
0x000002038c0c2800, 0x000002038c0c6000, 0x000002038c0c4000, 0x000002038c0c3800,
0x000002038c0c5000, 0x000002038c0c6800, 0x000002038c0c7800, 0x000002038c0c2000,
0x00000203886c0000, 0x00000203886c4000, 0x00000203886c1000, 0x00000203886c5000,
0x00000203886c1800, 0x00000203886c6800, 0x00000203886c6000, 0x00000203886c2800,
0x00000203886c8000, 0x00000203886c9000, 0x00000203886c3800, 0x00000203886ce000,
0x00000203886ca000, 0x00000203886cd000, 0x00000203886cf000, 0x00000203886ca800,
0x00000203886cb800, 0x00000203886cc800, 0x000002038d1da800, 0x000002038d1db000,
0x000002038d1dc000, 0x000002038d1dd000, 0x000002038d1d9000, 0x000002038d1d7000,
0x000002038d1dd800, 0x000002038d1d8000
}

Java Threads: ( => current thread )
  0x00000203e6aca000 JavaThread "main" [_thread_blocked, id=6732, stack(0x000000e909600000,0x000000e909700000)]
  0x00000203ffc94800 JavaThread "Reference Handler" daemon [_thread_blocked, id=1052, stack(0x000000e909d00000,0x000000e909e00000)]
  0x00000203ffc9f800 JavaThread "Finalizer" daemon [_thread_blocked, id=2304, stack(0x000000e909e00000,0x000000e909f00000)]
  0x0000020382800800 JavaThread "Signal Dispatcher" daemon [_thread_blocked, id=9420, stack(0x000000e909f00000,0x000000e90a000000)]
  0x0000020382803000 JavaThread "Attach Listener" daemon [_thread_blocked, id=14296, stack(0x000000e90a000000,0x000000e90a100000)]
  0x0000020382804000 JavaThread "Service Thread" daemon [_thread_blocked, id=1800, stack(0x000000e90a100000,0x000000e90a200000)]
=>0x0000020382805000 JavaThread "C2 CompilerThread0" daemon [_thread_in_native, id=9600, stack(0x000000e90a200000,0x000000e90a300000)]
  0x00000203ffcf9000 JavaThread "C1 CompilerThread0" daemon [_thread_in_native, id=10348, stack(0x000000e90a300000,0x000000e90a400000)]
  0x00000203ffcfe000 JavaThread "Sweeper thread" daemon [_thread_blocked, id=6500, stack(0x000000e90a400000,0x000000e90a500000)]
  0x0000020382962000 JavaThread "Common-Cleaner" daemon [_thread_blocked, id=3308, stack(0x000000e90a500000,0x000000e90a600000)]
  0x0000020384271000 JavaThread "Daemon health stats" [_thread_blocked, id=10512, stack(0x000000e90a800000,0x000000e90a900000)]
  0x000002038470a800 JavaThread "Incoming local TCP Connector on port 52764" [_thread_in_native, id=13280, stack(0x000000e90a900000,0x000000e90aa00000)]
  0x00000203847b2000 JavaThread "Daemon periodic checks" [_thread_blocked, id=8936, stack(0x000000e90aa00000,0x000000e90ab00000)]
  0x0000020384a64000 JavaThread "Cache worker for journal cache (C:\Users\shweta android\.gradle\caches\journal-1)" [_thread_blocked, id=7452, stack(0x000000e90b800000,0x000000e90b900000)]
  0x0000020384a62800 JavaThread "File lock request listener" [_thread_in_native, id=2536, stack(0x000000e90b900000,0x000000e90ba00000)]
  0x0000020384a66000 JavaThread "Cache worker for file hash cache (C:\Users\shweta android\.gradle\caches\7.4\fileHashes)" [_thread_blocked, id=1112, stack(0x000000e90ba00000,0x000000e90bb00000)]
  0x0000020384a65000 JavaThread "File watcher server" daemon [_thread_in_native, id=10748, stack(0x000000e90bc00000,0x000000e90bd00000)]
  0x0000020384a66800 JavaThread "File watcher consumer" daemon [_thread_blocked, id=11300, stack(0x000000e90bd00000,0x000000e90be00000)]
  0x0000020386509800 JavaThread "Cache worker for execution history cache (C:\Users\shweta android\.gradle\caches\7.4\executionHistory)" [_thread_blocked, id=5420, stack(0x000000e90c200000,0x000000e90c300000)]
  0x000002038650a800 JavaThread "jar transforms" [_thread_blocked, id=1152, stack(0x000000e90c300000,0x000000e90c400000)]
  0x0000020386507000 JavaThread "jar transforms Thread 2" [_thread_blocked, id=7516, stack(0x000000e90c400000,0x000000e90c500000)]
  0x000002038650c000 JavaThread "Cache worker for file content cache (C:\Users\shweta android\.gradle\caches\7.4\fileContent)" [_thread_blocked, id=4848, stack(0x000000e90c500000,0x000000e90c600000)]
  0x0000020386506800 JavaThread "jar transforms Thread 3" [_thread_blocked, id=4636, stack(0x000000e90c700000,0x000000e90c800000)]
  0x0000020383eb5000 JavaThread "jar transforms Thread 4" [_thread_blocked, id=8644, stack(0x000000e911900000,0x000000e911a00000)]
  0x0000020383eb1000 JavaThread "jar transforms Thread 5" [_thread_blocked, id=1484, stack(0x000000e911a00000,0x000000e911b00000)]
  0x0000020383eb4000 JavaThread "jar transforms Thread 6" [_thread_blocked, id=3056, stack(0x000000e911b00000,0x000000e911c00000)]
  0x0000020383eaf800 JavaThread "jar transforms Thread 7" [_thread_blocked, id=2728, stack(0x000000e911c00000,0x000000e911d00000)]
  0x0000020383eb6800 JavaThread "jar transforms Thread 8" [_thread_blocked, id=5736, stack(0x000000e911d00000,0x000000e911e00000)]
  0x0000020383eb1800 JavaThread "Memory manager" [_thread_blocked, id=10704, stack(0x000000e912000000,0x000000e912100000)]
  0x0000020383eab000 JavaThread "Daemon Thread 3" [_thread_blocked, id=2744, stack(0x000000e909300000,0x000000e909400000)]
  0x0000020383ea8000 JavaThread "Handler for socket connection from /127.0.0.1:52764 to /127.0.0.1:53676" [_thread_in_native, id=8652, stack(0x000000e909400000,0x000000e909500000)]
  0x0000020383ea9000 JavaThread "Cancel handler" [_thread_blocked, id=12696, stack(0x000000e909500000,0x000000e909600000)]
  0x0000020383eaa800 JavaThread "Daemon worker Thread 3" [_thread_blocked, id=3704, stack(0x000000e90ab00000,0x000000e90ac00000)]
  0x0000020383eac000 JavaThread "Asynchronous log dispatcher for DefaultDaemonConnection: socket connection from /127.0.0.1:52764 to /127.0.0.1:53676" [_thread_blocked, id=12232, stack(0x000000e90ac00000,0x000000e90ad00000)]
  0x0000020383ead000 JavaThread "Stdin handler" [_thread_blocked, id=13508, stack(0x000000e90ad00000,0x000000e90ae00000)]
  0x0000020383ead800 JavaThread "Daemon client event forwarder" [_thread_blocked, id=10616, stack(0x000000e90ae00000,0x000000e90af00000)]
  0x0000020383eae800 JavaThread "Cache worker for checksums cache (D:\sonalika apk\sonalikaM23 09 22\.gradle\7.4\checksums)" [_thread_blocked, id=11116, stack(0x000000e90af00000,0x000000e90b000000)]
  0x0000020383ea9800 JavaThread "Cache worker for cache directory md-rule (C:\Users\shweta android\.gradle\caches\7.4\md-rule)" [_thread_blocked, id=12824, stack(0x000000e90b000000,0x000000e90b100000)]
  0x0000020383eb3800 JavaThread "Cache worker for file hash cache (D:\sonalika apk\sonalikaM23 09 22\.gradle\7.4\fileHashes)" [_thread_blocked, id=13048, stack(0x000000e90b100000,0x000000e90b200000)]
  0x0000020383eb6000 JavaThread "Cache worker for cache directory md-supplier (C:\Users\shweta android\.gradle\caches\7.4\md-supplier)" [_thread_blocked, id=12552, stack(0x000000e90be00000,0x000000e90bf00000)]
  0x0000020383eb0000 JavaThread "Cache worker for dependencies-accessors (D:\sonalika apk\sonalikaM23 09 22\.gradle\7.4\dependencies-accessors)" [_thread_blocked, id=2676, stack(0x000000e90bf00000,0x000000e90c000000)]
  0x0000020383eb2800 JavaThread "Cache worker for Build Output Cleanup Cache (D:\sonalika apk\sonalikaM23 09 22\.gradle\buildOutputCleanup)" [_thread_blocked, id=2052, stack(0x000000e90c000000,0x000000e90c100000)]
  0x000002038650e800 JavaThread "Unconstrained build operations" [_thread_blocked, id=6192, stack(0x000000e90c600000,0x000000e90c700000)]
  0x000002038650b000 JavaThread "Unconstrained build operations Thread 2" [_thread_blocked, id=10136, stack(0x000000e90c800000,0x000000e90c900000)]
  0x000002038650d000 JavaThread "Unconstrained build operations Thread 3" [_thread_blocked, id=9828, stack(0x000000e90c900000,0x000000e90ca00000)]
  0x000002038650d800 JavaThread "Unconstrained build operations Thread 4" [_thread_blocked, id=5160, stack(0x000000e90ca00000,0x000000e90cb00000)]
  0x0000020386508800 JavaThread "Unconstrained build operations Thread 5" [_thread_blocked, id=6660, stack(0x000000e90cb00000,0x000000e90cc00000)]
  0x0000020386513800 JavaThread "Unconstrained build operations Thread 6" [_thread_blocked, id=11928, stack(0x000000e90cc00000,0x000000e90cd00000)]
  0x0000020386511000 JavaThread "Unconstrained build operations Thread 7" [_thread_blocked, id=10360, stack(0x000000e90cd00000,0x000000e90ce00000)]
  0x000002038650f800 JavaThread "Unconstrained build operations Thread 8" [_thread_blocked, id=5144, stack(0x000000e90ce00000,0x000000e90cf00000)]
  0x0000020386512800 JavaThread "Unconstrained build operations Thread 9" [_thread_blocked, id=6664, stack(0x000000e90cf00000,0x000000e90d000000)]
  0x0000020386514000 JavaThread "Unconstrained build operations Thread 10" [_thread_blocked, id=3524, stack(0x000000e90d000000,0x000000e90d100000)]
  0x0000020386515000 JavaThread "Unconstrained build operations Thread 11" [_thread_blocked, id=9100, stack(0x000000e90d100000,0x000000e90d200000)]
  0x0000020386511800 JavaThread "Unconstrained build operations Thread 12" [_thread_blocked, id=13628, stack(0x000000e90d200000,0x000000e90d300000)]
  0x0000020386510000 JavaThread "Unconstrained build operations Thread 13" [_thread_blocked, id=13952, stack(0x000000e90d300000,0x000000e90d400000)]
  0x0000020384a67800 JavaThread "Unconstrained build operations Thread 14" [_thread_blocked, id=12996, stack(0x000000e90d400000,0x000000e90d500000)]
  0x0000020384a68800 JavaThread "Unconstrained build operations Thread 15" [_thread_blocked, id=2860, stack(0x000000e90d500000,0x000000e90d600000)]
  0x0000020384a69000 JavaThread "Unconstrained build operations Thread 16" [_thread_blocked, id=6108, stack(0x000000e90d600000,0x000000e90d700000)]
  0x0000020384a63800 JavaThread "Unconstrained build operations Thread 17" [_thread_blocked, id=6792, stack(0x000000e90d700000,0x000000e90d800000)]
  0x0000020383e5d800 JavaThread "Unconstrained build operations Thread 18" [_thread_blocked, id=3764, stack(0x000000e90d800000,0x000000e90d900000)]
  0x0000020383e5e800 JavaThread "Unconstrained build operations Thread 19" [_thread_blocked, id=7852, stack(0x000000e90d900000,0x000000e90da00000)]
  0x0000020383e61000 JavaThread "Unconstrained build operations Thread 20" [_thread_blocked, id=13928, stack(0x000000e90da00000,0x000000e90db00000)]
  0x0000020383e5f800 JavaThread "Unconstrained build operations Thread 21" [_thread_blocked, id=13608, stack(0x000000e90db00000,0x000000e90dc00000)]
  0x0000020383e60000 JavaThread "Unconstrained build operations Thread 22" [_thread_blocked, id=12480, stack(0x000000e90dc00000,0x000000e90dd00000)]
  0x0000020383e62000 JavaThread "Unconstrained build operations Thread 23" [_thread_blocked, id=10064, stack(0x000000e90dd00000,0x000000e90de00000)]
  0x0000020383e5c000 JavaThread "Unconstrained build operations Thread 24" [_thread_blocked, id=12992, stack(0x000000e90de00000,0x000000e90df00000)]
  0x0000020383e62800 JavaThread "Unconstrained build operations Thread 25" [_thread_blocked, id=13612, stack(0x000000e90df00000,0x000000e90e000000)]
  0x0000020383e5d000 JavaThread "Unconstrained build operations Thread 26" [_thread_blocked, id=12304, stack(0x000000e90e000000,0x000000e90e100000)]
  0x0000020383e67800 JavaThread "Unconstrained build operations Thread 27" [_thread_blocked, id=14312, stack(0x000000e90e100000,0x000000e90e200000)]
  0x0000020383e65000 JavaThread "Unconstrained build operations Thread 28" [_thread_blocked, id=9484, stack(0x000000e90e200000,0x000000e90e300000)]
  0x0000020383e66800 JavaThread "Unconstrained build operations Thread 29" [_thread_blocked, id=2724, stack(0x000000e90e300000,0x000000e90e400000)]
  0x0000020383e68800 JavaThread "Unconstrained build operations Thread 30" [_thread_blocked, id=6116, stack(0x000000e90e400000,0x000000e90e500000)]
  0x0000020383e69000 JavaThread "Unconstrained build operations Thread 31" [_thread_blocked, id=9720, stack(0x000000e90e500000,0x000000e90e600000)]
  0x0000020383e66000 JavaThread "Unconstrained build operations Thread 32" [_thread_blocked, id=8156, stack(0x000000e90e600000,0x000000e90e700000)]
  0x0000020383e63800 JavaThread "Unconstrained build operations Thread 33" [_thread_blocked, id=7064, stack(0x000000e90e700000,0x000000e90e800000)]
  0x0000020383e6a000 JavaThread "Unconstrained build operations Thread 34" [_thread_blocked, id=4952, stack(0x000000e90e800000,0x000000e90e900000)]
  0x0000020383e64800 JavaThread "Unconstrained build operations Thread 35" [_thread_blocked, id=7132, stack(0x000000e90e900000,0x000000e90ea00000)]
  0x0000020383e6b000 JavaThread "Unconstrained build operations Thread 36" [_thread_blocked, id=6120, stack(0x000000e90ea00000,0x000000e90eb00000)]
  0x000002038b266800 JavaThread "Unconstrained build operations Thread 37" [_thread_blocked, id=7320, stack(0x000000e90eb00000,0x000000e90ec00000)]
  0x000002038b266000 JavaThread "Unconstrained build operations Thread 38" [_thread_blocked, id=3528, stack(0x000000e90ec00000,0x000000e90ed00000)]
  0x000002038b267800 JavaThread "Unconstrained build operations Thread 39" [_thread_blocked, id=6020, stack(0x000000e90ed00000,0x000000e90ee00000)]
  0x000002038b268800 JavaThread "Unconstrained build operations Thread 40" [_thread_blocked, id=8604, stack(0x000000e90ee00000,0x000000e90ef00000)]
  0x000002038b269000 JavaThread "Unconstrained build operations Thread 41" [_thread_blocked, id=7912, stack(0x000000e90ef00000,0x000000e90f000000)]
  0x000002038b265000 JavaThread "Unconstrained build operations Thread 42" [_thread_blocked, id=13092, stack(0x000000e90f000000,0x000000e90f100000)]
  0x000002038b26a000 JavaThread "Unconstrained build operations Thread 43" [_thread_blocked, id=2624, stack(0x000000e90f100000,0x000000e90f200000)]
  0x000002038b264800 JavaThread "Unconstrained build operations Thread 44" [_thread_blocked, id=11504, stack(0x000000e90f200000,0x000000e90f300000)]
  0x000002038b26e000 JavaThread "Unconstrained build operations Thread 45" [_thread_blocked, id=10356, stack(0x000000e90f300000,0x000000e90f400000)]
  0x000002038b26f000 JavaThread "Unconstrained build operations Thread 46" [_thread_blocked, id=8448, stack(0x000000e90f400000,0x000000e90f500000)]
  0x000002038b270800 JavaThread "Unconstrained build operations Thread 47" [_thread_blocked, id=9660, stack(0x000000e90f500000,0x000000e90f600000)]
  0x000002038b26f800 JavaThread "Unconstrained build operations Thread 48" [_thread_blocked, id=10508, stack(0x000000e90f600000,0x000000e90f700000)]
  0x000002038b26b000 JavaThread "Unconstrained build operations Thread 49" [_thread_blocked, id=4944, stack(0x000000e90f700000,0x000000e90f800000)]
  0x000002038b271800 JavaThread "Unconstrained build operations Thread 50" [_thread_blocked, id=2408, stack(0x000000e90f800000,0x000000e90f900000)]
  0x000002038b26b800 JavaThread "Unconstrained build operations Thread 51" [_thread_blocked, id=6112, stack(0x000000e90f900000,0x000000e90fa00000)]
  0x000002038b272000 JavaThread "Unconstrained build operations Thread 52" [_thread_blocked, id=9552, stack(0x000000e90fa00000,0x000000e90fb00000)]
  0x000002038b26c800 JavaThread "Unconstrained build operations Thread 53" [_thread_blocked, id=8128, stack(0x000000e90fb00000,0x000000e90fc00000)]
  0x000002038b273000 JavaThread "Unconstrained build operations Thread 54" [_thread_blocked, id=12916, stack(0x000000e90fc00000,0x000000e90fd00000)]
  0x000002038b26d000 JavaThread "Unconstrained build operations Thread 55" [_thread_blocked, id=4852, stack(0x000000e90fd00000,0x000000e90fe00000)]
  0x000002038c0b9000 JavaThread "Unconstrained build operations Thread 56" [_thread_blocked, id=8704, stack(0x000000e90fe00000,0x000000e90ff00000)]
  0x000002038c0bd000 JavaThread "Unconstrained build operations Thread 57" [_thread_blocked, id=13752, stack(0x000000e90ff00000,0x000000e910000000)]
  0x000002038c0bd800 JavaThread "Unconstrained build operations Thread 58" [_thread_blocked, id=11292, stack(0x000000e910000000,0x000000e910100000)]
  0x000002038c0ba800 JavaThread "Unconstrained build operations Thread 59" [_thread_blocked, id=9372, stack(0x000000e910100000,0x000000e910200000)]
  0x000002038c0be800 JavaThread "Unconstrained build operations Thread 60" [_thread_blocked, id=6712, stack(0x000000e910200000,0x000000e910300000)]
  0x000002038c0bf800 JavaThread "Unconstrained build operations Thread 61" [_thread_blocked, id=8860, stack(0x000000e910300000,0x000000e910400000)]
  0x000002038c0b9800 JavaThread "Unconstrained build operations Thread 62" [_thread_blocked, id=9956, stack(0x000000e910400000,0x000000e910500000)]
  0x000002038c0bc000 JavaThread "Unconstrained build operations Thread 63" [_thread_blocked, id=9692, stack(0x000000e910500000,0x000000e910600000)]
  0x000002038c0c0000 JavaThread "Unconstrained build operations Thread 64" [_thread_blocked, id=13644, stack(0x000000e910600000,0x000000e910700000)]
  0x000002038c0c1000 JavaThread "Unconstrained build operations Thread 65" [_thread_blocked, id=7456, stack(0x000000e910700000,0x000000e910800000)]
  0x000002038c0bb000 JavaThread "Unconstrained build operations Thread 66" [_thread_blocked, id=7220, stack(0x000000e910800000,0x000000e910900000)]
  0x000002038c0c2800 JavaThread "Unconstrained build operations Thread 67" [_thread_blocked, id=4280, stack(0x000000e910900000,0x000000e910a00000)]
  0x000002038c0c6000 JavaThread "Unconstrained build operations Thread 68" [_thread_blocked, id=8612, stack(0x000000e910a00000,0x000000e910b00000)]
  0x000002038c0c4000 JavaThread "Unconstrained build operations Thread 69" [_thread_blocked, id=6544, stack(0x000000e910b00000,0x000000e910c00000)]
  0x000002038c0c3800 JavaThread "Unconstrained build operations Thread 70" [_thread_blocked, id=1320, stack(0x000000e910c00000,0x000000e910d00000)]
  0x000002038c0c5000 JavaThread "Unconstrained build operations Thread 71" [_thread_blocked, id=2700, stack(0x000000e910d00000,0x000000e910e00000)]
  0x000002038c0c6800 JavaThread "Unconstrained build operations Thread 72" [_thread_blocked, id=7892, stack(0x000000e910e00000,0x000000e910f00000)]
  0x000002038c0c7800 JavaThread "Unconstrained build operations Thread 73" [_thread_blocked, id=4420, stack(0x000000e910f00000,0x000000e911000000)]
  0x000002038c0c2000 JavaThread "Unconstrained build operations Thread 74" [_thread_blocked, id=8596, stack(0x000000e911000000,0x000000e911100000)]
  0x00000203886c0000 JavaThread "Unconstrained build operations Thread 75" [_thread_blocked, id=9700, stack(0x000000e911100000,0x000000e911200000)]
  0x00000203886c4000 JavaThread "Unconstrained build operations Thread 76" [_thread_blocked, id=1340, stack(0x000000e911200000,0x000000e911300000)]
  0x00000203886c1000 JavaThread "Unconstrained build operations Thread 77" [_thread_blocked, id=5384, stack(0x000000e911300000,0x000000e911400000)]
  0x00000203886c5000 JavaThread "Unconstrained build operations Thread 78" [_thread_blocked, id=13652, stack(0x000000e911400000,0x000000e911500000)]
  0x00000203886c1800 JavaThread "Unconstrained build operations Thread 79" [_thread_blocked, id=11888, stack(0x000000e911500000,0x000000e911600000)]
  0x00000203886c6800 JavaThread "Unconstrained build operations Thread 80" [_thread_blocked, id=13988, stack(0x000000e911600000,0x000000e911700000)]
  0x00000203886c6000 JavaThread "build event listener" [_thread_blocked, id=6396, stack(0x000000e911700000,0x000000e911800000)]
  0x00000203886c2800 JavaThread "build event listener" [_thread_blocked, id=14156, stack(0x000000e911800000,0x000000e911900000)]
  0x00000203886c8000 JavaThread "included builds" [_thread_blocked, id=5476, stack(0x000000e911e00000,0x000000e911f00000)]
  0x00000203886c9000 JavaThread "Execution worker for ':'" [_thread_blocked, id=11800, stack(0x000000e911f00000,0x000000e912000000)]
  0x00000203886c3800 JavaThread "Execution worker for ':' Thread 2" [_thread_blocked, id=7208, stack(0x000000e912100000,0x000000e912200000)]
  0x00000203886ce000 JavaThread "Execution worker for ':' Thread 3" [_thread_blocked, id=12904, stack(0x000000e912200000,0x000000e912300000)]
  0x00000203886ca000 JavaThread "Execution worker for ':' Thread 4" [_thread_blocked, id=5712, stack(0x000000e912300000,0x000000e912400000)]
  0x00000203886cd000 JavaThread "Execution worker for ':' Thread 5" [_thread_in_native, id=7120, stack(0x000000e912400000,0x000000e912500000)]
  0x00000203886cf000 JavaThread "Execution worker for ':' Thread 6" [_thread_blocked, id=5148, stack(0x000000e912500000,0x000000e912600000)]
  0x00000203886ca800 JavaThread "Execution worker for ':' Thread 7" [_thread_blocked, id=7412, stack(0x000000e912600000,0x000000e912700000)]
  0x00000203886cb800 JavaThread "Cache worker for execution history cache (D:\sonalika apk\sonalikaM23 09 22\.gradle\7.4\executionHistory)" [_thread_blocked, id=13416, stack(0x000000e912700000,0x000000e912800000)]
  0x00000203886cc800 JavaThread "WorkerExecutor Queue" [_thread_blocked, id=7832, stack(0x000000e912800000,0x000000e912900000)]
  0x000002038d1da800 JavaThread "WorkerExecutor Queue Thread 2" [_thread_blocked, id=9164, stack(0x000000e912900000,0x000000e912a00000)]
  0x000002038d1db000 JavaThread "WorkerExecutor Queue Thread 3" [_thread_blocked, id=11364, stack(0x000000e912a00000,0x000000e912b00000)]
  0x000002038d1dc000 JavaThread "WorkerExecutor Queue Thread 4" [_thread_blocked, id=8320, stack(0x000000e912b00000,0x000000e912c00000)]
  0x000002038d1dd000 JavaThread "WorkerExecutor Queue Thread 6" [_thread_blocked, id=3324, stack(0x000000e912d00000,0x000000e912e00000)]
  0x000002038d1d9000 JavaThread "WorkerExecutor Queue Thread 7" [_thread_blocked, id=12928, stack(0x000000e912e00000,0x000000e912f00000)]
  0x000002038d1d7000 JavaThread "WorkerExecutor Queue Thread 8" [_thread_blocked, id=13120, stack(0x000000e912f00000,0x000000e913000000)]
  0x000002038d1dd800 JavaThread "Java2D Disposer" daemon [_thread_blocked, id=14196, stack(0x000000e913300000,0x000000e913400000)]
  0x000002038d1d8000 JavaThread "WorkerExecutor Queue Thread 9" [_thread_blocked, id=2588, stack(0x000000e913400000,0x000000e913500000)]

Other Threads:
  0x00000203ffc71800 VMThread "VM Thread" [stack: 0x000000e909c00000,0x000000e909d00000] [id=12064]
  0x0000020382968800 WatcherThread [stack: 0x000000e90a600000,0x000000e90a700000] [id=10648]
  0x00000203e8b54800 GCTaskThread "GC Thread#0" [stack: 0x000000e909700000,0x000000e909800000] [id=8396]
  0x0000020383495000 GCTaskThread "GC Thread#1" [stack: 0x000000e90a700000,0x000000e90a800000] [id=11408]
  0x0000020384973000 GCTaskThread "GC Thread#2" [stack: 0x000000e90b200000,0x000000e90b300000] [id=13980]
  0x0000020384238800 GCTaskThread "GC Thread#3" [stack: 0x000000e90b300000,0x000000e90b400000] [id=7604]
  0x0000020384887000 GCTaskThread "GC Thread#4" [stack: 0x000000e90b400000,0x000000e90b500000] [id=12120]
  0x0000020383d11000 GCTaskThread "GC Thread#5" [stack: 0x000000e90b500000,0x000000e90b600000] [id=13152]
  0x00000203834b4800 GCTaskThread "GC Thread#6" [stack: 0x000000e90b600000,0x000000e90b700000] [id=8100]
  0x000002038466a000 GCTaskThread "GC Thread#7" [stack: 0x000000e90b700000,0x000000e90b800000] [id=8920]
  0x00000203e8b7d000 ConcurrentGCThread "G1 Main Marker" [stack: 0x000000e909800000,0x000000e909900000] [id=8412]
  0x00000203e8b7f000 ConcurrentGCThread "G1 Conc#0" [stack: 0x000000e909900000,0x000000e909a00000] [id=5380]
  0x0000020384d45800 ConcurrentGCThread "G1 Conc#1" [stack: 0x000000e90bb00000,0x000000e90bc00000] [id=32]
  0x00000203e8beb800 ConcurrentGCThread "G1 Refine#0" [stack: 0x000000e909a00000,0x000000e909b00000] [id=1524]
  0x0000020384a18000 ConcurrentGCThread "G1 Refine#1" [stack: 0x000000e90c100000,0x000000e90c200000] [id=5588]
  0x00000203e8bec800 ConcurrentGCThread "G1 Young RemSet Sampling" [stack: 0x000000e909b00000,0x000000e909c00000] [id=12072]

Threads with active compile tasks:
C2 CompilerThread04421932 19171   !   4       org.apache.xerces.parsers.AbstractSAXParser::startElement (318 bytes)
C1 CompilerThread04421932 19583       2       com.squareup.javapoet.FieldSpec::<init> (102 bytes)

VM state:not at safepoint (normal execution)

VM Mutex/Monitor currently owned by a thread: None

Heap address: 0x00000000a0000000, size: 1536 MB, Compressed Oops mode: 32-bit
Narrow klass base: 0x0000000000000000, Narrow klass shift: 3
Compressed class space size: 1073741824 Address: 0x0000000100000000

Heap:
 garbage-first heap   total 282624K, used 190188K [0x00000000a0000000, 0x0000000100000000)
  region size 1024K, 86 young (88064K), 3 survivors (3072K)
 Metaspace       used 115728K, capacity 118279K, committed 118480K, reserved 1153024K
  class space    used 13953K, capacity 14912K, committed 14976K, reserved 1048576K
Heap Regions: E=young(eden), S=young(survivor), O=old, HS=humongous(starts), HC=humongous(continues), CS=collection set, F=free, A=archive, TAMS=top-at-mark-start (previous, next)
|   0|0x00000000a0000000, 0x00000000a0100000, 0x00000000a0100000|100%| O|  |TAMS 0x00000000a0100000, 0x00000000a0000000| Complete 
|   1|0x00000000a0100000, 0x00000000a0200000, 0x00000000a0200000|100%| O|  |TAMS 0x00000000a0200000, 0x00000000a0100000| Untracked 
|   2|0x00000000a0200000, 0x00000000a0300000, 0x00000000a0300000|100%| O|  |TAMS 0x00000000a0300000, 0x00000000a0200000| Untracked 
|   3|0x00000000a0300000, 0x00000000a0400000, 0x00000000a0400000|100%|HS|  |TAMS 0x00000000a0400000, 0x00000000a0300000| Complete 
|   4|0x00000000a0400000, 0x00000000a0500000, 0x00000000a0500000|100%|HC|  |TAMS 0x00000000a0500000, 0x00000000a0400000| Complete 
|   5|0x00000000a0500000, 0x00000000a0600000, 0x00000000a0600000|100%|HC|  |TAMS 0x00000000a0600000, 0x00000000a0500000| Complete 
|   6|0x00000000a0600000, 0x00000000a0700000, 0x00000000a0700000|100%| O|  |TAMS 0x00000000a0700000, 0x00000000a0600000| Untracked 
|   7|0x00000000a0700000, 0x00000000a0800000, 0x00000000a0800000|100%| O|  |TAMS 0x00000000a0800000, 0x00000000a0700000| Untracked 
|   8|0x00000000a0800000, 0x00000000a0900000, 0x00000000a0900000|100%| O|  |TAMS 0x00000000a0900000, 0x00000000a0800000| Untracked 
|   9|0x00000000a0900000, 0x00000000a0a00000, 0x00000000a0a00000|100%| O|  |TAMS 0x00000000a0a00000, 0x00000000a0900000| Untracked 
|  10|0x00000000a0a00000, 0x00000000a0b00000, 0x00000000a0b00000|100%| O|  |TAMS 0x00000000a0b00000, 0x00000000a0a00000| Untracked 
|  11|0x00000000a0b00000, 0x00000000a0c00000, 0x00000000a0c00000|100%| O|  |TAMS 0x00000000a0c00000, 0x00000000a0b00000| Complete 
|  12|0x00000000a0c00000, 0x00000000a0d00000, 0x00000000a0d00000|100%| O|  |TAMS 0x00000000a0d00000, 0x00000000a0c00000| Untracked 
|  13|0x00000000a0d00000, 0x00000000a0e00000, 0x00000000a0e00000|100%| O|  |TAMS 0x00000000a0e00000, 0x00000000a0d00000| Untracked 
|  14|0x00000000a0e00000, 0x00000000a0f00000, 0x00000000a0f00000|100%| O|  |TAMS 0x00000000a0f00000, 0x00000000a0e00000| Untracked 
|  15|0x00000000a0f00000, 0x00000000a1000000, 0x00000000a1000000|100%| O|  |TAMS 0x00000000a1000000, 0x00000000a0f00000| Complete 
|  16|0x00000000a1000000, 0x00000000a1100000, 0x00000000a1100000|100%| O|  |TAMS 0x00000000a1100000, 0x00000000a1000000| Complete 
|  17|0x00000000a1100000, 0x00000000a1200000, 0x00000000a1200000|100%| O|  |TAMS 0x00000000a1200000, 0x00000000a1100000| Complete 
|  18|0x00000000a1200000, 0x00000000a1300000, 0x00000000a1300000|100%| O|  |TAMS 0x00000000a1300000, 0x00000000a1200000| Complete 
|  19|0x00000000a1300000, 0x00000000a1400000, 0x00000000a1400000|100%| O|  |TAMS 0x00000000a1400000, 0x00000000a1300000| Complete 
|  20|0x00000000a1400000, 0x00000000a1500000, 0x00000000a1500000|100%| O|  |TAMS 0x00000000a1500000, 0x00000000a1400000| Complete 
|  21|0x00000000a1500000, 0x00000000a1600000, 0x00000000a1600000|100%| O|  |TAMS 0x00000000a1600000, 0x00000000a1500000| Complete 
|  22|0x00000000a1600000, 0x00000000a1700000, 0x00000000a1700000|100%| O|  |TAMS 0x00000000a1700000, 0x00000000a1600000| Complete 
|  23|0x00000000a1700000, 0x00000000a1800000, 0x00000000a1800000|100%| O|  |TAMS 0x00000000a1800000, 0x00000000a1700000| Complete 
|  24|0x00000000a1800000, 0x00000000a1900000, 0x00000000a1900000|100%| O|  |TAMS 0x00000000a1900000, 0x00000000a1800000| Untracked 
|  25|0x00000000a1900000, 0x00000000a1a00000, 0x00000000a1a00000|100%| O|  |TAMS 0x00000000a1a00000, 0x00000000a1900000| Untracked 
|  26|0x00000000a1a00000, 0x00000000a1b00000, 0x00000000a1b00000|100%| O|  |TAMS 0x00000000a1b00000, 0x00000000a1a00000| Complete 
|  27|0x00000000a1b00000, 0x00000000a1c00000, 0x00000000a1c00000|100%| O|  |TAMS 0x00000000a1c00000, 0x00000000a1b00000| Untracked 
|  28|0x00000000a1c00000, 0x00000000a1d00000, 0x00000000a1d00000|100%| O|  |TAMS 0x00000000a1d00000, 0x00000000a1c00000| Untracked 
|  29|0x00000000a1d00000, 0x00000000a1e00000, 0x00000000a1e00000|100%|HS|  |TAMS 0x00000000a1e00000, 0x00000000a1d00000| Complete 
|  30|0x00000000a1e00000, 0x00000000a1f00000, 0x00000000a1f00000|100%|HS|  |TAMS 0x00000000a1f00000, 0x00000000a1e00000| Complete 
|  31|0x00000000a1f00000, 0x00000000a2000000, 0x00000000a2000000|100%|HS|  |TAMS 0x00000000a2000000, 0x00000000a1f00000| Complete 
|  32|0x00000000a2000000, 0x00000000a2100000, 0x00000000a2100000|100%| O|  |TAMS 0x00000000a2100000, 0x00000000a2000000| Untracked 
|  33|0x00000000a2100000, 0x00000000a2200000, 0x00000000a2200000|100%| O|  |TAMS 0x00000000a2200000, 0x00000000a2100000| Untracked 
|  34|0x00000000a2200000, 0x00000000a2300000, 0x00000000a2300000|100%| O|  |TAMS 0x00000000a2300000, 0x00000000a2200000| Complete 
|  35|0x00000000a2300000, 0x00000000a2400000, 0x00000000a2400000|100%| O|  |TAMS 0x00000000a2400000, 0x00000000a2300000| Complete 
|  36|0x00000000a2400000, 0x00000000a2500000, 0x00000000a2500000|100%|HS|  |TAMS 0x00000000a2500000, 0x00000000a2400000| Complete 
|  37|0x00000000a2500000, 0x00000000a2600000, 0x00000000a2600000|100%|HC|  |TAMS 0x00000000a2600000, 0x00000000a2500000| Complete 
|  38|0x00000000a2600000, 0x00000000a2700000, 0x00000000a2700000|100%|HC|  |TAMS 0x00000000a2700000, 0x00000000a2600000| Complete 
|  39|0x00000000a2700000, 0x00000000a2800000, 0x00000000a2800000|100%| O|  |TAMS 0x00000000a2800000, 0x00000000a2700000| Untracked 
|  40|0x00000000a2800000, 0x00000000a2900000, 0x00000000a2900000|100%| O|  |TAMS 0x00000000a2900000, 0x00000000a2800000| Untracked 
|  41|0x00000000a2900000, 0x00000000a2a00000, 0x00000000a2a00000|100%| O|  |TAMS 0x00000000a2a00000, 0x00000000a2900000| Untracked 
|  42|0x00000000a2a00000, 0x00000000a2b00000, 0x00000000a2b00000|100%| O|  |TAMS 0x00000000a2b00000, 0x00000000a2a00000| Complete 
|  43|0x00000000a2b00000, 0x00000000a2c00000, 0x00000000a2c00000|100%|HS|  |TAMS 0x00000000a2c00000, 0x00000000a2b00000| Complete 
|  44|0x00000000a2c00000, 0x00000000a2d00000, 0x00000000a2d00000|100%|HC|  |TAMS 0x00000000a2d00000, 0x00000000a2c00000| Complete 
|  45|0x00000000a2d00000, 0x00000000a2e00000, 0x00000000a2e00000|100%|HS|  |TAMS 0x00000000a2d00000, 0x00000000a2d00000| Complete 
|  46|0x00000000a2e00000, 0x00000000a2f00000, 0x00000000a2f00000|100%| O|  |TAMS 0x00000000a2f00000, 0x00000000a2e00000| Complete 
|  47|0x00000000a2f00000, 0x00000000a3000000, 0x00000000a3000000|100%| O|  |TAMS 0x00000000a3000000, 0x00000000a2f00000| Untracked 
|  48|0x00000000a3000000, 0x00000000a3100000, 0x00000000a3100000|100%| O|  |TAMS 0x00000000a3100000, 0x00000000a3000000| Complete 
|  49|0x00000000a3100000, 0x00000000a3200000, 0x00000000a3200000|100%| O|  |TAMS 0x00000000a3200000, 0x00000000a3100000| Complete 
|  50|0x00000000a3200000, 0x00000000a3300000, 0x00000000a3300000|100%| O|  |TAMS 0x00000000a3300000, 0x00000000a3200000| Complete 
|  51|0x00000000a3300000, 0x00000000a3400000, 0x00000000a3400000|100%| O|  |TAMS 0x00000000a3400000, 0x00000000a3300000| Untracked 
|  52|0x00000000a3400000, 0x00000000a3500000, 0x00000000a3500000|100%| O|  |TAMS 0x00000000a3500000, 0x00000000a3400000| Untracked 
|  53|0x00000000a3500000, 0x00000000a3600000, 0x00000000a3600000|100%| O|  |TAMS 0x00000000a3600000, 0x00000000a3500000| Complete 
|  54|0x00000000a3600000, 0x00000000a3700000, 0x00000000a3700000|100%| O|  |TAMS 0x00000000a3700000, 0x00000000a3600000| Untracked 
|  55|0x00000000a3700000, 0x00000000a3800000, 0x00000000a3800000|100%| O|  |TAMS 0x00000000a3800000, 0x00000000a3700000| Untracked 
|  56|0x00000000a3800000, 0x00000000a3900000, 0x00000000a3900000|100%| O|  |TAMS 0x00000000a3900000, 0x00000000a3800000| Untracked 
|  57|0x00000000a3900000, 0x00000000a3a00000, 0x00000000a3a00000|100%| O|  |TAMS 0x00000000a3a00000, 0x00000000a3900000| Untracked 
|  58|0x00000000a3a00000, 0x00000000a3b00000, 0x00000000a3b00000|100%| O|  |TAMS 0x00000000a3b00000, 0x00000000a3a00000| Untracked 
|  59|0x00000000a3b00000, 0x00000000a3c00000, 0x00000000a3c00000|100%| O|  |TAMS 0x00000000a3c00000, 0x00000000a3b00000| Untracked 
|  60|0x00000000a3c00000, 0x00000000a3d00000, 0x00000000a3d00000|100%| O|  |TAMS 0x00000000a3d00000, 0x00000000a3c00000| Complete 
|  61|0x00000000a3d00000, 0x00000000a3e00000, 0x00000000a3e00000|100%| O|  |TAMS 0x00000000a3e00000, 0x00000000a3d00000| Complete 
|  62|0x00000000a3e00000, 0x00000000a3f00000, 0x00000000a3f00000|100%| O|  |TAMS 0x00000000a3f00000, 0x00000000a3e00000| Complete 
|  63|0x00000000a3f00000, 0x00000000a4000000, 0x00000000a4000000|100%| O|  |TAMS 0x00000000a4000000, 0x00000000a3f00000| Untracked 
|  64|0x00000000a4000000, 0x00000000a4100000, 0x00000000a4100000|100%| O|  |TAMS 0x00000000a4100000, 0x00000000a4000000| Untracked 
|  65|0x00000000a4100000, 0x00000000a4200000, 0x00000000a4200000|100%| O|  |TAMS 0x00000000a4200000, 0x00000000a4100000| Untracked 
|  66|0x00000000a4200000, 0x00000000a4300000, 0x00000000a4300000|100%| O|  |TAMS 0x00000000a4300000, 0x00000000a4200000| Untracked 
|  67|0x00000000a4300000, 0x00000000a4400000, 0x00000000a4400000|100%| O|  |TAMS 0x00000000a4400000, 0x00000000a4300000| Complete 
|  68|0x00000000a4400000, 0x00000000a4500000, 0x00000000a4500000|100%| O|  |TAMS 0x00000000a4500000, 0x00000000a4400000| Complete 
|  69|0x00000000a4500000, 0x00000000a4600000, 0x00000000a4600000|100%| O|  |TAMS 0x00000000a4600000, 0x00000000a4500000| Complete 
|  70|0x00000000a4600000, 0x00000000a4700000, 0x00000000a4700000|100%| O|  |TAMS 0x00000000a4700000, 0x00000000a4600000| Untracked 
|  71|0x00000000a4700000, 0x00000000a4800000, 0x00000000a4800000|100%| O|  |TAMS 0x00000000a4800000, 0x00000000a4700000| Untracked 
|  72|0x00000000a4800000, 0x00000000a4900000, 0x00000000a4900000|100%| O|  |TAMS 0x00000000a4900000, 0x00000000a4800000| Untracked 
|  73|0x00000000a4900000, 0x00000000a4a00000, 0x00000000a4a00000|100%| O|  |TAMS 0x00000000a4a00000, 0x00000000a4900000| Untracked 
|  74|0x00000000a4a00000, 0x00000000a4b00000, 0x00000000a4b00000|100%| O|  |TAMS 0x00000000a4b00000, 0x00000000a4a00000| Untracked 
|  75|0x00000000a4b00000, 0x00000000a4c00000, 0x00000000a4c00000|100%| O|  |TAMS 0x00000000a4c00000, 0x00000000a4b00000| Untracked 
|  76|0x00000000a4c00000, 0x00000000a4d00000, 0x00000000a4d00000|100%| O|  |TAMS 0x00000000a4d00000, 0x00000000a4c00000| Untracked 
|  77|0x00000000a4d00000, 0x00000000a4e00000, 0x00000000a4e00000|100%| O|  |TAMS 0x00000000a4e00000, 0x00000000a4d00000| Untracked 
|  78|0x00000000a4e00000, 0x00000000a4f00000, 0x00000000a4f00000|100%| O|  |TAMS 0x00000000a4f00000, 0x00000000a4e00000| Untracked 
|  79|0x00000000a4f00000, 0x00000000a5000000, 0x00000000a5000000|100%|HS|  |TAMS 0x00000000a4f00000, 0x00000000a4f00000| Complete 
|  80|0x00000000a5000000, 0x00000000a5100000, 0x00000000a5100000|100%| O|  |TAMS 0x00000000a5100000, 0x00000000a5000000| Complete 
|  81|0x00000000a5100000, 0x00000000a5200000, 0x00000000a5200000|100%| O|  |TAMS 0x00000000a5200000, 0x00000000a5100000| Complete 
|  82|0x00000000a5200000, 0x00000000a5300000, 0x00000000a5300000|100%| O|  |TAMS 0x00000000a5300000, 0x00000000a5200000| Complete 
|  83|0x00000000a5300000, 0x00000000a5400000, 0x00000000a5400000|100%| O|  |TAMS 0x00000000a5400000, 0x00000000a5300000| Complete 
|  84|0x00000000a5400000, 0x00000000a5500000, 0x00000000a5500000|100%| O|  |TAMS 0x00000000a5500000, 0x00000000a5400000| Complete 
|  85|0x00000000a5500000, 0x00000000a5600000, 0x00000000a5600000|100%| O|  |TAMS 0x00000000a5600000, 0x00000000a5500000| Complete 
|  86|0x00000000a5600000, 0x00000000a5700000, 0x00000000a5700000|100%| O|  |TAMS 0x00000000a5700000, 0x00000000a5600000| Complete 
|  87|0x00000000a5700000, 0x00000000a5700000, 0x00000000a5800000|  0%| F|  |TAMS 0x00000000a5700000, 0x00000000a5700000| Untracked 
|  88|0x00000000a5800000, 0x00000000a5900000, 0x00000000a5900000|100%| O|  |TAMS 0x00000000a5900000, 0x00000000a5800000| Complete 
|  89|0x00000000a5900000, 0x00000000a5900000, 0x00000000a5a00000|  0%| F|  |TAMS 0x00000000a5900000, 0x00000000a5900000| Untracked 
|  90|0x00000000a5a00000, 0x00000000a5a00000, 0x00000000a5b00000|  0%| F|  |TAMS 0x00000000a5a00000, 0x00000000a5a00000| Untracked 
|  91|0x00000000a5b00000, 0x00000000a5b00000, 0x00000000a5c00000|  0%| F|  |TAMS 0x00000000a5b00000, 0x00000000a5b00000| Untracked 
|  92|0x00000000a5c00000, 0x00000000a5d00000, 0x00000000a5d00000|100%| O|  |TAMS 0x00000000a5d00000, 0x00000000a5c00000| Complete 
|  93|0x00000000a5d00000, 0x00000000a5d00000, 0x00000000a5e00000|  0%| F|  |TAMS 0x00000000a5d00000, 0x00000000a5d00000| Untracked 
|  94|0x00000000a5e00000, 0x00000000a5e00000, 0x00000000a5f00000|  0%| F|  |TAMS 0x00000000a5e00000, 0x00000000a5e00000| Untracked 
|  95|0x00000000a5f00000, 0x00000000a6000000, 0x00000000a6000000|100%| O|  |TAMS 0x00000000a6000000, 0x00000000a5f00000| Complete 
|  96|0x00000000a6000000, 0x00000000a6100000, 0x00000000a6100000|100%| O|  |TAMS 0x00000000a6100000, 0x00000000a6000000| Complete 
|  97|0x00000000a6100000, 0x00000000a6200000, 0x00000000a6200000|100%| O|  |TAMS 0x00000000a6200000, 0x00000000a6100000| Complete 
|  98|0x00000000a6200000, 0x00000000a6300000, 0x00000000a6300000|100%| O|  |TAMS 0x00000000a6300000, 0x00000000a6200000| Complete 
|  99|0x00000000a6300000, 0x00000000a6400000, 0x00000000a6400000|100%| O|  |TAMS 0x00000000a6400000, 0x00000000a6300000| Complete 
| 100|0x00000000a6400000, 0x00000000a6400000, 0x00000000a6500000|  0%| F|  |TAMS 0x00000000a6400000, 0x00000000a6400000| Untracked 
| 101|0x00000000a6500000, 0x00000000a6600000, 0x00000000a6600000|100%| O|  |TAMS 0x00000000a6600000, 0x00000000a6500000| Complete 
| 102|0x00000000a6600000, 0x00000000a6700000, 0x00000000a6700000|100%| O|  |TAMS 0x00000000a6700000, 0x00000000a6600000| Complete 
| 103|0x00000000a6700000, 0x00000000a6800000, 0x00000000a6800000|100%| O|  |TAMS 0x00000000a6800000, 0x00000000a6700000| Complete 
| 104|0x00000000a6800000, 0x00000000a6900000, 0x00000000a6900000|100%| O|  |TAMS 0x00000000a6900000, 0x00000000a6800000| Complete 
| 105|0x00000000a6900000, 0x00000000a6936c00, 0x00000000a6a00000| 21%| O|  |TAMS 0x00000000a6936c00, 0x00000000a6900000| Untracked 
| 106|0x00000000a6a00000, 0x00000000a6a00000, 0x00000000a6b00000|  0%| F|  |TAMS 0x00000000a6a00000, 0x00000000a6a00000| Untracked 
| 107|0x00000000a6b00000, 0x00000000a6c00000, 0x00000000a6c00000|100%| O|  |TAMS 0x00000000a6c00000, 0x00000000a6b00000| Complete 
| 108|0x00000000a6c00000, 0x00000000a6d00000, 0x00000000a6d00000|100%| O|  |TAMS 0x00000000a6d00000, 0x00000000a6c00000| Complete 
| 109|0x00000000a6d00000, 0x00000000a6d00000, 0x00000000a6e00000|  0%| F|  |TAMS 0x00000000a6d00000, 0x00000000a6d00000| Untracked 
| 110|0x00000000a6e00000, 0x00000000a6e00000, 0x00000000a6f00000|  0%| F|  |TAMS 0x00000000a6e00000, 0x00000000a6e00000| Untracked 
| 111|0x00000000a6f00000, 0x00000000a6f00000, 0x00000000a7000000|  0%| F|  |TAMS 0x00000000a6f00000, 0x00000000a6f00000| Untracked 
| 112|0x00000000a7000000, 0x00000000a7000000, 0x00000000a7100000|  0%| F|  |TAMS 0x00000000a7000000, 0x00000000a7000000| Untracked 
| 113|0x00000000a7100000, 0x00000000a7100000, 0x00000000a7200000|  0%| F|  |TAMS 0x00000000a7100000, 0x00000000a7100000| Untracked 
| 114|0x00000000a7200000, 0x00000000a7200000, 0x00000000a7300000|  0%| F|  |TAMS 0x00000000a7200000, 0x00000000a7200000| Untracked 
| 115|0x00000000a7300000, 0x00000000a7300000, 0x00000000a7400000|  0%| F|  |TAMS 0x00000000a7300000, 0x00000000a7300000| Untracked 
| 116|0x00000000a7400000, 0x00000000a7400000, 0x00000000a7500000|  0%| F|  |TAMS 0x00000000a7400000, 0x00000000a7400000| Untracked 
| 117|0x00000000a7500000, 0x00000000a7500000, 0x00000000a7600000|  0%| F|  |TAMS 0x00000000a7500000, 0x00000000a7500000| Untracked 
| 118|0x00000000a7600000, 0x00000000a7600000, 0x00000000a7700000|  0%| F|  |TAMS 0x00000000a7600000, 0x00000000a7600000| Untracked 
| 119|0x00000000a7700000, 0x00000000a7700000, 0x00000000a7800000|  0%| F|  |TAMS 0x00000000a7700000, 0x00000000a7700000| Untracked 
| 120|0x00000000a7800000, 0x00000000a7800000, 0x00000000a7900000|  0%| F|  |TAMS 0x00000000a7800000, 0x00000000a7800000| Untracked 
| 121|0x00000000a7900000, 0x00000000a7900000, 0x00000000a7a00000|  0%| F|  |TAMS 0x00000000a7900000, 0x00000000a7900000| Untracked 
| 122|0x00000000a7a00000, 0x00000000a7b00000, 0x00000000a7b00000|100%| O|  |TAMS 0x00000000a7b00000, 0x00000000a7a00000| Complete 
| 123|0x00000000a7b00000, 0x00000000a7b00000, 0x00000000a7c00000|  0%| F|  |TAMS 0x00000000a7b00000, 0x00000000a7b00000| Untracked 
| 124|0x00000000a7c00000, 0x00000000a7c00000, 0x00000000a7d00000|  0%| F|  |TAMS 0x00000000a7c00000, 0x00000000a7c00000| Untracked 
| 125|0x00000000a7d00000, 0x00000000a7d00000, 0x00000000a7e00000|  0%| F|  |TAMS 0x00000000a7d00000, 0x00000000a7d00000| Untracked 
| 126|0x00000000a7e00000, 0x00000000a7e00000, 0x00000000a7f00000|  0%| F|  |TAMS 0x00000000a7e00000, 0x00000000a7e00000| Untracked 
| 127|0x00000000a7f00000, 0x00000000a7f00000, 0x00000000a8000000|  0%| F|  |TAMS 0x00000000a7f00000, 0x00000000a7f00000| Untracked 
| 128|0x00000000a8000000, 0x00000000a8000000, 0x00000000a8100000|  0%| F|  |TAMS 0x00000000a8000000, 0x00000000a8000000| Untracked 
| 129|0x00000000a8100000, 0x00000000a8100000, 0x00000000a8200000|  0%| F|  |TAMS 0x00000000a8100000, 0x00000000a8100000| Untracked 
| 130|0x00000000a8200000, 0x00000000a8200000, 0x00000000a8300000|  0%| F|  |TAMS 0x00000000a8200000, 0x00000000a8200000| Untracked 
| 131|0x00000000a8300000, 0x00000000a8300000, 0x00000000a8400000|  0%| F|  |TAMS 0x00000000a8300000, 0x00000000a8300000| Untracked 
| 132|0x00000000a8400000, 0x00000000a8400000, 0x00000000a8500000|  0%| F|  |TAMS 0x00000000a8400000, 0x00000000a8400000| Untracked 
| 133|0x00000000a8500000, 0x00000000a8500000, 0x00000000a8600000|  0%| F|  |TAMS 0x00000000a8500000, 0x00000000a8500000| Untracked 
| 134|0x00000000a8600000, 0x00000000a8600000, 0x00000000a8700000|  0%| F|  |TAMS 0x00000000a8600000, 0x00000000a8600000| Untracked 
| 135|0x00000000a8700000, 0x00000000a8700000, 0x00000000a8800000|  0%| F|  |TAMS 0x00000000a8700000, 0x00000000a8700000| Untracked 
| 136|0x00000000a8800000, 0x00000000a8800000, 0x00000000a8900000|  0%| F|  |TAMS 0x00000000a8800000, 0x00000000a8800000| Untracked 
| 137|0x00000000a8900000, 0x00000000a8900000, 0x00000000a8a00000|  0%| F|  |TAMS 0x00000000a8900000, 0x00000000a8900000| Untracked 
| 138|0x00000000a8a00000, 0x00000000a8a00000, 0x00000000a8b00000|  0%| F|  |TAMS 0x00000000a8a00000, 0x00000000a8a00000| Untracked 
| 139|0x00000000a8b00000, 0x00000000a8b00000, 0x00000000a8c00000|  0%| F|  |TAMS 0x00000000a8b00000, 0x00000000a8b00000| Untracked 
| 140|0x00000000a8c00000, 0x00000000a8c00000, 0x00000000a8d00000|  0%| F|  |TAMS 0x00000000a8c00000, 0x00000000a8c00000| Untracked 
| 141|0x00000000a8d00000, 0x00000000a8d00000, 0x00000000a8e00000|  0%| F|  |TAMS 0x00000000a8d00000, 0x00000000a8d00000| Untracked 
| 142|0x00000000a8e00000, 0x00000000a8e00000, 0x00000000a8f00000|  0%| F|  |TAMS 0x00000000a8e00000, 0x00000000a8e00000| Untracked 
| 143|0x00000000a8f00000, 0x00000000a8f00000, 0x00000000a9000000|  0%| F|  |TAMS 0x00000000a8f00000, 0x00000000a8f00000| Untracked 
| 144|0x00000000a9000000, 0x00000000a9000000, 0x00000000a9100000|  0%| F|  |TAMS 0x00000000a9000000, 0x00000000a9000000| Untracked 
| 145|0x00000000a9100000, 0x00000000a9100000, 0x00000000a9200000|  0%| F|  |TAMS 0x00000000a9100000, 0x00000000a9100000| Untracked 
| 146|0x00000000a9200000, 0x00000000a9200000, 0x00000000a9300000|  0%| F|  |TAMS 0x00000000a9200000, 0x00000000a9200000| Untracked 
| 147|0x00000000a9300000, 0x00000000a9300000, 0x00000000a9400000|  0%| F|  |TAMS 0x00000000a9300000, 0x00000000a9300000| Untracked 
| 148|0x00000000a9400000, 0x00000000a9400000, 0x00000000a9500000|  0%| F|  |TAMS 0x00000000a9400000, 0x00000000a9400000| Untracked 
| 149|0x00000000a9500000, 0x00000000a9500000, 0x00000000a9600000|  0%| F|  |TAMS 0x00000000a9500000, 0x00000000a9500000| Untracked 
| 150|0x00000000a9600000, 0x00000000a9600000, 0x00000000a9700000|  0%| F|  |TAMS 0x00000000a9600000, 0x00000000a9600000| Untracked 
| 151|0x00000000a9700000, 0x00000000a9700000, 0x00000000a9800000|  0%| F|  |TAMS 0x00000000a9700000, 0x00000000a9700000| Untracked 
| 152|0x00000000a9800000, 0x00000000a9800000, 0x00000000a9900000|  0%| F|  |TAMS 0x00000000a9800000, 0x00000000a9800000| Untracked 
| 153|0x00000000a9900000, 0x00000000a9900000, 0x00000000a9a00000|  0%| F|  |TAMS 0x00000000a9900000, 0x00000000a9900000| Untracked 
| 154|0x00000000a9a00000, 0x00000000a9a00000, 0x00000000a9b00000|  0%| F|  |TAMS 0x00000000a9a00000, 0x00000000a9a00000| Untracked 
| 155|0x00000000a9b00000, 0x00000000a9b00000, 0x00000000a9c00000|  0%| F|  |TAMS 0x00000000a9b00000, 0x00000000a9b00000| Untracked 
| 156|0x00000000a9c00000, 0x00000000a9c00000, 0x00000000a9d00000|  0%| F|  |TAMS 0x00000000a9c00000, 0x00000000a9c00000| Untracked 
| 157|0x00000000a9d00000, 0x00000000a9d00000, 0x00000000a9e00000|  0%| F|  |TAMS 0x00000000a9d00000, 0x00000000a9d00000| Untracked 
| 158|0x00000000a9e00000, 0x00000000a9e00000, 0x00000000a9f00000|  0%| F|  |TAMS 0x00000000a9e00000, 0x00000000a9e00000| Untracked 
| 159|0x00000000a9f00000, 0x00000000a9f00000, 0x00000000aa000000|  0%| F|  |TAMS 0x00000000a9f00000, 0x00000000a9f00000| Untracked 
| 160|0x00000000aa000000, 0x00000000aa000000, 0x00000000aa100000|  0%| F|  |TAMS 0x00000000aa000000, 0x00000000aa000000| Untracked 
| 161|0x00000000aa100000, 0x00000000aa100000, 0x00000000aa200000|  0%| F|  |TAMS 0x00000000aa100000, 0x00000000aa100000| Untracked 
| 162|0x00000000aa200000, 0x00000000aa200000, 0x00000000aa300000|  0%| F|  |TAMS 0x00000000aa200000, 0x00000000aa200000| Untracked 
| 163|0x00000000aa300000, 0x00000000aa300000, 0x00000000aa400000|  0%| F|  |TAMS 0x00000000aa300000, 0x00000000aa300000| Untracked 
| 164|0x00000000aa400000, 0x00000000aa400000, 0x00000000aa500000|  0%| F|  |TAMS 0x00000000aa400000, 0x00000000aa400000| Untracked 
| 165|0x00000000aa500000, 0x00000000aa500000, 0x00000000aa600000|  0%| F|  |TAMS 0x00000000aa500000, 0x00000000aa500000| Untracked 
| 166|0x00000000aa600000, 0x00000000aa600000, 0x00000000aa700000|  0%| F|  |TAMS 0x00000000aa600000, 0x00000000aa600000| Untracked 
| 167|0x00000000aa700000, 0x00000000aa700000, 0x00000000aa800000|  0%| F|  |TAMS 0x00000000aa700000, 0x00000000aa700000| Untracked 
| 168|0x00000000aa800000, 0x00000000aa800000, 0x00000000aa900000|  0%| F|  |TAMS 0x00000000aa800000, 0x00000000aa800000| Untracked 
| 169|0x00000000aa900000, 0x00000000aa900000, 0x00000000aaa00000|  0%| F|  |TAMS 0x00000000aa900000, 0x00000000aa900000| Untracked 
| 170|0x00000000aaa00000, 0x00000000aaa00000, 0x00000000aab00000|  0%| F|  |TAMS 0x00000000aaa00000, 0x00000000aaa00000| Untracked 
| 171|0x00000000aab00000, 0x00000000aab00000, 0x00000000aac00000|  0%| F|  |TAMS 0x00000000aab00000, 0x00000000aab00000| Untracked 
| 172|0x00000000aac00000, 0x00000000aac00000, 0x00000000aad00000|  0%| F|  |TAMS 0x00000000aac00000, 0x00000000aac00000| Untracked 
| 173|0x00000000aad00000, 0x00000000aad00000, 0x00000000aae00000|  0%| F|  |TAMS 0x00000000aad00000, 0x00000000aad00000| Untracked 
| 174|0x00000000aae00000, 0x00000000aae00000, 0x00000000aaf00000|  0%| F|  |TAMS 0x00000000aae00000, 0x00000000aae00000| Untracked 
| 175|0x00000000aaf00000, 0x00000000aaf00000, 0x00000000ab000000|  0%| F|  |TAMS 0x00000000aaf00000, 0x00000000aaf00000| Untracked 
| 176|0x00000000ab000000, 0x00000000ab000000, 0x00000000ab100000|  0%| F|  |TAMS 0x00000000ab000000, 0x00000000ab000000| Untracked 
| 177|0x00000000ab100000, 0x00000000ab100000, 0x00000000ab200000|  0%| F|  |TAMS 0x00000000ab100000, 0x00000000ab100000| Untracked 
| 178|0x00000000ab200000, 0x00000000ab200000, 0x00000000ab300000|  0%| F|  |TAMS 0x00000000ab200000, 0x00000000ab200000| Untracked 
| 179|0x00000000ab300000, 0x00000000ab300000, 0x00000000ab400000|  0%| F|  |TAMS 0x00000000ab300000, 0x00000000ab300000| Untracked 
| 180|0x00000000ab400000, 0x00000000ab400000, 0x00000000ab500000|  0%| F|  |TAMS 0x00000000ab400000, 0x00000000ab400000| Untracked 
| 181|0x00000000ab500000, 0x00000000ab500000, 0x00000000ab600000|  0%| F|  |TAMS 0x00000000ab500000, 0x00000000ab500000| Untracked 
| 182|0x00000000ab600000, 0x00000000ab600000, 0x00000000ab700000|  0%| F|  |TAMS 0x00000000ab600000, 0x00000000ab600000| Untracked 
| 183|0x00000000ab700000, 0x00000000ab700000, 0x00000000ab800000|  0%| F|  |TAMS 0x00000000ab700000, 0x00000000ab700000| Untracked 
| 184|0x00000000ab800000, 0x00000000ab800000, 0x00000000ab900000|  0%| F|  |TAMS 0x00000000ab800000, 0x00000000ab800000| Untracked 
| 185|0x00000000ab900000, 0x00000000ab900000, 0x00000000aba00000|  0%| F|  |TAMS 0x00000000ab900000, 0x00000000ab900000| Untracked 
| 186|0x00000000aba00000, 0x00000000aba00000, 0x00000000abb00000|  0%| F|  |TAMS 0x00000000aba00000, 0x00000000aba00000| Untracked 
| 187|0x00000000abb00000, 0x00000000abb00000, 0x00000000abc00000|  0%| F|  |TAMS 0x00000000abb00000, 0x00000000abb00000| Untracked 
| 188|0x00000000abc00000, 0x00000000abc00000, 0x00000000abd00000|  0%| F|  |TAMS 0x00000000abc00000, 0x00000000abc00000| Untracked 
| 189|0x00000000abd00000, 0x00000000abd80800, 0x00000000abe00000| 50%| E|  |TAMS 0x00000000abd00000, 0x00000000abd00000| Complete 
| 190|0x00000000abe00000, 0x00000000abf00000, 0x00000000abf00000|100%| E|CS|TAMS 0x00000000abe00000, 0x00000000abe00000| Complete 
| 191|0x00000000abf00000, 0x00000000ac000000, 0x00000000ac000000|100%| E|CS|TAMS 0x00000000abf00000, 0x00000000abf00000| Complete 
| 192|0x00000000ac000000, 0x00000000ac100000, 0x00000000ac100000|100%| E|CS|TAMS 0x00000000ac000000, 0x00000000ac000000| Complete 
| 193|0x00000000ac100000, 0x00000000ac200000, 0x00000000ac200000|100%| E|CS|TAMS 0x00000000ac100000, 0x00000000ac100000| Complete 
| 194|0x00000000ac200000, 0x00000000ac300000, 0x00000000ac300000|100%| E|CS|TAMS 0x00000000ac200000, 0x00000000ac200000| Complete 
| 195|0x00000000ac300000, 0x00000000ac400000, 0x00000000ac400000|100%| E|CS|TAMS 0x00000000ac300000, 0x00000000ac300000| Complete 
| 196|0x00000000ac400000, 0x00000000ac500000, 0x00000000ac500000|100%| E|CS|TAMS 0x00000000ac400000, 0x00000000ac400000| Complete 
| 197|0x00000000ac500000, 0x00000000ac600000, 0x00000000ac600000|100%| E|CS|TAMS 0x00000000ac500000, 0x00000000ac500000| Complete 
| 198|0x00000000ac600000, 0x00000000ac700000, 0x00000000ac700000|100%| E|CS|TAMS 0x00000000ac600000, 0x00000000ac600000| Complete 
| 199|0x00000000ac700000, 0x00000000ac800000, 0x00000000ac800000|100%| E|CS|TAMS 0x00000000ac700000, 0x00000000ac700000| Complete 
| 200|0x00000000ac800000, 0x00000000ac900000, 0x00000000ac900000|100%| E|CS|TAMS 0x00000000ac800000, 0x00000000ac800000| Complete 
| 201|0x00000000ac900000, 0x00000000aca00000, 0x00000000aca00000|100%| E|CS|TAMS 0x00000000ac900000, 0x00000000ac900000| Complete 
| 202|0x00000000aca00000, 0x00000000acb00000, 0x00000000acb00000|100%| E|CS|TAMS 0x00000000aca00000, 0x00000000aca00000| Complete 
| 203|0x00000000acb00000, 0x00000000acc00000, 0x00000000acc00000|100%| E|CS|TAMS 0x00000000acb00000, 0x00000000acb00000| Complete 
| 204|0x00000000acc00000, 0x00000000acd00000, 0x00000000acd00000|100%| E|CS|TAMS 0x00000000acc00000, 0x00000000acc00000| Complete 
| 205|0x00000000acd00000, 0x00000000ace00000, 0x00000000ace00000|100%| E|CS|TAMS 0x00000000acd00000, 0x00000000acd00000| Complete 
| 206|0x00000000ace00000, 0x00000000acf00000, 0x00000000acf00000|100%| E|CS|TAMS 0x00000000ace00000, 0x00000000ace00000| Complete 
| 207|0x00000000acf00000, 0x00000000ad000000, 0x00000000ad000000|100%| E|CS|TAMS 0x00000000acf00000, 0x00000000acf00000| Complete 
| 208|0x00000000ad000000, 0x00000000ad100000, 0x00000000ad100000|100%| E|CS|TAMS 0x00000000ad000000, 0x00000000ad000000| Complete 
| 209|0x00000000ad100000, 0x00000000ad200000, 0x00000000ad200000|100%| E|CS|TAMS 0x00000000ad100000, 0x00000000ad100000| Complete 
| 210|0x00000000ad200000, 0x00000000ad300000, 0x00000000ad300000|100%| E|CS|TAMS 0x00000000ad200000, 0x00000000ad200000| Complete 
| 211|0x00000000ad300000, 0x00000000ad400000, 0x00000000ad400000|100%| E|CS|TAMS 0x00000000ad300000, 0x00000000ad300000| Complete 
| 212|0x00000000ad400000, 0x00000000ad500000, 0x00000000ad500000|100%| E|CS|TAMS 0x00000000ad400000, 0x00000000ad400000| Complete 
| 213|0x00000000ad500000, 0x00000000ad600000, 0x00000000ad600000|100%| E|CS|TAMS 0x00000000ad500000, 0x00000000ad500000| Complete 
| 214|0x00000000ad600000, 0x00000000ad700000, 0x00000000ad700000|100%| E|CS|TAMS 0x00000000ad600000, 0x00000000ad600000| Complete 
| 215|0x00000000ad700000, 0x00000000ad800000, 0x00000000ad800000|100%| E|CS|TAMS 0x00000000ad700000, 0x00000000ad700000| Complete 
| 216|0x00000000ad800000, 0x00000000ad900000, 0x00000000ad900000|100%| E|CS|TAMS 0x00000000ad800000, 0x00000000ad800000| Complete 
| 217|0x00000000ad900000, 0x00000000ada00000, 0x00000000ada00000|100%| E|CS|TAMS 0x00000000ad900000, 0x00000000ad900000| Complete 
| 218|0x00000000ada00000, 0x00000000adb00000, 0x00000000adb00000|100%| E|CS|TAMS 0x00000000ada00000, 0x00000000ada00000| Complete 
| 219|0x00000000adb00000, 0x00000000adc00000, 0x00000000adc00000|100%| E|CS|TAMS 0x00000000adb00000, 0x00000000adb00000| Complete 
| 220|0x00000000adc00000, 0x00000000add00000, 0x00000000add00000|100%| E|CS|TAMS 0x00000000adc00000, 0x00000000adc00000| Complete 
| 221|0x00000000add00000, 0x00000000ade00000, 0x00000000ade00000|100%| E|CS|TAMS 0x00000000add00000, 0x00000000add00000| Complete 
| 222|0x00000000ade00000, 0x00000000adf00000, 0x00000000adf00000|100%| E|CS|TAMS 0x00000000ade00000, 0x00000000ade00000| Complete 
| 223|0x00000000adf00000, 0x00000000ae000000, 0x00000000ae000000|100%| E|CS|TAMS 0x00000000adf00000, 0x00000000adf00000| Complete 
| 224|0x00000000ae000000, 0x00000000ae100000, 0x00000000ae100000|100%| E|CS|TAMS 0x00000000ae000000, 0x00000000ae000000| Complete 
| 225|0x00000000ae100000, 0x00000000ae200000, 0x00000000ae200000|100%| E|CS|TAMS 0x00000000ae100000, 0x00000000ae100000| Complete 
| 226|0x00000000ae200000, 0x00000000ae300000, 0x00000000ae300000|100%| E|CS|TAMS 0x00000000ae200000, 0x00000000ae200000| Complete 
| 227|0x00000000ae300000, 0x00000000ae400000, 0x00000000ae400000|100%| E|CS|TAMS 0x00000000ae300000, 0x00000000ae300000| Complete 
| 228|0x00000000ae400000, 0x00000000ae500000, 0x00000000ae500000|100%| E|CS|TAMS 0x00000000ae400000, 0x00000000ae400000| Complete 
| 229|0x00000000ae500000, 0x00000000ae600000, 0x00000000ae600000|100%| E|CS|TAMS 0x00000000ae500000, 0x00000000ae500000| Complete 
| 230|0x00000000ae600000, 0x00000000ae700000, 0x00000000ae700000|100%| E|CS|TAMS 0x00000000ae600000, 0x00000000ae600000| Complete 
| 231|0x00000000ae700000, 0x00000000ae800000, 0x00000000ae800000|100%| E|CS|TAMS 0x00000000ae700000, 0x00000000ae700000| Complete 
| 232|0x00000000ae800000, 0x00000000ae900000, 0x00000000ae900000|100%| E|CS|TAMS 0x00000000ae800000, 0x00000000ae800000| Complete 
| 233|0x00000000ae900000, 0x00000000aea00000, 0x00000000aea00000|100%| E|CS|TAMS 0x00000000ae900000, 0x00000000ae900000| Complete 
| 234|0x00000000aea00000, 0x00000000aeb00000, 0x00000000aeb00000|100%| E|CS|TAMS 0x00000000aea00000, 0x00000000aea00000| Complete 
| 235|0x00000000aeb00000, 0x00000000aec00000, 0x00000000aec00000|100%| E|CS|TAMS 0x00000000aeb00000, 0x00000000aeb00000| Complete 
| 236|0x00000000aec00000, 0x00000000aed00000, 0x00000000aed00000|100%| E|CS|TAMS 0x00000000aec00000, 0x00000000aec00000| Complete 
| 237|0x00000000aed00000, 0x00000000aee00000, 0x00000000aee00000|100%| E|CS|TAMS 0x00000000aed00000, 0x00000000aed00000| Complete 
| 238|0x00000000aee00000, 0x00000000aef00000, 0x00000000aef00000|100%| E|CS|TAMS 0x00000000aee00000, 0x00000000aee00000| Complete 
| 239|0x00000000aef00000, 0x00000000af000000, 0x00000000af000000|100%| E|CS|TAMS 0x00000000aef00000, 0x00000000aef00000| Complete 
| 240|0x00000000af000000, 0x00000000af100000, 0x00000000af100000|100%| E|CS|TAMS 0x00000000af000000, 0x00000000af000000| Complete 
| 241|0x00000000af100000, 0x00000000af200000, 0x00000000af200000|100%| E|CS|TAMS 0x00000000af100000, 0x00000000af100000| Complete 
| 242|0x00000000af200000, 0x00000000af300000, 0x00000000af300000|100%| E|CS|TAMS 0x00000000af200000, 0x00000000af200000| Complete 
| 243|0x00000000af300000, 0x00000000af400000, 0x00000000af400000|100%| E|CS|TAMS 0x00000000af300000, 0x00000000af300000| Complete 
| 244|0x00000000af400000, 0x00000000af500000, 0x00000000af500000|100%| E|CS|TAMS 0x00000000af400000, 0x00000000af400000| Complete 
| 245|0x00000000af500000, 0x00000000af600000, 0x00000000af600000|100%| E|CS|TAMS 0x00000000af500000, 0x00000000af500000| Complete 
| 246|0x00000000af600000, 0x00000000af700000, 0x00000000af700000|100%| E|CS|TAMS 0x00000000af600000, 0x00000000af600000| Complete 
| 247|0x00000000af700000, 0x00000000af800000, 0x00000000af800000|100%| E|CS|TAMS 0x00000000af700000, 0x00000000af700000| Complete 
| 248|0x00000000af800000, 0x00000000af900000, 0x00000000af900000|100%| E|CS|TAMS 0x00000000af800000, 0x00000000af800000| Complete 
| 249|0x00000000af900000, 0x00000000af984560, 0x00000000afa00000| 51%| S|CS|TAMS 0x00000000af900000, 0x00000000af900000| Complete 
| 250|0x00000000afa00000, 0x00000000afb00000, 0x00000000afb00000|100%| S|CS|TAMS 0x00000000afa00000, 0x00000000afa00000| Complete 
| 251|0x00000000afb00000, 0x00000000afc00000, 0x00000000afc00000|100%| S|CS|TAMS 0x00000000afb00000, 0x00000000afb00000| Complete 
| 252|0x00000000afc00000, 0x00000000afd00000, 0x00000000afd00000|100%| E|CS|TAMS 0x00000000afc00000, 0x00000000afc00000| Complete 
| 253|0x00000000afd00000, 0x00000000afe00000, 0x00000000afe00000|100%| E|CS|TAMS 0x00000000afd00000, 0x00000000afd00000| Complete 
| 254|0x00000000afe00000, 0x00000000aff00000, 0x00000000aff00000|100%| E|CS|TAMS 0x00000000afe00000, 0x00000000afe00000| Complete 
| 255|0x00000000aff00000, 0x00000000b0000000, 0x00000000b0000000|100%| E|CS|TAMS 0x00000000aff00000, 0x00000000aff00000| Complete 
| 256|0x00000000b0000000, 0x00000000b0100000, 0x00000000b0100000|100%| E|CS|TAMS 0x00000000b0000000, 0x00000000b0000000| Complete 
| 257|0x00000000b0100000, 0x00000000b0200000, 0x00000000b0200000|100%| E|CS|TAMS 0x00000000b0100000, 0x00000000b0100000| Complete 
| 258|0x00000000b0200000, 0x00000000b0300000, 0x00000000b0300000|100%| E|CS|TAMS 0x00000000b0200000, 0x00000000b0200000| Complete 
| 259|0x00000000b0300000, 0x00000000b0400000, 0x00000000b0400000|100%| E|CS|TAMS 0x00000000b0300000, 0x00000000b0300000| Complete 
| 260|0x00000000b0400000, 0x00000000b0500000, 0x00000000b0500000|100%| E|CS|TAMS 0x00000000b0400000, 0x00000000b0400000| Complete 
| 261|0x00000000b0500000, 0x00000000b0600000, 0x00000000b0600000|100%| E|CS|TAMS 0x00000000b0500000, 0x00000000b0500000| Complete 
| 262|0x00000000b0600000, 0x00000000b0700000, 0x00000000b0700000|100%| E|CS|TAMS 0x00000000b0600000, 0x00000000b0600000| Complete 
| 263|0x00000000b0700000, 0x00000000b0800000, 0x00000000b0800000|100%| E|CS|TAMS 0x00000000b0700000, 0x00000000b0700000| Complete 
| 264|0x00000000b0800000, 0x00000000b0900000, 0x00000000b0900000|100%| E|CS|TAMS 0x00000000b0800000, 0x00000000b0800000| Complete 
| 265|0x00000000b0900000, 0x00000000b0a00000, 0x00000000b0a00000|100%| E|CS|TAMS 0x00000000b0900000, 0x00000000b0900000| Complete 
| 266|0x00000000b0a00000, 0x00000000b0b00000, 0x00000000b0b00000|100%| E|CS|TAMS 0x00000000b0a00000, 0x00000000b0a00000| Complete 
| 267|0x00000000b0b00000, 0x00000000b0c00000, 0x00000000b0c00000|100%| E|CS|TAMS 0x00000000b0b00000, 0x00000000b0b00000| Complete 
| 268|0x00000000b0c00000, 0x00000000b0d00000, 0x00000000b0d00000|100%| E|CS|TAMS 0x00000000b0c00000, 0x00000000b0c00000| Complete 
| 269|0x00000000b0d00000, 0x00000000b0e00000, 0x00000000b0e00000|100%| E|CS|TAMS 0x00000000b0d00000, 0x00000000b0d00000| Complete 
| 270|0x00000000b0e00000, 0x00000000b0f00000, 0x00000000b0f00000|100%| E|CS|TAMS 0x00000000b0e00000, 0x00000000b0e00000| Complete 
| 271|0x00000000b0f00000, 0x00000000b1000000, 0x00000000b1000000|100%| E|CS|TAMS 0x00000000b0f00000, 0x00000000b0f00000| Complete 
| 272|0x00000000b1000000, 0x00000000b1100000, 0x00000000b1100000|100%| E|CS|TAMS 0x00000000b1000000, 0x00000000b1000000| Complete 
| 273|0x00000000b1100000, 0x00000000b1200000, 0x00000000b1200000|100%| E|CS|TAMS 0x00000000b1100000, 0x00000000b1100000| Complete 
| 274|0x00000000b1200000, 0x00000000b1300000, 0x00000000b1300000|100%| E|CS|TAMS 0x00000000b1200000, 0x00000000b1200000| Complete 
| 275|0x00000000b1300000, 0x00000000b1400000, 0x00000000b1400000|100%| E|CS|TAMS 0x00000000b1300000, 0x00000000b1300000| Complete 

Card table byte_map: [0x00000203fbc90000,0x00000203fbf90000] _byte_map_base: 0x00000203fb790000

Marking Bits (Prev, Next): (CMBitMap*) 0x00000203e8b76290, (CMBitMap*) 0x00000203e8b76258
 Prev Bits: [0x00000203fda90000, 0x00000203ff290000)
 Next Bits: [0x00000203fc290000, 0x00000203fda90000)

Polling page: 0x00000203e6b50000

Metaspace:

Usage:
  Non-class:    100.94 MB capacity,    99.39 MB ( 98%) used,     1.25 MB (  1%) free+waste,   312.75 KB ( <1%) overhead. 
      Class:     14.56 MB capacity,    13.63 MB ( 94%) used,   824.78 KB (  6%) free+waste,   133.94 KB ( <1%) overhead. 
       Both:    115.51 MB capacity,   113.02 MB ( 98%) used,     2.05 MB (  2%) free+waste,   446.69 KB ( <1%) overhead. 

Virtual space:
  Non-class space:      102.00 MB reserved,     101.08 MB (>99%) committed 
      Class space:        1.00 GB reserved,      14.63 MB (  1%) committed 
             Both:        1.10 GB reserved,     115.70 MB ( 10%) committed 

Chunk freelists:
   Non-Class:  9.00 KB
       Class:  0 bytes
        Both:  9.00 KB

MaxMetaspaceSize: 17179869184.00 GB
CompressedClassSpaceSize: 1.00 GB
Initial GC threshold: 20.80 MB
Current GC threshold: 186.80 MB
CDS: off

CodeHeap 'non-profiled nmethods': size=120000Kb used=11099Kb max_used=11099Kb free=108900Kb
 bounds [0x00000203f4130000, 0x00000203f4c10000, 0x00000203fb660000]
CodeHeap 'profiled nmethods': size=120000Kb used=42215Kb max_used=42215Kb free=77784Kb
 bounds [0x00000203ecc00000, 0x00000203ef540000, 0x00000203f4130000]
CodeHeap 'non-nmethods': size=5760Kb used=2491Kb max_used=2535Kb free=3268Kb
 bounds [0x00000203ec660000, 0x00000203ec8e0000, 0x00000203ecc00000]
 total_blobs=20170 nmethods=19124 adapters=957
 compilation: enabled
              stopped_count=0, restarted_count=0
 full_count=0

Compilation events (20 events):
Event: 4421.865 Thread 0x00000203ffcf9000 nmethod 19475 0x00000203f4c03290 code [0x00000203f4c03440, 0x00000203f4c034d8]
Event: 4421.865 Thread 0x00000203ffcf9000 19472       2       android.databinding.tool.ext.XmlResourceReference::<init> (38 bytes)
Event: 4421.865 Thread 0x00000203ffcf9000 nmethod 19472 0x00000203ef4e1290 code [0x00000203ef4e14e0, 0x00000203ef4e1a58]
Event: 4421.865 Thread 0x00000203ffcf9000 19468       1       android.databinding.tool.store.ResourceBundle$BindingTargetBundle::isUsed (5 bytes)
Event: 4421.865 Thread 0x00000203ffcf9000 nmethod 19468 0x00000203f4c03590 code [0x00000203f4c03740, 0x00000203f4c037f8]
Event: 4421.865 Thread 0x00000203ffcf9000 19469       1       android.databinding.tool.store.ResourceBundle$BindingTargetBundle::getInterfaceType (5 bytes)
Event: 4421.865 Thread 0x00000203ffcf9000 nmethod 19469 0x00000203f4c03890 code [0x00000203f4c03a40, 0x00000203f4c03af8]
Event: 4421.865 Thread 0x00000203ffcf9000 19480       2       com.squareup.javapoet.ParameterSpec::emit (78 bytes)
Event: 4421.866 Thread 0x00000203ffcf9000 nmethod 19480 0x00000203ef4e1d10 code [0x00000203ef4e1f80, 0x00000203ef4e2898]
Event: 4421.866 Thread 0x00000203ffcf9000 19481       2       com.squareup.javapoet.CodeWriter::emitModifiers (9 bytes)
Event: 4421.866 Thread 0x00000203ffcf9000 nmethod 19481 0x00000203ef4e2d10 code [0x00000203ef4e2ec0, 0x00000203ef4e2fe8]
Event: 4421.866 Thread 0x00000203ffcf9000 19482 %     3       com.squareup.javapoet.CodeWriter::emit @ 15 (818 bytes)
Event: 4421.869 Thread 0x00000203ffcf9000 nmethod 19482% 0x00000203ef4e3090 code [0x00000203ef4e38a0, 0x00000203ef4e81e8]
Event: 4421.869 Thread 0x00000203ffcf9000 19484       2       com.squareup.javapoet.FieldSpec::emit (85 bytes)
Event: 4421.869 Thread 0x00000203ffcf9000 nmethod 19484 0x00000203ef4e9990 code [0x00000203ef4e9be0, 0x00000203ef4ea1c8]
Event: 4421.869 Thread 0x00000203ffcf9000 19485       2       java.lang.StringBuilder::append (6 bytes)
Event: 4421.869 Thread 0x00000203ffcf9000 nmethod 19485 0x00000203ef4ea510 code [0x00000203ef4ea6c0, 0x00000203ef4ea7e8]
Event: 4421.870 Thread 0x00000203ffcf9000 19486       2       kotlin.text.Regex::split (174 bytes)
Event: 4421.871 Thread 0x00000203ffcf9000 nmethod 19486 0x00000203ef4ea890 code [0x00000203ef4eabc0, 0x00000203ef4eb838]
Event: 4421.871 Thread 0x00000203ffcf9000 19491 %     3       com.squareup.javapoet.CodeBlock$Builder::add @ 17 (556 bytes)

GC Heap History (20 events):
Event: 4418.798 GC heap before
{Heap before GC invocations=91 (full 0):
 garbage-first heap   total 214016K, used 173470K [0x00000000a0000000, 0x0000000100000000)
  region size 1024K, 55 young (56320K), 9 survivors (9216K)
 Metaspace       used 106430K, capacity 109025K, committed 109136K, reserved 1144832K
  class space    used 13039K, capacity 14016K, committed 14080K, reserved 1048576K
}
Event: 4418.819 GC heap after
{Heap after GC invocations=92 (full 0):
 garbage-first heap   total 214016K, used 138863K [0x00000000a0000000, 0x0000000100000000)
  region size 1024K, 7 young (7168K), 7 survivors (7168K)
 Metaspace       used 106430K, capacity 109025K, committed 109136K, reserved 1144832K
  class space    used 13039K, capacity 14016K, committed 14080K, reserved 1048576K
}
Event: 4419.284 GC heap before
{Heap before GC invocations=93 (full 0):
 garbage-first heap   total 214016K, used 167535K [0x00000000a0000000, 0x0000000100000000)
  region size 1024K, 43 young (44032K), 7 survivors (7168K)
 Metaspace       used 108916K, capacity 111470K, committed 111696K, reserved 1146880K
  class space    used 13231K, capacity 14209K, committed 14336K, reserved 1048576K
}
Event: 4419.296 GC heap after
{Heap after GC invocations=94 (full 0):
 garbage-first heap   total 214016K, used 136612K [0x00000000a0000000, 0x0000000100000000)
  region size 1024K, 4 young (4096K), 4 survivors (4096K)
 Metaspace       used 108916K, capacity 111470K, committed 111696K, reserved 1146880K
  class space    used 13231K, capacity 14209K, committed 14336K, reserved 1048576K
}
Event: 4419.309 GC heap before
{Heap before GC invocations=94 (full 0):
 garbage-first heap   total 214016K, used 142756K [0x00000000a0000000, 0x0000000100000000)
  region size 1024K, 10 young (10240K), 4 survivors (4096K)
 Metaspace       used 109050K, capacity 111598K, committed 111952K, reserved 1146880K
  class space    used 13242K, capacity 14209K, committed 14336K, reserved 1048576K
}
Event: 4419.314 GC heap after
{Heap after GC invocations=95 (full 0):
 garbage-first heap   total 214016K, used 125357K [0x00000000a0000000, 0x0000000100000000)
  region size 1024K, 2 young (2048K), 2 survivors (2048K)
 Metaspace       used 109050K, capacity 111598K, committed 111952K, reserved 1146880K
  class space    used 13242K, capacity 14209K, committed 14336K, reserved 1048576K
}
Event: 4419.459 GC heap before
{Heap before GC invocations=95 (full 0):
 garbage-first heap   total 214016K, used 170413K [0x00000000a0000000, 0x0000000100000000)
  region size 1024K, 47 young (48128K), 2 survivors (2048K)
 Metaspace       used 109694K, capacity 112207K, committed 112464K, reserved 1146880K
  class space    used 13283K, capacity 14241K, committed 14336K, reserved 1048576K
}
Event: 4419.466 GC heap after
{Heap after GC invocations=96 (full 0):
 garbage-first heap   total 214016K, used 130894K [0x00000000a0000000, 0x0000000100000000)
  region size 1024K, 6 young (6144K), 6 survivors (6144K)
 Metaspace       used 109694K, capacity 112207K, committed 112464K, reserved 1146880K
  class space    used 13283K, capacity 14241K, committed 14336K, reserved 1048576K
}
Event: 4419.802 GC heap before
{Heap before GC invocations=97 (full 0):
 garbage-first heap   total 214016K, used 172878K [0x00000000a0000000, 0x0000000100000000)
  region size 1024K, 49 young (50176K), 6 survivors (6144K)
 Metaspace       used 109862K, capacity 112464K, committed 112720K, reserved 1148928K
  class space    used 13284K, capacity 14241K, committed 14336K, reserved 1048576K
}
Event: 4419.813 GC heap after
{Heap after GC invocations=98 (full 0):
 garbage-first heap   total 214016K, used 130588K [0x00000000a0000000, 0x0000000100000000)
  region size 1024K, 1 young (1024K), 1 survivors (1024K)
 Metaspace       used 109862K, capacity 112464K, committed 112720K, reserved 1148928K
  class space    used 13284K, capacity 14241K, committed 14336K, reserved 1048576K
}
Event: 4419.862 GC heap before
{Heap before GC invocations=98 (full 0):
 garbage-first heap   total 214016K, used 139804K [0x00000000a0000000, 0x0000000100000000)
  region size 1024K, 10 young (10240K), 1 survivors (1024K)
 Metaspace       used 109867K, capacity 112464K, committed 112720K, reserved 1148928K
  class space    used 13284K, capacity 14241K, committed 14336K, reserved 1048576K
}
Event: 4419.869 GC heap after
{Heap after GC invocations=99 (full 0):
 garbage-first heap   total 282624K, used 127378K [0x00000000a0000000, 0x0000000100000000)
  region size 1024K, 1 young (1024K), 1 survivors (1024K)
 Metaspace       used 109867K, capacity 112464K, committed 112720K, reserved 1148928K
  class space    used 13284K, capacity 14241K, committed 14336K, reserved 1048576K
}
Event: 4420.464 GC heap before
{Heap before GC invocations=99 (full 0):
 garbage-first heap   total 282624K, used 197010K [0x00000000a0000000, 0x0000000100000000)
  region size 1024K, 70 young (71680K), 1 survivors (1024K)
 Metaspace       used 110865K, capacity 113468K, committed 113616K, reserved 1148928K
  class space    used 13396K, capacity 14379K, committed 14464K, reserved 1048576K
}
Event: 4420.485 GC heap after
{Heap after GC invocations=100 (full 0):
 garbage-first heap   total 282624K, used 132151K [0x00000000a0000000, 0x0000000100000000)
  region size 1024K, 6 young (6144K), 6 survivors (6144K)
 Metaspace       used 110865K, capacity 113468K, committed 113616K, reserved 1148928K
  class space    used 13396K, capacity 14379K, committed 14464K, reserved 1048576K
}
Event: 4420.903 GC heap before
{Heap before GC invocations=101 (full 0):
 garbage-first heap   total 282624K, used 194615K [0x00000000a0000000, 0x0000000100000000)
  region size 1024K, 78 young (79872K), 6 survivors (6144K)
 Metaspace       used 111286K, capacity 113908K, committed 114128K, reserved 1148928K
  class space    used 13435K, capacity 14419K, committed 14464K, reserved 1048576K
}
Event: 4420.910 GC heap after
{Heap after GC invocations=102 (full 0):
 garbage-first heap   total 282624K, used 123760K [0x00000000a0000000, 0x0000000100000000)
  region size 1024K, 5 young (5120K), 5 survivors (5120K)
 Metaspace       used 111286K, capacity 113908K, committed 114128K, reserved 1148928K
  class space    used 13435K, capacity 14419K, committed 14464K, reserved 1048576K
}
Event: 4420.940 GC heap before
{Heap before GC invocations=102 (full 0):
 garbage-first heap   total 282624K, used 130928K [0x00000000a0000000, 0x0000000100000000)
  region size 1024K, 13 young (13312K), 5 survivors (5120K)
 Metaspace       used 111307K, capacity 113908K, committed 114128K, reserved 1148928K
  class space    used 13436K, capacity 14419K, committed 14464K, reserved 1048576K
}
Event: 4420.946 GC heap after
{Heap after GC invocations=103 (full 0):
 garbage-first heap   total 282624K, used 102909K [0x00000000a0000000, 0x0000000100000000)
  region size 1024K, 2 young (2048K), 2 survivors (2048K)
 Metaspace       used 111307K, capacity 113908K, committed 114128K, reserved 1148928K
  class space    used 13436K, capacity 14419K, committed 14464K, reserved 1048576K
}
Event: 4421.081 GC heap before
{Heap before GC invocations=103 (full 0):
 garbage-first heap   total 282624K, used 124413K [0x00000000a0000000, 0x0000000100000000)
  region size 1024K, 24 young (24576K), 2 survivors (2048K)
 Metaspace       used 111869K, capacity 114452K, committed 114768K, reserved 1148928K
  class space    used 13523K, capacity 14515K, committed 14592K, reserved 1048576K
}
Event: 4421.087 GC heap after
{Heap after GC invocations=104 (full 0):
 garbage-first heap   total 282624K, used 104172K [0x00000000a0000000, 0x0000000100000000)
  region size 1024K, 3 young (3072K), 3 survivors (3072K)
 Metaspace       used 111869K, capacity 114452K, committed 114768K, reserved 1148928K
  class space    used 13523K, capacity 14515K, committed 14592K, reserved 1048576K
}

Deoptimization events (20 events):
Event: 4420.878 Thread 0x00000203886cd000 DEOPT PACKING pc=0x00000203ef3186c0 sp=0x000000e9124f9c00
Event: 4420.878 Thread 0x00000203886cd000 DEOPT UNPACKING pc=0x00000203ec6aa95e sp=0x000000e9124f90a0 mode 0
Event: 4421.557 Thread 0x00000203886cd000 DEOPT PACKING pc=0x00000203ef2d7232 sp=0x000000e9124fb5d0
Event: 4421.557 Thread 0x00000203886cd000 DEOPT UNPACKING pc=0x00000203ec6aa95e sp=0x000000e9124fab18 mode 0
Event: 4421.565 Thread 0x00000203886cd000 DEOPT PACKING pc=0x00000203ef2d7232 sp=0x000000e9124fccf0
Event: 4421.565 Thread 0x00000203886cd000 DEOPT UNPACKING pc=0x00000203ec6aa95e sp=0x000000e9124fc238 mode 0
Event: 4421.589 Thread 0x00000203886cd000 Uncommon trap: trap_request=0xffffff4d fr.pc=0x00000203f4b61124 relative=0x0000000000000644
Event: 4421.589 Thread 0x00000203886cd000 Uncommon trap: reason=unstable_if action=reinterpret pc=0x00000203f4b61124 method=java.lang.String.regionMatches(ZILjava/lang/String;II)Z @ 1 c2
Event: 4421.589 Thread 0x00000203886cd000 DEOPT PACKING pc=0x00000203f4b61124 sp=0x000000e9124f9c20
Event: 4421.589 Thread 0x00000203886cd000 DEOPT UNPACKING pc=0x00000203ec6aa1af sp=0x000000e9124f9bd0 mode 2
Event: 4421.605 Thread 0x00000203886cd000 Uncommon trap: trap_request=0xffffff4d fr.pc=0x00000203f4ab33c8 relative=0x00000000000016e8
Event: 4421.605 Thread 0x00000203886cd000 Uncommon trap: reason=unstable_if action=reinterpret pc=0x00000203f4ab33c8 method=org.apache.xerces.impl.XMLEntityManager.setProperty(Ljava/lang/String;Ljava/lang/Object;)V @ 212 c2
Event: 4421.605 Thread 0x00000203886cd000 DEOPT PACKING pc=0x00000203f4ab33c8 sp=0x000000e9124fa330
Event: 4421.605 Thread 0x00000203886cd000 DEOPT UNPACKING pc=0x00000203ec6aa1af sp=0x000000e9124fa260 mode 2
Event: 4421.613 Thread 0x00000203886cd000 DEOPT PACKING pc=0x00000203ef2d87f8 sp=0x000000e9124f9e00
Event: 4421.613 Thread 0x00000203886cd000 DEOPT UNPACKING pc=0x00000203ec6aa95e sp=0x000000e9124f9318 mode 0
Event: 4421.824 Thread 0x00000203886cd000 Uncommon trap: trap_request=0xffffff4d fr.pc=0x00000203f4b87e18 relative=0x0000000000000058
Event: 4421.824 Thread 0x00000203886cd000 Uncommon trap: reason=unstable_if action=reinterpret pc=0x00000203f4b87e18 method=java.lang.StringCoding.encode(Ljava/nio/charset/Charset;B[B)[B @ 4 c2
Event: 4421.824 Thread 0x00000203886cd000 DEOPT PACKING pc=0x00000203f4b87e18 sp=0x000000e9124fa400
Event: 4421.824 Thread 0x00000203886cd000 DEOPT UNPACKING pc=0x00000203ec6aa1af sp=0x000000e9124fa348 mode 2

Classes redefined (0 events):
No events

Internal exceptions (20 events):
Event: 4413.698 Thread 0x00000203886ce000 Exception <a 'java/lang/NoSuchMethodError'{0x00000000ac963290}: <clinit>> (0x00000000ac963290) thrown at [./src/hotspot/share/prims/jni.cpp, line 1366]
Event: 4413.700 Thread 0x00000203886ce000 Exception <a 'java/lang/NoSuchMethodError'{0x00000000ac995408}: <clinit>> (0x00000000ac995408) thrown at [./src/hotspot/share/prims/jni.cpp, line 1366]
Event: 4413.700 Thread 0x00000203886ce000 Exception <a 'java/lang/NoSuchMethodError'{0x00000000ac998870}: <clinit>> (0x00000000ac998870) thrown at [./src/hotspot/share/prims/jni.cpp, line 1366]
Event: 4413.700 Thread 0x00000203886ce000 Exception <a 'java/lang/NoSuchMethodError'{0x00000000ac99b4e0}: <clinit>> (0x00000000ac99b4e0) thrown at [./src/hotspot/share/prims/jni.cpp, line 1366]
Event: 4413.702 Thread 0x00000203886ce000 Exception <a 'java/lang/NoSuchMethodError'{0x00000000ac9b34d8}: <clinit>> (0x00000000ac9b34d8) thrown at [./src/hotspot/share/prims/jni.cpp, line 1366]
Event: 4413.703 Thread 0x00000203886ce000 Exception <a 'java/lang/NoSuchMethodError'{0x00000000ac9ca7e0}: <clinit>> (0x00000000ac9ca7e0) thrown at [./src/hotspot/share/prims/jni.cpp, line 1366]
Event: 4413.704 Thread 0x00000203886ce000 Exception <a 'java/lang/NoSuchMethodError'{0x00000000ac9ec2b0}: <clinit>> (0x00000000ac9ec2b0) thrown at [./src/hotspot/share/prims/jni.cpp, line 1366]
Event: 4413.705 Thread 0x00000203886ce000 Exception <a 'java/lang/NoSuchMethodError'{0x00000000ac9fed18}: <clinit>> (0x00000000ac9fed18) thrown at [./src/hotspot/share/prims/jni.cpp, line 1366]
Event: 4413.881 Thread 0x000002038d1dd000 Exception <a 'java/lang/ClassNotFoundException'{0x00000000ac3e99c8}: sun/awt/resources/spi/awtProvider> (0x00000000ac3e99c8) thrown at [./src/hotspot/share/classfile/systemDictionary.cpp, line 231]
Event: 4413.900 Thread 0x000002038d1dd000 Exception <a 'java/io/FileNotFoundException'{0x00000000ab4bf368}> (0x00000000ab4bf368) thrown at [./src/hotspot/share/prims/jni.cpp, line 616]
Event: 4413.903 Thread 0x000002038d1dd000 Exception <a 'java/io/FileNotFoundException'{0x00000000ab4c31f0}> (0x00000000ab4c31f0) thrown at [./src/hotspot/share/prims/jni.cpp, line 616]
Event: 4418.465 Thread 0x00000203886ce000 Exception <a 'java/lang/NoSuchMethodError'{0x00000000acd69fc0}: <clinit>> (0x00000000acd69fc0) thrown at [./src/hotspot/share/prims/jni.cpp, line 1366]
Event: 4418.474 Thread 0x00000203886ce000 Exception <a 'java/lang/NoSuchMethodError'{0x00000000acca9238}: <clinit>> (0x00000000acca9238) thrown at [./src/hotspot/share/prims/jni.cpp, line 1366]
Event: 4419.882 Thread 0x00000203886cf000 Exception <a 'java/lang/NoSuchMethodError'{0x00000000b12c4b60}: <clinit>> (0x00000000b12c4b60) thrown at [./src/hotspot/share/prims/jni.cpp, line 1366]
Event: 4420.263 Thread 0x00000203886cd000 Exception <a 'sun/nio/fs/WindowsException'{0x00000000aebf8fa0}> (0x00000000aebf8fa0) thrown at [./src/hotspot/share/prims/jni.cpp, line 616]
Event: 4420.263 Thread 0x00000203886cd000 Exception <a 'sun/nio/fs/WindowsException'{0x00000000aea01810}> (0x00000000aea01810) thrown at [./src/hotspot/share/prims/jni.cpp, line 616]
Event: 4420.264 Thread 0x00000203886cd000 Exception <a 'sun/nio/fs/WindowsException'{0x00000000aea1bb28}> (0x00000000aea1bb28) thrown at [./src/hotspot/share/prims/jni.cpp, line 616]
Event: 4420.264 Thread 0x00000203886cd000 Exception <a 'sun/nio/fs/WindowsException'{0x00000000aea1cc28}> (0x00000000aea1cc28) thrown at [./src/hotspot/share/prims/jni.cpp, line 616]
Event: 4420.264 Thread 0x00000203886cd000 Exception <a 'sun/nio/fs/WindowsException'{0x00000000aea1d148}> (0x00000000aea1d148) thrown at [./src/hotspot/share/prims/jni.cpp, line 616]
Event: 4420.264 Thread 0x00000203886cd000 Exception <a 'sun/nio/fs/WindowsException'{0x00000000aea1e268}> (0x00000000aea1e268) thrown at [./src/hotspot/share/prims/jni.cpp, line 616]

Events (20 events):
Event: 4421.815 loading class com/squareup/javapoet/CodeBlock
Event: 4421.815 loading class com/squareup/javapoet/CodeBlock done
Event: 4421.815 loading class com/squareup/javapoet/CodeBlock$CodeBlockJoiner
Event: 4421.815 loading class com/squareup/javapoet/CodeBlock$CodeBlockJoiner done
Event: 4421.815 loading class android/databinding/tool/writer/JavaFileGenerator$create$1
Event: 4421.815 loading class android/databinding/tool/writer/JavaFileGenerator$create$1 done
Event: 4421.816 loading class com/squareup/javapoet/JavaFile
Event: 4421.816 loading class com/squareup/javapoet/JavaFile done
Event: 4421.817 loading class com/squareup/javapoet/JavaFile$1
Event: 4421.817 loading class com/squareup/javapoet/JavaFile$1 done
Event: 4421.818 loading class com/squareup/javapoet/JavaFile$Builder
Event: 4421.818 loading class com/squareup/javapoet/JavaFile$Builder done
Event: 4421.818 loading class java/util/Collections$UnmodifiableList$1
Event: 4421.819 loading class java/util/Collections$UnmodifiableList$1 done
Event: 4421.819 loading class com/squareup/javapoet/LineWrapper$FlushType
Event: 4421.819 loading class com/squareup/javapoet/LineWrapper$FlushType done
Event: 4421.820 loading class com/squareup/javapoet/LineWrapper$1
Event: 4421.820 loading class com/squareup/javapoet/LineWrapper$1 done
Event: 4421.828 loading class android/databinding/tool/ext/Collection_extKt$joinToCamelCase$1
Event: 4421.828 loading class android/databinding/tool/ext/Collection_extKt$joinToCamelCase$1 done


Dynamic libraries:
0x00007ff74bba0000 - 0x00007ff74bbaa000 	C:\Program Files\Android\Android Studio\jre\bin\java.exe
0x00007ffc6db10000 - 0x00007ffc6dd05000 	C:\Windows\SYSTEM32\ntdll.dll
0x00007ffc6cf60000 - 0x00007ffc6d01e000 	C:\Windows\System32\KERNEL32.DLL
0x00007ffc6b2b0000 - 0x00007ffc6b579000 	C:\Windows\System32\KERNELBASE.dll
0x00007ffc6b8b0000 - 0x00007ffc6b9b0000 	C:\Windows\System32\ucrtbase.dll
0x00007ffc61390000 - 0x00007ffc613a7000 	C:\Program Files\Android\Android Studio\jre\bin\VCRUNTIME140.dll
0x00007ffc613b0000 - 0x00007ffc613c9000 	C:\Program Files\Android\Android Studio\jre\bin\jli.dll
0x00007ffc6d020000 - 0x00007ffc6d1c1000 	C:\Windows\System32\USER32.dll
0x00007ffc5bcc0000 - 0x00007ffc5bf5a000 	C:\Windows\WinSxS\amd64_microsoft.windows.common-controls_6595b64144ccf1df_6.0.19041.1110_none_60b5254171f9507e\COMCTL32.dll
0x00007ffc6b880000 - 0x00007ffc6b8a2000 	C:\Windows\System32\win32u.dll
0x00007ffc6d1d0000 - 0x00007ffc6d1fb000 	C:\Windows\System32\GDI32.dll
0x00007ffc6be00000 - 0x00007ffc6be9e000 	C:\Windows\System32\msvcrt.dll
0x00007ffc6b9b0000 - 0x00007ffc6babb000 	C:\Windows\System32\gdi32full.dll
0x00007ffc6bac0000 - 0x00007ffc6bb5d000 	C:\Windows\System32\msvcp_win.dll
0x00007ffc6d260000 - 0x00007ffc6d290000 	C:\Windows\System32\IMM32.DLL
0x00007ffc556c0000 - 0x00007ffc5575d000 	C:\Program Files\Android\Android Studio\jre\bin\msvcp140.dll
0x00007ffc11d80000 - 0x00007ffc12882000 	C:\Program Files\Android\Android Studio\jre\bin\server\jvm.dll
0x00007ffc6cea0000 - 0x00007ffc6cf4c000 	C:\Windows\System32\ADVAPI32.dll
0x00007ffc6c480000 - 0x00007ffc6c51b000 	C:\Windows\System32\sechost.dll
0x00007ffc6d720000 - 0x00007ffc6d84a000 	C:\Windows\System32\RPCRT4.dll
0x00007ffc6cf50000 - 0x00007ffc6cf58000 	C:\Windows\System32\PSAPI.DLL
0x00007ffc63f00000 - 0x00007ffc63f27000 	C:\Windows\SYSTEM32\WINMM.dll
0x00007ffc69230000 - 0x00007ffc6923a000 	C:\Windows\SYSTEM32\VERSION.dll
0x00007ffc58920000 - 0x00007ffc58929000 	C:\Windows\SYSTEM32\WSOCK32.dll
0x00007ffc6d920000 - 0x00007ffc6d98b000 	C:\Windows\System32\ws2_32.DLL
0x00007ffc69ad0000 - 0x00007ffc69ae2000 	C:\Windows\SYSTEM32\kernel.appcore.dll
0x00007ffc57390000 - 0x00007ffc573a1000 	C:\Program Files\Android\Android Studio\jre\bin\verify.dll
0x00007ffc50ea0000 - 0x00007ffc51084000 	C:\Windows\SYSTEM32\DBGHELP.DLL
0x00007ffc50e70000 - 0x00007ffc50e9c000 	C:\Windows\SYSTEM32\dbgcore.DLL
0x00007ffc6b7f0000 - 0x00007ffc6b873000 	C:\Windows\System32\bcryptPrimitives.dll
0x00007ffc48760000 - 0x00007ffc48789000 	C:\Program Files\Android\Android Studio\jre\bin\java.dll
0x00007ffc58910000 - 0x00007ffc5891b000 	C:\Program Files\Android\Android Studio\jre\bin\jimage.dll
0x00007ffc4cd70000 - 0x00007ffc4cd88000 	C:\Program Files\Android\Android Studio\jre\bin\zip.dll
0x00007ffc6c760000 - 0x00007ffc6ce9f000 	C:\Windows\System32\SHELL32.dll
0x00007ffc69330000 - 0x00007ffc69ac0000 	C:\Windows\SYSTEM32\windows.storage.dll
0x00007ffc6bea0000 - 0x00007ffc6c1f5000 	C:\Windows\System32\combase.dll
0x00007ffc6ac10000 - 0x00007ffc6ac3c000 	C:\Windows\SYSTEM32\Wldp.dll
0x00007ffc6c580000 - 0x00007ffc6c62d000 	C:\Windows\System32\SHCORE.dll
0x00007ffc6c3a0000 - 0x00007ffc6c3f5000 	C:\Windows\System32\shlwapi.dll
0x00007ffc6b170000 - 0x00007ffc6b18f000 	C:\Windows\SYSTEM32\profapi.dll
0x00007ffc48740000 - 0x00007ffc4875a000 	C:\Program Files\Android\Android Studio\jre\bin\net.dll
0x00007ffc62fb0000 - 0x00007ffc630b8000 	C:\Windows\SYSTEM32\WINHTTP.dll
0x00007ffc6a910000 - 0x00007ffc6a97a000 	C:\Windows\system32\mswsock.dll
0x00007ffc48720000 - 0x00007ffc48734000 	C:\Program Files\Android\Android Studio\jre\bin\nio.dll
0x00007ffc4c930000 - 0x00007ffc4c957000 	C:\Users\shweta android\.gradle\native\e1d6ef7f7dcc3fd88c89a11ec53ec762bb8ba0a96d01ffa2cd45eb1d1d8dd5c5\windows-amd64\native-platform.dll
0x00007ffc326e0000 - 0x00007ffc32824000 	C:\Users\shweta android\.gradle\native\0d407fdbe67a94daf76414ababcb853783967236a71b16ec16e742cd7a986fd3\windows-amd64\native-platform-file-events.dll
0x00007ffc551f0000 - 0x00007ffc551fa000 	C:\Program Files\Android\Android Studio\jre\bin\management.dll
0x00007ffc51e00000 - 0x00007ffc51e0d000 	C:\Program Files\Android\Android Studio\jre\bin\management_ext.dll
0x00007ffc6ab60000 - 0x00007ffc6ab78000 	C:\Windows\SYSTEM32\CRYPTSP.dll
0x00007ffc6a290000 - 0x00007ffc6a2c4000 	C:\Windows\system32\rsaenh.dll
0x00007ffc6b230000 - 0x00007ffc6b257000 	C:\Windows\System32\bcrypt.dll
0x00007ffc6b130000 - 0x00007ffc6b15e000 	C:\Windows\SYSTEM32\USERENV.dll
0x00007ffc6ab80000 - 0x00007ffc6ab8c000 	C:\Windows\SYSTEM32\CRYPTBASE.dll
0x00007ffc6a600000 - 0x00007ffc6a63b000 	C:\Windows\SYSTEM32\IPHLPAPI.DLL
0x00007ffc6d710000 - 0x00007ffc6d718000 	C:\Windows\System32\NSI.dll
0x00007ffc65880000 - 0x00007ffc65897000 	C:\Windows\SYSTEM32\dhcpcsvc6.DLL
0x00007ffc65af0000 - 0x00007ffc65b0d000 	C:\Windows\SYSTEM32\dhcpcsvc.DLL
0x00007ffc6a640000 - 0x00007ffc6a70c000 	C:\Windows\SYSTEM32\DNSAPI.dll
0x00007ffc32980000 - 0x00007ffc32b26000 	C:\Program Files\Android\Android Studio\jre\bin\awt.dll
0x00007ffc6d850000 - 0x00007ffc6d91d000 	C:\Windows\System32\OLEAUT32.dll
0x00007ffc68be0000 - 0x00007ffc68c0f000 	C:\Windows\SYSTEM32\dwmapi.dll
0x00007ffc687e0000 - 0x00007ffc68870000 	C:\Windows\SYSTEM32\apphelp.dll
0x00007ffc688e0000 - 0x00007ffc6897e000 	C:\Windows\system32\uxtheme.dll

dbghelp: loaded successfully - version: 4.0.5 - missing functions: none
symbol engine: initialized successfully - sym options: 0x614 - pdb path: .;C:\Program Files\Android\Android Studio\jre\bin;C:\Windows\SYSTEM32;C:\Windows\WinSxS\amd64_microsoft.windows.common-controls_6595b64144ccf1df_6.0.19041.1110_none_60b5254171f9507e;C:\Program Files\Android\Android Studio\jre\bin\server;C:\Users\shweta android\.gradle\native\e1d6ef7f7dcc3fd88c89a11ec53ec762bb8ba0a96d01ffa2cd45eb1d1d8dd5c5\windows-amd64;C:\Users\shweta android\.gradle\native\0d407fdbe67a94daf76414ababcb853783967236a71b16ec16e742cd7a986fd3\windows-amd64

VM Arguments:
jvm_args: --add-opens=java.base/java.util=ALL-UNNAMED --add-opens=java.base/java.lang=ALL-UNNAMED --add-opens=java.base/java.lang.invoke=ALL-UNNAMED --add-opens=java.base/java.util=ALL-UNNAMED --add-opens=java.prefs/java.util.prefs=ALL-UNNAMED --add-opens=java.prefs/java.util.prefs=ALL-UNNAMED --add-opens=java.base/java.nio.charset=ALL-UNNAMED --add-opens=java.base/java.net=ALL-UNNAMED --add-opens=java.base/java.util.concurrent.atomic=ALL-UNNAMED -Xmx1536m -Dfile.encoding=windows-1252 -Duser.country=US -Duser.language=en -Duser.variant 
java_command: org.gradle.launcher.daemon.bootstrap.GradleDaemon 7.4
java_class_path (initial): C:\Users\shweta android\.gradle\wrapper\dists\gradle-7.4-bin\c0gwcg53nkjbqw7r0h0umtfvt\gradle-7.4\lib\gradle-launcher-7.4.jar
Launcher Type: SUN_STANDARD

[Global flags]
     intx CICompilerCount                          = 4                                         {product} {ergonomic}
     uint ConcGCThreads                            = 2                                         {product} {ergonomic}
     uint G1ConcRefinementThreads                  = 8                                         {product} {ergonomic}
   size_t G1HeapRegionSize                         = 1048576                                   {product} {ergonomic}
    uintx GCDrainStackTargetSize                   = 64                                        {product} {ergonomic}
   size_t InitialHeapSize                          = 67108864                                  {product} {ergonomic}
   size_t MarkStackSize                            = 4194304                                   {product} {ergonomic}
   size_t MaxHeapSize                              = 1610612736                                {product} {command line}
   size_t MaxNewSize                               = 965738496                                 {product} {ergonomic}
   size_t MinHeapDeltaBytes                        = 1048576                                   {product} {ergonomic}
    uintx NonNMethodCodeHeapSize                   = 5836300                                {pd product} {ergonomic}
    uintx NonProfiledCodeHeapSize                  = 122910970                              {pd product} {ergonomic}
    uintx ProfiledCodeHeapSize                     = 122910970                              {pd product} {ergonomic}
    uintx ReservedCodeCacheSize                    = 251658240                              {pd product} {ergonomic}
     bool SegmentedCodeCache                       = true                                      {product} {ergonomic}
     bool UseCompressedClassPointers               = true                                 {lp64_product} {ergonomic}
     bool UseCompressedOops                        = true                                 {lp64_product} {ergonomic}
     bool UseG1GC                                  = true                                      {product} {ergonomic}
     bool UseLargePagesIndividualAllocation        = false                                  {pd product} {ergonomic}

Logging:
Log output configuration:
 #0: stdout all=warning uptime,level,tags
 #1: stderr all=off uptime,level,tags

Environment Variables:
PATH=C:\Windows\system32;C:\Windows;C:\Windows\System32\Wbem;C:\Windows\System32\WindowsPowerShell\v1.0\;C:\Windows\System32\OpenSSH\;C:\Program Files\Git\cmd;C:\Users\shweta android\AppData\Local\Microsoft\WindowsApps;
USERNAME=shweta android
OS=Windows_NT
PROCESSOR_IDENTIFIER=Intel64 Family 6 Model 60 Stepping 3, GenuineIntel



---------------  S Y S T E M  ---------------

OS: Windows 10 , 64 bit Build 19041 (10.0.19041.1202)
OS uptime: 1 days 0:46 hours

CPU:total 8 (initial active 8) (4 cores per cpu, 2 threads per core) family 6 model 60 stepping 3 microcode 0x27, cmov, cx8, fxsr, mmx, sse, sse2, sse3, ssse3, sse4.1, sse4.2, popcnt, avx, avx2, aes, clmul, erms, lzcnt, ht, tsc, tscinvbit, bmi1, bmi2, fma

Memory: 4k page, system-wide physical 4007M (268M free)
TotalPageFile size 10179M (AvailPageFile size 5M)
current process WorkingSet (physical memory assigned to process): 378M, peak: 378M
current process commit charge ("private bytes"): 641M, peak: 642M

vm_info: OpenJDK 64-Bit Server VM (11.0.13+0-b1751.21-8125866) for windows-amd64 JRE (11.0.13+0-b1751.21-8125866), built on Feb  2 2022 03:00:22 by "builder" with MS VC++ 14.0 (VS2015)

END.
