#
# There is insufficient memory for the Java Runtime Environment to continue.
# Native memory allocation (malloc) failed to allocate 1085936 bytes for Chunk::new
# Possible reasons:
#   The system is out of physical RAM or swap space
#   The process is running with CompressedOops enabled, and the Java Heap may be blocking the growth of the native heap
# Possible solutions:
#   Reduce memory load on the system
#   Increase physical memory or swap space
#   Check if swap backing store is full
#   Decrease Java heap size (-Xmx/-Xms)
#   Decrease number of Java threads
#   Decrease Java thread stack sizes (-Xss)
#   Set larger code cache with -XX:ReservedCodeCacheSize=
#   JVM is running with Unscaled Compressed Oops mode in which the Java heap is
#     placed in the first 4GB address space. The Java Heap base address is the
#     maximum limit for the native heap growth. Please use -XX:HeapBaseMinAddress
#     to set the Java Heap base and to place the Java Heap above 4GB virtual address.
# This output file may be truncated or incomplete.
#
#  Out of Memory Error (./src/hotspot/share/memory/arena.cpp:197), pid=21868, tid=12456
#
# JRE version: OpenJDK Runtime Environment (11.0.13) (build 11.0.13+0-b1751.21-8125866)
# Java VM: OpenJDK 64-Bit Server VM (11.0.13+0-b1751.21-8125866, mixed mode, tiered, compressed oops, g1 gc, windows-amd64)
# No core dump will be written. Minidumps are not enabled by default on client versions of Windows
#

---------------  S U M M A R Y ------------

Command Line: --add-opens=java.base/java.util=ALL-UNNAMED --add-opens=java.base/java.lang=ALL-UNNAMED --add-opens=java.base/java.lang.invoke=ALL-UNNAMED --add-opens=java.base/java.util=ALL-UNNAMED --add-opens=java.prefs/java.util.prefs=ALL-UNNAMED --add-opens=java.prefs/java.util.prefs=ALL-UNNAMED --add-opens=java.base/java.nio.charset=ALL-UNNAMED --add-opens=java.base/java.net=ALL-UNNAMED --add-opens=java.base/java.util.concurrent.atomic=ALL-UNNAMED -Xmx1536m -Dfile.encoding=windows-1252 -Duser.country=US -Duser.language=en -Duser.variant org.gradle.launcher.daemon.bootstrap.GradleDaemon 7.4

Host: Intel(R) Core(TM) i7-4770 CPU @ 3.40GHz, 8 cores, 3G,  Windows 10 , 64 bit Build 19041 (10.0.19041.1202)
Time: Fri Nov 25 15:57:46 2022 India Standard Time elapsed time: 10.906392 seconds (0d 0h 0m 10s)

---------------  T H R E A D  ---------------

Current thread (0x000001ed34cb0000):  JavaThread "C2 CompilerThread0" daemon [_thread_in_native, id=12456, stack(0x00000019ee100000,0x00000019ee200000)]


Current CompileTask:
C2:  10906 8491       4       java.io.WinNTFileSystem::normalize (143 bytes)

Stack: [0x00000019ee100000,0x00000019ee200000]
Native frames: (J=compiled Java code, j=interpreted, Vv=VM code, C=native code)
V  [jvm.dll+0x6100fa]
V  [jvm.dll+0x747090]
V  [jvm.dll+0x7486ad]
V  [jvm.dll+0x748d83]
V  [jvm.dll+0x24ab48]
V  [jvm.dll+0xc04dc]
V  [jvm.dll+0xc0a0c]
V  [jvm.dll+0x35eb5b]
V  [jvm.dll+0x32b833]
V  [jvm.dll+0x32ad2a]
V  [jvm.dll+0x2032b2]
V  [jvm.dll+0x202437]
V  [jvm.dll+0x188e01]
V  [jvm.dll+0x21106b]
V  [jvm.dll+0x20f8c1]
V  [jvm.dll+0x70de0f]
V  [jvm.dll+0x706a75]
V  [jvm.dll+0x60ed66]
C  [ucrtbase.dll+0x21bb2]
C  [KERNEL32.DLL+0x17034]
C  [ntdll.dll+0x52651]


---------------  P R O C E S S  ---------------

Threads class SMR info:
_java_thread_list=0x000001ed3b1651c0, length=133, elements={
0x000001ed1a9ec000, 0x000001ed34316000, 0x000001ed34320800, 0x000001ed34ca0800,
0x000001ed34ca2800, 0x000001ed34ca4000, 0x000001ed34cb0000, 0x000001ed3437c000,
0x000001ed34381000, 0x000001ed34e1c800, 0x000001ed36f21800, 0x000001ed35d88000,
0x000001ed36f71000, 0x000001ed36cd7800, 0x000001ed36cd8000, 0x000001ed3738e800,
0x000001ed35bd0800, 0x000001ed35bd1000, 0x000001ed36ea7000, 0x000001ed36ea7800,
0x000001ed37086000, 0x000001ed3708a000, 0x000001ed37087800, 0x000001ed37089000,
0x000001ed3708b000, 0x000001ed37085000, 0x000001ed37088800, 0x000001ed3708b800,
0x000001ed37086800, 0x000001ed394ed000, 0x000001ed394ec000, 0x000001ed394ee000,
0x000001ed394eb800, 0x000001ed394ee800, 0x000001ed394ef800, 0x000001ed394ea800,
0x000001ed394e9800, 0x000001ed394f5000, 0x000001ed394f6000, 0x000001ed394f0800,
0x000001ed394f1000, 0x000001ed394f7000, 0x000001ed394f4800, 0x000001ed394f2000,
0x000001ed394f7800, 0x000001ed394f2800, 0x000001ed394f3800, 0x000001ed3997e000,
0x000001ed3997c800, 0x000001ed3997d000, 0x000001ed3997f000, 0x000001ed3997f800,
0x000001ed39980800, 0x000001ed39981800, 0x000001ed3997b800, 0x000001ed39983000,
0x000001ed39987000, 0x000001ed39988000, 0x000001ed39984000, 0x000001ed39982000,
0x000001ed39988800, 0x000001ed39989800, 0x000001ed39986000, 0x000001ed3998a800,
0x000001ed39984800, 0x000001ed39985800, 0x000001ed3994c000, 0x000001ed39948800,
0x000001ed3994d800, 0x000001ed3994e800, 0x000001ed3994f000, 0x000001ed3994d000,
0x000001ed3994a800, 0x000001ed39949800, 0x000001ed39950000, 0x000001ed39951000,
0x000001ed3994b000, 0x000001ed39952800, 0x000001ed39951800, 0x000001ed39954000,
0x000001ed39955000, 0x000001ed39957800, 0x000001ed39953800, 0x000001ed39955800,
0x000001ed39956800, 0x000001ed39b44800, 0x000001ed39b47000, 0x000001ed39b43800,
0x000001ed39b42000, 0x000001ed39b41800, 0x000001ed39b43000, 0x000001ed39b46000,
0x000001ed39b4a800, 0x000001ed39b45800, 0x000001ed39b4c800, 0x000001ed39b4c000,
0x000001ed39b4b000, 0x000001ed39b4d800, 0x000001ed39b48000, 0x000001ed39b4e800,
0x000001ed39b48800, 0x000001ed39b4f000, 0x000001ed39b49800, 0x000001ed39b50000,
0x000001ed39ce2000, 0x000001ed39ce4800, 0x000001ed39ce2800, 0x000001ed39ce3800,
0x000001ed39ce1000, 0x000001ed39ce0000, 0x000001ed39ce5000, 0x000001ed39cdf800,
0x000001ed39ce9000, 0x000001ed39ce6000, 0x000001ed39cec800, 0x000001ed39ce7000,
0x000001ed39ce8800, 0x000001ed39ced800, 0x000001ed39cea000, 0x000001ed39ceb000,
0x000001ed39ceb800, 0x000001ed39ce7800, 0x000001ed39cee000, 0x000001ed3d261000,
0x000001ed3d25e800, 0x000001ed3d260000, 0x000001ed3d25d800, 0x000001ed3d25f800,
0x000001ed3d262000, 0x000001ed3d25c000, 0x000001ed3d25d000, 0x000001ed3d348000,
0x000001ed3d347000
}

Java Threads: ( => current thread )
  0x000001ed1a9ec000 JavaThread "main" [_thread_blocked, id=23400, stack(0x00000019ed500000,0x00000019ed600000)]
  0x000001ed34316000 JavaThread "Reference Handler" daemon [_thread_blocked, id=18784, stack(0x00000019edc00000,0x00000019edd00000)]
  0x000001ed34320800 JavaThread "Finalizer" daemon [_thread_blocked, id=5652, stack(0x00000019edd00000,0x00000019ede00000)]
  0x000001ed34ca0800 JavaThread "Signal Dispatcher" daemon [_thread_blocked, id=12628, stack(0x00000019ede00000,0x00000019edf00000)]
  0x000001ed34ca2800 JavaThread "Attach Listener" daemon [_thread_blocked, id=10508, stack(0x00000019edf00000,0x00000019ee000000)]
  0x000001ed34ca4000 JavaThread "Service Thread" daemon [_thread_blocked, id=16516, stack(0x00000019ee000000,0x00000019ee100000)]
=>0x000001ed34cb0000 JavaThread "C2 CompilerThread0" daemon [_thread_in_native, id=12456, stack(0x00000019ee100000,0x00000019ee200000)]
  0x000001ed3437c000 JavaThread "C1 CompilerThread0" daemon [_thread_blocked, id=22916, stack(0x00000019ee200000,0x00000019ee300000)]
  0x000001ed34381000 JavaThread "Sweeper thread" daemon [_thread_blocked, id=8392, stack(0x00000019ee300000,0x00000019ee400000)]
  0x000001ed34e1c800 JavaThread "Common-Cleaner" daemon [_thread_blocked, id=11872, stack(0x00000019ee400000,0x00000019ee500000)]
  0x000001ed36f21800 JavaThread "Daemon health stats" [_thread_blocked, id=24456, stack(0x00000019ee700000,0x00000019ee800000)]
  0x000001ed35d88000 JavaThread "Incoming local TCP Connector on port 59998" [_thread_in_native, id=1340, stack(0x00000019ee800000,0x00000019ee900000)]
  0x000001ed36f71000 JavaThread "Daemon periodic checks" [_thread_blocked, id=28724, stack(0x00000019ee900000,0x00000019eea00000)]
  0x000001ed36cd7800 JavaThread "Daemon" [_thread_blocked, id=17184, stack(0x00000019eea00000,0x00000019eeb00000)]
  0x000001ed36cd8000 JavaThread "Handler for socket connection from /127.0.0.1:59998 to /127.0.0.1:59999" [_thread_in_native, id=1656, stack(0x00000019eeb00000,0x00000019eec00000)]
  0x000001ed3738e800 JavaThread "Cancel handler" [_thread_blocked, id=22404, stack(0x00000019eec00000,0x00000019eed00000)]
  0x000001ed35bd0800 JavaThread "Daemon worker" [_thread_blocked, id=18360, stack(0x00000019eed00000,0x00000019eee00000)]
  0x000001ed35bd1000 JavaThread "Asynchronous log dispatcher for DefaultDaemonConnection: socket connection from /127.0.0.1:59998 to /127.0.0.1:59999" [_thread_blocked, id=29356, stack(0x00000019eee00000,0x00000019eef00000)]
  0x000001ed36ea7000 JavaThread "Stdin handler" [_thread_blocked, id=26384, stack(0x00000019eef00000,0x00000019ef000000)]
  0x000001ed36ea7800 JavaThread "Daemon client event forwarder" [_thread_blocked, id=23256, stack(0x00000019ef000000,0x00000019ef100000)]
  0x000001ed37086000 JavaThread "Cache worker for journal cache (C:\Users\shweta android\.gradle\caches\journal-1)" [_thread_blocked, id=7632, stack(0x00000019ef700000,0x00000019ef800000)]
  0x000001ed3708a000 JavaThread "File lock request listener" [_thread_in_native, id=25736, stack(0x00000019ef800000,0x00000019ef900000)]
  0x000001ed37087800 JavaThread "Cache worker for file hash cache (C:\Users\shweta android\.gradle\caches\7.4\fileHashes)" [_thread_blocked, id=15024, stack(0x00000019ef900000,0x00000019efa00000)]
  0x000001ed37089000 JavaThread "File watcher server" daemon [_thread_in_native, id=11992, stack(0x00000019efb00000,0x00000019efc00000)]
  0x000001ed3708b000 JavaThread "File watcher consumer" daemon [_thread_blocked, id=19360, stack(0x00000019efc00000,0x00000019efd00000)]
  0x000001ed37085000 JavaThread "Cache worker for checksums cache (D:\sonalika apk\sonalikaM23 09 22\.gradle\7.4\checksums)" [_thread_blocked, id=24088, stack(0x00000019efd00000,0x00000019efe00000)]
  0x000001ed37088800 JavaThread "Cache worker for cache directory md-rule (C:\Users\shweta android\.gradle\caches\7.4\md-rule)" [_thread_blocked, id=24848, stack(0x00000019efe00000,0x00000019eff00000)]
  0x000001ed3708b800 JavaThread "Cache worker for file hash cache (D:\sonalika apk\sonalikaM23 09 22\.gradle\7.4\fileHashes)" [_thread_blocked, id=22288, stack(0x00000019eff00000,0x00000019f0000000)]
  0x000001ed37086800 JavaThread "Cache worker for cache directory md-supplier (C:\Users\shweta android\.gradle\caches\7.4\md-supplier)" [_thread_blocked, id=22212, stack(0x00000019f0000000,0x00000019f0100000)]
  0x000001ed394ed000 JavaThread "Cache worker for execution history cache (C:\Users\shweta android\.gradle\caches\7.4\executionHistory)" [_thread_blocked, id=10708, stack(0x00000019f0100000,0x00000019f0200000)]
  0x000001ed394ec000 JavaThread "jar transforms" [_thread_blocked, id=24268, stack(0x00000019f0200000,0x00000019f0300000)]
  0x000001ed394ee000 JavaThread "jar transforms Thread 2" [_thread_blocked, id=2296, stack(0x00000019f0300000,0x00000019f0400000)]
  0x000001ed394eb800 JavaThread "Cache worker for file content cache (C:\Users\shweta android\.gradle\caches\7.4\fileContent)" [_thread_blocked, id=18276, stack(0x00000019f0400000,0x00000019f0500000)]
  0x000001ed394ee800 JavaThread "Cache worker for dependencies-accessors (D:\sonalika apk\sonalikaM23 09 22\.gradle\7.4\dependencies-accessors)" [_thread_blocked, id=22800, stack(0x00000019f0500000,0x00000019f0600000)]
  0x000001ed394ef800 JavaThread "jar transforms Thread 3" [_thread_blocked, id=2604, stack(0x00000019f0600000,0x00000019f0700000)]
  0x000001ed394ea800 JavaThread "Cache worker for Build Output Cleanup Cache (D:\sonalika apk\sonalikaM23 09 22\.gradle\buildOutputCleanup)" [_thread_blocked, id=22552, stack(0x00000019f0700000,0x00000019f0800000)]
  0x000001ed394e9800 JavaThread "Unconstrained build operations" [_thread_in_vm, id=12020, stack(0x00000019f0800000,0x00000019f0900000)]
  0x000001ed394f5000 JavaThread "Unconstrained build operations Thread 2" [_thread_blocked, id=25616, stack(0x00000019f0900000,0x00000019f0a00000)]
  0x000001ed394f6000 JavaThread "Unconstrained build operations Thread 3" [_thread_blocked, id=16232, stack(0x00000019f0a00000,0x00000019f0b00000)]
  0x000001ed394f0800 JavaThread "Unconstrained build operations Thread 4" [_thread_blocked, id=26532, stack(0x00000019f0b00000,0x00000019f0c00000)]
  0x000001ed394f1000 JavaThread "Unconstrained build operations Thread 5" [_thread_blocked, id=18048, stack(0x00000019f0c00000,0x00000019f0d00000)]
  0x000001ed394f7000 JavaThread "Unconstrained build operations Thread 6" [_thread_blocked, id=21452, stack(0x00000019f0d00000,0x00000019f0e00000)]
  0x000001ed394f4800 JavaThread "Unconstrained build operations Thread 7" [_thread_blocked, id=20236, stack(0x00000019f0e00000,0x00000019f0f00000)]
  0x000001ed394f2000 JavaThread "Unconstrained build operations Thread 8" [_thread_in_vm, id=4944, stack(0x00000019f0f00000,0x00000019f1000000)]
  0x000001ed394f7800 JavaThread "Unconstrained build operations Thread 9" [_thread_blocked, id=11640, stack(0x00000019f1000000,0x00000019f1100000)]
  0x000001ed394f2800 JavaThread "Unconstrained build operations Thread 10" [_thread_in_vm, id=19364, stack(0x00000019f1100000,0x00000019f1200000)]
  0x000001ed394f3800 JavaThread "Unconstrained build operations Thread 11" [_thread_blocked, id=16544, stack(0x00000019f1200000,0x00000019f1300000)]
  0x000001ed3997e000 JavaThread "Unconstrained build operations Thread 12" [_thread_blocked, id=10464, stack(0x00000019f1300000,0x00000019f1400000)]
  0x000001ed3997c800 JavaThread "Unconstrained build operations Thread 13" [_thread_blocked, id=88, stack(0x00000019f1400000,0x00000019f1500000)]
  0x000001ed3997d000 JavaThread "Unconstrained build operations Thread 14" [_thread_in_vm, id=29388, stack(0x00000019f1500000,0x00000019f1600000)]
  0x000001ed3997f000 JavaThread "Unconstrained build operations Thread 15" [_thread_blocked, id=14192, stack(0x00000019f1600000,0x00000019f1700000)]
  0x000001ed3997f800 JavaThread "Unconstrained build operations Thread 16" [_thread_blocked, id=6300, stack(0x00000019f1700000,0x00000019f1800000)]
  0x000001ed39980800 JavaThread "Unconstrained build operations Thread 17" [_thread_blocked, id=28556, stack(0x00000019f1800000,0x00000019f1900000)]
  0x000001ed39981800 JavaThread "Unconstrained build operations Thread 18" [_thread_blocked, id=21212, stack(0x00000019f1900000,0x00000019f1a00000)]
  0x000001ed3997b800 JavaThread "Unconstrained build operations Thread 19" [_thread_blocked, id=7288, stack(0x00000019f1a00000,0x00000019f1b00000)]
  0x000001ed39983000 JavaThread "Unconstrained build operations Thread 20" [_thread_blocked, id=24060, stack(0x00000019f1b00000,0x00000019f1c00000)]
  0x000001ed39987000 JavaThread "Unconstrained build operations Thread 21" [_thread_blocked, id=21972, stack(0x00000019f1c00000,0x00000019f1d00000)]
  0x000001ed39988000 JavaThread "Unconstrained build operations Thread 22" [_thread_blocked, id=15572, stack(0x00000019f1d00000,0x00000019f1e00000)]
  0x000001ed39984000 JavaThread "Unconstrained build operations Thread 23" [_thread_blocked, id=18300, stack(0x00000019f1e00000,0x00000019f1f00000)]
  0x000001ed39982000 JavaThread "Unconstrained build operations Thread 24" [_thread_blocked, id=12844, stack(0x00000019f1f00000,0x00000019f2000000)]
  0x000001ed39988800 JavaThread "Unconstrained build operations Thread 25" [_thread_blocked, id=14080, stack(0x00000019f2000000,0x00000019f2100000)]
  0x000001ed39989800 JavaThread "Unconstrained build operations Thread 26" [_thread_blocked, id=12416, stack(0x00000019f2100000,0x00000019f2200000)]
  0x000001ed39986000 JavaThread "Unconstrained build operations Thread 27" [_thread_blocked, id=3040, stack(0x00000019f2200000,0x00000019f2300000)]
  0x000001ed3998a800 JavaThread "Unconstrained build operations Thread 28" [_thread_blocked, id=13724, stack(0x00000019f2300000,0x00000019f2400000)]
  0x000001ed39984800 JavaThread "Unconstrained build operations Thread 29" [_thread_blocked, id=18596, stack(0x00000019f2400000,0x00000019f2500000)]
  0x000001ed39985800 JavaThread "Unconstrained build operations Thread 30" [_thread_blocked, id=20536, stack(0x00000019f2500000,0x00000019f2600000)]
  0x000001ed3994c000 JavaThread "Unconstrained build operations Thread 31" [_thread_blocked, id=11144, stack(0x00000019f2600000,0x00000019f2700000)]
  0x000001ed39948800 JavaThread "Unconstrained build operations Thread 32" [_thread_blocked, id=1008, stack(0x00000019f2700000,0x00000019f2800000)]
  0x000001ed3994d800 JavaThread "Unconstrained build operations Thread 33" [_thread_blocked, id=11344, stack(0x00000019f2800000,0x00000019f2900000)]
  0x000001ed3994e800 JavaThread "Unconstrained build operations Thread 34" [_thread_blocked, id=7972, stack(0x00000019f2900000,0x00000019f2a00000)]
  0x000001ed3994f000 JavaThread "Unconstrained build operations Thread 35" [_thread_blocked, id=27148, stack(0x00000019f2a00000,0x00000019f2b00000)]
  0x000001ed3994d000 JavaThread "Unconstrained build operations Thread 36" [_thread_blocked, id=20528, stack(0x00000019f2b00000,0x00000019f2c00000)]
  0x000001ed3994a800 JavaThread "Unconstrained build operations Thread 37" [_thread_blocked, id=22600, stack(0x00000019f2c00000,0x00000019f2d00000)]
  0x000001ed39949800 JavaThread "Unconstrained build operations Thread 38" [_thread_blocked, id=25748, stack(0x00000019f2d00000,0x00000019f2e00000)]
  0x000001ed39950000 JavaThread "Unconstrained build operations Thread 39" [_thread_blocked, id=27516, stack(0x00000019f2e00000,0x00000019f2f00000)]
  0x000001ed39951000 JavaThread "Unconstrained build operations Thread 40" [_thread_blocked, id=24628, stack(0x00000019f2f00000,0x00000019f3000000)]
  0x000001ed3994b000 JavaThread "Unconstrained build operations Thread 41" [_thread_blocked, id=7672, stack(0x00000019f3000000,0x00000019f3100000)]
  0x000001ed39952800 JavaThread "Unconstrained build operations Thread 42" [_thread_blocked, id=21060, stack(0x00000019f3100000,0x00000019f3200000)]
  0x000001ed39951800 JavaThread "Unconstrained build operations Thread 43" [_thread_blocked, id=6116, stack(0x00000019f3200000,0x00000019f3300000)]
  0x000001ed39954000 JavaThread "Unconstrained build operations Thread 44" [_thread_blocked, id=22928, stack(0x00000019f3300000,0x00000019f3400000)]
  0x000001ed39955000 JavaThread "Unconstrained build operations Thread 45" [_thread_blocked, id=22116, stack(0x00000019f3400000,0x00000019f3500000)]
  0x000001ed39957800 JavaThread "Unconstrained build operations Thread 46" [_thread_blocked, id=23456, stack(0x00000019f3500000,0x00000019f3600000)]
  0x000001ed39953800 JavaThread "Unconstrained build operations Thread 47" [_thread_in_vm, id=18932, stack(0x00000019f3600000,0x00000019f3700000)]
  0x000001ed39955800 JavaThread "Unconstrained build operations Thread 48" [_thread_blocked, id=12992, stack(0x00000019f3700000,0x00000019f3800000)]
  0x000001ed39956800 JavaThread "Unconstrained build operations Thread 49" [_thread_blocked, id=21204, stack(0x00000019f3800000,0x00000019f3900000)]
  0x000001ed39b44800 JavaThread "Unconstrained build operations Thread 50" [_thread_blocked, id=18944, stack(0x00000019f3900000,0x00000019f3a00000)]
  0x000001ed39b47000 JavaThread "Unconstrained build operations Thread 51" [_thread_blocked, id=20352, stack(0x00000019f3a00000,0x00000019f3b00000)]
  0x000001ed39b43800 JavaThread "Unconstrained build operations Thread 52" [_thread_blocked, id=12824, stack(0x00000019f3b00000,0x00000019f3c00000)]
  0x000001ed39b42000 JavaThread "Unconstrained build operations Thread 53" [_thread_blocked, id=12752, stack(0x00000019f3c00000,0x00000019f3d00000)]
  0x000001ed39b41800 JavaThread "Unconstrained build operations Thread 54" [_thread_blocked, id=19088, stack(0x00000019f3d00000,0x00000019f3e00000)]
  0x000001ed39b43000 JavaThread "Unconstrained build operations Thread 55" [_thread_blocked, id=25344, stack(0x00000019f3e00000,0x00000019f3f00000)]
  0x000001ed39b46000 JavaThread "Unconstrained build operations Thread 56" [_thread_blocked, id=26016, stack(0x00000019f3f00000,0x00000019f4000000)]
  0x000001ed39b4a800 JavaThread "Unconstrained build operations Thread 57" [_thread_blocked, id=20708, stack(0x00000019f4000000,0x00000019f4100000)]
  0x000001ed39b45800 JavaThread "Unconstrained build operations Thread 58" [_thread_blocked, id=9892, stack(0x00000019f4100000,0x00000019f4200000)]
  0x000001ed39b4c800 JavaThread "Unconstrained build operations Thread 59" [_thread_blocked, id=26740, stack(0x00000019f4200000,0x00000019f4300000)]
  0x000001ed39b4c000 JavaThread "Unconstrained build operations Thread 60" [_thread_blocked, id=13120, stack(0x00000019f4300000,0x00000019f4400000)]
  0x000001ed39b4b000 JavaThread "Unconstrained build operations Thread 61" [_thread_blocked, id=3936, stack(0x00000019f4400000,0x00000019f4500000)]
  0x000001ed39b4d800 JavaThread "Unconstrained build operations Thread 62" [_thread_blocked, id=17228, stack(0x00000019f4500000,0x00000019f4600000)]
  0x000001ed39b48000 JavaThread "Unconstrained build operations Thread 63" [_thread_blocked, id=20796, stack(0x00000019f4600000,0x00000019f4700000)]
  0x000001ed39b4e800 JavaThread "Unconstrained build operations Thread 64" [_thread_blocked, id=19668, stack(0x00000019f4700000,0x00000019f4800000)]
  0x000001ed39b48800 JavaThread "Unconstrained build operations Thread 65" [_thread_in_vm, id=9644, stack(0x00000019f4800000,0x00000019f4900000)]
  0x000001ed39b4f000 JavaThread "Unconstrained build operations Thread 66" [_thread_blocked, id=26288, stack(0x00000019f4900000,0x00000019f4a00000)]
  0x000001ed39b49800 JavaThread "Unconstrained build operations Thread 67" [_thread_blocked, id=25476, stack(0x00000019f4a00000,0x00000019f4b00000)]
  0x000001ed39b50000 JavaThread "Unconstrained build operations Thread 68" [_thread_in_vm, id=28564, stack(0x00000019f4b00000,0x00000019f4c00000)]
  0x000001ed39ce2000 JavaThread "Unconstrained build operations Thread 69" [_thread_blocked, id=22704, stack(0x00000019f4c00000,0x00000019f4d00000)]
  0x000001ed39ce4800 JavaThread "Unconstrained build operations Thread 70" [_thread_blocked, id=14932, stack(0x00000019f4d00000,0x00000019f4e00000)]
  0x000001ed39ce2800 JavaThread "Unconstrained build operations Thread 71" [_thread_blocked, id=13132, stack(0x00000019f4e00000,0x00000019f4f00000)]
  0x000001ed39ce3800 JavaThread "Unconstrained build operations Thread 72" [_thread_blocked, id=8028, stack(0x00000019f4f00000,0x00000019f5000000)]
  0x000001ed39ce1000 JavaThread "Unconstrained build operations Thread 73" [_thread_blocked, id=27860, stack(0x00000019f5000000,0x00000019f5100000)]
  0x000001ed39ce0000 JavaThread "Unconstrained build operations Thread 74" [_thread_blocked, id=24388, stack(0x00000019f5100000,0x00000019f5200000)]
  0x000001ed39ce5000 JavaThread "Unconstrained build operations Thread 75" [_thread_blocked, id=12852, stack(0x00000019f5200000,0x00000019f5300000)]
  0x000001ed39cdf800 JavaThread "Unconstrained build operations Thread 76" [_thread_blocked, id=19328, stack(0x00000019f5300000,0x00000019f5400000)]
  0x000001ed39ce9000 JavaThread "Unconstrained build operations Thread 77" [_thread_blocked, id=14456, stack(0x00000019f5400000,0x00000019f5500000)]
  0x000001ed39ce6000 JavaThread "Unconstrained build operations Thread 78" [_thread_blocked, id=19380, stack(0x00000019f5500000,0x00000019f5600000)]
  0x000001ed39cec800 JavaThread "Unconstrained build operations Thread 79" [_thread_blocked, id=23364, stack(0x00000019f5600000,0x00000019f5700000)]
  0x000001ed39ce7000 JavaThread "Unconstrained build operations Thread 80" [_thread_blocked, id=29292, stack(0x00000019f5700000,0x00000019f5800000)]
  0x000001ed39ce8800 JavaThread "jar transforms Thread 4" [_thread_blocked, id=23072, stack(0x00000019f5800000,0x00000019f5900000)]
  0x000001ed39ced800 JavaThread "jar transforms Thread 5" [_thread_blocked, id=7244, stack(0x00000019f5900000,0x00000019f5a00000)]
  0x000001ed39cea000 JavaThread "jar transforms Thread 6" [_thread_blocked, id=22932, stack(0x00000019f5a00000,0x00000019f5b00000)]
  0x000001ed39ceb000 JavaThread "jar transforms Thread 7" [_thread_blocked, id=23608, stack(0x00000019f5b00000,0x00000019f5c00000)]
  0x000001ed39ceb800 JavaThread "jar transforms Thread 8" [_thread_blocked, id=9724, stack(0x00000019f5c00000,0x00000019f5d00000)]
  0x000001ed39ce7800 JavaThread "Memory manager" [_thread_blocked, id=27576, stack(0x00000019f5d00000,0x00000019f5e00000)]
  0x000001ed39cee000 JavaThread "build event listener" [_thread_blocked, id=25700, stack(0x00000019f5e00000,0x00000019f5f00000)]
  0x000001ed3d261000 JavaThread "build event listener" [_thread_blocked, id=29228, stack(0x00000019f5f00000,0x00000019f6000000)]
  0x000001ed3d25e800 JavaThread "included builds" [_thread_blocked, id=16052, stack(0x00000019f6000000,0x00000019f6100000)]
  0x000001ed3d260000 JavaThread "Execution worker for ':'" [_thread_blocked, id=29404, stack(0x00000019f6100000,0x00000019f6200000)]
  0x000001ed3d25d800 JavaThread "Execution worker for ':' Thread 2" [_thread_blocked, id=492, stack(0x00000019f6200000,0x00000019f6300000)]
  0x000001ed3d25f800 JavaThread "Execution worker for ':' Thread 3" [_thread_blocked, id=15268, stack(0x00000019f6300000,0x00000019f6400000)]
  0x000001ed3d262000 JavaThread "Execution worker for ':' Thread 4" [_thread_blocked, id=23600, stack(0x00000019f6400000,0x00000019f6500000)]
  0x000001ed3d25c000 JavaThread "Execution worker for ':' Thread 5" [_thread_blocked, id=16040, stack(0x00000019f6500000,0x00000019f6600000)]
  0x000001ed3d25d000 JavaThread "Execution worker for ':' Thread 6" [_thread_in_Java, id=22724, stack(0x00000019f6600000,0x00000019f6700000)]
  0x000001ed3d348000 JavaThread "Execution worker for ':' Thread 7" [_thread_blocked, id=22896, stack(0x00000019f6700000,0x00000019f6800000)]
  0x000001ed3d347000 JavaThread "Cache worker for execution history cache (D:\sonalika apk\sonalikaM23 09 22\.gradle\7.4\executionHistory)" [_thread_blocked, id=5424, stack(0x00000019f6800000,0x00000019f6900000)]

Other Threads:
  0x000001ed342f1000 VMThread "VM Thread" [stack: 0x00000019edb00000,0x00000019edc00000] [id=23068]
  0x000001ed34e39800 WatcherThread [stack: 0x00000019ee500000,0x00000019ee600000] [id=15160]
  0x000001ed1aa05800 GCTaskThread "GC Thread#0" [stack: 0x00000019ed600000,0x00000019ed700000] [id=19864]
  0x000001ed358b6800 GCTaskThread "GC Thread#1" [stack: 0x00000019ee600000,0x00000019ee700000] [id=12116]
  0x000001ed36f71800 GCTaskThread "GC Thread#2" [stack: 0x00000019ef100000,0x00000019ef200000] [id=24580]
  0x000001ed370b4000 GCTaskThread "GC Thread#3" [stack: 0x00000019ef200000,0x00000019ef300000] [id=18952]
  0x000001ed35bbc000 GCTaskThread "GC Thread#4" [stack: 0x00000019ef300000,0x00000019ef400000] [id=13336]
  0x000001ed35bbc800 GCTaskThread "GC Thread#5" [stack: 0x00000019ef400000,0x00000019ef500000] [id=12104]
  0x000001ed371dd000 GCTaskThread "GC Thread#6" [stack: 0x00000019ef500000,0x00000019ef600000] [id=6216]
  0x000001ed371dd800 GCTaskThread "GC Thread#7" [stack: 0x00000019ef600000,0x00000019ef700000] [id=22680]
  0x000001ed1aa2c000 ConcurrentGCThread "G1 Main Marker" [stack: 0x00000019ed700000,0x00000019ed800000] [id=7760]
  0x000001ed1aa2d800 ConcurrentGCThread "G1 Conc#0" [stack: 0x00000019ed800000,0x00000019ed900000] [id=23712]
  0x000001ed3750d000 ConcurrentGCThread "G1 Conc#1" [stack: 0x00000019efa00000,0x00000019efb00000] [id=13672]
  0x000001ed1aa9c800 ConcurrentGCThread "G1 Refine#0" [stack: 0x00000019ed900000,0x00000019eda00000] [id=27944]
  0x000001ed1aa9f800 ConcurrentGCThread "G1 Young RemSet Sampling" [stack: 0x00000019eda00000,0x00000019edb00000] [id=24408]

Threads with active compile tasks:
C2 CompilerThread0  10952 8491       4       java.io.WinNTFileSystem::normalize (143 bytes)

VM state:not at safepoint (normal execution)

VM Mutex/Monitor currently owned by a thread: None

Heap address: 0x00000000a0000000, size: 1536 MB, Compressed Oops mode: 32-bit
Narrow klass base: 0x0000000000000000, Narrow klass shift: 3
Compressed class space size: 1073741824 Address: 0x0000000100000000

Heap:
 garbage-first heap   total 165888K, used 85382K [0x00000000a0000000, 0x0000000100000000)
  region size 1024K, 17 young (17408K), 6 survivors (6144K)
 Metaspace       used 85868K, capacity 88202K, committed 88316K, reserved 1126400K
  class space    used 11158K, capacity 12036K, committed 12108K, reserved 1048576K
Heap Regions: E=young(eden), S=young(survivor), O=old, HS=humongous(starts), HC=humongous(continues), CS=collection set, F=free, A=archive, TAMS=top-at-mark-start (previous, next)
|   0|0x00000000a0000000, 0x00000000a0100000, 0x00000000a0100000|100%| O|  |TAMS 0x00000000a0100000, 0x00000000a0000000| Updating 
|   1|0x00000000a0100000, 0x00000000a0200000, 0x00000000a0200000|100%| O|  |TAMS 0x00000000a0200000, 0x00000000a0100000| Updating 
|   2|0x00000000a0200000, 0x00000000a0300000, 0x00000000a0300000|100%| O|  |TAMS 0x00000000a0300000, 0x00000000a0200000| Updating 
|   3|0x00000000a0300000, 0x00000000a0400000, 0x00000000a0400000|100%|HS|  |TAMS 0x00000000a0400000, 0x00000000a0300000| Complete 
|   4|0x00000000a0400000, 0x00000000a0500000, 0x00000000a0500000|100%|HC|  |TAMS 0x00000000a0500000, 0x00000000a0400000| Complete 
|   5|0x00000000a0500000, 0x00000000a0600000, 0x00000000a0600000|100%|HC|  |TAMS 0x00000000a0600000, 0x00000000a0500000| Complete 
|   6|0x00000000a0600000, 0x00000000a0700000, 0x00000000a0700000|100%| O|  |TAMS 0x00000000a0700000, 0x00000000a0600000| Updating 
|   7|0x00000000a0700000, 0x00000000a0800000, 0x00000000a0800000|100%| O|  |TAMS 0x00000000a0800000, 0x00000000a0700000| Updating 
|   8|0x00000000a0800000, 0x00000000a0900000, 0x00000000a0900000|100%| O|  |TAMS 0x00000000a0900000, 0x00000000a0800000| Updating 
|   9|0x00000000a0900000, 0x00000000a0a00000, 0x00000000a0a00000|100%| O|  |TAMS 0x00000000a0a00000, 0x00000000a0900000| Updating 
|  10|0x00000000a0a00000, 0x00000000a0b00000, 0x00000000a0b00000|100%| O|  |TAMS 0x00000000a0b00000, 0x00000000a0a00000| Updating 
|  11|0x00000000a0b00000, 0x00000000a0c00000, 0x00000000a0c00000|100%| O|  |TAMS 0x00000000a0c00000, 0x00000000a0b00000| Updating 
|  12|0x00000000a0c00000, 0x00000000a0d00000, 0x00000000a0d00000|100%| O|  |TAMS 0x00000000a0d00000, 0x00000000a0c00000| Updating 
|  13|0x00000000a0d00000, 0x00000000a0e00000, 0x00000000a0e00000|100%| O|  |TAMS 0x00000000a0e00000, 0x00000000a0d00000| Updating 
|  14|0x00000000a0e00000, 0x00000000a0f00000, 0x00000000a0f00000|100%| O|  |TAMS 0x00000000a0f00000, 0x00000000a0e00000| Updating 
|  15|0x00000000a0f00000, 0x00000000a1000000, 0x00000000a1000000|100%| O|  |TAMS 0x00000000a1000000, 0x00000000a0f00000| Updating 
|  16|0x00000000a1000000, 0x00000000a1100000, 0x00000000a1100000|100%| O|  |TAMS 0x00000000a1100000, 0x00000000a1000000| Updating 
|  17|0x00000000a1100000, 0x00000000a1200000, 0x00000000a1200000|100%| O|  |TAMS 0x00000000a1200000, 0x00000000a1100000| Updating 
|  18|0x00000000a1200000, 0x00000000a1300000, 0x00000000a1300000|100%| O|  |TAMS 0x00000000a1300000, 0x00000000a1200000| Updating 
|  19|0x00000000a1300000, 0x00000000a1400000, 0x00000000a1400000|100%| O|  |TAMS 0x00000000a1400000, 0x00000000a1300000| Updating 
|  20|0x00000000a1400000, 0x00000000a1500000, 0x00000000a1500000|100%| O|  |TAMS 0x00000000a1500000, 0x00000000a1400000| Updating 
|  21|0x00000000a1500000, 0x00000000a1600000, 0x00000000a1600000|100%| O|  |TAMS 0x00000000a1600000, 0x00000000a1500000| Updating 
|  22|0x00000000a1600000, 0x00000000a1700000, 0x00000000a1700000|100%| O|  |TAMS 0x00000000a1700000, 0x00000000a1600000| Updating 
|  23|0x00000000a1700000, 0x00000000a1800000, 0x00000000a1800000|100%| O|  |TAMS 0x00000000a1800000, 0x00000000a1700000| Updating 
|  24|0x00000000a1800000, 0x00000000a1900000, 0x00000000a1900000|100%| O|  |TAMS 0x00000000a1900000, 0x00000000a1800000| Updating 
|  25|0x00000000a1900000, 0x00000000a1a00000, 0x00000000a1a00000|100%| O|  |TAMS 0x00000000a1a00000, 0x00000000a1900000| Updating 
|  26|0x00000000a1a00000, 0x00000000a1b00000, 0x00000000a1b00000|100%| O|  |TAMS 0x00000000a1b00000, 0x00000000a1a00000| Updating 
|  27|0x00000000a1b00000, 0x00000000a1c00000, 0x00000000a1c00000|100%| O|  |TAMS 0x00000000a1c00000, 0x00000000a1b00000| Updating 
|  28|0x00000000a1c00000, 0x00000000a1d00000, 0x00000000a1d00000|100%| O|  |TAMS 0x00000000a1d00000, 0x00000000a1c00000| Updating 
|  29|0x00000000a1d00000, 0x00000000a1e00000, 0x00000000a1e00000|100%|HS|  |TAMS 0x00000000a1e00000, 0x00000000a1d00000| Complete 
|  30|0x00000000a1e00000, 0x00000000a1f00000, 0x00000000a1f00000|100%|HS|  |TAMS 0x00000000a1f00000, 0x00000000a1e00000| Complete 
|  31|0x00000000a1f00000, 0x00000000a2000000, 0x00000000a2000000|100%|HS|  |TAMS 0x00000000a2000000, 0x00000000a1f00000| Complete 
|  32|0x00000000a2000000, 0x00000000a2100000, 0x00000000a2100000|100%|HS|  |TAMS 0x00000000a2100000, 0x00000000a2000000| Complete 
|  33|0x00000000a2100000, 0x00000000a2200000, 0x00000000a2200000|100%|HC|  |TAMS 0x00000000a2200000, 0x00000000a2100000| Complete 
|  34|0x00000000a2200000, 0x00000000a2300000, 0x00000000a2300000|100%|HC|  |TAMS 0x00000000a2300000, 0x00000000a2200000| Complete 
|  35|0x00000000a2300000, 0x00000000a2400000, 0x00000000a2400000|100%|HS|  |TAMS 0x00000000a2400000, 0x00000000a2300000| Complete 
|  36|0x00000000a2400000, 0x00000000a2500000, 0x00000000a2500000|100%|HC|  |TAMS 0x00000000a2500000, 0x00000000a2400000| Complete 
|  37|0x00000000a2500000, 0x00000000a2600000, 0x00000000a2600000|100%| O|  |TAMS 0x00000000a2600000, 0x00000000a2500000| Updating 
|  38|0x00000000a2600000, 0x00000000a2700000, 0x00000000a2700000|100%| O|  |TAMS 0x00000000a2700000, 0x00000000a2600000| Updating 
|  39|0x00000000a2700000, 0x00000000a2800000, 0x00000000a2800000|100%| O|  |TAMS 0x00000000a2800000, 0x00000000a2700000| Updating 
|  40|0x00000000a2800000, 0x00000000a2900000, 0x00000000a2900000|100%| O|  |TAMS 0x00000000a2900000, 0x00000000a2800000| Updating 
|  41|0x00000000a2900000, 0x00000000a2a00000, 0x00000000a2a00000|100%| O|  |TAMS 0x00000000a2a00000, 0x00000000a2900000| Updating 
|  42|0x00000000a2a00000, 0x00000000a2b00000, 0x00000000a2b00000|100%| O|  |TAMS 0x00000000a2b00000, 0x00000000a2a00000| Updating 
|  43|0x00000000a2b00000, 0x00000000a2c00000, 0x00000000a2c00000|100%| O|  |TAMS 0x00000000a2c00000, 0x00000000a2b00000| Updating 
|  44|0x00000000a2c00000, 0x00000000a2d00000, 0x00000000a2d00000|100%| O|  |TAMS 0x00000000a2d00000, 0x00000000a2c00000| Updating 
|  45|0x00000000a2d00000, 0x00000000a2e00000, 0x00000000a2e00000|100%| O|  |TAMS 0x00000000a2e00000, 0x00000000a2d00000| Updating 
|  46|0x00000000a2e00000, 0x00000000a2f00000, 0x00000000a2f00000|100%| O|  |TAMS 0x00000000a2f00000, 0x00000000a2e00000| Updating 
|  47|0x00000000a2f00000, 0x00000000a3000000, 0x00000000a3000000|100%| O|  |TAMS 0x00000000a3000000, 0x00000000a2f00000| Updating 
|  48|0x00000000a3000000, 0x00000000a3100000, 0x00000000a3100000|100%| O|  |TAMS 0x00000000a3100000, 0x00000000a3000000| Updating 
|  49|0x00000000a3100000, 0x00000000a3200000, 0x00000000a3200000|100%| O|  |TAMS 0x00000000a3200000, 0x00000000a3100000| Updating 
|  50|0x00000000a3200000, 0x00000000a3300000, 0x00000000a3300000|100%| O|  |TAMS 0x00000000a3300000, 0x00000000a3200000| Updating 
|  51|0x00000000a3300000, 0x00000000a3400000, 0x00000000a3400000|100%| O|  |TAMS 0x00000000a3400000, 0x00000000a3300000| Updating 
|  52|0x00000000a3400000, 0x00000000a3500000, 0x00000000a3500000|100%| O|  |TAMS 0x00000000a3500000, 0x00000000a3400000| Updating 
|  53|0x00000000a3500000, 0x00000000a3600000, 0x00000000a3600000|100%| O|  |TAMS 0x00000000a3600000, 0x00000000a3500000| Updating 
|  54|0x00000000a3600000, 0x00000000a3700000, 0x00000000a3700000|100%| O|  |TAMS 0x00000000a3700000, 0x00000000a3600000| Updating 
|  55|0x00000000a3700000, 0x00000000a3800000, 0x00000000a3800000|100%| O|  |TAMS 0x00000000a3800000, 0x00000000a3700000| Updating 
|  56|0x00000000a3800000, 0x00000000a3900000, 0x00000000a3900000|100%| O|  |TAMS 0x00000000a3900000, 0x00000000a3800000| Updating 
|  57|0x00000000a3900000, 0x00000000a3a00000, 0x00000000a3a00000|100%| O|  |TAMS 0x00000000a3a00000, 0x00000000a3900000| Updating 
|  58|0x00000000a3a00000, 0x00000000a3b00000, 0x00000000a3b00000|100%| O|  |TAMS 0x00000000a3b00000, 0x00000000a3a00000| Updating 
|  59|0x00000000a3b00000, 0x00000000a3c00000, 0x00000000a3c00000|100%| O|  |TAMS 0x00000000a3c00000, 0x00000000a3b00000| Updating 
|  60|0x00000000a3c00000, 0x00000000a3d00000, 0x00000000a3d00000|100%| O|  |TAMS 0x00000000a3d00000, 0x00000000a3c00000| Updating 
|  61|0x00000000a3d00000, 0x00000000a3e00000, 0x00000000a3e00000|100%| O|  |TAMS 0x00000000a3e00000, 0x00000000a3d00000| Updating 
|  62|0x00000000a3e00000, 0x00000000a3f00000, 0x00000000a3f00000|100%| O|  |TAMS 0x00000000a3f00000, 0x00000000a3e00000| Updating 
|  63|0x00000000a3f00000, 0x00000000a4000000, 0x00000000a4000000|100%| O|  |TAMS 0x00000000a4000000, 0x00000000a3f00000| Updating 
|  64|0x00000000a4000000, 0x00000000a4100000, 0x00000000a4100000|100%| O|  |TAMS 0x00000000a4100000, 0x00000000a4000000| Updating 
|  65|0x00000000a4100000, 0x00000000a4200000, 0x00000000a4200000|100%| O|  |TAMS 0x00000000a4200000, 0x00000000a4100000| Updating 
|  66|0x00000000a4200000, 0x00000000a4300000, 0x00000000a4300000|100%| O|  |TAMS 0x00000000a4300000, 0x00000000a4200000| Updating 
|  67|0x00000000a4300000, 0x00000000a43f7000, 0x00000000a4400000| 96%| O|  |TAMS 0x00000000a43f7000, 0x00000000a4300000| Updating 
|  68|0x00000000a4400000, 0x00000000a4400000, 0x00000000a4500000|  0%| F|  |TAMS 0x00000000a4400000, 0x00000000a4400000| Untracked 
|  69|0x00000000a4500000, 0x00000000a4500000, 0x00000000a4600000|  0%| F|  |TAMS 0x00000000a4500000, 0x00000000a4500000| Untracked 
|  70|0x00000000a4600000, 0x00000000a4600000, 0x00000000a4700000|  0%| F|  |TAMS 0x00000000a4600000, 0x00000000a4600000| Untracked 
|  71|0x00000000a4700000, 0x00000000a4700000, 0x00000000a4800000|  0%| F|  |TAMS 0x00000000a4700000, 0x00000000a4700000| Untracked 
|  72|0x00000000a4800000, 0x00000000a4800000, 0x00000000a4900000|  0%| F|  |TAMS 0x00000000a4800000, 0x00000000a4800000| Untracked 
|  73|0x00000000a4900000, 0x00000000a4900000, 0x00000000a4a00000|  0%| F|  |TAMS 0x00000000a4900000, 0x00000000a4900000| Untracked 
|  74|0x00000000a4a00000, 0x00000000a4a00000, 0x00000000a4b00000|  0%| F|  |TAMS 0x00000000a4a00000, 0x00000000a4a00000| Untracked 
|  75|0x00000000a4b00000, 0x00000000a4b00000, 0x00000000a4c00000|  0%| F|  |TAMS 0x00000000a4b00000, 0x00000000a4b00000| Untracked 
|  76|0x00000000a4c00000, 0x00000000a4c00000, 0x00000000a4d00000|  0%| F|  |TAMS 0x00000000a4c00000, 0x00000000a4c00000| Untracked 
|  77|0x00000000a4d00000, 0x00000000a4d00000, 0x00000000a4e00000|  0%| F|  |TAMS 0x00000000a4d00000, 0x00000000a4d00000| Untracked 
|  78|0x00000000a4e00000, 0x00000000a4e00000, 0x00000000a4f00000|  0%| F|  |TAMS 0x00000000a4e00000, 0x00000000a4e00000| Untracked 
|  79|0x00000000a4f00000, 0x00000000a4f00000, 0x00000000a5000000|  0%| F|  |TAMS 0x00000000a4f00000, 0x00000000a4f00000| Untracked 
|  80|0x00000000a5000000, 0x00000000a5000000, 0x00000000a5100000|  0%| F|  |TAMS 0x00000000a5000000, 0x00000000a5000000| Untracked 
|  81|0x00000000a5100000, 0x00000000a5100000, 0x00000000a5200000|  0%| F|  |TAMS 0x00000000a5100000, 0x00000000a5100000| Untracked 
|  82|0x00000000a5200000, 0x00000000a5200000, 0x00000000a5300000|  0%| F|  |TAMS 0x00000000a5200000, 0x00000000a5200000| Untracked 
|  83|0x00000000a5300000, 0x00000000a5300000, 0x00000000a5400000|  0%| F|  |TAMS 0x00000000a5300000, 0x00000000a5300000| Untracked 
|  84|0x00000000a5400000, 0x00000000a5400000, 0x00000000a5500000|  0%| F|  |TAMS 0x00000000a5400000, 0x00000000a5400000| Untracked 
|  85|0x00000000a5500000, 0x00000000a5500000, 0x00000000a5600000|  0%| F|  |TAMS 0x00000000a5500000, 0x00000000a5500000| Untracked 
|  86|0x00000000a5600000, 0x00000000a5600000, 0x00000000a5700000|  0%| F|  |TAMS 0x00000000a5600000, 0x00000000a5600000| Untracked 
|  87|0x00000000a5700000, 0x00000000a5700000, 0x00000000a5800000|  0%| F|  |TAMS 0x00000000a5700000, 0x00000000a5700000| Untracked 
|  88|0x00000000a5800000, 0x00000000a5800000, 0x00000000a5900000|  0%| F|  |TAMS 0x00000000a5800000, 0x00000000a5800000| Untracked 
|  89|0x00000000a5900000, 0x00000000a596a900, 0x00000000a5a00000| 41%| S|CS|TAMS 0x00000000a5900000, 0x00000000a5900000| Complete 
|  90|0x00000000a5a00000, 0x00000000a5b00000, 0x00000000a5b00000|100%| S|CS|TAMS 0x00000000a5a00000, 0x00000000a5a00000| Complete 
|  91|0x00000000a5b00000, 0x00000000a5c00000, 0x00000000a5c00000|100%| S|CS|TAMS 0x00000000a5b00000, 0x00000000a5b00000| Complete 
|  92|0x00000000a5c00000, 0x00000000a5d00000, 0x00000000a5d00000|100%| S|CS|TAMS 0x00000000a5c00000, 0x00000000a5c00000| Complete 
|  93|0x00000000a5d00000, 0x00000000a5e00000, 0x00000000a5e00000|100%| S|CS|TAMS 0x00000000a5d00000, 0x00000000a5d00000| Complete 
|  94|0x00000000a5e00000, 0x00000000a5e00000, 0x00000000a5f00000|  0%| F|  |TAMS 0x00000000a5e00000, 0x00000000a5e00000| Untracked 
|  95|0x00000000a5f00000, 0x00000000a5f00000, 0x00000000a6000000|  0%| F|  |TAMS 0x00000000a5f00000, 0x00000000a5f00000| Untracked 
|  96|0x00000000a6000000, 0x00000000a6000000, 0x00000000a6100000|  0%| F|  |TAMS 0x00000000a6000000, 0x00000000a6000000| Untracked 
|  97|0x00000000a6100000, 0x00000000a6100000, 0x00000000a6200000|  0%| F|  |TAMS 0x00000000a6100000, 0x00000000a6100000| Untracked 
|  98|0x00000000a6200000, 0x00000000a6300000, 0x00000000a6300000|100%| S|CS|TAMS 0x00000000a6200000, 0x00000000a6200000| Complete 
|  99|0x00000000a6300000, 0x00000000a6300000, 0x00000000a6400000|  0%| F|  |TAMS 0x00000000a6300000, 0x00000000a6300000| Untracked 
| 100|0x00000000a6400000, 0x00000000a6400000, 0x00000000a6500000|  0%| F|  |TAMS 0x00000000a6400000, 0x00000000a6400000| Untracked 
| 101|0x00000000a6500000, 0x00000000a6500000, 0x00000000a6600000|  0%| F|  |TAMS 0x00000000a6500000, 0x00000000a6500000| Untracked 
| 102|0x00000000a6600000, 0x00000000a6600000, 0x00000000a6700000|  0%| F|  |TAMS 0x00000000a6600000, 0x00000000a6600000| Untracked 
| 103|0x00000000a6700000, 0x00000000a6700000, 0x00000000a6800000|  0%| F|  |TAMS 0x00000000a6700000, 0x00000000a6700000| Untracked 
| 104|0x00000000a6800000, 0x00000000a6800000, 0x00000000a6900000|  0%| F|  |TAMS 0x00000000a6800000, 0x00000000a6800000| Untracked 
| 105|0x00000000a6900000, 0x00000000a6900000, 0x00000000a6a00000|  0%| F|  |TAMS 0x00000000a6900000, 0x00000000a6900000| Untracked 
| 106|0x00000000a6a00000, 0x00000000a6a00000, 0x00000000a6b00000|  0%| F|  |TAMS 0x00000000a6a00000, 0x00000000a6a00000| Untracked 
| 107|0x00000000a6b00000, 0x00000000a6b00000, 0x00000000a6c00000|  0%| F|  |TAMS 0x00000000a6b00000, 0x00000000a6b00000| Untracked 
| 108|0x00000000a6c00000, 0x00000000a6c00000, 0x00000000a6d00000|  0%| F|  |TAMS 0x00000000a6c00000, 0x00000000a6c00000| Untracked 
| 109|0x00000000a6d00000, 0x00000000a6d00000, 0x00000000a6e00000|  0%| F|  |TAMS 0x00000000a6d00000, 0x00000000a6d00000| Untracked 
| 110|0x00000000a6e00000, 0x00000000a6e00000, 0x00000000a6f00000|  0%| F|  |TAMS 0x00000000a6e00000, 0x00000000a6e00000| Untracked 
| 111|0x00000000a6f00000, 0x00000000a6f00000, 0x00000000a7000000|  0%| F|  |TAMS 0x00000000a6f00000, 0x00000000a6f00000| Untracked 
| 112|0x00000000a7000000, 0x00000000a7000000, 0x00000000a7100000|  0%| F|  |TAMS 0x00000000a7000000, 0x00000000a7000000| Untracked 
| 113|0x00000000a7100000, 0x00000000a7100000, 0x00000000a7200000|  0%| F|  |TAMS 0x00000000a7100000, 0x00000000a7100000| Untracked 
| 114|0x00000000a7200000, 0x00000000a7200000, 0x00000000a7300000|  0%| F|  |TAMS 0x00000000a7200000, 0x00000000a7200000| Untracked 
| 115|0x00000000a7300000, 0x00000000a7300000, 0x00000000a7400000|  0%| F|  |TAMS 0x00000000a7300000, 0x00000000a7300000| Untracked 
| 116|0x00000000a7400000, 0x00000000a7400000, 0x00000000a7500000|  0%| F|  |TAMS 0x00000000a7400000, 0x00000000a7400000| Untracked 
| 117|0x00000000a7500000, 0x00000000a7500000, 0x00000000a7600000|  0%| F|  |TAMS 0x00000000a7500000, 0x00000000a7500000| Untracked 
| 118|0x00000000a7600000, 0x00000000a7600000, 0x00000000a7700000|  0%| F|  |TAMS 0x00000000a7600000, 0x00000000a7600000| Untracked 
| 119|0x00000000a7700000, 0x00000000a7700000, 0x00000000a7800000|  0%| F|  |TAMS 0x00000000a7700000, 0x00000000a7700000| Untracked 
| 120|0x00000000a7800000, 0x00000000a7800000, 0x00000000a7900000|  0%| F|  |TAMS 0x00000000a7800000, 0x00000000a7800000| Untracked 
| 121|0x00000000a7900000, 0x00000000a7900000, 0x00000000a7a00000|  0%| F|  |TAMS 0x00000000a7900000, 0x00000000a7900000| Untracked 
| 122|0x00000000a7a00000, 0x00000000a7a00000, 0x00000000a7b00000|  0%| F|  |TAMS 0x00000000a7a00000, 0x00000000a7a00000| Untracked 
| 123|0x00000000a7b00000, 0x00000000a7b00000, 0x00000000a7c00000|  0%| F|  |TAMS 0x00000000a7b00000, 0x00000000a7b00000| Untracked 
| 124|0x00000000a7c00000, 0x00000000a7c00000, 0x00000000a7d00000|  0%| F|  |TAMS 0x00000000a7c00000, 0x00000000a7c00000| Untracked 
| 125|0x00000000a7d00000, 0x00000000a7d00000, 0x00000000a7e00000|  0%| F|  |TAMS 0x00000000a7d00000, 0x00000000a7d00000| Untracked 
| 126|0x00000000a7e00000, 0x00000000a7e00000, 0x00000000a7f00000|  0%| F|  |TAMS 0x00000000a7e00000, 0x00000000a7e00000| Untracked 
| 127|0x00000000a7f00000, 0x00000000a7f00000, 0x00000000a8000000|  0%| F|  |TAMS 0x00000000a7f00000, 0x00000000a7f00000| Untracked 
| 128|0x00000000a8000000, 0x00000000a8000000, 0x00000000a8100000|  0%| F|  |TAMS 0x00000000a8000000, 0x00000000a8000000| Untracked 
| 129|0x00000000a8100000, 0x00000000a8100000, 0x00000000a8200000|  0%| F|  |TAMS 0x00000000a8100000, 0x00000000a8100000| Untracked 
| 130|0x00000000a8200000, 0x00000000a8200000, 0x00000000a8300000|  0%| F|  |TAMS 0x00000000a8200000, 0x00000000a8200000| Untracked 
| 131|0x00000000a8300000, 0x00000000a8300000, 0x00000000a8400000|  0%| F|  |TAMS 0x00000000a8300000, 0x00000000a8300000| Untracked 
| 132|0x00000000a8400000, 0x00000000a8400000, 0x00000000a8500000|  0%| F|  |TAMS 0x00000000a8400000, 0x00000000a8400000| Untracked 
| 133|0x00000000a8500000, 0x00000000a8500000, 0x00000000a8600000|  0%| F|  |TAMS 0x00000000a8500000, 0x00000000a8500000| Untracked 
| 134|0x00000000a8600000, 0x00000000a8600000, 0x00000000a8700000|  0%| F|  |TAMS 0x00000000a8600000, 0x00000000a8600000| Untracked 
| 135|0x00000000a8700000, 0x00000000a8700000, 0x00000000a8800000|  0%| F|  |TAMS 0x00000000a8700000, 0x00000000a8700000| Untracked 
| 136|0x00000000a8800000, 0x00000000a8800000, 0x00000000a8900000|  0%| F|  |TAMS 0x00000000a8800000, 0x00000000a8800000| Untracked 
| 137|0x00000000a8900000, 0x00000000a8900000, 0x00000000a8a00000|  0%| F|  |TAMS 0x00000000a8900000, 0x00000000a8900000| Untracked 
| 138|0x00000000a8a00000, 0x00000000a8a00000, 0x00000000a8b00000|  0%| F|  |TAMS 0x00000000a8a00000, 0x00000000a8a00000| Untracked 
| 139|0x00000000a8b00000, 0x00000000a8b00000, 0x00000000a8c00000|  0%| F|  |TAMS 0x00000000a8b00000, 0x00000000a8b00000| Untracked 
| 140|0x00000000a8c00000, 0x00000000a8c00000, 0x00000000a8d00000|  0%| F|  |TAMS 0x00000000a8c00000, 0x00000000a8c00000| Untracked 
| 141|0x00000000a8d00000, 0x00000000a8d00000, 0x00000000a8e00000|  0%| F|  |TAMS 0x00000000a8d00000, 0x00000000a8d00000| Untracked 
| 142|0x00000000a8e00000, 0x00000000a8e00000, 0x00000000a8f00000|  0%| F|  |TAMS 0x00000000a8e00000, 0x00000000a8e00000| Untracked 
| 143|0x00000000a8f00000, 0x00000000a8f00000, 0x00000000a9000000|  0%| F|  |TAMS 0x00000000a8f00000, 0x00000000a8f00000| Untracked 
| 144|0x00000000a9000000, 0x00000000a9000000, 0x00000000a9100000|  0%| F|  |TAMS 0x00000000a9000000, 0x00000000a9000000| Untracked 
| 145|0x00000000a9100000, 0x00000000a9100000, 0x00000000a9200000|  0%| F|  |TAMS 0x00000000a9100000, 0x00000000a9100000| Untracked 
| 146|0x00000000a9200000, 0x00000000a9200000, 0x00000000a9300000|  0%| F|  |TAMS 0x00000000a9200000, 0x00000000a9200000| Untracked 
| 147|0x00000000a9300000, 0x00000000a9300000, 0x00000000a9400000|  0%| F|  |TAMS 0x00000000a9300000, 0x00000000a9300000| Untracked 
| 148|0x00000000a9400000, 0x00000000a9400000, 0x00000000a9500000|  0%| F|  |TAMS 0x00000000a9400000, 0x00000000a9400000| Untracked 
| 149|0x00000000a9500000, 0x00000000a9500000, 0x00000000a9600000|  0%| F|  |TAMS 0x00000000a9500000, 0x00000000a9500000| Untracked 
| 150|0x00000000a9600000, 0x00000000a9600000, 0x00000000a9700000|  0%| F|  |TAMS 0x00000000a9600000, 0x00000000a9600000| Untracked 
| 151|0x00000000a9700000, 0x00000000a97679d8, 0x00000000a9800000| 40%| E|  |TAMS 0x00000000a9700000, 0x00000000a9700000| Complete 
| 152|0x00000000a9800000, 0x00000000a9900000, 0x00000000a9900000|100%| E|CS|TAMS 0x00000000a9800000, 0x00000000a9800000| Complete 
| 153|0x00000000a9900000, 0x00000000a9a00000, 0x00000000a9a00000|100%| E|CS|TAMS 0x00000000a9900000, 0x00000000a9900000| Complete 
| 154|0x00000000a9a00000, 0x00000000a9b00000, 0x00000000a9b00000|100%| E|CS|TAMS 0x00000000a9a00000, 0x00000000a9a00000| Complete 
| 155|0x00000000a9b00000, 0x00000000a9c00000, 0x00000000a9c00000|100%| E|CS|TAMS 0x00000000a9b00000, 0x00000000a9b00000| Complete 
| 156|0x00000000a9c00000, 0x00000000a9d00000, 0x00000000a9d00000|100%| E|CS|TAMS 0x00000000a9c00000, 0x00000000a9c00000| Complete 
| 157|0x00000000a9d00000, 0x00000000a9e00000, 0x00000000a9e00000|100%| E|CS|TAMS 0x00000000a9d00000, 0x00000000a9d00000| Complete 
| 158|0x00000000a9e00000, 0x00000000a9f00000, 0x00000000a9f00000|100%| E|CS|TAMS 0x00000000a9e00000, 0x00000000a9e00000| Complete 
| 159|0x00000000a9f00000, 0x00000000aa000000, 0x00000000aa000000|100%| E|CS|TAMS 0x00000000a9f00000, 0x00000000a9f00000| Complete 
| 160|0x00000000aa000000, 0x00000000aa100000, 0x00000000aa100000|100%| E|CS|TAMS 0x00000000aa000000, 0x00000000aa000000| Complete 
| 161|0x00000000aa100000, 0x00000000aa200000, 0x00000000aa200000|100%| E|CS|TAMS 0x00000000aa100000, 0x00000000aa100000| Complete 

Card table byte_map: [0x000001ed2e2a0000,0x000001ed2e5a0000] _byte_map_base: 0x000001ed2dda0000

Marking Bits (Prev, Next): (CMBitMap*) 0x000001ed1aa251f8, (CMBitMap*) 0x000001ed1aa25230
 Prev Bits: [0x000001ed2e8a0000, 0x000001ed300a0000)
 Next Bits: [0x000001ed300a0000, 0x000001ed318a0000)

Polling page: 0x000001ed1aad0000

Metaspace:

Usage:
  Non-class:     74.38 MB capacity,    72.98 MB ( 98%) used,     1.16 MB (  2%) free+waste,   248.94 KB ( <1%) overhead. 
      Class:     11.75 MB capacity,    10.90 MB ( 93%) used,   757.44 KB (  6%) free+waste,   115.25 KB ( <1%) overhead. 
       Both:     86.13 MB capacity,    83.88 MB ( 97%) used,     1.90 MB (  2%) free+waste,   364.19 KB ( <1%) overhead. 

Virtual space:
  Non-class space:       76.00 MB reserved,      74.42 MB ( 98%) committed 
      Class space:        1.00 GB reserved,      11.82 MB (  1%) committed 
             Both:        1.07 GB reserved,      86.25 MB (  8%) committed 

Chunk freelists:
   Non-Class:  0 bytes
       Class:  0 bytes
        Both:  0 bytes

MaxMetaspaceSize: 17179869184.00 GB
CompressedClassSpaceSize: 1.00 GB
Initial GC threshold: 20.80 MB
Current GC threshold: 143.54 MB
CDS: off

CodeHeap 'non-profiled nmethods': size=120000Kb used=3599Kb max_used=3599Kb free=116400Kb
 bounds [0x000001ed26000000, 0x000001ed26390000, 0x000001ed2d530000]
CodeHeap 'profiled nmethods': size=120000Kb used=16431Kb max_used=16431Kb free=103568Kb
 bounds [0x000001ed1ead0000, 0x000001ed1fae0000, 0x000001ed26000000]
CodeHeap 'non-nmethods': size=5760Kb used=2365Kb max_used=2419Kb free=3395Kb
 bounds [0x000001ed1e530000, 0x000001ed1e7a0000, 0x000001ed1ead0000]
 total_blobs=9539 nmethods=8657 adapters=792
 compilation: enabled
              stopped_count=0, restarted_count=0
 full_count=0

Compilation events (20 events):
Event: 10.892 Thread 0x000001ed3437c000 8807       2       org.gradle.internal.model.CalculatedValueContainer::finalizeIfNotAlready (17 bytes)
Event: 10.893 Thread 0x000001ed3437c000 nmethod 8807 0x000001ed1facf110 code [0x000001ed1facf2c0, 0x000001ed1facf408]
Event: 10.893 Thread 0x000001ed3437c000 8810       2       org.gradle.internal.concurrent.ManagedExecutorImpl$1::<init> (15 bytes)
Event: 10.893 Thread 0x000001ed3437c000 nmethod 8810 0x000001ed1facf510 code [0x000001ed1facf6c0, 0x000001ed1facf858]
Event: 10.893 Thread 0x000001ed3437c000 8811       2       org.gradle.internal.concurrent.ManagedExecutorImpl::execute (15 bytes)
Event: 10.893 Thread 0x000001ed3437c000 nmethod 8811 0x000001ed1facf910 code [0x000001ed1facfae0, 0x000001ed1facfd28]
Event: 10.893 Thread 0x000001ed3437c000 8814       1       org.gradle.api.internal.artifacts.transform.BoundTransformationStep::getTransformation (5 bytes)
Event: 10.893 Thread 0x000001ed3437c000 nmethod 8814 0x000001ed26382510 code [0x000001ed263826c0, 0x000001ed26382778]
Event: 10.893 Thread 0x000001ed3437c000 8815       1       org.gradle.api.internal.artifacts.transform.BoundTransformationStep::getUpstreamDependencies (5 bytes)
Event: 10.893 Thread 0x000001ed3437c000 nmethod 8815 0x000001ed26382810 code [0x000001ed263829c0, 0x000001ed26382a78]
Event: 10.893 Thread 0x000001ed3437c000 8809       2       org.gradle.internal.concurrent.ManagedExecutorImpl::trackedCommand (10 bytes)
Event: 10.893 Thread 0x000001ed3437c000 nmethod 8809 0x000001ed1facfe10 code [0x000001ed1facffc0, 0x000001ed1fad01d8]
Event: 10.893 Thread 0x000001ed3437c000 8808       2       com.google.common.cache.LocalCache$EntryFactory$1::newEntry (12 bytes)
Event: 10.894 Thread 0x000001ed3437c000 nmethod 8808 0x000001ed1fad0290 code [0x000001ed1fad0440, 0x000001ed1fad06b8]
Event: 10.894 Thread 0x000001ed3437c000 8816       1       org.gradle.internal.work.DefaultWorkerLeaseService$Root::getDisplayName (3 bytes)
Event: 10.894 Thread 0x000001ed3437c000 nmethod 8816 0x000001ed26382b10 code [0x000001ed26382cc0, 0x000001ed26382d78]
Event: 10.894 Thread 0x000001ed3437c000 8812       1       org.gradle.api.internal.artifacts.dsl.ArtifactFile::getName (5 bytes)
Event: 10.894 Thread 0x000001ed3437c000 nmethod 8812 0x000001ed26382e10 code [0x000001ed26382fc0, 0x000001ed26383078]
Event: 10.894 Thread 0x000001ed3437c000 8813       1       org.gradle.api.internal.artifacts.dsl.ArtifactFile::getClassifier (5 bytes)
Event: 10.894 Thread 0x000001ed3437c000 nmethod 8813 0x000001ed26383110 code [0x000001ed263832c0, 0x000001ed26383378]

GC Heap History (20 events):
Event: 6.911 GC heap before
{Heap before GC invocations=22 (full 0):
 garbage-first heap   total 114688K, used 85113K [0x00000000a0000000, 0x0000000100000000)
  region size 1024K, 36 young (36864K), 4 survivors (4096K)
 Metaspace       used 62686K, capacity 64288K, committed 64508K, reserved 1105920K
  class space    used 7875K, capacity 8482K, committed 8524K, reserved 1048576K
}
Event: 6.915 GC heap after
{Heap after GC invocations=23 (full 0):
 garbage-first heap   total 114688K, used 56071K [0x00000000a0000000, 0x0000000100000000)
  region size 1024K, 5 young (5120K), 5 survivors (5120K)
 Metaspace       used 62686K, capacity 64288K, committed 64508K, reserved 1105920K
  class space    used 7875K, capacity 8482K, committed 8524K, reserved 1048576K
}
Event: 7.094 GC heap before
{Heap before GC invocations=23 (full 0):
 garbage-first heap   total 114688K, used 77575K [0x00000000a0000000, 0x0000000100000000)
  region size 1024K, 27 young (27648K), 5 survivors (5120K)
 Metaspace       used 64317K, capacity 65950K, committed 66044K, reserved 1105920K
  class space    used 8087K, capacity 8691K, committed 8780K, reserved 1048576K
}
Event: 7.100 GC heap after
{Heap after GC invocations=24 (full 0):
 garbage-first heap   total 114688K, used 58140K [0x00000000a0000000, 0x0000000100000000)
  region size 1024K, 2 young (2048K), 2 survivors (2048K)
 Metaspace       used 64317K, capacity 65950K, committed 66044K, reserved 1105920K
  class space    used 8087K, capacity 8691K, committed 8780K, reserved 1048576K
}
Event: 7.464 GC heap before
{Heap before GC invocations=25 (full 0):
 garbage-first heap   total 114688K, used 87836K [0x00000000a0000000, 0x0000000100000000)
  region size 1024K, 30 young (30720K), 2 survivors (2048K)
 Metaspace       used 66959K, capacity 68561K, committed 68732K, reserved 1110016K
  class space    used 8420K, capacity 9044K, committed 9164K, reserved 1048576K
}
Event: 7.467 GC heap after
{Heap after GC invocations=26 (full 0):
 garbage-first heap   total 114688K, used 58734K [0x00000000a0000000, 0x0000000100000000)
  region size 1024K, 3 young (3072K), 3 survivors (3072K)
 Metaspace       used 66959K, capacity 68561K, committed 68732K, reserved 1110016K
  class space    used 8420K, capacity 9044K, committed 9164K, reserved 1048576K
}
Event: 7.657 GC heap before
{Heap before GC invocations=26 (full 0):
 garbage-first heap   total 114688K, used 87406K [0x00000000a0000000, 0x0000000100000000)
  region size 1024K, 31 young (31744K), 3 survivors (3072K)
 Metaspace       used 67641K, capacity 69318K, committed 69500K, reserved 1110016K
  class space    used 8513K, capacity 9146K, committed 9164K, reserved 1048576K
}
Event: 7.663 GC heap after
{Heap after GC invocations=27 (full 0):
 garbage-first heap   total 114688K, used 61334K [0x00000000a0000000, 0x0000000100000000)
  region size 1024K, 4 young (4096K), 4 survivors (4096K)
 Metaspace       used 67641K, capacity 69318K, committed 69500K, reserved 1110016K
  class space    used 8513K, capacity 9146K, committed 9164K, reserved 1048576K
}
Event: 7.805 GC heap before
{Heap before GC invocations=28 (full 0):
 garbage-first heap   total 114688K, used 90006K [0x00000000a0000000, 0x0000000100000000)
  region size 1024K, 32 young (32768K), 4 survivors (4096K)
 Metaspace       used 68192K, capacity 69910K, committed 70140K, reserved 1110016K
  class space    used 8572K, capacity 9214K, committed 9292K, reserved 1048576K
}
Event: 7.810 GC heap after
{Heap after GC invocations=29 (full 0):
 garbage-first heap   total 114688K, used 63262K [0x00000000a0000000, 0x0000000100000000)
  region size 1024K, 2 young (2048K), 2 survivors (2048K)
 Metaspace       used 68192K, capacity 69910K, committed 70140K, reserved 1110016K
  class space    used 8572K, capacity 9214K, committed 9292K, reserved 1048576K
}
Event: 8.144 GC heap before
{Heap before GC invocations=29 (full 0):
 garbage-first heap   total 114688K, used 91934K [0x00000000a0000000, 0x0000000100000000)
  region size 1024K, 30 young (30720K), 2 survivors (2048K)
 Metaspace       used 71829K, capacity 73527K, committed 73596K, reserved 1114112K
  class space    used 9232K, capacity 9866K, committed 9932K, reserved 1048576K
}
Event: 8.148 GC heap after
{Heap after GC invocations=30 (full 0):
 garbage-first heap   total 138240K, used 64629K [0x00000000a0000000, 0x0000000100000000)
  region size 1024K, 4 young (4096K), 4 survivors (4096K)
 Metaspace       used 71829K, capacity 73527K, committed 73596K, reserved 1114112K
  class space    used 9232K, capacity 9866K, committed 9932K, reserved 1048576K
}
Event: 8.620 GC heap before
{Heap before GC invocations=31 (full 0):
 garbage-first heap   total 138240K, used 101493K [0x00000000a0000000, 0x0000000100000000)
  region size 1024K, 40 young (40960K), 4 survivors (4096K)
 Metaspace       used 76332K, capacity 78123K, committed 78332K, reserved 1118208K
  class space    used 9777K, capacity 10463K, committed 10572K, reserved 1048576K
}
Event: 8.626 GC heap after
{Heap after GC invocations=32 (full 0):
 garbage-first heap   total 138240K, used 67151K [0x00000000a0000000, 0x0000000100000000)
  region size 1024K, 5 young (5120K), 5 survivors (5120K)
 Metaspace       used 76332K, capacity 78123K, committed 78332K, reserved 1118208K
  class space    used 9777K, capacity 10463K, committed 10572K, reserved 1048576K
}
Event: 8.935 GC heap before
{Heap before GC invocations=32 (full 0):
 garbage-first heap   total 138240K, used 104015K [0x00000000a0000000, 0x0000000100000000)
  region size 1024K, 41 young (41984K), 5 survivors (5120K)
 Metaspace       used 79177K, capacity 81052K, committed 81276K, reserved 1120256K
  class space    used 10165K, capacity 10871K, committed 10956K, reserved 1048576K
}
Event: 8.952 GC heap after
{Heap after GC invocations=33 (full 0):
 garbage-first heap   total 138240K, used 69665K [0x00000000a0000000, 0x0000000100000000)
  region size 1024K, 5 young (5120K), 5 survivors (5120K)
 Metaspace       used 79177K, capacity 81052K, committed 81276K, reserved 1120256K
  class space    used 10165K, capacity 10871K, committed 10956K, reserved 1048576K
}
Event: 9.502 GC heap before
{Heap before GC invocations=34 (full 0):
 garbage-first heap   total 138240K, used 107553K [0x00000000a0000000, 0x0000000100000000)
  region size 1024K, 42 young (43008K), 5 survivors (5120K)
 Metaspace       used 82737K, capacity 84612K, committed 84860K, reserved 1122304K
  class space    used 10641K, capacity 11341K, committed 11468K, reserved 1048576K
}
Event: 9.509 GC heap after
{Heap after GC invocations=35 (full 0):
 garbage-first heap   total 138240K, used 71817K [0x00000000a0000000, 0x0000000100000000)
  region size 1024K, 5 young (5120K), 5 survivors (5120K)
 Metaspace       used 82737K, capacity 84612K, committed 84860K, reserved 1122304K
  class space    used 10641K, capacity 11341K, committed 11468K, reserved 1048576K
}
Event: 10.849 GC heap before
{Heap before GC invocations=35 (full 0):
 garbage-first heap   total 138240K, used 108681K [0x00000000a0000000, 0x0000000100000000)
  region size 1024K, 41 young (41984K), 5 survivors (5120K)
 Metaspace       used 85338K, capacity 87431K, committed 87548K, reserved 1124352K
  class space    used 11038K, capacity 11820K, committed 11852K, reserved 1048576K
}
Event: 10.859 GC heap after
{Heap after GC invocations=36 (full 0):
 garbage-first heap   total 165888K, used 75142K [0x00000000a0000000, 0x0000000100000000)
  region size 1024K, 6 young (6144K), 6 survivors (6144K)
 Metaspace       used 85338K, capacity 87431K, committed 87548K, reserved 1124352K
  class space    used 11038K, capacity 11820K, committed 11852K, reserved 1048576K
}

Deoptimization events (20 events):
Event: 10.502 Thread 0x000001ed3d25d000 DEOPT PACKING pc=0x000001ed261672a8 sp=0x00000019f66fea00
Event: 10.502 Thread 0x000001ed3d25d000 DEOPT UNPACKING pc=0x000001ed1e57a1af sp=0x00000019f66fe9f8 mode 2
Event: 10.508 Thread 0x000001ed3d25d000 Uncommon trap: trap_request=0xffffffde fr.pc=0x000001ed261672a8 relative=0x0000000000000348
Event: 10.508 Thread 0x000001ed3d25d000 Uncommon trap: reason=class_check action=maybe_recompile pc=0x000001ed261672a8 method=java.util.Collections$SetFromMap.remove(Ljava/lang/Object;)Z @ 5 c2
Event: 10.508 Thread 0x000001ed3d25d000 DEOPT PACKING pc=0x000001ed261672a8 sp=0x00000019f66fea00
Event: 10.508 Thread 0x000001ed3d25d000 DEOPT UNPACKING pc=0x000001ed1e57a1af sp=0x00000019f66fe9f8 mode 2
Event: 10.509 Thread 0x000001ed3d25d000 Uncommon trap: trap_request=0xffffffde fr.pc=0x000001ed261672a8 relative=0x0000000000000348
Event: 10.509 Thread 0x000001ed3d25d000 Uncommon trap: reason=class_check action=maybe_recompile pc=0x000001ed261672a8 method=java.util.Collections$SetFromMap.remove(Ljava/lang/Object;)Z @ 5 c2
Event: 10.509 Thread 0x000001ed3d25d000 DEOPT PACKING pc=0x000001ed261672a8 sp=0x00000019f66fea00
Event: 10.510 Thread 0x000001ed3d25d000 DEOPT UNPACKING pc=0x000001ed1e57a1af sp=0x00000019f66fe9f8 mode 2
Event: 10.510 Thread 0x000001ed3d25d000 Uncommon trap: trap_request=0xffffffde fr.pc=0x000001ed261672a8 relative=0x0000000000000348
Event: 10.510 Thread 0x000001ed3d25d000 Uncommon trap: reason=class_check action=maybe_recompile pc=0x000001ed261672a8 method=java.util.Collections$SetFromMap.remove(Ljava/lang/Object;)Z @ 5 c2
Event: 10.510 Thread 0x000001ed3d25d000 DEOPT PACKING pc=0x000001ed261672a8 sp=0x00000019f66fe8b0
Event: 10.510 Thread 0x000001ed3d25d000 DEOPT UNPACKING pc=0x000001ed1e57a1af sp=0x00000019f66fe8a8 mode 2
Event: 10.550 Thread 0x000001ed394ea800 DEOPT PACKING pc=0x000001ed1f3891fd sp=0x00000019f07fdfd0
Event: 10.550 Thread 0x000001ed394ea800 DEOPT UNPACKING pc=0x000001ed1e57a95e sp=0x00000019f07fd408 mode 0
Event: 10.626 Thread 0x000001ed3d25d000 DEOPT PACKING pc=0x000001ed1ee112fa sp=0x00000019f66f9470
Event: 10.626 Thread 0x000001ed3d25d000 DEOPT UNPACKING pc=0x000001ed1e57a95e sp=0x00000019f66f88a8 mode 0
Event: 10.817 Thread 0x000001ed3d25d000 DEOPT PACKING pc=0x000001ed1fa5e313 sp=0x00000019f66fb1d0
Event: 10.817 Thread 0x000001ed3d25d000 DEOPT UNPACKING pc=0x000001ed1e57a95e sp=0x00000019f66fa678 mode 0

Classes redefined (0 events):
No events

Internal exceptions (20 events):
Event: 9.315 Thread 0x000001ed35bd0800 Exception <a 'sun/nio/fs/WindowsException'{0x00000000a71f4b68}> (0x00000000a71f4b68) thrown at [./src/hotspot/share/prims/jni.cpp, line 616]
Event: 9.315 Thread 0x000001ed35bd0800 Exception <a 'sun/nio/fs/WindowsException'{0x00000000a71f5f70}> (0x00000000a71f5f70) thrown at [./src/hotspot/share/prims/jni.cpp, line 616]
Event: 9.469 Thread 0x000001ed35bd0800 Exception <a 'java/lang/NoSuchMethodError'{0x00000000a656b378}: 'java.lang.Object java.lang.invoke.Invokers$Holder.linkToTargetMethod(java.lang.Object, int, int, java.lang.Object)'> (0x00000000a656b378) thrown at [./src/hotspot/share/interpreter/linkResolver.cpp, line 773]
Event: 9.582 Thread 0x000001ed35bd0800 Exception <a 'java/lang/NoSuchMethodError'{0x00000000a80b6eb0}: 'java.lang.Object java.lang.invoke.Invokers$Holder.linkToTargetMethod(java.lang.Object, java.lang.Object, java.lang.Object, int, java.lang.Object, java.lang.Object)'> (0x00000000a80b6eb0) thrown at [./src/hotspot/share/interpreter/linkResolver.cpp, line 773]
Event: 9.644 Thread 0x000001ed36ea7800 Exception <a 'java/lang/NoSuchMethodError'{0x00000000a7b92d80}: <clinit>> (0x00000000a7b92d80) thrown at [./src/hotspot/share/prims/jni.cpp, line 1366]
Event: 9.645 Thread 0x000001ed36ea7800 Exception <a 'java/lang/NoSuchMethodError'{0x00000000a7b9f658}: <clinit>> (0x00000000a7b9f658) thrown at [./src/hotspot/share/prims/jni.cpp, line 1366]
Event: 9.652 Thread 0x000001ed3d25d000 Exception <a 'java/lang/IncompatibleClassChangeError'{0x00000000a7bd9a70}: Found class java.lang.Object, but interface was expected> (0x00000000a7bd9a70) thrown at [./src/hotspot/share/interpreter/linkResolver.cpp, line 839]
Event: 9.668 Thread 0x000001ed3d25d000 Exception <a 'java/lang/NoSuchMethodError'{0x00000000a794a980}: 'void java.lang.invoke.DirectMethodHandle$Holder.invokeVirtual(java.lang.Object, java.lang.Object)'> (0x00000000a794a980) thrown at [./src/hotspot/share/interpreter/linkResolver.cpp, line 773]
Event: 10.506 Thread 0x000001ed36ea7800 Exception <a 'java/lang/NoSuchMethodError'{0x00000000a77ab530}: <clinit>> (0x00000000a77ab530) thrown at [./src/hotspot/share/prims/jni.cpp, line 1366]
Event: 10.507 Thread 0x000001ed36ea7800 Exception <a 'java/lang/NoSuchMethodError'{0x00000000a77d42a0}: <clinit>> (0x00000000a77d42a0) thrown at [./src/hotspot/share/prims/jni.cpp, line 1366]
Event: 10.507 Thread 0x000001ed36ea7800 Exception <a 'java/lang/NoSuchMethodError'{0x00000000a77d5918}: <clinit>> (0x00000000a77d5918) thrown at [./src/hotspot/share/prims/jni.cpp, line 1366]
Event: 10.509 Thread 0x000001ed36ea7800 Exception <a 'java/lang/NoSuchMethodError'{0x00000000a7606da8}: <clinit>> (0x00000000a7606da8) thrown at [./src/hotspot/share/prims/jni.cpp, line 1366]
Event: 10.525 Thread 0x000001ed3d261000 Exception <a 'java/lang/NoSuchMethodError'{0x00000000a744ab88}: <clinit>> (0x00000000a744ab88) thrown at [./src/hotspot/share/prims/jni.cpp, line 1366]
Event: 10.528 Thread 0x000001ed3d261000 Exception <a 'java/lang/NoSuchMethodError'{0x00000000a745fda8}: <clinit>> (0x00000000a745fda8) thrown at [./src/hotspot/share/prims/jni.cpp, line 1366]
Event: 10.531 Thread 0x000001ed3d261000 Exception <a 'java/lang/NoSuchMethodError'{0x00000000a74f0fc8}: <clinit>> (0x00000000a74f0fc8) thrown at [./src/hotspot/share/prims/jni.cpp, line 1366]
Event: 10.534 Thread 0x000001ed3d261000 Exception <a 'java/lang/NoSuchMethodError'{0x00000000a74fb6d8}: 'void java.lang.invoke.DirectMethodHandle$Holder.invokeSpecial(java.lang.Object, java.lang.Object, java.lang.Object, int)'> (0x00000000a74fb6d8) thrown at [./src/hotspot/share/interpreter/linkResolver.cpp, line 773]
Event: 10.535 Thread 0x000001ed36ea7800 Exception <a 'java/lang/NoSuchMethodError'{0x00000000a73b39f8}: <clinit>> (0x00000000a73b39f8) thrown at [./src/hotspot/share/prims/jni.cpp, line 1366]
Event: 10.543 Thread 0x000001ed3d25d000 Exception <a 'java/lang/NoSuchMethodError'{0x00000000a721fd60}: 'int java.lang.invoke.DirectMethodHandle$Holder.invokeSpecial(java.lang.Object, java.lang.Object, java.lang.Object, java.lang.Object, java.lang.Object)'> (0x00000000a721fd60) thrown at [./src/hotspot/share/interpreter/linkResolver.cpp, line 773]
Event: 10.569 Thread 0x000001ed3d25d000 Exception <a 'java/lang/IncompatibleClassChangeError'{0x00000000a71dd150}: Found class java.lang.Object, but interface was expected> (0x00000000a71dd150) thrown at [./src/hotspot/share/interpreter/linkResolver.cpp, line 839]
Event: 10.880 Thread 0x000001ed3d25d000 Exception <a 'java/lang/NoSuchMethodError'{0x00000000aa070898}: 'void java.lang.invoke.DirectMethodHandle$Holder.invokeStatic(java.lang.Object, java.lang.Object, java.lang.Object, java.lang.Object, int, java.lang.Object, java.lang.Object)'> (0x00000000aa070898) thrown at [./src/hotspot/share/interpreter/linkResolver.cpp, line 773]

Events (20 events):
Event: 10.899 loading class org/gradle/internal/snapshot/impl/HashCodeSnapshot
Event: 10.899 loading class org/gradle/internal/snapshot/impl/HashCodeSnapshot done
Event: 10.900 loading class org/gradle/api/file/FileCollection
Event: 10.900 loading class org/gradle/api/file/FileCollection done
Event: 10.900 loading class org/gradle/api/file/FileCollection
Event: 10.900 loading class org/gradle/api/file/FileCollection done
Event: 10.900 loading class org/gradle/api/file/FileCollection
Event: 10.900 loading class org/gradle/api/file/FileCollection done
Event: 10.900 loading class org/gradle/api/file/FileCollection
Event: 10.900 loading class org/gradle/api/file/FileCollection done
Event: 10.900 loading class org/gradle/api/internal/artifacts/transform/DefaultTransformerInvocationFactory$AbstractTransformerExecution
Event: 10.900 loading class org/gradle/api/internal/artifacts/transform/DefaultTransformerInvocationFactory$AbstractTransformerExecution done
Event: 10.900 loading class org/gradle/api/file/FileCollection
Event: 10.900 loading class org/gradle/api/file/FileCollection done
Event: 10.900 loading class org/gradle/api/file/FileCollection
Event: 10.900 loading class org/gradle/api/file/FileCollection done
Event: 10.900 loading class org/gradle/api/internal/artifacts/transform/DefaultTransformerInvocationFactory$AbstractTransformerExecution
Event: 10.900 loading class org/gradle/api/internal/artifacts/transform/DefaultTransformerInvocationFactory$AbstractTransformerExecution done
Event: 10.900 loading class org/gradle/api/internal/artifacts/transform/DefaultTransformerInvocationFactory$AbstractTransformerExecution
Event: 10.900 loading class org/gradle/api/internal/artifacts/transform/DefaultTransformerInvocationFactory$AbstractTransformerExecution done


Dynamic libraries:
0x00007ff700120000 - 0x00007ff70012a000 	C:\Program Files\Android\Android Studio\jre\bin\java.exe
0x00007ffe87150000 - 0x00007ffe87345000 	C:\Windows\SYSTEM32\ntdll.dll
0x00007ffe85950000 - 0x00007ffe85a0e000 	C:\Windows\System32\KERNEL32.DLL
0x00007ffe84ed0000 - 0x00007ffe85199000 	C:\Windows\System32\KERNELBASE.dll
0x00007ffe84bc0000 - 0x00007ffe84cc0000 	C:\Windows\System32\ucrtbase.dll
0x00007ffe71af0000 - 0x00007ffe71b07000 	C:\Program Files\Android\Android Studio\jre\bin\VCRUNTIME140.dll
0x00007ffe7ff30000 - 0x00007ffe7ff49000 	C:\Program Files\Android\Android Studio\jre\bin\jli.dll
0x00007ffe865e0000 - 0x00007ffe86781000 	C:\Windows\System32\USER32.dll
0x00007ffe715d0000 - 0x00007ffe7186a000 	C:\Windows\WinSxS\amd64_microsoft.windows.common-controls_6595b64144ccf1df_6.0.19041.1110_none_60b5254171f9507e\COMCTL32.dll
0x00007ffe848d0000 - 0x00007ffe848f2000 	C:\Windows\System32\win32u.dll
0x00007ffe86360000 - 0x00007ffe8638b000 	C:\Windows\System32\GDI32.dll
0x00007ffe85ea0000 - 0x00007ffe85f3e000 	C:\Windows\System32\msvcrt.dll
0x00007ffe84ab0000 - 0x00007ffe84bbb000 	C:\Windows\System32\gdi32full.dll
0x00007ffe849e0000 - 0x00007ffe84a7d000 	C:\Windows\System32\msvcp_win.dll
0x00007ffe85a10000 - 0x00007ffe85a40000 	C:\Windows\System32\IMM32.DLL
0x00007ffe4ec20000 - 0x00007ffe4ecbd000 	C:\Program Files\Android\Android Studio\jre\bin\msvcp140.dll
0x00007ffe33a80000 - 0x00007ffe34582000 	C:\Program Files\Android\Android Studio\jre\bin\server\jvm.dll
0x00007ffe85bf0000 - 0x00007ffe85c9c000 	C:\Windows\System32\ADVAPI32.dll
0x00007ffe85620000 - 0x00007ffe856bb000 	C:\Windows\System32\sechost.dll
0x00007ffe85a40000 - 0x00007ffe85b6a000 	C:\Windows\System32\RPCRT4.dll
0x00007ffe85800000 - 0x00007ffe85808000 	C:\Windows\System32\PSAPI.DLL
0x00007ffe7b940000 - 0x00007ffe7b949000 	C:\Windows\SYSTEM32\WSOCK32.dll
0x00007ffe86940000 - 0x00007ffe869ab000 	C:\Windows\System32\WS2_32.dll
0x00007ffe774c0000 - 0x00007ffe774e7000 	C:\Windows\SYSTEM32\WINMM.dll
0x00007ffe7f7c0000 - 0x00007ffe7f7ca000 	C:\Windows\SYSTEM32\VERSION.dll
0x00007ffe82790000 - 0x00007ffe827a2000 	C:\Windows\SYSTEM32\kernel.appcore.dll
0x00007ffe71ab0000 - 0x00007ffe71ac1000 	C:\Program Files\Android\Android Studio\jre\bin\verify.dll
0x00007ffe6b130000 - 0x00007ffe6b314000 	C:\Windows\SYSTEM32\DBGHELP.DLL
0x00007ffe6b0f0000 - 0x00007ffe6b11c000 	C:\Windows\SYSTEM32\dbgcore.DLL
0x00007ffe84900000 - 0x00007ffe84983000 	C:\Windows\System32\bcryptPrimitives.dll
0x00007ffe71a80000 - 0x00007ffe71aa9000 	C:\Program Files\Android\Android Studio\jre\bin\java.dll
0x00007ffe7b930000 - 0x00007ffe7b93b000 	C:\Program Files\Android\Android Studio\jre\bin\jimage.dll
0x00007ffe71a60000 - 0x00007ffe71a78000 	C:\Program Files\Android\Android Studio\jre\bin\zip.dll
0x00007ffe869d0000 - 0x00007ffe8710f000 	C:\Windows\System32\SHELL32.dll
0x00007ffe82990000 - 0x00007ffe83120000 	C:\Windows\SYSTEM32\windows.storage.dll
0x00007ffe86000000 - 0x00007ffe86355000 	C:\Windows\System32\combase.dll
0x00007ffe84250000 - 0x00007ffe8427c000 	C:\Windows\SYSTEM32\Wldp.dll
0x00007ffe856c0000 - 0x00007ffe8576d000 	C:\Windows\System32\SHCORE.dll
0x00007ffe858f0000 - 0x00007ffe85945000 	C:\Windows\System32\shlwapi.dll
0x00007ffe847b0000 - 0x00007ffe847cf000 	C:\Windows\SYSTEM32\profapi.dll
0x00007ffe71a00000 - 0x00007ffe71a1a000 	C:\Program Files\Android\Android Studio\jre\bin\net.dll
0x00007ffe774f0000 - 0x00007ffe775f8000 	C:\Windows\SYSTEM32\WINHTTP.dll
0x00007ffe83f50000 - 0x00007ffe83fba000 	C:\Windows\system32\mswsock.dll
0x00007ffe63ab0000 - 0x00007ffe63ac4000 	C:\Program Files\Android\Android Studio\jre\bin\nio.dll
0x00007ffe6d600000 - 0x00007ffe6d627000 	C:\Users\shweta android\.gradle\native\e1d6ef7f7dcc3fd88c89a11ec53ec762bb8ba0a96d01ffa2cd45eb1d1d8dd5c5\windows-amd64\native-platform.dll
0x00007ffe2f150000 - 0x00007ffe2f294000 	C:\Users\shweta android\.gradle\native\0d407fdbe67a94daf76414ababcb853783967236a71b16ec16e742cd7a986fd3\windows-amd64\native-platform-file-events.dll
0x00007ffe719f0000 - 0x00007ffe719fa000 	C:\Program Files\Android\Android Studio\jre\bin\management.dll
0x00007ffe71980000 - 0x00007ffe7198d000 	C:\Program Files\Android\Android Studio\jre\bin\management_ext.dll
0x00007ffe84140000 - 0x00007ffe84158000 	C:\Windows\SYSTEM32\CRYPTSP.dll
0x00007ffe838d0000 - 0x00007ffe83904000 	C:\Windows\system32\rsaenh.dll
0x00007ffe84a80000 - 0x00007ffe84aa7000 	C:\Windows\System32\bcrypt.dll
0x00007ffe84770000 - 0x00007ffe8479e000 	C:\Windows\SYSTEM32\USERENV.dll
0x00007ffe84160000 - 0x00007ffe8416c000 	C:\Windows\SYSTEM32\CRYPTBASE.dll
0x00007ffe83c40000 - 0x00007ffe83c7b000 	C:\Windows\SYSTEM32\IPHLPAPI.DLL
0x00007ffe85be0000 - 0x00007ffe85be8000 	C:\Windows\System32\NSI.dll
0x00007ffe7e7f0000 - 0x00007ffe7e807000 	C:\Windows\SYSTEM32\dhcpcsvc6.DLL
0x00007ffe7f7d0000 - 0x00007ffe7f7ed000 	C:\Windows\SYSTEM32\dhcpcsvc.DLL
0x00007ffe83c80000 - 0x00007ffe83d4c000 	C:\Windows\SYSTEM32\DNSAPI.dll

dbghelp: loaded successfully - version: 4.0.5 - missing functions: none
symbol engine: initialized successfully - sym options: 0x614 - pdb path: .;C:\Program Files\Android\Android Studio\jre\bin;C:\Windows\SYSTEM32;C:\Windows\WinSxS\amd64_microsoft.windows.common-controls_6595b64144ccf1df_6.0.19041.1110_none_60b5254171f9507e;C:\Program Files\Android\Android Studio\jre\bin\server;C:\Users\shweta android\.gradle\native\e1d6ef7f7dcc3fd88c89a11ec53ec762bb8ba0a96d01ffa2cd45eb1d1d8dd5c5\windows-amd64;C:\Users\shweta android\.gradle\native\0d407fdbe67a94daf76414ababcb853783967236a71b16ec16e742cd7a986fd3\windows-amd64

VM Arguments:
jvm_args: --add-opens=java.base/java.util=ALL-UNNAMED --add-opens=java.base/java.lang=ALL-UNNAMED --add-opens=java.base/java.lang.invoke=ALL-UNNAMED --add-opens=java.base/java.util=ALL-UNNAMED --add-opens=java.prefs/java.util.prefs=ALL-UNNAMED --add-opens=java.prefs/java.util.prefs=ALL-UNNAMED --add-opens=java.base/java.nio.charset=ALL-UNNAMED --add-opens=java.base/java.net=ALL-UNNAMED --add-opens=java.base/java.util.concurrent.atomic=ALL-UNNAMED -Xmx1536m -Dfile.encoding=windows-1252 -Duser.country=US -Duser.language=en -Duser.variant 
java_command: org.gradle.launcher.daemon.bootstrap.GradleDaemon 7.4
java_class_path (initial): C:\Users\shweta android\.gradle\wrapper\dists\gradle-7.4-bin\c0gwcg53nkjbqw7r0h0umtfvt\gradle-7.4\lib\gradle-launcher-7.4.jar
Launcher Type: SUN_STANDARD

[Global flags]
     intx CICompilerCount                          = 4                                         {product} {ergonomic}
     uint ConcGCThreads                            = 2                                         {product} {ergonomic}
     uint G1ConcRefinementThreads                  = 8                                         {product} {ergonomic}
   size_t G1HeapRegionSize                         = 1048576                                   {product} {ergonomic}
    uintx GCDrainStackTargetSize                   = 64                                        {product} {ergonomic}
   size_t InitialHeapSize                          = 67108864                                  {product} {ergonomic}
   size_t MarkStackSize                            = 4194304                                   {product} {ergonomic}
   size_t MaxHeapSize                              = 1610612736                                {product} {command line}
   size_t MaxNewSize                               = 965738496                                 {product} {ergonomic}
   size_t MinHeapDeltaBytes                        = 1048576                                   {product} {ergonomic}
    uintx NonNMethodCodeHeapSize                   = 5836300                                {pd product} {ergonomic}
    uintx NonProfiledCodeHeapSize                  = 122910970                              {pd product} {ergonomic}
    uintx ProfiledCodeHeapSize                     = 122910970                              {pd product} {ergonomic}
    uintx ReservedCodeCacheSize                    = 251658240                              {pd product} {ergonomic}
     bool SegmentedCodeCache                       = true                                      {product} {ergonomic}
     bool UseCompressedClassPointers               = true                                 {lp64_product} {ergonomic}
     bool UseCompressedOops                        = true                                 {lp64_product} {ergonomic}
     bool UseG1GC                                  = true                                      {product} {ergonomic}
     bool UseLargePagesIndividualAllocation        = false                                  {pd product} {ergonomic}

Logging:
Log output configuration:
 #0: stdout all=warning uptime,level,tags
 #1: stderr all=off uptime,level,tags

Environment Variables:
PATH=C:\Windows\system32;C:\Windows;C:\Windows\System32\Wbem;C:\Windows\System32\WindowsPowerShell\v1.0\;C:\Windows\System32\OpenSSH\;C:\Program Files\Git\cmd;C:\Users\shweta android\AppData\Local\Microsoft\WindowsApps;;D:\program files\Microsoft VS Code\bin
USERNAME=shweta android
OS=Windows_NT
PROCESSOR_IDENTIFIER=Intel64 Family 6 Model 60 Stepping 3, GenuineIntel



---------------  S Y S T E M  ---------------

OS: Windows 10 , 64 bit Build 19041 (10.0.19041.1202)
OS uptime: 0 days 6:29 hours

CPU:total 8 (initial active 8) (4 cores per cpu, 2 threads per core) family 6 model 60 stepping 3 microcode 0x27, cmov, cx8, fxsr, mmx, sse, sse2, sse3, ssse3, sse4.1, sse4.2, popcnt, avx, avx2, aes, clmul, erms, lzcnt, ht, tsc, tscinvbit, bmi1, bmi2, fma

Memory: 4k page, system-wide physical 4007M (224M free)
TotalPageFile size 10179M (AvailPageFile size 4M)
current process WorkingSet (physical memory assigned to process): 336M, peak: 356M
current process commit charge ("private bytes"): 430M, peak: 430M

vm_info: OpenJDK 64-Bit Server VM (11.0.13+0-b1751.21-8125866) for windows-amd64 JRE (11.0.13+0-b1751.21-8125866), built on Feb  2 2022 03:00:22 by "builder" with MS VC++ 14.0 (VS2015)

END.
