#
# There is insufficient memory for the Java Runtime Environment to continue.
# Native memory allocation (malloc) failed to allocate 1124496 bytes for Chunk::new
# Possible reasons:
#   The system is out of physical RAM or swap space
#   The process is running with CompressedOops enabled, and the Java Heap may be blocking the growth of the native heap
# Possible solutions:
#   Reduce memory load on the system
#   Increase physical memory or swap space
#   Check if swap backing store is full
#   Decrease Java heap size (-Xmx/-Xms)
#   Decrease number of Java threads
#   Decrease Java thread stack sizes (-Xss)
#   Set larger code cache with -XX:ReservedCodeCacheSize=
#   JVM is running with Unscaled Compressed Oops mode in which the Java heap is
#     placed in the first 4GB address space. The Java Heap base address is the
#     maximum limit for the native heap growth. Please use -XX:HeapBaseMinAddress
#     to set the Java Heap base and to place the Java Heap above 4GB virtual address.
# This output file may be truncated or incomplete.
#
#  Out of Memory Error (./src/hotspot/share/memory/arena.cpp:197), pid=12020, tid=1668
#
# JRE version: OpenJDK Runtime Environment (11.0.13) (build 11.0.13+0-b1751.21-8125866)
# Java VM: OpenJDK 64-Bit Server VM (11.0.13+0-b1751.21-8125866, mixed mode, tiered, compressed oops, g1 gc, windows-amd64)
# No core dump will be written. Minidumps are not enabled by default on client versions of Windows
#

---------------  S U M M A R Y ------------

Command Line: --add-opens=java.base/java.util=ALL-UNNAMED --add-opens=java.base/java.lang=ALL-UNNAMED --add-opens=java.base/java.lang.invoke=ALL-UNNAMED --add-opens=java.base/java.util=ALL-UNNAMED --add-opens=java.prefs/java.util.prefs=ALL-UNNAMED --add-opens=java.prefs/java.util.prefs=ALL-UNNAMED --add-opens=java.base/java.nio.charset=ALL-UNNAMED --add-opens=java.base/java.net=ALL-UNNAMED --add-opens=java.base/java.util.concurrent.atomic=ALL-UNNAMED -Xmx1536m -Dfile.encoding=windows-1252 -Duser.country=US -Duser.language=en -Duser.variant org.gradle.launcher.daemon.bootstrap.GradleDaemon 7.4

Host: Intel(R) Core(TM) i7-4770 CPU @ 3.40GHz, 8 cores, 3G,  Windows 10 , 64 bit Build 19041 (10.0.19041.1202)
Time: Wed Nov 30 18:05:25 2022 India Standard Time elapsed time: 12.755553 seconds (0d 0h 0m 12s)

---------------  T H R E A D  ---------------

Current thread (0x000001adffa08800):  JavaThread "C2 CompilerThread0" daemon [_thread_in_native, id=1668, stack(0x00000053f2a00000,0x00000053f2b00000)]


Current CompileTask:
C2:  12756 9553       4       com.google.common.collect.Interners$InternerImpl::intern (50 bytes)

Stack: [0x00000053f2a00000,0x00000053f2b00000]
Native frames: (J=compiled Java code, j=interpreted, Vv=VM code, C=native code)
V  [jvm.dll+0x6100fa]
V  [jvm.dll+0x747090]
V  [jvm.dll+0x7486ad]
V  [jvm.dll+0x748d83]
V  [jvm.dll+0x24ab48]
V  [jvm.dll+0xc04dc]
V  [jvm.dll+0xc0a0c]
V  [jvm.dll+0x35eb5b]
V  [jvm.dll+0x32b833]
V  [jvm.dll+0x32ad2a]
V  [jvm.dll+0x2032b2]
V  [jvm.dll+0x202437]
V  [jvm.dll+0x188e01]
V  [jvm.dll+0x21106b]
V  [jvm.dll+0x20f8c1]
V  [jvm.dll+0x70de0f]
V  [jvm.dll+0x706a75]
V  [jvm.dll+0x60ed66]
C  [ucrtbase.dll+0x21bb2]
C  [KERNEL32.DLL+0x17034]
C  [ntdll.dll+0x52651]


---------------  P R O C E S S  ---------------

Threads class SMR info:
_java_thread_list=0x000001ad85f52f40, length=133, elements={
0x000001ade672d000, 0x000001adff887000, 0x000001adff892800, 0x000001adffa01800,
0x000001adffa04000, 0x000001adffa05000, 0x000001adffa08800, 0x000001adff8f1000,
0x000001adff8f4000, 0x000001adffb69800, 0x000001ad82282000, 0x000001ad829a8800,
0x000001ad821a9800, 0x000001ad8178c800, 0x000001ad819bd800, 0x000001ad81b44000,
0x000001ad81b57800, 0x000001ad82893800, 0x000001ad822d4800, 0x000001ad81888000,
0x000001ad823fc000, 0x000001ad823fd000, 0x000001ad823fd800, 0x000001ad823fb000,
0x000001ad823f8000, 0x000001ad823fe800, 0x000001ad823f8800, 0x000001ad823f9800,
0x000001ad823fa800, 0x000001ad83906000, 0x000001ad83906800, 0x000001ad83909000,
0x000001ad83908000, 0x000001ad8390c800, 0x000001ad8390a000, 0x000001ad8390a800,
0x000001ad8390b800, 0x000001ad83907800, 0x000001ad8390e000, 0x000001ad83914800,
0x000001ad83913000, 0x000001ad8390f800, 0x000001ad83910800, 0x000001ad83911000,
0x000001ad83913800, 0x000001ad83912000, 0x000001ad8390f000, 0x000001ad80b20800,
0x000001ad80b1f000, 0x000001ad80b1b800, 0x000001ad80b1b000, 0x000001ad80b1e000,
0x000001ad80b1f800, 0x000001ad80b1c800, 0x000001ad80b1d800, 0x000001ad80b27000,
0x000001ad80b25800, 0x000001ad80b22000, 0x000001ad80b21800, 0x000001ad80b24800,
0x000001ad80b26000, 0x000001ad80b23000, 0x000001ad80b28000, 0x000001ad80b28800,
0x000001ad80b29800, 0x000001ad80b24000, 0x000001ad83bd9000, 0x000001ad83bd3000,
0x000001ad83bd6800, 0x000001ad83bd9800, 0x000001ad83bd4000, 0x000001ad83bda800,
0x000001ad83bd5800, 0x000001ad83bd5000, 0x000001ad83bdb800, 0x000001ad83bdc000,
0x000001ad83bd8000, 0x000001ad83bdd000, 0x000001ad83bd7800, 0x000001ad83bde000,
0x000001ad83bde800, 0x000001ad83bdf800, 0x000001ad83be0800, 0x000001ad83be1000,
0x000001ad83be2000, 0x000001ad83f7c000, 0x000001ad83f81000, 0x000001ad83f82800,
0x000001ad83f80800, 0x000001ad83f82000, 0x000001ad83f7e800, 0x000001ad83f7d000,
0x000001ad83f83800, 0x000001ad83f7f800, 0x000001ad83f7e000, 0x000001ad83f87800,
0x000001ad83f88800, 0x000001ad83f86000, 0x000001ad83f85000, 0x000001ad83f87000,
0x000001ad83f8a000, 0x000001ad83f89000, 0x000001ad83f84800, 0x000001ad83f8b000,
0x000001ad83f9d000, 0x000001ad83fa1000, 0x000001ad83f9b000, 0x000001ad83fa2000,
0x000001ad83fa0000, 0x000001ad83f9c000, 0x000001ad83f9e800, 0x000001ad83fa2800,
0x000001ad83fa3800, 0x000001ad83f9f800, 0x000001ad83f9d800, 0x000001ad83fa6800,
0x000001ad83fa7800, 0x000001ad83fa5000, 0x000001ad83fa8800, 0x000001ad83faa000,
0x000001ad83fa6000, 0x000001ad83fa9000, 0x000001ad83fa4000, 0x000001ad87f86000,
0x000001ad87f82000, 0x000001ad87f83000, 0x000001ad87f83800, 0x000001ad87f80800,
0x000001ad87f87000, 0x000001ad87f84800, 0x000001ad87f81000, 0x000001ad87b6b800,
0x000001ad87b6c800
}

Java Threads: ( => current thread )
  0x000001ade672d000 JavaThread "main" [_thread_blocked, id=32, stack(0x00000053f1e00000,0x00000053f1f00000)]
  0x000001adff887000 JavaThread "Reference Handler" daemon [_thread_blocked, id=9624, stack(0x00000053f2500000,0x00000053f2600000)]
  0x000001adff892800 JavaThread "Finalizer" daemon [_thread_blocked, id=5072, stack(0x00000053f2600000,0x00000053f2700000)]
  0x000001adffa01800 JavaThread "Signal Dispatcher" daemon [_thread_blocked, id=6096, stack(0x00000053f2700000,0x00000053f2800000)]
  0x000001adffa04000 JavaThread "Attach Listener" daemon [_thread_blocked, id=9200, stack(0x00000053f2800000,0x00000053f2900000)]
  0x000001adffa05000 JavaThread "Service Thread" daemon [_thread_blocked, id=6908, stack(0x00000053f2900000,0x00000053f2a00000)]
=>0x000001adffa08800 JavaThread "C2 CompilerThread0" daemon [_thread_in_native, id=1668, stack(0x00000053f2a00000,0x00000053f2b00000)]
  0x000001adff8f1000 JavaThread "C1 CompilerThread0" daemon [_thread_in_vm, id=10100, stack(0x00000053f2b00000,0x00000053f2c00000)]
  0x000001adff8f4000 JavaThread "Sweeper thread" daemon [_thread_blocked, id=272, stack(0x00000053f2c00000,0x00000053f2d00000)]
  0x000001adffb69800 JavaThread "Common-Cleaner" daemon [_thread_blocked, id=8688, stack(0x00000053f2d00000,0x00000053f2e00000)]
  0x000001ad82282000 JavaThread "Daemon health stats" [_thread_blocked, id=5232, stack(0x00000053f3100000,0x00000053f3200000)]
  0x000001ad829a8800 JavaThread "Incoming local TCP Connector on port 61512" [_thread_in_native, id=3848, stack(0x00000053f3200000,0x00000053f3300000)]
  0x000001ad821a9800 JavaThread "Daemon periodic checks" [_thread_blocked, id=11124, stack(0x00000053f3300000,0x00000053f3400000)]
  0x000001ad8178c800 JavaThread "Daemon" [_thread_blocked, id=7272, stack(0x00000053f3400000,0x00000053f3500000)]
  0x000001ad819bd800 JavaThread "Handler for socket connection from /127.0.0.1:61512 to /127.0.0.1:61513" [_thread_in_native, id=7048, stack(0x00000053f3500000,0x00000053f3600000)]
  0x000001ad81b44000 JavaThread "Cancel handler" [_thread_blocked, id=3736, stack(0x00000053f3600000,0x00000053f3700000)]
  0x000001ad81b57800 JavaThread "Daemon worker" [_thread_blocked, id=9864, stack(0x00000053f3700000,0x00000053f3800000)]
  0x000001ad82893800 JavaThread "Asynchronous log dispatcher for DefaultDaemonConnection: socket connection from /127.0.0.1:61512 to /127.0.0.1:61513" [_thread_blocked, id=10872, stack(0x00000053f3800000,0x00000053f3900000)]
  0x000001ad822d4800 JavaThread "Stdin handler" [_thread_blocked, id=6372, stack(0x00000053f3900000,0x00000053f3a00000)]
  0x000001ad81888000 JavaThread "Daemon client event forwarder" [_thread_blocked, id=8120, stack(0x00000053f3a00000,0x00000053f3b00000)]
  0x000001ad823fc000 JavaThread "Cache worker for journal cache (C:\Users\shweta android\.gradle\caches\journal-1)" [_thread_blocked, id=11064, stack(0x00000053f4100000,0x00000053f4200000)]
  0x000001ad823fd000 JavaThread "File lock request listener" [_thread_in_native, id=7868, stack(0x00000053f4200000,0x00000053f4300000)]
  0x000001ad823fd800 JavaThread "Cache worker for file hash cache (C:\Users\shweta android\.gradle\caches\7.4\fileHashes)" [_thread_blocked, id=10476, stack(0x00000053f2f00000,0x00000053f3000000)]
  0x000001ad823fb000 JavaThread "File watcher server" daemon [_thread_in_native, id=11888, stack(0x00000053f4400000,0x00000053f4500000)]
  0x000001ad823f8000 JavaThread "File watcher consumer" daemon [_thread_blocked, id=9164, stack(0x00000053f4500000,0x00000053f4600000)]
  0x000001ad823fe800 JavaThread "Cache worker for checksums cache (D:\sonalika apk\sonalikaM23 09 22\.gradle\7.4\checksums)" [_thread_blocked, id=7504, stack(0x00000053f4600000,0x00000053f4700000)]
  0x000001ad823f8800 JavaThread "Cache worker for cache directory md-rule (C:\Users\shweta android\.gradle\caches\7.4\md-rule)" [_thread_blocked, id=9336, stack(0x00000053f4700000,0x00000053f4800000)]
  0x000001ad823f9800 JavaThread "Cache worker for file hash cache (D:\sonalika apk\sonalikaM23 09 22\.gradle\7.4\fileHashes)" [_thread_blocked, id=7704, stack(0x00000053f4800000,0x00000053f4900000)]
  0x000001ad823fa800 JavaThread "Cache worker for cache directory md-supplier (C:\Users\shweta android\.gradle\caches\7.4\md-supplier)" [_thread_blocked, id=2708, stack(0x00000053f4900000,0x00000053f4a00000)]
  0x000001ad83906000 JavaThread "Cache worker for execution history cache (C:\Users\shweta android\.gradle\caches\7.4\executionHistory)" [_thread_blocked, id=11312, stack(0x00000053f4a00000,0x00000053f4b00000)]
  0x000001ad83906800 JavaThread "jar transforms" [_thread_blocked, id=240, stack(0x00000053f4b00000,0x00000053f4c00000)]
  0x000001ad83909000 JavaThread "jar transforms Thread 2" [_thread_blocked, id=8584, stack(0x00000053f4c00000,0x00000053f4d00000)]
  0x000001ad83908000 JavaThread "Cache worker for file content cache (C:\Users\shweta android\.gradle\caches\7.4\fileContent)" [_thread_blocked, id=10532, stack(0x00000053f4d00000,0x00000053f4e00000)]
  0x000001ad8390c800 JavaThread "Cache worker for dependencies-accessors (D:\sonalika apk\sonalikaM23 09 22\.gradle\7.4\dependencies-accessors)" [_thread_blocked, id=9600, stack(0x00000053f4e00000,0x00000053f4f00000)]
  0x000001ad8390a000 JavaThread "jar transforms Thread 3" [_thread_blocked, id=8060, stack(0x00000053f4f00000,0x00000053f5000000)]
  0x000001ad8390a800 JavaThread "Cache worker for Build Output Cleanup Cache (D:\sonalika apk\sonalikaM23 09 22\.gradle\buildOutputCleanup)" [_thread_blocked, id=4708, stack(0x00000053f5000000,0x00000053f5100000)]
  0x000001ad8390b800 JavaThread "Unconstrained build operations" [_thread_blocked, id=11020, stack(0x00000053f5100000,0x00000053f5200000)]
  0x000001ad83907800 JavaThread "Unconstrained build operations Thread 2" [_thread_blocked, id=6196, stack(0x00000053f5200000,0x00000053f5300000)]
  0x000001ad8390e000 JavaThread "Unconstrained build operations Thread 3" [_thread_blocked, id=4296, stack(0x00000053f5300000,0x00000053f5400000)]
  0x000001ad83914800 JavaThread "Unconstrained build operations Thread 4" [_thread_blocked, id=6620, stack(0x00000053f5400000,0x00000053f5500000)]
  0x000001ad83913000 JavaThread "Unconstrained build operations Thread 5" [_thread_blocked, id=9264, stack(0x00000053f5500000,0x00000053f5600000)]
  0x000001ad8390f800 JavaThread "Unconstrained build operations Thread 6" [_thread_blocked, id=2420, stack(0x00000053f5600000,0x00000053f5700000)]
  0x000001ad83910800 JavaThread "Unconstrained build operations Thread 7" [_thread_blocked, id=7264, stack(0x00000053f5700000,0x00000053f5800000)]
  0x000001ad83911000 JavaThread "Unconstrained build operations Thread 8" [_thread_blocked, id=3216, stack(0x00000053f5800000,0x00000053f5900000)]
  0x000001ad83913800 JavaThread "Unconstrained build operations Thread 9" [_thread_in_Java, id=6872, stack(0x00000053f5900000,0x00000053f5a00000)]
  0x000001ad83912000 JavaThread "Unconstrained build operations Thread 10" [_thread_blocked, id=1792, stack(0x00000053f5a00000,0x00000053f5b00000)]
  0x000001ad8390f000 JavaThread "Unconstrained build operations Thread 11" [_thread_blocked, id=10692, stack(0x00000053f5b00000,0x00000053f5c00000)]
  0x000001ad80b20800 JavaThread "Unconstrained build operations Thread 12" [_thread_blocked, id=7240, stack(0x00000053f5c00000,0x00000053f5d00000)]
  0x000001ad80b1f000 JavaThread "Unconstrained build operations Thread 13" [_thread_blocked, id=8760, stack(0x00000053f5d00000,0x00000053f5e00000)]
  0x000001ad80b1b800 JavaThread "Unconstrained build operations Thread 14" [_thread_blocked, id=10164, stack(0x00000053f5e00000,0x00000053f5f00000)]
  0x000001ad80b1b000 JavaThread "Unconstrained build operations Thread 15" [_thread_blocked, id=6688, stack(0x00000053f5f00000,0x00000053f6000000)]
  0x000001ad80b1e000 JavaThread "Unconstrained build operations Thread 16" [_thread_blocked, id=7944, stack(0x00000053f6000000,0x00000053f6100000)]
  0x000001ad80b1f800 JavaThread "Unconstrained build operations Thread 17" [_thread_blocked, id=1236, stack(0x00000053f6100000,0x00000053f6200000)]
  0x000001ad80b1c800 JavaThread "Unconstrained build operations Thread 18" [_thread_blocked, id=4500, stack(0x00000053f6200000,0x00000053f6300000)]
  0x000001ad80b1d800 JavaThread "Unconstrained build operations Thread 19" [_thread_blocked, id=8384, stack(0x00000053f6300000,0x00000053f6400000)]
  0x000001ad80b27000 JavaThread "Unconstrained build operations Thread 20" [_thread_blocked, id=4888, stack(0x00000053f6400000,0x00000053f6500000)]
  0x000001ad80b25800 JavaThread "Unconstrained build operations Thread 21" [_thread_blocked, id=4000, stack(0x00000053f6500000,0x00000053f6600000)]
  0x000001ad80b22000 JavaThread "Unconstrained build operations Thread 22" [_thread_blocked, id=3488, stack(0x00000053f6600000,0x00000053f6700000)]
  0x000001ad80b21800 JavaThread "Unconstrained build operations Thread 23" [_thread_blocked, id=4416, stack(0x00000053f6700000,0x00000053f6800000)]
  0x000001ad80b24800 JavaThread "Unconstrained build operations Thread 24" [_thread_blocked, id=8264, stack(0x00000053f6800000,0x00000053f6900000)]
  0x000001ad80b26000 JavaThread "Unconstrained build operations Thread 25" [_thread_blocked, id=10668, stack(0x00000053f6900000,0x00000053f6a00000)]
  0x000001ad80b23000 JavaThread "Unconstrained build operations Thread 26" [_thread_blocked, id=3264, stack(0x00000053f6a00000,0x00000053f6b00000)]
  0x000001ad80b28000 JavaThread "Unconstrained build operations Thread 27" [_thread_blocked, id=1764, stack(0x00000053f6b00000,0x00000053f6c00000)]
  0x000001ad80b28800 JavaThread "Unconstrained build operations Thread 28" [_thread_blocked, id=11756, stack(0x00000053f6c00000,0x00000053f6d00000)]
  0x000001ad80b29800 JavaThread "Unconstrained build operations Thread 29" [_thread_blocked, id=1484, stack(0x00000053f6d00000,0x00000053f6e00000)]
  0x000001ad80b24000 JavaThread "Unconstrained build operations Thread 30" [_thread_blocked, id=6304, stack(0x00000053f6e00000,0x00000053f6f00000)]
  0x000001ad83bd9000 JavaThread "Unconstrained build operations Thread 31" [_thread_blocked, id=11160, stack(0x00000053f6f00000,0x00000053f7000000)]
  0x000001ad83bd3000 JavaThread "Unconstrained build operations Thread 32" [_thread_blocked, id=9492, stack(0x00000053f7000000,0x00000053f7100000)]
  0x000001ad83bd6800 JavaThread "Unconstrained build operations Thread 33" [_thread_blocked, id=8260, stack(0x00000053f7100000,0x00000053f7200000)]
  0x000001ad83bd9800 JavaThread "Unconstrained build operations Thread 34" [_thread_blocked, id=3544, stack(0x00000053f7200000,0x00000053f7300000)]
  0x000001ad83bd4000 JavaThread "Unconstrained build operations Thread 35" [_thread_blocked, id=6136, stack(0x00000053f7300000,0x00000053f7400000)]
  0x000001ad83bda800 JavaThread "Unconstrained build operations Thread 36" [_thread_blocked, id=5356, stack(0x00000053f7400000,0x00000053f7500000)]
  0x000001ad83bd5800 JavaThread "Unconstrained build operations Thread 37" [_thread_blocked, id=4300, stack(0x00000053f7500000,0x00000053f7600000)]
  0x000001ad83bd5000 JavaThread "Unconstrained build operations Thread 38" [_thread_blocked, id=10456, stack(0x00000053f7600000,0x00000053f7700000)]
  0x000001ad83bdb800 JavaThread "Unconstrained build operations Thread 39" [_thread_blocked, id=7336, stack(0x00000053f7700000,0x00000053f7800000)]
  0x000001ad83bdc000 JavaThread "Unconstrained build operations Thread 40" [_thread_blocked, id=6704, stack(0x00000053f7800000,0x00000053f7900000)]
  0x000001ad83bd8000 JavaThread "Unconstrained build operations Thread 41" [_thread_blocked, id=9632, stack(0x00000053f7900000,0x00000053f7a00000)]
  0x000001ad83bdd000 JavaThread "Unconstrained build operations Thread 42" [_thread_blocked, id=9560, stack(0x00000053f7a00000,0x00000053f7b00000)]
  0x000001ad83bd7800 JavaThread "Unconstrained build operations Thread 43" [_thread_blocked, id=10808, stack(0x00000053f7b00000,0x00000053f7c00000)]
  0x000001ad83bde000 JavaThread "Unconstrained build operations Thread 44" [_thread_blocked, id=11664, stack(0x00000053f7c00000,0x00000053f7d00000)]
  0x000001ad83bde800 JavaThread "Unconstrained build operations Thread 45" [_thread_blocked, id=948, stack(0x00000053f7d00000,0x00000053f7e00000)]
  0x000001ad83bdf800 JavaThread "Unconstrained build operations Thread 46" [_thread_blocked, id=5716, stack(0x00000053f7e00000,0x00000053f7f00000)]
  0x000001ad83be0800 JavaThread "Unconstrained build operations Thread 47" [_thread_blocked, id=11644, stack(0x00000053f7f00000,0x00000053f8000000)]
  0x000001ad83be1000 JavaThread "Unconstrained build operations Thread 48" [_thread_blocked, id=10672, stack(0x00000053f8000000,0x00000053f8100000)]
  0x000001ad83be2000 JavaThread "Unconstrained build operations Thread 49" [_thread_blocked, id=4552, stack(0x00000053f8100000,0x00000053f8200000)]
  0x000001ad83f7c000 JavaThread "Unconstrained build operations Thread 50" [_thread_blocked, id=11196, stack(0x00000053f8200000,0x00000053f8300000)]
  0x000001ad83f81000 JavaThread "Unconstrained build operations Thread 51" [_thread_blocked, id=3648, stack(0x00000053f8300000,0x00000053f8400000)]
  0x000001ad83f82800 JavaThread "Unconstrained build operations Thread 52" [_thread_blocked, id=1428, stack(0x00000053f8400000,0x00000053f8500000)]
  0x000001ad83f80800 JavaThread "Unconstrained build operations Thread 53" [_thread_blocked, id=4372, stack(0x00000053f8500000,0x00000053f8600000)]
  0x000001ad83f82000 JavaThread "Unconstrained build operations Thread 54" [_thread_blocked, id=11784, stack(0x00000053f8600000,0x00000053f8700000)]
  0x000001ad83f7e800 JavaThread "Unconstrained build operations Thread 55" [_thread_blocked, id=6696, stack(0x00000053f8700000,0x00000053f8800000)]
  0x000001ad83f7d000 JavaThread "Unconstrained build operations Thread 56" [_thread_blocked, id=4648, stack(0x00000053f8800000,0x00000053f8900000)]
  0x000001ad83f83800 JavaThread "Unconstrained build operations Thread 57" [_thread_blocked, id=7472, stack(0x00000053f8900000,0x00000053f8a00000)]
  0x000001ad83f7f800 JavaThread "Unconstrained build operations Thread 58" [_thread_blocked, id=7076, stack(0x00000053f8a00000,0x00000053f8b00000)]
  0x000001ad83f7e000 JavaThread "Unconstrained build operations Thread 59" [_thread_blocked, id=9000, stack(0x00000053f8b00000,0x00000053f8c00000)]
  0x000001ad83f87800 JavaThread "Unconstrained build operations Thread 60" [_thread_blocked, id=9848, stack(0x00000053f8c00000,0x00000053f8d00000)]
  0x000001ad83f88800 JavaThread "Unconstrained build operations Thread 61" [_thread_blocked, id=3076, stack(0x00000053f8d00000,0x00000053f8e00000)]
  0x000001ad83f86000 JavaThread "Unconstrained build operations Thread 62" [_thread_blocked, id=3692, stack(0x00000053f8e00000,0x00000053f8f00000)]
  0x000001ad83f85000 JavaThread "Unconstrained build operations Thread 63" [_thread_blocked, id=1588, stack(0x00000053f8f00000,0x00000053f9000000)]
  0x000001ad83f87000 JavaThread "Unconstrained build operations Thread 64" [_thread_in_native, id=216, stack(0x00000053f9000000,0x00000053f9100000)]
  0x000001ad83f8a000 JavaThread "Unconstrained build operations Thread 65" [_thread_blocked, id=3068, stack(0x00000053f9100000,0x00000053f9200000)]
  0x000001ad83f89000 JavaThread "Unconstrained build operations Thread 66" [_thread_blocked, id=6568, stack(0x00000053f9200000,0x00000053f9300000)]
  0x000001ad83f84800 JavaThread "Unconstrained build operations Thread 67" [_thread_blocked, id=2596, stack(0x00000053f9300000,0x00000053f9400000)]
  0x000001ad83f8b000 JavaThread "Unconstrained build operations Thread 68" [_thread_blocked, id=7992, stack(0x00000053f9400000,0x00000053f9500000)]
  0x000001ad83f9d000 JavaThread "Unconstrained build operations Thread 69" [_thread_blocked, id=12280, stack(0x00000053f9500000,0x00000053f9600000)]
  0x000001ad83fa1000 JavaThread "Unconstrained build operations Thread 70" [_thread_blocked, id=10788, stack(0x00000053f9600000,0x00000053f9700000)]
  0x000001ad83f9b000 JavaThread "Unconstrained build operations Thread 71" [_thread_blocked, id=8324, stack(0x00000053f9700000,0x00000053f9800000)]
  0x000001ad83fa2000 JavaThread "Unconstrained build operations Thread 72" [_thread_blocked, id=11832, stack(0x00000053f9800000,0x00000053f9900000)]
  0x000001ad83fa0000 JavaThread "Unconstrained build operations Thread 73" [_thread_blocked, id=12224, stack(0x00000053f9900000,0x00000053f9a00000)]
  0x000001ad83f9c000 JavaThread "Unconstrained build operations Thread 74" [_thread_blocked, id=11476, stack(0x00000053f9a00000,0x00000053f9b00000)]
  0x000001ad83f9e800 JavaThread "Unconstrained build operations Thread 75" [_thread_blocked, id=6508, stack(0x00000053f9b00000,0x00000053f9c00000)]
  0x000001ad83fa2800 JavaThread "Unconstrained build operations Thread 76" [_thread_blocked, id=11808, stack(0x00000053f9c00000,0x00000053f9d00000)]
  0x000001ad83fa3800 JavaThread "Unconstrained build operations Thread 77" [_thread_blocked, id=11460, stack(0x00000053f9d00000,0x00000053f9e00000)]
  0x000001ad83f9f800 JavaThread "Unconstrained build operations Thread 78" [_thread_blocked, id=1876, stack(0x00000053f9e00000,0x00000053f9f00000)]
  0x000001ad83f9d800 JavaThread "Unconstrained build operations Thread 79" [_thread_blocked, id=4588, stack(0x00000053f9f00000,0x00000053fa000000)]
  0x000001ad83fa6800 JavaThread "Unconstrained build operations Thread 80" [_thread_blocked, id=2824, stack(0x00000053fa000000,0x00000053fa100000)]
  0x000001ad83fa7800 JavaThread "jar transforms Thread 4" [_thread_blocked, id=5124, stack(0x00000053fa100000,0x00000053fa200000)]
  0x000001ad83fa5000 JavaThread "jar transforms Thread 5" [_thread_blocked, id=848, stack(0x00000053fa200000,0x00000053fa300000)]
  0x000001ad83fa8800 JavaThread "jar transforms Thread 6" [_thread_blocked, id=3536, stack(0x00000053fa300000,0x00000053fa400000)]
  0x000001ad83faa000 JavaThread "jar transforms Thread 7" [_thread_blocked, id=7172, stack(0x00000053fa400000,0x00000053fa500000)]
  0x000001ad83fa6000 JavaThread "jar transforms Thread 8" [_thread_blocked, id=9144, stack(0x00000053fa500000,0x00000053fa600000)]
  0x000001ad83fa9000 JavaThread "Memory manager" [_thread_blocked, id=2072, stack(0x00000053fa600000,0x00000053fa700000)]
  0x000001ad83fa4000 JavaThread "build event listener" [_thread_blocked, id=11600, stack(0x00000053fa700000,0x00000053fa800000)]
  0x000001ad87f86000 JavaThread "build event listener" [_thread_blocked, id=11208, stack(0x00000053fa800000,0x00000053fa900000)]
  0x000001ad87f82000 JavaThread "included builds" [_thread_blocked, id=1296, stack(0x00000053fa900000,0x00000053faa00000)]
  0x000001ad87f83000 JavaThread "Execution worker for ':'" [_thread_blocked, id=2144, stack(0x00000053faa00000,0x00000053fab00000)]
  0x000001ad87f83800 JavaThread "Execution worker for ':' Thread 2" [_thread_blocked, id=3748, stack(0x00000053fab00000,0x00000053fac00000)]
  0x000001ad87f80800 JavaThread "Execution worker for ':' Thread 3" [_thread_blocked, id=4288, stack(0x00000053fac00000,0x00000053fad00000)]
  0x000001ad87f87000 JavaThread "Execution worker for ':' Thread 4" [_thread_blocked, id=5216, stack(0x00000053fad00000,0x00000053fae00000)]
  0x000001ad87f84800 JavaThread "Execution worker for ':' Thread 5" [_thread_blocked, id=10248, stack(0x00000053fae00000,0x00000053faf00000)]
  0x000001ad87f81000 JavaThread "Execution worker for ':' Thread 6" [_thread_blocked, id=12212, stack(0x00000053faf00000,0x00000053fb000000)]
  0x000001ad87b6b800 JavaThread "Execution worker for ':' Thread 7" [_thread_blocked, id=9540, stack(0x00000053fb000000,0x00000053fb100000)]
  0x000001ad87b6c800 JavaThread "Cache worker for execution history cache (D:\sonalika apk\sonalikaM23 09 22\.gradle\7.4\executionHistory)" [_thread_blocked, id=8468, stack(0x00000053fb100000,0x00000053fb200000)]

Other Threads:
  0x000001adff863800 VMThread "VM Thread" [stack: 0x00000053f2400000,0x00000053f2500000] [id=10752]
  0x000001adffb74800 WatcherThread [stack: 0x00000053f2e00000,0x00000053f2f00000] [id=11272]
  0x000001ade6745800 GCTaskThread "GC Thread#0" [stack: 0x00000053f1f00000,0x00000053f2000000] [id=2648]
  0x000001ad8146f000 GCTaskThread "GC Thread#1" [stack: 0x00000053f3000000,0x00000053f3100000] [id=10732]
  0x000001ad81919800 GCTaskThread "GC Thread#2" [stack: 0x00000053f3b00000,0x00000053f3c00000] [id=11944]
  0x000001ad81ff0800 GCTaskThread "GC Thread#3" [stack: 0x00000053f3c00000,0x00000053f3d00000] [id=5144]
  0x000001ad82403000 GCTaskThread "GC Thread#4" [stack: 0x00000053f3d00000,0x00000053f3e00000] [id=11260]
  0x000001ad82b7d800 GCTaskThread "GC Thread#5" [stack: 0x00000053f3e00000,0x00000053f3f00000] [id=6740]
  0x000001ad82126000 GCTaskThread "GC Thread#6" [stack: 0x00000053f3f00000,0x00000053f4000000] [id=2004]
  0x000001ad82127000 GCTaskThread "GC Thread#7" [stack: 0x00000053f4000000,0x00000053f4100000] [id=11448]
  0x000001ade676b000 ConcurrentGCThread "G1 Main Marker" [stack: 0x00000053f2000000,0x00000053f2100000] [id=11080]
  0x000001ade676d000 ConcurrentGCThread "G1 Conc#0" [stack: 0x00000053f2100000,0x00000053f2200000] [id=9596]
  0x000001adffd45000 ConcurrentGCThread "G1 Conc#1" [stack: 0x00000053f4300000,0x00000053f4400000] [id=10980]
  0x000001ade67db000 ConcurrentGCThread "G1 Refine#0" [stack: 0x00000053f2200000,0x00000053f2300000] [id=5888]
  0x000001ade67dc000 ConcurrentGCThread "G1 Young RemSet Sampling" [stack: 0x00000053f2300000,0x00000053f2400000] [id=996]

Threads with active compile tasks:
C2 CompilerThread0  12818 9553       4       com.google.common.collect.Interners$InternerImpl::intern (50 bytes)

VM state:not at safepoint (normal execution)

VM Mutex/Monitor currently owned by a thread: None

Heap address: 0x00000000a0000000, size: 1536 MB, Compressed Oops mode: 32-bit
Narrow klass base: 0x0000000000000000, Narrow klass shift: 3
Compressed class space size: 1073741824 Address: 0x0000000100000000

Heap:
 garbage-first heap   total 171008K, used 102274K [0x00000000a0000000, 0x0000000100000000)
  region size 1024K, 33 young (33792K), 7 survivors (7168K)
 Metaspace       used 86468K, capacity 88817K, committed 89168K, reserved 1126400K
  class space    used 11196K, capacity 12067K, committed 12192K, reserved 1048576K
Heap Regions: E=young(eden), S=young(survivor), O=old, HS=humongous(starts), HC=humongous(continues), CS=collection set, F=free, A=archive, TAMS=top-at-mark-start (previous, next)
|   0|0x00000000a0000000, 0x00000000a0100000, 0x00000000a0100000|100%| O|  |TAMS 0x00000000a0100000, 0x00000000a0000000| Untracked 
|   1|0x00000000a0100000, 0x00000000a0200000, 0x00000000a0200000|100%| O|  |TAMS 0x00000000a0200000, 0x00000000a0100000| Untracked 
|   2|0x00000000a0200000, 0x00000000a0300000, 0x00000000a0300000|100%| O|  |TAMS 0x00000000a0300000, 0x00000000a0200000| Untracked 
|   3|0x00000000a0300000, 0x00000000a0400000, 0x00000000a0400000|100%|HS|  |TAMS 0x00000000a0400000, 0x00000000a0300000| Complete 
|   4|0x00000000a0400000, 0x00000000a0500000, 0x00000000a0500000|100%|HC|  |TAMS 0x00000000a0500000, 0x00000000a0400000| Complete 
|   5|0x00000000a0500000, 0x00000000a0600000, 0x00000000a0600000|100%|HC|  |TAMS 0x00000000a0600000, 0x00000000a0500000| Complete 
|   6|0x00000000a0600000, 0x00000000a0700000, 0x00000000a0700000|100%| O|  |TAMS 0x00000000a0700000, 0x00000000a0600000| Untracked 
|   7|0x00000000a0700000, 0x00000000a0800000, 0x00000000a0800000|100%| O|  |TAMS 0x00000000a0800000, 0x00000000a0700000| Untracked 
|   8|0x00000000a0800000, 0x00000000a0900000, 0x00000000a0900000|100%| O|  |TAMS 0x00000000a0900000, 0x00000000a0800000| Untracked 
|   9|0x00000000a0900000, 0x00000000a0a00000, 0x00000000a0a00000|100%| O|  |TAMS 0x00000000a0a00000, 0x00000000a0900000| Untracked 
|  10|0x00000000a0a00000, 0x00000000a0b00000, 0x00000000a0b00000|100%| O|  |TAMS 0x00000000a0b00000, 0x00000000a0a00000| Untracked 
|  11|0x00000000a0b00000, 0x00000000a0c00000, 0x00000000a0c00000|100%| O|  |TAMS 0x00000000a0c00000, 0x00000000a0b00000| Untracked 
|  12|0x00000000a0c00000, 0x00000000a0d00000, 0x00000000a0d00000|100%| O|  |TAMS 0x00000000a0d00000, 0x00000000a0c00000| Untracked 
|  13|0x00000000a0d00000, 0x00000000a0e00000, 0x00000000a0e00000|100%| O|  |TAMS 0x00000000a0e00000, 0x00000000a0d00000| Untracked 
|  14|0x00000000a0e00000, 0x00000000a0f00000, 0x00000000a0f00000|100%| O|  |TAMS 0x00000000a0f00000, 0x00000000a0e00000| Untracked 
|  15|0x00000000a0f00000, 0x00000000a1000000, 0x00000000a1000000|100%| O|  |TAMS 0x00000000a1000000, 0x00000000a0f00000| Untracked 
|  16|0x00000000a1000000, 0x00000000a1100000, 0x00000000a1100000|100%| O|  |TAMS 0x00000000a1100000, 0x00000000a1000000| Untracked 
|  17|0x00000000a1100000, 0x00000000a1200000, 0x00000000a1200000|100%| O|  |TAMS 0x00000000a1200000, 0x00000000a1100000| Untracked 
|  18|0x00000000a1200000, 0x00000000a1300000, 0x00000000a1300000|100%| O|  |TAMS 0x00000000a1300000, 0x00000000a1200000| Untracked 
|  19|0x00000000a1300000, 0x00000000a1400000, 0x00000000a1400000|100%| O|  |TAMS 0x00000000a1400000, 0x00000000a1300000| Untracked 
|  20|0x00000000a1400000, 0x00000000a1500000, 0x00000000a1500000|100%| O|  |TAMS 0x00000000a1500000, 0x00000000a1400000| Untracked 
|  21|0x00000000a1500000, 0x00000000a1600000, 0x00000000a1600000|100%| O|  |TAMS 0x00000000a1600000, 0x00000000a1500000| Untracked 
|  22|0x00000000a1600000, 0x00000000a1700000, 0x00000000a1700000|100%| O|  |TAMS 0x00000000a1700000, 0x00000000a1600000| Untracked 
|  23|0x00000000a1700000, 0x00000000a1800000, 0x00000000a1800000|100%| O|  |TAMS 0x00000000a1800000, 0x00000000a1700000| Untracked 
|  24|0x00000000a1800000, 0x00000000a1900000, 0x00000000a1900000|100%| O|  |TAMS 0x00000000a1900000, 0x00000000a1800000| Untracked 
|  25|0x00000000a1900000, 0x00000000a1a00000, 0x00000000a1a00000|100%| O|  |TAMS 0x00000000a1a00000, 0x00000000a1900000| Untracked 
|  26|0x00000000a1a00000, 0x00000000a1b00000, 0x00000000a1b00000|100%| O|  |TAMS 0x00000000a1b00000, 0x00000000a1a00000| Untracked 
|  27|0x00000000a1b00000, 0x00000000a1c00000, 0x00000000a1c00000|100%| O|  |TAMS 0x00000000a1c00000, 0x00000000a1b00000| Untracked 
|  28|0x00000000a1c00000, 0x00000000a1d00000, 0x00000000a1d00000|100%| O|  |TAMS 0x00000000a1d00000, 0x00000000a1c00000| Untracked 
|  29|0x00000000a1d00000, 0x00000000a1e00000, 0x00000000a1e00000|100%| O|  |TAMS 0x00000000a1e00000, 0x00000000a1d00000| Untracked 
|  30|0x00000000a1e00000, 0x00000000a1f00000, 0x00000000a1f00000|100%|HS|  |TAMS 0x00000000a1f00000, 0x00000000a1e00000| Complete 
|  31|0x00000000a1f00000, 0x00000000a2000000, 0x00000000a2000000|100%|HS|  |TAMS 0x00000000a2000000, 0x00000000a1f00000| Complete 
|  32|0x00000000a2000000, 0x00000000a2100000, 0x00000000a2100000|100%|HS|  |TAMS 0x00000000a2100000, 0x00000000a2000000| Complete 
|  33|0x00000000a2100000, 0x00000000a2200000, 0x00000000a2200000|100%| O|  |TAMS 0x00000000a2200000, 0x00000000a2100000| Untracked 
|  34|0x00000000a2200000, 0x00000000a2300000, 0x00000000a2300000|100%| O|  |TAMS 0x00000000a2300000, 0x00000000a2200000| Untracked 
|  35|0x00000000a2300000, 0x00000000a2400000, 0x00000000a2400000|100%| O|  |TAMS 0x00000000a2400000, 0x00000000a2300000| Untracked 
|  36|0x00000000a2400000, 0x00000000a2500000, 0x00000000a2500000|100%| O|  |TAMS 0x00000000a2500000, 0x00000000a2400000| Untracked 
|  37|0x00000000a2500000, 0x00000000a2600000, 0x00000000a2600000|100%|HS|  |TAMS 0x00000000a2600000, 0x00000000a2500000| Complete 
|  38|0x00000000a2600000, 0x00000000a2700000, 0x00000000a2700000|100%|HC|  |TAMS 0x00000000a2700000, 0x00000000a2600000| Complete 
|  39|0x00000000a2700000, 0x00000000a2800000, 0x00000000a2800000|100%|HC|  |TAMS 0x00000000a2800000, 0x00000000a2700000| Complete 
|  40|0x00000000a2800000, 0x00000000a2900000, 0x00000000a2900000|100%| O|  |TAMS 0x00000000a2900000, 0x00000000a2800000| Untracked 
|  41|0x00000000a2900000, 0x00000000a2a00000, 0x00000000a2a00000|100%| O|  |TAMS 0x00000000a2a00000, 0x00000000a2900000| Untracked 
|  42|0x00000000a2a00000, 0x00000000a2b00000, 0x00000000a2b00000|100%| O|  |TAMS 0x00000000a2b00000, 0x00000000a2a00000| Untracked 
|  43|0x00000000a2b00000, 0x00000000a2c00000, 0x00000000a2c00000|100%| O|  |TAMS 0x00000000a2c00000, 0x00000000a2b00000| Untracked 
|  44|0x00000000a2c00000, 0x00000000a2d00000, 0x00000000a2d00000|100%|HS|  |TAMS 0x00000000a2d00000, 0x00000000a2c00000| Complete 
|  45|0x00000000a2d00000, 0x00000000a2e00000, 0x00000000a2e00000|100%|HC|  |TAMS 0x00000000a2e00000, 0x00000000a2d00000| Complete 
|  46|0x00000000a2e00000, 0x00000000a2f00000, 0x00000000a2f00000|100%| O|  |TAMS 0x00000000a2f00000, 0x00000000a2e00000| Untracked 
|  47|0x00000000a2f00000, 0x00000000a3000000, 0x00000000a3000000|100%| O|  |TAMS 0x00000000a3000000, 0x00000000a2f00000| Untracked 
|  48|0x00000000a3000000, 0x00000000a3100000, 0x00000000a3100000|100%| O|  |TAMS 0x00000000a3100000, 0x00000000a3000000| Untracked 
|  49|0x00000000a3100000, 0x00000000a3200000, 0x00000000a3200000|100%| O|  |TAMS 0x00000000a3200000, 0x00000000a3100000| Untracked 
|  50|0x00000000a3200000, 0x00000000a3300000, 0x00000000a3300000|100%| O|  |TAMS 0x00000000a3300000, 0x00000000a3200000| Untracked 
|  51|0x00000000a3300000, 0x00000000a3400000, 0x00000000a3400000|100%| O|  |TAMS 0x00000000a3400000, 0x00000000a3300000| Untracked 
|  52|0x00000000a3400000, 0x00000000a3500000, 0x00000000a3500000|100%| O|  |TAMS 0x00000000a3500000, 0x00000000a3400000| Untracked 
|  53|0x00000000a3500000, 0x00000000a3600000, 0x00000000a3600000|100%| O|  |TAMS 0x00000000a3600000, 0x00000000a3500000| Untracked 
|  54|0x00000000a3600000, 0x00000000a3700000, 0x00000000a3700000|100%| O|  |TAMS 0x00000000a3700000, 0x00000000a3600000| Untracked 
|  55|0x00000000a3700000, 0x00000000a3800000, 0x00000000a3800000|100%| O|  |TAMS 0x00000000a3800000, 0x00000000a3700000| Untracked 
|  56|0x00000000a3800000, 0x00000000a3900000, 0x00000000a3900000|100%| O|  |TAMS 0x00000000a3900000, 0x00000000a3800000| Untracked 
|  57|0x00000000a3900000, 0x00000000a3a00000, 0x00000000a3a00000|100%| O|  |TAMS 0x00000000a3a00000, 0x00000000a3900000| Untracked 
|  58|0x00000000a3a00000, 0x00000000a3b00000, 0x00000000a3b00000|100%| O|  |TAMS 0x00000000a3b00000, 0x00000000a3a00000| Untracked 
|  59|0x00000000a3b00000, 0x00000000a3c00000, 0x00000000a3c00000|100%| O|  |TAMS 0x00000000a3c00000, 0x00000000a3b00000| Untracked 
|  60|0x00000000a3c00000, 0x00000000a3d00000, 0x00000000a3d00000|100%| O|  |TAMS 0x00000000a3d00000, 0x00000000a3c00000| Untracked 
|  61|0x00000000a3d00000, 0x00000000a3e00000, 0x00000000a3e00000|100%| O|  |TAMS 0x00000000a3e00000, 0x00000000a3d00000| Untracked 
|  62|0x00000000a3e00000, 0x00000000a3f00000, 0x00000000a3f00000|100%| O|  |TAMS 0x00000000a3f00000, 0x00000000a3e00000| Untracked 
|  63|0x00000000a3f00000, 0x00000000a4000000, 0x00000000a4000000|100%| O|  |TAMS 0x00000000a4000000, 0x00000000a3f00000| Untracked 
|  64|0x00000000a4000000, 0x00000000a4100000, 0x00000000a4100000|100%| O|  |TAMS 0x00000000a4100000, 0x00000000a4000000| Untracked 
|  65|0x00000000a4100000, 0x00000000a4200000, 0x00000000a4200000|100%| O|  |TAMS 0x00000000a4200000, 0x00000000a4100000| Untracked 
|  66|0x00000000a4200000, 0x00000000a4300000, 0x00000000a4300000|100%| O|  |TAMS 0x00000000a4300000, 0x00000000a4200000| Untracked 
|  67|0x00000000a4300000, 0x00000000a4400000, 0x00000000a4400000|100%| O|  |TAMS 0x00000000a4300000, 0x00000000a4300000| Untracked 
|  68|0x00000000a4400000, 0x00000000a44e0800, 0x00000000a4500000| 87%| O|  |TAMS 0x00000000a4400000, 0x00000000a4400000| Untracked 
|  69|0x00000000a4500000, 0x00000000a4500000, 0x00000000a4600000|  0%| F|  |TAMS 0x00000000a4500000, 0x00000000a4500000| Untracked 
|  70|0x00000000a4600000, 0x00000000a4600000, 0x00000000a4700000|  0%| F|  |TAMS 0x00000000a4600000, 0x00000000a4600000| Untracked 
|  71|0x00000000a4700000, 0x00000000a4700000, 0x00000000a4800000|  0%| F|  |TAMS 0x00000000a4700000, 0x00000000a4700000| Untracked 
|  72|0x00000000a4800000, 0x00000000a4800000, 0x00000000a4900000|  0%| F|  |TAMS 0x00000000a4800000, 0x00000000a4800000| Untracked 
|  73|0x00000000a4900000, 0x00000000a4900000, 0x00000000a4a00000|  0%| F|  |TAMS 0x00000000a4900000, 0x00000000a4900000| Untracked 
|  74|0x00000000a4a00000, 0x00000000a4a00000, 0x00000000a4b00000|  0%| F|  |TAMS 0x00000000a4a00000, 0x00000000a4a00000| Untracked 
|  75|0x00000000a4b00000, 0x00000000a4b00000, 0x00000000a4c00000|  0%| F|  |TAMS 0x00000000a4b00000, 0x00000000a4b00000| Untracked 
|  76|0x00000000a4c00000, 0x00000000a4c00000, 0x00000000a4d00000|  0%| F|  |TAMS 0x00000000a4c00000, 0x00000000a4c00000| Untracked 
|  77|0x00000000a4d00000, 0x00000000a4d00000, 0x00000000a4e00000|  0%| F|  |TAMS 0x00000000a4d00000, 0x00000000a4d00000| Untracked 
|  78|0x00000000a4e00000, 0x00000000a4e00000, 0x00000000a4f00000|  0%| F|  |TAMS 0x00000000a4e00000, 0x00000000a4e00000| Untracked 
|  79|0x00000000a4f00000, 0x00000000a4f00000, 0x00000000a5000000|  0%| F|  |TAMS 0x00000000a4f00000, 0x00000000a4f00000| Untracked 
|  80|0x00000000a5000000, 0x00000000a5000000, 0x00000000a5100000|  0%| F|  |TAMS 0x00000000a5000000, 0x00000000a5000000| Untracked 
|  81|0x00000000a5100000, 0x00000000a5100000, 0x00000000a5200000|  0%| F|  |TAMS 0x00000000a5100000, 0x00000000a5100000| Untracked 
|  82|0x00000000a5200000, 0x00000000a5200000, 0x00000000a5300000|  0%| F|  |TAMS 0x00000000a5200000, 0x00000000a5200000| Untracked 
|  83|0x00000000a5300000, 0x00000000a5300000, 0x00000000a5400000|  0%| F|  |TAMS 0x00000000a5300000, 0x00000000a5300000| Untracked 
|  84|0x00000000a5400000, 0x00000000a5400000, 0x00000000a5500000|  0%| F|  |TAMS 0x00000000a5400000, 0x00000000a5400000| Untracked 
|  85|0x00000000a5500000, 0x00000000a5500000, 0x00000000a5600000|  0%| F|  |TAMS 0x00000000a5500000, 0x00000000a5500000| Untracked 
|  86|0x00000000a5600000, 0x00000000a5600000, 0x00000000a5700000|  0%| F|  |TAMS 0x00000000a5600000, 0x00000000a5600000| Untracked 
|  87|0x00000000a5700000, 0x00000000a5700000, 0x00000000a5800000|  0%| F|  |TAMS 0x00000000a5700000, 0x00000000a5700000| Untracked 
|  88|0x00000000a5800000, 0x00000000a5800000, 0x00000000a5900000|  0%| F|  |TAMS 0x00000000a5800000, 0x00000000a5800000| Untracked 
|  89|0x00000000a5900000, 0x00000000a5900000, 0x00000000a5a00000|  0%| F|  |TAMS 0x00000000a5900000, 0x00000000a5900000| Untracked 
|  90|0x00000000a5a00000, 0x00000000a5a00000, 0x00000000a5b00000|  0%| F|  |TAMS 0x00000000a5a00000, 0x00000000a5a00000| Untracked 
|  91|0x00000000a5b00000, 0x00000000a5b00000, 0x00000000a5c00000|  0%| F|  |TAMS 0x00000000a5b00000, 0x00000000a5b00000| Untracked 
|  92|0x00000000a5c00000, 0x00000000a5c00000, 0x00000000a5d00000|  0%| F|  |TAMS 0x00000000a5c00000, 0x00000000a5c00000| Untracked 
|  93|0x00000000a5d00000, 0x00000000a5d00000, 0x00000000a5e00000|  0%| F|  |TAMS 0x00000000a5d00000, 0x00000000a5d00000| Untracked 
|  94|0x00000000a5e00000, 0x00000000a5e00000, 0x00000000a5f00000|  0%| F|  |TAMS 0x00000000a5e00000, 0x00000000a5e00000| Untracked 
|  95|0x00000000a5f00000, 0x00000000a5f00000, 0x00000000a6000000|  0%| F|  |TAMS 0x00000000a5f00000, 0x00000000a5f00000| Untracked 
|  96|0x00000000a6000000, 0x00000000a6000000, 0x00000000a6100000|  0%| F|  |TAMS 0x00000000a6000000, 0x00000000a6000000| Untracked 
|  97|0x00000000a6100000, 0x00000000a6100000, 0x00000000a6200000|  0%| F|  |TAMS 0x00000000a6100000, 0x00000000a6100000| Untracked 
|  98|0x00000000a6200000, 0x00000000a6200000, 0x00000000a6300000|  0%| F|  |TAMS 0x00000000a6200000, 0x00000000a6200000| Untracked 
|  99|0x00000000a6300000, 0x00000000a6300000, 0x00000000a6400000|  0%| F|  |TAMS 0x00000000a6300000, 0x00000000a6300000| Untracked 
| 100|0x00000000a6400000, 0x00000000a6400000, 0x00000000a6500000|  0%| F|  |TAMS 0x00000000a6400000, 0x00000000a6400000| Untracked 
| 101|0x00000000a6500000, 0x00000000a6500000, 0x00000000a6600000|  0%| F|  |TAMS 0x00000000a6500000, 0x00000000a6500000| Untracked 
| 102|0x00000000a6600000, 0x00000000a6600000, 0x00000000a6700000|  0%| F|  |TAMS 0x00000000a6600000, 0x00000000a6600000| Untracked 
| 103|0x00000000a6700000, 0x00000000a6700000, 0x00000000a6800000|  0%| F|  |TAMS 0x00000000a6700000, 0x00000000a6700000| Untracked 
| 104|0x00000000a6800000, 0x00000000a6800000, 0x00000000a6900000|  0%| F|  |TAMS 0x00000000a6800000, 0x00000000a6800000| Untracked 
| 105|0x00000000a6900000, 0x00000000a6900000, 0x00000000a6a00000|  0%| F|  |TAMS 0x00000000a6900000, 0x00000000a6900000| Untracked 
| 106|0x00000000a6a00000, 0x00000000a6a00000, 0x00000000a6b00000|  0%| F|  |TAMS 0x00000000a6a00000, 0x00000000a6a00000| Untracked 
| 107|0x00000000a6b00000, 0x00000000a6b00000, 0x00000000a6c00000|  0%| F|  |TAMS 0x00000000a6b00000, 0x00000000a6b00000| Untracked 
| 108|0x00000000a6c00000, 0x00000000a6c00000, 0x00000000a6d00000|  0%| F|  |TAMS 0x00000000a6c00000, 0x00000000a6c00000| Untracked 
| 109|0x00000000a6d00000, 0x00000000a6d00000, 0x00000000a6e00000|  0%| F|  |TAMS 0x00000000a6d00000, 0x00000000a6d00000| Untracked 
| 110|0x00000000a6e00000, 0x00000000a6e00000, 0x00000000a6f00000|  0%| F|  |TAMS 0x00000000a6e00000, 0x00000000a6e00000| Untracked 
| 111|0x00000000a6f00000, 0x00000000a6f00000, 0x00000000a7000000|  0%| F|  |TAMS 0x00000000a6f00000, 0x00000000a6f00000| Untracked 
| 112|0x00000000a7000000, 0x00000000a7100000, 0x00000000a7100000|100%| S|CS|TAMS 0x00000000a7000000, 0x00000000a7000000| Complete 
| 113|0x00000000a7100000, 0x00000000a7200000, 0x00000000a7200000|100%| S|CS|TAMS 0x00000000a7100000, 0x00000000a7100000| Complete 
| 114|0x00000000a7200000, 0x00000000a7300000, 0x00000000a7300000|100%| S|CS|TAMS 0x00000000a7200000, 0x00000000a7200000| Complete 
| 115|0x00000000a7300000, 0x00000000a7400000, 0x00000000a7400000|100%| S|CS|TAMS 0x00000000a7300000, 0x00000000a7300000| Complete 
| 116|0x00000000a7400000, 0x00000000a7500000, 0x00000000a7500000|100%| S|CS|TAMS 0x00000000a7400000, 0x00000000a7400000| Complete 
| 117|0x00000000a7500000, 0x00000000a7600000, 0x00000000a7600000|100%| S|CS|TAMS 0x00000000a7500000, 0x00000000a7500000| Complete 
| 118|0x00000000a7600000, 0x00000000a7700000, 0x00000000a7700000|100%| S|CS|TAMS 0x00000000a7600000, 0x00000000a7600000| Complete 
| 119|0x00000000a7700000, 0x00000000a7700000, 0x00000000a7800000|  0%| F|  |TAMS 0x00000000a7700000, 0x00000000a7700000| Untracked 
| 120|0x00000000a7800000, 0x00000000a7800000, 0x00000000a7900000|  0%| F|  |TAMS 0x00000000a7800000, 0x00000000a7800000| Untracked 
| 121|0x00000000a7900000, 0x00000000a7900000, 0x00000000a7a00000|  0%| F|  |TAMS 0x00000000a7900000, 0x00000000a7900000| Untracked 
| 122|0x00000000a7a00000, 0x00000000a7a00000, 0x00000000a7b00000|  0%| F|  |TAMS 0x00000000a7a00000, 0x00000000a7a00000| Untracked 
| 123|0x00000000a7b00000, 0x00000000a7b00000, 0x00000000a7c00000|  0%| F|  |TAMS 0x00000000a7b00000, 0x00000000a7b00000| Untracked 
| 124|0x00000000a7c00000, 0x00000000a7c00000, 0x00000000a7d00000|  0%| F|  |TAMS 0x00000000a7c00000, 0x00000000a7c00000| Untracked 
| 125|0x00000000a7d00000, 0x00000000a7d00000, 0x00000000a7e00000|  0%| F|  |TAMS 0x00000000a7d00000, 0x00000000a7d00000| Untracked 
| 126|0x00000000a7e00000, 0x00000000a7e00000, 0x00000000a7f00000|  0%| F|  |TAMS 0x00000000a7e00000, 0x00000000a7e00000| Untracked 
| 127|0x00000000a7f00000, 0x00000000a7f00000, 0x00000000a8000000|  0%| F|  |TAMS 0x00000000a7f00000, 0x00000000a7f00000| Untracked 
| 128|0x00000000a8000000, 0x00000000a8000000, 0x00000000a8100000|  0%| F|  |TAMS 0x00000000a8000000, 0x00000000a8000000| Untracked 
| 129|0x00000000a8100000, 0x00000000a8100000, 0x00000000a8200000|  0%| F|  |TAMS 0x00000000a8100000, 0x00000000a8100000| Untracked 
| 130|0x00000000a8200000, 0x00000000a8200000, 0x00000000a8300000|  0%| F|  |TAMS 0x00000000a8200000, 0x00000000a8200000| Untracked 
| 131|0x00000000a8300000, 0x00000000a8300000, 0x00000000a8400000|  0%| F|  |TAMS 0x00000000a8300000, 0x00000000a8300000| Untracked 
| 132|0x00000000a8400000, 0x00000000a8400000, 0x00000000a8500000|  0%| F|  |TAMS 0x00000000a8400000, 0x00000000a8400000| Untracked 
| 133|0x00000000a8500000, 0x00000000a8500000, 0x00000000a8600000|  0%| F|  |TAMS 0x00000000a8500000, 0x00000000a8500000| Untracked 
| 134|0x00000000a8600000, 0x00000000a8600000, 0x00000000a8700000|  0%| F|  |TAMS 0x00000000a8600000, 0x00000000a8600000| Untracked 
| 135|0x00000000a8700000, 0x00000000a8700000, 0x00000000a8800000|  0%| F|  |TAMS 0x00000000a8700000, 0x00000000a8700000| Untracked 
| 136|0x00000000a8800000, 0x00000000a8800000, 0x00000000a8900000|  0%| F|  |TAMS 0x00000000a8800000, 0x00000000a8800000| Untracked 
| 137|0x00000000a8900000, 0x00000000a8900000, 0x00000000a8a00000|  0%| F|  |TAMS 0x00000000a8900000, 0x00000000a8900000| Untracked 
| 138|0x00000000a8a00000, 0x00000000a8a00000, 0x00000000a8b00000|  0%| F|  |TAMS 0x00000000a8a00000, 0x00000000a8a00000| Untracked 
| 139|0x00000000a8b00000, 0x00000000a8b00000, 0x00000000a8c00000|  0%| F|  |TAMS 0x00000000a8b00000, 0x00000000a8b00000| Untracked 
| 140|0x00000000a8c00000, 0x00000000a8c00000, 0x00000000a8d00000|  0%| F|  |TAMS 0x00000000a8c00000, 0x00000000a8c00000| Untracked 
| 141|0x00000000a8d00000, 0x00000000a8d4a388, 0x00000000a8e00000| 28%| E|  |TAMS 0x00000000a8d00000, 0x00000000a8d00000| Complete 
| 142|0x00000000a8e00000, 0x00000000a8f00000, 0x00000000a8f00000|100%| E|CS|TAMS 0x00000000a8e00000, 0x00000000a8e00000| Complete 
| 143|0x00000000a8f00000, 0x00000000a9000000, 0x00000000a9000000|100%| E|CS|TAMS 0x00000000a8f00000, 0x00000000a8f00000| Complete 
| 144|0x00000000a9000000, 0x00000000a9100000, 0x00000000a9100000|100%| E|CS|TAMS 0x00000000a9000000, 0x00000000a9000000| Complete 
| 145|0x00000000a9100000, 0x00000000a9200000, 0x00000000a9200000|100%| E|CS|TAMS 0x00000000a9100000, 0x00000000a9100000| Complete 
| 146|0x00000000a9200000, 0x00000000a9300000, 0x00000000a9300000|100%| E|CS|TAMS 0x00000000a9200000, 0x00000000a9200000| Complete 
| 147|0x00000000a9300000, 0x00000000a9400000, 0x00000000a9400000|100%| E|CS|TAMS 0x00000000a9300000, 0x00000000a9300000| Complete 
| 148|0x00000000a9400000, 0x00000000a9500000, 0x00000000a9500000|100%| E|CS|TAMS 0x00000000a9400000, 0x00000000a9400000| Complete 
| 149|0x00000000a9500000, 0x00000000a9600000, 0x00000000a9600000|100%| E|CS|TAMS 0x00000000a9500000, 0x00000000a9500000| Complete 
| 150|0x00000000a9600000, 0x00000000a9700000, 0x00000000a9700000|100%| E|CS|TAMS 0x00000000a9600000, 0x00000000a9600000| Complete 
| 151|0x00000000a9700000, 0x00000000a9800000, 0x00000000a9800000|100%| E|CS|TAMS 0x00000000a9700000, 0x00000000a9700000| Complete 
| 152|0x00000000a9800000, 0x00000000a9900000, 0x00000000a9900000|100%| E|CS|TAMS 0x00000000a9800000, 0x00000000a9800000| Complete 
| 153|0x00000000a9900000, 0x00000000a9a00000, 0x00000000a9a00000|100%| E|CS|TAMS 0x00000000a9900000, 0x00000000a9900000| Complete 
| 154|0x00000000a9a00000, 0x00000000a9b00000, 0x00000000a9b00000|100%| E|CS|TAMS 0x00000000a9a00000, 0x00000000a9a00000| Complete 
| 155|0x00000000a9b00000, 0x00000000a9c00000, 0x00000000a9c00000|100%| E|CS|TAMS 0x00000000a9b00000, 0x00000000a9b00000| Complete 
| 156|0x00000000a9c00000, 0x00000000a9d00000, 0x00000000a9d00000|100%| E|CS|TAMS 0x00000000a9c00000, 0x00000000a9c00000| Complete 
| 157|0x00000000a9d00000, 0x00000000a9e00000, 0x00000000a9e00000|100%| E|CS|TAMS 0x00000000a9d00000, 0x00000000a9d00000| Complete 
| 158|0x00000000a9e00000, 0x00000000a9f00000, 0x00000000a9f00000|100%| E|  |TAMS 0x00000000a9e00000, 0x00000000a9e00000| Complete 
| 159|0x00000000a9f00000, 0x00000000aa000000, 0x00000000aa000000|100%| E|CS|TAMS 0x00000000a9f00000, 0x00000000a9f00000| Complete 
| 160|0x00000000aa000000, 0x00000000aa100000, 0x00000000aa100000|100%| E|CS|TAMS 0x00000000aa000000, 0x00000000aa000000| Complete 
| 161|0x00000000aa100000, 0x00000000aa200000, 0x00000000aa200000|100%| E|CS|TAMS 0x00000000aa100000, 0x00000000aa100000| Complete 
| 162|0x00000000aa200000, 0x00000000aa300000, 0x00000000aa300000|100%| E|CS|TAMS 0x00000000aa200000, 0x00000000aa200000| Complete 
| 163|0x00000000aa300000, 0x00000000aa400000, 0x00000000aa400000|100%| E|CS|TAMS 0x00000000aa300000, 0x00000000aa300000| Complete 
| 164|0x00000000aa400000, 0x00000000aa500000, 0x00000000aa500000|100%| E|CS|TAMS 0x00000000aa400000, 0x00000000aa400000| Complete 
| 165|0x00000000aa500000, 0x00000000aa600000, 0x00000000aa600000|100%| E|CS|TAMS 0x00000000aa500000, 0x00000000aa500000| Complete 
| 166|0x00000000aa600000, 0x00000000aa700000, 0x00000000aa700000|100%| E|CS|TAMS 0x00000000aa600000, 0x00000000aa600000| Complete 

Card table byte_map: [0x000001adf9880000,0x000001adf9b80000] _byte_map_base: 0x000001adf9380000

Marking Bits (Prev, Next): (CMBitMap*) 0x000001ade6764330, (CMBitMap*) 0x000001ade67642f8
 Prev Bits: [0x000001adfb680000, 0x000001adfce80000)
 Next Bits: [0x000001adf9e80000, 0x000001adfb680000)

Polling page: 0x000001ade46b0000

Metaspace:

Usage:
  Non-class:     74.95 MB capacity,    73.51 MB ( 98%) used,     1.19 MB (  2%) free+waste,   254.69 KB ( <1%) overhead. 
      Class:     11.78 MB capacity,    10.93 MB ( 93%) used,   753.19 KB (  6%) free+waste,   117.19 KB ( <1%) overhead. 
       Both:     86.74 MB capacity,    84.44 MB ( 97%) used,     1.93 MB (  2%) free+waste,   371.88 KB ( <1%) overhead. 

Virtual space:
  Non-class space:       76.00 MB reserved,      75.17 MB ( 99%) committed 
      Class space:        1.00 GB reserved,      11.91 MB (  1%) committed 
             Both:        1.07 GB reserved,      87.08 MB (  8%) committed 

Chunk freelists:
   Non-Class:  34.00 KB
       Class:  0 bytes
        Both:  34.00 KB

MaxMetaspaceSize: 17179869184.00 GB
CompressedClassSpaceSize: 1.00 GB
Initial GC threshold: 20.80 MB
Current GC threshold: 141.17 MB
CDS: off

CodeHeap 'non-profiled nmethods': size=120000Kb used=4284Kb max_used=4284Kb free=115715Kb
 bounds [0x000001adf1d20000, 0x000001adf2150000, 0x000001adf9250000]
CodeHeap 'profiled nmethods': size=120000Kb used=19459Kb max_used=19459Kb free=100540Kb
 bounds [0x000001adea7f0000, 0x000001adebb00000, 0x000001adf1d20000]
CodeHeap 'non-nmethods': size=5760Kb used=2361Kb max_used=2397Kb free=3398Kb
 bounds [0x000001adea250000, 0x000001adea4c0000, 0x000001adea7f0000]
 total_blobs=10414 nmethods=9531 adapters=795
 compilation: enabled
              stopped_count=0, restarted_count=0
 full_count=0

Compilation events (20 events):
Event: 12.734 Thread 0x000001adff8f1000 nmethod 9601 0x000001adebac1390 code [0x000001adebac1560, 0x000001adebac1838]
Event: 12.734 Thread 0x000001adff8f1000 9600       3       org.gradle.internal.execution.steps.ValidateStep$$Lambda$1078/0x0000000100ba7c40::accept (20 bytes)
Event: 12.735 Thread 0x000001adff8f1000 nmethod 9600 0x000001adebac1910 code [0x000001adebac1b20, 0x000001adebac23a8]
Event: 12.739 Thread 0x000001adff8f1000 9605       3       org.gradle.internal.snapshot.VfsRelativePath::getAsString (12 bytes)
Event: 12.739 Thread 0x000001adff8f1000 nmethod 9605 0x000001adebac2610 code [0x000001adebac27c0, 0x000001adebac2908]
Event: 12.739 Thread 0x000001adff8f1000 9606       3       org.gradle.internal.snapshot.PathUtil::lastIndexOfSeparator (34 bytes)
Event: 12.740 Thread 0x000001adff8f1000 nmethod 9606 0x000001adebac2a10 code [0x000001adebac2c60, 0x000001adebac3518]
Event: 12.741 Thread 0x000001adff8f1000 9607       3       org.gradle.internal.event.DefaultListenerManager$EventBroadcast::dispatch (9 bytes)
Event: 12.741 Thread 0x000001adff8f1000 nmethod 9607 0x000001adebac3890 code [0x000001adebac3a60, 0x000001adebac3d08]
Event: 12.741 Thread 0x000001adff8f1000 9608       3       org.gradle.internal.event.DefaultListenerManager$EventBroadcast::dispatch (9 bytes)
Event: 12.741 Thread 0x000001adff8f1000 nmethod 9608 0x000001adebac3e10 code [0x000001adebac3fc0, 0x000001adebac4108]
Event: 12.741 Thread 0x000001adff8f1000 9609       3       org.gradle.internal.serialize.HashCodeSerializer::read (6 bytes)
Event: 12.742 Thread 0x000001adff8f1000 nmethod 9609 0x000001adebac4210 code [0x000001adebac4400, 0x000001adebac47c8]
Event: 12.743 Thread 0x000001adff8f1000 9610       3       org.gradle.internal.Either$Right::apply (11 bytes)
Event: 12.743 Thread 0x000001adff8f1000 nmethod 9610 0x000001adebac4910 code [0x000001adebac4ac0, 0x000001adebac4c88]
Event: 12.743 Thread 0x000001adff8f1000 9611       1       org.gradle.internal.execution.fingerprint.impl.DefaultInputFingerprinter$InputFingerprints::getValueSnapshots (5 bytes)
Event: 12.743 Thread 0x000001adff8f1000 nmethod 9611 0x000001adf2148790 code [0x000001adf2148940, 0x000001adf21489f8]
Event: 12.743 Thread 0x000001adff8f1000 9612       1       org.gradle.internal.execution.impl.DefaultExecutionEngine::access$200 (5 bytes)
Event: 12.743 Thread 0x000001adff8f1000 nmethod 9612 0x000001adf2148a90 code [0x000001adf2148c40, 0x000001adf2148cd8]
Event: 12.744 Thread 0x000001adff8f1000 9613       3       org.gradle.internal.execution.history.impl.FileSystemSnapshotSerializer::read (330 bytes)

GC Heap History (20 events):
Event: 8.616 GC heap before
{Heap before GC invocations=36 (full 0):
 garbage-first heap   total 95232K, used 74345K [0x00000000a0000000, 0x0000000100000000)
  region size 1024K, 19 young (19456K), 2 survivors (2048K)
 Metaspace       used 63204K, capacity 64847K, committed 65104K, reserved 1105920K
  class space    used 7929K, capacity 8517K, committed 8608K, reserved 1048576K
}
Event: 8.619 GC heap after
{Heap after GC invocations=37 (full 0):
 garbage-first heap   total 114688K, used 58014K [0x00000000a0000000, 0x0000000100000000)
  region size 1024K, 3 young (3072K), 3 survivors (3072K)
 Metaspace       used 63204K, capacity 64847K, committed 65104K, reserved 1105920K
  class space    used 7929K, capacity 8517K, committed 8608K, reserved 1048576K
}
Event: 8.737 GC heap before
{Heap before GC invocations=37 (full 0):
 garbage-first heap   total 114688K, used 70302K [0x00000000a0000000, 0x0000000100000000)
  region size 1024K, 17 young (17408K), 3 survivors (3072K)
 Metaspace       used 64377K, capacity 66018K, committed 66256K, reserved 1107968K
  class space    used 8089K, capacity 8691K, committed 8736K, reserved 1048576K
}
Event: 8.740 GC heap after
{Heap after GC invocations=38 (full 0):
 garbage-first heap   total 114688K, used 59046K [0x00000000a0000000, 0x0000000100000000)
  region size 1024K, 3 young (3072K), 3 survivors (3072K)
 Metaspace       used 64377K, capacity 66018K, committed 66256K, reserved 1107968K
  class space    used 8089K, capacity 8691K, committed 8736K, reserved 1048576K
}
Event: 9.042 GC heap before
{Heap before GC invocations=39 (full 0):
 garbage-first heap   total 114688K, used 85670K [0x00000000a0000000, 0x0000000100000000)
  region size 1024K, 28 young (28672K), 3 survivors (3072K)
 Metaspace       used 66878K, capacity 68557K, committed 68688K, reserved 1110016K
  class space    used 8410K, capacity 9043K, committed 9120K, reserved 1048576K
}
Event: 9.045 GC heap after
{Heap after GC invocations=40 (full 0):
 garbage-first heap   total 114688K, used 59690K [0x00000000a0000000, 0x0000000100000000)
  region size 1024K, 2 young (2048K), 2 survivors (2048K)
 Metaspace       used 66878K, capacity 68557K, committed 68688K, reserved 1110016K
  class space    used 8410K, capacity 9043K, committed 9120K, reserved 1048576K
}
Event: 9.221 GC heap before
{Heap before GC invocations=40 (full 0):
 garbage-first heap   total 114688K, used 87338K [0x00000000a0000000, 0x0000000100000000)
  region size 1024K, 29 young (29696K), 2 survivors (2048K)
 Metaspace       used 67677K, capacity 69350K, committed 69456K, reserved 1110016K
  class space    used 8508K, capacity 9112K, committed 9120K, reserved 1048576K
}
Event: 9.225 GC heap after
{Heap after GC invocations=41 (full 0):
 garbage-first heap   total 114688K, used 61652K [0x00000000a0000000, 0x0000000100000000)
  region size 1024K, 4 young (4096K), 4 survivors (4096K)
 Metaspace       used 67677K, capacity 69350K, committed 69456K, reserved 1110016K
  class space    used 8508K, capacity 9112K, committed 9120K, reserved 1048576K
}
Event: 9.334 GC heap before
{Heap before GC invocations=42 (full 0):
 garbage-first heap   total 114688K, used 89300K [0x00000000a0000000, 0x0000000100000000)
  region size 1024K, 31 young (31744K), 4 survivors (4096K)
 Metaspace       used 67783K, capacity 69513K, committed 69840K, reserved 1110016K
  class space    used 8523K, capacity 9146K, committed 9248K, reserved 1048576K
}
Event: 9.340 GC heap after
{Heap after GC invocations=43 (full 0):
 garbage-first heap   total 138240K, used 63696K [0x00000000a0000000, 0x0000000100000000)
  region size 1024K, 4 young (4096K), 4 survivors (4096K)
 Metaspace       used 67783K, capacity 69513K, committed 69840K, reserved 1110016K
  class space    used 8523K, capacity 9146K, committed 9248K, reserved 1048576K
}
Event: 9.761 GC heap before
{Heap before GC invocations=43 (full 0):
 garbage-first heap   total 138240K, used 101584K [0x00000000a0000000, 0x0000000100000000)
  region size 1024K, 41 young (41984K), 4 survivors (4096K)
 Metaspace       used 72227K, capacity 73934K, committed 74192K, reserved 1114112K
  class space    used 9283K, capacity 9934K, committed 10016K, reserved 1048576K
}
Event: 9.767 GC heap after
{Heap after GC invocations=44 (full 0):
 garbage-first heap   total 138240K, used 66055K [0x00000000a0000000, 0x0000000100000000)
  region size 1024K, 5 young (5120K), 5 survivors (5120K)
 Metaspace       used 72227K, capacity 73934K, committed 74192K, reserved 1114112K
  class space    used 9283K, capacity 9934K, committed 10016K, reserved 1048576K
}
Event: 10.251 GC heap before
{Heap before GC invocations=44 (full 0):
 garbage-first heap   total 138240K, used 104967K [0x00000000a0000000, 0x0000000100000000)
  region size 1024K, 43 young (44032K), 5 survivors (5120K)
 Metaspace       used 76775K, capacity 78581K, committed 78800K, reserved 1118208K
  class space    used 9830K, capacity 10509K, committed 10528K, reserved 1048576K
}
Event: 10.262 GC heap after
{Heap after GC invocations=45 (full 0):
 garbage-first heap   total 138240K, used 68902K [0x00000000a0000000, 0x0000000100000000)
  region size 1024K, 5 young (5120K), 5 survivors (5120K)
 Metaspace       used 76775K, capacity 78581K, committed 78800K, reserved 1118208K
  class space    used 9830K, capacity 10509K, committed 10528K, reserved 1048576K
}
Event: 10.708 GC heap before
{Heap before GC invocations=46 (full 0):
 garbage-first heap   total 138240K, used 108838K [0x00000000a0000000, 0x0000000100000000)
  region size 1024K, 44 young (45056K), 5 survivors (5120K)
 Metaspace       used 80759K, capacity 82703K, committed 82768K, reserved 1120256K
  class space    used 10393K, capacity 11117K, committed 11168K, reserved 1048576K
}
Event: 10.714 GC heap after
{Heap after GC invocations=47 (full 0):
 garbage-first heap   total 138240K, used 70832K [0x00000000a0000000, 0x0000000100000000)
  region size 1024K, 5 young (5120K), 5 survivors (5120K)
 Metaspace       used 80759K, capacity 82703K, committed 82768K, reserved 1120256K
  class space    used 10393K, capacity 11117K, committed 11168K, reserved 1048576K
}
Event: 11.239 GC heap before
{Heap before GC invocations=47 (full 0):
 garbage-first heap   total 138240K, used 109744K [0x00000000a0000000, 0x0000000100000000)
  region size 1024K, 43 young (44032K), 5 survivors (5120K)
 Metaspace       used 83748K, capacity 85756K, committed 86096K, reserved 1124352K
  class space    used 10798K, capacity 11570K, committed 11680K, reserved 1048576K
}
Event: 11.246 GC heap after
{Heap after GC invocations=48 (full 0):
 garbage-first heap   total 171008K, used 73837K [0x00000000a0000000, 0x0000000100000000)
  region size 1024K, 6 young (6144K), 6 survivors (6144K)
 Metaspace       used 83748K, capacity 85756K, committed 86096K, reserved 1124352K
  class space    used 10798K, capacity 11570K, committed 11680K, reserved 1048576K
}
Event: 12.477 GC heap before
{Heap before GC invocations=49 (full 0):
 garbage-first heap   total 171008K, used 121965K [0x00000000a0000000, 0x0000000100000000)
  region size 1024K, 54 young (55296K), 6 survivors (6144K)
 Metaspace       used 86299K, capacity 88669K, committed 88912K, reserved 1126400K
  class space    used 11194K, capacity 12065K, committed 12192K, reserved 1048576K
}
Event: 12.486 GC heap after
{Heap after GC invocations=50 (full 0):
 garbage-first heap   total 171008K, used 77698K [0x00000000a0000000, 0x0000000100000000)
  region size 1024K, 7 young (7168K), 7 survivors (7168K)
 Metaspace       used 86299K, capacity 88669K, committed 88912K, reserved 1126400K
  class space    used 11194K, capacity 12065K, committed 12192K, reserved 1048576K
}

Deoptimization events (20 events):
Event: 12.534 Thread 0x000001ad83906000 Uncommon trap: trap_request=0xffffffde fr.pc=0x000001adf211cc80 relative=0x00000000000009e0
Event: 12.534 Thread 0x000001ad83906000 Uncommon trap: reason=class_check action=maybe_recompile pc=0x000001adf211cc80 method=java.io.BufferedInputStream.read1([BII)I @ 39 c2
Event: 12.534 Thread 0x000001ad83906000 DEOPT PACKING pc=0x000001adf211cc80 sp=0x00000053f4afddc0
Event: 12.534 Thread 0x000001ad83906000 DEOPT UNPACKING pc=0x000001adea29a1af sp=0x00000053f4afdcd8 mode 2
Event: 12.552 Thread 0x000001ad8390f800 Uncommon trap: trap_request=0xffffff4d fr.pc=0x000001adf2047804 relative=0x00000000000003c4
Event: 12.552 Thread 0x000001ad8390f800 Uncommon trap: reason=unstable_if action=reinterpret pc=0x000001adf2047804 method=java.util.concurrent.ConcurrentHashMap.addCount(JI)V @ 97 c2
Event: 12.552 Thread 0x000001ad8390f800 DEOPT PACKING pc=0x000001adf2047804 sp=0x00000053f56fc850
Event: 12.552 Thread 0x000001ad8390f800 DEOPT UNPACKING pc=0x000001adea29a1af sp=0x00000053f56fc708 mode 2
Event: 12.576 Thread 0x000001ad83907800 Uncommon trap: trap_request=0xffffff4d fr.pc=0x000001adf20293d0 relative=0x00000000000002f0
Event: 12.576 Thread 0x000001ad83907800 Uncommon trap: reason=unstable_if action=reinterpret pc=0x000001adf20293d0 method=java.util.concurrent.ConcurrentHashMap.addCount(JI)V @ 97 c2
Event: 12.576 Thread 0x000001ad83907800 DEOPT PACKING pc=0x000001adf20293d0 sp=0x00000053f52fca10
Event: 12.576 Thread 0x000001ad83907800 DEOPT UNPACKING pc=0x000001adea29a1af sp=0x00000053f52fc950 mode 2
Event: 12.582 Thread 0x000001ad8390f800 DEOPT PACKING pc=0x000001adeb72dcc4 sp=0x00000053f56fd260
Event: 12.582 Thread 0x000001ad8390f800 DEOPT UNPACKING pc=0x000001adea29a95e sp=0x00000053f56fc800 mode 0
Event: 12.659 Thread 0x000001ad83907800 DEOPT PACKING pc=0x000001adeb72dcc4 sp=0x00000053f52fd9b0
Event: 12.659 Thread 0x000001ad83907800 DEOPT UNPACKING pc=0x000001adea29a95e sp=0x00000053f52fcf50 mode 0
Event: 12.735 Thread 0x000001ad83906000 Uncommon trap: trap_request=0xffffffde fr.pc=0x000001adf211cc80 relative=0x00000000000009e0
Event: 12.735 Thread 0x000001ad83906000 Uncommon trap: reason=class_check action=maybe_recompile pc=0x000001adf211cc80 method=java.io.BufferedInputStream.read1([BII)I @ 39 c2
Event: 12.735 Thread 0x000001ad83906000 DEOPT PACKING pc=0x000001adf211cc80 sp=0x00000053f4afddc0
Event: 12.735 Thread 0x000001ad83906000 DEOPT UNPACKING pc=0x000001adea29a1af sp=0x00000053f4afdcd8 mode 2

Classes redefined (0 events):
No events

Internal exceptions (20 events):
Event: 11.281 Thread 0x000001ad87f86000 Exception <a 'java/lang/NoSuchMethodError'{0x00000000aa3ea068}: <clinit>> (0x00000000aa3ea068) thrown at [./src/hotspot/share/prims/jni.cpp, line 1366]
Event: 11.284 Thread 0x000001ad87f86000 Exception <a 'java/lang/NoSuchMethodError'{0x00000000aa3ff288}: <clinit>> (0x00000000aa3ff288) thrown at [./src/hotspot/share/prims/jni.cpp, line 1366]
Event: 11.287 Thread 0x000001ad87f86000 Exception <a 'java/lang/NoSuchMethodError'{0x00000000aa289498}: <clinit>> (0x00000000aa289498) thrown at [./src/hotspot/share/prims/jni.cpp, line 1366]
Event: 11.288 Thread 0x000001ad87f86000 Exception <a 'java/lang/NoSuchMethodError'{0x00000000aa293848}: 'void java.lang.invoke.DirectMethodHandle$Holder.invokeSpecial(java.lang.Object, java.lang.Object, java.lang.Object, int)'> (0x00000000aa293848) thrown at [./src/hotspot/share/interpreter/linkResolver.cpp, line 773]
Event: 11.292 Thread 0x000001ad87f81000 Exception <a 'java/lang/IncompatibleClassChangeError'{0x00000000aa110bc0}: Found class java.lang.Object, but interface was expected> (0x00000000aa110bc0) thrown at [./src/hotspot/share/interpreter/linkResolver.cpp, line 839]
Event: 11.320 Thread 0x000001ad81888000 Exception <a 'java/lang/NoSuchMethodError'{0x00000000aa0da478}: <clinit>> (0x00000000aa0da478) thrown at [./src/hotspot/share/prims/jni.cpp, line 1366]
Event: 11.341 Thread 0x000001ad87f81000 Exception <a 'java/lang/NoSuchMethodError'{0x00000000a9f1e9d8}: 'int java.lang.invoke.DirectMethodHandle$Holder.invokeSpecial(java.lang.Object, java.lang.Object, java.lang.Object, java.lang.Object, java.lang.Object)'> (0x00000000a9f1e9d8) thrown at [./src/hotspot/share/interpreter/linkResolver.cpp, line 773]
Event: 11.382 Thread 0x000001ad87f81000 Implicit null exception at 0x000001adf1f660f7 to 0x000001adf1f66280
Event: 11.392 Thread 0x000001ad87f81000 Exception <a 'java/lang/IncompatibleClassChangeError'{0x00000000a9d09a78}: Found class java.lang.Object, but interface was expected> (0x00000000a9d09a78) thrown at [./src/hotspot/share/interpreter/linkResolver.cpp, line 839]
Event: 12.171 Thread 0x000001ad87f81000 Exception <a 'java/lang/NoSuchMethodError'{0x00000000a8d24c20}: 'void java.lang.invoke.DirectMethodHandle$Holder.invokeStatic(java.lang.Object, java.lang.Object, java.lang.Object, java.lang.Object, int, java.lang.Object, java.lang.Object)'> (0x00000000a8d24c20) thrown at [./src/hotspot/share/interpreter/linkResolver.cpp, line 773]
Event: 12.216 Thread 0x000001ad83907800 Exception <a 'java/lang/NoSuchMethodError'{0x00000000a87db260}: 'java.lang.Object java.lang.invoke.DirectMethodHandle$Holder.invokeSpecialIFC(java.lang.Object, java.lang.Object, java.lang.Object)'> (0x00000000a87db260) thrown at [./src/hotspot/share/interpreter/linkResolver.cpp, line 773]
Event: 12.216 Thread 0x000001ad80b1f800 Exception <a 'java/lang/NoSuchMethodError'{0x00000000a87aa300}: 'java.lang.Object java.lang.invoke.DirectMethodHandle$Holder.invokeSpecialIFC(java.lang.Object, java.lang.Object, java.lang.Object)'> (0x00000000a87aa300) thrown at [./src/hotspot/share/interpreter/linkResolver.cpp, line 773]
Event: 12.216 Thread 0x000001ad83910800 Exception <a 'java/lang/NoSuchMethodError'{0x00000000a87ba618}: 'java.lang.Object java.lang.invoke.DirectMethodHandle$Holder.invokeSpecialIFC(java.lang.Object, java.lang.Object, java.lang.Object)'> (0x00000000a87ba618) thrown at [./src/hotspot/share/interpreter/linkResolver.cpp, line 773]
Event: 12.216 Thread 0x000001ad80b1b000 Exception <a 'java/lang/NoSuchMethodError'{0x00000000a87d1a38}: 'java.lang.Object java.lang.invoke.DirectMethodHandle$Holder.invokeSpecialIFC(java.lang.Object, java.lang.Object, java.lang.Object)'> (0x00000000a87d1a38) thrown at [./src/hotspot/share/interpreter/linkResolver.cpp, line 773]
Event: 12.216 Thread 0x000001ad8390f800 Exception <a 'java/lang/NoSuchMethodError'{0x00000000a87eaf50}: 'java.lang.Object java.lang.invoke.DirectMethodHandle$Holder.invokeSpecialIFC(java.lang.Object, java.lang.Object, java.lang.Object)'> (0x00000000a87eaf50) thrown at [./src/hotspot/share/interpreter/linkResolver.cpp, line 773]
Event: 12.217 Thread 0x000001ad83913000 Exception <a 'java/lang/NoSuchMethodError'{0x00000000a878e740}: 'java.lang.Object java.lang.invoke.DirectMethodHandle$Holder.invokeSpecialIFC(java.lang.Object, java.lang.Object, java.lang.Object)'> (0x00000000a878e740) thrown at [./src/hotspot/share/interpreter/linkResolver.cpp, line 773]
Event: 12.217 Thread 0x000001ad80b1e000 Exception <a 'java/lang/NoSuchMethodError'{0x00000000a87c73a0}: 'java.lang.Object java.lang.invoke.DirectMethodHandle$Holder.invokeSpecialIFC(java.lang.Object, java.lang.Object, java.lang.Object)'> (0x00000000a87c73a0) thrown at [./src/hotspot/share/interpreter/linkResolver.cpp, line 773]
Event: 12.268 Thread 0x000001ad80b1e000 Exception <a 'java/lang/NoSuchMethodError'{0x00000000a8332200}: 'int java.lang.invoke.DirectMethodHandle$Holder.invokeStaticInit(java.lang.Object, java.lang.Object, java.lang.Object, java.lang.Object, java.lang.Object)'> (0x00000000a8332200) thrown at [./src/hotspot/share/interpreter/linkResolver.cpp, line 773]
Event: 12.395 Thread 0x000001ad80b1b000 Implicit null exception at 0x000001adf2127cdb to 0x000001adf2127d6c
Event: 12.531 Thread 0x000001ad8390f800 Implicit null exception at 0x000001adf2135704 to 0x000001adf2135e9c

Events (20 events):
Event: 12.532 Executing VM operation: RevokeBias done
Event: 12.538 Loaded shared library C:\Program Files\Android\Android Studio\jre\bin\nio.dll
Event: 12.547 Executing VM operation: BulkRevokeBias
Event: 12.551 Executing VM operation: BulkRevokeBias done
Event: 12.552 Executing VM operation: RevokeBias
Event: 12.552 Executing VM operation: RevokeBias done
Event: 12.584 Executing VM operation: RevokeBias
Event: 12.584 Executing VM operation: RevokeBias done
Event: 12.597 Executing VM operation: RevokeBias
Event: 12.598 Executing VM operation: RevokeBias done
Event: 12.607 Executing VM operation: RevokeBias
Event: 12.607 Executing VM operation: RevokeBias done
Event: 12.615 Executing VM operation: RevokeBias
Event: 12.616 Executing VM operation: RevokeBias done
Event: 12.622 Executing VM operation: RevokeBias
Event: 12.622 Executing VM operation: RevokeBias done
Event: 12.624 Executing VM operation: RevokeBias
Event: 12.624 Executing VM operation: RevokeBias done
Event: 12.653 Executing VM operation: RevokeBias
Event: 12.653 Executing VM operation: RevokeBias done


Dynamic libraries:
0x00007ff7ee960000 - 0x00007ff7ee96a000 	C:\Program Files\Android\Android Studio\jre\bin\java.exe
0x00007ffc2d250000 - 0x00007ffc2d445000 	C:\Windows\SYSTEM32\ntdll.dll
0x00007ffc2ccc0000 - 0x00007ffc2cd7e000 	C:\Windows\System32\KERNEL32.DLL
0x00007ffc2a970000 - 0x00007ffc2ac39000 	C:\Windows\System32\KERNELBASE.dll
0x00007ffc2b0f0000 - 0x00007ffc2b1f0000 	C:\Windows\System32\ucrtbase.dll
0x00007ffc1ce20000 - 0x00007ffc1ce39000 	C:\Program Files\Android\Android Studio\jre\bin\jli.dll
0x00007ffc1e980000 - 0x00007ffc1e997000 	C:\Program Files\Android\Android Studio\jre\bin\VCRUNTIME140.dll
0x00007ffc2c820000 - 0x00007ffc2c9c1000 	C:\Windows\System32\USER32.dll
0x00007ffc2b030000 - 0x00007ffc2b052000 	C:\Windows\System32\win32u.dll
0x00007ffc2cba0000 - 0x00007ffc2cbcb000 	C:\Windows\System32\GDI32.dll
0x00007ffc2af20000 - 0x00007ffc2b02b000 	C:\Windows\System32\gdi32full.dll
0x00007ffc2adf0000 - 0x00007ffc2ae8d000 	C:\Windows\System32\msvcp_win.dll
0x00007ffc1e520000 - 0x00007ffc1e7ba000 	C:\Windows\WinSxS\amd64_microsoft.windows.common-controls_6595b64144ccf1df_6.0.19041.1110_none_60b5254171f9507e\COMCTL32.dll
0x00007ffc2bd30000 - 0x00007ffc2bdce000 	C:\Windows\System32\msvcrt.dll
0x00007ffc2b810000 - 0x00007ffc2b840000 	C:\Windows\System32\IMM32.DLL
0x00007ffbea430000 - 0x00007ffbea4cd000 	C:\Program Files\Android\Android Studio\jre\bin\msvcp140.dll
0x00007ffbe6c10000 - 0x00007ffbe7712000 	C:\Program Files\Android\Android Studio\jre\bin\server\jvm.dll
0x00007ffc2b320000 - 0x00007ffc2b3cc000 	C:\Windows\System32\ADVAPI32.dll
0x00007ffc2cd80000 - 0x00007ffc2ce1b000 	C:\Windows\System32\sechost.dll
0x00007ffc2bdd0000 - 0x00007ffc2befa000 	C:\Windows\System32\RPCRT4.dll
0x00007ffc1e340000 - 0x00007ffc1e367000 	C:\Windows\SYSTEM32\WINMM.dll
0x00007ffc29110000 - 0x00007ffc2911a000 	C:\Windows\SYSTEM32\VERSION.dll
0x00007ffc2c640000 - 0x00007ffc2c648000 	C:\Windows\System32\PSAPI.DLL
0x00007ffc20600000 - 0x00007ffc20609000 	C:\Windows\SYSTEM32\WSOCK32.dll
0x00007ffc2ce90000 - 0x00007ffc2cefb000 	C:\Windows\System32\WS2_32.dll
0x00007ffc29210000 - 0x00007ffc29222000 	C:\Windows\SYSTEM32\kernel.appcore.dll
0x00007ffc1c790000 - 0x00007ffc1c7a1000 	C:\Program Files\Android\Android Studio\jre\bin\verify.dll
0x00007ffc13930000 - 0x00007ffc13b14000 	C:\Windows\SYSTEM32\DBGHELP.DLL
0x00007ffc138c0000 - 0x00007ffc138ec000 	C:\Windows\SYSTEM32\dbgcore.DLL
0x00007ffc2ae90000 - 0x00007ffc2af13000 	C:\Windows\System32\bcryptPrimitives.dll
0x00007ffc19520000 - 0x00007ffc19549000 	C:\Program Files\Android\Android Studio\jre\bin\java.dll
0x00007ffc1ebb0000 - 0x00007ffc1ebbb000 	C:\Program Files\Android\Android Studio\jre\bin\jimage.dll
0x00007ffc1c770000 - 0x00007ffc1c788000 	C:\Program Files\Android\Android Studio\jre\bin\zip.dll
0x00007ffc2bf00000 - 0x00007ffc2c63f000 	C:\Windows\System32\SHELL32.dll
0x00007ffc288d0000 - 0x00007ffc29060000 	C:\Windows\SYSTEM32\windows.storage.dll
0x00007ffc2b4b0000 - 0x00007ffc2b805000 	C:\Windows\System32\combase.dll
0x00007ffc2a2f0000 - 0x00007ffc2a31c000 	C:\Windows\SYSTEM32\Wldp.dll
0x00007ffc2d100000 - 0x00007ffc2d1ad000 	C:\Windows\System32\SHCORE.dll
0x00007ffc2bcd0000 - 0x00007ffc2bd25000 	C:\Windows\System32\shlwapi.dll
0x00007ffc2a8b0000 - 0x00007ffc2a8cf000 	C:\Windows\SYSTEM32\profapi.dll
0x00007ffc19cc0000 - 0x00007ffc19cda000 	C:\Program Files\Android\Android Studio\jre\bin\net.dll
0x00007ffc1cc10000 - 0x00007ffc1cd18000 	C:\Windows\SYSTEM32\WINHTTP.dll
0x00007ffc2a050000 - 0x00007ffc2a0ba000 	C:\Windows\system32\mswsock.dll
0x00007ffc10760000 - 0x00007ffc10774000 	C:\Program Files\Android\Android Studio\jre\bin\nio.dll
0x00007ffc1a060000 - 0x00007ffc1a087000 	C:\Users\shweta android\.gradle\native\e1d6ef7f7dcc3fd88c89a11ec53ec762bb8ba0a96d01ffa2cd45eb1d1d8dd5c5\windows-amd64\native-platform.dll
0x00007ffc0c2e0000 - 0x00007ffc0c424000 	C:\Users\shweta android\.gradle\native\0d407fdbe67a94daf76414ababcb853783967236a71b16ec16e742cd7a986fd3\windows-amd64\native-platform-file-events.dll
0x00007ffc1e970000 - 0x00007ffc1e97a000 	C:\Program Files\Android\Android Studio\jre\bin\management.dll
0x00007ffc10390000 - 0x00007ffc1039d000 	C:\Program Files\Android\Android Studio\jre\bin\management_ext.dll
0x00007ffc2a240000 - 0x00007ffc2a258000 	C:\Windows\SYSTEM32\CRYPTSP.dll
0x00007ffc299d0000 - 0x00007ffc29a04000 	C:\Windows\system32\rsaenh.dll
0x00007ffc2b0c0000 - 0x00007ffc2b0e7000 	C:\Windows\System32\bcrypt.dll
0x00007ffc2a870000 - 0x00007ffc2a89e000 	C:\Windows\SYSTEM32\USERENV.dll
0x00007ffc2a260000 - 0x00007ffc2a26c000 	C:\Windows\SYSTEM32\CRYPTBASE.dll
0x00007ffc29d40000 - 0x00007ffc29d7b000 	C:\Windows\SYSTEM32\IPHLPAPI.DLL
0x00007ffc2ce80000 - 0x00007ffc2ce88000 	C:\Windows\System32\NSI.dll
0x00007ffc245d0000 - 0x00007ffc245e7000 	C:\Windows\SYSTEM32\dhcpcsvc6.DLL
0x00007ffc24bb0000 - 0x00007ffc24bcd000 	C:\Windows\SYSTEM32\dhcpcsvc.DLL
0x00007ffc29d80000 - 0x00007ffc29e4c000 	C:\Windows\SYSTEM32\DNSAPI.dll

dbghelp: loaded successfully - version: 4.0.5 - missing functions: none
symbol engine: initialized successfully - sym options: 0x614 - pdb path: .;C:\Program Files\Android\Android Studio\jre\bin;C:\Windows\SYSTEM32;C:\Windows\WinSxS\amd64_microsoft.windows.common-controls_6595b64144ccf1df_6.0.19041.1110_none_60b5254171f9507e;C:\Program Files\Android\Android Studio\jre\bin\server;C:\Users\shweta android\.gradle\native\e1d6ef7f7dcc3fd88c89a11ec53ec762bb8ba0a96d01ffa2cd45eb1d1d8dd5c5\windows-amd64;C:\Users\shweta android\.gradle\native\0d407fdbe67a94daf76414ababcb853783967236a71b16ec16e742cd7a986fd3\windows-amd64

VM Arguments:
jvm_args: --add-opens=java.base/java.util=ALL-UNNAMED --add-opens=java.base/java.lang=ALL-UNNAMED --add-opens=java.base/java.lang.invoke=ALL-UNNAMED --add-opens=java.base/java.util=ALL-UNNAMED --add-opens=java.prefs/java.util.prefs=ALL-UNNAMED --add-opens=java.prefs/java.util.prefs=ALL-UNNAMED --add-opens=java.base/java.nio.charset=ALL-UNNAMED --add-opens=java.base/java.net=ALL-UNNAMED --add-opens=java.base/java.util.concurrent.atomic=ALL-UNNAMED -Xmx1536m -Dfile.encoding=windows-1252 -Duser.country=US -Duser.language=en -Duser.variant 
java_command: org.gradle.launcher.daemon.bootstrap.GradleDaemon 7.4
java_class_path (initial): C:\Users\shweta android\.gradle\wrapper\dists\gradle-7.4-bin\c0gwcg53nkjbqw7r0h0umtfvt\gradle-7.4\lib\gradle-launcher-7.4.jar
Launcher Type: SUN_STANDARD

[Global flags]
     intx CICompilerCount                          = 4                                         {product} {ergonomic}
     uint ConcGCThreads                            = 2                                         {product} {ergonomic}
     uint G1ConcRefinementThreads                  = 8                                         {product} {ergonomic}
   size_t G1HeapRegionSize                         = 1048576                                   {product} {ergonomic}
    uintx GCDrainStackTargetSize                   = 64                                        {product} {ergonomic}
   size_t InitialHeapSize                          = 67108864                                  {product} {ergonomic}
   size_t MarkStackSize                            = 4194304                                   {product} {ergonomic}
   size_t MaxHeapSize                              = 1610612736                                {product} {command line}
   size_t MaxNewSize                               = 965738496                                 {product} {ergonomic}
   size_t MinHeapDeltaBytes                        = 1048576                                   {product} {ergonomic}
    uintx NonNMethodCodeHeapSize                   = 5836300                                {pd product} {ergonomic}
    uintx NonProfiledCodeHeapSize                  = 122910970                              {pd product} {ergonomic}
    uintx ProfiledCodeHeapSize                     = 122910970                              {pd product} {ergonomic}
    uintx ReservedCodeCacheSize                    = 251658240                              {pd product} {ergonomic}
     bool SegmentedCodeCache                       = true                                      {product} {ergonomic}
     bool UseCompressedClassPointers               = true                                 {lp64_product} {ergonomic}
     bool UseCompressedOops                        = true                                 {lp64_product} {ergonomic}
     bool UseG1GC                                  = true                                      {product} {ergonomic}
     bool UseLargePagesIndividualAllocation        = false                                  {pd product} {ergonomic}

Logging:
Log output configuration:
 #0: stdout all=warning uptime,level,tags
 #1: stderr all=off uptime,level,tags

Environment Variables:
PATH=C:\Windows\system32;C:\Windows;C:\Windows\System32\Wbem;C:\Windows\System32\WindowsPowerShell\v1.0\;C:\Windows\System32\OpenSSH\;C:\Program Files\Git\cmd;C:\Users\shweta android\AppData\Local\Microsoft\WindowsApps;;D:\program files\Microsoft VS Code\bin
USERNAME=shweta android
OS=Windows_NT
PROCESSOR_IDENTIFIER=Intel64 Family 6 Model 60 Stepping 3, GenuineIntel



---------------  S Y S T E M  ---------------

OS: Windows 10 , 64 bit Build 19041 (10.0.19041.1202)
OS uptime: 1 days 0:21 hours

CPU:total 8 (initial active 8) (4 cores per cpu, 2 threads per core) family 6 model 60 stepping 3 microcode 0x27, cmov, cx8, fxsr, mmx, sse, sse2, sse3, ssse3, sse4.1, sse4.2, popcnt, avx, avx2, aes, clmul, erms, lzcnt, ht, tsc, tscinvbit, bmi1, bmi2, fma

Memory: 4k page, system-wide physical 4007M (198M free)
TotalPageFile size 10179M (AvailPageFile size 4M)
current process WorkingSet (physical memory assigned to process): 367M, peak: 382M
current process commit charge ("private bytes"): 439M, peak: 440M

vm_info: OpenJDK 64-Bit Server VM (11.0.13+0-b1751.21-8125866) for windows-amd64 JRE (11.0.13+0-b1751.21-8125866), built on Feb  2 2022 03:00:22 by "builder" with MS VC++ 14.0 (VS2015)

END.
