#
# There is insufficient memory for the Java Runtime Environment to continue.
# Native memory allocation (mmap) failed to map 217055232 bytes for Failed to commit area from 0x00000000af900000 to 0x00000000bc800000 of length 217055232.
# Possible reasons:
#   The system is out of physical RAM or swap space
#   The process is running with CompressedOops enabled, and the Java Heap may be blocking the growth of the native heap
# Possible solutions:
#   Reduce memory load on the system
#   Increase physical memory or swap space
#   Check if swap backing store is full
#   Decrease Java heap size (-Xmx/-Xms)
#   Decrease number of Java threads
#   Decrease Java thread stack sizes (-Xss)
#   Set larger code cache with -XX:ReservedCodeCacheSize=
#   JVM is running with Unscaled Compressed Oops mode in which the Java heap is
#     placed in the first 4GB address space. The Java Heap base address is the
#     maximum limit for the native heap growth. Please use -XX:HeapBaseMinAddress
#     to set the Java Heap base and to place the Java Heap above 4GB virtual address.
# This output file may be truncated or incomplete.
#
#  Out of Memory Error (./src/hotspot/os/windows/os_windows.cpp:3619), pid=27348, tid=23116
#
# JRE version: OpenJDK Runtime Environment (11.0.13) (build 11.0.13+0-b1751.21-8125866)
# Java VM: OpenJDK 64-Bit Server VM (11.0.13+0-b1751.21-8125866, mixed mode, tiered, compressed oops, g1 gc, windows-amd64)
# No core dump will be written. Minidumps are not enabled by default on client versions of Windows
#

---------------  S U M M A R Y ------------

Command Line: --add-opens=java.base/java.util=ALL-UNNAMED --add-opens=java.base/java.lang=ALL-UNNAMED --add-opens=java.base/java.lang.invoke=ALL-UNNAMED --add-opens=java.base/java.util=ALL-UNNAMED --add-opens=java.prefs/java.util.prefs=ALL-UNNAMED --add-opens=java.prefs/java.util.prefs=ALL-UNNAMED --add-opens=java.base/java.nio.charset=ALL-UNNAMED --add-opens=java.base/java.net=ALL-UNNAMED --add-opens=java.base/java.util.concurrent.atomic=ALL-UNNAMED -Xmx1536m -Dfile.encoding=windows-1252 -Duser.country=US -Duser.language=en -Duser.variant org.gradle.launcher.daemon.bootstrap.GradleDaemon 7.4

Host: Intel(R) Core(TM) i7-4770 CPU @ 3.40GHz, 8 cores, 3G,  Windows 10 , 64 bit Build 19041 (10.0.19041.1202)
Time: Fri Nov 25 15:33:59 2022 India Standard Time elapsed time: 27.057118 seconds (0d 0h 0m 27s)

---------------  T H R E A D  ---------------

Current thread (0x000001d0cd2bf800):  VMThread "VM Thread" [stack: 0x0000006e7f200000,0x0000006e7f300000] [id=23116]

Stack: [0x0000006e7f200000,0x0000006e7f300000]
[error occurred during error reporting (printing stack bounds), id 0xc0000005, EXCEPTION_ACCESS_VIOLATION (0xc0000005) at pc=0x000001d0b74b112d]

Native frames: (J=compiled Java code, j=interpreted, Vv=VM code, C=native code)
V  [jvm.dll+0x6100fa]
V  [jvm.dll+0x747090]
V  [jvm.dll+0x7486ad]
V  [jvm.dll+0x748ce5]
V  [jvm.dll+0x748c9b]
V  [jvm.dll+0x60f224]
V  [jvm.dll+0x60f9b8]
C  [ntdll.dll+0xa20cf]
C  [ntdll.dll+0x51454]
C  [ntdll.dll+0xa0bfe]
C  0x000001d0b74b112d

VM_Operation (0x0000006e080fd350): G1CollectForAllocation, mode: safepoint, requested by thread 0x000001d0d46f2000


---------------  P R O C E S S  ---------------

Threads class SMR info:
_java_thread_list=0x000001d0cdeffec0, length=137, elements={
0x000001d0b396a000, 0x000001d0cd2c0800, 0x000001d0cd2e4800, 0x000001d0cd301000,
0x000001d0cd305000, 0x000001d0cd306000, 0x000001d0cd311000, 0x000001d0cd317800,
0x000001d0cd323000, 0x000001d0cddd4000, 0x000001d0cf63c800, 0x000001d0cf78e800,
0x000001d0cfb18000, 0x000001d0cfdaf800, 0x000001d0cfd7b800, 0x000001d0cfbf9800,
0x000001d0cfd24800, 0x000001d0cfd26000, 0x000001d0cfb59800, 0x000001d0cf7f9000,
0x000001d0cfb4b000, 0x000001d0cfb4d800, 0x000001d0cfb50000, 0x000001d0cfb51800,
0x000001d0cfb4f000, 0x000001d0cfb4e800, 0x000001d0cfb51000, 0x000001d0cfb4c000,
0x000001d0cfb4d000, 0x000001d0d1f47000, 0x000001d0d1f46000, 0x000001d0d1f47800,
0x000001d0d1f49800, 0x000001d0d1f4a000, 0x000001d0d1f45800, 0x000001d0d1f4f000,
0x000001d0d1f4c000, 0x000001d0d1f4e000, 0x000001d0d1f50000, 0x000001d0d1f50800,
0x000001d0d1f4c800, 0x000001d0d1f4b000, 0x000001d0d1f4d800, 0x000001d0d1f51800,
0x000001d0d1f52800, 0x000001d0d2543800, 0x000001d0d2542800, 0x000001d0d253f800,
0x000001d0d2541800, 0x000001d0d2540000, 0x000001d0d2546000, 0x000001d0d2546800,
0x000001d0d2541000, 0x000001d0d2544000, 0x000001d0d2549000, 0x000001d0d254a000,
0x000001d0d2547800, 0x000001d0d2548800, 0x000001d0d254a800, 0x000001d0d2545000,
0x000001d0d254d000, 0x000001d0d254e000, 0x000001d0d254b800, 0x000001d0d254c800,
0x000001d0cef6a800, 0x000001d0cef69000, 0x000001d0cef6b800, 0x000001d0cef6a000,
0x000001d0cef6c800, 0x000001d0cef6d000, 0x000001d0cef67800, 0x000001d0cef6e000,
0x000001d0cef68800, 0x000001d0cef6f800, 0x000001d0cef72000, 0x000001d0cef74800,
0x000001d0cef73800, 0x000001d0cef70800, 0x000001d0cef73000, 0x000001d0cef6f000,
0x000001d0cef71800, 0x000001d0cef75800, 0x000001d0cef76000, 0x000001d0d2a82800,
0x000001d0d2a81000, 0x000001d0d2a80000, 0x000001d0d2a81800, 0x000001d0d2a7f000,
0x000001d0d2a7c800, 0x000001d0d2a83000, 0x000001d0d2a7d800, 0x000001d0d2a84000,
0x000001d0d2a7e800, 0x000001d0d2a88000, 0x000001d0d2a85000, 0x000001d0d2a87800,
0x000001d0d2a85800, 0x000001d0d2a86800, 0x000001d0d2a8b800, 0x000001d0d2a8a800,
0x000001d0d2a89000, 0x000001d0d2a89800, 0x000001d0d2474000, 0x000001d0d246f000,
0x000001d0d2472800, 0x000001d0d2473000, 0x000001d0d246e800, 0x000001d0d2475000,
0x000001d0d2470000, 0x000001d0d2475800, 0x000001d0d2476800, 0x000001d0d2470800,
0x000001d0d2477000, 0x000001d0d2471800, 0x000001d0d247c000, 0x000001d0d2479800,
0x000001d0d247d000, 0x000001d0d2478000, 0x000001d0d2479000, 0x000001d0d247a800,
0x000001d0d247b800, 0x000001d0d46ec800, 0x000001d0d46eb800, 0x000001d0d46ed000,
0x000001d0d46ee000, 0x000001d0d46e8800, 0x000001d0d46ea000, 0x000001d0d46ef000,
0x000001d0d46ef800, 0x000001d0d46f0800, 0x000001d0d46ea800, 0x000001d0d46f5800,
0x000001d0d46f1800, 0x000001d0d46f2000, 0x000001d0d46f6000, 0x000001d0d46f7000,
0x000001d0d46f3000
}

Java Threads: ( => current thread )
  0x000001d0b396a000 JavaThread "main" [_thread_blocked, id=14612, stack(0x0000006e7ec00000,0x0000006e7ed00000)]
  0x000001d0cd2c0800 JavaThread "Reference Handler" daemon [_thread_blocked, id=2492, stack(0x0000006e7f300000,0x0000006e7f400000)]
  0x000001d0cd2e4800 JavaThread "Finalizer" daemon [_thread_blocked, id=17036, stack(0x0000006e7f400000,0x0000006e7f500000)]
  0x000001d0cd301000 JavaThread "Signal Dispatcher" daemon [_thread_blocked, id=18368, stack(0x0000006e7f500000,0x0000006e7f600000)]
  0x000001d0cd305000 JavaThread "Attach Listener" daemon [_thread_blocked, id=22712, stack(0x0000006e7f600000,0x0000006e7f700000)]
  0x000001d0cd306000 JavaThread "Service Thread" daemon [_thread_blocked, id=20304, stack(0x0000006e7f700000,0x0000006e7f800000)]
  0x000001d0cd311000 JavaThread "C2 CompilerThread0" daemon [_thread_blocked, id=15656, stack(0x0000006e7f800000,0x0000006e7f900000)]
  0x000001d0cd317800 JavaThread "C1 CompilerThread0" daemon [_thread_blocked, id=2920, stack(0x0000006e7f900000,0x0000006e7fa00000)]
  0x000001d0cd323000 JavaThread "Sweeper thread" daemon [_thread_blocked, id=4680, stack(0x0000006e7fa00000,0x0000006e7fb00000)]
  0x000001d0cddd4000 JavaThread "Common-Cleaner" daemon [_thread_blocked, id=392, stack(0x0000006e7fb00000,0x0000006e7fc00000)]
  0x000001d0cf63c800 JavaThread "Daemon health stats" [_thread_blocked, id=26856, stack(0x0000006e7fe00000,0x0000006e7ff00000)]
  0x000001d0cf78e800 JavaThread "Incoming local TCP Connector on port 59555" [_thread_in_native, id=20628, stack(0x0000006e7ff00000,0x0000006e80000000)]
  0x000001d0cfb18000 JavaThread "Daemon periodic checks" [_thread_blocked, id=22180, stack(0x0000006e00000000,0x0000006e00100000)]
  0x000001d0cfdaf800 JavaThread "Daemon" [_thread_blocked, id=22736, stack(0x0000006e00100000,0x0000006e00200000)]
  0x000001d0cfd7b800 JavaThread "Handler for socket connection from /127.0.0.1:59555 to /127.0.0.1:59556" [_thread_in_native, id=24596, stack(0x0000006e00200000,0x0000006e00300000)]
  0x000001d0cfbf9800 JavaThread "Cancel handler" [_thread_blocked, id=13648, stack(0x0000006e00300000,0x0000006e00400000)]
  0x000001d0cfd24800 JavaThread "Daemon worker" [_thread_blocked, id=17380, stack(0x0000006e00400000,0x0000006e00500000)]
  0x000001d0cfd26000 JavaThread "Asynchronous log dispatcher for DefaultDaemonConnection: socket connection from /127.0.0.1:59555 to /127.0.0.1:59556" [_thread_blocked, id=26140, stack(0x0000006e00500000,0x0000006e00600000)]
  0x000001d0cfb59800 JavaThread "Stdin handler" [_thread_blocked, id=14132, stack(0x0000006e00600000,0x0000006e00700000)]
  0x000001d0cf7f9000 JavaThread "Daemon client event forwarder" [_thread_blocked, id=1336, stack(0x0000006e00700000,0x0000006e00800000)]
  0x000001d0cfb4b000 JavaThread "Cache worker for journal cache (C:\Users\shweta android\.gradle\caches\journal-1)" [_thread_blocked, id=28756, stack(0x0000006e00e00000,0x0000006e00f00000)]
  0x000001d0cfb4d800 JavaThread "File lock request listener" [_thread_in_native, id=23576, stack(0x0000006e00f00000,0x0000006e01000000)]
  0x000001d0cfb50000 JavaThread "Cache worker for file hash cache (C:\Users\shweta android\.gradle\caches\7.4\fileHashes)" [_thread_blocked, id=21168, stack(0x0000006e01000000,0x0000006e01100000)]
  0x000001d0cfb51800 JavaThread "File watcher server" daemon [_thread_blocked, id=8776, stack(0x0000006e01200000,0x0000006e01300000)]
  0x000001d0cfb4f000 JavaThread "File watcher consumer" daemon [_thread_blocked, id=20260, stack(0x0000006e01300000,0x0000006e01400000)]
  0x000001d0cfb4e800 JavaThread "Cache worker for checksums cache (D:\sonalika apk\sonalikaM23 09 22\.gradle\7.4\checksums)" [_thread_blocked, id=26556, stack(0x0000006e01400000,0x0000006e01500000)]
  0x000001d0cfb51000 JavaThread "Cache worker for cache directory md-rule (C:\Users\shweta android\.gradle\caches\7.4\md-rule)" [_thread_blocked, id=26284, stack(0x0000006e01500000,0x0000006e01600000)]
  0x000001d0cfb4c000 JavaThread "Cache worker for file hash cache (D:\sonalika apk\sonalikaM23 09 22\.gradle\7.4\fileHashes)" [_thread_blocked, id=12148, stack(0x0000006e01600000,0x0000006e01700000)]
  0x000001d0cfb4d000 JavaThread "Cache worker for cache directory md-supplier (C:\Users\shweta android\.gradle\caches\7.4\md-supplier)" [_thread_blocked, id=12424, stack(0x0000006e01700000,0x0000006e01800000)]
  0x000001d0d1f47000 JavaThread "Cache worker for execution history cache (C:\Users\shweta android\.gradle\caches\7.4\executionHistory)" [_thread_blocked, id=16604, stack(0x0000006e01800000,0x0000006e01900000)]
  0x000001d0d1f46000 JavaThread "jar transforms" [_thread_blocked, id=14668, stack(0x0000006e01900000,0x0000006e01a00000)]
  0x000001d0d1f47800 JavaThread "jar transforms Thread 2" [_thread_blocked, id=248, stack(0x0000006e01a00000,0x0000006e01b00000)]
  0x000001d0d1f49800 JavaThread "Cache worker for file content cache (C:\Users\shweta android\.gradle\caches\7.4\fileContent)" [_thread_blocked, id=27184, stack(0x0000006e01b00000,0x0000006e01c00000)]
  0x000001d0d1f4a000 JavaThread "Cache worker for dependencies-accessors (D:\sonalika apk\sonalikaM23 09 22\.gradle\7.4\dependencies-accessors)" [_thread_blocked, id=9256, stack(0x0000006e01c00000,0x0000006e01d00000)]
  0x000001d0d1f45800 JavaThread "jar transforms Thread 3" [_thread_blocked, id=4744, stack(0x0000006e01d00000,0x0000006e01e00000)]
  0x000001d0d1f4f000 JavaThread "Cache worker for Build Output Cleanup Cache (D:\sonalika apk\sonalikaM23 09 22\.gradle\buildOutputCleanup)" [_thread_blocked, id=27296, stack(0x0000006e01e00000,0x0000006e01f00000)]
  0x000001d0d1f4c000 JavaThread "Unconstrained build operations" [_thread_blocked, id=22588, stack(0x0000006e01f00000,0x0000006e02000000)]
  0x000001d0d1f4e000 JavaThread "Unconstrained build operations Thread 2" [_thread_blocked, id=22220, stack(0x0000006e02000000,0x0000006e02100000)]
  0x000001d0d1f50000 JavaThread "Unconstrained build operations Thread 3" [_thread_blocked, id=3032, stack(0x0000006e02100000,0x0000006e02200000)]
  0x000001d0d1f50800 JavaThread "Unconstrained build operations Thread 4" [_thread_blocked, id=13540, stack(0x0000006e02200000,0x0000006e02300000)]
  0x000001d0d1f4c800 JavaThread "Unconstrained build operations Thread 5" [_thread_blocked, id=28152, stack(0x0000006e02300000,0x0000006e02400000)]
  0x000001d0d1f4b000 JavaThread "Unconstrained build operations Thread 6" [_thread_blocked, id=15576, stack(0x0000006e02400000,0x0000006e02500000)]
  0x000001d0d1f4d800 JavaThread "Unconstrained build operations Thread 7" [_thread_blocked, id=10756, stack(0x0000006e02500000,0x0000006e02600000)]
  0x000001d0d1f51800 JavaThread "Unconstrained build operations Thread 8" [_thread_blocked, id=22876, stack(0x0000006e02600000,0x0000006e02700000)]
  0x000001d0d1f52800 JavaThread "Unconstrained build operations Thread 9" [_thread_blocked, id=6076, stack(0x0000006e02700000,0x0000006e02800000)]
  0x000001d0d2543800 JavaThread "Unconstrained build operations Thread 10" [_thread_blocked, id=29564, stack(0x0000006e02800000,0x0000006e02900000)]
  0x000001d0d2542800 JavaThread "Unconstrained build operations Thread 11" [_thread_blocked, id=4548, stack(0x0000006e02900000,0x0000006e02a00000)]
  0x000001d0d253f800 JavaThread "Unconstrained build operations Thread 12" [_thread_blocked, id=10116, stack(0x0000006e02a00000,0x0000006e02b00000)]
  0x000001d0d2541800 JavaThread "Unconstrained build operations Thread 13" [_thread_blocked, id=20768, stack(0x0000006e02b00000,0x0000006e02c00000)]
  0x000001d0d2540000 JavaThread "Unconstrained build operations Thread 14" [_thread_blocked, id=22140, stack(0x0000006e02c00000,0x0000006e02d00000)]
  0x000001d0d2546000 JavaThread "Unconstrained build operations Thread 15" [_thread_blocked, id=9612, stack(0x0000006e02d00000,0x0000006e02e00000)]
  0x000001d0d2546800 JavaThread "Unconstrained build operations Thread 16" [_thread_blocked, id=7444, stack(0x0000006e02e00000,0x0000006e02f00000)]
  0x000001d0d2541000 JavaThread "Unconstrained build operations Thread 17" [_thread_blocked, id=9388, stack(0x0000006e02f00000,0x0000006e03000000)]
  0x000001d0d2544000 JavaThread "Unconstrained build operations Thread 18" [_thread_blocked, id=10128, stack(0x0000006e03000000,0x0000006e03100000)]
  0x000001d0d2549000 JavaThread "Unconstrained build operations Thread 19" [_thread_blocked, id=22520, stack(0x0000006e03100000,0x0000006e03200000)]
  0x000001d0d254a000 JavaThread "Unconstrained build operations Thread 20" [_thread_blocked, id=11560, stack(0x0000006e03200000,0x0000006e03300000)]
  0x000001d0d2547800 JavaThread "Unconstrained build operations Thread 21" [_thread_blocked, id=3556, stack(0x0000006e03300000,0x0000006e03400000)]
  0x000001d0d2548800 JavaThread "Unconstrained build operations Thread 22" [_thread_blocked, id=13300, stack(0x0000006e03400000,0x0000006e03500000)]
  0x000001d0d254a800 JavaThread "Unconstrained build operations Thread 23" [_thread_blocked, id=6624, stack(0x0000006e03500000,0x0000006e03600000)]
  0x000001d0d2545000 JavaThread "Unconstrained build operations Thread 24" [_thread_blocked, id=16976, stack(0x0000006e03600000,0x0000006e03700000)]
  0x000001d0d254d000 JavaThread "Unconstrained build operations Thread 25" [_thread_blocked, id=12664, stack(0x0000006e03700000,0x0000006e03800000)]
  0x000001d0d254e000 JavaThread "Unconstrained build operations Thread 26" [_thread_blocked, id=2572, stack(0x0000006e03800000,0x0000006e03900000)]
  0x000001d0d254b800 JavaThread "Unconstrained build operations Thread 27" [_thread_blocked, id=29584, stack(0x0000006e03900000,0x0000006e03a00000)]
  0x000001d0d254c800 JavaThread "Unconstrained build operations Thread 28" [_thread_blocked, id=12984, stack(0x0000006e03a00000,0x0000006e03b00000)]
  0x000001d0cef6a800 JavaThread "Unconstrained build operations Thread 29" [_thread_blocked, id=26964, stack(0x0000006e03b00000,0x0000006e03c00000)]
  0x000001d0cef69000 JavaThread "Unconstrained build operations Thread 30" [_thread_blocked, id=28580, stack(0x0000006e03c00000,0x0000006e03d00000)]
  0x000001d0cef6b800 JavaThread "Unconstrained build operations Thread 31" [_thread_blocked, id=15512, stack(0x0000006e03d00000,0x0000006e03e00000)]
  0x000001d0cef6a000 JavaThread "Unconstrained build operations Thread 32" [_thread_blocked, id=27284, stack(0x0000006e03e00000,0x0000006e03f00000)]
  0x000001d0cef6c800 JavaThread "Unconstrained build operations Thread 33" [_thread_blocked, id=12856, stack(0x0000006e03f00000,0x0000006e04000000)]
  0x000001d0cef6d000 JavaThread "Unconstrained build operations Thread 34" [_thread_blocked, id=28364, stack(0x0000006e04000000,0x0000006e04100000)]
  0x000001d0cef67800 JavaThread "Unconstrained build operations Thread 35" [_thread_blocked, id=11204, stack(0x0000006e04100000,0x0000006e04200000)]
  0x000001d0cef6e000 JavaThread "Unconstrained build operations Thread 36" [_thread_blocked, id=27192, stack(0x0000006e04200000,0x0000006e04300000)]
  0x000001d0cef68800 JavaThread "Unconstrained build operations Thread 37" [_thread_blocked, id=8408, stack(0x0000006e04300000,0x0000006e04400000)]
  0x000001d0cef6f800 JavaThread "Unconstrained build operations Thread 38" [_thread_blocked, id=7700, stack(0x0000006e04400000,0x0000006e04500000)]
  0x000001d0cef72000 JavaThread "Unconstrained build operations Thread 39" [_thread_blocked, id=23544, stack(0x0000006e04500000,0x0000006e04600000)]
  0x000001d0cef74800 JavaThread "Unconstrained build operations Thread 40" [_thread_blocked, id=18356, stack(0x0000006e04600000,0x0000006e04700000)]
  0x000001d0cef73800 JavaThread "Unconstrained build operations Thread 41" [_thread_blocked, id=28376, stack(0x0000006e04700000,0x0000006e04800000)]
  0x000001d0cef70800 JavaThread "Unconstrained build operations Thread 42" [_thread_blocked, id=13012, stack(0x0000006e04800000,0x0000006e04900000)]
  0x000001d0cef73000 JavaThread "Unconstrained build operations Thread 43" [_thread_blocked, id=4492, stack(0x0000006e04900000,0x0000006e04a00000)]
  0x000001d0cef6f000 JavaThread "Unconstrained build operations Thread 44" [_thread_blocked, id=16876, stack(0x0000006e04a00000,0x0000006e04b00000)]
  0x000001d0cef71800 JavaThread "Unconstrained build operations Thread 45" [_thread_blocked, id=10456, stack(0x0000006e04b00000,0x0000006e04c00000)]
  0x000001d0cef75800 JavaThread "Unconstrained build operations Thread 46" [_thread_blocked, id=14892, stack(0x0000006e04c00000,0x0000006e04d00000)]
  0x000001d0cef76000 JavaThread "Unconstrained build operations Thread 47" [_thread_blocked, id=28864, stack(0x0000006e04d00000,0x0000006e04e00000)]
  0x000001d0d2a82800 JavaThread "Unconstrained build operations Thread 48" [_thread_blocked, id=13480, stack(0x0000006e04e00000,0x0000006e04f00000)]
  0x000001d0d2a81000 JavaThread "Unconstrained build operations Thread 49" [_thread_blocked, id=21352, stack(0x0000006e04f00000,0x0000006e05000000)]
  0x000001d0d2a80000 JavaThread "Unconstrained build operations Thread 50" [_thread_blocked, id=10288, stack(0x0000006e05000000,0x0000006e05100000)]
  0x000001d0d2a81800 JavaThread "Unconstrained build operations Thread 51" [_thread_blocked, id=13996, stack(0x0000006e05100000,0x0000006e05200000)]
  0x000001d0d2a7f000 JavaThread "Unconstrained build operations Thread 52" [_thread_blocked, id=22472, stack(0x0000006e05200000,0x0000006e05300000)]
  0x000001d0d2a7c800 JavaThread "Unconstrained build operations Thread 53" [_thread_blocked, id=15016, stack(0x0000006e05300000,0x0000006e05400000)]
  0x000001d0d2a83000 JavaThread "Unconstrained build operations Thread 54" [_thread_blocked, id=4308, stack(0x0000006e05400000,0x0000006e05500000)]
  0x000001d0d2a7d800 JavaThread "Unconstrained build operations Thread 55" [_thread_blocked, id=19132, stack(0x0000006e05500000,0x0000006e05600000)]
  0x000001d0d2a84000 JavaThread "Unconstrained build operations Thread 56" [_thread_blocked, id=24216, stack(0x0000006e05600000,0x0000006e05700000)]
  0x000001d0d2a7e800 JavaThread "Unconstrained build operations Thread 57" [_thread_blocked, id=3948, stack(0x0000006e05700000,0x0000006e05800000)]
  0x000001d0d2a88000 JavaThread "Unconstrained build operations Thread 58" [_thread_blocked, id=7128, stack(0x0000006e05800000,0x0000006e05900000)]
  0x000001d0d2a85000 JavaThread "Unconstrained build operations Thread 59" [_thread_blocked, id=28432, stack(0x0000006e05900000,0x0000006e05a00000)]
  0x000001d0d2a87800 JavaThread "Unconstrained build operations Thread 60" [_thread_blocked, id=20500, stack(0x0000006e05a00000,0x0000006e05b00000)]
  0x000001d0d2a85800 JavaThread "Unconstrained build operations Thread 61" [_thread_blocked, id=25444, stack(0x0000006e05b00000,0x0000006e05c00000)]
  0x000001d0d2a86800 JavaThread "Unconstrained build operations Thread 62" [_thread_blocked, id=11656, stack(0x0000006e05c00000,0x0000006e05d00000)]
  0x000001d0d2a8b800 JavaThread "Unconstrained build operations Thread 63" [_thread_blocked, id=23292, stack(0x0000006e05d00000,0x0000006e05e00000)]
  0x000001d0d2a8a800 JavaThread "Unconstrained build operations Thread 64" [_thread_blocked, id=22648, stack(0x0000006e05e00000,0x0000006e05f00000)]
  0x000001d0d2a89000 JavaThread "Unconstrained build operations Thread 65" [_thread_blocked, id=8872, stack(0x0000006e05f00000,0x0000006e06000000)]
  0x000001d0d2a89800 JavaThread "Unconstrained build operations Thread 66" [_thread_blocked, id=7728, stack(0x0000006e06000000,0x0000006e06100000)]
  0x000001d0d2474000 JavaThread "Unconstrained build operations Thread 67" [_thread_blocked, id=26628, stack(0x0000006e06100000,0x0000006e06200000)]
  0x000001d0d246f000 JavaThread "Unconstrained build operations Thread 68" [_thread_blocked, id=19116, stack(0x0000006e06200000,0x0000006e06300000)]
  0x000001d0d2472800 JavaThread "Unconstrained build operations Thread 69" [_thread_blocked, id=9716, stack(0x0000006e06300000,0x0000006e06400000)]
  0x000001d0d2473000 JavaThread "Unconstrained build operations Thread 70" [_thread_blocked, id=11160, stack(0x0000006e06400000,0x0000006e06500000)]
  0x000001d0d246e800 JavaThread "Unconstrained build operations Thread 71" [_thread_blocked, id=4248, stack(0x0000006e06500000,0x0000006e06600000)]
  0x000001d0d2475000 JavaThread "Unconstrained build operations Thread 72" [_thread_blocked, id=23328, stack(0x0000006e06600000,0x0000006e06700000)]
  0x000001d0d2470000 JavaThread "Unconstrained build operations Thread 73" [_thread_blocked, id=18348, stack(0x0000006e06700000,0x0000006e06800000)]
  0x000001d0d2475800 JavaThread "Unconstrained build operations Thread 74" [_thread_blocked, id=16268, stack(0x0000006e06800000,0x0000006e06900000)]
  0x000001d0d2476800 JavaThread "Unconstrained build operations Thread 75" [_thread_blocked, id=29192, stack(0x0000006e06900000,0x0000006e06a00000)]
  0x000001d0d2470800 JavaThread "Unconstrained build operations Thread 76" [_thread_blocked, id=15864, stack(0x0000006e06a00000,0x0000006e06b00000)]
  0x000001d0d2477000 JavaThread "Unconstrained build operations Thread 77" [_thread_blocked, id=21676, stack(0x0000006e06b00000,0x0000006e06c00000)]
  0x000001d0d2471800 JavaThread "Unconstrained build operations Thread 78" [_thread_blocked, id=12736, stack(0x0000006e06c00000,0x0000006e06d00000)]
  0x000001d0d247c000 JavaThread "Unconstrained build operations Thread 79" [_thread_blocked, id=22388, stack(0x0000006e06d00000,0x0000006e06e00000)]
  0x000001d0d2479800 JavaThread "Unconstrained build operations Thread 80" [_thread_blocked, id=16348, stack(0x0000006e06e00000,0x0000006e06f00000)]
  0x000001d0d247d000 JavaThread "jar transforms Thread 4" [_thread_blocked, id=26400, stack(0x0000006e06f00000,0x0000006e07000000)]
  0x000001d0d2478000 JavaThread "jar transforms Thread 5" [_thread_blocked, id=27052, stack(0x0000006e07000000,0x0000006e07100000)]
  0x000001d0d2479000 JavaThread "jar transforms Thread 6" [_thread_blocked, id=28548, stack(0x0000006e07100000,0x0000006e07200000)]
  0x000001d0d247a800 JavaThread "jar transforms Thread 7" [_thread_blocked, id=28596, stack(0x0000006e07200000,0x0000006e07300000)]
  0x000001d0d247b800 JavaThread "jar transforms Thread 8" [_thread_blocked, id=13088, stack(0x0000006e07300000,0x0000006e07400000)]
  0x000001d0d46ec800 JavaThread "Memory manager" [_thread_blocked, id=22660, stack(0x0000006e07400000,0x0000006e07500000)]
  0x000001d0d46eb800 JavaThread "build event listener" [_thread_blocked, id=10236, stack(0x0000006e07500000,0x0000006e07600000)]
  0x000001d0d46ed000 JavaThread "build event listener" [_thread_blocked, id=23004, stack(0x0000006e07600000,0x0000006e07700000)]
  0x000001d0d46ee000 JavaThread "included builds" [_thread_blocked, id=27704, stack(0x0000006e07700000,0x0000006e07800000)]
  0x000001d0d46e8800 JavaThread "Execution worker for ':'" [_thread_blocked, id=3808, stack(0x0000006e07800000,0x0000006e07900000)]
  0x000001d0d46ea000 JavaThread "Execution worker for ':' Thread 2" [_thread_blocked, id=11624, stack(0x0000006e07900000,0x0000006e07a00000)]
  0x000001d0d46ef000 JavaThread "Execution worker for ':' Thread 3" [_thread_blocked, id=26568, stack(0x0000006e07a00000,0x0000006e07b00000)]
  0x000001d0d46ef800 JavaThread "Execution worker for ':' Thread 4" [_thread_blocked, id=3068, stack(0x0000006e07b00000,0x0000006e07c00000)]
  0x000001d0d46f0800 JavaThread "Execution worker for ':' Thread 5" [_thread_blocked, id=22272, stack(0x0000006e07c00000,0x0000006e07d00000)]
  0x000001d0d46ea800 JavaThread "Execution worker for ':' Thread 6" [_thread_blocked, id=17376, stack(0x0000006e07d00000,0x0000006e07e00000)]
  0x000001d0d46f5800 JavaThread "Execution worker for ':' Thread 7" [_thread_blocked, id=15124, stack(0x0000006e07e00000,0x0000006e07f00000)]
  0x000001d0d46f1800 JavaThread "Cache worker for execution history cache (D:\sonalika apk\sonalikaM23 09 22\.gradle\7.4\executionHistory)" [_thread_blocked, id=14228, stack(0x0000006e07f00000,0x0000006e08000000)]
  0x000001d0d46f2000 JavaThread "WorkerExecutor Queue" [_thread_blocked, id=8560, stack(0x0000006e08000000,0x0000006e08100000)]
  0x000001d0d46f6000 JavaThread "pool-3-thread-1" [_thread_blocked, id=21120, stack(0x0000006e08100000,0x0000006e08200000)]
  0x000001d0d46f7000 JavaThread "stderr" [_thread_in_native, id=9160, stack(0x0000006e08200000,0x0000006e08300000)]
  0x000001d0d46f3000 JavaThread "stdout" [_thread_in_native, id=22176, stack(0x0000006e08300000,0x0000006e08400000)]

Other Threads:
=>0x000001d0cd2bf800 VMThread "VM Thread" [stack: 0x0000006e7f200000,0x0000006e7f300000] [id=23116]
  0x000001d0cddf3000 WatcherThread [stack: 0x0000006e7fc00000,0x0000006e7fd00000] [id=8912]
  0x000001d0b3984800 GCTaskThread "GC Thread#0" [stack: 0x0000006e7ed00000,0x0000006e7ee00000] [id=28948]
  0x000001d0ce9bf000 GCTaskThread "GC Thread#1" [stack: 0x0000006e7fd00000,0x0000006e7fe00000] [id=4852]
  0x000001d0cfb57000 GCTaskThread "GC Thread#2" [stack: 0x0000006e00800000,0x0000006e00900000] [id=9660]
  0x000001d0d005f000 GCTaskThread "GC Thread#3" [stack: 0x0000006e00900000,0x0000006e00a00000] [id=26056]
  0x000001d0cfed6800 GCTaskThread "GC Thread#4" [stack: 0x0000006e00a00000,0x0000006e00b00000] [id=28488]
  0x000001d0cfed7000 GCTaskThread "GC Thread#5" [stack: 0x0000006e00b00000,0x0000006e00c00000] [id=13316]
  0x000001d0cfb27800 GCTaskThread "GC Thread#6" [stack: 0x0000006e00c00000,0x0000006e00d00000] [id=5196]
  0x000001d0cfb28800 GCTaskThread "GC Thread#7" [stack: 0x0000006e00d00000,0x0000006e00e00000] [id=29460]
  0x000001d0b39ab800 ConcurrentGCThread "G1 Main Marker" [stack: 0x0000006e7ee00000,0x0000006e7ef00000] [id=6540]
  0x000001d0b39ac800 ConcurrentGCThread "G1 Conc#0" [stack: 0x0000006e7ef00000,0x0000006e7f000000] [id=14644]
  0x000001d0d00fa800 ConcurrentGCThread "G1 Conc#1" [stack: 0x0000006e01100000,0x0000006e01200000] [id=20704]
  0x000001d0b3a4a000 ConcurrentGCThread "G1 Refine#0" [stack: 0x0000006e7f000000,0x0000006e7f100000] [id=15828]
  0x000001d0b3a4b000 ConcurrentGCThread "G1 Young RemSet Sampling" [stack: 0x0000006e7f100000,0x0000006e7f200000] [id=23356]

Threads with active compile tasks:
C2 CompilerThread0  27090 11861       4       com.android.builder.symbols.BytecodeRClassWriterKt::generateResourceTypeClass (725 bytes)

VM state:at safepoint (normal execution)

VM Mutex/Monitor currently owned by a thread:  ([mutex/lock_event])
[0x000001d0b39673d0] Threads_lock - owner thread: 0x000001d0cd2bf800
[0x000001d0b3967580] Heap_lock - owner thread: 0x000001d0d46f2000

Heap address: 0x00000000a0000000, size: 1536 MB, Compressed Oops mode: 32-bit
Narrow klass base: 0x0000000000000000, Narrow klass shift: 3
Compressed class space size: 1073741824 Address: 0x0000000100000000

Heap:
 garbage-first heap   total 466944K, used 102247K [0x00000000a0000000, 0x0000000100000000)
  region size 1024K, 11 young (11264K), 11 survivors (11264K)
 Metaspace       used 93954K, capacity 96624K, committed 96720K, reserved 1132544K
  class space    used 12052K, capacity 13041K, committed 13088K, reserved 1048576K
Heap Regions: E=young(eden), S=young(survivor), O=old, HS=humongous(starts), HC=humongous(continues), CS=collection set, F=free, A=archive, TAMS=top-at-mark-start (previous, next)
|   0|0x00000000a0000000, 0x00000000a0100000, 0x00000000a0100000|100%| O|  |TAMS 0x00000000a0100000, 0x00000000a0000000| Untracked 
|   1|0x00000000a0100000, 0x00000000a0200000, 0x00000000a0200000|100%| O|  |TAMS 0x00000000a0200000, 0x00000000a0100000| Untracked 
|   2|0x00000000a0200000, 0x00000000a0300000, 0x00000000a0300000|100%| O|  |TAMS 0x00000000a0300000, 0x00000000a0200000| Untracked 
|   3|0x00000000a0300000, 0x00000000a0400000, 0x00000000a0400000|100%|HS|  |TAMS 0x00000000a0400000, 0x00000000a0300000| Complete 
|   4|0x00000000a0400000, 0x00000000a0500000, 0x00000000a0500000|100%|HC|  |TAMS 0x00000000a0500000, 0x00000000a0400000| Complete 
|   5|0x00000000a0500000, 0x00000000a0600000, 0x00000000a0600000|100%|HC|  |TAMS 0x00000000a0600000, 0x00000000a0500000| Complete 
|   6|0x00000000a0600000, 0x00000000a0700000, 0x00000000a0700000|100%| O|  |TAMS 0x00000000a0700000, 0x00000000a0600000| Untracked 
|   7|0x00000000a0700000, 0x00000000a0800000, 0x00000000a0800000|100%| O|  |TAMS 0x00000000a0800000, 0x00000000a0700000| Untracked 
|   8|0x00000000a0800000, 0x00000000a0900000, 0x00000000a0900000|100%| O|  |TAMS 0x00000000a0900000, 0x00000000a0800000| Untracked 
|   9|0x00000000a0900000, 0x00000000a0a00000, 0x00000000a0a00000|100%| O|  |TAMS 0x00000000a0a00000, 0x00000000a0900000| Untracked 
|  10|0x00000000a0a00000, 0x00000000a0b00000, 0x00000000a0b00000|100%| O|  |TAMS 0x00000000a0b00000, 0x00000000a0a00000| Untracked 
|  11|0x00000000a0b00000, 0x00000000a0c00000, 0x00000000a0c00000|100%| O|  |TAMS 0x00000000a0c00000, 0x00000000a0b00000| Untracked 
|  12|0x00000000a0c00000, 0x00000000a0d00000, 0x00000000a0d00000|100%| O|  |TAMS 0x00000000a0d00000, 0x00000000a0c00000| Untracked 
|  13|0x00000000a0d00000, 0x00000000a0e00000, 0x00000000a0e00000|100%| O|  |TAMS 0x00000000a0e00000, 0x00000000a0d00000| Untracked 
|  14|0x00000000a0e00000, 0x00000000a0f00000, 0x00000000a0f00000|100%| O|  |TAMS 0x00000000a0f00000, 0x00000000a0e00000| Untracked 
|  15|0x00000000a0f00000, 0x00000000a1000000, 0x00000000a1000000|100%| O|  |TAMS 0x00000000a1000000, 0x00000000a0f00000| Untracked 
|  16|0x00000000a1000000, 0x00000000a1100000, 0x00000000a1100000|100%| O|  |TAMS 0x00000000a1100000, 0x00000000a1000000| Untracked 
|  17|0x00000000a1100000, 0x00000000a1200000, 0x00000000a1200000|100%| O|  |TAMS 0x00000000a1200000, 0x00000000a1100000| Untracked 
|  18|0x00000000a1200000, 0x00000000a1300000, 0x00000000a1300000|100%| O|  |TAMS 0x00000000a1300000, 0x00000000a1200000| Untracked 
|  19|0x00000000a1300000, 0x00000000a1400000, 0x00000000a1400000|100%| O|  |TAMS 0x00000000a1400000, 0x00000000a1300000| Untracked 
|  20|0x00000000a1400000, 0x00000000a1500000, 0x00000000a1500000|100%| O|  |TAMS 0x00000000a1500000, 0x00000000a1400000| Untracked 
|  21|0x00000000a1500000, 0x00000000a1600000, 0x00000000a1600000|100%| O|  |TAMS 0x00000000a1600000, 0x00000000a1500000| Untracked 
|  22|0x00000000a1600000, 0x00000000a1700000, 0x00000000a1700000|100%| O|  |TAMS 0x00000000a1700000, 0x00000000a1600000| Untracked 
|  23|0x00000000a1700000, 0x00000000a1800000, 0x00000000a1800000|100%| O|  |TAMS 0x00000000a1800000, 0x00000000a1700000| Untracked 
|  24|0x00000000a1800000, 0x00000000a1900000, 0x00000000a1900000|100%| O|  |TAMS 0x00000000a1900000, 0x00000000a1800000| Untracked 
|  25|0x00000000a1900000, 0x00000000a1a00000, 0x00000000a1a00000|100%| O|  |TAMS 0x00000000a1a00000, 0x00000000a1900000| Untracked 
|  26|0x00000000a1a00000, 0x00000000a1b00000, 0x00000000a1b00000|100%| O|  |TAMS 0x00000000a1b00000, 0x00000000a1a00000| Untracked 
|  27|0x00000000a1b00000, 0x00000000a1c00000, 0x00000000a1c00000|100%| O|  |TAMS 0x00000000a1c00000, 0x00000000a1b00000| Untracked 
|  28|0x00000000a1c00000, 0x00000000a1d00000, 0x00000000a1d00000|100%| O|  |TAMS 0x00000000a1d00000, 0x00000000a1c00000| Untracked 
|  29|0x00000000a1d00000, 0x00000000a1e00000, 0x00000000a1e00000|100%|HS|  |TAMS 0x00000000a1e00000, 0x00000000a1d00000| Complete 
|  30|0x00000000a1e00000, 0x00000000a1f00000, 0x00000000a1f00000|100%|HS|  |TAMS 0x00000000a1f00000, 0x00000000a1e00000| Complete 
|  31|0x00000000a1f00000, 0x00000000a2000000, 0x00000000a2000000|100%|HS|  |TAMS 0x00000000a2000000, 0x00000000a1f00000| Complete 
|  32|0x00000000a2000000, 0x00000000a2100000, 0x00000000a2100000|100%|HS|  |TAMS 0x00000000a2100000, 0x00000000a2000000| Complete 
|  33|0x00000000a2100000, 0x00000000a2200000, 0x00000000a2200000|100%|HC|  |TAMS 0x00000000a2200000, 0x00000000a2100000| Complete 
|  34|0x00000000a2200000, 0x00000000a2300000, 0x00000000a2300000|100%|HC|  |TAMS 0x00000000a2300000, 0x00000000a2200000| Complete 
|  35|0x00000000a2300000, 0x00000000a2400000, 0x00000000a2400000|100%|HS|  |TAMS 0x00000000a2400000, 0x00000000a2300000| Complete 
|  36|0x00000000a2400000, 0x00000000a2500000, 0x00000000a2500000|100%|HC|  |TAMS 0x00000000a2500000, 0x00000000a2400000| Complete 
|  37|0x00000000a2500000, 0x00000000a2600000, 0x00000000a2600000|100%| O|  |TAMS 0x00000000a2600000, 0x00000000a2500000| Untracked 
|  38|0x00000000a2600000, 0x00000000a2700000, 0x00000000a2700000|100%| O|  |TAMS 0x00000000a2700000, 0x00000000a2600000| Untracked 
|  39|0x00000000a2700000, 0x00000000a2800000, 0x00000000a2800000|100%| O|  |TAMS 0x00000000a2800000, 0x00000000a2700000| Untracked 
|  40|0x00000000a2800000, 0x00000000a2900000, 0x00000000a2900000|100%| O|  |TAMS 0x00000000a2900000, 0x00000000a2800000| Untracked 
|  41|0x00000000a2900000, 0x00000000a2a00000, 0x00000000a2a00000|100%| O|  |TAMS 0x00000000a2a00000, 0x00000000a2900000| Untracked 
|  42|0x00000000a2a00000, 0x00000000a2b00000, 0x00000000a2b00000|100%| O|  |TAMS 0x00000000a2b00000, 0x00000000a2a00000| Untracked 
|  43|0x00000000a2b00000, 0x00000000a2c00000, 0x00000000a2c00000|100%| O|  |TAMS 0x00000000a2c00000, 0x00000000a2b00000| Untracked 
|  44|0x00000000a2c00000, 0x00000000a2d00000, 0x00000000a2d00000|100%| O|  |TAMS 0x00000000a2d00000, 0x00000000a2c00000| Untracked 
|  45|0x00000000a2d00000, 0x00000000a2e00000, 0x00000000a2e00000|100%| O|  |TAMS 0x00000000a2e00000, 0x00000000a2d00000| Untracked 
|  46|0x00000000a2e00000, 0x00000000a2f00000, 0x00000000a2f00000|100%| O|  |TAMS 0x00000000a2f00000, 0x00000000a2e00000| Untracked 
|  47|0x00000000a2f00000, 0x00000000a3000000, 0x00000000a3000000|100%| O|  |TAMS 0x00000000a3000000, 0x00000000a2f00000| Untracked 
|  48|0x00000000a3000000, 0x00000000a3100000, 0x00000000a3100000|100%| O|  |TAMS 0x00000000a3100000, 0x00000000a3000000| Untracked 
|  49|0x00000000a3100000, 0x00000000a3200000, 0x00000000a3200000|100%| O|  |TAMS 0x00000000a3200000, 0x00000000a3100000| Untracked 
|  50|0x00000000a3200000, 0x00000000a3300000, 0x00000000a3300000|100%| O|  |TAMS 0x00000000a3300000, 0x00000000a3200000| Untracked 
|  51|0x00000000a3300000, 0x00000000a3400000, 0x00000000a3400000|100%| O|  |TAMS 0x00000000a3400000, 0x00000000a3300000| Untracked 
|  52|0x00000000a3400000, 0x00000000a3500000, 0x00000000a3500000|100%| O|  |TAMS 0x00000000a3500000, 0x00000000a3400000| Untracked 
|  53|0x00000000a3500000, 0x00000000a3600000, 0x00000000a3600000|100%| O|  |TAMS 0x00000000a3600000, 0x00000000a3500000| Untracked 
|  54|0x00000000a3600000, 0x00000000a3700000, 0x00000000a3700000|100%| O|  |TAMS 0x00000000a3700000, 0x00000000a3600000| Untracked 
|  55|0x00000000a3700000, 0x00000000a3800000, 0x00000000a3800000|100%| O|  |TAMS 0x00000000a3800000, 0x00000000a3700000| Untracked 
|  56|0x00000000a3800000, 0x00000000a3900000, 0x00000000a3900000|100%| O|  |TAMS 0x00000000a3900000, 0x00000000a3800000| Untracked 
|  57|0x00000000a3900000, 0x00000000a3a00000, 0x00000000a3a00000|100%| O|  |TAMS 0x00000000a3a00000, 0x00000000a3900000| Untracked 
|  58|0x00000000a3a00000, 0x00000000a3b00000, 0x00000000a3b00000|100%| O|  |TAMS 0x00000000a3b00000, 0x00000000a3a00000| Untracked 
|  59|0x00000000a3b00000, 0x00000000a3c00000, 0x00000000a3c00000|100%| O|  |TAMS 0x00000000a3c00000, 0x00000000a3b00000| Untracked 
|  60|0x00000000a3c00000, 0x00000000a3d00000, 0x00000000a3d00000|100%| O|  |TAMS 0x00000000a3d00000, 0x00000000a3c00000| Untracked 
|  61|0x00000000a3d00000, 0x00000000a3e00000, 0x00000000a3e00000|100%| O|  |TAMS 0x00000000a3e00000, 0x00000000a3d00000| Untracked 
|  62|0x00000000a3e00000, 0x00000000a3f00000, 0x00000000a3f00000|100%| O|  |TAMS 0x00000000a3f00000, 0x00000000a3e00000| Untracked 
|  63|0x00000000a3f00000, 0x00000000a4000000, 0x00000000a4000000|100%| O|  |TAMS 0x00000000a4000000, 0x00000000a3f00000| Untracked 
|  64|0x00000000a4000000, 0x00000000a4100000, 0x00000000a4100000|100%| O|  |TAMS 0x00000000a4100000, 0x00000000a4000000| Untracked 
|  65|0x00000000a4100000, 0x00000000a4200000, 0x00000000a4200000|100%| O|  |TAMS 0x00000000a4200000, 0x00000000a4100000| Untracked 
|  66|0x00000000a4200000, 0x00000000a4300000, 0x00000000a4300000|100%| O|  |TAMS 0x00000000a4300000, 0x00000000a4200000| Untracked 
|  67|0x00000000a4300000, 0x00000000a4400000, 0x00000000a4400000|100%| O|  |TAMS 0x00000000a4400000, 0x00000000a4300000| Untracked 
|  68|0x00000000a4400000, 0x00000000a4500000, 0x00000000a4500000|100%| O|  |TAMS 0x00000000a4500000, 0x00000000a4400000| Untracked 
|  69|0x00000000a4500000, 0x00000000a4600000, 0x00000000a4600000|100%| O|  |TAMS 0x00000000a4600000, 0x00000000a4500000| Untracked 
|  70|0x00000000a4600000, 0x00000000a4700000, 0x00000000a4700000|100%| O|  |TAMS 0x00000000a4700000, 0x00000000a4600000| Untracked 
|  71|0x00000000a4700000, 0x00000000a4800000, 0x00000000a4800000|100%| O|  |TAMS 0x00000000a4800000, 0x00000000a4700000| Untracked 
|  72|0x00000000a4800000, 0x00000000a4900000, 0x00000000a4900000|100%| O|  |TAMS 0x00000000a4900000, 0x00000000a4800000| Untracked 
|  73|0x00000000a4900000, 0x00000000a4a00000, 0x00000000a4a00000|100%| O|  |TAMS 0x00000000a49cc800, 0x00000000a4900000| Untracked 
|  74|0x00000000a4a00000, 0x00000000a4b00000, 0x00000000a4b00000|100%| O|  |TAMS 0x00000000a4a00000, 0x00000000a4a00000| Untracked 
|  75|0x00000000a4b00000, 0x00000000a4c00000, 0x00000000a4c00000|100%| O|  |TAMS 0x00000000a4b00000, 0x00000000a4b00000| Untracked 
|  76|0x00000000a4c00000, 0x00000000a4d00000, 0x00000000a4d00000|100%| O|  |TAMS 0x00000000a4c00000, 0x00000000a4c00000| Untracked 
|  77|0x00000000a4d00000, 0x00000000a4e00000, 0x00000000a4e00000|100%| O|  |TAMS 0x00000000a4d00000, 0x00000000a4d00000| Untracked 
|  78|0x00000000a4e00000, 0x00000000a4f00000, 0x00000000a4f00000|100%| O|  |TAMS 0x00000000a4e00000, 0x00000000a4e00000| Untracked 
|  79|0x00000000a4f00000, 0x00000000a5000000, 0x00000000a5000000|100%| O|  |TAMS 0x00000000a4f00000, 0x00000000a4f00000| Untracked 
|  80|0x00000000a5000000, 0x00000000a5100000, 0x00000000a5100000|100%| O|  |TAMS 0x00000000a5000000, 0x00000000a5000000| Untracked 
|  81|0x00000000a5100000, 0x00000000a5200000, 0x00000000a5200000|100%| O|  |TAMS 0x00000000a5100000, 0x00000000a5100000| Untracked 
|  82|0x00000000a5200000, 0x00000000a5300000, 0x00000000a5300000|100%| O|  |TAMS 0x00000000a5200000, 0x00000000a5200000| Untracked 
|  83|0x00000000a5300000, 0x00000000a5400000, 0x00000000a5400000|100%| O|  |TAMS 0x00000000a5300000, 0x00000000a5300000| Untracked 
|  84|0x00000000a5400000, 0x00000000a5500000, 0x00000000a5500000|100%| O|  |TAMS 0x00000000a5400000, 0x00000000a5400000| Untracked 
|  85|0x00000000a5500000, 0x00000000a5600000, 0x00000000a5600000|100%| O|  |TAMS 0x00000000a5500000, 0x00000000a5500000| Untracked 
|  86|0x00000000a5600000, 0x00000000a5700000, 0x00000000a5700000|100%| O|  |TAMS 0x00000000a5600000, 0x00000000a5600000| Untracked 
|  87|0x00000000a5700000, 0x00000000a5800000, 0x00000000a5800000|100%| O|  |TAMS 0x00000000a5700000, 0x00000000a5700000| Untracked 
|  88|0x00000000a5800000, 0x00000000a58daa00, 0x00000000a5900000| 85%| O|  |TAMS 0x00000000a5800000, 0x00000000a5800000| Untracked 
|  89|0x00000000a5900000, 0x00000000a5900000, 0x00000000a5a00000|  0%| F|  |TAMS 0x00000000a5900000, 0x00000000a5900000| Untracked 
|  90|0x00000000a5a00000, 0x00000000a5a00000, 0x00000000a5b00000|  0%| F|  |TAMS 0x00000000a5a00000, 0x00000000a5a00000| Untracked 
|  91|0x00000000a5b00000, 0x00000000a5b00000, 0x00000000a5c00000|  0%| F|  |TAMS 0x00000000a5b00000, 0x00000000a5b00000| Untracked 
|  92|0x00000000a5c00000, 0x00000000a5c00000, 0x00000000a5d00000|  0%| F|  |TAMS 0x00000000a5c00000, 0x00000000a5c00000| Untracked 
|  93|0x00000000a5d00000, 0x00000000a5d00000, 0x00000000a5e00000|  0%| F|  |TAMS 0x00000000a5d00000, 0x00000000a5d00000| Untracked 
|  94|0x00000000a5e00000, 0x00000000a5e00000, 0x00000000a5f00000|  0%| F|  |TAMS 0x00000000a5e00000, 0x00000000a5e00000| Untracked 
|  95|0x00000000a5f00000, 0x00000000a5f00000, 0x00000000a6000000|  0%| F|  |TAMS 0x00000000a5f00000, 0x00000000a5f00000| Untracked 
|  96|0x00000000a6000000, 0x00000000a6000000, 0x00000000a6100000|  0%| F|  |TAMS 0x00000000a6000000, 0x00000000a6000000| Untracked 
|  97|0x00000000a6100000, 0x00000000a6100000, 0x00000000a6200000|  0%| F|  |TAMS 0x00000000a6100000, 0x00000000a6100000| Untracked 
|  98|0x00000000a6200000, 0x00000000a6200000, 0x00000000a6300000|  0%| F|  |TAMS 0x00000000a6200000, 0x00000000a6200000| Untracked 
|  99|0x00000000a6300000, 0x00000000a6300000, 0x00000000a6400000|  0%| F|  |TAMS 0x00000000a6300000, 0x00000000a6300000| Untracked 
| 100|0x00000000a6400000, 0x00000000a6400000, 0x00000000a6500000|  0%| F|  |TAMS 0x00000000a6400000, 0x00000000a6400000| Untracked 
| 101|0x00000000a6500000, 0x00000000a6500000, 0x00000000a6600000|  0%| F|  |TAMS 0x00000000a6500000, 0x00000000a6500000| Untracked 
| 102|0x00000000a6600000, 0x00000000a6600000, 0x00000000a6700000|  0%| F|  |TAMS 0x00000000a6600000, 0x00000000a6600000| Untracked 
| 103|0x00000000a6700000, 0x00000000a6700000, 0x00000000a6800000|  0%| F|  |TAMS 0x00000000a6700000, 0x00000000a6700000| Untracked 
| 104|0x00000000a6800000, 0x00000000a6800000, 0x00000000a6900000|  0%| F|  |TAMS 0x00000000a6800000, 0x00000000a6800000| Untracked 
| 105|0x00000000a6900000, 0x00000000a6900000, 0x00000000a6a00000|  0%| F|  |TAMS 0x00000000a6900000, 0x00000000a6900000| Untracked 
| 106|0x00000000a6a00000, 0x00000000a6a00000, 0x00000000a6b00000|  0%| F|  |TAMS 0x00000000a6a00000, 0x00000000a6a00000| Untracked 
| 107|0x00000000a6b00000, 0x00000000a6b00000, 0x00000000a6c00000|  0%| F|  |TAMS 0x00000000a6b00000, 0x00000000a6b00000| Untracked 
| 108|0x00000000a6c00000, 0x00000000a6c00000, 0x00000000a6d00000|  0%| F|  |TAMS 0x00000000a6c00000, 0x00000000a6c00000| Untracked 
| 109|0x00000000a6d00000, 0x00000000a6d00000, 0x00000000a6e00000|  0%| F|  |TAMS 0x00000000a6d00000, 0x00000000a6d00000| Untracked 
| 110|0x00000000a6e00000, 0x00000000a6e00000, 0x00000000a6f00000|  0%| F|  |TAMS 0x00000000a6e00000, 0x00000000a6e00000| Untracked 
| 111|0x00000000a6f00000, 0x00000000a6f00000, 0x00000000a7000000|  0%| F|  |TAMS 0x00000000a6f00000, 0x00000000a6f00000| Untracked 
| 112|0x00000000a7000000, 0x00000000a7000000, 0x00000000a7100000|  0%| F|  |TAMS 0x00000000a7000000, 0x00000000a7000000| Untracked 
| 113|0x00000000a7100000, 0x00000000a7100000, 0x00000000a7200000|  0%| F|  |TAMS 0x00000000a7100000, 0x00000000a7100000| Untracked 
| 114|0x00000000a7200000, 0x00000000a7200000, 0x00000000a7300000|  0%| F|  |TAMS 0x00000000a7200000, 0x00000000a7200000| Untracked 
| 115|0x00000000a7300000, 0x00000000a7300000, 0x00000000a7400000|  0%| F|  |TAMS 0x00000000a7300000, 0x00000000a7300000| Untracked 
| 116|0x00000000a7400000, 0x00000000a7400000, 0x00000000a7500000|  0%| F|  |TAMS 0x00000000a7400000, 0x00000000a7400000| Untracked 
| 117|0x00000000a7500000, 0x00000000a7500000, 0x00000000a7600000|  0%| F|  |TAMS 0x00000000a7500000, 0x00000000a7500000| Untracked 
| 118|0x00000000a7600000, 0x00000000a7600000, 0x00000000a7700000|  0%| F|  |TAMS 0x00000000a7600000, 0x00000000a7600000| Untracked 
| 119|0x00000000a7700000, 0x00000000a7700000, 0x00000000a7800000|  0%| F|  |TAMS 0x00000000a7700000, 0x00000000a7700000| Untracked 
| 120|0x00000000a7800000, 0x00000000a7800000, 0x00000000a7900000|  0%| F|  |TAMS 0x00000000a7800000, 0x00000000a7800000| Untracked 
| 121|0x00000000a7900000, 0x00000000a7900000, 0x00000000a7a00000|  0%| F|  |TAMS 0x00000000a7900000, 0x00000000a7900000| Untracked 
| 122|0x00000000a7a00000, 0x00000000a7a00000, 0x00000000a7b00000|  0%| F|  |TAMS 0x00000000a7a00000, 0x00000000a7a00000| Untracked 
| 123|0x00000000a7b00000, 0x00000000a7b00000, 0x00000000a7c00000|  0%| F|  |TAMS 0x00000000a7b00000, 0x00000000a7b00000| Untracked 
| 124|0x00000000a7c00000, 0x00000000a7c00000, 0x00000000a7d00000|  0%| F|  |TAMS 0x00000000a7c00000, 0x00000000a7c00000| Untracked 
| 125|0x00000000a7d00000, 0x00000000a7d00000, 0x00000000a7e00000|  0%| F|  |TAMS 0x00000000a7d00000, 0x00000000a7d00000| Untracked 
| 126|0x00000000a7e00000, 0x00000000a7e00000, 0x00000000a7f00000|  0%| F|  |TAMS 0x00000000a7e00000, 0x00000000a7e00000| Untracked 
| 127|0x00000000a7f00000, 0x00000000a7f00000, 0x00000000a8000000|  0%| F|  |TAMS 0x00000000a7f00000, 0x00000000a7f00000| Untracked 
| 128|0x00000000a8000000, 0x00000000a80ff300, 0x00000000a8100000| 99%| S|CS|TAMS 0x00000000a8000000, 0x00000000a8000000| Complete 
| 129|0x00000000a8100000, 0x00000000a8200000, 0x00000000a8200000|100%| S|CS|TAMS 0x00000000a8100000, 0x00000000a8100000| Complete 
| 130|0x00000000a8200000, 0x00000000a8300000, 0x00000000a8300000|100%| S|CS|TAMS 0x00000000a8200000, 0x00000000a8200000| Complete 
| 131|0x00000000a8300000, 0x00000000a8400000, 0x00000000a8400000|100%| S|CS|TAMS 0x00000000a8300000, 0x00000000a8300000| Complete 
| 132|0x00000000a8400000, 0x00000000a8500000, 0x00000000a8500000|100%| S|CS|TAMS 0x00000000a8400000, 0x00000000a8400000| Complete 
| 133|0x00000000a8500000, 0x00000000a8600000, 0x00000000a8600000|100%| S|CS|TAMS 0x00000000a8500000, 0x00000000a8500000| Complete 
| 134|0x00000000a8600000, 0x00000000a8700000, 0x00000000a8700000|100%| S|CS|TAMS 0x00000000a8600000, 0x00000000a8600000| Complete 
| 135|0x00000000a8700000, 0x00000000a8800000, 0x00000000a8800000|100%| S|CS|TAMS 0x00000000a8700000, 0x00000000a8700000| Complete 
| 136|0x00000000a8800000, 0x00000000a8900000, 0x00000000a8900000|100%| S|CS|TAMS 0x00000000a8800000, 0x00000000a8800000| Complete 
| 137|0x00000000a8900000, 0x00000000a8a00000, 0x00000000a8a00000|100%| S|CS|TAMS 0x00000000a8900000, 0x00000000a8900000| Complete 
| 138|0x00000000a8a00000, 0x00000000a8b00000, 0x00000000a8b00000|100%| S|CS|TAMS 0x00000000a8a00000, 0x00000000a8a00000| Complete 
| 139|0x00000000a8b00000, 0x00000000a8b00000, 0x00000000a8c00000|  0%| F|  |TAMS 0x00000000a8b00000, 0x00000000a8b00000| Untracked 
| 140|0x00000000a8c00000, 0x00000000a8c00000, 0x00000000a8d00000|  0%| F|  |TAMS 0x00000000a8c00000, 0x00000000a8c00000| Untracked 
| 141|0x00000000a8d00000, 0x00000000a8d00000, 0x00000000a8e00000|  0%| F|  |TAMS 0x00000000a8d00000, 0x00000000a8d00000| Untracked 
| 142|0x00000000a8e00000, 0x00000000a8e00000, 0x00000000a8f00000|  0%| F|  |TAMS 0x00000000a8e00000, 0x00000000a8e00000| Untracked 
| 143|0x00000000a8f00000, 0x00000000a8f00000, 0x00000000a9000000|  0%| F|  |TAMS 0x00000000a8f00000, 0x00000000a8f00000| Untracked 
| 144|0x00000000a9000000, 0x00000000a9000000, 0x00000000a9100000|  0%| F|  |TAMS 0x00000000a9000000, 0x00000000a9000000| Untracked 
| 145|0x00000000a9100000, 0x00000000a9100000, 0x00000000a9200000|  0%| F|  |TAMS 0x00000000a9100000, 0x00000000a9100000| Untracked 
| 146|0x00000000a9200000, 0x00000000a9200000, 0x00000000a9300000|  0%| F|  |TAMS 0x00000000a9200000, 0x00000000a9200000| Untracked 
| 147|0x00000000a9300000, 0x00000000a9300000, 0x00000000a9400000|  0%| F|  |TAMS 0x00000000a9300000, 0x00000000a9300000| Untracked 
| 148|0x00000000a9400000, 0x00000000a9400000, 0x00000000a9500000|  0%| F|  |TAMS 0x00000000a9400000, 0x00000000a9400000| Untracked 
| 149|0x00000000a9500000, 0x00000000a9500000, 0x00000000a9600000|  0%| F|  |TAMS 0x00000000a9500000, 0x00000000a9500000| Untracked 
| 150|0x00000000a9600000, 0x00000000a9600000, 0x00000000a9700000|  0%| F|  |TAMS 0x00000000a9600000, 0x00000000a9600000| Untracked 
| 151|0x00000000a9700000, 0x00000000a9700000, 0x00000000a9800000|  0%| F|  |TAMS 0x00000000a9700000, 0x00000000a9700000| Untracked 
| 152|0x00000000a9800000, 0x00000000a9800000, 0x00000000a9900000|  0%| F|  |TAMS 0x00000000a9800000, 0x00000000a9800000| Untracked 
| 153|0x00000000a9900000, 0x00000000a9900000, 0x00000000a9a00000|  0%| F|  |TAMS 0x00000000a9900000, 0x00000000a9900000| Untracked 
| 154|0x00000000a9a00000, 0x00000000a9a00000, 0x00000000a9b00000|  0%| F|  |TAMS 0x00000000a9a00000, 0x00000000a9a00000| Untracked 
| 155|0x00000000a9b00000, 0x00000000a9b00000, 0x00000000a9c00000|  0%| F|  |TAMS 0x00000000a9b00000, 0x00000000a9b00000| Untracked 
| 156|0x00000000a9c00000, 0x00000000a9c00000, 0x00000000a9d00000|  0%| F|  |TAMS 0x00000000a9c00000, 0x00000000a9c00000| Untracked 
| 157|0x00000000a9d00000, 0x00000000a9d00000, 0x00000000a9e00000|  0%| F|  |TAMS 0x00000000a9d00000, 0x00000000a9d00000| Untracked 
| 158|0x00000000a9e00000, 0x00000000a9e00000, 0x00000000a9f00000|  0%| F|  |TAMS 0x00000000a9e00000, 0x00000000a9e00000| Untracked 
| 159|0x00000000a9f00000, 0x00000000a9f00000, 0x00000000aa000000|  0%| F|  |TAMS 0x00000000a9f00000, 0x00000000a9f00000| Untracked 
| 160|0x00000000aa000000, 0x00000000aa000000, 0x00000000aa100000|  0%| F|  |TAMS 0x00000000aa000000, 0x00000000aa000000| Untracked 
| 161|0x00000000aa100000, 0x00000000aa100000, 0x00000000aa200000|  0%| F|  |TAMS 0x00000000aa100000, 0x00000000aa100000| Untracked 
| 162|0x00000000aa200000, 0x00000000aa200000, 0x00000000aa300000|  0%| F|  |TAMS 0x00000000aa200000, 0x00000000aa200000| Untracked 
| 163|0x00000000aa300000, 0x00000000aa300000, 0x00000000aa400000|  0%| F|  |TAMS 0x00000000aa300000, 0x00000000aa300000| Untracked 
| 164|0x00000000aa400000, 0x00000000aa400000, 0x00000000aa500000|  0%| F|  |TAMS 0x00000000aa400000, 0x00000000aa400000| Untracked 
| 165|0x00000000aa500000, 0x00000000aa500000, 0x00000000aa600000|  0%| F|  |TAMS 0x00000000aa500000, 0x00000000aa500000| Untracked 
| 166|0x00000000aa600000, 0x00000000aa600000, 0x00000000aa700000|  0%| F|  |TAMS 0x00000000aa600000, 0x00000000aa600000| Untracked 
| 167|0x00000000aa700000, 0x00000000aa700000, 0x00000000aa800000|  0%| F|  |TAMS 0x00000000aa700000, 0x00000000aa700000| Untracked 
| 168|0x00000000aa800000, 0x00000000aa800000, 0x00000000aa900000|  0%| F|  |TAMS 0x00000000aa800000, 0x00000000aa800000| Untracked 
| 169|0x00000000aa900000, 0x00000000aa900000, 0x00000000aaa00000|  0%| F|  |TAMS 0x00000000aa900000, 0x00000000aa900000| Untracked 
| 170|0x00000000aaa00000, 0x00000000aaa00000, 0x00000000aab00000|  0%| F|  |TAMS 0x00000000aaa00000, 0x00000000aaa00000| Untracked 
| 171|0x00000000aab00000, 0x00000000aab00000, 0x00000000aac00000|  0%| F|  |TAMS 0x00000000aab00000, 0x00000000aab00000| Untracked 
| 172|0x00000000aac00000, 0x00000000aac00000, 0x00000000aad00000|  0%| F|  |TAMS 0x00000000aac00000, 0x00000000aac00000| Untracked 
| 173|0x00000000aad00000, 0x00000000aad00000, 0x00000000aae00000|  0%| F|  |TAMS 0x00000000aad00000, 0x00000000aad00000| Untracked 
| 174|0x00000000aae00000, 0x00000000aae00000, 0x00000000aaf00000|  0%| F|  |TAMS 0x00000000aae00000, 0x00000000aae00000| Untracked 
| 175|0x00000000aaf00000, 0x00000000aaf00000, 0x00000000ab000000|  0%| F|  |TAMS 0x00000000aaf00000, 0x00000000aaf00000| Untracked 
| 176|0x00000000ab000000, 0x00000000ab000000, 0x00000000ab100000|  0%| F|  |TAMS 0x00000000ab000000, 0x00000000ab000000| Untracked 
| 177|0x00000000ab100000, 0x00000000ab100000, 0x00000000ab200000|  0%| F|  |TAMS 0x00000000ab100000, 0x00000000ab100000| Untracked 
| 178|0x00000000ab200000, 0x00000000ab200000, 0x00000000ab300000|  0%| F|  |TAMS 0x00000000ab200000, 0x00000000ab200000| Untracked 
| 179|0x00000000ab300000, 0x00000000ab300000, 0x00000000ab400000|  0%| F|  |TAMS 0x00000000ab300000, 0x00000000ab300000| Untracked 
| 180|0x00000000ab400000, 0x00000000ab400000, 0x00000000ab500000|  0%| F|  |TAMS 0x00000000ab400000, 0x00000000ab400000| Untracked 
| 181|0x00000000ab500000, 0x00000000ab500000, 0x00000000ab600000|  0%| F|  |TAMS 0x00000000ab500000, 0x00000000ab500000| Untracked 
| 182|0x00000000ab600000, 0x00000000ab600000, 0x00000000ab700000|  0%| F|  |TAMS 0x00000000ab600000, 0x00000000ab600000| Untracked 
| 183|0x00000000ab700000, 0x00000000ab700000, 0x00000000ab800000|  0%| F|  |TAMS 0x00000000ab700000, 0x00000000ab700000| Untracked 
| 184|0x00000000ab800000, 0x00000000ab800000, 0x00000000ab900000|  0%| F|  |TAMS 0x00000000ab800000, 0x00000000ab800000| Untracked 
| 185|0x00000000ab900000, 0x00000000ab900000, 0x00000000aba00000|  0%| F|  |TAMS 0x00000000ab900000, 0x00000000ab900000| Untracked 
| 186|0x00000000aba00000, 0x00000000aba00000, 0x00000000abb00000|  0%| F|  |TAMS 0x00000000aba00000, 0x00000000aba00000| Untracked 
| 187|0x00000000abb00000, 0x00000000abb00000, 0x00000000abc00000|  0%| F|  |TAMS 0x00000000abb00000, 0x00000000abb00000| Untracked 
| 188|0x00000000abc00000, 0x00000000abc00000, 0x00000000abd00000|  0%| F|  |TAMS 0x00000000abc00000, 0x00000000abc00000| Untracked 
| 189|0x00000000abd00000, 0x00000000abd00000, 0x00000000abe00000|  0%| F|  |TAMS 0x00000000abd00000, 0x00000000abd00000| Untracked 
| 190|0x00000000abe00000, 0x00000000abe00000, 0x00000000abf00000|  0%| F|  |TAMS 0x00000000abe00000, 0x00000000abe00000| Untracked 
| 191|0x00000000abf00000, 0x00000000abf00000, 0x00000000ac000000|  0%| F|  |TAMS 0x00000000abf00000, 0x00000000abf00000| Untracked 
| 192|0x00000000ac000000, 0x00000000ac000000, 0x00000000ac100000|  0%| F|  |TAMS 0x00000000ac000000, 0x00000000ac000000| Untracked 
| 193|0x00000000ac100000, 0x00000000ac100000, 0x00000000ac200000|  0%| F|  |TAMS 0x00000000ac100000, 0x00000000ac100000| Untracked 
| 194|0x00000000ac200000, 0x00000000ac200000, 0x00000000ac300000|  0%| F|  |TAMS 0x00000000ac200000, 0x00000000ac200000| Untracked 
| 195|0x00000000ac300000, 0x00000000ac300000, 0x00000000ac400000|  0%| F|  |TAMS 0x00000000ac300000, 0x00000000ac300000| Untracked 
| 196|0x00000000ac400000, 0x00000000ac400000, 0x00000000ac500000|  0%| F|  |TAMS 0x00000000ac400000, 0x00000000ac400000| Untracked 
| 197|0x00000000ac500000, 0x00000000ac500000, 0x00000000ac600000|  0%| F|  |TAMS 0x00000000ac500000, 0x00000000ac500000| Untracked 
| 198|0x00000000ac600000, 0x00000000ac600000, 0x00000000ac700000|  0%| F|  |TAMS 0x00000000ac600000, 0x00000000ac600000| Untracked 
| 199|0x00000000ac700000, 0x00000000ac700000, 0x00000000ac800000|  0%| F|  |TAMS 0x00000000ac700000, 0x00000000ac700000| Untracked 
| 200|0x00000000ac800000, 0x00000000ac800000, 0x00000000ac900000|  0%| F|  |TAMS 0x00000000ac800000, 0x00000000ac800000| Untracked 
| 201|0x00000000ac900000, 0x00000000ac900000, 0x00000000aca00000|  0%| F|  |TAMS 0x00000000ac900000, 0x00000000ac900000| Untracked 
| 202|0x00000000aca00000, 0x00000000aca00000, 0x00000000acb00000|  0%| F|  |TAMS 0x00000000aca00000, 0x00000000aca00000| Untracked 
| 203|0x00000000acb00000, 0x00000000acb00000, 0x00000000acc00000|  0%| F|  |TAMS 0x00000000acb00000, 0x00000000acb00000| Untracked 
| 204|0x00000000acc00000, 0x00000000acc00000, 0x00000000acd00000|  0%| F|  |TAMS 0x00000000acc00000, 0x00000000acc00000| Untracked 
| 205|0x00000000acd00000, 0x00000000acd00000, 0x00000000ace00000|  0%| F|  |TAMS 0x00000000acd00000, 0x00000000acd00000| Untracked 
| 206|0x00000000ace00000, 0x00000000ace00000, 0x00000000acf00000|  0%| F|  |TAMS 0x00000000ace00000, 0x00000000ace00000| Untracked 
| 207|0x00000000acf00000, 0x00000000acf00000, 0x00000000ad000000|  0%| F|  |TAMS 0x00000000acf00000, 0x00000000acf00000| Untracked 
| 208|0x00000000ad000000, 0x00000000ad000000, 0x00000000ad100000|  0%| F|  |TAMS 0x00000000ad000000, 0x00000000ad000000| Untracked 
| 209|0x00000000ad100000, 0x00000000ad100000, 0x00000000ad200000|  0%| F|  |TAMS 0x00000000ad100000, 0x00000000ad100000| Untracked 
| 210|0x00000000ad200000, 0x00000000ad200000, 0x00000000ad300000|  0%| F|  |TAMS 0x00000000ad200000, 0x00000000ad200000| Untracked 
| 211|0x00000000ad300000, 0x00000000ad300000, 0x00000000ad400000|  0%| F|  |TAMS 0x00000000ad300000, 0x00000000ad300000| Untracked 
| 212|0x00000000ad400000, 0x00000000ad400000, 0x00000000ad500000|  0%| F|  |TAMS 0x00000000ad400000, 0x00000000ad400000| Untracked 
| 213|0x00000000ad500000, 0x00000000ad500000, 0x00000000ad600000|  0%| F|  |TAMS 0x00000000ad500000, 0x00000000ad500000| Untracked 
| 214|0x00000000ad600000, 0x00000000ad600000, 0x00000000ad700000|  0%| F|  |TAMS 0x00000000ad600000, 0x00000000ad600000| Untracked 
| 215|0x00000000ad700000, 0x00000000ad700000, 0x00000000ad800000|  0%| F|  |TAMS 0x00000000ad700000, 0x00000000ad700000| Untracked 
| 216|0x00000000ad800000, 0x00000000ad800000, 0x00000000ad900000|  0%| F|  |TAMS 0x00000000ad800000, 0x00000000ad800000| Untracked 
| 217|0x00000000ad900000, 0x00000000ad900000, 0x00000000ada00000|  0%| F|  |TAMS 0x00000000ad900000, 0x00000000ad900000| Untracked 
| 218|0x00000000ada00000, 0x00000000ada00000, 0x00000000adb00000|  0%| F|  |TAMS 0x00000000ada00000, 0x00000000ada00000| Untracked 
| 219|0x00000000adb00000, 0x00000000adb00000, 0x00000000adc00000|  0%| F|  |TAMS 0x00000000adb00000, 0x00000000adb00000| Untracked 
| 220|0x00000000adc00000, 0x00000000adc00000, 0x00000000add00000|  0%| F|  |TAMS 0x00000000adc00000, 0x00000000adc00000| Untracked 
| 221|0x00000000add00000, 0x00000000add00000, 0x00000000ade00000|  0%| F|  |TAMS 0x00000000add00000, 0x00000000add00000| Untracked 
| 222|0x00000000ade00000, 0x00000000ade00000, 0x00000000adf00000|  0%| F|  |TAMS 0x00000000ade00000, 0x00000000ade00000| Untracked 
| 223|0x00000000adf00000, 0x00000000adf00000, 0x00000000ae000000|  0%| F|  |TAMS 0x00000000adf00000, 0x00000000adf00000| Untracked 
| 224|0x00000000ae000000, 0x00000000ae000000, 0x00000000ae100000|  0%| F|  |TAMS 0x00000000ae000000, 0x00000000ae000000| Untracked 
| 225|0x00000000ae100000, 0x00000000ae100000, 0x00000000ae200000|  0%| F|  |TAMS 0x00000000ae100000, 0x00000000ae100000| Untracked 
| 226|0x00000000ae200000, 0x00000000ae200000, 0x00000000ae300000|  0%| F|  |TAMS 0x00000000ae200000, 0x00000000ae200000| Untracked 
| 227|0x00000000ae300000, 0x00000000ae300000, 0x00000000ae400000|  0%| F|  |TAMS 0x00000000ae300000, 0x00000000ae300000| Untracked 
| 228|0x00000000ae400000, 0x00000000ae400000, 0x00000000ae500000|  0%| F|  |TAMS 0x00000000ae400000, 0x00000000ae400000| Untracked 
| 229|0x00000000ae500000, 0x00000000ae500000, 0x00000000ae600000|  0%| F|  |TAMS 0x00000000ae500000, 0x00000000ae500000| Untracked 
| 230|0x00000000ae600000, 0x00000000ae600000, 0x00000000ae700000|  0%| F|  |TAMS 0x00000000ae600000, 0x00000000ae600000| Untracked 
| 231|0x00000000ae700000, 0x00000000ae700000, 0x00000000ae800000|  0%| F|  |TAMS 0x00000000ae700000, 0x00000000ae700000| Untracked 
| 232|0x00000000ae800000, 0x00000000ae800000, 0x00000000ae900000|  0%| F|  |TAMS 0x00000000ae800000, 0x00000000ae800000| Untracked 
| 233|0x00000000ae900000, 0x00000000ae900000, 0x00000000aea00000|  0%| F|  |TAMS 0x00000000ae900000, 0x00000000ae900000| Untracked 
| 234|0x00000000aea00000, 0x00000000aea00000, 0x00000000aeb00000|  0%| F|  |TAMS 0x00000000aea00000, 0x00000000aea00000| Untracked 
| 235|0x00000000aeb00000, 0x00000000aeb00000, 0x00000000aec00000|  0%| F|  |TAMS 0x00000000aeb00000, 0x00000000aeb00000| Untracked 
| 236|0x00000000aec00000, 0x00000000aec00000, 0x00000000aed00000|  0%| F|  |TAMS 0x00000000aec00000, 0x00000000aec00000| Untracked 
| 237|0x00000000aed00000, 0x00000000aed00000, 0x00000000aee00000|  0%| F|  |TAMS 0x00000000aed00000, 0x00000000aed00000| Untracked 
| 238|0x00000000aee00000, 0x00000000aee00000, 0x00000000aef00000|  0%| F|  |TAMS 0x00000000aee00000, 0x00000000aee00000| Untracked 
| 239|0x00000000aef00000, 0x00000000aef00000, 0x00000000af000000|  0%| F|  |TAMS 0x00000000aef00000, 0x00000000aef00000| Untracked 
| 240|0x00000000af000000, 0x00000000af000000, 0x00000000af100000|  0%| F|  |TAMS 0x00000000af000000, 0x00000000af000000| Untracked 
| 241|0x00000000af100000, 0x00000000af100000, 0x00000000af200000|  0%| F|  |TAMS 0x00000000af100000, 0x00000000af100000| Untracked 
| 242|0x00000000af200000, 0x00000000af200000, 0x00000000af300000|  0%| F|  |TAMS 0x00000000af200000, 0x00000000af200000| Untracked 
| 243|0x00000000af300000, 0x00000000af300000, 0x00000000af400000|  0%| F|  |TAMS 0x00000000af300000, 0x00000000af300000| Untracked 
| 244|0x00000000af400000, 0x00000000af400000, 0x00000000af500000|  0%| F|  |TAMS 0x00000000af400000, 0x00000000af400000| Untracked 
| 245|0x00000000af500000, 0x00000000af500000, 0x00000000af600000|  0%| F|  |TAMS 0x00000000af500000, 0x00000000af500000| Untracked 
| 246|0x00000000af600000, 0x00000000af600000, 0x00000000af700000|  0%| F|  |TAMS 0x00000000af600000, 0x00000000af600000| Untracked 
| 247|0x00000000af700000, 0x00000000af700000, 0x00000000af800000|  0%| F|  |TAMS 0x00000000af700000, 0x00000000af700000| Untracked 
| 248|0x00000000af800000, 0x00000000af800000, 0x00000000af900000|  0%| F|  |TAMS 0x00000000af800000, 0x00000000af800000| Untracked 

Card table byte_map: [0x000001d0c7240000,0x000001d0c7540000] _byte_map_base: 0x000001d0c6d40000

Marking Bits (Prev, Next): (CMBitMap*) 0x000001d0b39a47e0, (CMBitMap*) 0x000001d0b39a47a8
 Prev Bits: [0x000001d0c9040000, 0x000001d0ca840000)
 Next Bits: [0x000001d0c7840000, 0x000001d0c9040000)

Polling page: 0x000001d0b7490000

Metaspace:

Usage:
  Non-class:     81.62 MB capacity,    79.98 MB ( 98%) used,     1.35 MB (  2%) free+waste,   295.69 KB ( <1%) overhead. 
      Class:     12.74 MB capacity,    11.77 MB ( 92%) used,   855.35 KB (  7%) free+waste,   133.50 KB (  1%) overhead. 
       Both:     94.36 MB capacity,    91.75 MB ( 97%) used,     2.19 MB (  2%) free+waste,   429.19 KB ( <1%) overhead. 

Virtual space:
  Non-class space:       82.00 MB reserved,      81.67 MB (>99%) committed 
      Class space:        1.00 GB reserved,      12.78 MB (  1%) committed 
             Both:        1.08 GB reserved,      94.45 MB (  9%) committed 

Chunk freelists:
   Non-Class:  49.00 KB
       Class:  15.00 KB
        Both:  64.00 KB

MaxMetaspaceSize: 17179869184.00 GB
CompressedClassSpaceSize: 1.00 GB
Initial GC threshold: 20.80 MB
Current GC threshold: 145.76 MB
CDS: off

CodeHeap 'non-profiled nmethods': size=120000Kb used=5489Kb max_used=5489Kb free=114510Kb
 bounds [0x000001d0bef80000, 0x000001d0bf4e0000, 0x000001d0c64b0000]
CodeHeap 'profiled nmethods': size=120000Kb used=22823Kb max_used=22823Kb free=97176Kb
 bounds [0x000001d0b7a50000, 0x000001d0b90a0000, 0x000001d0bef80000]
CodeHeap 'non-nmethods': size=5760Kb used=2385Kb max_used=2417Kb free=3374Kb
 bounds [0x000001d0b74b0000, 0x000001d0b7720000, 0x000001d0b7a50000]
 total_blobs=12449 nmethods=11543 adapters=816
 compilation: enabled
              stopped_count=0, restarted_count=0
 full_count=0

Compilation events (20 events):
Event: 26.992 Thread 0x000001d0cd317800 11863       3       com.google.common.collect.SingletonImmutableList::iterator (8 bytes)
Event: 26.992 Thread 0x000001d0cd317800 nmethod 11863 0x000001d0b9091d90 code [0x000001d0b9091f60, 0x000001d0b9092298]
Event: 26.993 Thread 0x000001d0cd317800 11864       3       org.objectweb.asm.SymbolTable::addConstantMemberReference (147 bytes)
Event: 26.993 Thread 0x000001d0cd317800 nmethod 11864 0x000001d0b9092410 code [0x000001d0b90926a0, 0x000001d0b9092fc8]
Event: 26.995 Thread 0x000001d0cd317800 11865       3       com.android.zipflinger.CentralDirectoryRecord::getSize (27 bytes)
Event: 26.995 Thread 0x000001d0cd317800 nmethod 11865 0x000001d0b9093590 code [0x000001d0b9093740, 0x000001d0b90938b8]
Event: 26.996 Thread 0x000001d0cd317800 11866       3       java.nio.ByteBuffer::put (9 bytes)
Event: 26.996 Thread 0x000001d0cd317800 nmethod 11866 0x000001d0b9093990 code [0x000001d0b9093b40, 0x000001d0b9093d08]
Event: 26.996 Thread 0x000001d0cd317800 11867       3       java.nio.HeapByteBuffer::put (59 bytes)
Event: 26.996 Thread 0x000001d0cd317800 nmethod 11867 0x000001d0b9093e10 code [0x000001d0b9094020, 0x000001d0b90945d8]
Event: 26.996 Thread 0x000001d0cd317800 11868       3       com.android.zipflinger.CentralDirectoryRecord::write (234 bytes)
Event: 26.997 Thread 0x000001d0cd317800 nmethod 11868 0x000001d0b9094890 code [0x000001d0b9094c60, 0x000001d0b90965c8]
Event: 26.997 Thread 0x000001d0cd317800 11869       3       com.android.zipflinger.CentralDirectoryRecord::buildExtraField (77 bytes)
Event: 26.997 Thread 0x000001d0cd317800 nmethod 11869 0x000001d0b9096d10 code [0x000001d0b9096f80, 0x000001d0b9097ac8]
Event: 27.001 Thread 0x000001d0cd317800 11872       3       java.io.Writer::append (10 bytes)
Event: 27.002 Thread 0x000001d0cd317800 nmethod 11872 0x000001d0b9097e10 code [0x000001d0b9097fe0, 0x000001d0b9098318]
Event: 27.002 Thread 0x000001d0cd317800 11873       3       java.io.Writer::append (7 bytes)
Event: 27.002 Thread 0x000001d0cd317800 nmethod 11873 0x000001d0b9098410 code [0x000001d0b90985c0, 0x000001d0b9098788]
Event: 27.002 Thread 0x000001d0cd317800 11874       3       com.android.ide.common.symbols.SymbolListWithPackageNameWriter::symbol (51 bytes)
Event: 27.002 Thread 0x000001d0cd317800 nmethod 11874 0x000001d0b9098810 code [0x000001d0b9098b00, 0x000001d0b9099838]

GC Heap History (20 events):
Event: 11.236 GC heap after
{Heap after GC invocations=34 (full 0):
 garbage-first heap   total 114688K, used 64264K [0x00000000a0000000, 0x0000000100000000)
  region size 1024K, 4 young (4096K), 4 survivors (4096K)
 Metaspace       used 72059K, capacity 73820K, committed 74192K, reserved 1114112K
  class space    used 9260K, capacity 9899K, committed 10016K, reserved 1048576K
}
Event: 11.663 GC heap before
{Heap before GC invocations=35 (full 0):
 garbage-first heap   total 114688K, used 91912K [0x00000000a0000000, 0x0000000100000000)
  region size 1024K, 31 young (31744K), 4 survivors (4096K)
 Metaspace       used 75754K, capacity 77531K, committed 77648K, reserved 1116160K
  class space    used 9682K, capacity 10375K, committed 10400K, reserved 1048576K
}
Event: 11.670 GC heap after
{Heap after GC invocations=36 (full 0):
 garbage-first heap   total 114688K, used 66201K [0x00000000a0000000, 0x0000000100000000)
  region size 1024K, 4 young (4096K), 4 survivors (4096K)
 Metaspace       used 75754K, capacity 77531K, committed 77648K, reserved 1116160K
  class space    used 9682K, capacity 10375K, committed 10400K, reserved 1048576K
}
Event: 11.955 GC heap before
{Heap before GC invocations=36 (full 0):
 garbage-first heap   total 114688K, used 93849K [0x00000000a0000000, 0x0000000100000000)
  region size 1024K, 31 young (31744K), 4 survivors (4096K)
 Metaspace       used 77848K, capacity 79778K, committed 80080K, reserved 1118208K
  class space    used 9975K, capacity 10705K, committed 10784K, reserved 1048576K
}
Event: 12.019 GC heap after
{Heap after GC invocations=37 (full 0):
 garbage-first heap   total 138240K, used 68082K [0x00000000a0000000, 0x0000000100000000)
  region size 1024K, 4 young (4096K), 4 survivors (4096K)
 Metaspace       used 77848K, capacity 79778K, committed 80080K, reserved 1118208K
  class space    used 9975K, capacity 10705K, committed 10784K, reserved 1048576K
}
Event: 12.652 GC heap before
{Heap before GC invocations=38 (full 0):
 garbage-first heap   total 138240K, used 104946K [0x00000000a0000000, 0x0000000100000000)
  region size 1024K, 40 young (40960K), 4 survivors (4096K)
 Metaspace       used 81154K, capacity 83020K, committed 83152K, reserved 1122304K
  class space    used 10468K, capacity 11177K, committed 11296K, reserved 1048576K
}
Event: 12.661 GC heap after
{Heap after GC invocations=39 (full 0):
 garbage-first heap   total 138240K, used 70238K [0x00000000a0000000, 0x0000000100000000)
  region size 1024K, 4 young (4096K), 4 survivors (4096K)
 Metaspace       used 81154K, capacity 83020K, committed 83152K, reserved 1122304K
  class space    used 10468K, capacity 11177K, committed 11296K, reserved 1048576K
}
Event: 13.247 GC heap before
{Heap before GC invocations=39 (full 0):
 garbage-first heap   total 138240K, used 106078K [0x00000000a0000000, 0x0000000100000000)
  region size 1024K, 39 young (39936K), 4 survivors (4096K)
 Metaspace       used 84484K, capacity 86632K, committed 86736K, reserved 1124352K
  class space    used 10928K, capacity 11720K, committed 11808K, reserved 1048576K
}
Event: 13.260 GC heap after
{Heap after GC invocations=40 (full 0):
 garbage-first heap   total 138240K, used 72925K [0x00000000a0000000, 0x0000000100000000)
  region size 1024K, 5 young (5120K), 5 survivors (5120K)
 Metaspace       used 84484K, capacity 86632K, committed 86736K, reserved 1124352K
  class space    used 10928K, capacity 11720K, committed 11808K, reserved 1048576K
}
Event: 13.922 GC heap before
{Heap before GC invocations=41 (full 0):
 garbage-first heap   total 138240K, used 108765K [0x00000000a0000000, 0x0000000100000000)
  region size 1024K, 40 young (40960K), 5 survivors (5120K)
 Metaspace       used 86329K, capacity 88797K, committed 89040K, reserved 1126400K
  class space    used 11271K, capacity 12201K, committed 12320K, reserved 1048576K
}
Event: 13.949 GC heap after
{Heap after GC invocations=42 (full 0):
 garbage-first heap   total 138240K, used 75680K [0x00000000a0000000, 0x0000000100000000)
  region size 1024K, 4 young (4096K), 4 survivors (4096K)
 Metaspace       used 86329K, capacity 88797K, committed 89040K, reserved 1126400K
  class space    used 11271K, capacity 12201K, committed 12320K, reserved 1048576K
}
Event: 14.257 GC heap before
{Heap before GC invocations=42 (full 0):
 garbage-first heap   total 138240K, used 109472K [0x00000000a0000000, 0x0000000100000000)
  region size 1024K, 38 young (38912K), 4 survivors (4096K)
 Metaspace       used 86611K, capacity 89098K, committed 89296K, reserved 1126400K
  class space    used 11276K, capacity 12207K, committed 12320K, reserved 1048576K
}
Event: 14.274 GC heap after
{Heap after GC invocations=43 (full 0):
 garbage-first heap   total 254976K, used 77618K [0x00000000a0000000, 0x0000000100000000)
  region size 1024K, 2 young (2048K), 2 survivors (2048K)
 Metaspace       used 86611K, capacity 89098K, committed 89296K, reserved 1126400K
  class space    used 11276K, capacity 12207K, committed 12320K, reserved 1048576K
}
Event: 15.713 GC heap before
{Heap before GC invocations=44 (full 0):
 garbage-first heap   total 254976K, used 165682K [0x00000000a0000000, 0x0000000100000000)
  region size 1024K, 87 young (89088K), 2 survivors (2048K)
 Metaspace       used 86924K, capacity 89469K, committed 89808K, reserved 1126400K
  class space    used 11287K, capacity 12211K, committed 12320K, reserved 1048576K
}
Event: 15.794 GC heap after
{Heap after GC invocations=45 (full 0):
 garbage-first heap   total 254976K, used 84638K [0x00000000a0000000, 0x0000000100000000)
  region size 1024K, 9 young (9216K), 9 survivors (9216K)
 Metaspace       used 86924K, capacity 89469K, committed 89808K, reserved 1126400K
  class space    used 11287K, capacity 12211K, committed 12320K, reserved 1048576K
}
Event: 17.673 GC heap before
{Heap before GC invocations=45 (full 0):
 garbage-first heap   total 254976K, used 178846K [0x00000000a0000000, 0x0000000100000000)
  region size 1024K, 102 young (104448K), 9 survivors (9216K)
 Metaspace       used 88827K, capacity 91448K, committed 91472K, reserved 1128448K
  class space    used 11443K, capacity 12425K, committed 12448K, reserved 1048576K
}
Event: 17.758 GC heap after
{Heap after GC invocations=46 (full 0):
 garbage-first heap   total 254976K, used 91307K [0x00000000a0000000, 0x0000000100000000)
  region size 1024K, 10 young (10240K), 10 survivors (10240K)
 Metaspace       used 88827K, capacity 91448K, committed 91472K, reserved 1128448K
  class space    used 11443K, capacity 12425K, committed 12448K, reserved 1048576K
}
Event: 19.361 GC heap before
{Heap before GC invocations=46 (full 0):
 garbage-first heap   total 254976K, used 187563K [0x00000000a0000000, 0x0000000100000000)
  region size 1024K, 105 young (107520K), 10 survivors (10240K)
 Metaspace       used 90599K, capacity 93162K, committed 93264K, reserved 1130496K
  class space    used 11680K, capacity 12652K, committed 12704K, reserved 1048576K
}
Event: 19.420 GC heap after
{Heap after GC invocations=47 (full 0):
 garbage-first heap   total 254976K, used 95899K [0x00000000a0000000, 0x0000000100000000)
  region size 1024K, 5 young (5120K), 5 survivors (5120K)
 Metaspace       used 90599K, capacity 93162K, committed 93264K, reserved 1130496K
  class space    used 11680K, capacity 12652K, committed 12704K, reserved 1048576K
}
Event: 27.010 GC heap before
{Heap before GC invocations=47 (full 0):
 garbage-first heap   total 254976K, used 202395K [0x00000000a0000000, 0x0000000100000000)
  region size 1024K, 110 young (112640K), 5 survivors (5120K)
 Metaspace       used 93954K, capacity 96624K, committed 96720K, reserved 1132544K
  class space    used 12052K, capacity 13041K, committed 13088K, reserved 1048576K
}

Deoptimization events (20 events):
Event: 27.003 Thread 0x000001d0d46f2000 DEOPT PACKING pc=0x000001d0b8f9b1a7 sp=0x0000006e080fd070
Event: 27.003 Thread 0x000001d0d46f2000 DEOPT UNPACKING pc=0x000001d0b74fa95e sp=0x0000006e080fc600 mode 0
Event: 27.004 Thread 0x000001d0d46f2000 DEOPT PACKING pc=0x000001d0b8f9b1a7 sp=0x0000006e080fd070
Event: 27.004 Thread 0x000001d0d46f2000 DEOPT UNPACKING pc=0x000001d0b74fa95e sp=0x0000006e080fc600 mode 0
Event: 27.004 Thread 0x000001d0d46f2000 DEOPT PACKING pc=0x000001d0b8f9b1a7 sp=0x0000006e080fd070
Event: 27.004 Thread 0x000001d0d46f2000 DEOPT UNPACKING pc=0x000001d0b74fa95e sp=0x0000006e080fc600 mode 0
Event: 27.005 Thread 0x000001d0d46f2000 DEOPT PACKING pc=0x000001d0b8f9b1a7 sp=0x0000006e080fd070
Event: 27.005 Thread 0x000001d0d46f2000 DEOPT UNPACKING pc=0x000001d0b74fa95e sp=0x0000006e080fc600 mode 0
Event: 27.005 Thread 0x000001d0d46f2000 DEOPT PACKING pc=0x000001d0b8f9b1a7 sp=0x0000006e080fd070
Event: 27.005 Thread 0x000001d0d46f2000 DEOPT UNPACKING pc=0x000001d0b74fa95e sp=0x0000006e080fc600 mode 0
Event: 27.006 Thread 0x000001d0d46f2000 DEOPT PACKING pc=0x000001d0b8f9b1a7 sp=0x0000006e080fd070
Event: 27.006 Thread 0x000001d0d46f2000 DEOPT UNPACKING pc=0x000001d0b74fa95e sp=0x0000006e080fc600 mode 0
Event: 27.006 Thread 0x000001d0d46f2000 DEOPT PACKING pc=0x000001d0b8f9b1a7 sp=0x0000006e080fd070
Event: 27.006 Thread 0x000001d0d46f2000 DEOPT UNPACKING pc=0x000001d0b74fa95e sp=0x0000006e080fc600 mode 0
Event: 27.008 Thread 0x000001d0d46f2000 DEOPT PACKING pc=0x000001d0b8f9b1a7 sp=0x0000006e080fd070
Event: 27.008 Thread 0x000001d0d46f2000 DEOPT UNPACKING pc=0x000001d0b74fa95e sp=0x0000006e080fc600 mode 0
Event: 27.008 Thread 0x000001d0d46f2000 DEOPT PACKING pc=0x000001d0b8f9b1a7 sp=0x0000006e080fd070
Event: 27.008 Thread 0x000001d0d46f2000 DEOPT UNPACKING pc=0x000001d0b74fa95e sp=0x0000006e080fc600 mode 0
Event: 27.009 Thread 0x000001d0d46f2000 DEOPT PACKING pc=0x000001d0b8f9b1a7 sp=0x0000006e080fd070
Event: 27.009 Thread 0x000001d0d46f2000 DEOPT UNPACKING pc=0x000001d0b74fa95e sp=0x0000006e080fc600 mode 0

Classes redefined (0 events):
No events

Internal exceptions (20 events):
Event: 16.633 Thread 0x000001d0d46f0800 Exception <a 'java/lang/NoSuchMethodError'{0x00000000acc24660}: <clinit>> (0x00000000acc24660) thrown at [./src/hotspot/share/prims/jni.cpp, line 1366]
Event: 16.633 Thread 0x000001d0d46f0800 Exception <a 'java/lang/NoSuchMethodError'{0x00000000acc27260}: <clinit>> (0x00000000acc27260) thrown at [./src/hotspot/share/prims/jni.cpp, line 1366]
Event: 16.636 Thread 0x000001d0d46f0800 Exception <a 'java/lang/NoSuchMethodError'{0x00000000acc3e2d8}: <clinit>> (0x00000000acc3e2d8) thrown at [./src/hotspot/share/prims/jni.cpp, line 1366]
Event: 16.636 Thread 0x000001d0d46f0800 Exception <a 'java/lang/NoSuchMethodError'{0x00000000acc3f510}: <clinit>> (0x00000000acc3f510) thrown at [./src/hotspot/share/prims/jni.cpp, line 1366]
Event: 17.431 Thread 0x000001d0d46f0800 Exception <a 'java/lang/NoSuchMethodError'{0x00000000aaa62e70}: <clinit>> (0x00000000aaa62e70) thrown at [./src/hotspot/share/prims/jni.cpp, line 1366]
Event: 17.438 Thread 0x000001d0d46f0800 Exception <a 'java/lang/NoSuchMethodError'{0x00000000aaa97058}: <clinit>> (0x00000000aaa97058) thrown at [./src/hotspot/share/prims/jni.cpp, line 1366]
Event: 17.443 Thread 0x000001d0d46f0800 Exception <a 'java/lang/NoSuchMethodError'{0x00000000aaaccde0}: <clinit>> (0x00000000aaaccde0) thrown at [./src/hotspot/share/prims/jni.cpp, line 1366]
Event: 17.444 Thread 0x000001d0d46f0800 Exception <a 'java/lang/NoSuchMethodError'{0x00000000aaadfb28}: <clinit>> (0x00000000aaadfb28) thrown at [./src/hotspot/share/prims/jni.cpp, line 1366]
Event: 17.488 Thread 0x000001d0d46f2000 Implicit null exception at 0x000001d0bf405558 to 0x000001d0bf40d66c
Event: 19.115 Thread 0x000001d0cef73000 Implicit null exception at 0x000001d0bf42ab86 to 0x000001d0bf42acd8
Event: 22.210 Thread 0x000001d0d46f2000 Exception <a 'java/lang/NoSuchMethodError'{0x00000000ad617d10}: 'void java.lang.invoke.DirectMethodHandle$Holder.invokeStatic(java.lang.Object, long)'> (0x00000000ad617d10) thrown at [./src/hotspot/share/interpreter/linkResolver.cpp, line 773]
Event: 22.215 Thread 0x000001d0d46f2000 Exception <a 'java/lang/NoSuchMethodError'{0x00000000ad61d1d0}: 'java.lang.Object java.lang.invoke.DirectMethodHandle$Holder.invokeStatic(java.lang.Object, long)'> (0x00000000ad61d1d0) thrown at [./src/hotspot/share/interpreter/linkResolver.cpp, line 773]
Event: 22.219 Thread 0x000001d0d46f2000 Exception <a 'java/lang/NoSuchMethodError'{0x00000000ad62b538}: 'java.lang.Object java.lang.invoke.DirectMethodHandle$Holder.invokeStaticInit(java.lang.Object, java.lang.Object, long, java.lang.Object)'> (0x00000000ad62b538) thrown at [./src/hotspot/share/interpreter/linkResolver.cpp, line 773]
Event: 22.220 Thread 0x000001d0d46f2000 Exception <a 'java/lang/NoSuchMethodError'{0x00000000ad6316d0}: 'java.lang.Object java.lang.invoke.DirectMethodHandle$Holder.invokeStatic(java.lang.Object, java.lang.Object, long)'> (0x00000000ad6316d0) thrown at [./src/hotspot/share/interpreter/linkResolver.cpp, line 773]
Event: 22.220 Thread 0x000001d0d46f2000 Exception <a 'java/lang/NoSuchMethodError'{0x00000000ad637c48}: 'java.lang.Object java.lang.invoke.Invokers$Holder.linkToTargetMethod(java.lang.Object, long, java.lang.Object)'> (0x00000000ad637c48) thrown at [./src/hotspot/share/interpreter/linkResolver.cpp, line 773]
Event: 22.637 Thread 0x000001d0d46f2000 Exception <a 'java/lang/NoSuchMethodError'{0x00000000ad4a4120}: 'int java.lang.invoke.DirectMethodHandle$Holder.invokeSpecialIFC(java.lang.Object, java.lang.Object, java.lang.Object)'> (0x00000000ad4a4120) thrown at [./src/hotspot/share/interpreter/linkResolver.cpp, line 773]
Event: 26.791 Thread 0x000001d0d46f2000 Exception <a 'sun/nio/fs/WindowsException'{0x00000000aa9029a0}> (0x00000000aa9029a0) thrown at [./src/hotspot/share/prims/jni.cpp, line 616]
Event: 26.794 Thread 0x000001d0d46f2000 Exception <a 'sun/nio/fs/WindowsException'{0x00000000aa9263d8}> (0x00000000aa9263d8) thrown at [./src/hotspot/share/prims/jni.cpp, line 616]
Event: 26.794 Thread 0x000001d0d46f2000 Exception <a 'sun/nio/fs/WindowsException'{0x00000000aa9264c0}> (0x00000000aa9264c0) thrown at [./src/hotspot/share/prims/jni.cpp, line 616]
Event: 26.807 Thread 0x000001d0d46f2000 Implicit null exception at 0x000001d0bf4c1a5e to 0x000001d0bf4c1bac

Events (20 events):
Event: 26.811 loading class com/android/zipflinger/StreamSource done
Event: 26.812 loading class com/android/zipflinger/LargeFileSource
Event: 26.812 loading class com/android/zipflinger/LargeFileSource done
Event: 26.813 loading class com/android/zipflinger/BytesSource
Event: 26.813 loading class com/android/zipflinger/BytesSource done
Event: 26.814 loading class com/android/zipflinger/Ints
Event: 26.814 loading class com/android/zipflinger/Ints done
Event: 26.816 loading class com/android/zipflinger/LocalFileHeader
Event: 26.816 loading class com/android/zipflinger/LocalFileHeader done
Event: 26.818 loading class com/android/zipflinger/CentralDirectoryRecord
Event: 26.818 loading class com/android/zipflinger/CentralDirectoryRecord done
Event: 26.842 Executing VM operation: ICBufferFull
Event: 26.842 Executing VM operation: ICBufferFull done
Event: 26.997 loading class com/android/zipflinger/Zip64
Event: 26.997 loading class com/android/zipflinger/Zip64 done
Event: 26.998 loading class com/android/zipflinger/EndOfCentralDirectory
Event: 26.998 loading class com/android/zipflinger/EndOfCentralDirectory done
Event: 26.999 loading class com/android/ide/common/symbols/SymbolListWithPackageNameWriter
Event: 26.999 loading class com/android/ide/common/symbols/SymbolListWithPackageNameWriter done
Event: 27.009 Executing VM operation: G1CollectForAllocation


Dynamic libraries:
0x00007ff700120000 - 0x00007ff70012a000 	C:\Program Files\Android\Android Studio\jre\bin\java.exe
0x00007ffe87150000 - 0x00007ffe87345000 	C:\Windows\SYSTEM32\ntdll.dll
0x00007ffe85950000 - 0x00007ffe85a0e000 	C:\Windows\System32\KERNEL32.DLL
0x00007ffe84ed0000 - 0x00007ffe85199000 	C:\Windows\System32\KERNELBASE.dll
0x00007ffe84bc0000 - 0x00007ffe84cc0000 	C:\Windows\System32\ucrtbase.dll
0x00007ffe7ff30000 - 0x00007ffe7ff49000 	C:\Program Files\Android\Android Studio\jre\bin\jli.dll
0x00007ffe71af0000 - 0x00007ffe71b07000 	C:\Program Files\Android\Android Studio\jre\bin\VCRUNTIME140.dll
0x00007ffe865e0000 - 0x00007ffe86781000 	C:\Windows\System32\USER32.dll
0x00007ffe848d0000 - 0x00007ffe848f2000 	C:\Windows\System32\win32u.dll
0x00007ffe86360000 - 0x00007ffe8638b000 	C:\Windows\System32\GDI32.dll
0x00007ffe84ab0000 - 0x00007ffe84bbb000 	C:\Windows\System32\gdi32full.dll
0x00007ffe849e0000 - 0x00007ffe84a7d000 	C:\Windows\System32\msvcp_win.dll
0x00007ffe715d0000 - 0x00007ffe7186a000 	C:\Windows\WinSxS\amd64_microsoft.windows.common-controls_6595b64144ccf1df_6.0.19041.1110_none_60b5254171f9507e\COMCTL32.dll
0x00007ffe85ea0000 - 0x00007ffe85f3e000 	C:\Windows\System32\msvcrt.dll
0x00007ffe85a10000 - 0x00007ffe85a40000 	C:\Windows\System32\IMM32.DLL
0x00007ffe4ec20000 - 0x00007ffe4ecbd000 	C:\Program Files\Android\Android Studio\jre\bin\msvcp140.dll
0x00007ffe33a80000 - 0x00007ffe34582000 	C:\Program Files\Android\Android Studio\jre\bin\server\jvm.dll
0x00007ffe85bf0000 - 0x00007ffe85c9c000 	C:\Windows\System32\ADVAPI32.dll
0x00007ffe85620000 - 0x00007ffe856bb000 	C:\Windows\System32\sechost.dll
0x00007ffe85a40000 - 0x00007ffe85b6a000 	C:\Windows\System32\RPCRT4.dll
0x00007ffe85800000 - 0x00007ffe85808000 	C:\Windows\System32\PSAPI.DLL
0x00007ffe774c0000 - 0x00007ffe774e7000 	C:\Windows\SYSTEM32\WINMM.dll
0x00007ffe7b940000 - 0x00007ffe7b949000 	C:\Windows\SYSTEM32\WSOCK32.dll
0x00007ffe7f7c0000 - 0x00007ffe7f7ca000 	C:\Windows\SYSTEM32\VERSION.dll
0x00007ffe86940000 - 0x00007ffe869ab000 	C:\Windows\System32\WS2_32.dll
0x00007ffe82790000 - 0x00007ffe827a2000 	C:\Windows\SYSTEM32\kernel.appcore.dll
0x00007ffe71ab0000 - 0x00007ffe71ac1000 	C:\Program Files\Android\Android Studio\jre\bin\verify.dll
0x00007ffe6b130000 - 0x00007ffe6b314000 	C:\Windows\SYSTEM32\DBGHELP.DLL
0x00007ffe6b0f0000 - 0x00007ffe6b11c000 	C:\Windows\SYSTEM32\dbgcore.DLL
0x00007ffe84900000 - 0x00007ffe84983000 	C:\Windows\System32\bcryptPrimitives.dll
0x00007ffe71a80000 - 0x00007ffe71aa9000 	C:\Program Files\Android\Android Studio\jre\bin\java.dll
0x00007ffe7b930000 - 0x00007ffe7b93b000 	C:\Program Files\Android\Android Studio\jre\bin\jimage.dll
0x00007ffe71a60000 - 0x00007ffe71a78000 	C:\Program Files\Android\Android Studio\jre\bin\zip.dll
0x00007ffe869d0000 - 0x00007ffe8710f000 	C:\Windows\System32\SHELL32.dll
0x00007ffe82990000 - 0x00007ffe83120000 	C:\Windows\SYSTEM32\windows.storage.dll
0x00007ffe86000000 - 0x00007ffe86355000 	C:\Windows\System32\combase.dll
0x00007ffe84250000 - 0x00007ffe8427c000 	C:\Windows\SYSTEM32\Wldp.dll
0x00007ffe856c0000 - 0x00007ffe8576d000 	C:\Windows\System32\SHCORE.dll
0x00007ffe858f0000 - 0x00007ffe85945000 	C:\Windows\System32\shlwapi.dll
0x00007ffe847b0000 - 0x00007ffe847cf000 	C:\Windows\SYSTEM32\profapi.dll
0x00007ffe71a00000 - 0x00007ffe71a1a000 	C:\Program Files\Android\Android Studio\jre\bin\net.dll
0x00007ffe774f0000 - 0x00007ffe775f8000 	C:\Windows\SYSTEM32\WINHTTP.dll
0x00007ffe83f50000 - 0x00007ffe83fba000 	C:\Windows\system32\mswsock.dll
0x00007ffe63ab0000 - 0x00007ffe63ac4000 	C:\Program Files\Android\Android Studio\jre\bin\nio.dll
0x00007ffe6d600000 - 0x00007ffe6d627000 	C:\Users\shweta android\.gradle\native\e1d6ef7f7dcc3fd88c89a11ec53ec762bb8ba0a96d01ffa2cd45eb1d1d8dd5c5\windows-amd64\native-platform.dll
0x00007ffe2f150000 - 0x00007ffe2f294000 	C:\Users\shweta android\.gradle\native\0d407fdbe67a94daf76414ababcb853783967236a71b16ec16e742cd7a986fd3\windows-amd64\native-platform-file-events.dll
0x00007ffe719f0000 - 0x00007ffe719fa000 	C:\Program Files\Android\Android Studio\jre\bin\management.dll
0x00007ffe71980000 - 0x00007ffe7198d000 	C:\Program Files\Android\Android Studio\jre\bin\management_ext.dll
0x00007ffe84140000 - 0x00007ffe84158000 	C:\Windows\SYSTEM32\CRYPTSP.dll
0x00007ffe838d0000 - 0x00007ffe83904000 	C:\Windows\system32\rsaenh.dll
0x00007ffe84a80000 - 0x00007ffe84aa7000 	C:\Windows\System32\bcrypt.dll
0x00007ffe84770000 - 0x00007ffe8479e000 	C:\Windows\SYSTEM32\USERENV.dll
0x00007ffe84160000 - 0x00007ffe8416c000 	C:\Windows\SYSTEM32\CRYPTBASE.dll
0x00007ffe83c40000 - 0x00007ffe83c7b000 	C:\Windows\SYSTEM32\IPHLPAPI.DLL
0x00007ffe85be0000 - 0x00007ffe85be8000 	C:\Windows\System32\NSI.dll
0x00007ffe7e7f0000 - 0x00007ffe7e807000 	C:\Windows\SYSTEM32\dhcpcsvc6.DLL
0x00007ffe7f7d0000 - 0x00007ffe7f7ed000 	C:\Windows\SYSTEM32\dhcpcsvc.DLL
0x00007ffe83c80000 - 0x00007ffe83d4c000 	C:\Windows\SYSTEM32\DNSAPI.dll

dbghelp: loaded successfully - version: 4.0.5 - missing functions: none
symbol engine: initialized successfully - sym options: 0x614 - pdb path: .;C:\Program Files\Android\Android Studio\jre\bin;C:\Windows\SYSTEM32;C:\Windows\WinSxS\amd64_microsoft.windows.common-controls_6595b64144ccf1df_6.0.19041.1110_none_60b5254171f9507e;C:\Program Files\Android\Android Studio\jre\bin\server;C:\Users\shweta android\.gradle\native\e1d6ef7f7dcc3fd88c89a11ec53ec762bb8ba0a96d01ffa2cd45eb1d1d8dd5c5\windows-amd64;C:\Users\shweta android\.gradle\native\0d407fdbe67a94daf76414ababcb853783967236a71b16ec16e742cd7a986fd3\windows-amd64

VM Arguments:
jvm_args: --add-opens=java.base/java.util=ALL-UNNAMED --add-opens=java.base/java.lang=ALL-UNNAMED --add-opens=java.base/java.lang.invoke=ALL-UNNAMED --add-opens=java.base/java.util=ALL-UNNAMED --add-opens=java.prefs/java.util.prefs=ALL-UNNAMED --add-opens=java.prefs/java.util.prefs=ALL-UNNAMED --add-opens=java.base/java.nio.charset=ALL-UNNAMED --add-opens=java.base/java.net=ALL-UNNAMED --add-opens=java.base/java.util.concurrent.atomic=ALL-UNNAMED -Xmx1536m -Dfile.encoding=windows-1252 -Duser.country=US -Duser.language=en -Duser.variant 
java_command: org.gradle.launcher.daemon.bootstrap.GradleDaemon 7.4
java_class_path (initial): C:\Users\shweta android\.gradle\wrapper\dists\gradle-7.4-bin\c0gwcg53nkjbqw7r0h0umtfvt\gradle-7.4\lib\gradle-launcher-7.4.jar
Launcher Type: SUN_STANDARD

[Global flags]
     intx CICompilerCount                          = 4                                         {product} {ergonomic}
     uint ConcGCThreads                            = 2                                         {product} {ergonomic}
     uint G1ConcRefinementThreads                  = 8                                         {product} {ergonomic}
   size_t G1HeapRegionSize                         = 1048576                                   {product} {ergonomic}
    uintx GCDrainStackTargetSize                   = 64                                        {product} {ergonomic}
   size_t InitialHeapSize                          = 67108864                                  {product} {ergonomic}
   size_t MarkStackSize                            = 4194304                                   {product} {ergonomic}
   size_t MaxHeapSize                              = 1610612736                                {product} {command line}
   size_t MaxNewSize                               = 965738496                                 {product} {ergonomic}
   size_t MinHeapDeltaBytes                        = 1048576                                   {product} {ergonomic}
    uintx NonNMethodCodeHeapSize                   = 5836300                                {pd product} {ergonomic}
    uintx NonProfiledCodeHeapSize                  = 122910970                              {pd product} {ergonomic}
    uintx ProfiledCodeHeapSize                     = 122910970                              {pd product} {ergonomic}
    uintx ReservedCodeCacheSize                    = 251658240                              {pd product} {ergonomic}
     bool SegmentedCodeCache                       = true                                      {product} {ergonomic}
     bool UseCompressedClassPointers               = true                                 {lp64_product} {ergonomic}
     bool UseCompressedOops                        = true                                 {lp64_product} {ergonomic}
     bool UseG1GC                                  = true                                      {product} {ergonomic}
     bool UseLargePagesIndividualAllocation        = false                                  {pd product} {ergonomic}

Logging:
Log output configuration:
 #0: stdout all=warning uptime,level,tags
 #1: stderr all=off uptime,level,tags

Environment Variables:
PATH=C:\Windows\system32;C:\Windows;C:\Windows\System32\Wbem;C:\Windows\System32\WindowsPowerShell\v1.0\;C:\Windows\System32\OpenSSH\;C:\Program Files\Git\cmd;C:\Users\shweta android\AppData\Local\Microsoft\WindowsApps;;D:\program files\Microsoft VS Code\bin
USERNAME=shweta android
OS=Windows_NT
PROCESSOR_IDENTIFIER=Intel64 Family 6 Model 60 Stepping 3, GenuineIntel



---------------  S Y S T E M  ---------------

OS: Windows 10 , 64 bit Build 19041 (10.0.19041.1202)
OS uptime: 0 days 6:05 hours

CPU:total 8 (initial active 8) (4 cores per cpu, 2 threads per core) family 6 model 60 stepping 3 microcode 0x27, cmov, cx8, fxsr, mmx, sse, sse2, sse3, ssse3, sse4.1, sse4.2, popcnt, avx, avx2, aes, clmul, erms, lzcnt, ht, tsc, tscinvbit, bmi1, bmi2, fma

Memory: 4k page, system-wide physical 4007M (68M free)
TotalPageFile size 10179M (AvailPageFile size 119M)
current process WorkingSet (physical memory assigned to process): 235M, peak: 294M
current process commit charge ("private bytes"): 539M, peak: 746M

vm_info: OpenJDK 64-Bit Server VM (11.0.13+0-b1751.21-8125866) for windows-amd64 JRE (11.0.13+0-b1751.21-8125866), built on Feb  2 2022 03:00:22 by "builder" with MS VC++ 14.0 (VS2015)

END.
