#
# There is insufficient memory for the Java Runtime Environment to continue.
# Native memory allocation (mmap) failed to map 19922944 bytes for Failed to commit area from 0x00000000a5d00000 to 0x00000000a7000000 of length 19922944.
# Possible reasons:
#   The system is out of physical RAM or swap space
#   The process is running with CompressedOops enabled, and the Java Heap may be blocking the growth of the native heap
# Possible solutions:
#   Reduce memory load on the system
#   Increase physical memory or swap space
#   Check if swap backing store is full
#   Decrease Java heap size (-Xmx/-Xms)
#   Decrease number of Java threads
#   Decrease Java thread stack sizes (-Xss)
#   Set larger code cache with -XX:ReservedCodeCacheSize=
#   JVM is running with Unscaled Compressed Oops mode in which the Java heap is
#     placed in the first 4GB address space. The Java Heap base address is the
#     maximum limit for the native heap growth. Please use -XX:HeapBaseMinAddress
#     to set the Java Heap base and to place the Java Heap above 4GB virtual address.
# This output file may be truncated or incomplete.
#
#  Out of Memory Error (./src/hotspot/os/windows/os_windows.cpp:3619), pid=29008, tid=9532
#
# JRE version: OpenJDK Runtime Environment (11.0.13) (build 11.0.13+0-b1751.21-8125866)
# Java VM: OpenJDK 64-Bit Server VM (11.0.13+0-b1751.21-8125866, mixed mode, tiered, compressed oops, g1 gc, windows-amd64)
# No core dump will be written. Minidumps are not enabled by default on client versions of Windows
#

---------------  S U M M A R Y ------------

Command Line: --add-opens=java.base/java.util=ALL-UNNAMED --add-opens=java.base/java.lang=ALL-UNNAMED --add-opens=java.base/java.lang.invoke=ALL-UNNAMED --add-opens=java.base/java.util=ALL-UNNAMED --add-opens=java.prefs/java.util.prefs=ALL-UNNAMED --add-opens=java.prefs/java.util.prefs=ALL-UNNAMED --add-opens=java.base/java.nio.charset=ALL-UNNAMED --add-opens=java.base/java.net=ALL-UNNAMED --add-opens=java.base/java.util.concurrent.atomic=ALL-UNNAMED -Xmx1536m -Dfile.encoding=windows-1252 -Duser.country=US -Duser.language=en -Duser.variant org.gradle.launcher.daemon.bootstrap.GradleDaemon 7.4

Host: Intel(R) Core(TM) i7-4770 CPU @ 3.40GHz, 8 cores, 3G,  Windows 10 , 64 bit Build 19041 (10.0.19041.1202)
Time: Fri Nov 25 15:54:33 2022 India Standard Time elapsed time: 10.438024 seconds (0d 0h 0m 10s)

---------------  T H R E A D  ---------------

Current thread (0x000002d825690000):  VMThread "VM Thread" [stack: 0x000000f19ba00000,0x000000f19bb00000] [id=9532]

Stack: [0x000000f19ba00000,0x000000f19bb00000]
[error occurred during error reporting (printing stack bounds), id 0xc0000005, EXCEPTION_ACCESS_VIOLATION (0xc0000005) at pc=0x000002d80f8e112d]

Native frames: (J=compiled Java code, j=interpreted, Vv=VM code, C=native code)
V  [jvm.dll+0x6100fa]
V  [jvm.dll+0x747090]
V  [jvm.dll+0x7486ad]
V  [jvm.dll+0x748ce5]
V  [jvm.dll+0x748c9b]
V  [jvm.dll+0x60f224]
V  [jvm.dll+0x60f9b8]
C  [ntdll.dll+0xa20cf]
C  [ntdll.dll+0x51454]
C  [ntdll.dll+0xa0bfe]
C  0x000002d80f8e112d

VM_Operation (0x000000f19ccf6200): G1CollectForAllocation, mode: safepoint, requested by thread 0x000002d827bd4800


---------------  P R O C E S S  ---------------

Threads class SMR info:
_java_thread_list=0x000002d82d1ae130, length=122, elements={
0x000002d80a5db000, 0x000002d8256b5800, 0x000002d8256b6800, 0x000002d826031800,
0x000002d826032800, 0x000002d826034000, 0x000002d826037000, 0x000002d826040000,
0x000002d825721000, 0x000002d826195800, 0x000002d828188000, 0x000002d82743e800,
0x000002d827982000, 0x000002d827871000, 0x000002d8276c0800, 0x000002d82775f800,
0x000002d827bd4800, 0x000002d827e8e000, 0x000002d828013000, 0x000002d827e38800,
0x000002d827eb6800, 0x000002d827eb7000, 0x000002d827ebb000, 0x000002d827eba800,
0x000002d827eb8000, 0x000002d827eb5800, 0x000002d827eb8800, 0x000002d827eb9800,
0x000002d827ebc000, 0x000002d8268c2800, 0x000002d8268c1000, 0x000002d8268c7800,
0x000002d8268c3800, 0x000002d8268c1800, 0x000002d8268c5000, 0x000002d8268ca000,
0x000002d8268c6800, 0x000002d8268c8000, 0x000002d8268c9000, 0x000002d8268c4000,
0x000002d8268ca800, 0x000002d8268cf000, 0x000002d8268cb800, 0x000002d8268cc800,
0x000002d8268cd000, 0x000002d8268cf800, 0x000002d8268ce000, 0x000002d82a091000,
0x000002d82a094800, 0x000002d82a092000, 0x000002d82a096000, 0x000002d82a093000,
0x000002d82a095800, 0x000002d82a097800, 0x000002d82a097000, 0x000002d82a093800,
0x000002d82a098800, 0x000002d82a09c000, 0x000002d82a09c800, 0x000002d82a099800,
0x000002d82a0a0000, 0x000002d82a09f000, 0x000002d82a09d800, 0x000002d82a09e000,
0x000002d82a09a000, 0x000002d82a09b000, 0x000002d82c801000, 0x000002d82c804800,
0x000002d82c803800, 0x000002d82c802000, 0x000002d82c805000, 0x000002d82c806000,
0x000002d82c800000, 0x000002d82c807000, 0x000002d82c807800, 0x000002d82c808800,
0x000002d82c802800, 0x000002d82c809000, 0x000002d82c80f000, 0x000002d82c80a000,
0x000002d82c80b000, 0x000002d82c80d800, 0x000002d82c80b800, 0x000002d82c80c800,
0x000002d82c80e000, 0x000002d82a399800, 0x000002d82a397000, 0x000002d82a39b800,
0x000002d82a39c000, 0x000002d82a39a800, 0x000002d82a39d000, 0x000002d82a39d800,
0x000002d82a398000, 0x000002d82a39e800, 0x000002d82a399000, 0x000002d82a3a5000,
0x000002d82a39f800, 0x000002d82a3a0000, 0x000002d82a3a6000, 0x000002d82a3a2000,
0x000002d82a3a1000, 0x000002d82a3a2800, 0x000002d82a3a4000, 0x000002d82a3a3800,
0x000002d82a3ba800, 0x000002d82a3bb800, 0x000002d82a3bc000, 0x000002d82a3b9000,
0x000002d82a3bd000, 0x000002d82a3b7000, 0x000002d82a3b9800, 0x000002d82a3bd800,
0x000002d82a3b8000, 0x000002d82a3c0000, 0x000002d82a3bf800, 0x000002d82a3c1000,
0x000002d82a3c3800, 0x000002d82a3c4000, 0x000002d82a3c2000, 0x000002d82a3c2800,
0x000002d82a3be800, 0x000002d82a3c6000
}

Java Threads: ( => current thread )
  0x000002d80a5db000 JavaThread "main" [_thread_blocked, id=21580, stack(0x000000f19b400000,0x000000f19b500000)]
  0x000002d8256b5800 JavaThread "Reference Handler" daemon [_thread_blocked, id=27676, stack(0x000000f19bb00000,0x000000f19bc00000)]
  0x000002d8256b6800 JavaThread "Finalizer" daemon [_thread_blocked, id=27948, stack(0x000000f19bc00000,0x000000f19bd00000)]
  0x000002d826031800 JavaThread "Signal Dispatcher" daemon [_thread_blocked, id=13612, stack(0x000000f19bd00000,0x000000f19be00000)]
  0x000002d826032800 JavaThread "Attach Listener" daemon [_thread_blocked, id=12884, stack(0x000000f19be00000,0x000000f19bf00000)]
  0x000002d826034000 JavaThread "Service Thread" daemon [_thread_blocked, id=15116, stack(0x000000f19bf00000,0x000000f19c000000)]
  0x000002d826037000 JavaThread "C2 CompilerThread0" daemon [_thread_blocked, id=13064, stack(0x000000f19c000000,0x000000f19c100000)]
  0x000002d826040000 JavaThread "C1 CompilerThread0" daemon [_thread_blocked, id=7788, stack(0x000000f19c100000,0x000000f19c200000)]
  0x000002d825721000 JavaThread "Sweeper thread" daemon [_thread_blocked, id=17152, stack(0x000000f19c200000,0x000000f19c300000)]
  0x000002d826195800 JavaThread "Common-Cleaner" daemon [_thread_blocked, id=9540, stack(0x000000f19c300000,0x000000f19c400000)]
  0x000002d828188000 JavaThread "Daemon health stats" [_thread_blocked, id=27744, stack(0x000000f19c600000,0x000000f19c700000)]
  0x000002d82743e800 JavaThread "Incoming local TCP Connector on port 59933" [_thread_in_native, id=8528, stack(0x000000f19c700000,0x000000f19c800000)]
  0x000002d827982000 JavaThread "Daemon periodic checks" [_thread_blocked, id=23612, stack(0x000000f19c800000,0x000000f19c900000)]
  0x000002d827871000 JavaThread "Daemon" [_thread_blocked, id=11148, stack(0x000000f19c900000,0x000000f19ca00000)]
  0x000002d8276c0800 JavaThread "Handler for socket connection from /127.0.0.1:59933 to /127.0.0.1:59934" [_thread_in_native, id=15884, stack(0x000000f19ca00000,0x000000f19cb00000)]
  0x000002d82775f800 JavaThread "Cancel handler" [_thread_blocked, id=19272, stack(0x000000f19cb00000,0x000000f19cc00000)]
  0x000002d827bd4800 JavaThread "Daemon worker" [_thread_blocked, id=17024, stack(0x000000f19cc00000,0x000000f19cd00000)]
  0x000002d827e8e000 JavaThread "Asynchronous log dispatcher for DefaultDaemonConnection: socket connection from /127.0.0.1:59933 to /127.0.0.1:59934" [_thread_blocked, id=14172, stack(0x000000f19cd00000,0x000000f19ce00000)]
  0x000002d828013000 JavaThread "Stdin handler" [_thread_blocked, id=12812, stack(0x000000f19ce00000,0x000000f19cf00000)]
  0x000002d827e38800 JavaThread "Daemon client event forwarder" [_thread_blocked, id=18328, stack(0x000000f19cf00000,0x000000f19d000000)]
  0x000002d827eb6800 JavaThread "Cache worker for journal cache (C:\Users\shweta android\.gradle\caches\journal-1)" [_thread_blocked, id=22904, stack(0x000000f19d600000,0x000000f19d700000)]
  0x000002d827eb7000 JavaThread "File lock request listener" [_thread_in_native, id=14048, stack(0x000000f19d700000,0x000000f19d800000)]
  0x000002d827ebb000 JavaThread "Cache worker for file hash cache (C:\Users\shweta android\.gradle\caches\7.4\fileHashes)" [_thread_blocked, id=22244, stack(0x000000f19d800000,0x000000f19d900000)]
  0x000002d827eba800 JavaThread "File watcher server" daemon [_thread_in_native, id=12776, stack(0x000000f19da00000,0x000000f19db00000)]
  0x000002d827eb8000 JavaThread "File watcher consumer" daemon [_thread_blocked, id=14108, stack(0x000000f19db00000,0x000000f19dc00000)]
  0x000002d827eb5800 JavaThread "Cache worker for checksums cache (D:\sonalika apk\sonalikaM23 09 22\.gradle\7.4\checksums)" [_thread_blocked, id=14788, stack(0x000000f19dc00000,0x000000f19dd00000)]
  0x000002d827eb8800 JavaThread "Cache worker for cache directory md-rule (C:\Users\shweta android\.gradle\caches\7.4\md-rule)" [_thread_blocked, id=28440, stack(0x000000f19dd00000,0x000000f19de00000)]
  0x000002d827eb9800 JavaThread "Cache worker for file hash cache (D:\sonalika apk\sonalikaM23 09 22\.gradle\7.4\fileHashes)" [_thread_blocked, id=22684, stack(0x000000f19de00000,0x000000f19df00000)]
  0x000002d827ebc000 JavaThread "Cache worker for cache directory md-supplier (C:\Users\shweta android\.gradle\caches\7.4\md-supplier)" [_thread_blocked, id=13152, stack(0x000000f19df00000,0x000000f19e000000)]
  0x000002d8268c2800 JavaThread "Cache worker for execution history cache (C:\Users\shweta android\.gradle\caches\7.4\executionHistory)" [_thread_blocked, id=14024, stack(0x000000f19e000000,0x000000f19e100000)]
  0x000002d8268c1000 JavaThread "jar transforms" [_thread_blocked, id=18820, stack(0x000000f19e100000,0x000000f19e200000)]
  0x000002d8268c7800 JavaThread "jar transforms Thread 2" [_thread_blocked, id=16956, stack(0x000000f19e200000,0x000000f19e300000)]
  0x000002d8268c3800 JavaThread "Cache worker for file content cache (C:\Users\shweta android\.gradle\caches\7.4\fileContent)" [_thread_blocked, id=17236, stack(0x000000f19e300000,0x000000f19e400000)]
  0x000002d8268c1800 JavaThread "Cache worker for dependencies-accessors (D:\sonalika apk\sonalikaM23 09 22\.gradle\7.4\dependencies-accessors)" [_thread_blocked, id=12576, stack(0x000000f19e400000,0x000000f19e500000)]
  0x000002d8268c5000 JavaThread "jar transforms Thread 3" [_thread_blocked, id=25840, stack(0x000000f19e500000,0x000000f19e600000)]
  0x000002d8268ca000 JavaThread "Cache worker for Build Output Cleanup Cache (D:\sonalika apk\sonalikaM23 09 22\.gradle\buildOutputCleanup)" [_thread_blocked, id=11024, stack(0x000000f19e600000,0x000000f19e700000)]
  0x000002d8268c6800 JavaThread "Unconstrained build operations" [_thread_blocked, id=7624, stack(0x000000f19e700000,0x000000f19e800000)]
  0x000002d8268c8000 JavaThread "Unconstrained build operations Thread 2" [_thread_blocked, id=15188, stack(0x000000f19e800000,0x000000f19e900000)]
  0x000002d8268c9000 JavaThread "Unconstrained build operations Thread 3" [_thread_blocked, id=18380, stack(0x000000f19e900000,0x000000f19ea00000)]
  0x000002d8268c4000 JavaThread "Unconstrained build operations Thread 4" [_thread_blocked, id=12368, stack(0x000000f19ea00000,0x000000f19eb00000)]
  0x000002d8268ca800 JavaThread "Unconstrained build operations Thread 5" [_thread_blocked, id=17620, stack(0x000000f19eb00000,0x000000f19ec00000)]
  0x000002d8268cf000 JavaThread "Unconstrained build operations Thread 6" [_thread_blocked, id=15668, stack(0x000000f19ec00000,0x000000f19ed00000)]
  0x000002d8268cb800 JavaThread "Unconstrained build operations Thread 7" [_thread_blocked, id=12708, stack(0x000000f19ed00000,0x000000f19ee00000)]
  0x000002d8268cc800 JavaThread "Unconstrained build operations Thread 8" [_thread_blocked, id=18272, stack(0x000000f19ee00000,0x000000f19ef00000)]
  0x000002d8268cd000 JavaThread "Unconstrained build operations Thread 9" [_thread_blocked, id=12284, stack(0x000000f19ef00000,0x000000f19f000000)]
  0x000002d8268cf800 JavaThread "Unconstrained build operations Thread 10" [_thread_blocked, id=10668, stack(0x000000f19f000000,0x000000f19f100000)]
  0x000002d8268ce000 JavaThread "Unconstrained build operations Thread 11" [_thread_blocked, id=4224, stack(0x000000f19f100000,0x000000f19f200000)]
  0x000002d82a091000 JavaThread "Unconstrained build operations Thread 12" [_thread_blocked, id=1564, stack(0x000000f19f200000,0x000000f19f300000)]
  0x000002d82a094800 JavaThread "Unconstrained build operations Thread 13" [_thread_blocked, id=20400, stack(0x000000f19f300000,0x000000f19f400000)]
  0x000002d82a092000 JavaThread "Unconstrained build operations Thread 14" [_thread_blocked, id=10696, stack(0x000000f19f400000,0x000000f19f500000)]
  0x000002d82a096000 JavaThread "Unconstrained build operations Thread 15" [_thread_blocked, id=14452, stack(0x000000f19f500000,0x000000f19f600000)]
  0x000002d82a093000 JavaThread "Unconstrained build operations Thread 16" [_thread_blocked, id=29420, stack(0x000000f19f600000,0x000000f19f700000)]
  0x000002d82a095800 JavaThread "Unconstrained build operations Thread 17" [_thread_blocked, id=1756, stack(0x000000f19f700000,0x000000f19f800000)]
  0x000002d82a097800 JavaThread "Unconstrained build operations Thread 18" [_thread_blocked, id=21536, stack(0x000000f19f800000,0x000000f19f900000)]
  0x000002d82a097000 JavaThread "Unconstrained build operations Thread 19" [_thread_blocked, id=25352, stack(0x000000f19f900000,0x000000f19fa00000)]
  0x000002d82a093800 JavaThread "Unconstrained build operations Thread 20" [_thread_blocked, id=7712, stack(0x000000f19fa00000,0x000000f19fb00000)]
  0x000002d82a098800 JavaThread "Unconstrained build operations Thread 21" [_thread_blocked, id=14600, stack(0x000000f19fb00000,0x000000f19fc00000)]
  0x000002d82a09c000 JavaThread "Unconstrained build operations Thread 22" [_thread_blocked, id=20656, stack(0x000000f19fc00000,0x000000f19fd00000)]
  0x000002d82a09c800 JavaThread "Unconstrained build operations Thread 23" [_thread_blocked, id=9596, stack(0x000000f19fd00000,0x000000f19fe00000)]
  0x000002d82a099800 JavaThread "Unconstrained build operations Thread 24" [_thread_blocked, id=6828, stack(0x000000f19fe00000,0x000000f19ff00000)]
  0x000002d82a0a0000 JavaThread "Unconstrained build operations Thread 25" [_thread_blocked, id=20624, stack(0x000000f19ff00000,0x000000f1a0000000)]
  0x000002d82a09f000 JavaThread "Unconstrained build operations Thread 26" [_thread_blocked, id=20640, stack(0x000000f1a0000000,0x000000f1a0100000)]
  0x000002d82a09d800 JavaThread "Unconstrained build operations Thread 27" [_thread_blocked, id=28576, stack(0x000000f1a0100000,0x000000f1a0200000)]
  0x000002d82a09e000 JavaThread "Unconstrained build operations Thread 28" [_thread_blocked, id=28332, stack(0x000000f1a0200000,0x000000f1a0300000)]
  0x000002d82a09a000 JavaThread "Unconstrained build operations Thread 29" [_thread_blocked, id=19960, stack(0x000000f1a0300000,0x000000f1a0400000)]
  0x000002d82a09b000 JavaThread "Unconstrained build operations Thread 30" [_thread_blocked, id=23276, stack(0x000000f1a0400000,0x000000f1a0500000)]
  0x000002d82c801000 JavaThread "Unconstrained build operations Thread 31" [_thread_blocked, id=22300, stack(0x000000f1a0500000,0x000000f1a0600000)]
  0x000002d82c804800 JavaThread "Unconstrained build operations Thread 32" [_thread_blocked, id=28768, stack(0x000000f1a0600000,0x000000f1a0700000)]
  0x000002d82c803800 JavaThread "Unconstrained build operations Thread 33" [_thread_blocked, id=24928, stack(0x000000f1a0700000,0x000000f1a0800000)]
  0x000002d82c802000 JavaThread "Unconstrained build operations Thread 34" [_thread_blocked, id=24160, stack(0x000000f1a0800000,0x000000f1a0900000)]
  0x000002d82c805000 JavaThread "Unconstrained build operations Thread 35" [_thread_blocked, id=4420, stack(0x000000f1a0900000,0x000000f1a0a00000)]
  0x000002d82c806000 JavaThread "Unconstrained build operations Thread 36" [_thread_blocked, id=24256, stack(0x000000f1a0a00000,0x000000f1a0b00000)]
  0x000002d82c800000 JavaThread "Unconstrained build operations Thread 37" [_thread_blocked, id=25580, stack(0x000000f1a0b00000,0x000000f1a0c00000)]
  0x000002d82c807000 JavaThread "Unconstrained build operations Thread 38" [_thread_blocked, id=24540, stack(0x000000f1a0c00000,0x000000f1a0d00000)]
  0x000002d82c807800 JavaThread "Unconstrained build operations Thread 39" [_thread_blocked, id=28292, stack(0x000000f1a0d00000,0x000000f1a0e00000)]
  0x000002d82c808800 JavaThread "Unconstrained build operations Thread 40" [_thread_blocked, id=14176, stack(0x000000f1a0e00000,0x000000f1a0f00000)]
  0x000002d82c802800 JavaThread "Unconstrained build operations Thread 41" [_thread_blocked, id=1684, stack(0x000000f1a0f00000,0x000000f1a1000000)]
  0x000002d82c809000 JavaThread "Unconstrained build operations Thread 42" [_thread_blocked, id=23704, stack(0x000000f1a1000000,0x000000f1a1100000)]
  0x000002d82c80f000 JavaThread "Unconstrained build operations Thread 43" [_thread_blocked, id=15012, stack(0x000000f1a1100000,0x000000f1a1200000)]
  0x000002d82c80a000 JavaThread "Unconstrained build operations Thread 44" [_thread_blocked, id=11320, stack(0x000000f1a1200000,0x000000f1a1300000)]
  0x000002d82c80b000 JavaThread "Unconstrained build operations Thread 45" [_thread_blocked, id=21104, stack(0x000000f1a1300000,0x000000f1a1400000)]
  0x000002d82c80d800 JavaThread "Unconstrained build operations Thread 46" [_thread_blocked, id=11268, stack(0x000000f1a1400000,0x000000f1a1500000)]
  0x000002d82c80b800 JavaThread "Unconstrained build operations Thread 47" [_thread_blocked, id=26060, stack(0x000000f1a1500000,0x000000f1a1600000)]
  0x000002d82c80c800 JavaThread "Unconstrained build operations Thread 48" [_thread_blocked, id=28216, stack(0x000000f1a1600000,0x000000f1a1700000)]
  0x000002d82c80e000 JavaThread "Unconstrained build operations Thread 49" [_thread_blocked, id=13512, stack(0x000000f1a1700000,0x000000f1a1800000)]
  0x000002d82a399800 JavaThread "Unconstrained build operations Thread 50" [_thread_blocked, id=24828, stack(0x000000f1a1800000,0x000000f1a1900000)]
  0x000002d82a397000 JavaThread "Unconstrained build operations Thread 51" [_thread_blocked, id=21456, stack(0x000000f1a1900000,0x000000f1a1a00000)]
  0x000002d82a39b800 JavaThread "Unconstrained build operations Thread 52" [_thread_blocked, id=6512, stack(0x000000f1a1a00000,0x000000f1a1b00000)]
  0x000002d82a39c000 JavaThread "Unconstrained build operations Thread 53" [_thread_blocked, id=17388, stack(0x000000f1a1b00000,0x000000f1a1c00000)]
  0x000002d82a39a800 JavaThread "Unconstrained build operations Thread 54" [_thread_blocked, id=21300, stack(0x000000f1a1c00000,0x000000f1a1d00000)]
  0x000002d82a39d000 JavaThread "Unconstrained build operations Thread 55" [_thread_blocked, id=6020, stack(0x000000f1a1d00000,0x000000f1a1e00000)]
  0x000002d82a39d800 JavaThread "Unconstrained build operations Thread 56" [_thread_blocked, id=6928, stack(0x000000f1a1e00000,0x000000f1a1f00000)]
  0x000002d82a398000 JavaThread "Unconstrained build operations Thread 57" [_thread_blocked, id=7744, stack(0x000000f1a1f00000,0x000000f1a2000000)]
  0x000002d82a39e800 JavaThread "Unconstrained build operations Thread 58" [_thread_blocked, id=20812, stack(0x000000f1a2000000,0x000000f1a2100000)]
  0x000002d82a399000 JavaThread "Unconstrained build operations Thread 59" [_thread_blocked, id=25124, stack(0x000000f1a2100000,0x000000f1a2200000)]
  0x000002d82a3a5000 JavaThread "Unconstrained build operations Thread 60" [_thread_blocked, id=14864, stack(0x000000f1a2200000,0x000000f1a2300000)]
  0x000002d82a39f800 JavaThread "Unconstrained build operations Thread 61" [_thread_blocked, id=10364, stack(0x000000f1a2300000,0x000000f1a2400000)]
  0x000002d82a3a0000 JavaThread "Unconstrained build operations Thread 62" [_thread_blocked, id=21608, stack(0x000000f1a2400000,0x000000f1a2500000)]
  0x000002d82a3a6000 JavaThread "Unconstrained build operations Thread 63" [_thread_blocked, id=27120, stack(0x000000f1a2500000,0x000000f1a2600000)]
  0x000002d82a3a2000 JavaThread "Unconstrained build operations Thread 64" [_thread_blocked, id=14560, stack(0x000000f1a2600000,0x000000f1a2700000)]
  0x000002d82a3a1000 JavaThread "Unconstrained build operations Thread 65" [_thread_blocked, id=16816, stack(0x000000f1a2700000,0x000000f1a2800000)]
  0x000002d82a3a2800 JavaThread "Unconstrained build operations Thread 66" [_thread_blocked, id=7776, stack(0x000000f1a2800000,0x000000f1a2900000)]
  0x000002d82a3a4000 JavaThread "Unconstrained build operations Thread 67" [_thread_blocked, id=19584, stack(0x000000f1a2900000,0x000000f1a2a00000)]
  0x000002d82a3a3800 JavaThread "Unconstrained build operations Thread 68" [_thread_blocked, id=15208, stack(0x000000f1a2a00000,0x000000f1a2b00000)]
  0x000002d82a3ba800 JavaThread "Unconstrained build operations Thread 69" [_thread_blocked, id=8800, stack(0x000000f1a2b00000,0x000000f1a2c00000)]
  0x000002d82a3bb800 JavaThread "Unconstrained build operations Thread 70" [_thread_blocked, id=21996, stack(0x000000f1a2c00000,0x000000f1a2d00000)]
  0x000002d82a3bc000 JavaThread "Unconstrained build operations Thread 71" [_thread_blocked, id=20084, stack(0x000000f1a2d00000,0x000000f1a2e00000)]
  0x000002d82a3b9000 JavaThread "Unconstrained build operations Thread 72" [_thread_blocked, id=14756, stack(0x000000f1a2e00000,0x000000f1a2f00000)]
  0x000002d82a3bd000 JavaThread "Unconstrained build operations Thread 73" [_thread_blocked, id=20696, stack(0x000000f1a2f00000,0x000000f1a3000000)]
  0x000002d82a3b7000 JavaThread "Unconstrained build operations Thread 74" [_thread_blocked, id=12124, stack(0x000000f1a3000000,0x000000f1a3100000)]
  0x000002d82a3b9800 JavaThread "Unconstrained build operations Thread 75" [_thread_blocked, id=9112, stack(0x000000f1a3100000,0x000000f1a3200000)]
  0x000002d82a3bd800 JavaThread "Unconstrained build operations Thread 76" [_thread_blocked, id=29408, stack(0x000000f1a3200000,0x000000f1a3300000)]
  0x000002d82a3b8000 JavaThread "Unconstrained build operations Thread 77" [_thread_blocked, id=15728, stack(0x000000f1a3300000,0x000000f1a3400000)]
  0x000002d82a3c0000 JavaThread "Unconstrained build operations Thread 78" [_thread_blocked, id=17364, stack(0x000000f1a3400000,0x000000f1a3500000)]
  0x000002d82a3bf800 JavaThread "Unconstrained build operations Thread 79" [_thread_blocked, id=29296, stack(0x000000f1a3500000,0x000000f1a3600000)]
  0x000002d82a3c1000 JavaThread "Unconstrained build operations Thread 80" [_thread_blocked, id=256, stack(0x000000f1a3600000,0x000000f1a3700000)]
  0x000002d82a3c3800 JavaThread "jar transforms Thread 4" [_thread_blocked, id=21816, stack(0x000000f1a3700000,0x000000f1a3800000)]
  0x000002d82a3c4000 JavaThread "jar transforms Thread 5" [_thread_blocked, id=12696, stack(0x000000f1a3800000,0x000000f1a3900000)]
  0x000002d82a3c2000 JavaThread "jar transforms Thread 6" [_thread_blocked, id=26632, stack(0x000000f1a3900000,0x000000f1a3a00000)]
  0x000002d82a3c2800 JavaThread "jar transforms Thread 7" [_thread_blocked, id=5704, stack(0x000000f1a3a00000,0x000000f1a3b00000)]
  0x000002d82a3be800 JavaThread "jar transforms Thread 8" [_thread_blocked, id=7660, stack(0x000000f1a3b00000,0x000000f1a3c00000)]
  0x000002d82a3c6000 JavaThread "Memory manager" [_thread_blocked, id=28752, stack(0x000000f1a3c00000,0x000000f1a3d00000)]

Other Threads:
=>0x000002d825690000 VMThread "VM Thread" [stack: 0x000000f19ba00000,0x000000f19bb00000] [id=9532]
  0x000002d8261ae800 WatcherThread [stack: 0x000000f19c400000,0x000000f19c500000] [id=1156]
  0x000002d80a5f2800 GCTaskThread "GC Thread#0" [stack: 0x000000f19b500000,0x000000f19b600000] [id=17344]
  0x000002d826b59000 GCTaskThread "GC Thread#1" [stack: 0x000000f19c500000,0x000000f19c600000] [id=16448]
  0x000002d827be2000 GCTaskThread "GC Thread#2" [stack: 0x000000f19d000000,0x000000f19d100000] [id=27804]
  0x000002d828141000 GCTaskThread "GC Thread#3" [stack: 0x000000f19d100000,0x000000f19d200000] [id=16076]
  0x000002d828142000 GCTaskThread "GC Thread#4" [stack: 0x000000f19d200000,0x000000f19d300000] [id=6804]
  0x000002d82810f000 GCTaskThread "GC Thread#5" [stack: 0x000000f19d300000,0x000000f19d400000] [id=16008]
  0x000002d828110000 GCTaskThread "GC Thread#6" [stack: 0x000000f19d400000,0x000000f19d500000] [id=20496]
  0x000002d8280d5800 GCTaskThread "GC Thread#7" [stack: 0x000000f19d500000,0x000000f19d600000] [id=22632]
  0x000002d80a619800 ConcurrentGCThread "G1 Main Marker" [stack: 0x000000f19b600000,0x000000f19b700000] [id=25688]
  0x000002d80a61b000 ConcurrentGCThread "G1 Conc#0" [stack: 0x000000f19b700000,0x000000f19b800000] [id=12868]
  0x000002d8283e3000 ConcurrentGCThread "G1 Conc#1" [stack: 0x000000f19d900000,0x000000f19da00000] [id=20548]
  0x000002d80a68c800 ConcurrentGCThread "G1 Refine#0" [stack: 0x000000f19b800000,0x000000f19b900000] [id=6052]
  0x000002d80a68d800 ConcurrentGCThread "G1 Young RemSet Sampling" [stack: 0x000000f19b900000,0x000000f19ba00000] [id=11760]

Threads with active compile tasks:
C2 CompilerThread0  10462 6149       4       org.objectweb.asm.SymbolTable::addConstantMemberReference (147 bytes)

VM state:at safepoint (normal execution)

VM Mutex/Monitor currently owned by a thread:  ([mutex/lock_event])
[0x000002d80a5d7d50] Threads_lock - owner thread: 0x000002d825690000
[0x000002d80a5d7de0] Heap_lock - owner thread: 0x000002d827bd4800

Heap address: 0x00000000a0000000, size: 1536 MB, Compressed Oops mode: 32-bit
Narrow klass base: 0x0000000000000000, Narrow klass shift: 3
Compressed class space size: 1073741824 Address: 0x0000000100000000

Heap:
 garbage-first heap   total 114688K, used 58720K [0x00000000a0000000, 0x0000000100000000)
  region size 1024K, 3 young (3072K), 3 survivors (3072K)
 Metaspace       used 63256K, capacity 64854K, committed 65104K, reserved 1105920K
  class space    used 7935K, capacity 8517K, committed 8608K, reserved 1048576K
Heap Regions: E=young(eden), S=young(survivor), O=old, HS=humongous(starts), HC=humongous(continues), CS=collection set, F=free, A=archive, TAMS=top-at-mark-start (previous, next)
|   0|0x00000000a0000000, 0x00000000a0100000, 0x00000000a0100000|100%| O|  |TAMS 0x00000000a0100000, 0x00000000a0000000| Untracked 
|   1|0x00000000a0100000, 0x00000000a0200000, 0x00000000a0200000|100%| O|  |TAMS 0x00000000a0200000, 0x00000000a0100000| Untracked 
|   2|0x00000000a0200000, 0x00000000a0300000, 0x00000000a0300000|100%| O|  |TAMS 0x00000000a0300000, 0x00000000a0200000| Untracked 
|   3|0x00000000a0300000, 0x00000000a0400000, 0x00000000a0400000|100%|HS|  |TAMS 0x00000000a0400000, 0x00000000a0300000| Complete 
|   4|0x00000000a0400000, 0x00000000a0500000, 0x00000000a0500000|100%|HC|  |TAMS 0x00000000a0500000, 0x00000000a0400000| Complete 
|   5|0x00000000a0500000, 0x00000000a0600000, 0x00000000a0600000|100%|HC|  |TAMS 0x00000000a0600000, 0x00000000a0500000| Complete 
|   6|0x00000000a0600000, 0x00000000a0700000, 0x00000000a0700000|100%| O|  |TAMS 0x00000000a0700000, 0x00000000a0600000| Untracked 
|   7|0x00000000a0700000, 0x00000000a0800000, 0x00000000a0800000|100%| O|  |TAMS 0x00000000a0800000, 0x00000000a0700000| Untracked 
|   8|0x00000000a0800000, 0x00000000a0900000, 0x00000000a0900000|100%| O|  |TAMS 0x00000000a0900000, 0x00000000a0800000| Untracked 
|   9|0x00000000a0900000, 0x00000000a0a00000, 0x00000000a0a00000|100%| O|  |TAMS 0x00000000a0a00000, 0x00000000a0900000| Untracked 
|  10|0x00000000a0a00000, 0x00000000a0b00000, 0x00000000a0b00000|100%| O|  |TAMS 0x00000000a0b00000, 0x00000000a0a00000| Untracked 
|  11|0x00000000a0b00000, 0x00000000a0c00000, 0x00000000a0c00000|100%| O|  |TAMS 0x00000000a0c00000, 0x00000000a0b00000| Untracked 
|  12|0x00000000a0c00000, 0x00000000a0d00000, 0x00000000a0d00000|100%| O|  |TAMS 0x00000000a0d00000, 0x00000000a0c00000| Untracked 
|  13|0x00000000a0d00000, 0x00000000a0e00000, 0x00000000a0e00000|100%| O|  |TAMS 0x00000000a0e00000, 0x00000000a0d00000| Untracked 
|  14|0x00000000a0e00000, 0x00000000a0f00000, 0x00000000a0f00000|100%| O|  |TAMS 0x00000000a0f00000, 0x00000000a0e00000| Untracked 
|  15|0x00000000a0f00000, 0x00000000a1000000, 0x00000000a1000000|100%| O|  |TAMS 0x00000000a1000000, 0x00000000a0f00000| Untracked 
|  16|0x00000000a1000000, 0x00000000a1100000, 0x00000000a1100000|100%| O|  |TAMS 0x00000000a1100000, 0x00000000a1000000| Untracked 
|  17|0x00000000a1100000, 0x00000000a1200000, 0x00000000a1200000|100%| O|  |TAMS 0x00000000a1200000, 0x00000000a1100000| Untracked 
|  18|0x00000000a1200000, 0x00000000a1300000, 0x00000000a1300000|100%| O|  |TAMS 0x00000000a1300000, 0x00000000a1200000| Untracked 
|  19|0x00000000a1300000, 0x00000000a1400000, 0x00000000a1400000|100%| O|  |TAMS 0x00000000a1400000, 0x00000000a1300000| Untracked 
|  20|0x00000000a1400000, 0x00000000a1500000, 0x00000000a1500000|100%| O|  |TAMS 0x00000000a1500000, 0x00000000a1400000| Untracked 
|  21|0x00000000a1500000, 0x00000000a1600000, 0x00000000a1600000|100%| O|  |TAMS 0x00000000a1600000, 0x00000000a1500000| Untracked 
|  22|0x00000000a1600000, 0x00000000a1700000, 0x00000000a1700000|100%| O|  |TAMS 0x00000000a1700000, 0x00000000a1600000| Untracked 
|  23|0x00000000a1700000, 0x00000000a1800000, 0x00000000a1800000|100%| O|  |TAMS 0x00000000a1800000, 0x00000000a1700000| Untracked 
|  24|0x00000000a1800000, 0x00000000a1900000, 0x00000000a1900000|100%| O|  |TAMS 0x00000000a1900000, 0x00000000a1800000| Untracked 
|  25|0x00000000a1900000, 0x00000000a1a00000, 0x00000000a1a00000|100%| O|  |TAMS 0x00000000a1a00000, 0x00000000a1900000| Untracked 
|  26|0x00000000a1a00000, 0x00000000a1b00000, 0x00000000a1b00000|100%| O|  |TAMS 0x00000000a1b00000, 0x00000000a1a00000| Untracked 
|  27|0x00000000a1b00000, 0x00000000a1c00000, 0x00000000a1c00000|100%| O|  |TAMS 0x00000000a1c00000, 0x00000000a1b00000| Untracked 
|  28|0x00000000a1c00000, 0x00000000a1d00000, 0x00000000a1d00000|100%| O|  |TAMS 0x00000000a1d00000, 0x00000000a1c00000| Untracked 
|  29|0x00000000a1d00000, 0x00000000a1e00000, 0x00000000a1e00000|100%| O|  |TAMS 0x00000000a1e00000, 0x00000000a1d00000| Untracked 
|  30|0x00000000a1e00000, 0x00000000a1f00000, 0x00000000a1f00000|100%| O|  |TAMS 0x00000000a1f00000, 0x00000000a1e00000| Untracked 
|  31|0x00000000a1f00000, 0x00000000a2000000, 0x00000000a2000000|100%|HS|  |TAMS 0x00000000a2000000, 0x00000000a1f00000| Complete 
|  32|0x00000000a2000000, 0x00000000a2100000, 0x00000000a2100000|100%|HS|  |TAMS 0x00000000a2100000, 0x00000000a2000000| Complete 
|  33|0x00000000a2100000, 0x00000000a2200000, 0x00000000a2200000|100%|HS|  |TAMS 0x00000000a2200000, 0x00000000a2100000| Complete 
|  34|0x00000000a2200000, 0x00000000a2300000, 0x00000000a2300000|100%| O|  |TAMS 0x00000000a2300000, 0x00000000a2200000| Untracked 
|  35|0x00000000a2300000, 0x00000000a2400000, 0x00000000a2400000|100%| O|  |TAMS 0x00000000a2400000, 0x00000000a2300000| Untracked 
|  36|0x00000000a2400000, 0x00000000a2500000, 0x00000000a2500000|100%| O|  |TAMS 0x00000000a2500000, 0x00000000a2400000| Untracked 
|  37|0x00000000a2500000, 0x00000000a2600000, 0x00000000a2600000|100%| O|  |TAMS 0x00000000a2600000, 0x00000000a2500000| Untracked 
|  38|0x00000000a2600000, 0x00000000a2700000, 0x00000000a2700000|100%|HS|  |TAMS 0x00000000a2700000, 0x00000000a2600000| Complete 
|  39|0x00000000a2700000, 0x00000000a2800000, 0x00000000a2800000|100%|HC|  |TAMS 0x00000000a2800000, 0x00000000a2700000| Complete 
|  40|0x00000000a2800000, 0x00000000a2900000, 0x00000000a2900000|100%|HC|  |TAMS 0x00000000a2900000, 0x00000000a2800000| Complete 
|  41|0x00000000a2900000, 0x00000000a2a00000, 0x00000000a2a00000|100%| O|  |TAMS 0x00000000a2a00000, 0x00000000a2900000| Untracked 
|  42|0x00000000a2a00000, 0x00000000a2b00000, 0x00000000a2b00000|100%| O|  |TAMS 0x00000000a2b00000, 0x00000000a2a00000| Untracked 
|  43|0x00000000a2b00000, 0x00000000a2c00000, 0x00000000a2c00000|100%| O|  |TAMS 0x00000000a2c00000, 0x00000000a2b00000| Untracked 
|  44|0x00000000a2c00000, 0x00000000a2d00000, 0x00000000a2d00000|100%|HS|  |TAMS 0x00000000a2d00000, 0x00000000a2c00000| Complete 
|  45|0x00000000a2d00000, 0x00000000a2e00000, 0x00000000a2e00000|100%|HC|  |TAMS 0x00000000a2e00000, 0x00000000a2d00000| Complete 
|  46|0x00000000a2e00000, 0x00000000a2f00000, 0x00000000a2f00000|100%| O|  |TAMS 0x00000000a2f00000, 0x00000000a2e00000| Untracked 
|  47|0x00000000a2f00000, 0x00000000a3000000, 0x00000000a3000000|100%| O|  |TAMS 0x00000000a3000000, 0x00000000a2f00000| Untracked 
|  48|0x00000000a3000000, 0x00000000a3100000, 0x00000000a3100000|100%| O|  |TAMS 0x00000000a3100000, 0x00000000a3000000| Untracked 
|  49|0x00000000a3100000, 0x00000000a3200000, 0x00000000a3200000|100%| O|  |TAMS 0x00000000a3200000, 0x00000000a3100000| Untracked 
|  50|0x00000000a3200000, 0x00000000a3300000, 0x00000000a3300000|100%| O|  |TAMS 0x00000000a3300000, 0x00000000a3200000| Untracked 
|  51|0x00000000a3300000, 0x00000000a3400000, 0x00000000a3400000|100%| O|  |TAMS 0x00000000a3400000, 0x00000000a3300000| Untracked 
|  52|0x00000000a3400000, 0x00000000a3500000, 0x00000000a3500000|100%| O|  |TAMS 0x00000000a3500000, 0x00000000a3400000| Untracked 
|  53|0x00000000a3500000, 0x00000000a3600000, 0x00000000a3600000|100%| O|  |TAMS 0x00000000a3600000, 0x00000000a3500000| Untracked 
|  54|0x00000000a3600000, 0x00000000a36ee000, 0x00000000a3700000| 92%| O|  |TAMS 0x00000000a36ee000, 0x00000000a3600000| Untracked 
|  55|0x00000000a3700000, 0x00000000a3700000, 0x00000000a3800000|  0%| F|  |TAMS 0x00000000a3700000, 0x00000000a3700000| Untracked 
|  56|0x00000000a3800000, 0x00000000a3800000, 0x00000000a3900000|  0%| F|  |TAMS 0x00000000a3800000, 0x00000000a3800000| Untracked 
|  57|0x00000000a3900000, 0x00000000a3900000, 0x00000000a3a00000|  0%| F|  |TAMS 0x00000000a3900000, 0x00000000a3900000| Untracked 
|  58|0x00000000a3a00000, 0x00000000a3a00000, 0x00000000a3b00000|  0%| F|  |TAMS 0x00000000a3a00000, 0x00000000a3a00000| Untracked 
|  59|0x00000000a3b00000, 0x00000000a3b00000, 0x00000000a3c00000|  0%| F|  |TAMS 0x00000000a3b00000, 0x00000000a3b00000| Untracked 
|  60|0x00000000a3c00000, 0x00000000a3c00000, 0x00000000a3d00000|  0%| F|  |TAMS 0x00000000a3c00000, 0x00000000a3c00000| Untracked 
|  61|0x00000000a3d00000, 0x00000000a3d00000, 0x00000000a3e00000|  0%| F|  |TAMS 0x00000000a3d00000, 0x00000000a3d00000| Untracked 
|  62|0x00000000a3e00000, 0x00000000a3e00000, 0x00000000a3f00000|  0%| F|  |TAMS 0x00000000a3e00000, 0x00000000a3e00000| Untracked 
|  63|0x00000000a3f00000, 0x00000000a3f00000, 0x00000000a4000000|  0%| F|  |TAMS 0x00000000a3f00000, 0x00000000a3f00000| Untracked 
|  64|0x00000000a4000000, 0x00000000a4000000, 0x00000000a4100000|  0%| F|  |TAMS 0x00000000a4000000, 0x00000000a4000000| Untracked 
|  65|0x00000000a4100000, 0x00000000a4100000, 0x00000000a4200000|  0%| F|  |TAMS 0x00000000a4100000, 0x00000000a4100000| Untracked 
|  66|0x00000000a4200000, 0x00000000a4200000, 0x00000000a4300000|  0%| F|  |TAMS 0x00000000a4200000, 0x00000000a4200000| Untracked 
|  67|0x00000000a4300000, 0x00000000a4300000, 0x00000000a4400000|  0%| F|  |TAMS 0x00000000a4300000, 0x00000000a4300000| Untracked 
|  68|0x00000000a4400000, 0x00000000a4400000, 0x00000000a4500000|  0%| F|  |TAMS 0x00000000a4400000, 0x00000000a4400000| Untracked 
|  69|0x00000000a4500000, 0x00000000a4500000, 0x00000000a4600000|  0%| F|  |TAMS 0x00000000a4500000, 0x00000000a4500000| Untracked 
|  70|0x00000000a4600000, 0x00000000a4600000, 0x00000000a4700000|  0%| F|  |TAMS 0x00000000a4600000, 0x00000000a4600000| Untracked 
|  71|0x00000000a4700000, 0x00000000a476a0d0, 0x00000000a4800000| 41%| S|CS|TAMS 0x00000000a4700000, 0x00000000a4700000| Complete 
|  72|0x00000000a4800000, 0x00000000a4900000, 0x00000000a4900000|100%| S|CS|TAMS 0x00000000a4800000, 0x00000000a4800000| Complete 
|  73|0x00000000a4900000, 0x00000000a4a00000, 0x00000000a4a00000|100%| S|CS|TAMS 0x00000000a4900000, 0x00000000a4900000| Complete 
|  74|0x00000000a4a00000, 0x00000000a4a00000, 0x00000000a4b00000|  0%| F|  |TAMS 0x00000000a4a00000, 0x00000000a4a00000| Untracked 
|  75|0x00000000a4b00000, 0x00000000a4b00000, 0x00000000a4c00000|  0%| F|  |TAMS 0x00000000a4b00000, 0x00000000a4b00000| Untracked 
|  76|0x00000000a4c00000, 0x00000000a4c00000, 0x00000000a4d00000|  0%| F|  |TAMS 0x00000000a4c00000, 0x00000000a4c00000| Untracked 
|  77|0x00000000a4d00000, 0x00000000a4d00000, 0x00000000a4e00000|  0%| F|  |TAMS 0x00000000a4d00000, 0x00000000a4d00000| Untracked 
|  78|0x00000000a4e00000, 0x00000000a4e00000, 0x00000000a4f00000|  0%| F|  |TAMS 0x00000000a4e00000, 0x00000000a4e00000| Untracked 
|  79|0x00000000a4f00000, 0x00000000a4f00000, 0x00000000a5000000|  0%| F|  |TAMS 0x00000000a4f00000, 0x00000000a4f00000| Untracked 
|  80|0x00000000a5000000, 0x00000000a5000000, 0x00000000a5100000|  0%| F|  |TAMS 0x00000000a5000000, 0x00000000a5000000| Untracked 
|  81|0x00000000a5100000, 0x00000000a5100000, 0x00000000a5200000|  0%| F|  |TAMS 0x00000000a5100000, 0x00000000a5100000| Untracked 
|  82|0x00000000a5200000, 0x00000000a5200000, 0x00000000a5300000|  0%| F|  |TAMS 0x00000000a5200000, 0x00000000a5200000| Untracked 
|  83|0x00000000a5300000, 0x00000000a5300000, 0x00000000a5400000|  0%| F|  |TAMS 0x00000000a5300000, 0x00000000a5300000| Untracked 
|  84|0x00000000a5400000, 0x00000000a5400000, 0x00000000a5500000|  0%| F|  |TAMS 0x00000000a5400000, 0x00000000a5400000| Untracked 
|  85|0x00000000a5500000, 0x00000000a5500000, 0x00000000a5600000|  0%| F|  |TAMS 0x00000000a5500000, 0x00000000a5500000| Untracked 
|  86|0x00000000a5600000, 0x00000000a5600000, 0x00000000a5700000|  0%| F|  |TAMS 0x00000000a5600000, 0x00000000a5600000| Untracked 
|  87|0x00000000a5700000, 0x00000000a5700000, 0x00000000a5800000|  0%| F|  |TAMS 0x00000000a5700000, 0x00000000a5700000| Untracked 
|  88|0x00000000a5800000, 0x00000000a5800000, 0x00000000a5900000|  0%| F|  |TAMS 0x00000000a5800000, 0x00000000a5800000| Untracked 
|  89|0x00000000a5900000, 0x00000000a5900000, 0x00000000a5a00000|  0%| F|  |TAMS 0x00000000a5900000, 0x00000000a5900000| Untracked 
|  90|0x00000000a5a00000, 0x00000000a5a00000, 0x00000000a5b00000|  0%| F|  |TAMS 0x00000000a5a00000, 0x00000000a5a00000| Untracked 
|  91|0x00000000a5b00000, 0x00000000a5b00000, 0x00000000a5c00000|  0%| F|  |TAMS 0x00000000a5b00000, 0x00000000a5b00000| Untracked 
|  92|0x00000000a5c00000, 0x00000000a5c00000, 0x00000000a5d00000|  0%| F|  |TAMS 0x00000000a5c00000, 0x00000000a5c00000| Untracked 

Card table byte_map: [0x000002d81f640000,0x000002d81f940000] _byte_map_base: 0x000002d81f140000

Marking Bits (Prev, Next): (CMBitMap*) 0x000002d80a6129f0, (CMBitMap*) 0x000002d80a6129b8
 Prev Bits: [0x000002d821440000, 0x000002d822c40000)
 Next Bits: [0x000002d81fc40000, 0x000002d821440000)

Polling page: 0x000002d80a4b0000

Metaspace:

Usage:
  Non-class:     55.02 MB capacity,    54.02 MB ( 98%) used,   853.68 KB (  2%) free+waste,   161.81 KB ( <1%) overhead. 
      Class:      8.32 MB capacity,     7.75 MB ( 93%) used,   506.27 KB (  6%) free+waste,    75.69 KB ( <1%) overhead. 
       Both:     63.33 MB capacity,    61.77 MB ( 98%) used,     1.33 MB (  2%) free+waste,   237.50 KB ( <1%) overhead. 

Virtual space:
  Non-class space:       56.00 MB reserved,      55.17 MB ( 99%) committed 
      Class space:        1.00 GB reserved,       8.41 MB ( <1%) committed 
             Both:        1.05 GB reserved,      63.58 MB (  6%) committed 

Chunk freelists:
   Non-Class:  31.00 KB
       Class:  27.00 KB
        Both:  58.00 KB

MaxMetaspaceSize: 17179869184.00 GB
CompressedClassSpaceSize: 1.00 GB
Initial GC threshold: 20.80 MB
Current GC threshold: 104.51 MB
CDS: off

CodeHeap 'non-profiled nmethods': size=120000Kb used=2854Kb max_used=2854Kb free=117145Kb
 bounds [0x000002d8173b0000, 0x000002d817680000, 0x000002d81e8e0000]
CodeHeap 'profiled nmethods': size=120000Kb used=13104Kb max_used=13104Kb free=106895Kb
 bounds [0x000002d80fe80000, 0x000002d810b50000, 0x000002d8173b0000]
CodeHeap 'non-nmethods': size=5760Kb used=2333Kb max_used=2366Kb free=3427Kb
 bounds [0x000002d80f8e0000, 0x000002d80fb50000, 0x000002d80fe80000]
 total_blobs=7035 nmethods=6191 adapters=756
 compilation: enabled
              stopped_count=0, restarted_count=0
 full_count=0

Compilation events (20 events):
Event: 10.398 Thread 0x000002d826040000 6236       3       org.objectweb.asm.ByteVector::putByteArray (49 bytes)
Event: 10.399 Thread 0x000002d826040000 nmethod 6236 0x000002d810b41410 code [0x000002d810b415e0, 0x000002d810b41898]
Event: 10.399 Thread 0x000002d826040000 6230       1       kotlin.reflect.jvm.internal.KClassImpl::getJClass (5 bytes)
Event: 10.399 Thread 0x000002d826040000 nmethod 6230 0x000002d817679210 code [0x000002d8176793c0, 0x000002d817679478]
Event: 10.400 Thread 0x000002d826040000 6237       3       org.gradle.internal.instantiation.generator.AsmBackedClassGenerator$ClassBuilderImpl::applyConventionMappingToSetter (177 bytes)
Event: 10.400 Thread 0x000002d826040000 nmethod 6237 0x000002d810b41990 code [0x000002d810b41d60, 0x000002d810b433a8]
Event: 10.403 Thread 0x000002d826040000 6238       3       org.objectweb.asm.SymbolTable::addTypeInternal (85 bytes)
Event: 10.403 Thread 0x000002d826040000 nmethod 6238 0x000002d810b43c10 code [0x000002d810b43e00, 0x000002d810b443f8]
Event: 10.405 Thread 0x000002d826040000 6239       3       org.gradle.internal.instantiation.generator.AbstractClassGenerator$ExtensibleTypePropertyHandler::applyTo (228 bytes)
Event: 10.406 Thread 0x000002d826040000 nmethod 6239 0x000002d810b44590 code [0x000002d810b44980, 0x000002d810b46638]
Event: 10.409 Thread 0x000002d826040000 6242       3       java.beans.MethodDescriptor::<init> (111 bytes)
Event: 10.410 Thread 0x000002d826040000 nmethod 6242 0x000002d810b46e90 code [0x000002d810b47100, 0x000002d810b47c38]
Event: 10.410 Thread 0x000002d826040000 6243       3       java.util.Hashtable$EntrySet::<init> (10 bytes)
Event: 10.410 Thread 0x000002d826040000 nmethod 6243 0x000002d810b47f90 code [0x000002d810b48160, 0x000002d810b483d8]
Event: 10.410 Thread 0x000002d826040000 6244       3       groovy.lang.MetaClassImpl::addMetaBeanProperty (119 bytes)
Event: 10.411 Thread 0x000002d826040000 nmethod 6244 0x000002d810b48510 code [0x000002d810b487c0, 0x000002d810b49e28]
Event: 10.425 Thread 0x000002d826040000 6246   !   3       org.gradle.internal.instantiation.generator.AsmBackedClassGenerator$ClassBuilderImpl::getAnnotationParameterValue (16 bytes)
Event: 10.425 Thread 0x000002d826040000 nmethod 6246 0x000002d810b4a310 code [0x000002d810b4a540, 0x000002d810b4ab48]
Event: 10.426 Thread 0x000002d826040000 6247 %     3       jdk.internal.org.objectweb.asm.ClassReader::<init> @ 72 (257 bytes)
Event: 10.426 Thread 0x000002d826040000 nmethod 6247% 0x000002d810b4ae90 code [0x000002d810b4b0c0, 0x000002d810b4bc08]

GC Heap History (20 events):
Event: 8.382 GC heap after
{Heap after GC invocations=22 (full 0):
 garbage-first heap   total 78848K, used 42431K [0x00000000a0000000, 0x0000000100000000)
  region size 1024K, 4 young (4096K), 4 survivors (4096K)
 Metaspace       used 48574K, capacity 49972K, committed 50128K, reserved 1093632K
  class space    used 6132K, capacity 6606K, committed 6688K, reserved 1048576K
}
Event: 8.496 GC heap before
{Heap before GC invocations=23 (full 0):
 garbage-first heap   total 78848K, used 48575K [0x00000000a0000000, 0x0000000100000000)
  region size 1024K, 8 young (8192K), 4 survivors (4096K)
 Metaspace       used 48574K, capacity 49972K, committed 50128K, reserved 1093632K
  class space    used 6132K, capacity 6606K, committed 6688K, reserved 1048576K
}
Event: 8.498 GC heap after
{Heap after GC invocations=24 (full 0):
 garbage-first heap   total 78848K, used 47390K [0x00000000a0000000, 0x0000000100000000)
  region size 1024K, 3 young (3072K), 3 survivors (3072K)
 Metaspace       used 48574K, capacity 49972K, committed 50128K, reserved 1093632K
  class space    used 6132K, capacity 6606K, committed 6688K, reserved 1048576K
}
Event: 8.665 GC heap before
{Heap before GC invocations=25 (full 0):
 garbage-first heap   total 78848K, used 59678K [0x00000000a0000000, 0x0000000100000000)
  region size 1024K, 13 young (13312K), 3 survivors (3072K)
 Metaspace       used 48806K, capacity 50152K, committed 50512K, reserved 1093632K
  class space    used 6153K, capacity 6644K, committed 6816K, reserved 1048576K
}
Event: 8.667 GC heap after
{Heap after GC invocations=26 (full 0):
 garbage-first heap   total 78848K, used 51261K [0x00000000a0000000, 0x0000000100000000)
  region size 1024K, 2 young (2048K), 2 survivors (2048K)
 Metaspace       used 48806K, capacity 50152K, committed 50512K, reserved 1093632K
  class space    used 6153K, capacity 6644K, committed 6816K, reserved 1048576K
}
Event: 8.811 GC heap before
{Heap before GC invocations=26 (full 0):
 garbage-first heap   total 78848K, used 60477K [0x00000000a0000000, 0x0000000100000000)
  region size 1024K, 11 young (11264K), 2 survivors (2048K)
 Metaspace       used 49663K, capacity 51077K, committed 51280K, reserved 1093632K
  class space    used 6266K, capacity 6771K, committed 6816K, reserved 1048576K
}
Event: 8.814 GC heap after
{Heap after GC invocations=27 (full 0):
 garbage-first heap   total 78848K, used 51850K [0x00000000a0000000, 0x0000000100000000)
  region size 1024K, 1 young (1024K), 1 survivors (1024K)
 Metaspace       used 49663K, capacity 51077K, committed 51280K, reserved 1093632K
  class space    used 6266K, capacity 6771K, committed 6816K, reserved 1048576K
}
Event: 8.946 GC heap before
{Heap before GC invocations=28 (full 0):
 garbage-first heap   total 78848K, used 61066K [0x00000000a0000000, 0x0000000100000000)
  region size 1024K, 10 young (10240K), 1 survivors (1024K)
 Metaspace       used 50822K, capacity 52215K, committed 52560K, reserved 1095680K
  class space    used 6416K, capacity 6939K, committed 7072K, reserved 1048576K
}
Event: 8.948 GC heap after
{Heap after GC invocations=29 (full 0):
 garbage-first heap   total 95232K, used 52038K [0x00000000a0000000, 0x0000000100000000)
  region size 1024K, 1 young (1024K), 1 survivors (1024K)
 Metaspace       used 50822K, capacity 52215K, committed 52560K, reserved 1095680K
  class space    used 6416K, capacity 6939K, committed 7072K, reserved 1048576K
}
Event: 9.332 GC heap before
{Heap before GC invocations=29 (full 0):
 garbage-first heap   total 95232K, used 68422K [0x00000000a0000000, 0x0000000100000000)
  region size 1024K, 17 young (17408K), 1 survivors (1024K)
 Metaspace       used 52888K, capacity 54263K, committed 54480K, reserved 1097728K
  class space    used 6678K, capacity 7175K, committed 7200K, reserved 1048576K
}
Event: 9.335 GC heap after
{Heap after GC invocations=30 (full 0):
 garbage-first heap   total 95232K, used 52633K [0x00000000a0000000, 0x0000000100000000)
  region size 1024K, 2 young (2048K), 2 survivors (2048K)
 Metaspace       used 52888K, capacity 54263K, committed 54480K, reserved 1097728K
  class space    used 6678K, capacity 7175K, committed 7200K, reserved 1048576K
}
Event: 9.589 GC heap before
{Heap before GC invocations=31 (full 0):
 garbage-first heap   total 95232K, used 69017K [0x00000000a0000000, 0x0000000100000000)
  region size 1024K, 19 young (19456K), 2 survivors (2048K)
 Metaspace       used 55413K, capacity 56901K, committed 57168K, reserved 1099776K
  class space    used 6977K, capacity 7518K, committed 7584K, reserved 1048576K
}
Event: 9.591 GC heap after
{Heap after GC invocations=32 (full 0):
 garbage-first heap   total 95232K, used 53185K [0x00000000a0000000, 0x0000000100000000)
  region size 1024K, 2 young (2048K), 2 survivors (2048K)
 Metaspace       used 55413K, capacity 56901K, committed 57168K, reserved 1099776K
  class space    used 6977K, capacity 7518K, committed 7584K, reserved 1048576K
}
Event: 9.815 GC heap before
{Heap before GC invocations=32 (full 0):
 garbage-first heap   total 95232K, used 71617K [0x00000000a0000000, 0x0000000100000000)
  region size 1024K, 20 young (20480K), 2 survivors (2048K)
 Metaspace       used 57667K, capacity 59211K, committed 59472K, reserved 1101824K
  class space    used 7276K, capacity 7817K, committed 7840K, reserved 1048576K
}
Event: 9.820 GC heap after
{Heap after GC invocations=33 (full 0):
 garbage-first heap   total 95232K, used 53841K [0x00000000a0000000, 0x0000000100000000)
  region size 1024K, 3 young (3072K), 3 survivors (3072K)
 Metaspace       used 57667K, capacity 59211K, committed 59472K, reserved 1101824K
  class space    used 7276K, capacity 7817K, committed 7840K, reserved 1048576K
}
Event: 10.082 GC heap before
{Heap before GC invocations=34 (full 0):
 garbage-first heap   total 95232K, used 71249K [0x00000000a0000000, 0x0000000100000000)
  region size 1024K, 21 young (21504K), 3 survivors (3072K)
 Metaspace       used 60559K, capacity 62221K, committed 62416K, reserved 1103872K
  class space    used 7620K, capacity 8221K, committed 8224K, reserved 1048576K
}
Event: 10.086 GC heap after
{Heap after GC invocations=35 (full 0):
 garbage-first heap   total 95232K, used 56796K [0x00000000a0000000, 0x0000000100000000)
  region size 1024K, 3 young (3072K), 3 survivors (3072K)
 Metaspace       used 60559K, capacity 62221K, committed 62416K, reserved 1103872K
  class space    used 7620K, capacity 8221K, committed 8224K, reserved 1048576K
}
Event: 10.266 GC heap before
{Heap before GC invocations=35 (full 0):
 garbage-first heap   total 95232K, used 73180K [0x00000000a0000000, 0x0000000100000000)
  region size 1024K, 20 young (20480K), 3 survivors (3072K)
 Metaspace       used 62085K, capacity 63796K, committed 63952K, reserved 1105920K
  class space    used 7801K, capacity 8382K, committed 8480K, reserved 1048576K
}
Event: 10.270 GC heap after
{Heap after GC invocations=36 (full 0):
 garbage-first heap   total 95232K, used 57542K [0x00000000a0000000, 0x0000000100000000)
  region size 1024K, 2 young (2048K), 2 survivors (2048K)
 Metaspace       used 62085K, capacity 63796K, committed 63952K, reserved 1105920K
  class space    used 7801K, capacity 8382K, committed 8480K, reserved 1048576K
}
Event: 10.428 GC heap before
{Heap before GC invocations=37 (full 0):
 garbage-first heap   total 95232K, used 74950K [0x00000000a0000000, 0x0000000100000000)
  region size 1024K, 19 young (19456K), 2 survivors (2048K)
 Metaspace       used 63256K, capacity 64854K, committed 65104K, reserved 1105920K
  class space    used 7935K, capacity 8517K, committed 8608K, reserved 1048576K
}

Deoptimization events (20 events):
Event: 10.072 Thread 0x000002d827bd4800 Uncommon trap: trap_request=0xffffff4d fr.pc=0x000002d817635650 relative=0x00000000000015d0
Event: 10.072 Thread 0x000002d827bd4800 Uncommon trap: reason=unstable_if action=reinterpret pc=0x000002d817635650 method=java.security.CodeSource.matchCerts(Ljava/security/CodeSource;Z)Z @ 11 c2
Event: 10.072 Thread 0x000002d827bd4800 DEOPT PACKING pc=0x000002d817635650 sp=0x000000f19ccf1060
Event: 10.072 Thread 0x000002d827bd4800 DEOPT UNPACKING pc=0x000002d80f92a1af sp=0x000000f19ccf0ef0 mode 2
Event: 10.072 Thread 0x000002d827bd4800 Uncommon trap: trap_request=0xffffff4d fr.pc=0x000002d817625300 relative=0x0000000000000060
Event: 10.072 Thread 0x000002d827bd4800 Uncommon trap: reason=unstable_if action=reinterpret pc=0x000002d817625300 method=java.lang.ClassLoader.compareCerts([Ljava/security/cert/Certificate;[Ljava/security/cert/Certificate;)Z @ 1 c2
Event: 10.072 Thread 0x000002d827bd4800 DEOPT PACKING pc=0x000002d817625300 sp=0x000000f19ccf0e60
Event: 10.072 Thread 0x000002d827bd4800 DEOPT UNPACKING pc=0x000002d80f92a1af sp=0x000000f19ccf0da0 mode 2
Event: 10.091 Thread 0x000002d827bd4800 Uncommon trap: trap_request=0xffffff4d fr.pc=0x000002d817583c2c relative=0x000000000000026c
Event: 10.091 Thread 0x000002d827bd4800 Uncommon trap: reason=unstable_if action=reinterpret pc=0x000002d817583c2c method=java.util.LinkedHashMap.get(Ljava/lang/Object;)Ljava/lang/Object; @ 20 c2
Event: 10.091 Thread 0x000002d827bd4800 DEOPT PACKING pc=0x000002d817583c2c sp=0x000000f19ccf3580
Event: 10.091 Thread 0x000002d827bd4800 DEOPT UNPACKING pc=0x000002d80f92a1af sp=0x000000f19ccf3538 mode 2
Event: 10.097 Thread 0x000002d827bd4800 Uncommon trap: trap_request=0xffffff4d fr.pc=0x000002d817487d3c relative=0x00000000000005dc
Event: 10.097 Thread 0x000002d827bd4800 Uncommon trap: reason=unstable_if action=reinterpret pc=0x000002d817487d3c method=java.lang.StringLatin1.regionMatchesCI([BI[BII)Z @ 66 c2
Event: 10.097 Thread 0x000002d827bd4800 DEOPT PACKING pc=0x000002d817487d3c sp=0x000000f19ccf3390
Event: 10.097 Thread 0x000002d827bd4800 DEOPT UNPACKING pc=0x000002d80f92a1af sp=0x000000f19ccf3290 mode 2
Event: 10.105 Thread 0x000002d827bd4800 DEOPT PACKING pc=0x000002d810aab9e3 sp=0x000000f19ccf30a0
Event: 10.105 Thread 0x000002d827bd4800 DEOPT UNPACKING pc=0x000002d80f92a95e sp=0x000000f19ccf2580 mode 0
Event: 10.105 Thread 0x000002d827bd4800 DEOPT PACKING pc=0x000002d810aab250 sp=0x000000f19ccf3050
Event: 10.105 Thread 0x000002d827bd4800 DEOPT UNPACKING pc=0x000002d80f92a95e sp=0x000000f19ccf24c8 mode 0

Classes redefined (0 events):
No events

Internal exceptions (20 events):
Event: 8.733 Thread 0x000002d827bd4800 Exception <a 'java/lang/ClassNotFoundException'{0x00000000a481f738}: org/gradle/api/internal/plugins/DefaultObjectConfigurationActionCustomizer> (0x00000000a481f738) thrown at [./src/hotspot/share/classfile/systemDictionary.cpp, line 231]
Event: 8.919 Thread 0x000002d827bd4800 Exception <a 'java/lang/NoSuchMethodError'{0x00000000a4522e40}: 'java.lang.Object java.lang.invoke.DirectMethodHandle$Holder.invokeStatic(java.lang.Object, java.lang.Object, java.lang.Object, java.lang.Object, int)'> (0x00000000a4522e40) thrown at [./src/hotspot/share/interpreter/linkResolver.cpp, line 773]
Event: 8.920 Thread 0x000002d827bd4800 Exception <a 'java/lang/NoSuchMethodError'{0x00000000a4527b18}: 'java.lang.Object java.lang.invoke.DirectMethodHandle$Holder.invokeSpecial(java.lang.Object, java.lang.Object, java.lang.Object, java.lang.Object, java.lang.Object, int)'> (0x00000000a4527b18) thrown at [./src/hotspot/share/interpreter/linkResolver.cpp, line 773]
Event: 8.920 Thread 0x000002d827bd4800 Exception <a 'java/lang/NoSuchMethodError'{0x00000000a452c158}: 'java.lang.Object java.lang.invoke.Invokers$Holder.linkToTargetMethod(java.lang.Object, java.lang.Object, java.lang.Object, int, java.lang.Object)'> (0x00000000a452c158) thrown at [./src/hotspot/share/interpreter/linkResolver.cpp, line 773]
Event: 9.140 Thread 0x000002d827bd4800 Exception <a 'java/lang/NoSuchMethodError'{0x00000000a4f39600}: 'java.lang.Object java.lang.invoke.DirectMethodHandle$Holder.invokeSpecial(java.lang.Object, java.lang.Object, int, int, java.lang.Object, java.lang.Object, java.lang.Object)'> (0x00000000a4f39600) thrown at [./src/hotspot/share/interpreter/linkResolver.cpp, line 773]
Event: 9.140 Thread 0x000002d827bd4800 Exception <a 'java/lang/NoSuchMethodError'{0x00000000a4f3db80}: 'java.lang.Object java.lang.invoke.DelegatingMethodHandle$Holder.reinvoke_L(java.lang.Object, int, int, java.lang.Object, java.lang.Object, java.lang.Object)'> (0x00000000a4f3db80) thrown at [./src/hotspot/share/interpreter/linkResolver.cpp, line 773]
Event: 9.498 Thread 0x000002d827bd4800 Exception <a 'java/lang/NoSuchMethodError'{0x00000000a5287080}: 'int java.lang.invoke.DirectMethodHandle$Holder.invokeInterface(java.lang.Object, java.lang.Object, java.lang.Object, java.lang.Object)'> (0x00000000a5287080) thrown at [./src/hotspot/share/interpreter/linkResolver.cpp, line 773]
Event: 9.731 Thread 0x000002d827bd4800 Exception <a 'java/lang/NoSuchMethodError'{0x00000000a521d830}: 'void java.lang.invoke.DirectMethodHandle$Holder.invokeInterface(java.lang.Object, java.lang.Object, java.lang.Object, java.lang.Object)'> (0x00000000a521d830) thrown at [./src/hotspot/share/interpreter/linkResolver.cpp, line 773]
Event: 9.858 Thread 0x000002d827bd4800 Exception <a 'java/lang/IncompatibleClassChangeError'{0x00000000a5b1f6a8}: Found class java.lang.Object, but interface was expected> (0x00000000a5b1f6a8) thrown at [./src/hotspot/share/interpreter/linkResolver.cpp, line 839]
Event: 9.980 Thread 0x000002d827bd4800 Implicit null exception at 0x000002d81759a68b to 0x000002d81759a8c8
Event: 10.031 Thread 0x000002d827bd4800 Implicit null exception at 0x000002d8174fa22c to 0x000002d8174fa3da
Event: 10.148 Thread 0x000002d827bd4800 Exception <a 'sun/nio/fs/WindowsException'{0x00000000a57d7cc8}> (0x00000000a57d7cc8) thrown at [./src/hotspot/share/prims/jni.cpp, line 616]
Event: 10.407 Thread 0x000002d827bd4800 Exception <a 'java/lang/ClassNotFoundException'{0x00000000a50bd1c8}: org/gradle/api/plugins/internal/DefaultBasePluginConventionBeanInfo> (0x00000000a50bd1c8) thrown at [./src/hotspot/share/classfile/systemDictionary.cpp, line 231]
Event: 10.408 Thread 0x000002d827bd4800 Exception <a 'java/lang/ClassNotFoundException'{0x00000000a50f9b88}: org/gradle/api/plugins/BasePluginConventionBeanInfo> (0x00000000a50f9b88) thrown at [./src/hotspot/share/classfile/systemDictionary.cpp, line 231]
Event: 10.408 Thread 0x000002d827bd4800 Exception <a 'java/lang/ClassNotFoundException'{0x00000000a4f370a8}: org/gradle/api/plugins/BasePluginConventionCustomizer> (0x00000000a4f370a8) thrown at [./src/hotspot/share/classfile/systemDictionary.cpp, line 231]
Event: 10.409 Thread 0x000002d827bd4800 Exception <a 'java/lang/ClassNotFoundException'{0x00000000a4f85af0}: org/gradle/api/plugins/internal/DefaultBasePluginConventionCustomizer> (0x00000000a4f85af0) thrown at [./src/hotspot/share/classfile/systemDictionary.cpp, line 231]
Event: 10.412 Thread 0x000002d827bd4800 Exception <a 'java/lang/ClassNotFoundException'{0x00000000a4e0cd20}: org/gradle/api/plugins/internal/DefaultJavaPluginConventionBeanInfo> (0x00000000a4e0cd20) thrown at [./src/hotspot/share/classfile/systemDictionary.cpp, line 231]
Event: 10.412 Thread 0x000002d827bd4800 Exception <a 'java/lang/ClassNotFoundException'{0x00000000a4e496e0}: org/gradle/api/plugins/JavaPluginConventionBeanInfo> (0x00000000a4e496e0) thrown at [./src/hotspot/share/classfile/systemDictionary.cpp, line 231]
Event: 10.413 Thread 0x000002d827bd4800 Exception <a 'java/lang/ClassNotFoundException'{0x00000000a4e86500}: org/gradle/api/plugins/JavaPluginConventionCustomizer> (0x00000000a4e86500) thrown at [./src/hotspot/share/classfile/systemDictionary.cpp, line 231]
Event: 10.414 Thread 0x000002d827bd4800 Exception <a 'java/lang/ClassNotFoundException'{0x00000000a4ede7e0}: org/gradle/api/plugins/internal/DefaultJavaPluginConventionCustomizer> (0x00000000a4ede7e0) thrown at [./src/hotspot/share/classfile/systemDictionary.cpp, line 231]

Events (20 events):
Event: 10.421 loading class com/android/builder/testing/api/TestServer done
Event: 10.421 loading class org/gradle/api/tasks/SourceSet
Event: 10.421 loading class org/gradle/api/tasks/SourceSet done
Event: 10.421 loading class com/android/build/gradle/internal/dsl/DexOptions
Event: 10.421 loading class com/android/build/gradle/internal/dsl/DexOptions done
Event: 10.421 loading class com/android/builder/core/DefaultDexOptions
Event: 10.421 loading class com/android/builder/core/DefaultDexOptions done
Event: 10.421 loading class com/android/builder/core/DexOptions
Event: 10.421 loading class com/android/builder/core/DexOptions done
Event: 10.422 loading class com/android/builder/testing/api/DeviceProvider
Event: 10.422 loading class com/android/builder/testing/api/DeviceProvider done
Event: 10.422 loading class com/android/build/gradle/api/ApplicationVariant
Event: 10.422 loading class com/android/build/gradle/api/ApplicationVariant done
Event: 10.422 loading class com/android/build/gradle/internal/api/TestedVariant
Event: 10.422 loading class com/android/build/gradle/internal/api/TestedVariant done
Event: 10.423 loading class com/android/builder/core/LibraryRequest
Event: 10.423 loading class com/android/builder/core/LibraryRequest done
Event: 10.423 loading class com/android/build/api/variant/VariantFilter
Event: 10.423 loading class com/android/build/api/variant/VariantFilter done
Event: 10.428 Executing VM operation: G1CollectForAllocation


Dynamic libraries:
0x00007ff700120000 - 0x00007ff70012a000 	C:\Program Files\Android\Android Studio\jre\bin\java.exe
0x00007ffe87150000 - 0x00007ffe87345000 	C:\Windows\SYSTEM32\ntdll.dll
0x00007ffe85950000 - 0x00007ffe85a0e000 	C:\Windows\System32\KERNEL32.DLL
0x00007ffe84ed0000 - 0x00007ffe85199000 	C:\Windows\System32\KERNELBASE.dll
0x00007ffe84bc0000 - 0x00007ffe84cc0000 	C:\Windows\System32\ucrtbase.dll
0x00007ffe7ff30000 - 0x00007ffe7ff49000 	C:\Program Files\Android\Android Studio\jre\bin\jli.dll
0x00007ffe71af0000 - 0x00007ffe71b07000 	C:\Program Files\Android\Android Studio\jre\bin\VCRUNTIME140.dll
0x00007ffe865e0000 - 0x00007ffe86781000 	C:\Windows\System32\USER32.dll
0x00007ffe848d0000 - 0x00007ffe848f2000 	C:\Windows\System32\win32u.dll
0x00007ffe715d0000 - 0x00007ffe7186a000 	C:\Windows\WinSxS\amd64_microsoft.windows.common-controls_6595b64144ccf1df_6.0.19041.1110_none_60b5254171f9507e\COMCTL32.dll
0x00007ffe86360000 - 0x00007ffe8638b000 	C:\Windows\System32\GDI32.dll
0x00007ffe85ea0000 - 0x00007ffe85f3e000 	C:\Windows\System32\msvcrt.dll
0x00007ffe84ab0000 - 0x00007ffe84bbb000 	C:\Windows\System32\gdi32full.dll
0x00007ffe849e0000 - 0x00007ffe84a7d000 	C:\Windows\System32\msvcp_win.dll
0x00007ffe85a10000 - 0x00007ffe85a40000 	C:\Windows\System32\IMM32.DLL
0x00007ffe4ec20000 - 0x00007ffe4ecbd000 	C:\Program Files\Android\Android Studio\jre\bin\msvcp140.dll
0x00007ffe33a80000 - 0x00007ffe34582000 	C:\Program Files\Android\Android Studio\jre\bin\server\jvm.dll
0x00007ffe85bf0000 - 0x00007ffe85c9c000 	C:\Windows\System32\ADVAPI32.dll
0x00007ffe85620000 - 0x00007ffe856bb000 	C:\Windows\System32\sechost.dll
0x00007ffe85a40000 - 0x00007ffe85b6a000 	C:\Windows\System32\RPCRT4.dll
0x00007ffe7b940000 - 0x00007ffe7b949000 	C:\Windows\SYSTEM32\WSOCK32.dll
0x00007ffe774c0000 - 0x00007ffe774e7000 	C:\Windows\SYSTEM32\WINMM.dll
0x00007ffe86940000 - 0x00007ffe869ab000 	C:\Windows\System32\WS2_32.dll
0x00007ffe7f7c0000 - 0x00007ffe7f7ca000 	C:\Windows\SYSTEM32\VERSION.dll
0x00007ffe85800000 - 0x00007ffe85808000 	C:\Windows\System32\PSAPI.DLL
0x00007ffe82790000 - 0x00007ffe827a2000 	C:\Windows\SYSTEM32\kernel.appcore.dll
0x00007ffe71ab0000 - 0x00007ffe71ac1000 	C:\Program Files\Android\Android Studio\jre\bin\verify.dll
0x00007ffe6b130000 - 0x00007ffe6b314000 	C:\Windows\SYSTEM32\DBGHELP.DLL
0x00007ffe6b0f0000 - 0x00007ffe6b11c000 	C:\Windows\SYSTEM32\dbgcore.DLL
0x00007ffe84900000 - 0x00007ffe84983000 	C:\Windows\System32\bcryptPrimitives.dll
0x00007ffe71a80000 - 0x00007ffe71aa9000 	C:\Program Files\Android\Android Studio\jre\bin\java.dll
0x00007ffe7b930000 - 0x00007ffe7b93b000 	C:\Program Files\Android\Android Studio\jre\bin\jimage.dll
0x00007ffe71a60000 - 0x00007ffe71a78000 	C:\Program Files\Android\Android Studio\jre\bin\zip.dll
0x00007ffe869d0000 - 0x00007ffe8710f000 	C:\Windows\System32\SHELL32.dll
0x00007ffe82990000 - 0x00007ffe83120000 	C:\Windows\SYSTEM32\windows.storage.dll
0x00007ffe86000000 - 0x00007ffe86355000 	C:\Windows\System32\combase.dll
0x00007ffe84250000 - 0x00007ffe8427c000 	C:\Windows\SYSTEM32\Wldp.dll
0x00007ffe856c0000 - 0x00007ffe8576d000 	C:\Windows\System32\SHCORE.dll
0x00007ffe858f0000 - 0x00007ffe85945000 	C:\Windows\System32\shlwapi.dll
0x00007ffe847b0000 - 0x00007ffe847cf000 	C:\Windows\SYSTEM32\profapi.dll
0x00007ffe71a00000 - 0x00007ffe71a1a000 	C:\Program Files\Android\Android Studio\jre\bin\net.dll
0x00007ffe774f0000 - 0x00007ffe775f8000 	C:\Windows\SYSTEM32\WINHTTP.dll
0x00007ffe83f50000 - 0x00007ffe83fba000 	C:\Windows\system32\mswsock.dll
0x00007ffe63ab0000 - 0x00007ffe63ac4000 	C:\Program Files\Android\Android Studio\jre\bin\nio.dll
0x00007ffe6d600000 - 0x00007ffe6d627000 	C:\Users\shweta android\.gradle\native\e1d6ef7f7dcc3fd88c89a11ec53ec762bb8ba0a96d01ffa2cd45eb1d1d8dd5c5\windows-amd64\native-platform.dll
0x00007ffe35760000 - 0x00007ffe358a4000 	C:\Users\shweta android\.gradle\native\0d407fdbe67a94daf76414ababcb853783967236a71b16ec16e742cd7a986fd3\windows-amd64\native-platform-file-events.dll
0x00007ffe719f0000 - 0x00007ffe719fa000 	C:\Program Files\Android\Android Studio\jre\bin\management.dll
0x00007ffe71980000 - 0x00007ffe7198d000 	C:\Program Files\Android\Android Studio\jre\bin\management_ext.dll
0x00007ffe84140000 - 0x00007ffe84158000 	C:\Windows\SYSTEM32\CRYPTSP.dll
0x00007ffe838d0000 - 0x00007ffe83904000 	C:\Windows\system32\rsaenh.dll
0x00007ffe84a80000 - 0x00007ffe84aa7000 	C:\Windows\System32\bcrypt.dll
0x00007ffe84770000 - 0x00007ffe8479e000 	C:\Windows\SYSTEM32\USERENV.dll
0x00007ffe84160000 - 0x00007ffe8416c000 	C:\Windows\SYSTEM32\CRYPTBASE.dll
0x00007ffe83c40000 - 0x00007ffe83c7b000 	C:\Windows\SYSTEM32\IPHLPAPI.DLL
0x00007ffe85be0000 - 0x00007ffe85be8000 	C:\Windows\System32\NSI.dll
0x00007ffe7e7f0000 - 0x00007ffe7e807000 	C:\Windows\SYSTEM32\dhcpcsvc6.DLL
0x00007ffe7f7d0000 - 0x00007ffe7f7ed000 	C:\Windows\SYSTEM32\dhcpcsvc.DLL
0x00007ffe83c80000 - 0x00007ffe83d4c000 	C:\Windows\SYSTEM32\DNSAPI.dll

dbghelp: loaded successfully - version: 4.0.5 - missing functions: none
symbol engine: initialized successfully - sym options: 0x614 - pdb path: .;C:\Program Files\Android\Android Studio\jre\bin;C:\Windows\SYSTEM32;C:\Windows\WinSxS\amd64_microsoft.windows.common-controls_6595b64144ccf1df_6.0.19041.1110_none_60b5254171f9507e;C:\Program Files\Android\Android Studio\jre\bin\server;C:\Users\shweta android\.gradle\native\e1d6ef7f7dcc3fd88c89a11ec53ec762bb8ba0a96d01ffa2cd45eb1d1d8dd5c5\windows-amd64;C:\Users\shweta android\.gradle\native\0d407fdbe67a94daf76414ababcb853783967236a71b16ec16e742cd7a986fd3\windows-amd64

VM Arguments:
jvm_args: --add-opens=java.base/java.util=ALL-UNNAMED --add-opens=java.base/java.lang=ALL-UNNAMED --add-opens=java.base/java.lang.invoke=ALL-UNNAMED --add-opens=java.base/java.util=ALL-UNNAMED --add-opens=java.prefs/java.util.prefs=ALL-UNNAMED --add-opens=java.prefs/java.util.prefs=ALL-UNNAMED --add-opens=java.base/java.nio.charset=ALL-UNNAMED --add-opens=java.base/java.net=ALL-UNNAMED --add-opens=java.base/java.util.concurrent.atomic=ALL-UNNAMED -Xmx1536m -Dfile.encoding=windows-1252 -Duser.country=US -Duser.language=en -Duser.variant 
java_command: org.gradle.launcher.daemon.bootstrap.GradleDaemon 7.4
java_class_path (initial): C:\Users\shweta android\.gradle\wrapper\dists\gradle-7.4-bin\c0gwcg53nkjbqw7r0h0umtfvt\gradle-7.4\lib\gradle-launcher-7.4.jar
Launcher Type: SUN_STANDARD

[Global flags]
     intx CICompilerCount                          = 4                                         {product} {ergonomic}
     uint ConcGCThreads                            = 2                                         {product} {ergonomic}
     uint G1ConcRefinementThreads                  = 8                                         {product} {ergonomic}
   size_t G1HeapRegionSize                         = 1048576                                   {product} {ergonomic}
    uintx GCDrainStackTargetSize                   = 64                                        {product} {ergonomic}
   size_t InitialHeapSize                          = 67108864                                  {product} {ergonomic}
   size_t MarkStackSize                            = 4194304                                   {product} {ergonomic}
   size_t MaxHeapSize                              = 1610612736                                {product} {command line}
   size_t MaxNewSize                               = 965738496                                 {product} {ergonomic}
   size_t MinHeapDeltaBytes                        = 1048576                                   {product} {ergonomic}
    uintx NonNMethodCodeHeapSize                   = 5836300                                {pd product} {ergonomic}
    uintx NonProfiledCodeHeapSize                  = 122910970                              {pd product} {ergonomic}
    uintx ProfiledCodeHeapSize                     = 122910970                              {pd product} {ergonomic}
    uintx ReservedCodeCacheSize                    = 251658240                              {pd product} {ergonomic}
     bool SegmentedCodeCache                       = true                                      {product} {ergonomic}
     bool UseCompressedClassPointers               = true                                 {lp64_product} {ergonomic}
     bool UseCompressedOops                        = true                                 {lp64_product} {ergonomic}
     bool UseG1GC                                  = true                                      {product} {ergonomic}
     bool UseLargePagesIndividualAllocation        = false                                  {pd product} {ergonomic}

Logging:
Log output configuration:
 #0: stdout all=warning uptime,level,tags
 #1: stderr all=off uptime,level,tags

Environment Variables:
PATH=C:\Windows\system32;C:\Windows;C:\Windows\System32\Wbem;C:\Windows\System32\WindowsPowerShell\v1.0\;C:\Windows\System32\OpenSSH\;C:\Program Files\Git\cmd;C:\Users\shweta android\AppData\Local\Microsoft\WindowsApps;;D:\program files\Microsoft VS Code\bin
USERNAME=shweta android
OS=Windows_NT
PROCESSOR_IDENTIFIER=Intel64 Family 6 Model 60 Stepping 3, GenuineIntel



---------------  S Y S T E M  ---------------

OS: Windows 10 , 64 bit Build 19041 (10.0.19041.1202)
OS uptime: 0 days 6:26 hours

CPU:total 8 (initial active 8) (4 cores per cpu, 2 threads per core) family 6 model 60 stepping 3 microcode 0x27, cmov, cx8, fxsr, mmx, sse, sse2, sse3, ssse3, sse4.1, sse4.2, popcnt, avx, avx2, aes, clmul, erms, lzcnt, ht, tsc, tscinvbit, bmi1, bmi2, fma

Memory: 4k page, system-wide physical 4007M (242M free)
TotalPageFile size 10179M (AvailPageFile size 11M)
current process WorkingSet (physical memory assigned to process): 246M, peak: 246M
current process commit charge ("private bytes"): 320M, peak: 339M

vm_info: OpenJDK 64-Bit Server VM (11.0.13+0-b1751.21-8125866) for windows-amd64 JRE (11.0.13+0-b1751.21-8125866), built on Feb  2 2022 03:00:22 by "builder" with MS VC++ 14.0 (VS2015)

END.
