#
# There is insufficient memory for the Java Runtime Environment to continue.
# Native memory allocation (malloc) failed to allocate 1967056 bytes for Chunk::new
# Possible reasons:
#   The system is out of physical RAM or swap space
#   The process is running with CompressedOops enabled, and the Java Heap may be blocking the growth of the native heap
# Possible solutions:
#   Reduce memory load on the system
#   Increase physical memory or swap space
#   Check if swap backing store is full
#   Decrease Java heap size (-Xmx/-Xms)
#   Decrease number of Java threads
#   Decrease Java thread stack sizes (-Xss)
#   Set larger code cache with -XX:ReservedCodeCacheSize=
#   JVM is running with Unscaled Compressed Oops mode in which the Java heap is
#     placed in the first 4GB address space. The Java Heap base address is the
#     maximum limit for the native heap growth. Please use -XX:HeapBaseMinAddress
#     to set the Java Heap base and to place the Java Heap above 4GB virtual address.
# This output file may be truncated or incomplete.
#
#  Out of Memory Error (./src/hotspot/share/memory/arena.cpp:197), pid=25900, tid=22376
#
# JRE version: OpenJDK Runtime Environment (11.0.13) (build 11.0.13+0-b1751.21-8125866)
# Java VM: OpenJDK 64-Bit Server VM (11.0.13+0-b1751.21-8125866, mixed mode, tiered, compressed oops, g1 gc, windows-amd64)
# No core dump will be written. Minidumps are not enabled by default on client versions of Windows
#

---------------  S U M M A R Y ------------

Command Line: --add-opens=java.base/java.util=ALL-UNNAMED --add-opens=java.base/java.lang=ALL-UNNAMED --add-opens=java.base/java.lang.invoke=ALL-UNNAMED --add-opens=java.base/java.util=ALL-UNNAMED --add-opens=java.prefs/java.util.prefs=ALL-UNNAMED --add-opens=java.prefs/java.util.prefs=ALL-UNNAMED --add-opens=java.base/java.nio.charset=ALL-UNNAMED --add-opens=java.base/java.net=ALL-UNNAMED --add-opens=java.base/java.util.concurrent.atomic=ALL-UNNAMED -Xmx1536m -Dfile.encoding=windows-1252 -Duser.country=US -Duser.language=en -Duser.variant org.gradle.launcher.daemon.bootstrap.GradleDaemon 7.4

Host: Intel(R) Core(TM) i7-4770 CPU @ 3.40GHz, 8 cores, 3G,  Windows 10 , 64 bit Build 19041 (10.0.19041.1202)
Time: Fri Nov 25 15:55:36 2022 India Standard Time elapsed time: 15.841049 seconds (0d 0h 0m 15s)

---------------  T H R E A D  ---------------

Current thread (0x0000020afd4d0000):  JavaThread "C2 CompilerThread0" daemon [_thread_in_native, id=22376, stack(0x000000faa0700000,0x000000faa0800000)]


Current CompileTask:
C2:  15841 6109       4       jdk.internal.loader.URLClassPath$JarLoader$2::getBytes (48 bytes)

Stack: [0x000000faa0700000,0x000000faa0800000]
Native frames: (J=compiled Java code, j=interpreted, Vv=VM code, C=native code)
V  [jvm.dll+0x6100fa]
V  [jvm.dll+0x747090]
V  [jvm.dll+0x7486ad]
V  [jvm.dll+0x748d83]
V  [jvm.dll+0x24ab48]
V  [jvm.dll+0xc04dc]
V  [jvm.dll+0xc0a0c]
V  [jvm.dll+0x35eb9d]
V  [jvm.dll+0x32b833]
V  [jvm.dll+0x32ad2a]
V  [jvm.dll+0x2032b2]
V  [jvm.dll+0x202437]
V  [jvm.dll+0x188e01]
V  [jvm.dll+0x21106b]
V  [jvm.dll+0x20f8c1]
V  [jvm.dll+0x70de0f]
V  [jvm.dll+0x706a75]
V  [jvm.dll+0x60ed66]
C  [ucrtbase.dll+0x21bb2]
C  [KERNEL32.DLL+0x17034]
C  [ntdll.dll+0x52651]


---------------  P R O C E S S  ---------------

Threads class SMR info:
_java_thread_list=0x0000020a93549270, length=122, elements={
0x0000020af29f0800, 0x0000020afcb43800, 0x0000020afcb44800, 0x0000020afd4c0800,
0x0000020afd4c3000, 0x0000020afd4c4000, 0x0000020afd4d0000, 0x0000020afcbae800,
0x0000020afcbb3800, 0x0000020afd632800, 0x0000020afe670800, 0x0000020a8f86c000,
0x0000020a8fa42800, 0x0000020aff053000, 0x0000020afe545000, 0x0000020afe489800,
0x0000020afe484000, 0x0000020afe485800, 0x0000020afef4d800, 0x0000020afedb7800,
0x0000020afe83c000, 0x0000020afe840000, 0x0000020afe840800, 0x0000020afe841800,
0x0000020afe83c800, 0x0000020afe83d800, 0x0000020afe83e800, 0x0000020afe83f000,
0x0000020afe842800, 0x0000020a9030b800, 0x0000020a9030a000, 0x0000020a90309000,
0x0000020a90306000, 0x0000020a9030c800, 0x0000020a90306800, 0x0000020a9030d000,
0x0000020a90307800, 0x0000020a9030e000, 0x0000020a90308800, 0x0000020a90311800,
0x0000020a90310800, 0x0000020a90312000, 0x0000020a90313000, 0x0000020a90313800,
0x0000020a90314800, 0x0000020a9030f000, 0x0000020a9030f800, 0x0000020a90410000,
0x0000020a9040f000, 0x0000020a90410800, 0x0000020a90411800, 0x0000020a90412000,
0x0000020a90414000, 0x0000020a90413000, 0x0000020a9040e000, 0x0000020a90416800,
0x0000020a90417000, 0x0000020a90418000, 0x0000020a90418800, 0x0000020a90415800,
0x0000020a9041a800, 0x0000020a90414800, 0x0000020a9041c000, 0x0000020a9041b000,
0x0000020a90419800, 0x0000020a9041d000, 0x0000020a90a46000, 0x0000020a90a47000,
0x0000020a90a41000, 0x0000020a90a44800, 0x0000020a90a45000, 0x0000020a90a47800,
0x0000020a90a42000, 0x0000020a90a48800, 0x0000020a90a42800, 0x0000020a90a49800,
0x0000020a90a43800, 0x0000020a90a4b000, 0x0000020a90a4e000, 0x0000020a90a4b800,
0x0000020a90a4c800, 0x0000020a90a4d800, 0x0000020a90a4a000, 0x0000020a90a4f000,
0x0000020a90a50000, 0x0000020a9278f000, 0x0000020a9278b800, 0x0000020a9278e000,
0x0000020a9278b000, 0x0000020a9278c800, 0x0000020a9278f800, 0x0000020a9278d800,
0x0000020a92795800, 0x0000020a92796800, 0x0000020a92790800, 0x0000020a92797000,
0x0000020a92794000, 0x0000020a92791800, 0x0000020a92798000, 0x0000020a92792000,
0x0000020a92798800, 0x0000020a92793000, 0x0000020a92799800, 0x0000020a92794800,
0x0000020a927b8800, 0x0000020a927b5800, 0x0000020a927b4800, 0x0000020a927b3000,
0x0000020a927b7000, 0x0000020a927b6000, 0x0000020a927b7800, 0x0000020a927b9800,
0x0000020a927b3800, 0x0000020a927bb000, 0x0000020a927bd800, 0x0000020a927bc000,
0x0000020a927ba000, 0x0000020a927be800, 0x0000020a927bf000, 0x0000020a927bc800,
0x0000020a927c0000, 0x0000020a927c1800
}

Java Threads: ( => current thread )
  0x0000020af29f0800 JavaThread "main" [_thread_blocked, id=22884, stack(0x000000fa9fb00000,0x000000fa9fc00000)]
  0x0000020afcb43800 JavaThread "Reference Handler" daemon [_thread_blocked, id=18308, stack(0x000000faa0200000,0x000000faa0300000)]
  0x0000020afcb44800 JavaThread "Finalizer" daemon [_thread_blocked, id=20772, stack(0x000000faa0300000,0x000000faa0400000)]
  0x0000020afd4c0800 JavaThread "Signal Dispatcher" daemon [_thread_blocked, id=3508, stack(0x000000faa0400000,0x000000faa0500000)]
  0x0000020afd4c3000 JavaThread "Attach Listener" daemon [_thread_blocked, id=9584, stack(0x000000faa0500000,0x000000faa0600000)]
  0x0000020afd4c4000 JavaThread "Service Thread" daemon [_thread_blocked, id=9392, stack(0x000000faa0600000,0x000000faa0700000)]
=>0x0000020afd4d0000 JavaThread "C2 CompilerThread0" daemon [_thread_in_native, id=22376, stack(0x000000faa0700000,0x000000faa0800000)]
  0x0000020afcbae800 JavaThread "C1 CompilerThread0" daemon [_thread_blocked, id=19728, stack(0x000000faa0800000,0x000000faa0900000)]
  0x0000020afcbb3800 JavaThread "Sweeper thread" daemon [_thread_blocked, id=12108, stack(0x000000faa0900000,0x000000faa0a00000)]
  0x0000020afd632800 JavaThread "Common-Cleaner" daemon [_thread_blocked, id=28264, stack(0x000000faa0a00000,0x000000faa0b00000)]
  0x0000020afe670800 JavaThread "Daemon health stats" [_thread_blocked, id=29620, stack(0x000000faa0d00000,0x000000faa0e00000)]
  0x0000020a8f86c000 JavaThread "Incoming local TCP Connector on port 59960" [_thread_in_native, id=28408, stack(0x000000faa0e00000,0x000000faa0f00000)]
  0x0000020a8fa42800 JavaThread "Daemon periodic checks" [_thread_blocked, id=16364, stack(0x000000faa0f00000,0x000000faa1000000)]
  0x0000020aff053000 JavaThread "Daemon" [_thread_blocked, id=29632, stack(0x000000faa1000000,0x000000faa1100000)]
  0x0000020afe545000 JavaThread "Handler for socket connection from /127.0.0.1:59960 to /127.0.0.1:59961" [_thread_in_native, id=20544, stack(0x000000faa1100000,0x000000faa1200000)]
  0x0000020afe489800 JavaThread "Cancel handler" [_thread_blocked, id=6220, stack(0x000000faa1200000,0x000000faa1300000)]
  0x0000020afe484000 JavaThread "Daemon worker" [_thread_in_vm, id=9768, stack(0x000000faa1300000,0x000000faa1400000)]
  0x0000020afe485800 JavaThread "Asynchronous log dispatcher for DefaultDaemonConnection: socket connection from /127.0.0.1:59960 to /127.0.0.1:59961" [_thread_blocked, id=21372, stack(0x000000faa1400000,0x000000faa1500000)]
  0x0000020afef4d800 JavaThread "Stdin handler" [_thread_blocked, id=3276, stack(0x000000faa1500000,0x000000faa1600000)]
  0x0000020afedb7800 JavaThread "Daemon client event forwarder" [_thread_blocked, id=25844, stack(0x000000faa1600000,0x000000faa1700000)]
  0x0000020afe83c000 JavaThread "Cache worker for journal cache (C:\Users\shweta android\.gradle\caches\journal-1)" [_thread_blocked, id=4380, stack(0x000000faa1d00000,0x000000faa1e00000)]
  0x0000020afe840000 JavaThread "File lock request listener" [_thread_in_native, id=10048, stack(0x000000faa1e00000,0x000000faa1f00000)]
  0x0000020afe840800 JavaThread "Cache worker for file hash cache (C:\Users\shweta android\.gradle\caches\7.4\fileHashes)" [_thread_blocked, id=27664, stack(0x000000faa1f00000,0x000000faa2000000)]
  0x0000020afe841800 JavaThread "File watcher server" daemon [_thread_in_native, id=16804, stack(0x000000faa2100000,0x000000faa2200000)]
  0x0000020afe83c800 JavaThread "File watcher consumer" daemon [_thread_blocked, id=14596, stack(0x000000faa2200000,0x000000faa2300000)]
  0x0000020afe83d800 JavaThread "Cache worker for checksums cache (D:\sonalika apk\sonalikaM23 09 22\.gradle\7.4\checksums)" [_thread_blocked, id=19932, stack(0x000000faa2300000,0x000000faa2400000)]
  0x0000020afe83e800 JavaThread "Cache worker for cache directory md-rule (C:\Users\shweta android\.gradle\caches\7.4\md-rule)" [_thread_blocked, id=25428, stack(0x000000faa2400000,0x000000faa2500000)]
  0x0000020afe83f000 JavaThread "Cache worker for file hash cache (D:\sonalika apk\sonalikaM23 09 22\.gradle\7.4\fileHashes)" [_thread_blocked, id=3516, stack(0x000000faa2500000,0x000000faa2600000)]
  0x0000020afe842800 JavaThread "Cache worker for cache directory md-supplier (C:\Users\shweta android\.gradle\caches\7.4\md-supplier)" [_thread_blocked, id=16664, stack(0x000000faa2600000,0x000000faa2700000)]
  0x0000020a9030b800 JavaThread "Cache worker for execution history cache (C:\Users\shweta android\.gradle\caches\7.4\executionHistory)" [_thread_blocked, id=7012, stack(0x000000faa2700000,0x000000faa2800000)]
  0x0000020a9030a000 JavaThread "jar transforms" [_thread_blocked, id=13624, stack(0x000000faa2800000,0x000000faa2900000)]
  0x0000020a90309000 JavaThread "jar transforms Thread 2" [_thread_blocked, id=22728, stack(0x000000faa2900000,0x000000faa2a00000)]
  0x0000020a90306000 JavaThread "Cache worker for file content cache (C:\Users\shweta android\.gradle\caches\7.4\fileContent)" [_thread_blocked, id=24752, stack(0x000000faa2a00000,0x000000faa2b00000)]
  0x0000020a9030c800 JavaThread "Cache worker for dependencies-accessors (D:\sonalika apk\sonalikaM23 09 22\.gradle\7.4\dependencies-accessors)" [_thread_blocked, id=13472, stack(0x000000faa2b00000,0x000000faa2c00000)]
  0x0000020a90306800 JavaThread "jar transforms Thread 3" [_thread_blocked, id=4780, stack(0x000000faa2c00000,0x000000faa2d00000)]
  0x0000020a9030d000 JavaThread "Cache worker for Build Output Cleanup Cache (D:\sonalika apk\sonalikaM23 09 22\.gradle\buildOutputCleanup)" [_thread_blocked, id=22824, stack(0x000000faa2d00000,0x000000faa2e00000)]
  0x0000020a90307800 JavaThread "Unconstrained build operations" [_thread_blocked, id=23624, stack(0x000000faa2e00000,0x000000faa2f00000)]
  0x0000020a9030e000 JavaThread "Unconstrained build operations Thread 2" [_thread_blocked, id=28172, stack(0x000000faa2f00000,0x000000faa3000000)]
  0x0000020a90308800 JavaThread "Unconstrained build operations Thread 3" [_thread_blocked, id=10512, stack(0x000000faa3000000,0x000000faa3100000)]
  0x0000020a90311800 JavaThread "Unconstrained build operations Thread 4" [_thread_blocked, id=14752, stack(0x000000faa3100000,0x000000faa3200000)]
  0x0000020a90310800 JavaThread "Unconstrained build operations Thread 5" [_thread_blocked, id=6560, stack(0x000000faa3200000,0x000000faa3300000)]
  0x0000020a90312000 JavaThread "Unconstrained build operations Thread 6" [_thread_blocked, id=11376, stack(0x000000faa3300000,0x000000faa3400000)]
  0x0000020a90313000 JavaThread "Unconstrained build operations Thread 7" [_thread_blocked, id=4416, stack(0x000000faa3400000,0x000000faa3500000)]
  0x0000020a90313800 JavaThread "Unconstrained build operations Thread 8" [_thread_blocked, id=26700, stack(0x000000faa3500000,0x000000faa3600000)]
  0x0000020a90314800 JavaThread "Unconstrained build operations Thread 9" [_thread_blocked, id=15744, stack(0x000000faa3600000,0x000000faa3700000)]
  0x0000020a9030f000 JavaThread "Unconstrained build operations Thread 10" [_thread_blocked, id=8572, stack(0x000000faa3700000,0x000000faa3800000)]
  0x0000020a9030f800 JavaThread "Unconstrained build operations Thread 11" [_thread_blocked, id=6148, stack(0x000000faa3800000,0x000000faa3900000)]
  0x0000020a90410000 JavaThread "Unconstrained build operations Thread 12" [_thread_blocked, id=19492, stack(0x000000faa3900000,0x000000faa3a00000)]
  0x0000020a9040f000 JavaThread "Unconstrained build operations Thread 13" [_thread_blocked, id=18364, stack(0x000000faa3a00000,0x000000faa3b00000)]
  0x0000020a90410800 JavaThread "Unconstrained build operations Thread 14" [_thread_blocked, id=29220, stack(0x000000faa3b00000,0x000000faa3c00000)]
  0x0000020a90411800 JavaThread "Unconstrained build operations Thread 15" [_thread_blocked, id=16864, stack(0x000000faa3c00000,0x000000faa3d00000)]
  0x0000020a90412000 JavaThread "Unconstrained build operations Thread 16" [_thread_blocked, id=24988, stack(0x000000faa3d00000,0x000000faa3e00000)]
  0x0000020a90414000 JavaThread "Unconstrained build operations Thread 17" [_thread_blocked, id=16640, stack(0x000000faa3e00000,0x000000faa3f00000)]
  0x0000020a90413000 JavaThread "Unconstrained build operations Thread 18" [_thread_blocked, id=16412, stack(0x000000faa3f00000,0x000000faa4000000)]
  0x0000020a9040e000 JavaThread "Unconstrained build operations Thread 19" [_thread_blocked, id=28996, stack(0x000000faa4000000,0x000000faa4100000)]
  0x0000020a90416800 JavaThread "Unconstrained build operations Thread 20" [_thread_blocked, id=27128, stack(0x000000faa4100000,0x000000faa4200000)]
  0x0000020a90417000 JavaThread "Unconstrained build operations Thread 21" [_thread_blocked, id=24532, stack(0x000000faa4200000,0x000000faa4300000)]
  0x0000020a90418000 JavaThread "Unconstrained build operations Thread 22" [_thread_blocked, id=15184, stack(0x000000faa4300000,0x000000faa4400000)]
  0x0000020a90418800 JavaThread "Unconstrained build operations Thread 23" [_thread_blocked, id=4284, stack(0x000000faa4400000,0x000000faa4500000)]
  0x0000020a90415800 JavaThread "Unconstrained build operations Thread 24" [_thread_blocked, id=7560, stack(0x000000faa4500000,0x000000faa4600000)]
  0x0000020a9041a800 JavaThread "Unconstrained build operations Thread 25" [_thread_blocked, id=24968, stack(0x000000faa4600000,0x000000faa4700000)]
  0x0000020a90414800 JavaThread "Unconstrained build operations Thread 26" [_thread_blocked, id=20380, stack(0x000000faa4700000,0x000000faa4800000)]
  0x0000020a9041c000 JavaThread "Unconstrained build operations Thread 27" [_thread_blocked, id=17396, stack(0x000000faa4800000,0x000000faa4900000)]
  0x0000020a9041b000 JavaThread "Unconstrained build operations Thread 28" [_thread_blocked, id=3128, stack(0x000000faa4900000,0x000000faa4a00000)]
  0x0000020a90419800 JavaThread "Unconstrained build operations Thread 29" [_thread_blocked, id=11100, stack(0x000000faa4a00000,0x000000faa4b00000)]
  0x0000020a9041d000 JavaThread "Unconstrained build operations Thread 30" [_thread_blocked, id=16204, stack(0x000000faa4b00000,0x000000faa4c00000)]
  0x0000020a90a46000 JavaThread "Unconstrained build operations Thread 31" [_thread_blocked, id=18508, stack(0x000000faa4c00000,0x000000faa4d00000)]
  0x0000020a90a47000 JavaThread "Unconstrained build operations Thread 32" [_thread_blocked, id=11680, stack(0x000000faa4d00000,0x000000faa4e00000)]
  0x0000020a90a41000 JavaThread "Unconstrained build operations Thread 33" [_thread_blocked, id=14284, stack(0x000000faa4e00000,0x000000faa4f00000)]
  0x0000020a90a44800 JavaThread "Unconstrained build operations Thread 34" [_thread_blocked, id=21856, stack(0x000000faa4f00000,0x000000faa5000000)]
  0x0000020a90a45000 JavaThread "Unconstrained build operations Thread 35" [_thread_blocked, id=4868, stack(0x000000faa5000000,0x000000faa5100000)]
  0x0000020a90a47800 JavaThread "Unconstrained build operations Thread 36" [_thread_blocked, id=12836, stack(0x000000faa5100000,0x000000faa5200000)]
  0x0000020a90a42000 JavaThread "Unconstrained build operations Thread 37" [_thread_blocked, id=20180, stack(0x000000faa5200000,0x000000faa5300000)]
  0x0000020a90a48800 JavaThread "Unconstrained build operations Thread 38" [_thread_blocked, id=2964, stack(0x000000faa5300000,0x000000faa5400000)]
  0x0000020a90a42800 JavaThread "Unconstrained build operations Thread 39" [_thread_blocked, id=24204, stack(0x000000faa5400000,0x000000faa5500000)]
  0x0000020a90a49800 JavaThread "Unconstrained build operations Thread 40" [_thread_blocked, id=29372, stack(0x000000faa5500000,0x000000faa5600000)]
  0x0000020a90a43800 JavaThread "Unconstrained build operations Thread 41" [_thread_blocked, id=12764, stack(0x000000faa5600000,0x000000faa5700000)]
  0x0000020a90a4b000 JavaThread "Unconstrained build operations Thread 42" [_thread_blocked, id=22708, stack(0x000000faa5700000,0x000000faa5800000)]
  0x0000020a90a4e000 JavaThread "Unconstrained build operations Thread 43" [_thread_blocked, id=15396, stack(0x000000faa5800000,0x000000faa5900000)]
  0x0000020a90a4b800 JavaThread "Unconstrained build operations Thread 44" [_thread_blocked, id=17528, stack(0x000000faa5900000,0x000000faa5a00000)]
  0x0000020a90a4c800 JavaThread "Unconstrained build operations Thread 45" [_thread_blocked, id=12624, stack(0x000000faa5a00000,0x000000faa5b00000)]
  0x0000020a90a4d800 JavaThread "Unconstrained build operations Thread 46" [_thread_blocked, id=19660, stack(0x000000faa5b00000,0x000000faa5c00000)]
  0x0000020a90a4a000 JavaThread "Unconstrained build operations Thread 47" [_thread_blocked, id=29592, stack(0x000000faa5c00000,0x000000faa5d00000)]
  0x0000020a90a4f000 JavaThread "Unconstrained build operations Thread 48" [_thread_blocked, id=12024, stack(0x000000faa5d00000,0x000000faa5e00000)]
  0x0000020a90a50000 JavaThread "Unconstrained build operations Thread 49" [_thread_blocked, id=28100, stack(0x000000faa5e00000,0x000000faa5f00000)]
  0x0000020a9278f000 JavaThread "Unconstrained build operations Thread 50" [_thread_blocked, id=7540, stack(0x000000faa5f00000,0x000000faa6000000)]
  0x0000020a9278b800 JavaThread "Unconstrained build operations Thread 51" [_thread_blocked, id=13832, stack(0x000000faa6000000,0x000000faa6100000)]
  0x0000020a9278e000 JavaThread "Unconstrained build operations Thread 52" [_thread_blocked, id=29476, stack(0x000000faa6100000,0x000000faa6200000)]
  0x0000020a9278b000 JavaThread "Unconstrained build operations Thread 53" [_thread_blocked, id=26604, stack(0x000000faa6200000,0x000000faa6300000)]
  0x0000020a9278c800 JavaThread "Unconstrained build operations Thread 54" [_thread_blocked, id=12224, stack(0x000000faa6300000,0x000000faa6400000)]
  0x0000020a9278f800 JavaThread "Unconstrained build operations Thread 55" [_thread_blocked, id=27256, stack(0x000000faa6400000,0x000000faa6500000)]
  0x0000020a9278d800 JavaThread "Unconstrained build operations Thread 56" [_thread_blocked, id=7528, stack(0x000000faa6500000,0x000000faa6600000)]
  0x0000020a92795800 JavaThread "Unconstrained build operations Thread 57" [_thread_blocked, id=9864, stack(0x000000faa6600000,0x000000faa6700000)]
  0x0000020a92796800 JavaThread "Unconstrained build operations Thread 58" [_thread_blocked, id=22980, stack(0x000000faa6700000,0x000000faa6800000)]
  0x0000020a92790800 JavaThread "Unconstrained build operations Thread 59" [_thread_blocked, id=14356, stack(0x000000faa6800000,0x000000faa6900000)]
  0x0000020a92797000 JavaThread "Unconstrained build operations Thread 60" [_thread_blocked, id=19396, stack(0x000000faa6900000,0x000000faa6a00000)]
  0x0000020a92794000 JavaThread "Unconstrained build operations Thread 61" [_thread_blocked, id=28192, stack(0x000000faa6a00000,0x000000faa6b00000)]
  0x0000020a92791800 JavaThread "Unconstrained build operations Thread 62" [_thread_blocked, id=13272, stack(0x000000faa6b00000,0x000000faa6c00000)]
  0x0000020a92798000 JavaThread "Unconstrained build operations Thread 63" [_thread_blocked, id=22252, stack(0x000000faa6c00000,0x000000faa6d00000)]
  0x0000020a92792000 JavaThread "Unconstrained build operations Thread 64" [_thread_blocked, id=9420, stack(0x000000faa6d00000,0x000000faa6e00000)]
  0x0000020a92798800 JavaThread "Unconstrained build operations Thread 65" [_thread_blocked, id=13980, stack(0x000000faa6e00000,0x000000faa6f00000)]
  0x0000020a92793000 JavaThread "Unconstrained build operations Thread 66" [_thread_blocked, id=6948, stack(0x000000faa6f00000,0x000000faa7000000)]
  0x0000020a92799800 JavaThread "Unconstrained build operations Thread 67" [_thread_blocked, id=26208, stack(0x000000faa7000000,0x000000faa7100000)]
  0x0000020a92794800 JavaThread "Unconstrained build operations Thread 68" [_thread_blocked, id=11592, stack(0x000000faa7100000,0x000000faa7200000)]
  0x0000020a927b8800 JavaThread "Unconstrained build operations Thread 69" [_thread_blocked, id=17584, stack(0x000000faa7200000,0x000000faa7300000)]
  0x0000020a927b5800 JavaThread "Unconstrained build operations Thread 70" [_thread_blocked, id=4192, stack(0x000000faa7300000,0x000000faa7400000)]
  0x0000020a927b4800 JavaThread "Unconstrained build operations Thread 71" [_thread_blocked, id=24176, stack(0x000000faa7400000,0x000000faa7500000)]
  0x0000020a927b3000 JavaThread "Unconstrained build operations Thread 72" [_thread_blocked, id=17384, stack(0x000000faa7500000,0x000000faa7600000)]
  0x0000020a927b7000 JavaThread "Unconstrained build operations Thread 73" [_thread_blocked, id=3704, stack(0x000000faa7600000,0x000000faa7700000)]
  0x0000020a927b6000 JavaThread "Unconstrained build operations Thread 74" [_thread_blocked, id=13392, stack(0x000000faa7700000,0x000000faa7800000)]
  0x0000020a927b7800 JavaThread "Unconstrained build operations Thread 75" [_thread_blocked, id=13684, stack(0x000000faa7800000,0x000000faa7900000)]
  0x0000020a927b9800 JavaThread "Unconstrained build operations Thread 76" [_thread_blocked, id=14712, stack(0x000000faa7900000,0x000000faa7a00000)]
  0x0000020a927b3800 JavaThread "Unconstrained build operations Thread 77" [_thread_blocked, id=19472, stack(0x000000faa7a00000,0x000000faa7b00000)]
  0x0000020a927bb000 JavaThread "Unconstrained build operations Thread 78" [_thread_blocked, id=5392, stack(0x000000faa7b00000,0x000000faa7c00000)]
  0x0000020a927bd800 JavaThread "Unconstrained build operations Thread 79" [_thread_blocked, id=10776, stack(0x000000faa7c00000,0x000000faa7d00000)]
  0x0000020a927bc000 JavaThread "Unconstrained build operations Thread 80" [_thread_blocked, id=25092, stack(0x000000faa7d00000,0x000000faa7e00000)]
  0x0000020a927ba000 JavaThread "jar transforms Thread 4" [_thread_blocked, id=24572, stack(0x000000faa7e00000,0x000000faa7f00000)]
  0x0000020a927be800 JavaThread "jar transforms Thread 5" [_thread_blocked, id=24772, stack(0x000000faa7f00000,0x000000faa8000000)]
  0x0000020a927bf000 JavaThread "jar transforms Thread 6" [_thread_blocked, id=26368, stack(0x000000faa8000000,0x000000faa8100000)]
  0x0000020a927bc800 JavaThread "jar transforms Thread 7" [_thread_blocked, id=24728, stack(0x000000faa8100000,0x000000faa8200000)]
  0x0000020a927c0000 JavaThread "jar transforms Thread 8" [_thread_blocked, id=24048, stack(0x000000faa8200000,0x000000faa8300000)]
  0x0000020a927c1800 JavaThread "Memory manager" [_thread_blocked, id=27856, stack(0x000000faa8300000,0x000000faa8400000)]

Other Threads:
  0x0000020afcb1e800 VMThread "VM Thread" [stack: 0x000000faa0100000,0x000000faa0200000] [id=12920]
  0x0000020afd637800 WatcherThread [stack: 0x000000faa0b00000,0x000000faa0c00000] [id=22544]
  0x0000020af2a02000 GCTaskThread "GC Thread#0" [stack: 0x000000fa9fc00000,0x000000fa9fd00000] [id=28680]
  0x0000020afe004000 GCTaskThread "GC Thread#1" [stack: 0x000000faa0c00000,0x000000faa0d00000] [id=9592]
  0x0000020afe002800 GCTaskThread "GC Thread#2" [stack: 0x000000faa1700000,0x000000faa1800000] [id=27320]
  0x0000020afe001000 GCTaskThread "GC Thread#3" [stack: 0x000000faa1800000,0x000000faa1900000] [id=6640]
  0x0000020afe003000 GCTaskThread "GC Thread#4" [stack: 0x000000faa1900000,0x000000faa1a00000] [id=22392]
  0x0000020afe004800 GCTaskThread "GC Thread#5" [stack: 0x000000faa1a00000,0x000000faa1b00000] [id=29348]
  0x0000020afdffe000 GCTaskThread "GC Thread#6" [stack: 0x000000faa1b00000,0x000000faa1c00000] [id=12188]
  0x0000020afe005000 GCTaskThread "GC Thread#7" [stack: 0x000000faa1c00000,0x000000faa1d00000] [id=20848]
  0x0000020af2a2b000 ConcurrentGCThread "G1 Main Marker" [stack: 0x000000fa9fd00000,0x000000fa9fe00000] [id=20692]
  0x0000020af2a2e000 ConcurrentGCThread "G1 Conc#0" [stack: 0x000000fa9fe00000,0x000000fa9ff00000] [id=20764]
  0x0000020afe000000 ConcurrentGCThread "G1 Conc#1" [stack: 0x000000faa2000000,0x000000faa2100000] [id=15092]
  0x0000020af2a9c800 ConcurrentGCThread "G1 Refine#0" [stack: 0x000000fa9ff00000,0x000000faa0000000] [id=15872]
  0x0000020af2a9d800 ConcurrentGCThread "G1 Young RemSet Sampling" [stack: 0x000000faa0000000,0x000000faa0100000] [id=27808]

Threads with active compile tasks:
C2 CompilerThread0  16042 6109       4       jdk.internal.loader.URLClassPath$JarLoader$2::getBytes (48 bytes)

VM state:not at safepoint (normal execution)

VM Mutex/Monitor currently owned by a thread: None

Heap address: 0x00000000a0000000, size: 1536 MB, Compressed Oops mode: 32-bit
Narrow klass base: 0x0000000000000000, Narrow klass shift: 3
Compressed class space size: 1073741824 Address: 0x0000000100000000

Heap:
 garbage-first heap   total 95232K, used 72046K [0x00000000a0000000, 0x0000000100000000)
  region size 1024K, 16 young (16384K), 2 survivors (2048K)
 Metaspace       used 63232K, capacity 64811K, committed 65148K, reserved 1105920K
  class space    used 7939K, capacity 8549K, committed 8652K, reserved 1048576K
Heap Regions: E=young(eden), S=young(survivor), O=old, HS=humongous(starts), HC=humongous(continues), CS=collection set, F=free, A=archive, TAMS=top-at-mark-start (previous, next)
|   0|0x00000000a0000000, 0x00000000a0100000, 0x00000000a0100000|100%| O|  |TAMS 0x00000000a0100000, 0x00000000a0000000| Untracked 
|   1|0x00000000a0100000, 0x00000000a0200000, 0x00000000a0200000|100%| O|  |TAMS 0x00000000a0200000, 0x00000000a0100000| Untracked 
|   2|0x00000000a0200000, 0x00000000a0300000, 0x00000000a0300000|100%| O|  |TAMS 0x00000000a0300000, 0x00000000a0200000| Untracked 
|   3|0x00000000a0300000, 0x00000000a0400000, 0x00000000a0400000|100%|HS|  |TAMS 0x00000000a0400000, 0x00000000a0300000| Complete 
|   4|0x00000000a0400000, 0x00000000a0500000, 0x00000000a0500000|100%|HC|  |TAMS 0x00000000a0500000, 0x00000000a0400000| Complete 
|   5|0x00000000a0500000, 0x00000000a0600000, 0x00000000a0600000|100%|HC|  |TAMS 0x00000000a0600000, 0x00000000a0500000| Complete 
|   6|0x00000000a0600000, 0x00000000a0700000, 0x00000000a0700000|100%| O|  |TAMS 0x00000000a0700000, 0x00000000a0600000| Untracked 
|   7|0x00000000a0700000, 0x00000000a0800000, 0x00000000a0800000|100%| O|  |TAMS 0x00000000a0800000, 0x00000000a0700000| Untracked 
|   8|0x00000000a0800000, 0x00000000a0900000, 0x00000000a0900000|100%| O|  |TAMS 0x00000000a0900000, 0x00000000a0800000| Untracked 
|   9|0x00000000a0900000, 0x00000000a0a00000, 0x00000000a0a00000|100%| O|  |TAMS 0x00000000a0a00000, 0x00000000a0900000| Untracked 
|  10|0x00000000a0a00000, 0x00000000a0b00000, 0x00000000a0b00000|100%| O|  |TAMS 0x00000000a0b00000, 0x00000000a0a00000| Untracked 
|  11|0x00000000a0b00000, 0x00000000a0c00000, 0x00000000a0c00000|100%| O|  |TAMS 0x00000000a0c00000, 0x00000000a0b00000| Untracked 
|  12|0x00000000a0c00000, 0x00000000a0d00000, 0x00000000a0d00000|100%| O|  |TAMS 0x00000000a0d00000, 0x00000000a0c00000| Untracked 
|  13|0x00000000a0d00000, 0x00000000a0e00000, 0x00000000a0e00000|100%| O|  |TAMS 0x00000000a0e00000, 0x00000000a0d00000| Untracked 
|  14|0x00000000a0e00000, 0x00000000a0f00000, 0x00000000a0f00000|100%| O|  |TAMS 0x00000000a0f00000, 0x00000000a0e00000| Untracked 
|  15|0x00000000a0f00000, 0x00000000a1000000, 0x00000000a1000000|100%| O|  |TAMS 0x00000000a1000000, 0x00000000a0f00000| Untracked 
|  16|0x00000000a1000000, 0x00000000a1100000, 0x00000000a1100000|100%| O|  |TAMS 0x00000000a1100000, 0x00000000a1000000| Untracked 
|  17|0x00000000a1100000, 0x00000000a1200000, 0x00000000a1200000|100%| O|  |TAMS 0x00000000a1200000, 0x00000000a1100000| Untracked 
|  18|0x00000000a1200000, 0x00000000a1300000, 0x00000000a1300000|100%| O|  |TAMS 0x00000000a1300000, 0x00000000a1200000| Untracked 
|  19|0x00000000a1300000, 0x00000000a1400000, 0x00000000a1400000|100%| O|  |TAMS 0x00000000a1400000, 0x00000000a1300000| Untracked 
|  20|0x00000000a1400000, 0x00000000a1500000, 0x00000000a1500000|100%| O|  |TAMS 0x00000000a1500000, 0x00000000a1400000| Untracked 
|  21|0x00000000a1500000, 0x00000000a1600000, 0x00000000a1600000|100%| O|  |TAMS 0x00000000a1600000, 0x00000000a1500000| Untracked 
|  22|0x00000000a1600000, 0x00000000a1700000, 0x00000000a1700000|100%| O|  |TAMS 0x00000000a1700000, 0x00000000a1600000| Untracked 
|  23|0x00000000a1700000, 0x00000000a1800000, 0x00000000a1800000|100%| O|  |TAMS 0x00000000a1800000, 0x00000000a1700000| Untracked 
|  24|0x00000000a1800000, 0x00000000a1900000, 0x00000000a1900000|100%| O|  |TAMS 0x00000000a1900000, 0x00000000a1800000| Untracked 
|  25|0x00000000a1900000, 0x00000000a1a00000, 0x00000000a1a00000|100%| O|  |TAMS 0x00000000a1a00000, 0x00000000a1900000| Untracked 
|  26|0x00000000a1a00000, 0x00000000a1b00000, 0x00000000a1b00000|100%| O|  |TAMS 0x00000000a1b00000, 0x00000000a1a00000| Untracked 
|  27|0x00000000a1b00000, 0x00000000a1c00000, 0x00000000a1c00000|100%| O|  |TAMS 0x00000000a1c00000, 0x00000000a1b00000| Untracked 
|  28|0x00000000a1c00000, 0x00000000a1d00000, 0x00000000a1d00000|100%| O|  |TAMS 0x00000000a1d00000, 0x00000000a1c00000| Untracked 
|  29|0x00000000a1d00000, 0x00000000a1e00000, 0x00000000a1e00000|100%| O|  |TAMS 0x00000000a1e00000, 0x00000000a1d00000| Untracked 
|  30|0x00000000a1e00000, 0x00000000a1f00000, 0x00000000a1f00000|100%|HS|  |TAMS 0x00000000a1f00000, 0x00000000a1e00000| Complete 
|  31|0x00000000a1f00000, 0x00000000a2000000, 0x00000000a2000000|100%|HS|  |TAMS 0x00000000a2000000, 0x00000000a1f00000| Complete 
|  32|0x00000000a2000000, 0x00000000a2100000, 0x00000000a2100000|100%|HS|  |TAMS 0x00000000a2100000, 0x00000000a2000000| Complete 
|  33|0x00000000a2100000, 0x00000000a2200000, 0x00000000a2200000|100%| O|  |TAMS 0x00000000a2200000, 0x00000000a2100000| Untracked 
|  34|0x00000000a2200000, 0x00000000a2300000, 0x00000000a2300000|100%| O|  |TAMS 0x00000000a2300000, 0x00000000a2200000| Untracked 
|  35|0x00000000a2300000, 0x00000000a2400000, 0x00000000a2400000|100%| O|  |TAMS 0x00000000a2400000, 0x00000000a2300000| Untracked 
|  36|0x00000000a2400000, 0x00000000a2500000, 0x00000000a2500000|100%| O|  |TAMS 0x00000000a2500000, 0x00000000a2400000| Untracked 
|  37|0x00000000a2500000, 0x00000000a2600000, 0x00000000a2600000|100%|HS|  |TAMS 0x00000000a2600000, 0x00000000a2500000| Complete 
|  38|0x00000000a2600000, 0x00000000a2700000, 0x00000000a2700000|100%|HC|  |TAMS 0x00000000a2700000, 0x00000000a2600000| Complete 
|  39|0x00000000a2700000, 0x00000000a2800000, 0x00000000a2800000|100%|HC|  |TAMS 0x00000000a2800000, 0x00000000a2700000| Complete 
|  40|0x00000000a2800000, 0x00000000a2900000, 0x00000000a2900000|100%| O|  |TAMS 0x00000000a2900000, 0x00000000a2800000| Untracked 
|  41|0x00000000a2900000, 0x00000000a2a00000, 0x00000000a2a00000|100%| O|  |TAMS 0x00000000a2a00000, 0x00000000a2900000| Untracked 
|  42|0x00000000a2a00000, 0x00000000a2b00000, 0x00000000a2b00000|100%| O|  |TAMS 0x00000000a2b00000, 0x00000000a2a00000| Untracked 
|  43|0x00000000a2b00000, 0x00000000a2c00000, 0x00000000a2c00000|100%| O|  |TAMS 0x00000000a2c00000, 0x00000000a2b00000| Untracked 
|  44|0x00000000a2c00000, 0x00000000a2d00000, 0x00000000a2d00000|100%|HS|  |TAMS 0x00000000a2d00000, 0x00000000a2c00000| Complete 
|  45|0x00000000a2d00000, 0x00000000a2e00000, 0x00000000a2e00000|100%|HC|  |TAMS 0x00000000a2e00000, 0x00000000a2d00000| Complete 
|  46|0x00000000a2e00000, 0x00000000a2f00000, 0x00000000a2f00000|100%| O|  |TAMS 0x00000000a2f00000, 0x00000000a2e00000| Untracked 
|  47|0x00000000a2f00000, 0x00000000a3000000, 0x00000000a3000000|100%| O|  |TAMS 0x00000000a3000000, 0x00000000a2f00000| Untracked 
|  48|0x00000000a3000000, 0x00000000a3100000, 0x00000000a3100000|100%| O|  |TAMS 0x00000000a3100000, 0x00000000a3000000| Untracked 
|  49|0x00000000a3100000, 0x00000000a3200000, 0x00000000a3200000|100%| O|  |TAMS 0x00000000a3200000, 0x00000000a3100000| Untracked 
|  50|0x00000000a3200000, 0x00000000a3300000, 0x00000000a3300000|100%| O|  |TAMS 0x00000000a3300000, 0x00000000a3200000| Untracked 
|  51|0x00000000a3300000, 0x00000000a3400000, 0x00000000a3400000|100%| O|  |TAMS 0x00000000a3400000, 0x00000000a3300000| Untracked 
|  52|0x00000000a3400000, 0x00000000a3500000, 0x00000000a3500000|100%| O|  |TAMS 0x00000000a3500000, 0x00000000a3400000| Untracked 
|  53|0x00000000a3500000, 0x00000000a3600000, 0x00000000a3600000|100%| O|  |TAMS 0x00000000a357b200, 0x00000000a3500000| Untracked 
|  54|0x00000000a3600000, 0x00000000a3700000, 0x00000000a3700000|100%| O|  |TAMS 0x00000000a3600000, 0x00000000a3600000| Untracked 
|  55|0x00000000a3700000, 0x00000000a37cd600, 0x00000000a3800000| 80%| O|  |TAMS 0x00000000a3700000, 0x00000000a3700000| Untracked 
|  56|0x00000000a3800000, 0x00000000a3800000, 0x00000000a3900000|  0%| F|  |TAMS 0x00000000a3800000, 0x00000000a3800000| Untracked 
|  57|0x00000000a3900000, 0x00000000a3900000, 0x00000000a3a00000|  0%| F|  |TAMS 0x00000000a3900000, 0x00000000a3900000| Untracked 
|  58|0x00000000a3a00000, 0x00000000a3a00000, 0x00000000a3b00000|  0%| F|  |TAMS 0x00000000a3a00000, 0x00000000a3a00000| Untracked 
|  59|0x00000000a3b00000, 0x00000000a3b00000, 0x00000000a3c00000|  0%| F|  |TAMS 0x00000000a3b00000, 0x00000000a3b00000| Untracked 
|  60|0x00000000a3c00000, 0x00000000a3c00000, 0x00000000a3d00000|  0%| F|  |TAMS 0x00000000a3c00000, 0x00000000a3c00000| Untracked 
|  61|0x00000000a3d00000, 0x00000000a3d00000, 0x00000000a3e00000|  0%| F|  |TAMS 0x00000000a3d00000, 0x00000000a3d00000| Untracked 
|  62|0x00000000a3e00000, 0x00000000a3e00000, 0x00000000a3f00000|  0%| F|  |TAMS 0x00000000a3e00000, 0x00000000a3e00000| Untracked 
|  63|0x00000000a3f00000, 0x00000000a3f00000, 0x00000000a4000000|  0%| F|  |TAMS 0x00000000a3f00000, 0x00000000a3f00000| Untracked 
|  64|0x00000000a4000000, 0x00000000a4000000, 0x00000000a4100000|  0%| F|  |TAMS 0x00000000a4000000, 0x00000000a4000000| Untracked 
|  65|0x00000000a4100000, 0x00000000a4100000, 0x00000000a4200000|  0%| F|  |TAMS 0x00000000a4100000, 0x00000000a4100000| Untracked 
|  66|0x00000000a4200000, 0x00000000a4200000, 0x00000000a4300000|  0%| F|  |TAMS 0x00000000a4200000, 0x00000000a4200000| Untracked 
|  67|0x00000000a4300000, 0x00000000a4300000, 0x00000000a4400000|  0%| F|  |TAMS 0x00000000a4300000, 0x00000000a4300000| Untracked 
|  68|0x00000000a4400000, 0x00000000a4400000, 0x00000000a4500000|  0%| F|  |TAMS 0x00000000a4400000, 0x00000000a4400000| Untracked 
|  69|0x00000000a4500000, 0x00000000a4500000, 0x00000000a4600000|  0%| F|  |TAMS 0x00000000a4500000, 0x00000000a4500000| Untracked 
|  70|0x00000000a4600000, 0x00000000a4600000, 0x00000000a4700000|  0%| F|  |TAMS 0x00000000a4600000, 0x00000000a4600000| Untracked 
|  71|0x00000000a4700000, 0x00000000a4700000, 0x00000000a4800000|  0%| F|  |TAMS 0x00000000a4700000, 0x00000000a4700000| Untracked 
|  72|0x00000000a4800000, 0x00000000a4800000, 0x00000000a4900000|  0%| F|  |TAMS 0x00000000a4800000, 0x00000000a4800000| Untracked 
|  73|0x00000000a4900000, 0x00000000a4900000, 0x00000000a4a00000|  0%| F|  |TAMS 0x00000000a4900000, 0x00000000a4900000| Untracked 
|  74|0x00000000a4a00000, 0x00000000a4a8e2f0, 0x00000000a4b00000| 55%| S|CS|TAMS 0x00000000a4a00000, 0x00000000a4a00000| Complete 
|  75|0x00000000a4b00000, 0x00000000a4c00000, 0x00000000a4c00000|100%| S|CS|TAMS 0x00000000a4b00000, 0x00000000a4b00000| Complete 
|  76|0x00000000a4c00000, 0x00000000a4c00000, 0x00000000a4d00000|  0%| F|  |TAMS 0x00000000a4c00000, 0x00000000a4c00000| Untracked 
|  77|0x00000000a4d00000, 0x00000000a4d00000, 0x00000000a4e00000|  0%| F|  |TAMS 0x00000000a4d00000, 0x00000000a4d00000| Untracked 
|  78|0x00000000a4e00000, 0x00000000a4e00000, 0x00000000a4f00000|  0%| F|  |TAMS 0x00000000a4e00000, 0x00000000a4e00000| Untracked 
|  79|0x00000000a4f00000, 0x00000000a4fa8a70, 0x00000000a5000000| 65%| E|  |TAMS 0x00000000a4f00000, 0x00000000a4f00000| Complete 
|  80|0x00000000a5000000, 0x00000000a5100000, 0x00000000a5100000|100%| E|CS|TAMS 0x00000000a5000000, 0x00000000a5000000| Complete 
|  81|0x00000000a5100000, 0x00000000a5200000, 0x00000000a5200000|100%| E|CS|TAMS 0x00000000a5100000, 0x00000000a5100000| Complete 
|  82|0x00000000a5200000, 0x00000000a5300000, 0x00000000a5300000|100%| E|CS|TAMS 0x00000000a5200000, 0x00000000a5200000| Complete 
|  83|0x00000000a5300000, 0x00000000a5400000, 0x00000000a5400000|100%| E|CS|TAMS 0x00000000a5300000, 0x00000000a5300000| Complete 
|  84|0x00000000a5400000, 0x00000000a5500000, 0x00000000a5500000|100%| E|CS|TAMS 0x00000000a5400000, 0x00000000a5400000| Complete 
|  85|0x00000000a5500000, 0x00000000a5600000, 0x00000000a5600000|100%| E|CS|TAMS 0x00000000a5500000, 0x00000000a5500000| Complete 
|  86|0x00000000a5600000, 0x00000000a5700000, 0x00000000a5700000|100%| E|CS|TAMS 0x00000000a5600000, 0x00000000a5600000| Complete 
|  87|0x00000000a5700000, 0x00000000a5800000, 0x00000000a5800000|100%| E|CS|TAMS 0x00000000a5700000, 0x00000000a5700000| Complete 
|  88|0x00000000a5800000, 0x00000000a5900000, 0x00000000a5900000|100%| E|CS|TAMS 0x00000000a5800000, 0x00000000a5800000| Complete 
|  89|0x00000000a5900000, 0x00000000a5a00000, 0x00000000a5a00000|100%| E|CS|TAMS 0x00000000a5900000, 0x00000000a5900000| Complete 
|  90|0x00000000a5a00000, 0x00000000a5b00000, 0x00000000a5b00000|100%| E|CS|TAMS 0x00000000a5a00000, 0x00000000a5a00000| Complete 
|  91|0x00000000a5b00000, 0x00000000a5c00000, 0x00000000a5c00000|100%| E|CS|TAMS 0x00000000a5b00000, 0x00000000a5b00000| Complete 
|  92|0x00000000a5c00000, 0x00000000a5d00000, 0x00000000a5d00000|100%| E|CS|TAMS 0x00000000a5c00000, 0x00000000a5c00000| Complete 

Card table byte_map: [0x0000020af6b40000,0x0000020af6e40000] _byte_map_base: 0x0000020af6640000

Marking Bits (Prev, Next): (CMBitMap*) 0x0000020af2a24068, (CMBitMap*) 0x0000020af2a240a0
 Prev Bits: [0x0000020af7140000, 0x0000020af8940000)
 Next Bits: [0x0000020af8940000, 0x0000020afa140000)

Polling page: 0x0000020af0880000

Metaspace:

Usage:
  Non-class:     54.94 MB capacity,    54.00 MB ( 98%) used,   805.45 KB (  1%) free+waste,   161.44 KB ( <1%) overhead. 
      Class:      8.35 MB capacity,     7.75 MB ( 93%) used,   533.63 KB (  6%) free+waste,    75.75 KB ( <1%) overhead. 
       Both:     63.29 MB capacity,    61.75 MB ( 98%) used,     1.31 MB (  2%) free+waste,   237.19 KB ( <1%) overhead. 

Virtual space:
  Non-class space:       56.00 MB reserved,      55.17 MB ( 99%) committed 
      Class space:        1.00 GB reserved,       8.45 MB ( <1%) committed 
             Both:        1.05 GB reserved,      63.62 MB (  6%) committed 

Chunk freelists:
   Non-Class:  42.00 KB
       Class:  27.00 KB
        Both:  69.00 KB

MaxMetaspaceSize: 17179869184.00 GB
CompressedClassSpaceSize: 1.00 GB
Initial GC threshold: 20.80 MB
Current GC threshold: 101.66 MB
CDS: off

CodeHeap 'non-profiled nmethods': size=120000Kb used=3215Kb max_used=3215Kb free=116784Kb
 bounds [0x0000020a87ad0000, 0x0000020a87e00000, 0x0000020a8f000000]
CodeHeap 'profiled nmethods': size=120000Kb used=12919Kb max_used=12919Kb free=107081Kb
 bounds [0x0000020a805a0000, 0x0000020a81240000, 0x0000020a87ad0000]
CodeHeap 'non-nmethods': size=5760Kb used=2335Kb max_used=2353Kb free=3424Kb
 bounds [0x0000020a80000000, 0x0000020a80270000, 0x0000020a805a0000]
 total_blobs=7068 nmethods=6223 adapters=757
 compilation: enabled
              stopped_count=0, restarted_count=0
 full_count=0

Compilation events (20 events):
Event: 15.705 Thread 0x0000020afd4d0000 nmethod 6090 0x0000020a87dec110 code [0x0000020a87dec3a0, 0x0000020a87dee020]
Event: 15.705 Thread 0x0000020afd4d0000 6109       4       jdk.internal.loader.URLClassPath$JarLoader$2::getBytes (48 bytes)
Event: 15.709 Thread 0x0000020afcbae800 6112       3       java.util.LinkedHashMap::get (33 bytes)
Event: 15.709 Thread 0x0000020afcbae800 nmethod 6112 0x0000020a811b4190 code [0x0000020a811b4380, 0x0000020a811b47a8]
Event: 15.720 Thread 0x0000020afcbae800 6114   !   3       java.net.URLClassLoader$1::run (81 bytes)
Event: 15.720 Thread 0x0000020afcbae800 nmethod 6114 0x0000020a811b4910 code [0x0000020a811b4b40, 0x0000020a811b50d8]
Event: 15.721 Thread 0x0000020afcbae800 6115       3       java.net.URLClassLoader$1::run (5 bytes)
Event: 15.721 Thread 0x0000020afcbae800 nmethod 6115 0x0000020a811b5390 code [0x0000020a811b5540, 0x0000020a811b5668]
Event: 15.722 Thread 0x0000020afcbae800 6116       3       java.security.CodeSource::<init> (52 bytes)
Event: 15.722 Thread 0x0000020afcbae800 nmethod 6116 0x0000020a811b5710 code [0x0000020a811b5900, 0x0000020a811b5e78]
Event: 15.731 Thread 0x0000020afcbae800 6117       3       com.google.common.collect.MapMakerInternalMap$StrongKeyWeakValueEntry::copy (34 bytes)
Event: 15.731 Thread 0x0000020afcbae800 nmethod 6117 0x0000020a811b5f90 code [0x0000020a811b6180, 0x0000020a811b66c8]
Event: 15.731 Thread 0x0000020afcbae800 6118       3       com.google.common.collect.MapMakerInternalMap$WeakValueReferenceImpl::copyFor (14 bytes)
Event: 15.731 Thread 0x0000020afcbae800 nmethod 6118 0x0000020a811b6890 code [0x0000020a811b6a80, 0x0000020a811b6f78]
Event: 15.743 Thread 0x0000020afcbae800 6119  s    3       java.util.jar.JarFile::getInputStream (72 bytes)
Event: 15.743 Thread 0x0000020afcbae800 nmethod 6119 0x0000020a811b7110 code [0x0000020a811b7340, 0x0000020a811b7958]
Event: 15.778 Thread 0x0000020afcbae800 6120       3       jdk.internal.loader.URLClassPath$JarLoader$2::getCodeSigners (8 bytes)
Event: 15.779 Thread 0x0000020afcbae800 nmethod 6120 0x0000020a811b7b10 code [0x0000020a811b7cc0, 0x0000020a811b7e88]
Event: 15.779 Thread 0x0000020afcbae800 6121   !   3       java.util.jar.JarFile$JarFileEntry::getCodeSigners (81 bytes)
Event: 15.780 Thread 0x0000020afcbae800 nmethod 6121 0x0000020a811b7f90 code [0x0000020a811b81c0, 0x0000020a811b8768]

GC Heap History (20 events):
Event: 9.908 GC heap before
{Heap before GC invocations=18 (full 0):
 garbage-first heap   total 65536K, used 51368K [0x00000000a0000000, 0x0000000100000000)
  region size 1024K, 22 young (22528K), 2 survivors (2048K)
 Metaspace       used 47391K, capacity 48637K, committed 48892K, reserved 1091584K
  class space    used 5990K, capacity 6425K, committed 6476K, reserved 1048576K
}
Event: 9.913 GC heap after
{Heap after GC invocations=19 (full 0):
 garbage-first heap   total 78848K, used 32155K [0x00000000a0000000, 0x0000000100000000)
  region size 1024K, 2 young (2048K), 2 survivors (2048K)
 Metaspace       used 47391K, capacity 48637K, committed 48892K, reserved 1091584K
  class space    used 5990K, capacity 6425K, committed 6476K, reserved 1048576K
}
Event: 10.196 GC heap before
{Heap before GC invocations=20 (full 0):
 garbage-first heap   total 78848K, used 56731K [0x00000000a0000000, 0x0000000100000000)
  region size 1024K, 27 young (27648K), 2 survivors (2048K)
 Metaspace       used 48251K, capacity 49609K, committed 49788K, reserved 1093632K
  class space    used 6112K, capacity 6575K, committed 6604K, reserved 1048576K
}
Event: 10.199 GC heap after
{Heap after GC invocations=21 (full 0):
 garbage-first heap   total 78848K, used 33769K [0x00000000a0000000, 0x0000000100000000)
  region size 1024K, 4 young (4096K), 4 survivors (4096K)
 Metaspace       used 48251K, capacity 49609K, committed 49788K, reserved 1093632K
  class space    used 6112K, capacity 6575K, committed 6604K, reserved 1048576K
}
Event: 10.495 GC heap before
{Heap before GC invocations=21 (full 0):
 garbage-first heap   total 78848K, used 53225K [0x00000000a0000000, 0x0000000100000000)
  region size 1024K, 22 young (22528K), 4 survivors (4096K)
 Metaspace       used 48585K, capacity 49980K, committed 50044K, reserved 1093632K
  class space    used 6139K, capacity 6590K, committed 6604K, reserved 1048576K
}
Event: 10.503 GC heap after
{Heap after GC invocations=22 (full 0):
 garbage-first heap   total 78848K, used 41148K [0x00000000a0000000, 0x0000000100000000)
  region size 1024K, 4 young (4096K), 4 survivors (4096K)
 Metaspace       used 48585K, capacity 49980K, committed 50044K, reserved 1093632K
  class space    used 6139K, capacity 6590K, committed 6604K, reserved 1048576K
}
Event: 10.599 GC heap before
{Heap before GC invocations=23 (full 0):
 garbage-first heap   total 78848K, used 46268K [0x00000000a0000000, 0x0000000100000000)
  region size 1024K, 8 young (8192K), 4 survivors (4096K)
 Metaspace       used 48585K, capacity 49980K, committed 50044K, reserved 1093632K
  class space    used 6139K, capacity 6590K, committed 6604K, reserved 1048576K
}
Event: 10.604 GC heap after
{Heap after GC invocations=24 (full 0):
 garbage-first heap   total 78848K, used 46774K [0x00000000a0000000, 0x0000000100000000)
  region size 1024K, 3 young (3072K), 3 survivors (3072K)
 Metaspace       used 48585K, capacity 49980K, committed 50044K, reserved 1093632K
  class space    used 6139K, capacity 6590K, committed 6604K, reserved 1048576K
}
Event: 10.759 GC heap before
{Heap before GC invocations=25 (full 0):
 garbage-first heap   total 78848K, used 58038K [0x00000000a0000000, 0x0000000100000000)
  region size 1024K, 13 young (13312K), 3 survivors (3072K)
 Metaspace       used 48788K, capacity 50112K, committed 50428K, reserved 1093632K
  class space    used 6151K, capacity 6612K, committed 6732K, reserved 1048576K
}
Event: 10.762 GC heap after
{Heap after GC invocations=26 (full 0):
 garbage-first heap   total 95232K, used 50553K [0x00000000a0000000, 0x0000000100000000)
  region size 1024K, 2 young (2048K), 2 survivors (2048K)
 Metaspace       used 48788K, capacity 50112K, committed 50428K, reserved 1093632K
  class space    used 6151K, capacity 6612K, committed 6732K, reserved 1048576K
}
Event: 12.380 GC heap before
{Heap before GC invocations=26 (full 0):
 garbage-first heap   total 95232K, used 66937K [0x00000000a0000000, 0x0000000100000000)
  region size 1024K, 18 young (18432K), 2 survivors (2048K)
 Metaspace       used 50636K, capacity 52044K, committed 52220K, reserved 1095680K
  class space    used 6391K, capacity 6906K, committed 6988K, reserved 1048576K
}
Event: 12.385 GC heap after
{Heap after GC invocations=27 (full 0):
 garbage-first heap   total 95232K, used 51370K [0x00000000a0000000, 0x0000000100000000)
  region size 1024K, 1 young (1024K), 1 survivors (1024K)
 Metaspace       used 50636K, capacity 52044K, committed 52220K, reserved 1095680K
  class space    used 6391K, capacity 6906K, committed 6988K, reserved 1048576K
}
Event: 12.861 GC heap before
{Heap before GC invocations=28 (full 0):
 garbage-first heap   total 95232K, used 68778K [0x00000000a0000000, 0x0000000100000000)
  region size 1024K, 18 young (18432K), 1 survivors (1024K)
 Metaspace       used 52823K, capacity 54254K, committed 54524K, reserved 1097728K
  class space    used 6671K, capacity 7175K, committed 7244K, reserved 1048576K
}
Event: 12.863 GC heap after
{Heap after GC invocations=29 (full 0):
 garbage-first heap   total 95232K, used 51961K [0x00000000a0000000, 0x0000000100000000)
  region size 1024K, 2 young (2048K), 2 survivors (2048K)
 Metaspace       used 52823K, capacity 54254K, committed 54524K, reserved 1097728K
  class space    used 6671K, capacity 7175K, committed 7244K, reserved 1048576K
}
Event: 13.602 GC heap before
{Heap before GC invocations=29 (full 0):
 garbage-first heap   total 95232K, used 69369K [0x00000000a0000000, 0x0000000100000000)
  region size 1024K, 20 young (20480K), 2 survivors (2048K)
 Metaspace       used 55505K, capacity 57019K, committed 57212K, reserved 1099776K
  class space    used 6988K, capacity 7518K, committed 7628K, reserved 1048576K
}
Event: 13.605 GC heap after
{Heap after GC invocations=30 (full 0):
 garbage-first heap   total 95232K, used 52452K [0x00000000a0000000, 0x0000000100000000)
  region size 1024K, 2 young (2048K), 2 survivors (2048K)
 Metaspace       used 55505K, capacity 57019K, committed 57212K, reserved 1099776K
  class space    used 6988K, capacity 7518K, committed 7628K, reserved 1048576K
}
Event: 15.118 GC heap before
{Heap before GC invocations=31 (full 0):
 garbage-first heap   total 95232K, used 71908K [0x00000000a0000000, 0x0000000100000000)
  region size 1024K, 21 young (21504K), 2 survivors (2048K)
 Metaspace       used 58536K, capacity 60116K, committed 60156K, reserved 1101824K
  class space    used 7379K, capacity 7973K, committed 8012K, reserved 1048576K
}
Event: 15.121 GC heap after
{Heap after GC invocations=32 (full 0):
 garbage-first heap   total 95232K, used 53273K [0x00000000a0000000, 0x0000000100000000)
  region size 1024K, 2 young (2048K), 2 survivors (2048K)
 Metaspace       used 58536K, capacity 60116K, committed 60156K, reserved 1101824K
  class space    used 7379K, capacity 7973K, committed 8012K, reserved 1048576K
}
Event: 15.569 GC heap before
{Heap before GC invocations=32 (full 0):
 garbage-first heap   total 95232K, used 71705K [0x00000000a0000000, 0x0000000100000000)
  region size 1024K, 21 young (21504K), 2 survivors (2048K)
 Metaspace       used 60571K, capacity 62178K, committed 62460K, reserved 1103872K
  class space    used 7618K, capacity 8189K, committed 8268K, reserved 1048576K
}
Event: 15.574 GC heap after
{Heap after GC invocations=33 (full 0):
 garbage-first heap   total 95232K, used 57836K [0x00000000a0000000, 0x0000000100000000)
  region size 1024K, 3 young (3072K), 3 survivors (3072K)
 Metaspace       used 60571K, capacity 62178K, committed 62460K, reserved 1103872K
  class space    used 7618K, capacity 8189K, committed 8268K, reserved 1048576K
}

Deoptimization events (20 events):
Event: 15.599 Thread 0x0000020afe484000 DEOPT PACKING pc=0x0000020a81192bd7 sp=0x000000faa13f37e0
Event: 15.599 Thread 0x0000020afe484000 DEOPT UNPACKING pc=0x0000020a8004a95e sp=0x000000faa13f2c38 mode 0
Event: 15.600 Thread 0x0000020afe484000 DEOPT PACKING pc=0x0000020a81192bd7 sp=0x000000faa13f37e0
Event: 15.600 Thread 0x0000020afe484000 DEOPT UNPACKING pc=0x0000020a8004a95e sp=0x000000faa13f2c38 mode 0
Event: 15.600 Thread 0x0000020afe484000 DEOPT PACKING pc=0x0000020a81192bd7 sp=0x000000faa13f37e0
Event: 15.600 Thread 0x0000020afe484000 DEOPT UNPACKING pc=0x0000020a8004a95e sp=0x000000faa13f2c38 mode 0
Event: 15.600 Thread 0x0000020afe484000 DEOPT PACKING pc=0x0000020a81192bd7 sp=0x000000faa13f37e0
Event: 15.600 Thread 0x0000020afe484000 DEOPT UNPACKING pc=0x0000020a8004a95e sp=0x000000faa13f2c38 mode 0
Event: 15.601 Thread 0x0000020afe484000 DEOPT PACKING pc=0x0000020a81192bd7 sp=0x000000faa13f37e0
Event: 15.601 Thread 0x0000020afe484000 DEOPT UNPACKING pc=0x0000020a8004a95e sp=0x000000faa13f2c38 mode 0
Event: 15.601 Thread 0x0000020afe484000 DEOPT PACKING pc=0x0000020a81192bd7 sp=0x000000faa13f37e0
Event: 15.601 Thread 0x0000020afe484000 DEOPT UNPACKING pc=0x0000020a8004a95e sp=0x000000faa13f2c38 mode 0
Event: 15.601 Thread 0x0000020afe484000 DEOPT PACKING pc=0x0000020a81192bd7 sp=0x000000faa13f37e0
Event: 15.601 Thread 0x0000020afe484000 DEOPT UNPACKING pc=0x0000020a8004a95e sp=0x000000faa13f2c38 mode 0
Event: 15.602 Thread 0x0000020afe484000 DEOPT PACKING pc=0x0000020a81192bd7 sp=0x000000faa13f37e0
Event: 15.602 Thread 0x0000020afe484000 DEOPT UNPACKING pc=0x0000020a8004a95e sp=0x000000faa13f2c38 mode 0
Event: 15.602 Thread 0x0000020afe484000 DEOPT PACKING pc=0x0000020a81192bd7 sp=0x000000faa13f37e0
Event: 15.602 Thread 0x0000020afe484000 DEOPT UNPACKING pc=0x0000020a8004a95e sp=0x000000faa13f2c38 mode 0
Event: 15.602 Thread 0x0000020afe484000 DEOPT PACKING pc=0x0000020a81192bd7 sp=0x000000faa13f37e0
Event: 15.602 Thread 0x0000020afe484000 DEOPT UNPACKING pc=0x0000020a8004a95e sp=0x000000faa13f2c38 mode 0

Classes redefined (0 events):
No events

Internal exceptions (20 events):
Event: 11.266 Thread 0x0000020afedb7800 Exception <a 'java/lang/NoSuchMethodError'{0x00000000a5a77a20}: <clinit>> (0x00000000a5a77a20) thrown at [./src/hotspot/share/prims/jni.cpp, line 1366]
Event: 11.268 Thread 0x0000020afedb7800 Exception <a 'java/lang/NoSuchMethodError'{0x00000000a5a8e338}: <clinit>> (0x00000000a5a8e338) thrown at [./src/hotspot/share/prims/jni.cpp, line 1366]
Event: 11.269 Thread 0x0000020afedb7800 Exception <a 'java/lang/NoSuchMethodError'{0x00000000a5a9ae68}: <clinit>> (0x00000000a5a9ae68) thrown at [./src/hotspot/share/prims/jni.cpp, line 1366]
Event: 11.271 Thread 0x0000020afedb7800 Exception <a 'java/lang/NoSuchMethodError'{0x00000000a5ab39c8}: <clinit>> (0x00000000a5ab39c8) thrown at [./src/hotspot/share/prims/jni.cpp, line 1366]
Event: 11.292 Thread 0x0000020afe484000 Exception <a 'java/lang/ClassNotFoundException'{0x00000000a5964070}: build_3w1wf6objle4tslluqc4pfgk0BeanInfo> (0x00000000a5964070) thrown at [./src/hotspot/share/classfile/systemDictionary.cpp, line 231]
Event: 11.293 Thread 0x0000020afe484000 Exception <a 'java/lang/ClassNotFoundException'{0x00000000a596ff20}: build_3w1wf6objle4tslluqc4pfgk0Customizer> (0x00000000a596ff20) thrown at [./src/hotspot/share/classfile/systemDictionary.cpp, line 231]
Event: 11.298 Thread 0x0000020afe484000 Exception <a 'java/lang/ClassNotFoundException'{0x00000000a59d67a8}: org/gradle/api/internal/plugins/DefaultObjectConfigurationActionBeanInfo> (0x00000000a59d67a8) thrown at [./src/hotspot/share/classfile/systemDictionary.cpp, line 231]
Event: 11.299 Thread 0x0000020afe484000 Exception <a 'java/lang/ClassNotFoundException'{0x00000000a580c0e8}: org/gradle/api/internal/plugins/DefaultObjectConfigurationActionCustomizer> (0x00000000a580c0e8) thrown at [./src/hotspot/share/classfile/systemDictionary.cpp, line 231]
Event: 12.377 Thread 0x0000020afe484000 Exception <a 'java/lang/NoSuchMethodError'{0x00000000a4dd8b00}: 'java.lang.Object java.lang.invoke.DirectMethodHandle$Holder.invokeStatic(java.lang.Object, java.lang.Object, java.lang.Object, java.lang.Object, int)'> (0x00000000a4dd8b00) thrown at [./src/hotspot/share/interpreter/linkResolver.cpp, line 773]
Event: 12.377 Thread 0x0000020afe484000 Exception <a 'java/lang/NoSuchMethodError'{0x00000000a4ddd4f8}: 'java.lang.Object java.lang.invoke.DirectMethodHandle$Holder.invokeSpecial(java.lang.Object, java.lang.Object, java.lang.Object, java.lang.Object, java.lang.Object, int)'> (0x00000000a4ddd4f8) thrown at [./src/hotspot/share/interpreter/linkResolver.cpp, line 773]
Event: 12.378 Thread 0x0000020afe484000 Exception <a 'java/lang/NoSuchMethodError'{0x00000000a4de1b38}: 'java.lang.Object java.lang.invoke.Invokers$Holder.linkToTargetMethod(java.lang.Object, java.lang.Object, java.lang.Object, int, java.lang.Object)'> (0x00000000a4de1b38) thrown at [./src/hotspot/share/interpreter/linkResolver.cpp, line 773]
Event: 12.779 Thread 0x0000020afe484000 Exception <a 'java/lang/NoSuchMethodError'{0x00000000a4eac658}: 'java.lang.Object java.lang.invoke.DirectMethodHandle$Holder.invokeSpecial(java.lang.Object, java.lang.Object, int, int, java.lang.Object, java.lang.Object, java.lang.Object)'> (0x00000000a4eac658) thrown at [./src/hotspot/share/interpreter/linkResolver.cpp, line 773]
Event: 12.780 Thread 0x0000020afe484000 Exception <a 'java/lang/NoSuchMethodError'{0x00000000a4eb0bd8}: 'java.lang.Object java.lang.invoke.DelegatingMethodHandle$Holder.reinvoke_L(java.lang.Object, int, int, java.lang.Object, java.lang.Object, java.lang.Object)'> (0x00000000a4eb0bd8) thrown at [./src/hotspot/share/interpreter/linkResolver.cpp, line 773]
Event: 13.346 Thread 0x0000020afe484000 Exception <a 'java/lang/NoSuchMethodError'{0x00000000a52be6b8}: 'int java.lang.invoke.DirectMethodHandle$Holder.invokeInterface(java.lang.Object, java.lang.Object, java.lang.Object, java.lang.Object)'> (0x00000000a52be6b8) thrown at [./src/hotspot/share/interpreter/linkResolver.cpp, line 773]
Event: 14.096 Thread 0x0000020afe484000 Exception <a 'java/lang/NoSuchMethodError'{0x00000000a531e668}: 'void java.lang.invoke.DirectMethodHandle$Holder.invokeInterface(java.lang.Object, java.lang.Object, java.lang.Object, java.lang.Object)'> (0x00000000a531e668) thrown at [./src/hotspot/share/interpreter/linkResolver.cpp, line 773]
Event: 15.072 Thread 0x0000020afe484000 Exception <a 'java/lang/IncompatibleClassChangeError'{0x00000000a4a0c1c0}: Found class java.lang.Object, but interface was expected> (0x00000000a4a0c1c0) thrown at [./src/hotspot/share/interpreter/linkResolver.cpp, line 839]
Event: 15.176 Thread 0x0000020afe484000 Implicit null exception at 0x0000020a87d3f1d4 to 0x0000020a87d3f3b8
Event: 15.356 Thread 0x0000020afe484000 Implicit null exception at 0x0000020a87c9328b to 0x0000020a87c934c8
Event: 15.488 Thread 0x0000020afe484000 Implicit null exception at 0x0000020a87c2f0ac to 0x0000020a87c2f25a
Event: 15.658 Thread 0x0000020afe484000 Exception <a 'sun/nio/fs/WindowsException'{0x00000000a5abc048}> (0x00000000a5abc048) thrown at [./src/hotspot/share/prims/jni.cpp, line 616]

Events (20 events):
Event: 15.789 loading class com/android/builder/model/VectorDrawablesOptions
Event: 15.789 loading class com/android/builder/model/VectorDrawablesOptions done
Event: 15.789 loading class com/android/build/gradle/internal/dsl/NdkOptions
Event: 15.789 loading class com/android/build/gradle/internal/dsl/NdkOptions done
Event: 15.789 loading class com/android/build/api/dsl/Ndk
Event: 15.789 loading class com/android/build/api/dsl/Ndk done
Event: 15.789 loading class com/android/builder/model/ApiVersion
Event: 15.789 loading class com/android/builder/model/ApiVersion done
Event: 15.789 loading class com/android/build/gradle/internal/dsl/AarMetadata
Event: 15.789 loading class com/android/build/gradle/internal/dsl/AarMetadata done
Event: 15.790 loading class com/android/build/api/dsl/AarMetadata
Event: 15.790 loading class com/android/build/api/dsl/AarMetadata done
Event: 15.790 loading class com/android/build/api/dsl/JavaCompileOptions
Event: 15.790 loading class com/android/build/api/dsl/JavaCompileOptions done
Event: 15.790 loading class com/android/build/gradle/api/JavaCompileOptions
Event: 15.790 loading class com/android/build/gradle/api/JavaCompileOptions done
Event: 15.793 loading class com/android/build/gradle/internal/dsl/JavaCompileOptions
Event: 15.793 loading class com/android/build/gradle/internal/dsl/JavaCompileOptions done
Event: 15.793 loading class com/android/utils/StringHelper
Event: 15.793 loading class com/android/utils/StringHelper done


Dynamic libraries:
0x00007ff700120000 - 0x00007ff70012a000 	C:\Program Files\Android\Android Studio\jre\bin\java.exe
0x00007ffe87150000 - 0x00007ffe87345000 	C:\Windows\SYSTEM32\ntdll.dll
0x00007ffe85950000 - 0x00007ffe85a0e000 	C:\Windows\System32\KERNEL32.DLL
0x00007ffe84ed0000 - 0x00007ffe85199000 	C:\Windows\System32\KERNELBASE.dll
0x00007ffe84bc0000 - 0x00007ffe84cc0000 	C:\Windows\System32\ucrtbase.dll
0x00007ffe71af0000 - 0x00007ffe71b07000 	C:\Program Files\Android\Android Studio\jre\bin\VCRUNTIME140.dll
0x00007ffe7ff30000 - 0x00007ffe7ff49000 	C:\Program Files\Android\Android Studio\jre\bin\jli.dll
0x00007ffe865e0000 - 0x00007ffe86781000 	C:\Windows\System32\USER32.dll
0x00007ffe715d0000 - 0x00007ffe7186a000 	C:\Windows\WinSxS\amd64_microsoft.windows.common-controls_6595b64144ccf1df_6.0.19041.1110_none_60b5254171f9507e\COMCTL32.dll
0x00007ffe848d0000 - 0x00007ffe848f2000 	C:\Windows\System32\win32u.dll
0x00007ffe85ea0000 - 0x00007ffe85f3e000 	C:\Windows\System32\msvcrt.dll
0x00007ffe86360000 - 0x00007ffe8638b000 	C:\Windows\System32\GDI32.dll
0x00007ffe84ab0000 - 0x00007ffe84bbb000 	C:\Windows\System32\gdi32full.dll
0x00007ffe849e0000 - 0x00007ffe84a7d000 	C:\Windows\System32\msvcp_win.dll
0x00007ffe85a10000 - 0x00007ffe85a40000 	C:\Windows\System32\IMM32.DLL
0x00007ffe4ec20000 - 0x00007ffe4ecbd000 	C:\Program Files\Android\Android Studio\jre\bin\msvcp140.dll
0x00007ffe33a80000 - 0x00007ffe34582000 	C:\Program Files\Android\Android Studio\jre\bin\server\jvm.dll
0x00007ffe85bf0000 - 0x00007ffe85c9c000 	C:\Windows\System32\ADVAPI32.dll
0x00007ffe85620000 - 0x00007ffe856bb000 	C:\Windows\System32\sechost.dll
0x00007ffe85a40000 - 0x00007ffe85b6a000 	C:\Windows\System32\RPCRT4.dll
0x00007ffe85800000 - 0x00007ffe85808000 	C:\Windows\System32\PSAPI.DLL
0x00007ffe7f7c0000 - 0x00007ffe7f7ca000 	C:\Windows\SYSTEM32\VERSION.dll
0x00007ffe774c0000 - 0x00007ffe774e7000 	C:\Windows\SYSTEM32\WINMM.dll
0x00007ffe7b940000 - 0x00007ffe7b949000 	C:\Windows\SYSTEM32\WSOCK32.dll
0x00007ffe86940000 - 0x00007ffe869ab000 	C:\Windows\System32\WS2_32.dll
0x00007ffe82790000 - 0x00007ffe827a2000 	C:\Windows\SYSTEM32\kernel.appcore.dll
0x00007ffe71ab0000 - 0x00007ffe71ac1000 	C:\Program Files\Android\Android Studio\jre\bin\verify.dll
0x00007ffe6b130000 - 0x00007ffe6b314000 	C:\Windows\SYSTEM32\DBGHELP.DLL
0x00007ffe6b0f0000 - 0x00007ffe6b11c000 	C:\Windows\SYSTEM32\dbgcore.DLL
0x00007ffe84900000 - 0x00007ffe84983000 	C:\Windows\System32\bcryptPrimitives.dll
0x00007ffe71a80000 - 0x00007ffe71aa9000 	C:\Program Files\Android\Android Studio\jre\bin\java.dll
0x00007ffe7b930000 - 0x00007ffe7b93b000 	C:\Program Files\Android\Android Studio\jre\bin\jimage.dll
0x00007ffe71a60000 - 0x00007ffe71a78000 	C:\Program Files\Android\Android Studio\jre\bin\zip.dll
0x00007ffe869d0000 - 0x00007ffe8710f000 	C:\Windows\System32\SHELL32.dll
0x00007ffe82990000 - 0x00007ffe83120000 	C:\Windows\SYSTEM32\windows.storage.dll
0x00007ffe86000000 - 0x00007ffe86355000 	C:\Windows\System32\combase.dll
0x00007ffe84250000 - 0x00007ffe8427c000 	C:\Windows\SYSTEM32\Wldp.dll
0x00007ffe856c0000 - 0x00007ffe8576d000 	C:\Windows\System32\SHCORE.dll
0x00007ffe858f0000 - 0x00007ffe85945000 	C:\Windows\System32\shlwapi.dll
0x00007ffe847b0000 - 0x00007ffe847cf000 	C:\Windows\SYSTEM32\profapi.dll
0x00007ffe71a00000 - 0x00007ffe71a1a000 	C:\Program Files\Android\Android Studio\jre\bin\net.dll
0x00007ffe774f0000 - 0x00007ffe775f8000 	C:\Windows\SYSTEM32\WINHTTP.dll
0x00007ffe83f50000 - 0x00007ffe83fba000 	C:\Windows\system32\mswsock.dll
0x00007ffe63ab0000 - 0x00007ffe63ac4000 	C:\Program Files\Android\Android Studio\jre\bin\nio.dll
0x00007ffe6d600000 - 0x00007ffe6d627000 	C:\Users\shweta android\.gradle\native\e1d6ef7f7dcc3fd88c89a11ec53ec762bb8ba0a96d01ffa2cd45eb1d1d8dd5c5\windows-amd64\native-platform.dll
0x00007ffe35760000 - 0x00007ffe358a4000 	C:\Users\shweta android\.gradle\native\0d407fdbe67a94daf76414ababcb853783967236a71b16ec16e742cd7a986fd3\windows-amd64\native-platform-file-events.dll
0x00007ffe719f0000 - 0x00007ffe719fa000 	C:\Program Files\Android\Android Studio\jre\bin\management.dll
0x00007ffe71980000 - 0x00007ffe7198d000 	C:\Program Files\Android\Android Studio\jre\bin\management_ext.dll
0x00007ffe84140000 - 0x00007ffe84158000 	C:\Windows\SYSTEM32\CRYPTSP.dll
0x00007ffe838d0000 - 0x00007ffe83904000 	C:\Windows\system32\rsaenh.dll
0x00007ffe84a80000 - 0x00007ffe84aa7000 	C:\Windows\System32\bcrypt.dll
0x00007ffe84770000 - 0x00007ffe8479e000 	C:\Windows\SYSTEM32\USERENV.dll
0x00007ffe84160000 - 0x00007ffe8416c000 	C:\Windows\SYSTEM32\CRYPTBASE.dll
0x00007ffe83c40000 - 0x00007ffe83c7b000 	C:\Windows\SYSTEM32\IPHLPAPI.DLL
0x00007ffe85be0000 - 0x00007ffe85be8000 	C:\Windows\System32\NSI.dll
0x00007ffe7e7f0000 - 0x00007ffe7e807000 	C:\Windows\SYSTEM32\dhcpcsvc6.DLL
0x00007ffe7f7d0000 - 0x00007ffe7f7ed000 	C:\Windows\SYSTEM32\dhcpcsvc.DLL
0x00007ffe83c80000 - 0x00007ffe83d4c000 	C:\Windows\SYSTEM32\DNSAPI.dll

dbghelp: loaded successfully - version: 4.0.5 - missing functions: none
symbol engine: initialized successfully - sym options: 0x614 - pdb path: .;C:\Program Files\Android\Android Studio\jre\bin;C:\Windows\SYSTEM32;C:\Windows\WinSxS\amd64_microsoft.windows.common-controls_6595b64144ccf1df_6.0.19041.1110_none_60b5254171f9507e;C:\Program Files\Android\Android Studio\jre\bin\server;C:\Users\shweta android\.gradle\native\e1d6ef7f7dcc3fd88c89a11ec53ec762bb8ba0a96d01ffa2cd45eb1d1d8dd5c5\windows-amd64;C:\Users\shweta android\.gradle\native\0d407fdbe67a94daf76414ababcb853783967236a71b16ec16e742cd7a986fd3\windows-amd64

VM Arguments:
jvm_args: --add-opens=java.base/java.util=ALL-UNNAMED --add-opens=java.base/java.lang=ALL-UNNAMED --add-opens=java.base/java.lang.invoke=ALL-UNNAMED --add-opens=java.base/java.util=ALL-UNNAMED --add-opens=java.prefs/java.util.prefs=ALL-UNNAMED --add-opens=java.prefs/java.util.prefs=ALL-UNNAMED --add-opens=java.base/java.nio.charset=ALL-UNNAMED --add-opens=java.base/java.net=ALL-UNNAMED --add-opens=java.base/java.util.concurrent.atomic=ALL-UNNAMED -Xmx1536m -Dfile.encoding=windows-1252 -Duser.country=US -Duser.language=en -Duser.variant 
java_command: org.gradle.launcher.daemon.bootstrap.GradleDaemon 7.4
java_class_path (initial): C:\Users\shweta android\.gradle\wrapper\dists\gradle-7.4-bin\c0gwcg53nkjbqw7r0h0umtfvt\gradle-7.4\lib\gradle-launcher-7.4.jar
Launcher Type: SUN_STANDARD

[Global flags]
     intx CICompilerCount                          = 4                                         {product} {ergonomic}
     uint ConcGCThreads                            = 2                                         {product} {ergonomic}
     uint G1ConcRefinementThreads                  = 8                                         {product} {ergonomic}
   size_t G1HeapRegionSize                         = 1048576                                   {product} {ergonomic}
    uintx GCDrainStackTargetSize                   = 64                                        {product} {ergonomic}
   size_t InitialHeapSize                          = 67108864                                  {product} {ergonomic}
   size_t MarkStackSize                            = 4194304                                   {product} {ergonomic}
   size_t MaxHeapSize                              = 1610612736                                {product} {command line}
   size_t MaxNewSize                               = 965738496                                 {product} {ergonomic}
   size_t MinHeapDeltaBytes                        = 1048576                                   {product} {ergonomic}
    uintx NonNMethodCodeHeapSize                   = 5836300                                {pd product} {ergonomic}
    uintx NonProfiledCodeHeapSize                  = 122910970                              {pd product} {ergonomic}
    uintx ProfiledCodeHeapSize                     = 122910970                              {pd product} {ergonomic}
    uintx ReservedCodeCacheSize                    = 251658240                              {pd product} {ergonomic}
     bool SegmentedCodeCache                       = true                                      {product} {ergonomic}
     bool UseCompressedClassPointers               = true                                 {lp64_product} {ergonomic}
     bool UseCompressedOops                        = true                                 {lp64_product} {ergonomic}
     bool UseG1GC                                  = true                                      {product} {ergonomic}
     bool UseLargePagesIndividualAllocation        = false                                  {pd product} {ergonomic}

Logging:
Log output configuration:
 #0: stdout all=warning uptime,level,tags
 #1: stderr all=off uptime,level,tags

Environment Variables:
PATH=C:\Windows\system32;C:\Windows;C:\Windows\System32\Wbem;C:\Windows\System32\WindowsPowerShell\v1.0\;C:\Windows\System32\OpenSSH\;C:\Program Files\Git\cmd;C:\Users\shweta android\AppData\Local\Microsoft\WindowsApps;;D:\program files\Microsoft VS Code\bin
USERNAME=shweta android
OS=Windows_NT
PROCESSOR_IDENTIFIER=Intel64 Family 6 Model 60 Stepping 3, GenuineIntel



---------------  S Y S T E M  ---------------

OS: Windows 10 , 64 bit Build 19041 (10.0.19041.1202)
OS uptime: 0 days 6:27 hours

CPU:total 8 (initial active 8) (4 cores per cpu, 2 threads per core) family 6 model 60 stepping 3 microcode 0x27, cmov, cx8, fxsr, mmx, sse, sse2, sse3, ssse3, sse4.1, sse4.2, popcnt, avx, avx2, aes, clmul, erms, lzcnt, ht, tsc, tscinvbit, bmi1, bmi2, fma

Memory: 4k page, system-wide physical 4007M (291M free)
TotalPageFile size 10179M (AvailPageFile size 1M)
current process WorkingSet (physical memory assigned to process): 248M, peak: 248M
current process commit charge ("private bytes"): 319M, peak: 319M

vm_info: OpenJDK 64-Bit Server VM (11.0.13+0-b1751.21-8125866) for windows-amd64 JRE (11.0.13+0-b1751.21-8125866), built on Feb  2 2022 03:00:22 by "builder" with MS VC++ 14.0 (VS2015)

END.
