#
# There is insufficient memory for the Java Runtime Environment to continue.
# Native memory allocation (malloc) failed to allocate 1686576 bytes for Chunk::new
# Possible reasons:
#   The system is out of physical RAM or swap space
#   The process is running with CompressedOops enabled, and the Java Heap may be blocking the growth of the native heap
# Possible solutions:
#   Reduce memory load on the system
#   Increase physical memory or swap space
#   Check if swap backing store is full
#   Decrease Java heap size (-Xmx/-Xms)
#   Decrease number of Java threads
#   Decrease Java thread stack sizes (-Xss)
#   Set larger code cache with -XX:ReservedCodeCacheSize=
#   JVM is running with Unscaled Compressed Oops mode in which the Java heap is
#     placed in the first 4GB address space. The Java Heap base address is the
#     maximum limit for the native heap growth. Please use -XX:HeapBaseMinAddress
#     to set the Java Heap base and to place the Java Heap above 4GB virtual address.
# This output file may be truncated or incomplete.
#
#  Out of Memory Error (./src/hotspot/share/memory/arena.cpp:197), pid=14200, tid=15924
#
# JRE version: OpenJDK Runtime Environment (11.0.13) (build 11.0.13+0-b1751.21-8125866)
# Java VM: OpenJDK 64-Bit Server VM (11.0.13+0-b1751.21-8125866, mixed mode, tiered, compressed oops, g1 gc, windows-amd64)
# No core dump will be written. Minidumps are not enabled by default on client versions of Windows
#

---------------  S U M M A R Y ------------

Command Line: --add-opens=java.base/java.util=ALL-UNNAMED --add-opens=java.base/java.lang=ALL-UNNAMED --add-opens=java.base/java.lang.invoke=ALL-UNNAMED --add-opens=java.base/java.util=ALL-UNNAMED --add-opens=java.prefs/java.util.prefs=ALL-UNNAMED --add-opens=java.prefs/java.util.prefs=ALL-UNNAMED --add-opens=java.base/java.nio.charset=ALL-UNNAMED --add-opens=java.base/java.net=ALL-UNNAMED --add-opens=java.base/java.util.concurrent.atomic=ALL-UNNAMED -Xmx1536m -Dfile.encoding=windows-1252 -Duser.country=US -Duser.language=en -Duser.variant org.gradle.launcher.daemon.bootstrap.GradleDaemon 7.4

Host: Intel(R) Core(TM) i7-4770 CPU @ 3.40GHz, 8 cores, 3G,  Windows 10 , 64 bit Build 19041 (10.0.19041.1202)
Time: Fri Jan 13 12:13:00 2023 India Standard Time elapsed time: 761.690176 seconds (0d 0h 12m 41s)

---------------  T H R E A D  ---------------

Current thread (0x0000021b375ed800):  JavaThread "C2 CompilerThread0" daemon [_thread_in_native, id=15924, stack(0x0000007ca2300000,0x0000007ca2400000)]


Current CompileTask:
C2: 761692 25910   !   4       java.io.ObjectOutputStream::writeObject0 (619 bytes)

Stack: [0x0000007ca2300000,0x0000007ca2400000]
Native frames: (J=compiled Java code, j=interpreted, Vv=VM code, C=native code)
V  [jvm.dll+0x6100fa]
V  [jvm.dll+0x747090]
V  [jvm.dll+0x7486ad]
V  [jvm.dll+0x748d83]
V  [jvm.dll+0x24ab48]
V  [jvm.dll+0xc04dc]
V  [jvm.dll+0xc0a0c]
V  [jvm.dll+0x35eb5b]
V  [jvm.dll+0x32b833]
V  [jvm.dll+0x32ad2a]
V  [jvm.dll+0x2032b2]
V  [jvm.dll+0x202437]
V  [jvm.dll+0x188e01]
V  [jvm.dll+0x21106b]
V  [jvm.dll+0x20f8c1]
V  [jvm.dll+0x70de0f]
V  [jvm.dll+0x706a75]
V  [jvm.dll+0x60ed66]
C  [ucrtbase.dll+0x21bb2]
C  [KERNEL32.DLL+0x17034]
C  [ntdll.dll+0x52651]


---------------  P R O C E S S  ---------------

Threads class SMR info:
_java_thread_list=0x0000021b3bab3a30, length=150, elements={
0x0000021b1d31c800, 0x0000021b36c53000, 0x0000021b36c60800, 0x0000021b375e0800,
0x0000021b375e3000, 0x0000021b375e4000, 0x0000021b375ed800, 0x0000021b36cb8000,
0x0000021b36cc9000, 0x0000021b37748800, 0x0000021b38aa2000, 0x0000021b399d3000,
0x0000021b399ce000, 0x0000021b399cd000, 0x0000021b399d2000, 0x0000021b399d4000,
0x0000021b3a20e800, 0x0000021b3a20f800, 0x0000021b3a20d000, 0x0000021b3a210000,
0x0000021b3a211000, 0x0000021b3b3c3800, 0x0000021b3b3c4800, 0x0000021b3b3c6000,
0x0000021b3b3c0800, 0x0000021b3b3c7000, 0x0000021b3dae7000, 0x0000021b3daf1800,
0x0000021b3daec800, 0x0000021b3daf3000, 0x0000021b3daf0000, 0x0000021b3ff37000,
0x0000021b3fc88800, 0x0000021b3b3b9000, 0x0000021b3b3bc800, 0x0000021b3b3b8800,
0x0000021b3b3ba800, 0x0000021b3b3c1800, 0x0000021b3b3c2000, 0x0000021b3b3c3000,
0x0000021b3b3bf000, 0x0000021b3b3bd000, 0x0000021b3b3c5800, 0x0000021b3b3bf800,
0x0000021b3fc81000, 0x0000021b3fc7e000, 0x0000021b3fc7f800, 0x0000021b3fc7b800,
0x0000021b3fc82000, 0x0000021b3fc7d000, 0x0000021b3fc7c800, 0x0000021b3fc7f000,
0x0000021b3fc84800, 0x0000021b3fc86000, 0x0000021b3fc83000, 0x0000021b3fc89800,
0x0000021b3fc83800, 0x0000021b3fc85800, 0x0000021b3dae7800, 0x0000021b3daea000,
0x0000021b3dae6000, 0x0000021b3dae8800, 0x0000021b3dae9000, 0x0000021b3daeb000,
0x0000021b3dae5000, 0x0000021b3daf0800, 0x0000021b3daeb800, 0x0000021b3daf2000,
0x0000021b3daf4000, 0x0000021b3daee000, 0x0000021b3a216000, 0x0000021b3a216800,
0x0000021b3a215000, 0x0000021b3a214000, 0x0000021b3a217800, 0x0000021b3a212000,
0x0000021b3a218800, 0x0000021b3a219000, 0x0000021b3a21b000, 0x0000021b3a21a000,
0x0000021b3a21b800, 0x0000021b3ff38800, 0x0000021b3ff39800, 0x0000021b3ff3d800,
0x0000021b3ff38000, 0x0000021b3ff3b000, 0x0000021b3ff3a000, 0x0000021b3ff3c000,
0x0000021b3ff3c800, 0x0000021b399d1800, 0x0000021b399cf800, 0x0000021b399cf000,
0x0000021b399d0800, 0x0000021b3be48000, 0x0000021b3be43800, 0x0000021b3be49000,
0x0000021b3be4a000, 0x0000021b3be46800, 0x0000021b3be47800, 0x0000021b3be44000,
0x0000021b3be4a800, 0x0000021b3be45000, 0x0000021b3be4b800, 0x0000021b3be45800,
0x0000021b3be4e800, 0x0000021b3be51000, 0x0000021b3be4d000, 0x0000021b3be4f800,
0x0000021b3be4e000, 0x0000021b3be52000, 0x0000021b3be50800, 0x0000021b3be4c800,
0x0000021b3f976800, 0x0000021b3f975800, 0x0000021b3f974000, 0x0000021b3f977000,
0x0000021b3f978000, 0x0000021b3f979000, 0x0000021b3f973000, 0x0000021b3f975000,
0x0000021b3f97a800, 0x0000021b3f97e000, 0x0000021b3f97b800, 0x0000021b3f97e800,
0x0000021b3f979800, 0x0000021b3f97f800, 0x0000021b3f982000, 0x0000021b3f980000,
0x0000021b3f97d000, 0x0000021b3f981000, 0x0000021b3f97c000, 0x0000021b3b595000,
0x0000021b3b59a000, 0x0000021b3b594000, 0x0000021b3b599000, 0x0000021b3b59a800,
0x0000021b3b59c800, 0x0000021b3b598000, 0x0000021b3b596800, 0x0000021b3b5a0800,
0x0000021b3b59f000, 0x0000021b3b59f800, 0x0000021b3b59b800, 0x0000021b3b597800,
0x0000021b3b596000, 0x0000021b3b5a3000, 0x0000021b3b5a1000, 0x0000021b3b59d000,
0x0000021b3b59e000, 0x0000021b3b5a2000
}

Java Threads: ( => current thread )
  0x0000021b1d31c800 JavaThread "main" [_thread_blocked, id=12756, stack(0x0000007ca1700000,0x0000007ca1800000)]
  0x0000021b36c53000 JavaThread "Reference Handler" daemon [_thread_blocked, id=7900, stack(0x0000007ca1e00000,0x0000007ca1f00000)]
  0x0000021b36c60800 JavaThread "Finalizer" daemon [_thread_blocked, id=544, stack(0x0000007ca1f00000,0x0000007ca2000000)]
  0x0000021b375e0800 JavaThread "Signal Dispatcher" daemon [_thread_blocked, id=16872, stack(0x0000007ca2000000,0x0000007ca2100000)]
  0x0000021b375e3000 JavaThread "Attach Listener" daemon [_thread_blocked, id=3024, stack(0x0000007ca2100000,0x0000007ca2200000)]
  0x0000021b375e4000 JavaThread "Service Thread" daemon [_thread_blocked, id=17092, stack(0x0000007ca2200000,0x0000007ca2300000)]
=>0x0000021b375ed800 JavaThread "C2 CompilerThread0" daemon [_thread_in_native, id=15924, stack(0x0000007ca2300000,0x0000007ca2400000)]
  0x0000021b36cb8000 JavaThread "C1 CompilerThread0" daemon [_thread_blocked, id=15436, stack(0x0000007ca2400000,0x0000007ca2500000)]
  0x0000021b36cc9000 JavaThread "Sweeper thread" daemon [_thread_blocked, id=16164, stack(0x0000007ca2500000,0x0000007ca2600000)]
  0x0000021b37748800 JavaThread "Common-Cleaner" daemon [_thread_blocked, id=14980, stack(0x0000007ca2600000,0x0000007ca2700000)]
  0x0000021b38aa2000 JavaThread "Daemon health stats" [_thread_blocked, id=11796, stack(0x0000007ca2900000,0x0000007ca2a00000)]
  0x0000021b399d3000 JavaThread "Cache worker for journal cache (C:\Users\shweta android\.gradle\caches\journal-1)" [_thread_blocked, id=2292, stack(0x0000007ca3900000,0x0000007ca3a00000)]
  0x0000021b399ce000 JavaThread "File lock request listener" [_thread_in_native, id=5800, stack(0x0000007ca3a00000,0x0000007ca3b00000)]
  0x0000021b399cd000 JavaThread "Cache worker for file hash cache (C:\Users\shweta android\.gradle\caches\7.4\fileHashes)" [_thread_blocked, id=6476, stack(0x0000007ca3b00000,0x0000007ca3c00000)]
  0x0000021b399d2000 JavaThread "File watcher server" daemon [_thread_in_native, id=17900, stack(0x0000007ca3d00000,0x0000007ca3e00000)]
  0x0000021b399d4000 JavaThread "File watcher consumer" daemon [_thread_blocked, id=15164, stack(0x0000007ca3e00000,0x0000007ca3f00000)]
  0x0000021b3a20e800 JavaThread "Cache worker for execution history cache (C:\Users\shweta android\.gradle\caches\7.4\executionHistory)" [_thread_blocked, id=13296, stack(0x0000007ca4300000,0x0000007ca4400000)]
  0x0000021b3a20f800 JavaThread "jar transforms" [_thread_blocked, id=16584, stack(0x0000007ca4400000,0x0000007ca4500000)]
  0x0000021b3a20d000 JavaThread "jar transforms Thread 2" [_thread_blocked, id=12740, stack(0x0000007ca4500000,0x0000007ca4600000)]
  0x0000021b3a210000 JavaThread "Cache worker for file content cache (C:\Users\shweta android\.gradle\caches\7.4\fileContent)" [_thread_blocked, id=7028, stack(0x0000007ca4600000,0x0000007ca4700000)]
  0x0000021b3a211000 JavaThread "jar transforms Thread 3" [_thread_blocked, id=8720, stack(0x0000007ca4800000,0x0000007ca4900000)]
  0x0000021b3b3c3800 JavaThread "jar transforms Thread 4" [_thread_blocked, id=6276, stack(0x0000007ca9a00000,0x0000007ca9b00000)]
  0x0000021b3b3c4800 JavaThread "jar transforms Thread 5" [_thread_blocked, id=14348, stack(0x0000007ca9b00000,0x0000007ca9c00000)]
  0x0000021b3b3c6000 JavaThread "jar transforms Thread 6" [_thread_blocked, id=15004, stack(0x0000007ca9c00000,0x0000007ca9d00000)]
  0x0000021b3b3c0800 JavaThread "jar transforms Thread 7" [_thread_blocked, id=17736, stack(0x0000007ca9d00000,0x0000007ca9e00000)]
  0x0000021b3b3c7000 JavaThread "jar transforms Thread 8" [_thread_blocked, id=3236, stack(0x0000007ca9e00000,0x0000007ca9f00000)]
  0x0000021b3dae7000 JavaThread "Memory manager" [_thread_blocked, id=2348, stack(0x0000007ca9f00000,0x0000007caa000000)]
  0x0000021b3daf1800 JavaThread "RMI Scheduler(0)" daemon [_thread_blocked, id=12984, stack(0x0000007caae00000,0x0000007caaf00000)]
  0x0000021b3daec800 JavaThread "RMI GC Daemon" daemon [_thread_blocked, id=4444, stack(0x0000007cab000000,0x0000007cab100000)]
  0x0000021b3daf3000 JavaThread "RMI TCP Accept-0" daemon [_thread_in_native, id=9412, stack(0x0000007cab100000,0x0000007cab200000)]
  0x0000021b3daf0000 JavaThread "RMI Reaper" [_thread_blocked, id=9096, stack(0x0000007cab200000,0x0000007cab300000)]
  0x0000021b3ff37000 JavaThread "Cache worker for Java compile cache (C:\Users\shweta android\.gradle\caches\7.4\javaCompile)" [_thread_blocked, id=15324, stack(0x0000007ca1400000,0x0000007ca1500000)]
  0x0000021b3fc88800 JavaThread "ForkJoinPool.commonPool-worker-15" daemon [_thread_blocked, id=14360, stack(0x0000007cac400000,0x0000007cac500000)]
  0x0000021b3b3b9000 JavaThread "Daemon Thread 2" [_thread_blocked, id=8880, stack(0x0000007ca1500000,0x0000007ca1600000)]
  0x0000021b3b3bc800 JavaThread "Daemon worker Thread 2" [_thread_blocked, id=13876, stack(0x0000007ca2d00000,0x0000007ca2e00000)]
  0x0000021b3b3b8800 JavaThread "Asynchronous log dispatcher for DefaultDaemonConnection: socket connection from /127.0.0.1:58497 to /127.0.0.1:59070" [_thread_blocked, id=8292, stack(0x0000007ca2e00000,0x0000007ca2f00000)]
  0x0000021b3b3ba800 JavaThread "Daemon client event forwarder" [_thread_blocked, id=7540, stack(0x0000007ca3000000,0x0000007ca3100000)]
  0x0000021b3b3c1800 JavaThread "Cache worker for checksums cache (E:\old d drive\sonalika apk\sonalikaM23 09 22\.gradle\7.4\checksums)" [_thread_blocked, id=14944, stack(0x0000007ca3100000,0x0000007ca3200000)]
  0x0000021b3b3c2000 JavaThread "Cache worker for cache directory md-rule (C:\Users\shweta android\.gradle\caches\7.4\md-rule)" [_thread_blocked, id=11288, stack(0x0000007ca3200000,0x0000007ca3300000)]
  0x0000021b3b3c3000 JavaThread "Cache worker for file hash cache (E:\old d drive\sonalika apk\sonalikaM23 09 22\.gradle\7.4\fileHashes)" [_thread_blocked, id=11524, stack(0x0000007ca3f00000,0x0000007ca4000000)]
  0x0000021b3b3bf000 JavaThread "Cache worker for cache directory md-supplier (C:\Users\shweta android\.gradle\caches\7.4\md-supplier)" [_thread_blocked, id=11252, stack(0x0000007ca4000000,0x0000007ca4100000)]
  0x0000021b3b3bd000 JavaThread "Cache worker for dependencies-accessors (E:\old d drive\sonalika apk\sonalikaM23 09 22\.gradle\7.4\dependencies-accessors)" [_thread_blocked, id=16660, stack(0x0000007ca4100000,0x0000007ca4200000)]
  0x0000021b3b3c5800 JavaThread "Cache worker for Build Output Cleanup Cache (E:\old d drive\sonalika apk\sonalikaM23 09 22\.gradle\buildOutputCleanup)" [_thread_blocked, id=3856, stack(0x0000007ca4200000,0x0000007ca4300000)]
  0x0000021b3b3bf800 JavaThread "Unconstrained build operations" [_thread_blocked, id=11352, stack(0x0000007ca4700000,0x0000007ca4800000)]
  0x0000021b3fc81000 JavaThread "Unconstrained build operations Thread 2" [_thread_blocked, id=17476, stack(0x0000007ca4900000,0x0000007ca4a00000)]
  0x0000021b3fc7e000 JavaThread "Unconstrained build operations Thread 3" [_thread_blocked, id=9304, stack(0x0000007ca4a00000,0x0000007ca4b00000)]
  0x0000021b3fc7f800 JavaThread "Unconstrained build operations Thread 4" [_thread_blocked, id=14064, stack(0x0000007ca4b00000,0x0000007ca4c00000)]
  0x0000021b3fc7b800 JavaThread "Unconstrained build operations Thread 5" [_thread_blocked, id=6384, stack(0x0000007ca4c00000,0x0000007ca4d00000)]
  0x0000021b3fc82000 JavaThread "Unconstrained build operations Thread 6" [_thread_blocked, id=8452, stack(0x0000007ca4d00000,0x0000007ca4e00000)]
  0x0000021b3fc7d000 JavaThread "Unconstrained build operations Thread 7" [_thread_blocked, id=12356, stack(0x0000007ca4e00000,0x0000007ca4f00000)]
  0x0000021b3fc7c800 JavaThread "Unconstrained build operations Thread 8" [_thread_blocked, id=9444, stack(0x0000007ca4f00000,0x0000007ca5000000)]
  0x0000021b3fc7f000 JavaThread "Unconstrained build operations Thread 9" [_thread_blocked, id=1112, stack(0x0000007ca5000000,0x0000007ca5100000)]
  0x0000021b3fc84800 JavaThread "Unconstrained build operations Thread 10" [_thread_blocked, id=17884, stack(0x0000007ca5100000,0x0000007ca5200000)]
  0x0000021b3fc86000 JavaThread "Unconstrained build operations Thread 11" [_thread_blocked, id=12440, stack(0x0000007ca5200000,0x0000007ca5300000)]
  0x0000021b3fc83000 JavaThread "Unconstrained build operations Thread 12" [_thread_blocked, id=16028, stack(0x0000007ca5300000,0x0000007ca5400000)]
  0x0000021b3fc89800 JavaThread "Unconstrained build operations Thread 13" [_thread_blocked, id=17052, stack(0x0000007ca5400000,0x0000007ca5500000)]
  0x0000021b3fc83800 JavaThread "Unconstrained build operations Thread 14" [_thread_blocked, id=16228, stack(0x0000007ca5500000,0x0000007ca5600000)]
  0x0000021b3fc85800 JavaThread "Unconstrained build operations Thread 15" [_thread_blocked, id=264, stack(0x0000007ca5600000,0x0000007ca5700000)]
  0x0000021b3dae7800 JavaThread "Unconstrained build operations Thread 16" [_thread_blocked, id=16816, stack(0x0000007ca5700000,0x0000007ca5800000)]
  0x0000021b3daea000 JavaThread "Unconstrained build operations Thread 17" [_thread_blocked, id=13684, stack(0x0000007ca5800000,0x0000007ca5900000)]
  0x0000021b3dae6000 JavaThread "Unconstrained build operations Thread 18" [_thread_blocked, id=13200, stack(0x0000007ca5900000,0x0000007ca5a00000)]
  0x0000021b3dae8800 JavaThread "Unconstrained build operations Thread 19" [_thread_blocked, id=16988, stack(0x0000007ca5a00000,0x0000007ca5b00000)]
  0x0000021b3dae9000 JavaThread "Unconstrained build operations Thread 20" [_thread_blocked, id=13140, stack(0x0000007ca5b00000,0x0000007ca5c00000)]
  0x0000021b3daeb000 JavaThread "Unconstrained build operations Thread 21" [_thread_blocked, id=1228, stack(0x0000007ca5c00000,0x0000007ca5d00000)]
  0x0000021b3dae5000 JavaThread "Unconstrained build operations Thread 22" [_thread_blocked, id=17348, stack(0x0000007ca5d00000,0x0000007ca5e00000)]
  0x0000021b3daf0800 JavaThread "Unconstrained build operations Thread 23" [_thread_blocked, id=14688, stack(0x0000007ca5e00000,0x0000007ca5f00000)]
  0x0000021b3daeb800 JavaThread "Unconstrained build operations Thread 24" [_thread_blocked, id=14728, stack(0x0000007ca5f00000,0x0000007ca6000000)]
  0x0000021b3daf2000 JavaThread "Unconstrained build operations Thread 25" [_thread_blocked, id=7740, stack(0x0000007ca6000000,0x0000007ca6100000)]
  0x0000021b3daf4000 JavaThread "Unconstrained build operations Thread 26" [_thread_blocked, id=1744, stack(0x0000007ca6100000,0x0000007ca6200000)]
  0x0000021b3daee000 JavaThread "Unconstrained build operations Thread 27" [_thread_blocked, id=12820, stack(0x0000007ca6200000,0x0000007ca6300000)]
  0x0000021b3a216000 JavaThread "Unconstrained build operations Thread 28" [_thread_blocked, id=18104, stack(0x0000007ca6300000,0x0000007ca6400000)]
  0x0000021b3a216800 JavaThread "Unconstrained build operations Thread 29" [_thread_blocked, id=18096, stack(0x0000007ca6400000,0x0000007ca6500000)]
  0x0000021b3a215000 JavaThread "Unconstrained build operations Thread 30" [_thread_blocked, id=17744, stack(0x0000007ca6500000,0x0000007ca6600000)]
  0x0000021b3a214000 JavaThread "Unconstrained build operations Thread 31" [_thread_blocked, id=11396, stack(0x0000007ca6600000,0x0000007ca6700000)]
  0x0000021b3a217800 JavaThread "Unconstrained build operations Thread 32" [_thread_blocked, id=1800, stack(0x0000007ca6700000,0x0000007ca6800000)]
  0x0000021b3a212000 JavaThread "Unconstrained build operations Thread 33" [_thread_blocked, id=2644, stack(0x0000007ca6800000,0x0000007ca6900000)]
  0x0000021b3a218800 JavaThread "Unconstrained build operations Thread 34" [_thread_blocked, id=1580, stack(0x0000007ca6900000,0x0000007ca6a00000)]
  0x0000021b3a219000 JavaThread "Unconstrained build operations Thread 35" [_thread_blocked, id=5692, stack(0x0000007ca6a00000,0x0000007ca6b00000)]
  0x0000021b3a21b000 JavaThread "Unconstrained build operations Thread 36" [_thread_blocked, id=5724, stack(0x0000007ca6b00000,0x0000007ca6c00000)]
  0x0000021b3a21a000 JavaThread "Unconstrained build operations Thread 37" [_thread_blocked, id=3316, stack(0x0000007ca6c00000,0x0000007ca6d00000)]
  0x0000021b3a21b800 JavaThread "Unconstrained build operations Thread 38" [_thread_blocked, id=17860, stack(0x0000007ca6d00000,0x0000007ca6e00000)]
  0x0000021b3ff38800 JavaThread "Unconstrained build operations Thread 39" [_thread_blocked, id=17288, stack(0x0000007ca6e00000,0x0000007ca6f00000)]
  0x0000021b3ff39800 JavaThread "Unconstrained build operations Thread 40" [_thread_blocked, id=18248, stack(0x0000007ca6f00000,0x0000007ca7000000)]
  0x0000021b3ff3d800 JavaThread "Unconstrained build operations Thread 41" [_thread_blocked, id=3920, stack(0x0000007ca7000000,0x0000007ca7100000)]
  0x0000021b3ff38000 JavaThread "Unconstrained build operations Thread 42" [_thread_blocked, id=2124, stack(0x0000007ca7100000,0x0000007ca7200000)]
  0x0000021b3ff3b000 JavaThread "Unconstrained build operations Thread 43" [_thread_blocked, id=3640, stack(0x0000007ca7200000,0x0000007ca7300000)]
  0x0000021b3ff3a000 JavaThread "Unconstrained build operations Thread 44" [_thread_blocked, id=17340, stack(0x0000007ca7300000,0x0000007ca7400000)]
  0x0000021b3ff3c000 JavaThread "Unconstrained build operations Thread 45" [_thread_blocked, id=16960, stack(0x0000007ca7400000,0x0000007ca7500000)]
  0x0000021b3ff3c800 JavaThread "Unconstrained build operations Thread 46" [_thread_blocked, id=11780, stack(0x0000007ca7500000,0x0000007ca7600000)]
  0x0000021b399d1800 JavaThread "Unconstrained build operations Thread 47" [_thread_blocked, id=2180, stack(0x0000007ca7600000,0x0000007ca7700000)]
  0x0000021b399cf800 JavaThread "Unconstrained build operations Thread 48" [_thread_blocked, id=17728, stack(0x0000007ca7700000,0x0000007ca7800000)]
  0x0000021b399cf000 JavaThread "Unconstrained build operations Thread 49" [_thread_blocked, id=8668, stack(0x0000007ca7800000,0x0000007ca7900000)]
  0x0000021b399d0800 JavaThread "Unconstrained build operations Thread 50" [_thread_blocked, id=16464, stack(0x0000007ca7900000,0x0000007ca7a00000)]
  0x0000021b3be48000 JavaThread "Unconstrained build operations Thread 51" [_thread_blocked, id=6568, stack(0x0000007ca7a00000,0x0000007ca7b00000)]
  0x0000021b3be43800 JavaThread "Unconstrained build operations Thread 52" [_thread_blocked, id=3804, stack(0x0000007ca7b00000,0x0000007ca7c00000)]
  0x0000021b3be49000 JavaThread "Unconstrained build operations Thread 53" [_thread_blocked, id=16596, stack(0x0000007ca7c00000,0x0000007ca7d00000)]
  0x0000021b3be4a000 JavaThread "Unconstrained build operations Thread 54" [_thread_blocked, id=9136, stack(0x0000007ca7d00000,0x0000007ca7e00000)]
  0x0000021b3be46800 JavaThread "Unconstrained build operations Thread 55" [_thread_blocked, id=15476, stack(0x0000007ca7e00000,0x0000007ca7f00000)]
  0x0000021b3be47800 JavaThread "Unconstrained build operations Thread 56" [_thread_blocked, id=7364, stack(0x0000007ca7f00000,0x0000007ca8000000)]
  0x0000021b3be44000 JavaThread "Unconstrained build operations Thread 57" [_thread_blocked, id=1092, stack(0x0000007ca8000000,0x0000007ca8100000)]
  0x0000021b3be4a800 JavaThread "Unconstrained build operations Thread 58" [_thread_blocked, id=14788, stack(0x0000007ca8100000,0x0000007ca8200000)]
  0x0000021b3be45000 JavaThread "Unconstrained build operations Thread 59" [_thread_blocked, id=16304, stack(0x0000007ca8200000,0x0000007ca8300000)]
  0x0000021b3be4b800 JavaThread "Unconstrained build operations Thread 60" [_thread_blocked, id=12964, stack(0x0000007ca8300000,0x0000007ca8400000)]
  0x0000021b3be45800 JavaThread "Unconstrained build operations Thread 61" [_thread_blocked, id=12420, stack(0x0000007ca8400000,0x0000007ca8500000)]
  0x0000021b3be4e800 JavaThread "Unconstrained build operations Thread 62" [_thread_blocked, id=2360, stack(0x0000007ca8500000,0x0000007ca8600000)]
  0x0000021b3be51000 JavaThread "Unconstrained build operations Thread 63" [_thread_blocked, id=16612, stack(0x0000007ca8600000,0x0000007ca8700000)]
  0x0000021b3be4d000 JavaThread "Unconstrained build operations Thread 64" [_thread_blocked, id=2728, stack(0x0000007ca8700000,0x0000007ca8800000)]
  0x0000021b3be4f800 JavaThread "Unconstrained build operations Thread 65" [_thread_blocked, id=13928, stack(0x0000007ca8800000,0x0000007ca8900000)]
  0x0000021b3be4e000 JavaThread "Unconstrained build operations Thread 66" [_thread_blocked, id=12568, stack(0x0000007ca8900000,0x0000007ca8a00000)]
  0x0000021b3be52000 JavaThread "Unconstrained build operations Thread 67" [_thread_blocked, id=4560, stack(0x0000007ca8a00000,0x0000007ca8b00000)]
  0x0000021b3be50800 JavaThread "Unconstrained build operations Thread 68" [_thread_blocked, id=14048, stack(0x0000007ca8b00000,0x0000007ca8c00000)]
  0x0000021b3be4c800 JavaThread "Unconstrained build operations Thread 69" [_thread_blocked, id=13868, stack(0x0000007ca8c00000,0x0000007ca8d00000)]
  0x0000021b3f976800 JavaThread "Unconstrained build operations Thread 70" [_thread_blocked, id=18344, stack(0x0000007ca8d00000,0x0000007ca8e00000)]
  0x0000021b3f975800 JavaThread "Unconstrained build operations Thread 71" [_thread_blocked, id=17712, stack(0x0000007ca8e00000,0x0000007ca8f00000)]
  0x0000021b3f974000 JavaThread "Unconstrained build operations Thread 72" [_thread_blocked, id=16732, stack(0x0000007ca8f00000,0x0000007ca9000000)]
  0x0000021b3f977000 JavaThread "Unconstrained build operations Thread 73" [_thread_blocked, id=4072, stack(0x0000007ca9000000,0x0000007ca9100000)]
  0x0000021b3f978000 JavaThread "Unconstrained build operations Thread 74" [_thread_blocked, id=10804, stack(0x0000007ca9100000,0x0000007ca9200000)]
  0x0000021b3f979000 JavaThread "Unconstrained build operations Thread 75" [_thread_blocked, id=14364, stack(0x0000007ca9200000,0x0000007ca9300000)]
  0x0000021b3f973000 JavaThread "Unconstrained build operations Thread 76" [_thread_blocked, id=16644, stack(0x0000007ca9300000,0x0000007ca9400000)]
  0x0000021b3f975000 JavaThread "Unconstrained build operations Thread 77" [_thread_blocked, id=1296, stack(0x0000007ca9400000,0x0000007ca9500000)]
  0x0000021b3f97a800 JavaThread "Unconstrained build operations Thread 78" [_thread_blocked, id=14576, stack(0x0000007ca9500000,0x0000007ca9600000)]
  0x0000021b3f97e000 JavaThread "Unconstrained build operations Thread 79" [_thread_blocked, id=17828, stack(0x0000007ca9600000,0x0000007ca9700000)]
  0x0000021b3f97b800 JavaThread "Unconstrained build operations Thread 80" [_thread_blocked, id=15860, stack(0x0000007ca9700000,0x0000007ca9800000)]
  0x0000021b3f97e800 JavaThread "build event listener" [_thread_blocked, id=16556, stack(0x0000007ca9800000,0x0000007ca9900000)]
  0x0000021b3f979800 JavaThread "build event listener" [_thread_blocked, id=16148, stack(0x0000007ca9900000,0x0000007ca9a00000)]
  0x0000021b3f97f800 JavaThread "included builds" [_thread_blocked, id=11664, stack(0x0000007caa000000,0x0000007caa100000)]
  0x0000021b3f982000 JavaThread "Execution worker for ':'" [_thread_blocked, id=15148, stack(0x0000007caa100000,0x0000007caa200000)]
  0x0000021b3f980000 JavaThread "Execution worker for ':' Thread 2" [_thread_blocked, id=14564, stack(0x0000007caa200000,0x0000007caa300000)]
  0x0000021b3f97d000 JavaThread "Execution worker for ':' Thread 3" [_thread_blocked, id=14540, stack(0x0000007caa300000,0x0000007caa400000)]
  0x0000021b3f981000 JavaThread "Execution worker for ':' Thread 4" [_thread_blocked, id=2376, stack(0x0000007caa400000,0x0000007caa500000)]
  0x0000021b3f97c000 JavaThread "Execution worker for ':' Thread 5" [_thread_blocked, id=14016, stack(0x0000007caa500000,0x0000007caa600000)]
  0x0000021b3b595000 JavaThread "Execution worker for ':' Thread 6" [_thread_blocked, id=4480, stack(0x0000007caa600000,0x0000007caa700000)]
  0x0000021b3b59a000 JavaThread "Execution worker for ':' Thread 7" [_thread_blocked, id=13188, stack(0x0000007caa700000,0x0000007caa800000)]
  0x0000021b3b594000 JavaThread "Cache worker for execution history cache (E:\old d drive\sonalika apk\sonalikaM23 09 22\.gradle\7.4\executionHistory)" [_thread_blocked, id=14784, stack(0x0000007caa800000,0x0000007caa900000)]
  0x0000021b3b599000 JavaThread "Build operations" [_thread_blocked, id=11188, stack(0x0000007caab00000,0x0000007caac00000)]
  0x0000021b3b59a800 JavaThread "Build operations Thread 2" [_thread_blocked, id=18116, stack(0x0000007caac00000,0x0000007caad00000)]
  0x0000021b3b59c800 JavaThread "Build operations Thread 3" [_thread_blocked, id=16740, stack(0x0000007caad00000,0x0000007caae00000)]
  0x0000021b3b598000 JavaThread "Build operations Thread 4" [_thread_blocked, id=9924, stack(0x0000007caaf00000,0x0000007cab000000)]
  0x0000021b3b596800 JavaThread "Build operations Thread 5" [_thread_blocked, id=4160, stack(0x0000007cab300000,0x0000007cab400000)]
  0x0000021b3b5a0800 JavaThread "Build operations Thread 6" [_thread_blocked, id=18044, stack(0x0000007cab400000,0x0000007cab500000)]
  0x0000021b3b59f000 JavaThread "Build operations Thread 7" [_thread_blocked, id=1080, stack(0x0000007cab500000,0x0000007cab600000)]
  0x0000021b3b59f800 JavaThread "Build operations Thread 8" [_thread_blocked, id=9148, stack(0x0000007cab600000,0x0000007cab700000)]
  0x0000021b3b59b800 JavaThread "WorkerExecutor Queue" [_thread_blocked, id=13360, stack(0x0000007ca2f00000,0x0000007ca3000000)]
  0x0000021b3b597800 JavaThread "WorkerExecutor Queue Thread 2" [_thread_blocked, id=3832, stack(0x0000007caa900000,0x0000007caaa00000)]
  0x0000021b3b596000 JavaThread "WorkerExecutor Queue Thread 3" [_thread_blocked, id=1396, stack(0x0000007caaa00000,0x0000007caab00000)]
  0x0000021b3b5a3000 JavaThread "WorkerExecutor Queue Thread 4" [_thread_blocked, id=10896, stack(0x0000007cab700000,0x0000007cab800000)]
  0x0000021b3b5a1000 JavaThread "WorkerExecutor Queue Thread 5" [_thread_in_native, id=6080, stack(0x0000007cab800000,0x0000007cab900000)]
  0x0000021b3b59d000 JavaThread "WorkerExecutor Queue Thread 6" [_thread_blocked, id=3892, stack(0x0000007cab900000,0x0000007caba00000)]
  0x0000021b3b59e000 JavaThread "WorkerExecutor Queue Thread 7" [_thread_blocked, id=16840, stack(0x0000007caba00000,0x0000007cabb00000)]
  0x0000021b3b5a2000 JavaThread "WorkerExecutor Queue Thread 8" [_thread_blocked, id=8596, stack(0x0000007cabb00000,0x0000007cabc00000)]
  0x0000021b3b3bb800 Thread [stack: 0x0000007ca2a00000,0x0000007ca2b00000] [id=10612]

Other Threads:
  0x0000021b36c30000 VMThread "VM Thread" [stack: 0x0000007ca1d00000,0x0000007ca1e00000] [id=5792]
  0x0000021b37763800 WatcherThread [stack: 0x0000007ca2700000,0x0000007ca2800000] [id=15252]
  0x0000021b1d336800 GCTaskThread "GC Thread#0" [stack: 0x0000007ca1800000,0x0000007ca1900000] [id=6712]
  0x0000021b37feb000 GCTaskThread "GC Thread#1" [stack: 0x0000007ca2800000,0x0000007ca2900000] [id=16676]
  0x0000021b39616800 GCTaskThread "GC Thread#2" [stack: 0x0000007ca3300000,0x0000007ca3400000] [id=7596]
  0x0000021b398b1800 GCTaskThread "GC Thread#3" [stack: 0x0000007ca3400000,0x0000007ca3500000] [id=17480]
  0x0000021b398b2800 GCTaskThread "GC Thread#4" [stack: 0x0000007ca3500000,0x0000007ca3600000] [id=1448]
  0x0000021b396bc800 GCTaskThread "GC Thread#5" [stack: 0x0000007ca3600000,0x0000007ca3700000] [id=7904]
  0x0000021b396bd000 GCTaskThread "GC Thread#6" [stack: 0x0000007ca3700000,0x0000007ca3800000] [id=15000]
  0x0000021b396bd800 GCTaskThread "GC Thread#7" [stack: 0x0000007ca3800000,0x0000007ca3900000] [id=15120]
  0x0000021b1d35f000 ConcurrentGCThread "G1 Main Marker" [stack: 0x0000007ca1900000,0x0000007ca1a00000] [id=17152]
  0x0000021b1d360000 ConcurrentGCThread "G1 Conc#0" [stack: 0x0000007ca1a00000,0x0000007ca1b00000] [id=1140]
  0x0000021b3993f800 ConcurrentGCThread "G1 Conc#1" [stack: 0x0000007ca3c00000,0x0000007ca3d00000] [id=4368]
  0x0000021b1d3cd000 ConcurrentGCThread "G1 Refine#0" [stack: 0x0000007ca1b00000,0x0000007ca1c00000] [id=14232]
  0x0000021b1d3ce800 ConcurrentGCThread "G1 Young RemSet Sampling" [stack: 0x0000007ca1c00000,0x0000007ca1d00000] [id=2768]

Threads with active compile tasks:
C2 CompilerThread0 762340 25910   !   4       java.io.ObjectOutputStream::writeObject0 (619 bytes)

VM state:not at safepoint (normal execution)

VM Mutex/Monitor currently owned by a thread: None

Heap address: 0x00000000a0000000, size: 1536 MB, Compressed Oops mode: 32-bit
Narrow klass base: 0x0000000000000000, Narrow klass shift: 3
Compressed class space size: 1073741824 Address: 0x0000000100000000

Heap:
 garbage-first heap   total 285696K, used 193355K [0x00000000a0000000, 0x0000000100000000)
  region size 1024K, 44 young (45056K), 3 survivors (3072K)
 Metaspace       used 133130K, capacity 136990K, committed 137936K, reserved 1169408K
  class space    used 16610K, capacity 18035K, committed 18464K, reserved 1048576K
Heap Regions: E=young(eden), S=young(survivor), O=old, HS=humongous(starts), HC=humongous(continues), CS=collection set, F=free, A=archive, TAMS=top-at-mark-start (previous, next)
|   0|0x00000000a0000000, 0x00000000a0100000, 0x00000000a0100000|100%| O|  |TAMS 0x00000000a0100000, 0x00000000a0000000| Untracked 
|   1|0x00000000a0100000, 0x00000000a0200000, 0x00000000a0200000|100%| O|  |TAMS 0x00000000a0200000, 0x00000000a0100000| Untracked 
|   2|0x00000000a0200000, 0x00000000a0300000, 0x00000000a0300000|100%| O|  |TAMS 0x00000000a0300000, 0x00000000a0200000| Untracked 
|   3|0x00000000a0300000, 0x00000000a0400000, 0x00000000a0400000|100%|HS|  |TAMS 0x00000000a0400000, 0x00000000a0300000| Complete 
|   4|0x00000000a0400000, 0x00000000a0500000, 0x00000000a0500000|100%|HC|  |TAMS 0x00000000a0500000, 0x00000000a0400000| Complete 
|   5|0x00000000a0500000, 0x00000000a0600000, 0x00000000a0600000|100%|HC|  |TAMS 0x00000000a0600000, 0x00000000a0500000| Complete 
|   6|0x00000000a0600000, 0x00000000a0700000, 0x00000000a0700000|100%| O|  |TAMS 0x00000000a0700000, 0x00000000a0600000| Untracked 
|   7|0x00000000a0700000, 0x00000000a0800000, 0x00000000a0800000|100%| O|  |TAMS 0x00000000a0800000, 0x00000000a0700000| Untracked 
|   8|0x00000000a0800000, 0x00000000a0900000, 0x00000000a0900000|100%| O|  |TAMS 0x00000000a0900000, 0x00000000a0800000| Untracked 
|   9|0x00000000a0900000, 0x00000000a0a00000, 0x00000000a0a00000|100%| O|  |TAMS 0x00000000a0a00000, 0x00000000a0900000| Untracked 
|  10|0x00000000a0a00000, 0x00000000a0b00000, 0x00000000a0b00000|100%| O|  |TAMS 0x00000000a0b00000, 0x00000000a0a00000| Untracked 
|  11|0x00000000a0b00000, 0x00000000a0c00000, 0x00000000a0c00000|100%| O|  |TAMS 0x00000000a0c00000, 0x00000000a0b00000| Untracked 
|  12|0x00000000a0c00000, 0x00000000a0d00000, 0x00000000a0d00000|100%| O|  |TAMS 0x00000000a0d00000, 0x00000000a0c00000| Untracked 
|  13|0x00000000a0d00000, 0x00000000a0e00000, 0x00000000a0e00000|100%| O|  |TAMS 0x00000000a0e00000, 0x00000000a0d00000| Untracked 
|  14|0x00000000a0e00000, 0x00000000a0f00000, 0x00000000a0f00000|100%| O|  |TAMS 0x00000000a0f00000, 0x00000000a0e00000| Untracked 
|  15|0x00000000a0f00000, 0x00000000a1000000, 0x00000000a1000000|100%| O|  |TAMS 0x00000000a1000000, 0x00000000a0f00000| Untracked 
|  16|0x00000000a1000000, 0x00000000a1100000, 0x00000000a1100000|100%| O|  |TAMS 0x00000000a1100000, 0x00000000a1000000| Untracked 
|  17|0x00000000a1100000, 0x00000000a1200000, 0x00000000a1200000|100%| O|  |TAMS 0x00000000a1200000, 0x00000000a1100000| Untracked 
|  18|0x00000000a1200000, 0x00000000a1300000, 0x00000000a1300000|100%| O|  |TAMS 0x00000000a1300000, 0x00000000a1200000| Untracked 
|  19|0x00000000a1300000, 0x00000000a1400000, 0x00000000a1400000|100%| O|  |TAMS 0x00000000a1400000, 0x00000000a1300000| Untracked 
|  20|0x00000000a1400000, 0x00000000a1500000, 0x00000000a1500000|100%| O|  |TAMS 0x00000000a1500000, 0x00000000a1400000| Untracked 
|  21|0x00000000a1500000, 0x00000000a1600000, 0x00000000a1600000|100%| O|  |TAMS 0x00000000a1600000, 0x00000000a1500000| Untracked 
|  22|0x00000000a1600000, 0x00000000a1700000, 0x00000000a1700000|100%| O|  |TAMS 0x00000000a1700000, 0x00000000a1600000| Untracked 
|  23|0x00000000a1700000, 0x00000000a1800000, 0x00000000a1800000|100%| O|  |TAMS 0x00000000a1800000, 0x00000000a1700000| Untracked 
|  24|0x00000000a1800000, 0x00000000a1900000, 0x00000000a1900000|100%| O|  |TAMS 0x00000000a1900000, 0x00000000a1800000| Untracked 
|  25|0x00000000a1900000, 0x00000000a1a00000, 0x00000000a1a00000|100%| O|  |TAMS 0x00000000a1a00000, 0x00000000a1900000| Untracked 
|  26|0x00000000a1a00000, 0x00000000a1b00000, 0x00000000a1b00000|100%| O|  |TAMS 0x00000000a1b00000, 0x00000000a1a00000| Untracked 
|  27|0x00000000a1b00000, 0x00000000a1c00000, 0x00000000a1c00000|100%| O|  |TAMS 0x00000000a1c00000, 0x00000000a1b00000| Untracked 
|  28|0x00000000a1c00000, 0x00000000a1d00000, 0x00000000a1d00000|100%| O|  |TAMS 0x00000000a1d00000, 0x00000000a1c00000| Untracked 
|  29|0x00000000a1d00000, 0x00000000a1e00000, 0x00000000a1e00000|100%| O|  |TAMS 0x00000000a1e00000, 0x00000000a1d00000| Untracked 
|  30|0x00000000a1e00000, 0x00000000a1f00000, 0x00000000a1f00000|100%| O|  |TAMS 0x00000000a1f00000, 0x00000000a1e00000| Untracked 
|  31|0x00000000a1f00000, 0x00000000a2000000, 0x00000000a2000000|100%| O|  |TAMS 0x00000000a2000000, 0x00000000a1f00000| Untracked 
|  32|0x00000000a2000000, 0x00000000a2100000, 0x00000000a2100000|100%| O|  |TAMS 0x00000000a2100000, 0x00000000a2000000| Untracked 
|  33|0x00000000a2100000, 0x00000000a2200000, 0x00000000a2200000|100%| O|  |TAMS 0x00000000a2200000, 0x00000000a2100000| Untracked 
|  34|0x00000000a2200000, 0x00000000a2300000, 0x00000000a2300000|100%| O|  |TAMS 0x00000000a2300000, 0x00000000a2200000| Untracked 
|  35|0x00000000a2300000, 0x00000000a2400000, 0x00000000a2400000|100%| O|  |TAMS 0x00000000a2400000, 0x00000000a2300000| Untracked 
|  36|0x00000000a2400000, 0x00000000a2500000, 0x00000000a2500000|100%|HS|  |TAMS 0x00000000a2500000, 0x00000000a2400000| Complete 
|  37|0x00000000a2500000, 0x00000000a2600000, 0x00000000a2600000|100%|HS|  |TAMS 0x00000000a2600000, 0x00000000a2500000| Complete 
|  38|0x00000000a2600000, 0x00000000a2700000, 0x00000000a2700000|100%| O|  |TAMS 0x00000000a2700000, 0x00000000a2600000| Untracked 
|  39|0x00000000a2700000, 0x00000000a2800000, 0x00000000a2800000|100%|HS|  |TAMS 0x00000000a2800000, 0x00000000a2700000| Complete 
|  40|0x00000000a2800000, 0x00000000a2900000, 0x00000000a2900000|100%| O|  |TAMS 0x00000000a2900000, 0x00000000a2800000| Untracked 
|  41|0x00000000a2900000, 0x00000000a2a00000, 0x00000000a2a00000|100%|HS|  |TAMS 0x00000000a2a00000, 0x00000000a2900000| Complete 
|  42|0x00000000a2a00000, 0x00000000a2b00000, 0x00000000a2b00000|100%|HC|  |TAMS 0x00000000a2b00000, 0x00000000a2a00000| Complete 
|  43|0x00000000a2b00000, 0x00000000a2c00000, 0x00000000a2c00000|100%|HC|  |TAMS 0x00000000a2c00000, 0x00000000a2b00000| Complete 
|  44|0x00000000a2c00000, 0x00000000a2d00000, 0x00000000a2d00000|100%| O|  |TAMS 0x00000000a2d00000, 0x00000000a2c00000| Untracked 
|  45|0x00000000a2d00000, 0x00000000a2e00000, 0x00000000a2e00000|100%| O|  |TAMS 0x00000000a2e00000, 0x00000000a2d00000| Untracked 
|  46|0x00000000a2e00000, 0x00000000a2f00000, 0x00000000a2f00000|100%| O|  |TAMS 0x00000000a2f00000, 0x00000000a2e00000| Untracked 
|  47|0x00000000a2f00000, 0x00000000a3000000, 0x00000000a3000000|100%|HS|  |TAMS 0x00000000a3000000, 0x00000000a2f00000| Complete 
|  48|0x00000000a3000000, 0x00000000a3100000, 0x00000000a3100000|100%|HC|  |TAMS 0x00000000a3100000, 0x00000000a3000000| Complete 
|  49|0x00000000a3100000, 0x00000000a3200000, 0x00000000a3200000|100%| O|  |TAMS 0x00000000a3200000, 0x00000000a3100000| Untracked 
|  50|0x00000000a3200000, 0x00000000a3300000, 0x00000000a3300000|100%| O|  |TAMS 0x00000000a3300000, 0x00000000a3200000| Untracked 
|  51|0x00000000a3300000, 0x00000000a3400000, 0x00000000a3400000|100%| O|  |TAMS 0x00000000a3400000, 0x00000000a3300000| Untracked 
|  52|0x00000000a3400000, 0x00000000a3500000, 0x00000000a3500000|100%| O|  |TAMS 0x00000000a3500000, 0x00000000a3400000| Untracked 
|  53|0x00000000a3500000, 0x00000000a3600000, 0x00000000a3600000|100%| O|  |TAMS 0x00000000a3600000, 0x00000000a3500000| Untracked 
|  54|0x00000000a3600000, 0x00000000a3700000, 0x00000000a3700000|100%| O|  |TAMS 0x00000000a3700000, 0x00000000a3600000| Untracked 
|  55|0x00000000a3700000, 0x00000000a3800000, 0x00000000a3800000|100%| O|  |TAMS 0x00000000a3800000, 0x00000000a3700000| Untracked 
|  56|0x00000000a3800000, 0x00000000a3900000, 0x00000000a3900000|100%| O|  |TAMS 0x00000000a3900000, 0x00000000a3800000| Untracked 
|  57|0x00000000a3900000, 0x00000000a3a00000, 0x00000000a3a00000|100%| O|  |TAMS 0x00000000a3a00000, 0x00000000a3900000| Untracked 
|  58|0x00000000a3a00000, 0x00000000a3b00000, 0x00000000a3b00000|100%| O|  |TAMS 0x00000000a3b00000, 0x00000000a3a00000| Untracked 
|  59|0x00000000a3b00000, 0x00000000a3c00000, 0x00000000a3c00000|100%| O|  |TAMS 0x00000000a3c00000, 0x00000000a3b00000| Untracked 
|  60|0x00000000a3c00000, 0x00000000a3d00000, 0x00000000a3d00000|100%| O|  |TAMS 0x00000000a3d00000, 0x00000000a3c00000| Untracked 
|  61|0x00000000a3d00000, 0x00000000a3e00000, 0x00000000a3e00000|100%| O|  |TAMS 0x00000000a3e00000, 0x00000000a3d00000| Untracked 
|  62|0x00000000a3e00000, 0x00000000a3f00000, 0x00000000a3f00000|100%| O|  |TAMS 0x00000000a3f00000, 0x00000000a3e00000| Untracked 
|  63|0x00000000a3f00000, 0x00000000a4000000, 0x00000000a4000000|100%| O|  |TAMS 0x00000000a4000000, 0x00000000a3f00000| Untracked 
|  64|0x00000000a4000000, 0x00000000a4100000, 0x00000000a4100000|100%| O|  |TAMS 0x00000000a4100000, 0x00000000a4000000| Untracked 
|  65|0x00000000a4100000, 0x00000000a4200000, 0x00000000a4200000|100%| O|  |TAMS 0x00000000a4200000, 0x00000000a4100000| Untracked 
|  66|0x00000000a4200000, 0x00000000a4300000, 0x00000000a4300000|100%| O|  |TAMS 0x00000000a4300000, 0x00000000a4200000| Untracked 
|  67|0x00000000a4300000, 0x00000000a4400000, 0x00000000a4400000|100%| O|  |TAMS 0x00000000a4400000, 0x00000000a4300000| Untracked 
|  68|0x00000000a4400000, 0x00000000a4500000, 0x00000000a4500000|100%| O|  |TAMS 0x00000000a4500000, 0x00000000a4400000| Untracked 
|  69|0x00000000a4500000, 0x00000000a4600000, 0x00000000a4600000|100%| O|  |TAMS 0x00000000a4600000, 0x00000000a4500000| Untracked 
|  70|0x00000000a4600000, 0x00000000a4700000, 0x00000000a4700000|100%| O|  |TAMS 0x00000000a4700000, 0x00000000a4600000| Untracked 
|  71|0x00000000a4700000, 0x00000000a4800000, 0x00000000a4800000|100%| O|  |TAMS 0x00000000a4800000, 0x00000000a4700000| Untracked 
|  72|0x00000000a4800000, 0x00000000a4800000, 0x00000000a4900000|  0%| F|  |TAMS 0x00000000a4800000, 0x00000000a4800000| Untracked 
|  73|0x00000000a4900000, 0x00000000a4a00000, 0x00000000a4a00000|100%| O|  |TAMS 0x00000000a4a00000, 0x00000000a4900000| Untracked 
|  74|0x00000000a4a00000, 0x00000000a4b00000, 0x00000000a4b00000|100%| O|  |TAMS 0x00000000a4b00000, 0x00000000a4a00000| Untracked 
|  75|0x00000000a4b00000, 0x00000000a4c00000, 0x00000000a4c00000|100%| O|  |TAMS 0x00000000a4c00000, 0x00000000a4b00000| Untracked 
|  76|0x00000000a4c00000, 0x00000000a4d00000, 0x00000000a4d00000|100%| O|  |TAMS 0x00000000a4d00000, 0x00000000a4c00000| Untracked 
|  77|0x00000000a4d00000, 0x00000000a4e00000, 0x00000000a4e00000|100%| O|  |TAMS 0x00000000a4e00000, 0x00000000a4d00000| Untracked 
|  78|0x00000000a4e00000, 0x00000000a4e00000, 0x00000000a4f00000|  0%| F|  |TAMS 0x00000000a4e00000, 0x00000000a4e00000| Untracked 
|  79|0x00000000a4f00000, 0x00000000a5000000, 0x00000000a5000000|100%| O|  |TAMS 0x00000000a5000000, 0x00000000a4f00000| Untracked 
|  80|0x00000000a5000000, 0x00000000a5100000, 0x00000000a5100000|100%| O|  |TAMS 0x00000000a5100000, 0x00000000a5000000| Untracked 
|  81|0x00000000a5100000, 0x00000000a5200000, 0x00000000a5200000|100%| O|  |TAMS 0x00000000a5200000, 0x00000000a5100000| Untracked 
|  82|0x00000000a5200000, 0x00000000a5300000, 0x00000000a5300000|100%| O|  |TAMS 0x00000000a5300000, 0x00000000a5200000| Untracked 
|  83|0x00000000a5300000, 0x00000000a5400000, 0x00000000a5400000|100%| O|  |TAMS 0x00000000a5400000, 0x00000000a5300000| Untracked 
|  84|0x00000000a5400000, 0x00000000a5500000, 0x00000000a5500000|100%| O|  |TAMS 0x00000000a5500000, 0x00000000a5400000| Untracked 
|  85|0x00000000a5500000, 0x00000000a5600000, 0x00000000a5600000|100%| O|  |TAMS 0x00000000a5600000, 0x00000000a5500000| Untracked 
|  86|0x00000000a5600000, 0x00000000a5700000, 0x00000000a5700000|100%| O|  |TAMS 0x00000000a5700000, 0x00000000a5600000| Untracked 
|  87|0x00000000a5700000, 0x00000000a5700000, 0x00000000a5800000|  0%| F|  |TAMS 0x00000000a5700000, 0x00000000a5700000| Untracked 
|  88|0x00000000a5800000, 0x00000000a5900000, 0x00000000a5900000|100%| O|  |TAMS 0x00000000a5900000, 0x00000000a5800000| Untracked 
|  89|0x00000000a5900000, 0x00000000a5a00000, 0x00000000a5a00000|100%| O|  |TAMS 0x00000000a5a00000, 0x00000000a5900000| Untracked 
|  90|0x00000000a5a00000, 0x00000000a5b00000, 0x00000000a5b00000|100%| O|  |TAMS 0x00000000a5b00000, 0x00000000a5a00000| Untracked 
|  91|0x00000000a5b00000, 0x00000000a5c00000, 0x00000000a5c00000|100%| O|  |TAMS 0x00000000a5c00000, 0x00000000a5b00000| Untracked 
|  92|0x00000000a5c00000, 0x00000000a5d00000, 0x00000000a5d00000|100%| O|  |TAMS 0x00000000a5d00000, 0x00000000a5c00000| Untracked 
|  93|0x00000000a5d00000, 0x00000000a5e00000, 0x00000000a5e00000|100%| O|  |TAMS 0x00000000a5e00000, 0x00000000a5d00000| Untracked 
|  94|0x00000000a5e00000, 0x00000000a5f00000, 0x00000000a5f00000|100%| O|  |TAMS 0x00000000a5f00000, 0x00000000a5e00000| Untracked 
|  95|0x00000000a5f00000, 0x00000000a6000000, 0x00000000a6000000|100%| O|  |TAMS 0x00000000a6000000, 0x00000000a5f00000| Untracked 
|  96|0x00000000a6000000, 0x00000000a6100000, 0x00000000a6100000|100%| O|  |TAMS 0x00000000a6100000, 0x00000000a6000000| Untracked 
|  97|0x00000000a6100000, 0x00000000a6200000, 0x00000000a6200000|100%| O|  |TAMS 0x00000000a6200000, 0x00000000a6100000| Untracked 
|  98|0x00000000a6200000, 0x00000000a6300000, 0x00000000a6300000|100%| O|  |TAMS 0x00000000a6300000, 0x00000000a6200000| Untracked 
|  99|0x00000000a6300000, 0x00000000a6400000, 0x00000000a6400000|100%| O|  |TAMS 0x00000000a6400000, 0x00000000a6300000| Untracked 
| 100|0x00000000a6400000, 0x00000000a6500000, 0x00000000a6500000|100%| O|  |TAMS 0x00000000a6500000, 0x00000000a6400000| Untracked 
| 101|0x00000000a6500000, 0x00000000a65c8e00, 0x00000000a6600000| 78%| O|  |TAMS 0x00000000a65c8e00, 0x00000000a6500000| Untracked 
| 102|0x00000000a6600000, 0x00000000a6700000, 0x00000000a6700000|100%| O|  |TAMS 0x00000000a6700000, 0x00000000a6600000| Untracked 
| 103|0x00000000a6700000, 0x00000000a6800000, 0x00000000a6800000|100%| O|  |TAMS 0x00000000a6800000, 0x00000000a6700000| Untracked 
| 104|0x00000000a6800000, 0x00000000a6900000, 0x00000000a6900000|100%| O|  |TAMS 0x00000000a6900000, 0x00000000a6800000| Untracked 
| 105|0x00000000a6900000, 0x00000000a6a00000, 0x00000000a6a00000|100%| O|  |TAMS 0x00000000a6a00000, 0x00000000a6900000| Untracked 
| 106|0x00000000a6a00000, 0x00000000a6b00000, 0x00000000a6b00000|100%|HS|  |TAMS 0x00000000a6b00000, 0x00000000a6a00000| Complete 
| 107|0x00000000a6b00000, 0x00000000a6c00000, 0x00000000a6c00000|100%|HC|  |TAMS 0x00000000a6c00000, 0x00000000a6b00000| Complete 
| 108|0x00000000a6c00000, 0x00000000a6d00000, 0x00000000a6d00000|100%| O|  |TAMS 0x00000000a6d00000, 0x00000000a6c00000| Untracked 
| 109|0x00000000a6d00000, 0x00000000a6d00000, 0x00000000a6e00000|  0%| F|  |TAMS 0x00000000a6d00000, 0x00000000a6d00000| Untracked 
| 110|0x00000000a6e00000, 0x00000000a6f00000, 0x00000000a6f00000|100%| O|  |TAMS 0x00000000a6f00000, 0x00000000a6e00000| Untracked 
| 111|0x00000000a6f00000, 0x00000000a6f00000, 0x00000000a7000000|  0%| F|  |TAMS 0x00000000a6f00000, 0x00000000a6f00000| Untracked 
| 112|0x00000000a7000000, 0x00000000a7100000, 0x00000000a7100000|100%| O|  |TAMS 0x00000000a7100000, 0x00000000a7000000| Untracked 
| 113|0x00000000a7100000, 0x00000000a7200000, 0x00000000a7200000|100%| O|  |TAMS 0x00000000a7200000, 0x00000000a7100000| Untracked 
| 114|0x00000000a7200000, 0x00000000a7300000, 0x00000000a7300000|100%| O|  |TAMS 0x00000000a7300000, 0x00000000a7200000| Untracked 
| 115|0x00000000a7300000, 0x00000000a7400000, 0x00000000a7400000|100%| O|  |TAMS 0x00000000a7400000, 0x00000000a7300000| Untracked 
| 116|0x00000000a7400000, 0x00000000a7500000, 0x00000000a7500000|100%| O|  |TAMS 0x00000000a7500000, 0x00000000a7400000| Untracked 
| 117|0x00000000a7500000, 0x00000000a7600000, 0x00000000a7600000|100%| O|  |TAMS 0x00000000a7600000, 0x00000000a7500000| Untracked 
| 118|0x00000000a7600000, 0x00000000a7700000, 0x00000000a7700000|100%| O|  |TAMS 0x00000000a7700000, 0x00000000a7600000| Untracked 
| 119|0x00000000a7700000, 0x00000000a7800000, 0x00000000a7800000|100%| O|  |TAMS 0x00000000a7800000, 0x00000000a7700000| Untracked 
| 120|0x00000000a7800000, 0x00000000a7900000, 0x00000000a7900000|100%| O|  |TAMS 0x00000000a7900000, 0x00000000a7800000| Untracked 
| 121|0x00000000a7900000, 0x00000000a7a00000, 0x00000000a7a00000|100%| O|  |TAMS 0x00000000a7a00000, 0x00000000a7900000| Untracked 
| 122|0x00000000a7a00000, 0x00000000a7b00000, 0x00000000a7b00000|100%| O|  |TAMS 0x00000000a7b00000, 0x00000000a7a00000| Untracked 
| 123|0x00000000a7b00000, 0x00000000a7c00000, 0x00000000a7c00000|100%| O|  |TAMS 0x00000000a7c00000, 0x00000000a7b00000| Untracked 
| 124|0x00000000a7c00000, 0x00000000a7c00000, 0x00000000a7d00000|  0%| F|  |TAMS 0x00000000a7c00000, 0x00000000a7c00000| Untracked 
| 125|0x00000000a7d00000, 0x00000000a7e00000, 0x00000000a7e00000|100%| O|  |TAMS 0x00000000a7e00000, 0x00000000a7d00000| Untracked 
| 126|0x00000000a7e00000, 0x00000000a7f00000, 0x00000000a7f00000|100%| O|  |TAMS 0x00000000a7f00000, 0x00000000a7e00000| Untracked 
| 127|0x00000000a7f00000, 0x00000000a8000000, 0x00000000a8000000|100%| O|  |TAMS 0x00000000a8000000, 0x00000000a7f00000| Untracked 
| 128|0x00000000a8000000, 0x00000000a8100000, 0x00000000a8100000|100%| O|  |TAMS 0x00000000a8100000, 0x00000000a8000000| Untracked 
| 129|0x00000000a8100000, 0x00000000a8200000, 0x00000000a8200000|100%| O|  |TAMS 0x00000000a8200000, 0x00000000a8100000| Untracked 
| 130|0x00000000a8200000, 0x00000000a8300000, 0x00000000a8300000|100%| O|  |TAMS 0x00000000a8300000, 0x00000000a8200000| Untracked 
| 131|0x00000000a8300000, 0x00000000a8400000, 0x00000000a8400000|100%| O|  |TAMS 0x00000000a8400000, 0x00000000a8300000| Untracked 
| 132|0x00000000a8400000, 0x00000000a8500000, 0x00000000a8500000|100%| O|  |TAMS 0x00000000a8500000, 0x00000000a8400000| Untracked 
| 133|0x00000000a8500000, 0x00000000a8600000, 0x00000000a8600000|100%|HS|  |TAMS 0x00000000a8600000, 0x00000000a8500000| Complete 
| 134|0x00000000a8600000, 0x00000000a8700000, 0x00000000a8700000|100%|HC|  |TAMS 0x00000000a8700000, 0x00000000a8600000| Complete 
| 135|0x00000000a8700000, 0x00000000a8800000, 0x00000000a8800000|100%| O|  |TAMS 0x00000000a8800000, 0x00000000a8700000| Untracked 
| 136|0x00000000a8800000, 0x00000000a8900000, 0x00000000a8900000|100%|HS|  |TAMS 0x00000000a8800000, 0x00000000a8800000| Complete 
| 137|0x00000000a8900000, 0x00000000a8a00000, 0x00000000a8a00000|100%|HC|  |TAMS 0x00000000a8900000, 0x00000000a8900000| Complete 
| 138|0x00000000a8a00000, 0x00000000a8b00000, 0x00000000a8b00000|100%|HS|  |TAMS 0x00000000a8a00000, 0x00000000a8a00000| Complete 
| 139|0x00000000a8b00000, 0x00000000a8c00000, 0x00000000a8c00000|100%|HC|  |TAMS 0x00000000a8b00000, 0x00000000a8b00000| Complete 
| 140|0x00000000a8c00000, 0x00000000a8c00000, 0x00000000a8d00000|  0%| F|  |TAMS 0x00000000a8c00000, 0x00000000a8c00000| Untracked 
| 141|0x00000000a8d00000, 0x00000000a8e00000, 0x00000000a8e00000|100%| O|  |TAMS 0x00000000a8e00000, 0x00000000a8d00000| Untracked 
| 142|0x00000000a8e00000, 0x00000000a8f00000, 0x00000000a8f00000|100%| O|  |TAMS 0x00000000a8f00000, 0x00000000a8e00000| Untracked 
| 143|0x00000000a8f00000, 0x00000000a8f00000, 0x00000000a9000000|  0%| F|  |TAMS 0x00000000a8f00000, 0x00000000a8f00000| Untracked 
| 144|0x00000000a9000000, 0x00000000a9000000, 0x00000000a9100000|  0%| F|  |TAMS 0x00000000a9000000, 0x00000000a9000000| Untracked 
| 145|0x00000000a9100000, 0x00000000a9100000, 0x00000000a9200000|  0%| F|  |TAMS 0x00000000a9100000, 0x00000000a9100000| Untracked 
| 146|0x00000000a9200000, 0x00000000a9200000, 0x00000000a9300000|  0%| F|  |TAMS 0x00000000a9200000, 0x00000000a9200000| Untracked 
| 147|0x00000000a9300000, 0x00000000a9300000, 0x00000000a9400000|  0%| F|  |TAMS 0x00000000a9300000, 0x00000000a9300000| Untracked 
| 148|0x00000000a9400000, 0x00000000a9400000, 0x00000000a9500000|  0%| F|  |TAMS 0x00000000a9400000, 0x00000000a9400000| Untracked 
| 149|0x00000000a9500000, 0x00000000a9500000, 0x00000000a9600000|  0%| F|  |TAMS 0x00000000a9500000, 0x00000000a9500000| Untracked 
| 150|0x00000000a9600000, 0x00000000a9600000, 0x00000000a9700000|  0%| F|  |TAMS 0x00000000a9600000, 0x00000000a9600000| Untracked 
| 151|0x00000000a9700000, 0x00000000a9700000, 0x00000000a9800000|  0%| F|  |TAMS 0x00000000a9700000, 0x00000000a9700000| Untracked 
| 152|0x00000000a9800000, 0x00000000a9900000, 0x00000000a9900000|100%| O|  |TAMS 0x00000000a9900000, 0x00000000a9800000| Untracked 
| 153|0x00000000a9900000, 0x00000000a9900000, 0x00000000a9a00000|  0%| F|  |TAMS 0x00000000a9900000, 0x00000000a9900000| Untracked 
| 154|0x00000000a9a00000, 0x00000000a9a00000, 0x00000000a9b00000|  0%| F|  |TAMS 0x00000000a9a00000, 0x00000000a9a00000| Untracked 
| 155|0x00000000a9b00000, 0x00000000a9c00000, 0x00000000a9c00000|100%| O|  |TAMS 0x00000000a9c00000, 0x00000000a9b00000| Untracked 
| 156|0x00000000a9c00000, 0x00000000a9d00000, 0x00000000a9d00000|100%| O|  |TAMS 0x00000000a9d00000, 0x00000000a9c00000| Untracked 
| 157|0x00000000a9d00000, 0x00000000a9e00000, 0x00000000a9e00000|100%| O|  |TAMS 0x00000000a9e00000, 0x00000000a9d00000| Untracked 
| 158|0x00000000a9e00000, 0x00000000a9f00000, 0x00000000a9f00000|100%| O|  |TAMS 0x00000000a9f00000, 0x00000000a9e00000| Untracked 
| 159|0x00000000a9f00000, 0x00000000a9f00000, 0x00000000aa000000|  0%| F|  |TAMS 0x00000000a9f00000, 0x00000000a9f00000| Untracked 
| 160|0x00000000aa000000, 0x00000000aa000000, 0x00000000aa100000|  0%| F|  |TAMS 0x00000000aa000000, 0x00000000aa000000| Untracked 
| 161|0x00000000aa100000, 0x00000000aa100000, 0x00000000aa200000|  0%| F|  |TAMS 0x00000000aa100000, 0x00000000aa100000| Untracked 
| 162|0x00000000aa200000, 0x00000000aa200000, 0x00000000aa300000|  0%| F|  |TAMS 0x00000000aa200000, 0x00000000aa200000| Untracked 
| 163|0x00000000aa300000, 0x00000000aa300000, 0x00000000aa400000|  0%| F|  |TAMS 0x00000000aa300000, 0x00000000aa300000| Untracked 
| 164|0x00000000aa400000, 0x00000000aa400000, 0x00000000aa500000|  0%| F|  |TAMS 0x00000000aa400000, 0x00000000aa400000| Untracked 
| 165|0x00000000aa500000, 0x00000000aa500000, 0x00000000aa600000|  0%| F|  |TAMS 0x00000000aa500000, 0x00000000aa500000| Untracked 
| 166|0x00000000aa600000, 0x00000000aa600000, 0x00000000aa700000|  0%| F|  |TAMS 0x00000000aa600000, 0x00000000aa600000| Untracked 
| 167|0x00000000aa700000, 0x00000000aa800000, 0x00000000aa800000|100%| O|  |TAMS 0x00000000aa800000, 0x00000000aa700000| Untracked 
| 168|0x00000000aa800000, 0x00000000aa800000, 0x00000000aa900000|  0%| F|  |TAMS 0x00000000aa800000, 0x00000000aa800000| Untracked 
| 169|0x00000000aa900000, 0x00000000aa900000, 0x00000000aaa00000|  0%| F|  |TAMS 0x00000000aa900000, 0x00000000aa900000| Untracked 
| 170|0x00000000aaa00000, 0x00000000aaa00000, 0x00000000aab00000|  0%| F|  |TAMS 0x00000000aaa00000, 0x00000000aaa00000| Untracked 
| 171|0x00000000aab00000, 0x00000000aab00000, 0x00000000aac00000|  0%| F|  |TAMS 0x00000000aab00000, 0x00000000aab00000| Untracked 
| 172|0x00000000aac00000, 0x00000000aac00000, 0x00000000aad00000|  0%| F|  |TAMS 0x00000000aac00000, 0x00000000aac00000| Untracked 
| 173|0x00000000aad00000, 0x00000000aad00000, 0x00000000aae00000|  0%| F|  |TAMS 0x00000000aad00000, 0x00000000aad00000| Untracked 
| 174|0x00000000aae00000, 0x00000000aae00000, 0x00000000aaf00000|  0%| F|  |TAMS 0x00000000aae00000, 0x00000000aae00000| Untracked 
| 175|0x00000000aaf00000, 0x00000000ab000000, 0x00000000ab000000|100%| O|  |TAMS 0x00000000ab000000, 0x00000000aaf00000| Untracked 
| 176|0x00000000ab000000, 0x00000000ab100000, 0x00000000ab100000|100%| O|  |TAMS 0x00000000ab100000, 0x00000000ab000000| Untracked 
| 177|0x00000000ab100000, 0x00000000ab100000, 0x00000000ab200000|  0%| F|  |TAMS 0x00000000ab100000, 0x00000000ab100000| Untracked 
| 178|0x00000000ab200000, 0x00000000ab200000, 0x00000000ab300000|  0%| F|  |TAMS 0x00000000ab200000, 0x00000000ab200000| Untracked 
| 179|0x00000000ab300000, 0x00000000ab400000, 0x00000000ab400000|100%| O|  |TAMS 0x00000000ab400000, 0x00000000ab300000| Untracked 
| 180|0x00000000ab400000, 0x00000000ab400000, 0x00000000ab500000|  0%| F|  |TAMS 0x00000000ab400000, 0x00000000ab400000| Untracked 
| 181|0x00000000ab500000, 0x00000000ab500000, 0x00000000ab600000|  0%| F|  |TAMS 0x00000000ab500000, 0x00000000ab500000| Untracked 
| 182|0x00000000ab600000, 0x00000000ab600000, 0x00000000ab700000|  0%| F|  |TAMS 0x00000000ab600000, 0x00000000ab600000| Untracked 
| 183|0x00000000ab700000, 0x00000000ab700000, 0x00000000ab800000|  0%| F|  |TAMS 0x00000000ab700000, 0x00000000ab700000| Untracked 
| 184|0x00000000ab800000, 0x00000000ab800000, 0x00000000ab900000|  0%| F|  |TAMS 0x00000000ab800000, 0x00000000ab800000| Untracked 
| 185|0x00000000ab900000, 0x00000000ab900000, 0x00000000aba00000|  0%| F|  |TAMS 0x00000000ab900000, 0x00000000ab900000| Untracked 
| 186|0x00000000aba00000, 0x00000000aba00000, 0x00000000abb00000|  0%| F|  |TAMS 0x00000000aba00000, 0x00000000aba00000| Untracked 
| 187|0x00000000abb00000, 0x00000000abb00000, 0x00000000abc00000|  0%| F|  |TAMS 0x00000000abb00000, 0x00000000abb00000| Untracked 
| 188|0x00000000abc00000, 0x00000000abd00000, 0x00000000abd00000|100%| O|  |TAMS 0x00000000abd00000, 0x00000000abc00000| Untracked 
| 189|0x00000000abd00000, 0x00000000abd00000, 0x00000000abe00000|  0%| F|  |TAMS 0x00000000abd00000, 0x00000000abd00000| Untracked 
| 190|0x00000000abe00000, 0x00000000abf00000, 0x00000000abf00000|100%| O|  |TAMS 0x00000000abf00000, 0x00000000abe00000| Untracked 
| 191|0x00000000abf00000, 0x00000000abf00000, 0x00000000ac000000|  0%| F|  |TAMS 0x00000000abf00000, 0x00000000abf00000| Untracked 
| 192|0x00000000ac000000, 0x00000000ac000000, 0x00000000ac100000|  0%| F|  |TAMS 0x00000000ac000000, 0x00000000ac000000| Untracked 
| 193|0x00000000ac100000, 0x00000000ac100000, 0x00000000ac200000|  0%| F|  |TAMS 0x00000000ac100000, 0x00000000ac100000| Untracked 
| 194|0x00000000ac200000, 0x00000000ac200000, 0x00000000ac300000|  0%| F|  |TAMS 0x00000000ac200000, 0x00000000ac200000| Untracked 
| 195|0x00000000ac300000, 0x00000000ac300000, 0x00000000ac400000|  0%| F|  |TAMS 0x00000000ac300000, 0x00000000ac300000| Untracked 
| 196|0x00000000ac400000, 0x00000000ac400000, 0x00000000ac500000|  0%| F|  |TAMS 0x00000000ac400000, 0x00000000ac400000| Untracked 
| 197|0x00000000ac500000, 0x00000000ac500000, 0x00000000ac600000|  0%| F|  |TAMS 0x00000000ac500000, 0x00000000ac500000| Untracked 
| 198|0x00000000ac600000, 0x00000000ac600000, 0x00000000ac700000|  0%| F|  |TAMS 0x00000000ac600000, 0x00000000ac600000| Untracked 
| 199|0x00000000ac700000, 0x00000000ac700000, 0x00000000ac800000|  0%| F|  |TAMS 0x00000000ac700000, 0x00000000ac700000| Untracked 
| 200|0x00000000ac800000, 0x00000000ac800000, 0x00000000ac900000|  0%| F|  |TAMS 0x00000000ac800000, 0x00000000ac800000| Untracked 
| 201|0x00000000ac900000, 0x00000000ac900000, 0x00000000aca00000|  0%| F|  |TAMS 0x00000000ac900000, 0x00000000ac900000| Untracked 
| 202|0x00000000aca00000, 0x00000000aca00000, 0x00000000acb00000|  0%| F|  |TAMS 0x00000000aca00000, 0x00000000aca00000| Untracked 
| 203|0x00000000acb00000, 0x00000000acb00000, 0x00000000acc00000|  0%| F|  |TAMS 0x00000000acb00000, 0x00000000acb00000| Untracked 
| 204|0x00000000acc00000, 0x00000000acc00000, 0x00000000acd00000|  0%| F|  |TAMS 0x00000000acc00000, 0x00000000acc00000| Untracked 
| 205|0x00000000acd00000, 0x00000000acd00000, 0x00000000ace00000|  0%| F|  |TAMS 0x00000000acd00000, 0x00000000acd00000| Untracked 
| 206|0x00000000ace00000, 0x00000000ace00000, 0x00000000acf00000|  0%| F|  |TAMS 0x00000000ace00000, 0x00000000ace00000| Untracked 
| 207|0x00000000acf00000, 0x00000000acf00000, 0x00000000ad000000|  0%| F|  |TAMS 0x00000000acf00000, 0x00000000acf00000| Untracked 
| 208|0x00000000ad000000, 0x00000000ad000000, 0x00000000ad100000|  0%| F|  |TAMS 0x00000000ad000000, 0x00000000ad000000| Untracked 
| 209|0x00000000ad100000, 0x00000000ad100000, 0x00000000ad200000|  0%| F|  |TAMS 0x00000000ad100000, 0x00000000ad100000| Untracked 
| 210|0x00000000ad200000, 0x00000000ad200000, 0x00000000ad300000|  0%| F|  |TAMS 0x00000000ad200000, 0x00000000ad200000| Untracked 
| 211|0x00000000ad300000, 0x00000000ad300000, 0x00000000ad400000|  0%| F|  |TAMS 0x00000000ad300000, 0x00000000ad300000| Untracked 
| 212|0x00000000ad400000, 0x00000000ad400000, 0x00000000ad500000|  0%| F|  |TAMS 0x00000000ad400000, 0x00000000ad400000| Untracked 
| 213|0x00000000ad500000, 0x00000000ad500000, 0x00000000ad600000|  0%| F|  |TAMS 0x00000000ad500000, 0x00000000ad500000| Untracked 
| 214|0x00000000ad600000, 0x00000000ad600000, 0x00000000ad700000|  0%| F|  |TAMS 0x00000000ad600000, 0x00000000ad600000| Untracked 
| 215|0x00000000ad700000, 0x00000000ad700000, 0x00000000ad800000|  0%| F|  |TAMS 0x00000000ad700000, 0x00000000ad700000| Untracked 
| 216|0x00000000ad800000, 0x00000000ad800000, 0x00000000ad900000|  0%| F|  |TAMS 0x00000000ad800000, 0x00000000ad800000| Untracked 
| 217|0x00000000ad900000, 0x00000000ad900000, 0x00000000ada00000|  0%| F|  |TAMS 0x00000000ad900000, 0x00000000ad900000| Untracked 
| 218|0x00000000ada00000, 0x00000000ada00000, 0x00000000adb00000|  0%| F|  |TAMS 0x00000000ada00000, 0x00000000ada00000| Untracked 
| 219|0x00000000adb00000, 0x00000000adb00000, 0x00000000adc00000|  0%| F|  |TAMS 0x00000000adb00000, 0x00000000adb00000| Untracked 
| 220|0x00000000adc00000, 0x00000000adc00000, 0x00000000add00000|  0%| F|  |TAMS 0x00000000adc00000, 0x00000000adc00000| Untracked 
| 221|0x00000000add00000, 0x00000000add00000, 0x00000000ade00000|  0%| F|  |TAMS 0x00000000add00000, 0x00000000add00000| Untracked 
| 222|0x00000000ade00000, 0x00000000ade00000, 0x00000000adf00000|  0%| F|  |TAMS 0x00000000ade00000, 0x00000000ade00000| Untracked 
| 223|0x00000000adf00000, 0x00000000adf09e88, 0x00000000ae000000|  3%| S|CS|TAMS 0x00000000adf00000, 0x00000000adf00000| Complete 
| 224|0x00000000ae000000, 0x00000000ae100000, 0x00000000ae100000|100%| S|CS|TAMS 0x00000000ae000000, 0x00000000ae000000| Complete 
| 225|0x00000000ae100000, 0x00000000ae200000, 0x00000000ae200000|100%| S|CS|TAMS 0x00000000ae100000, 0x00000000ae100000| Complete 
| 226|0x00000000ae200000, 0x00000000ae200000, 0x00000000ae300000|  0%| F|  |TAMS 0x00000000ae200000, 0x00000000ae200000| Untracked 
| 227|0x00000000ae300000, 0x00000000ae300000, 0x00000000ae400000|  0%| F|  |TAMS 0x00000000ae300000, 0x00000000ae300000| Untracked 
| 228|0x00000000ae400000, 0x00000000ae400000, 0x00000000ae500000|  0%| F|  |TAMS 0x00000000ae400000, 0x00000000ae400000| Untracked 
| 229|0x00000000ae500000, 0x00000000ae500000, 0x00000000ae600000|  0%| F|  |TAMS 0x00000000ae500000, 0x00000000ae500000| Untracked 
| 230|0x00000000ae600000, 0x00000000ae600000, 0x00000000ae700000|  0%| F|  |TAMS 0x00000000ae600000, 0x00000000ae600000| Untracked 
| 231|0x00000000ae700000, 0x00000000ae700000, 0x00000000ae800000|  0%| F|  |TAMS 0x00000000ae700000, 0x00000000ae700000| Untracked 
| 232|0x00000000ae800000, 0x00000000ae800000, 0x00000000ae900000|  0%| F|  |TAMS 0x00000000ae800000, 0x00000000ae800000| Untracked 
| 233|0x00000000ae900000, 0x00000000ae900000, 0x00000000aea00000|  0%| F|  |TAMS 0x00000000ae900000, 0x00000000ae900000| Untracked 
| 234|0x00000000aea00000, 0x00000000aea00000, 0x00000000aeb00000|  0%| F|  |TAMS 0x00000000aea00000, 0x00000000aea00000| Untracked 
| 235|0x00000000aeb00000, 0x00000000aeb00000, 0x00000000aec00000|  0%| F|  |TAMS 0x00000000aeb00000, 0x00000000aeb00000| Untracked 
| 236|0x00000000aec00000, 0x00000000aec00000, 0x00000000aed00000|  0%| F|  |TAMS 0x00000000aec00000, 0x00000000aec00000| Untracked 
| 237|0x00000000aed00000, 0x00000000aed00000, 0x00000000aee00000|  0%| F|  |TAMS 0x00000000aed00000, 0x00000000aed00000| Untracked 
| 238|0x00000000aee00000, 0x00000000aee3c490, 0x00000000aef00000| 23%| E|  |TAMS 0x00000000aee00000, 0x00000000aee00000| Complete 
| 239|0x00000000aef00000, 0x00000000af000000, 0x00000000af000000|100%| E|CS|TAMS 0x00000000aef00000, 0x00000000aef00000| Complete 
| 240|0x00000000af000000, 0x00000000af100000, 0x00000000af100000|100%| E|CS|TAMS 0x00000000af000000, 0x00000000af000000| Complete 
| 241|0x00000000af100000, 0x00000000af200000, 0x00000000af200000|100%| E|CS|TAMS 0x00000000af100000, 0x00000000af100000| Complete 
| 242|0x00000000af200000, 0x00000000af300000, 0x00000000af300000|100%| E|CS|TAMS 0x00000000af200000, 0x00000000af200000| Complete 
| 243|0x00000000af300000, 0x00000000af400000, 0x00000000af400000|100%| E|CS|TAMS 0x00000000af300000, 0x00000000af300000| Complete 
| 244|0x00000000af400000, 0x00000000af500000, 0x00000000af500000|100%| E|CS|TAMS 0x00000000af400000, 0x00000000af400000| Complete 
| 245|0x00000000af500000, 0x00000000af600000, 0x00000000af600000|100%| E|CS|TAMS 0x00000000af500000, 0x00000000af500000| Complete 
| 246|0x00000000af600000, 0x00000000af700000, 0x00000000af700000|100%| E|CS|TAMS 0x00000000af600000, 0x00000000af600000| Complete 
| 247|0x00000000af700000, 0x00000000af800000, 0x00000000af800000|100%| E|CS|TAMS 0x00000000af700000, 0x00000000af700000| Complete 
| 248|0x00000000af800000, 0x00000000af900000, 0x00000000af900000|100%| E|CS|TAMS 0x00000000af800000, 0x00000000af800000| Complete 
| 249|0x00000000af900000, 0x00000000afa00000, 0x00000000afa00000|100%| E|CS|TAMS 0x00000000af900000, 0x00000000af900000| Complete 
| 250|0x00000000afa00000, 0x00000000afb00000, 0x00000000afb00000|100%| E|CS|TAMS 0x00000000afa00000, 0x00000000afa00000| Complete 
| 251|0x00000000afb00000, 0x00000000afc00000, 0x00000000afc00000|100%| E|CS|TAMS 0x00000000afb00000, 0x00000000afb00000| Complete 
| 252|0x00000000afc00000, 0x00000000afd00000, 0x00000000afd00000|100%| E|CS|TAMS 0x00000000afc00000, 0x00000000afc00000| Complete 
| 253|0x00000000afd00000, 0x00000000afe00000, 0x00000000afe00000|100%| E|CS|TAMS 0x00000000afd00000, 0x00000000afd00000| Complete 
| 254|0x00000000afe00000, 0x00000000aff00000, 0x00000000aff00000|100%| E|CS|TAMS 0x00000000afe00000, 0x00000000afe00000| Complete 
| 255|0x00000000aff00000, 0x00000000b0000000, 0x00000000b0000000|100%| E|CS|TAMS 0x00000000aff00000, 0x00000000aff00000| Complete 
| 256|0x00000000b0000000, 0x00000000b0100000, 0x00000000b0100000|100%| E|CS|TAMS 0x00000000b0000000, 0x00000000b0000000| Complete 
| 257|0x00000000b0100000, 0x00000000b0200000, 0x00000000b0200000|100%| E|CS|TAMS 0x00000000b0100000, 0x00000000b0100000| Complete 
| 258|0x00000000b0200000, 0x00000000b0300000, 0x00000000b0300000|100%| E|CS|TAMS 0x00000000b0200000, 0x00000000b0200000| Complete 
| 259|0x00000000b0300000, 0x00000000b0400000, 0x00000000b0400000|100%| E|CS|TAMS 0x00000000b0300000, 0x00000000b0300000| Complete 
| 260|0x00000000b0400000, 0x00000000b0500000, 0x00000000b0500000|100%| E|CS|TAMS 0x00000000b0400000, 0x00000000b0400000| Complete 
| 261|0x00000000b0500000, 0x00000000b0600000, 0x00000000b0600000|100%| E|CS|TAMS 0x00000000b0500000, 0x00000000b0500000| Complete 
| 262|0x00000000b0600000, 0x00000000b0700000, 0x00000000b0700000|100%| E|CS|TAMS 0x00000000b0600000, 0x00000000b0600000| Complete 
| 263|0x00000000b0700000, 0x00000000b0800000, 0x00000000b0800000|100%| E|CS|TAMS 0x00000000b0700000, 0x00000000b0700000| Complete 
| 264|0x00000000b0800000, 0x00000000b0900000, 0x00000000b0900000|100%| E|CS|TAMS 0x00000000b0800000, 0x00000000b0800000| Complete 
| 265|0x00000000b0900000, 0x00000000b0a00000, 0x00000000b0a00000|100%| E|CS|TAMS 0x00000000b0900000, 0x00000000b0900000| Complete 
| 266|0x00000000b0a00000, 0x00000000b0b00000, 0x00000000b0b00000|100%| E|CS|TAMS 0x00000000b0a00000, 0x00000000b0a00000| Complete 
| 267|0x00000000b0b00000, 0x00000000b0c00000, 0x00000000b0c00000|100%| E|CS|TAMS 0x00000000b0b00000, 0x00000000b0b00000| Complete 
| 268|0x00000000b0c00000, 0x00000000b0d00000, 0x00000000b0d00000|100%| E|CS|TAMS 0x00000000b0c00000, 0x00000000b0c00000| Complete 
| 269|0x00000000b0d00000, 0x00000000b0e00000, 0x00000000b0e00000|100%| E|CS|TAMS 0x00000000b0d00000, 0x00000000b0d00000| Complete 
| 270|0x00000000b0e00000, 0x00000000b0f00000, 0x00000000b0f00000|100%| E|CS|TAMS 0x00000000b0e00000, 0x00000000b0e00000| Complete 
| 271|0x00000000b0f00000, 0x00000000b1000000, 0x00000000b1000000|100%| E|CS|TAMS 0x00000000b0f00000, 0x00000000b0f00000| Complete 
| 272|0x00000000b1000000, 0x00000000b1100000, 0x00000000b1100000|100%| E|CS|TAMS 0x00000000b1000000, 0x00000000b1000000| Complete 
| 273|0x00000000b1100000, 0x00000000b1200000, 0x00000000b1200000|100%| E|CS|TAMS 0x00000000b1100000, 0x00000000b1100000| Complete 
| 274|0x00000000b1200000, 0x00000000b1300000, 0x00000000b1300000|100%| E|CS|TAMS 0x00000000b1200000, 0x00000000b1200000| Complete 
| 275|0x00000000b1300000, 0x00000000b1400000, 0x00000000b1400000|100%| E|CS|TAMS 0x00000000b1300000, 0x00000000b1300000| Complete 
| 276|0x00000000b1400000, 0x00000000b1500000, 0x00000000b1500000|100%| E|CS|TAMS 0x00000000b1400000, 0x00000000b1400000| Complete 
| 277|0x00000000b1500000, 0x00000000b1600000, 0x00000000b1600000|100%| E|CS|TAMS 0x00000000b1500000, 0x00000000b1500000| Complete 
| 278|0x00000000b1600000, 0x00000000b1700000, 0x00000000b1700000|100%| E|CS|TAMS 0x00000000b1600000, 0x00000000b1600000| Complete 

Card table byte_map: [0x0000021b30be0000,0x0000021b30ee0000] _byte_map_base: 0x0000021b306e0000

Marking Bits (Prev, Next): (CMBitMap*) 0x0000021b1d3580a8, (CMBitMap*) 0x0000021b1d3580e0
 Prev Bits: [0x0000021b311e0000, 0x0000021b329e0000)
 Next Bits: [0x0000021b329e0000, 0x0000021b341e0000)

Polling page: 0x0000021b1d400000

Metaspace:

Usage:
  Non-class:    116.17 MB capacity,   113.79 MB ( 98%) used,     1.92 MB (  2%) free+waste,   469.44 KB ( <1%) overhead. 
      Class:     17.61 MB capacity,    16.22 MB ( 92%) used,     1.19 MB (  7%) free+waste,   206.06 KB (  1%) overhead. 
       Both:    133.78 MB capacity,   130.01 MB ( 97%) used,     3.11 MB (  2%) free+waste,   675.50 KB ( <1%) overhead. 

Virtual space:
  Non-class space:      118.00 MB reserved,     116.67 MB ( 99%) committed 
      Class space:        1.00 GB reserved,      18.03 MB (  2%) committed 
             Both:        1.12 GB reserved,     134.70 MB ( 12%) committed 

Chunk freelists:
   Non-Class:  325.00 KB
       Class:  397.00 KB
        Both:  722.00 KB

MaxMetaspaceSize: 17179869184.00 GB
CompressedClassSpaceSize: 1.00 GB
Initial GC threshold: 20.80 MB
Current GC threshold: 224.09 MB
CDS: off

CodeHeap 'non-profiled nmethods': size=120000Kb used=16253Kb max_used=16253Kb free=103747Kb
 bounds [0x0000021b28930000, 0x0000021b29910000, 0x0000021b2fe60000]
CodeHeap 'profiled nmethods': size=120000Kb used=48566Kb max_used=48566Kb free=71433Kb
 bounds [0x0000021b21400000, 0x0000021b243d0000, 0x0000021b28930000]
CodeHeap 'non-nmethods': size=5760Kb used=2484Kb max_used=2538Kb free=3275Kb
 bounds [0x0000021b20e60000, 0x0000021b21100000, 0x0000021b21400000]
 total_blobs=22943 nmethods=21910 adapters=942
 compilation: enabled
              stopped_count=0, restarted_count=0
 full_count=0

Compilation events (20 events):
Event: 742.631 Thread 0x0000021b375ed800 nmethod 25904 0x0000021b29903690 code [0x0000021b29903d40, 0x0000021b29909c98]
Event: 747.539 Thread 0x0000021b375ed800 25906       4       org.gradle.internal.serialize.AbstractDecoder::<init> (5 bytes)
Event: 747.541 Thread 0x0000021b375ed800 nmethod 25906 0x0000021b2990da10 code [0x0000021b2990dba0, 0x0000021b2990dbf8]
Event: 747.542 Thread 0x0000021b36cb8000 25907       3       org.gradle.internal.serialize.OutputStreamBackedEncoder::writeString (28 bytes)
Event: 747.546 Thread 0x0000021b36cb8000 nmethod 25907 0x0000021b230ff890 code [0x0000021b230ffa80, 0x0000021b230ffde8]
Event: 758.787 Thread 0x0000021b375ed800 25908       4       jdk.internal.reflect.ClassFileAssembler::emitConstantPoolNameAndType (28 bytes)
Event: 758.796 Thread 0x0000021b375ed800 nmethod 25908 0x0000021b2990dd10 code [0x0000021b2990df20, 0x0000021b2990e4a0]
Event: 759.177 Thread 0x0000021b375ed800 25909       4       java.io.ObjectOutputStream$ReplaceTable::lookup (24 bytes)
Event: 759.181 Thread 0x0000021b375ed800 nmethod 25909 0x0000021b2990ea90 code [0x0000021b2990ec40, 0x0000021b2990eea8]
Event: 759.807 Thread 0x0000021b375ed800 25910   !   4       java.io.ObjectOutputStream::writeObject0 (619 bytes)
Event: 760.380 Thread 0x0000021b36cb8000 25911   !   3       java.io.ObjectOutputStream::defaultWriteFields (284 bytes)
Event: 760.383 Thread 0x0000021b36cb8000 nmethod 25911 0x0000021b230fe290 code [0x0000021b230fe540, 0x0000021b230ff218]
Event: 760.383 Thread 0x0000021b36cb8000 25915       3       java.io.ObjectStreamClass::getObjFieldValues (10 bytes)
Event: 760.384 Thread 0x0000021b36cb8000 nmethod 25915 0x0000021b23198f10 code [0x0000021b231990c0, 0x0000021b231991e8]
Event: 760.384 Thread 0x0000021b36cb8000 25913       1       org.gradle.internal.serialize.ExceptionReplacingObjectOutputStream::getObjectTransformer (5 bytes)
Event: 760.384 Thread 0x0000021b36cb8000 nmethod 25913 0x0000021b2990f110 code [0x0000021b2990f2c0, 0x0000021b2990f378]
Event: 760.384 Thread 0x0000021b36cb8000 25914       3       java.io.ObjectStreamClass::getPrimFieldValues (10 bytes)
Event: 760.386 Thread 0x0000021b36cb8000 nmethod 25914 0x0000021b2321e490 code [0x0000021b2321e640, 0x0000021b2321e768]
Event: 760.386 Thread 0x0000021b36cb8000 25912       3       java.io.ObjectStreamField::compareTo (40 bytes)
Event: 760.390 Thread 0x0000021b36cb8000 nmethod 25912 0x0000021b230fce10 code [0x0000021b230fd0c0, 0x0000021b230fdd68]

GC Heap History (20 events):
Event: 728.567 GC heap before
{Heap before GC invocations=197 (full 0):
 garbage-first heap   total 232448K, used 199816K [0x00000000a0000000, 0x0000000100000000)
  region size 1024K, 15 young (15360K), 1 survivors (1024K)
 Metaspace       used 132639K, capacity 136455K, committed 137424K, reserved 1169408K
  class space    used 16588K, capacity 18022K, committed 18464K, reserved 1048576K
}
Event: 728.578 GC heap after
{Heap after GC invocations=198 (full 0):
 garbage-first heap   total 232448K, used 185571K [0x00000000a0000000, 0x0000000100000000)
  region size 1024K, 1 young (1024K), 1 survivors (1024K)
 Metaspace       used 132639K, capacity 136455K, committed 137424K, reserved 1169408K
  class space    used 16588K, capacity 18022K, committed 18464K, reserved 1048576K
}
Event: 728.844 GC heap before
{Heap before GC invocations=198 (full 0):
 garbage-first heap   total 232448K, used 195811K [0x00000000a0000000, 0x0000000100000000)
  region size 1024K, 11 young (11264K), 1 survivors (1024K)
 Metaspace       used 132639K, capacity 136455K, committed 137424K, reserved 1169408K
  class space    used 16588K, capacity 18022K, committed 18464K, reserved 1048576K
}
Event: 728.892 GC heap after
{Heap after GC invocations=199 (full 0):
 garbage-first heap   total 232448K, used 160954K [0x00000000a0000000, 0x0000000100000000)
  region size 1024K, 1 young (1024K), 1 survivors (1024K)
 Metaspace       used 132639K, capacity 136455K, committed 137424K, reserved 1169408K
  class space    used 16588K, capacity 18022K, committed 18464K, reserved 1048576K
}
Event: 728.895 GC heap before
{Heap before GC invocations=199 (full 0):
 garbage-first heap   total 232448K, used 171194K [0x00000000a0000000, 0x0000000100000000)
  region size 1024K, 11 young (11264K), 1 survivors (1024K)
 Metaspace       used 132639K, capacity 136455K, committed 137424K, reserved 1169408K
  class space    used 16588K, capacity 18022K, committed 18464K, reserved 1048576K
}
Event: 729.067 GC heap after
{Heap after GC invocations=200 (full 0):
 garbage-first heap   total 232448K, used 153626K [0x00000000a0000000, 0x0000000100000000)
  region size 1024K, 1 young (1024K), 1 survivors (1024K)
 Metaspace       used 132639K, capacity 136455K, committed 137424K, reserved 1169408K
  class space    used 16588K, capacity 18022K, committed 18464K, reserved 1048576K
}
Event: 729.090 GC heap before
{Heap before GC invocations=200 (full 0):
 garbage-first heap   total 232448K, used 163866K [0x00000000a0000000, 0x0000000100000000)
  region size 1024K, 11 young (11264K), 1 survivors (1024K)
 Metaspace       used 132639K, capacity 136455K, committed 137424K, reserved 1169408K
  class space    used 16588K, capacity 18022K, committed 18464K, reserved 1048576K
}
Event: 729.199 GC heap after
{Heap after GC invocations=201 (full 0):
 garbage-first heap   total 232448K, used 152194K [0x00000000a0000000, 0x0000000100000000)
  region size 1024K, 1 young (1024K), 1 survivors (1024K)
 Metaspace       used 132639K, capacity 136455K, committed 137424K, reserved 1169408K
  class space    used 16588K, capacity 18022K, committed 18464K, reserved 1048576K
}
Event: 729.329 GC heap before
{Heap before GC invocations=201 (full 0):
 garbage-first heap   total 232448K, used 185986K [0x00000000a0000000, 0x0000000100000000)
  region size 1024K, 34 young (34816K), 1 survivors (1024K)
 Metaspace       used 132639K, capacity 136455K, committed 137424K, reserved 1169408K
  class space    used 16588K, capacity 18022K, committed 18464K, reserved 1048576K
}
Event: 729.422 GC heap after
{Heap after GC invocations=202 (full 0):
 garbage-first heap   total 232448K, used 152177K [0x00000000a0000000, 0x0000000100000000)
  region size 1024K, 1 young (1024K), 1 survivors (1024K)
 Metaspace       used 132639K, capacity 136455K, committed 137424K, reserved 1169408K
  class space    used 16588K, capacity 18022K, committed 18464K, reserved 1048576K
}
Event: 729.696 GC heap before
{Heap before GC invocations=202 (full 0):
 garbage-first heap   total 232448K, used 188017K [0x00000000a0000000, 0x0000000100000000)
  region size 1024K, 36 young (36864K), 1 survivors (1024K)
 Metaspace       used 132639K, capacity 136455K, committed 137424K, reserved 1169408K
  class space    used 16588K, capacity 18022K, committed 18464K, reserved 1048576K
}
Event: 729.710 GC heap after
{Heap after GC invocations=203 (full 0):
 garbage-first heap   total 232448K, used 152241K [0x00000000a0000000, 0x0000000100000000)
  region size 1024K, 1 young (1024K), 1 survivors (1024K)
 Metaspace       used 132639K, capacity 136455K, committed 137424K, reserved 1169408K
  class space    used 16588K, capacity 18022K, committed 18464K, reserved 1048576K
}
Event: 730.481 GC heap before
{Heap before GC invocations=203 (full 0):
 garbage-first heap   total 232448K, used 189105K [0x00000000a0000000, 0x0000000100000000)
  region size 1024K, 37 young (37888K), 1 survivors (1024K)
 Metaspace       used 132649K, capacity 136455K, committed 137424K, reserved 1169408K
  class space    used 16588K, capacity 18022K, committed 18464K, reserved 1048576K
}
Event: 730.492 GC heap after
{Heap after GC invocations=204 (full 0):
 garbage-first heap   total 232448K, used 152743K [0x00000000a0000000, 0x0000000100000000)
  region size 1024K, 2 young (2048K), 2 survivors (2048K)
 Metaspace       used 132649K, capacity 136455K, committed 137424K, reserved 1169408K
  class space    used 16588K, capacity 18022K, committed 18464K, reserved 1048576K
}
Event: 737.300 GC heap before
{Heap before GC invocations=205 (full 0):
 garbage-first heap   total 232448K, used 187559K [0x00000000a0000000, 0x0000000100000000)
  region size 1024K, 39 young (39936K), 2 survivors (2048K)
 Metaspace       used 132985K, capacity 136795K, committed 137680K, reserved 1169408K
  class space    used 16588K, capacity 18022K, committed 18464K, reserved 1048576K
}
Event: 737.314 GC heap after
{Heap after GC invocations=206 (full 0):
 garbage-first heap   total 232448K, used 149307K [0x00000000a0000000, 0x0000000100000000)
  region size 1024K, 2 young (2048K), 2 survivors (2048K)
 Metaspace       used 132985K, capacity 136795K, committed 137680K, reserved 1169408K
  class space    used 16588K, capacity 18022K, committed 18464K, reserved 1048576K
}
Event: 740.696 GC heap before
{Heap before GC invocations=206 (full 0):
 garbage-first heap   total 232448K, used 161595K [0x00000000a0000000, 0x0000000100000000)
  region size 1024K, 11 young (11264K), 2 survivors (2048K)
 Metaspace       used 132993K, capacity 136859K, committed 137680K, reserved 1169408K
  class space    used 16588K, capacity 18022K, committed 18464K, reserved 1048576K
}
Event: 740.848 GC heap after
{Heap after GC invocations=207 (full 0):
 garbage-first heap   total 232448K, used 148133K [0x00000000a0000000, 0x0000000100000000)
  region size 1024K, 2 young (2048K), 2 survivors (2048K)
 Metaspace       used 132993K, capacity 136859K, committed 137680K, reserved 1169408K
  class space    used 16588K, capacity 18022K, committed 18464K, reserved 1048576K
}
Event: 740.861 GC heap before
{Heap before GC invocations=207 (full 0):
 garbage-first heap   total 232448K, used 148133K [0x00000000a0000000, 0x0000000100000000)
  region size 1024K, 3 young (3072K), 2 survivors (2048K)
 Metaspace       used 132993K, capacity 136859K, committed 137680K, reserved 1169408K
  class space    used 16588K, capacity 18022K, committed 18464K, reserved 1048576K
}
Event: 740.971 GC heap after
{Heap after GC invocations=208 (full 0):
 garbage-first heap   total 285696K, used 148299K [0x00000000a0000000, 0x0000000100000000)
  region size 1024K, 3 young (3072K), 3 survivors (3072K)
 Metaspace       used 132993K, capacity 136859K, committed 137680K, reserved 1169408K
  class space    used 16588K, capacity 18022K, committed 18464K, reserved 1048576K
}

Deoptimization events (20 events):
Event: 759.104 Thread 0x0000021b3b3b9000 Uncommon trap: trap_request=0xffffffde fr.pc=0x0000021b298a1120 relative=0x0000000000005920
Event: 759.104 Thread 0x0000021b3b3b9000 Uncommon trap: reason=class_check action=maybe_recompile pc=0x0000021b298a1120 method=java.io.ObjectOutputStream.writeObject0(Ljava/lang/Object;Z)V @ 240 c2
Event: 759.104 Thread 0x0000021b3b3b9000 DEOPT PACKING pc=0x0000021b298a1120 sp=0x0000007ca15fde60
Event: 759.105 Thread 0x0000021b3b3b9000 DEOPT UNPACKING pc=0x0000021b20eaa1af sp=0x0000007ca15fdee8 mode 2
Event: 759.128 Thread 0x0000021b3b3b9000 Uncommon trap: trap_request=0xffffffde fr.pc=0x0000021b298a1120 relative=0x0000000000005920
Event: 759.128 Thread 0x0000021b3b3b9000 Uncommon trap: reason=class_check action=maybe_recompile pc=0x0000021b298a1120 method=java.io.ObjectOutputStream.writeObject0(Ljava/lang/Object;Z)V @ 240 c2
Event: 759.128 Thread 0x0000021b3b3b9000 DEOPT PACKING pc=0x0000021b298a1120 sp=0x0000007ca15fd100
Event: 759.129 Thread 0x0000021b3b3b9000 DEOPT UNPACKING pc=0x0000021b20eaa1af sp=0x0000007ca15fd188 mode 2
Event: 759.139 Thread 0x0000021b3b3b9000 Uncommon trap: trap_request=0xffffffde fr.pc=0x0000021b298a1120 relative=0x0000000000005920
Event: 759.139 Thread 0x0000021b3b3b9000 Uncommon trap: reason=class_check action=maybe_recompile pc=0x0000021b298a1120 method=java.io.ObjectOutputStream.writeObject0(Ljava/lang/Object;Z)V @ 240 c2
Event: 759.139 Thread 0x0000021b3b3b9000 DEOPT PACKING pc=0x0000021b298a1120 sp=0x0000007ca15fd100
Event: 759.139 Thread 0x0000021b3b3b9000 DEOPT UNPACKING pc=0x0000021b20eaa1af sp=0x0000007ca15fd188 mode 2
Event: 759.158 Thread 0x0000021b3b3b9000 Uncommon trap: trap_request=0xffffffd6 fr.pc=0x0000021b294a9c54 relative=0x0000000000000974
Event: 759.158 Thread 0x0000021b3b3b9000 Uncommon trap: reason=array_check action=maybe_recompile pc=0x0000021b294a9c54 method=java.util.ComparableTimSort.binarySort([Ljava/lang/Object;III)V @ 183 c2
Event: 759.159 Thread 0x0000021b3b3b9000 DEOPT PACKING pc=0x0000021b294a9c54 sp=0x0000007ca15fb4a0
Event: 759.160 Thread 0x0000021b3b3b9000 DEOPT UNPACKING pc=0x0000021b20eaa1af sp=0x0000007ca15fb440 mode 2
Event: 759.176 Thread 0x0000021b3b3b9000 Uncommon trap: trap_request=0xffffff4d fr.pc=0x0000021b298742b4 relative=0x0000000000001154
Event: 759.176 Thread 0x0000021b3b3b9000 Uncommon trap: reason=unstable_if action=reinterpret pc=0x0000021b298742b4 method=java.io.ObjectStreamClass$FieldReflector.getPrimFieldValues(Ljava/lang/Object;[B)V @ 44 c2
Event: 759.176 Thread 0x0000021b3b3b9000 DEOPT PACKING pc=0x0000021b298742b4 sp=0x0000007ca15fce10
Event: 759.176 Thread 0x0000021b3b3b9000 DEOPT UNPACKING pc=0x0000021b20eaa1af sp=0x0000007ca15fccc8 mode 2

Classes redefined (0 events):
No events

Internal exceptions (20 events):
Event: 636.063 Thread 0x0000021b3f980000 Exception <a 'sun/nio/fs/WindowsException'{0x00000000ad3a24e0}> (0x00000000ad3a24e0) thrown at [./src/hotspot/share/prims/jni.cpp, line 616]
Event: 638.060 Thread 0x0000021b3f980000 Exception <a 'sun/nio/fs/WindowsException'{0x00000000aceda0a8}> (0x00000000aceda0a8) thrown at [./src/hotspot/share/prims/jni.cpp, line 616]
Event: 638.271 Thread 0x0000021b3f980000 Exception <a 'sun/nio/fs/WindowsException'{0x00000000acee7570}> (0x00000000acee7570) thrown at [./src/hotspot/share/prims/jni.cpp, line 616]
Event: 640.667 Thread 0x0000021b3f980000 Exception <a 'sun/nio/fs/WindowsException'{0x00000000adf6f408}> (0x00000000adf6f408) thrown at [./src/hotspot/share/prims/jni.cpp, line 616]
Event: 640.953 Thread 0x0000021b3f980000 Exception <a 'sun/nio/fs/WindowsException'{0x00000000adf7cc68}> (0x00000000adf7cc68) thrown at [./src/hotspot/share/prims/jni.cpp, line 616]
Event: 643.968 Thread 0x0000021b3f980000 Exception <a 'sun/nio/fs/WindowsException'{0x00000000adccab98}> (0x00000000adccab98) thrown at [./src/hotspot/share/prims/jni.cpp, line 616]
Event: 646.143 Thread 0x0000021b3f980000 Exception <a 'sun/nio/fs/WindowsException'{0x00000000ad68d0d8}> (0x00000000ad68d0d8) thrown at [./src/hotspot/share/prims/jni.cpp, line 616]
Event: 662.910 Thread 0x0000021b3f980000 Exception <a 'sun/nio/fs/WindowsException'{0x00000000adf20990}> (0x00000000adf20990) thrown at [./src/hotspot/share/prims/jni.cpp, line 616]
Event: 669.018 Thread 0x0000021b3f980000 Exception <a 'sun/nio/fs/WindowsException'{0x00000000ad6d53f8}> (0x00000000ad6d53f8) thrown at [./src/hotspot/share/prims/jni.cpp, line 616]
Event: 670.273 Thread 0x0000021b3f980000 Exception <a 'sun/nio/fs/WindowsException'{0x00000000ad235678}> (0x00000000ad235678) thrown at [./src/hotspot/share/prims/jni.cpp, line 616]
Event: 671.408 Thread 0x0000021b3f980000 Exception <a 'sun/nio/fs/WindowsException'{0x00000000acf8afe0}> (0x00000000acf8afe0) thrown at [./src/hotspot/share/prims/jni.cpp, line 616]
Event: 673.324 Thread 0x0000021b3f980000 Exception <a 'sun/nio/fs/WindowsException'{0x00000000ae21da80}> (0x00000000ae21da80) thrown at [./src/hotspot/share/prims/jni.cpp, line 616]
Event: 674.487 Thread 0x0000021b3f980000 Exception <a 'sun/nio/fs/WindowsException'{0x00000000adf506e8}> (0x00000000adf506e8) thrown at [./src/hotspot/share/prims/jni.cpp, line 616]
Event: 676.882 Thread 0x0000021b3f980000 Exception <a 'sun/nio/fs/WindowsException'{0x00000000ad9e30a8}> (0x00000000ad9e30a8) thrown at [./src/hotspot/share/prims/jni.cpp, line 616]
Event: 718.906 Thread 0x0000021b3f980000 Implicit null exception at 0x0000021b28af2ad9 to 0x0000021b28af9640
Event: 729.889 Thread 0x0000021b3b596000 Exception <a 'sun/nio/fs/WindowsException'{0x00000000ac894470}> (0x00000000ac894470) thrown at [./src/hotspot/share/prims/jni.cpp, line 616]
Event: 732.863 Thread 0x0000021b3b596000 Exception <a 'sun/nio/fs/WindowsException'{0x00000000ac006a20}> (0x00000000ac006a20) thrown at [./src/hotspot/share/prims/jni.cpp, line 616]
Event: 757.662 Thread 0x0000021b3940f000 Exception <a 'java/io/IOException'{0x00000000af098d78}> (0x00000000af098d78) thrown at [./src/hotspot/share/prims/jni.cpp, line 616]
Event: 759.107 Thread 0x0000021b3b3b9000 Exception <a 'java/lang/NoSuchMethodError'{0x00000000aef2d2f0}: <clinit>> (0x00000000aef2d2f0) thrown at [./src/hotspot/share/prims/jni.cpp, line 1366]
Event: 759.139 Thread 0x0000021b3b3b9000 Exception <a 'java/lang/NoSuchMethodError'{0x00000000aef2e908}: <clinit>> (0x00000000aef2e908) thrown at [./src/hotspot/share/prims/jni.cpp, line 1366]

Events (20 events):
Event: 758.846 loading class org/gradle/internal/serialize/PlaceholderExceptionSupport done
Event: 758.851 loading class org/gradle/internal/serialize/PlaceholderAssertionError
Event: 758.851 loading class org/gradle/internal/serialize/PlaceholderAssertionError done
Event: 758.853 loading class org/gradle/internal/serialize/ExceptionPlaceholder$1
Event: 758.853 loading class org/gradle/internal/serialize/ExceptionPlaceholder$1 done
Event: 758.880 loading class org/gradle/internal/serialize/ExceptionReplacingObjectOutputStream$2
Event: 758.880 loading class org/gradle/internal/serialize/ExceptionReplacingObjectOutputStream$2 done
Event: 758.885 loading class org/gradle/internal/exceptions/Contextual
Event: 758.885 loading class org/gradle/internal/exceptions/Contextual done
Event: 758.920 loading class org/gradle/internal/serialize/StackTraceElementPlaceholder
Event: 758.920 loading class org/gradle/internal/serialize/StackTraceElementPlaceholder done
Event: 759.101 loading class org/gradle/internal/serialize/ExceptionPlaceholder$2
Event: 759.101 loading class org/gradle/internal/serialize/ExceptionPlaceholder$2 done
Event: 759.129 loading class java/util/Collections$EmptyListIterator
Event: 759.138 loading class java/util/Collections$EmptyListIterator done
Event: 759.807 Executing VM operation: BulkRevokeBias
Event: 759.818 Executing VM operation: BulkRevokeBias done
Event: 760.386 Executing VM operation: RevokeBias
Event: 760.386 Executing VM operation: RevokeBias done
Event: 760.388 Thread 0x0000021b3b3ba000 Thread exited: 0x0000021b3b3ba000


Dynamic libraries:
0x00007ff75c620000 - 0x00007ff75c62a000 	C:\Program Files\Android\Android Studio\jre\bin\java.exe
0x00007ffe2e7b0000 - 0x00007ffe2e9a5000 	C:\Windows\SYSTEM32\ntdll.dll
0x00007ffe2d9c0000 - 0x00007ffe2da7e000 	C:\Windows\System32\KERNEL32.DLL
0x00007ffe2c010000 - 0x00007ffe2c2d9000 	C:\Windows\System32\KERNELBASE.dll
0x00007ffe2c2e0000 - 0x00007ffe2c3e0000 	C:\Windows\System32\ucrtbase.dll
0x00007ffe271d0000 - 0x00007ffe271e7000 	C:\Program Files\Android\Android Studio\jre\bin\VCRUNTIME140.dll
0x00007ffe22770000 - 0x00007ffe22789000 	C:\Program Files\Android\Android Studio\jre\bin\jli.dll
0x00007ffe2c930000 - 0x00007ffe2cad1000 	C:\Windows\System32\USER32.dll
0x00007ffe1f730000 - 0x00007ffe1f9ca000 	C:\Windows\WinSxS\amd64_microsoft.windows.common-controls_6595b64144ccf1df_6.0.19041.1110_none_60b5254171f9507e\COMCTL32.dll
0x00007ffe2c480000 - 0x00007ffe2c4a2000 	C:\Windows\System32\win32u.dll
0x00007ffe2e650000 - 0x00007ffe2e6ee000 	C:\Windows\System32\msvcrt.dll
0x00007ffe2d990000 - 0x00007ffe2d9bb000 	C:\Windows\System32\GDI32.dll
0x00007ffe2c610000 - 0x00007ffe2c71b000 	C:\Windows\System32\gdi32full.dll
0x00007ffe2c3e0000 - 0x00007ffe2c47d000 	C:\Windows\System32\msvcp_win.dll
0x00007ffe2d3a0000 - 0x00007ffe2d3d0000 	C:\Windows\System32\IMM32.DLL
0x00007ffe03ff0000 - 0x00007ffe0408d000 	C:\Program Files\Android\Android Studio\jre\bin\msvcp140.dll
0x00007ffdf6d90000 - 0x00007ffdf7892000 	C:\Program Files\Android\Android Studio\jre\bin\server\jvm.dll
0x00007ffe2c880000 - 0x00007ffe2c92c000 	C:\Windows\System32\ADVAPI32.dll
0x00007ffe2e120000 - 0x00007ffe2e1bb000 	C:\Windows\System32\sechost.dll
0x00007ffe2e1c0000 - 0x00007ffe2e2ea000 	C:\Windows\System32\RPCRT4.dll
0x00007ffe2e700000 - 0x00007ffe2e708000 	C:\Windows\System32\PSAPI.DLL
0x00007ffe15d50000 - 0x00007ffe15d59000 	C:\Windows\SYSTEM32\WSOCK32.dll
0x00007ffe2dd90000 - 0x00007ffe2ddfb000 	C:\Windows\System32\WS2_32.dll
0x00007ffe1e8d0000 - 0x00007ffe1e8f7000 	C:\Windows\SYSTEM32\WINMM.dll
0x00007ffe25a00000 - 0x00007ffe25a0a000 	C:\Windows\SYSTEM32\VERSION.dll
0x00007ffe29df0000 - 0x00007ffe29e02000 	C:\Windows\SYSTEM32\kernel.appcore.dll
0x00007ffdf6cd0000 - 0x00007ffdf6ce1000 	C:\Program Files\Android\Android Studio\jre\bin\verify.dll
0x00007ffe09560000 - 0x00007ffe09744000 	C:\Windows\SYSTEM32\DBGHELP.DLL
0x00007ffe09480000 - 0x00007ffe094ac000 	C:\Windows\SYSTEM32\dbgcore.DLL
0x00007ffe2bed0000 - 0x00007ffe2bf53000 	C:\Windows\System32\bcryptPrimitives.dll
0x00007ffdf6ca0000 - 0x00007ffdf6cc9000 	C:\Program Files\Android\Android Studio\jre\bin\java.dll
0x00007ffe15c10000 - 0x00007ffe15c1b000 	C:\Program Files\Android\Android Studio\jre\bin\jimage.dll
0x00007ffdf6c80000 - 0x00007ffdf6c98000 	C:\Program Files\Android\Android Studio\jre\bin\zip.dll
0x00007ffe2cae0000 - 0x00007ffe2d21f000 	C:\Windows\System32\SHELL32.dll
0x00007ffe29ff0000 - 0x00007ffe2a780000 	C:\Windows\SYSTEM32\windows.storage.dll
0x00007ffe2e2f0000 - 0x00007ffe2e645000 	C:\Windows\System32\combase.dll
0x00007ffe2b850000 - 0x00007ffe2b87c000 	C:\Windows\SYSTEM32\Wldp.dll
0x00007ffe2df40000 - 0x00007ffe2dfed000 	C:\Windows\System32\SHCORE.dll
0x00007ffe2d220000 - 0x00007ffe2d275000 	C:\Windows\System32\shlwapi.dll
0x00007ffe2be10000 - 0x00007ffe2be2f000 	C:\Windows\SYSTEM32\profapi.dll
0x00007ffdf6bd0000 - 0x00007ffdf6bea000 	C:\Program Files\Android\Android Studio\jre\bin\net.dll
0x00007ffe26fb0000 - 0x00007ffe270b8000 	C:\Windows\SYSTEM32\WINHTTP.dll
0x00007ffe2b5b0000 - 0x00007ffe2b61a000 	C:\Windows\system32\mswsock.dll
0x00007ffdf6bb0000 - 0x00007ffdf6bc4000 	C:\Program Files\Android\Android Studio\jre\bin\nio.dll
0x00007ffe275e0000 - 0x00007ffe27607000 	C:\Users\shweta android\.gradle\native\e1d6ef7f7dcc3fd88c89a11ec53ec762bb8ba0a96d01ffa2cd45eb1d1d8dd5c5\windows-amd64\native-platform.dll
0x00007ffe03ea0000 - 0x00007ffe03fe4000 	C:\Users\shweta android\.gradle\native\0d407fdbe67a94daf76414ababcb853783967236a71b16ec16e742cd7a986fd3\windows-amd64\native-platform-file-events.dll
0x00007ffe154b0000 - 0x00007ffe154ba000 	C:\Program Files\Android\Android Studio\jre\bin\management.dll
0x00007ffe08b90000 - 0x00007ffe08b9d000 	C:\Program Files\Android\Android Studio\jre\bin\management_ext.dll
0x00007ffe2b7b0000 - 0x00007ffe2b7c8000 	C:\Windows\SYSTEM32\CRYPTSP.dll
0x00007ffe2af30000 - 0x00007ffe2af64000 	C:\Windows\system32\rsaenh.dll
0x00007ffe2c720000 - 0x00007ffe2c747000 	C:\Windows\System32\bcrypt.dll
0x00007ffe2bdd0000 - 0x00007ffe2bdfe000 	C:\Windows\SYSTEM32\USERENV.dll
0x00007ffe2b7a0000 - 0x00007ffe2b7ac000 	C:\Windows\SYSTEM32\CRYPTBASE.dll
0x00007ffe2b2a0000 - 0x00007ffe2b2db000 	C:\Windows\SYSTEM32\IPHLPAPI.DLL
0x00007ffe2ded0000 - 0x00007ffe2ded8000 	C:\Windows\System32\NSI.dll
0x00007ffe25910000 - 0x00007ffe25927000 	C:\Windows\SYSTEM32\dhcpcsvc6.DLL
0x00007ffe25d70000 - 0x00007ffe25d8d000 	C:\Windows\SYSTEM32\dhcpcsvc.DLL
0x00007ffe2b2e0000 - 0x00007ffe2b3ac000 	C:\Windows\SYSTEM32\DNSAPI.dll
0x00007ffdd9810000 - 0x00007ffdd9837000 	C:\Program Files\Android\Android Studio\jre\bin\sunec.dll
0x00007ffe1f1d0000 - 0x00007ffe1f1da000 	C:\Windows\System32\rasadhlp.dll
0x00007ffe1f220000 - 0x00007ffe1f29f000 	C:\Windows\System32\fwpuclnt.dll
0x00007ffe27970000 - 0x00007ffe27978000 	C:\Program Files\Android\Android Studio\jre\bin\rmi.dll
0x00007ffdf6900000 - 0x00007ffdf6917000 	C:\Windows\system32\napinsp.dll
0x00007ffdf68e0000 - 0x00007ffdf68fb000 	C:\Windows\system32\pnrpnsp.dll
0x00007ffe08730000 - 0x00007ffe08745000 	C:\Windows\system32\wshbth.dll
0x00007ffe27910000 - 0x00007ffe2792d000 	C:\Windows\system32\NLAapi.dll
0x00007ffdf68c0000 - 0x00007ffdf68d2000 	C:\Windows\System32\winrnr.dll

dbghelp: loaded successfully - version: 4.0.5 - missing functions: none
symbol engine: initialized successfully - sym options: 0x614 - pdb path: .;C:\Program Files\Android\Android Studio\jre\bin;C:\Windows\SYSTEM32;C:\Windows\WinSxS\amd64_microsoft.windows.common-controls_6595b64144ccf1df_6.0.19041.1110_none_60b5254171f9507e;C:\Program Files\Android\Android Studio\jre\bin\server;C:\Users\shweta android\.gradle\native\e1d6ef7f7dcc3fd88c89a11ec53ec762bb8ba0a96d01ffa2cd45eb1d1d8dd5c5\windows-amd64;C:\Users\shweta android\.gradle\native\0d407fdbe67a94daf76414ababcb853783967236a71b16ec16e742cd7a986fd3\windows-amd64

VM Arguments:
jvm_args: --add-opens=java.base/java.util=ALL-UNNAMED --add-opens=java.base/java.lang=ALL-UNNAMED --add-opens=java.base/java.lang.invoke=ALL-UNNAMED --add-opens=java.base/java.util=ALL-UNNAMED --add-opens=java.prefs/java.util.prefs=ALL-UNNAMED --add-opens=java.prefs/java.util.prefs=ALL-UNNAMED --add-opens=java.base/java.nio.charset=ALL-UNNAMED --add-opens=java.base/java.net=ALL-UNNAMED --add-opens=java.base/java.util.concurrent.atomic=ALL-UNNAMED -Xmx1536m -Dfile.encoding=windows-1252 -Duser.country=US -Duser.language=en -Duser.variant 
java_command: org.gradle.launcher.daemon.bootstrap.GradleDaemon 7.4
java_class_path (initial): C:\Users\shweta android\.gradle\wrapper\dists\gradle-7.4-bin\c0gwcg53nkjbqw7r0h0umtfvt\gradle-7.4\lib\gradle-launcher-7.4.jar
Launcher Type: SUN_STANDARD

[Global flags]
     intx CICompilerCount                          = 4                                         {product} {ergonomic}
     uint ConcGCThreads                            = 2                                         {product} {ergonomic}
     uint G1ConcRefinementThreads                  = 8                                         {product} {ergonomic}
   size_t G1HeapRegionSize                         = 1048576                                   {product} {ergonomic}
    uintx GCDrainStackTargetSize                   = 64                                        {product} {ergonomic}
   size_t InitialHeapSize                          = 67108864                                  {product} {ergonomic}
   size_t MarkStackSize                            = 4194304                                   {product} {ergonomic}
   size_t MaxHeapSize                              = 1610612736                                {product} {command line}
   size_t MaxNewSize                               = 965738496                                 {product} {ergonomic}
   size_t MinHeapDeltaBytes                        = 1048576                                   {product} {ergonomic}
    uintx NonNMethodCodeHeapSize                   = 5836300                                {pd product} {ergonomic}
    uintx NonProfiledCodeHeapSize                  = 122910970                              {pd product} {ergonomic}
    uintx ProfiledCodeHeapSize                     = 122910970                              {pd product} {ergonomic}
    uintx ReservedCodeCacheSize                    = 251658240                              {pd product} {ergonomic}
     bool SegmentedCodeCache                       = true                                      {product} {ergonomic}
     bool UseCompressedClassPointers               = true                                 {lp64_product} {ergonomic}
     bool UseCompressedOops                        = true                                 {lp64_product} {ergonomic}
     bool UseG1GC                                  = true                                      {product} {ergonomic}
     bool UseLargePagesIndividualAllocation        = false                                  {pd product} {ergonomic}

Logging:
Log output configuration:
 #0: stdout all=warning uptime,level,tags
 #1: stderr all=off uptime,level,tags

Environment Variables:
PATH=C:\Windows\system32;C:\Windows;C:\Windows\System32\Wbem;C:\Windows\System32\WindowsPowerShell\v1.0\;C:\Windows\System32\OpenSSH\;C:\Program Files\Git\cmd;G:\Power Shell\7\;C:\Program Files\Microsoft SQL Server\Client SDK\ODBC\170\Tools\Binn\;C:\Program Files (x86)\Microsoft SQL Server\150\Tools\Binn\;C:\Program Files\Microsoft SQL Server\150\Tools\Binn\;C:\Program Files\Microsoft SQL Server\150\DTS\Binn\;G:\flutter\bin;G:\Microsoft VS Code\bin
USERNAME=shweta android
OS=Windows_NT
PROCESSOR_IDENTIFIER=Intel64 Family 6 Model 60 Stepping 3, GenuineIntel



---------------  S Y S T E M  ---------------

OS: Windows 10 , 64 bit Build 19041 (10.0.19041.1202)
OS uptime: 0 days 3:11 hours

CPU:total 8 (initial active 8) (4 cores per cpu, 2 threads per core) family 6 model 60 stepping 3 microcode 0x27, cmov, cx8, fxsr, mmx, sse, sse2, sse3, ssse3, sse4.1, sse4.2, popcnt, avx, avx2, aes, clmul, erms, lzcnt, ht, tsc, tscinvbit, bmi1, bmi2, fma

Memory: 4k page, system-wide physical 4007M (179M free)
TotalPageFile size 16295M (AvailPageFile size 363M)
current process WorkingSet (physical memory assigned to process): 147M, peak: 511M
current process commit charge ("private bytes"): 680M, peak: 684M

vm_info: OpenJDK 64-Bit Server VM (11.0.13+0-b1751.21-8125866) for windows-amd64 JRE (11.0.13+0-b1751.21-8125866), built on Feb  2 2022 03:00:22 by "builder" with MS VC++ 14.0 (VS2015)

END.
