#
# A fatal error has been detected by the Java Runtime Environment:
#
#  EXCEPTION_ACCESS_VIOLATION (0xc0000005) at pc=0x0000000072c1f99e, pid=6196, tid=0x0000000000000194
#
# JRE version: OpenJDK Runtime Environment (8.0_242-b01) (build 1.8.0_242-release-1644-b01)
# Java VM: OpenJDK 64-Bit Server VM (25.242-b01 mixed mode windows-amd64 compressed oops)
# Problematic frame:
# V  [jvm.dll+0xef99e]
#
# Failed to write core dump. Minidumps are not enabled by default on client versions of Windows
#
# If you would like to submit a bug report, please visit:
#   
#

---------------  T H R E A D  ---------------

Current thread (0x0000000001d61800):  GCTaskThread [stack: 0x0000000012400000,0x0000000012500000] [id=404]

siginfo: ExceptionCode=0xc0000005, reading address 0x00000000000000e8

Registers:
RAX=0x0000000000000000, RBX=0x00000000a4d26a68, RCX=0x0000000015332530, RDX=0x00000000a4d26a68
RSP=0x00000000124ff3a0, RBP=0x00000000a4d26a40, RSI=0x0000000056146880, RDI=0x0000000056146880
R8 =0x0000000015332530, R9 =0x0000000000000000, R10=0x000000000000000c, R11=0x00000000730ffa28
R12=0x00000000a4d26a4c, R13=0x0000000015c248f8, R14=0x0000000015c24908, R15=0x00000000a4d26a30
RIP=0x0000000072c1f99e, EFLAGS=0x0000000000010246

Top of Stack: (sp=0x00000000124ff3a0)
0x00000000124ff3a0:   0000000015c24028 00000000a4d26cdc
0x00000000124ff3b0:   0000000000000003 0000000072d29622
0x00000000124ff3c0:   0000000000000000 0000000001d61bb0
0x00000000124ff3d0:   0000000001d5ba80 0000000056146880
0x00000000124ff3e0:   0000000000001a64 0000000072ef9af0
0x00000000124ff3f0:   0000000056a8d378 00000000124ff509
0x00000000124ff400:   0000000056146880 000000007314d5d8
0x00000000124ff410:   0000000056a808d0 00000000124ff509
0x00000000124ff420:   0000000000000000 0000000000000004
0x00000000124ff430:   0000000056146880 0000000072c1e4d2
0x00000000124ff440:   00000000a06d1570 0000000000000000
0x00000000124ff450:   0000000000000000 0000000001d5ba80
0x00000000124ff460:   0000000001d61bc0 0000000001d61bb0
0x00000000124ff470:   000000007314d5d8 0000000056146880
0x00000000124ff480:   0000000000000000 00000000124ff509
0x00000000124ff490:   0000000056075540 0000000072ef6cc0 

Instructions: (pc=0x0000000072c1f99e)
0x0000000072c1f97e:   48 ff c8 4c 8d 0c 10 48 f7 d0 49 c1 e9 03 48 c1
0x0000000072c1f98e:   e8 03 44 23 c8 eb 12 49 8b 00 48 8b d3 49 8b c8
0x0000000072c1f99e:   ff 90 e8 00 00 00 44 8b c8 49 63 f1 48 8d 0d 7f
0x0000000072c1f9ae:   f6 6d 00 48 8b d3 4c 8b c6 e8 e4 66 2d 00 84 c0 


Register to memory mapping:

RAX=0x0000000000000000 is an unknown value
RBX=
[error occurred during error reporting (printing register info), id 0xc0000005]

Stack: [0x0000000012400000,0x0000000012500000],  sp=0x00000000124ff3a0,  free space=1020k
Native frames: (J=compiled Java code, j=interpreted, Vv=VM code, C=native code)
V  [jvm.dll+0xef99e]
V  [jvm.dll+0x3c9af0]
V  [jvm.dll+0x3c6cc0]
V  [jvm.dll+0x3c482e]
V  [jvm.dll+0x27276a]
C  [msvcr100.dll+0x21d9f]
C  [msvcr100.dll+0x21e3b]
C  [kernel32.dll+0x1570d]
C  [ntdll.dll+0x5385d]


---------------  P R O C E S S  ---------------

Java Threads: ( => current thread )
  0x000000005e211000 JavaThread "WorkerExecutor Queue Thread 7" [_thread_blocked, id=6352, stack(0x0000000068b80000,0x0000000068c80000)]
  0x000000005c7d7000 JavaThread "WorkerExecutor Queue Thread 6" [_thread_blocked, id=6800, stack(0x0000000066ab0000,0x0000000066bb0000)]
  0x000000005c7d6800 JavaThread "Cache worker for Java compile cache (E:\2020\sonalika08082020\.gradle\6.1.1\javaCompile)" [_thread_blocked, id=6468, stack(0x00000000685e0000,0x00000000686e0000)]
  0x000000005c7d5800 JavaThread "Cache worker for Java compile cache (C:\Users\VIRAJ\.gradle\caches\6.1.1\javaCompile)" [_thread_blocked, id=3960, stack(0x00000000683a0000,0x00000000684a0000)]
  0x000000005c7d5000 JavaThread "RMI TCP Connection(1)-127.0.0.1" daemon [_thread_in_native, id=7232, stack(0x0000000067fd0000,0x00000000680d0000)]
  0x000000005c7d4000 JavaThread "RMI Reaper" [_thread_blocked, id=6500, stack(0x0000000067df0000,0x0000000067ef0000)]
  0x000000005c7d3800 JavaThread "RMI TCP Accept-0" daemon [_thread_in_native, id=6440, stack(0x00000000676c0000,0x00000000677c0000)]
  0x000000005c7d2000 JavaThread "GC Daemon" daemon [_thread_blocked, id=4688, stack(0x0000000067cf0000,0x0000000067df0000)]
  0x000000005d14c000 JavaThread "RMI Scheduler(0)" daemon [_thread_blocked, id=4288, stack(0x0000000066460000,0x0000000066560000)]
  0x000000005c7d0800 JavaThread "stdout" [_thread_in_native, id=5448, stack(0x00000000679e0000,0x0000000067ae0000)]
  0x000000005e217000 JavaThread "stderr" [_thread_in_native, id=3852, stack(0x0000000067800000,0x0000000067900000)]
  0x000000005e216000 JavaThread "stdout" [_thread_in_native, id=5332, stack(0x0000000067590000,0x0000000067690000)]
  0x000000005e215800 JavaThread "stderr" [_thread_in_native, id=696, stack(0x0000000067390000,0x0000000067490000)]
  0x000000005e214800 JavaThread "stdout" [_thread_in_native, id=1260, stack(0x0000000067090000,0x0000000067190000)]
  0x000000005e214000 JavaThread "stderr" [_thread_in_native, id=4436, stack(0x00000000671f0000,0x00000000672f0000)]
  0x000000005e213000 JavaThread "pool-4-thread-1" [_thread_blocked, id=6024, stack(0x0000000066f10000,0x0000000067010000)]
  0x000000005e211800 JavaThread "WorkerExecutor Queue Thread 2" [_thread_blocked, id=2512, stack(0x0000000066c80000,0x0000000066d80000)]
  0x000000005d14f000 JavaThread "Cache worker for execution history cache (E:\2020\sonalika08082020\.gradle\6.1.1\executionHistory)" [_thread_blocked, id=5976, stack(0x0000000066dc0000,0x0000000066ec0000)]
  0x000000005d14e800 JavaThread "Execution worker for ':' Thread 3" [_thread_blocked, id=5584, stack(0x00000000667b0000,0x00000000668b0000)]
  0x000000005d14d800 JavaThread "Execution worker for ':' Thread 2" [_thread_blocked, id=4620, stack(0x00000000646e0000,0x00000000647e0000)]
  0x000000005d14d000 JavaThread "Execution worker for ':'" [_thread_blocked, id=1388, stack(0x00000000665d0000,0x00000000666d0000)]
  0x000000005d14b800 JavaThread "Cache worker for file content cache (E:\2020\sonalika08082020\.gradle\6.1.1\fileContent)" [_thread_blocked, id=1728, stack(0x000000005c0b0000,0x000000005c1b0000)]
  0x000000005d14a800 JavaThread "Cache worker for file content cache (C:\Users\VIRAJ\.gradle\caches\6.1.1\fileContent)" [_thread_blocked, id=980, stack(0x00000000641b0000,0x00000000642b0000)]
  0x000000005d14a000 JavaThread "Memory manager" [_thread_blocked, id=804, stack(0x000000005b180000,0x000000005b280000)]
  0x000000005d149000 JavaThread "Cache worker for Build Output Cleanup Cache (E:\2020\sonalika08082020\.gradle\buildOutputCleanup)" [_thread_blocked, id=5536, stack(0x00000000611c0000,0x00000000612c0000)]
  0x000000005d148800 JavaThread "Build operations Thread 4" [_thread_blocked, id=324, stack(0x0000000066160000,0x0000000066260000)]
  0x000000005a3a9800 JavaThread "Build operations Thread 3" [_thread_blocked, id=4228, stack(0x000000005eaa0000,0x000000005eba0000)]
  0x000000005a3b2800 JavaThread "Build operations Thread 2" [_thread_blocked, id=1340, stack(0x0000000066050000,0x0000000066150000)]
  0x000000005a3a7800 JavaThread "Build operations" [_thread_blocked, id=3684, stack(0x00000000640b0000,0x00000000641b0000)]
  0x000000005a3a6000 JavaThread "Cache worker for cache directory md-rule (C:\Users\VIRAJ\.gradle\caches\6.1.1\md-rule)" [_thread_blocked, id=5420, stack(0x0000000063950000,0x0000000063a50000)]
  0x000000005a3a6800 JavaThread "Cache worker for cache directory md-supplier (C:\Users\VIRAJ\.gradle\caches\6.1.1\md-supplier)" [_thread_blocked, id=5320, stack(0x00000000613e0000,0x00000000614e0000)]
  0x000000005a3af800 JavaThread "Cache worker for file hash cache (E:\2020\sonalika08082020\.gradle\6.1.1\fileHashes)" [_thread_blocked, id=7176, stack(0x0000000062770000,0x0000000062870000)]
  0x000000005a3b0800 JavaThread "Cache worker for checksums cache (E:\2020\sonalika08082020\.gradle\checksums)" [_thread_blocked, id=5280, stack(0x00000000612e0000,0x00000000613e0000)]
  0x000000005a3b1000 JavaThread "Thread-30" [_thread_blocked, id=6200, stack(0x00000000610c0000,0x00000000611c0000)]
  0x000000005a3b2000 JavaThread "Stdin handler" [_thread_blocked, id=6464, stack(0x00000000601e0000,0x00000000602e0000)]
  0x000000005a3a8000 JavaThread "Asynchronous log dispatcher for DefaultDaemonConnection: socket connection from /127.0.0.1:49623 to /127.0.0.1:63298" [_thread_blocked, id=4460, stack(0x000000005ebf0000,0x000000005ecf0000)]
  0x000000005ab18800 JavaThread "Daemon worker Thread 2" [_thread_blocked, id=5992, stack(0x00000000582e0000,0x00000000583e0000)]
  0x000000005ab19000 JavaThread "Cancel handler" [_thread_blocked, id=5696, stack(0x000000005bc90000,0x000000005bd90000)]
  0x000000005ab14800 JavaThread "Handler for socket connection from /127.0.0.1:49623 to /127.0.0.1:63298" [_thread_in_native, id=6224, stack(0x000000005e980000,0x000000005ea80000)]
  0x000000005ab13000 JavaThread "Daemon Thread 2" [_thread_blocked, id=6428, stack(0x000000005b530000,0x000000005b630000)]
  0x000000005a3a9000 JavaThread "Cache worker for execution history cache (C:\Users\VIRAJ\.gradle\caches\6.1.1\executionHistory)" [_thread_blocked, id=5020, stack(0x000000005bfb0000,0x000000005c0b0000)]
  0x000000005a3a5000 JavaThread "Cache worker for file hash cache (C:\Users\VIRAJ\.gradle\caches\6.1.1\fileHashes)" [_thread_blocked, id=6520, stack(0x000000005c6a0000,0x000000005c7a0000)]
  0x000000005a3a4800 JavaThread "File lock request listener" [_thread_in_native, id=5596, stack(0x000000005c550000,0x000000005c650000)]
  0x000000005a3a3000 JavaThread "Cache worker for journal cache (C:\Users\VIRAJ\.gradle\caches\journal-1)" [_thread_blocked, id=5864, stack(0x000000005c400000,0x000000005c500000)]
  0x000000005a1b0000 JavaThread "Daemon periodic checks" [_thread_blocked, id=2084, stack(0x000000005b680000,0x000000005b780000)]
  0x000000005a1ad800 JavaThread "Incoming local TCP Connector on port 49623" [_thread_in_native, id=2880, stack(0x000000005b420000,0x000000005b520000)]
  0x000000005869a000 JavaThread "Daemon health stats" [_thread_blocked, id=5008, stack(0x0000000059e20000,0x0000000059f20000)]
  0x0000000057a81000 JavaThread "Service Thread" daemon [_thread_blocked, id=6448, stack(0x00000000583e0000,0x00000000584e0000)]
  0x0000000057a1d800 JavaThread "C1 CompilerThread2" daemon [_thread_blocked, id=1992, stack(0x0000000058080000,0x0000000058180000)]
  0x0000000057a1a800 JavaThread "C2 CompilerThread1" daemon [_thread_blocked, id=6396, stack(0x0000000058190000,0x0000000058290000)]
  0x0000000057a14800 JavaThread "C2 CompilerThread0" daemon [_thread_blocked, id=6416, stack(0x0000000057ee0000,0x0000000057fe0000)]
  0x00000000561fb000 JavaThread "Attach Listener" daemon [_thread_blocked, id=6408, stack(0x0000000057290000,0x0000000057390000)]
  0x00000000561f6000 JavaThread "Signal Dispatcher" daemon [_thread_blocked, id=6308, stack(0x0000000057910000,0x0000000057a10000)]
  0x00000000561d3000 JavaThread "Finalizer" daemon [_thread_blocked, id=6228, stack(0x0000000057780000,0x0000000057880000)]
  0x00000000561d1800 JavaThread "Reference Handler" daemon [_thread_blocked, id=3800, stack(0x0000000057590000,0x0000000057690000)]
  0x000000000035e800 JavaThread "main" [_thread_blocked, id=2520, stack(0x00000000021f0000,0x00000000022f0000)]

Other Threads:
  0x000000005618a000 VMThread [stack: 0x00000000573d0000,0x00000000574d0000] [id=120]
  0x0000000057a84000 WatcherThread [stack: 0x0000000058500000,0x0000000058600000] [id=3716]

=>0x0000000001d61800 (exited) GCTaskThread [stack: 0x0000000012400000,0x0000000012500000] [id=404]

VM state:at safepoint (normal execution)

VM Mutex/Monitor currently owned by a thread:  ([mutex/lock_event])
[0x000000000035c900] Threads_lock - owner thread: 0x000000005618a000
[0x000000000035ce00] Heap_lock - owner thread: 0x000000005e211000

heap address: 0x00000000a0000000, size: 1536 MB, Compressed Oops mode: 32-bit
Narrow klass base: 0x0000000000000000, Narrow klass shift: 0
Compressed class space size: 1073741824 Address: 0x0000000015800000

Heap:
 PSYoungGen      total 464384K, used 2432K [0x00000000e0000000, 0x0000000100000000, 0x0000000100000000)
  eden space 431104K, 0% used [0x00000000e0000000,0x00000000e0000000,0x00000000fa500000)
  from space 33280K, 7% used [0x00000000fdf80000,0x00000000fe1e0000,0x0000000100000000)
  to   space 46592K, 0% used [0x00000000fa500000,0x00000000fa500000,0x00000000fd280000)
 ParOldGen       total 105984K, used 93296K [0x00000000a0000000, 0x00000000a6780000, 0x00000000e0000000)
  object space 105984K, 88% used [0x00000000a0000000,0x00000000a5b1c008,0x00000000a6780000)
 Metaspace       used 93994K, capacity 98536K, committed 98584K, reserved 1134592K
  class space    used 12385K, capacity 13337K, committed 13352K, reserved 1048576K

Card table byte_map: [0x0000000011a00000,0x0000000011d10000] byte_map_base: 0x0000000011500000

Marking Bits: (ParMarkBitMap*) 0x00000000732ff030
 Begin Bits: [0x0000000012500000, 0x0000000013d00000)
 End Bits:   [0x0000000013d00000, 0x0000000015500000)

Polling page: 0x0000000000330000

CodeCache: size=245760Kb used=40876Kb max_used=40881Kb free=204883Kb
 bounds [0x0000000002640000, 0x0000000004e60000, 0x0000000011640000]
 total_blobs=13206 nmethods=12326 adapters=792
 compilation: enabled

Compilation events (10 events):
Event: 3153.082 Thread 0x0000000057a14800 nmethod 14501 0x0000000004e536d0 code [0x0000000004e53ca0, 0x0000000004e576e0]
Event: 3153.186 Thread 0x0000000057a1d800 14536       3       kotlin.collections.SetsKt__SetsKt::emptySet (7 bytes)
Event: 3153.186 Thread 0x0000000057a1d800 nmethod 14536 0x0000000004e4a5d0 code [0x0000000004e4a720, 0x0000000004e4a850]
Event: 3153.310 Thread 0x0000000057a1d800 14537       3       kotlin.io.FileTreeWalk$FileTreeWalkIterator$TopDownDirectoryState::step (270 bytes)
Event: 3153.311 Thread 0x0000000057a1d800 nmethod 14537 0x0000000004e50710 code [0x0000000004e50a80, 0x0000000004e52a08]
Event: 3153.312 Thread 0x0000000057a1d800 14539       3       kotlin.io.FileTreeWalk$FileTreeWalkIterator::gotoNext (93 bytes)
Event: 3153.312 Thread 0x0000000057a1d800 nmethod 14539 0x0000000004e4ea10 code [0x0000000004e4ecc0, 0x0000000004e4fd68]
Event: 3153.312 Thread 0x0000000057a1d800 14538       3       kotlin.io.FileTreeWalk$FileTreeWalkIterator::computeNext (22 bytes)
Event: 3153.313 Thread 0x0000000057a1d800 nmethod 14538 0x0000000004e4e390 code [0x0000000004e4e500, 0x0000000004e4e8e8]
Event: 3153.314 Thread 0x0000000057a1d800 14540       3       kotlin.collections.CollectionsKt___CollectionsKt::plus (88 bytes)

GC Heap History (10 events):
Event: 34.735 GC heap after
Heap after GC invocations=11 (full 2):
 PSYoungGen      total 461824K, used 21225K [0x00000000e0000000, 0x0000000100000000, 0x0000000100000000)
  eden space 438784K, 0% used [0x00000000e0000000,0x00000000e0000000,0x00000000fac80000)
  from space 23040K, 92% used [0x00000000fac80000,0x00000000fc13a548,0x00000000fc300000)
  to   space 26112K, 0% used [0x00000000fe680000,0x00000000fe680000,0x0000000100000000)
 ParOldGen       total 72704K, used 28300K [0x00000000a0000000, 0x00000000a4700000, 0x00000000e0000000)
  object space 72704K, 38% used [0x00000000a0000000,0x00000000a1ba3280,0x00000000a4700000)
 Metaspace       used 57044K, capacity 59112K, committed 59160K, reserved 1099776K
  class space    used 7740K, capacity 8197K, committed 8232K, reserved 1048576K
}
Event: 34.735 GC heap before
{Heap before GC invocations=12 (full 3):
 PSYoungGen      total 461824K, used 21225K [0x00000000e0000000, 0x0000000100000000, 0x0000000100000000)
  eden space 438784K, 0% used [0x00000000e0000000,0x00000000e0000000,0x00000000fac80000)
  from space 23040K, 92% used [0x00000000fac80000,0x00000000fc13a548,0x00000000fc300000)
  to   space 26112K, 0% used [0x00000000fe680000,0x00000000fe680000,0x0000000100000000)
 ParOldGen       total 72704K, used 28300K [0x00000000a0000000, 0x00000000a4700000, 0x00000000e0000000)
  object space 72704K, 38% used [0x00000000a0000000,0x00000000a1ba3280,0x00000000a4700000)
 Metaspace       used 57044K, capacity 59112K, committed 59160K, reserved 1099776K
  class space    used 7740K, capacity 8197K, committed 8232K, reserved 1048576K
Event: 34.918 GC heap after
Heap after GC invocations=12 (full 3):
 PSYoungGen      total 461824K, used 0K [0x00000000e0000000, 0x0000000100000000, 0x0000000100000000)
  eden space 438784K, 0% used [0x00000000e0000000,0x00000000e0000000,0x00000000fac80000)
  from space 23040K, 0% used [0x00000000fac80000,0x00000000fac80000,0x00000000fc300000)
  to   space 26112K, 0% used [0x00000000fe680000,0x00000000fe680000,0x0000000100000000)
 ParOldGen       total 105984K, used 36165K [0x00000000a0000000, 0x00000000a6780000, 0x00000000e0000000)
  object space 105984K, 34% used [0x00000000a0000000,0x00000000a2351520,0x00000000a6780000)
 Metaspace       used 57035K, capacity 59082K, committed 59160K, reserved 1099776K
  class space    used 7737K, capacity 8192K, committed 8232K, reserved 1048576K
}
Event: 75.101 GC heap before
{Heap before GC invocations=13 (full 3):
 PSYoungGen      total 461824K, used 438784K [0x00000000e0000000, 0x0000000100000000, 0x0000000100000000)
  eden space 438784K, 100% used [0x00000000e0000000,0x00000000fac80000,0x00000000fac80000)
  from space 23040K, 0% used [0x00000000fac80000,0x00000000fac80000,0x00000000fc300000)
  to   space 26112K, 0% used [0x00000000fe680000,0x00000000fe680000,0x0000000100000000)
 ParOldGen       total 105984K, used 36165K [0x00000000a0000000, 0x00000000a6780000, 0x00000000e0000000)
  object space 105984K, 34% used [0x00000000a0000000,0x00000000a2351520,0x00000000a6780000)
 Metaspace       used 75841K, capacity 79116K, committed 79384K, reserved 1118208K
  class space    used 10278K, capacity 10956K, committed 11048K, reserved 1048576K
Event: 75.186 GC heap after
Heap after GC invocations=13 (full 3):
 PSYoungGen      total 483840K, used 26111K [0x00000000e0000000, 0x0000000100000000, 0x0000000100000000)
  eden space 457728K, 0% used [0x00000000e0000000,0x00000000e0000000,0x00000000fbf00000)
  from space 26112K, 99% used [0x00000000fe680000,0x00000000fffffff8,0x0000000100000000)
  to   space 33280K, 0% used [0x00000000fbf00000,0x00000000fbf00000,0x00000000fdf80000)
 ParOldGen       total 105984K, used 44169K [0x00000000a0000000, 0x00000000a6780000, 0x00000000e0000000)
  object space 105984K, 41% used [0x00000000a0000000,0x00000000a2b22760,0x00000000a6780000)
 Metaspace       used 75841K, capacity 79116K, committed 79384K, reserved 1118208K
  class space    used 10278K, capacity 10956K, committed 11048K, reserved 1048576K
}
Event: 3151.520 GC heap before
{Heap before GC invocations=14 (full 3):
 PSYoungGen      total 483840K, used 483839K [0x00000000e0000000, 0x0000000100000000, 0x0000000100000000)
  eden space 457728K, 100% used [0x00000000e0000000,0x00000000fbf00000,0x00000000fbf00000)
  from space 26112K, 99% used [0x00000000fe680000,0x00000000fffffff8,0x0000000100000000)
  to   space 33280K, 0% used [0x00000000fbf00000,0x00000000fbf00000,0x00000000fdf80000)
 ParOldGen       total 105984K, used 44169K [0x00000000a0000000, 0x00000000a6780000, 0x00000000e0000000)
  object space 105984K, 41% used [0x00000000a0000000,0x00000000a2b22760,0x00000000a6780000)
 Metaspace       used 92340K, capacity 96890K, committed 97176K, reserved 1132544K
  class space    used 12241K, capacity 13164K, committed 13224K, reserved 1048576K
Event: 3151.572 GC heap after
Heap after GC invocations=14 (full 3):
 PSYoungGen      total 491008K, used 33256K [0x00000000e0000000, 0x0000000100000000, 0x0000000100000000)
  eden space 457728K, 0% used [0x00000000e0000000,0x00000000e0000000,0x00000000fbf00000)
  from space 33280K, 99% used [0x00000000fbf00000,0x00000000fdf7a1f8,0x00000000fdf80000)
  to   space 33280K, 0% used [0x00000000fdf80000,0x00000000fdf80000,0x0000000100000000)
 ParOldGen       total 105984K, used 66840K [0x00000000a0000000, 0x00000000a6780000, 0x00000000e0000000)
  object space 105984K, 63% used [0x00000000a0000000,0x00000000a4146048,0x00000000a6780000)
 Metaspace       used 92340K, capacity 96890K, committed 97176K, reserved 1132544K
  class space    used 12241K, capacity 13164K, committed 13224K, reserved 1048576K
}
Event: 3153.314 GC heap before
{Heap before GC invocations=15 (full 3):
 PSYoungGen      total 491008K, used 114568K [0x00000000e0000000, 0x0000000100000000, 0x0000000100000000)
  eden space 457728K, 17% used [0x00000000e0000000,0x00000000e4f68200,0x00000000fbf00000)
  from space 33280K, 99% used [0x00000000fbf00000,0x00000000fdf7a1f8,0x00000000fdf80000)
  to   space 33280K, 0% used [0x00000000fdf80000,0x00000000fdf80000,0x0000000100000000)
 ParOldGen       total 105984K, used 66840K [0x00000000a0000000, 0x00000000a6780000, 0x00000000e0000000)
  object space 105984K, 63% used [0x00000000a0000000,0x00000000a4146048,0x00000000a6780000)
 Metaspace       used 93994K, capacity 98536K, committed 98584K, reserved 1134592K
  class space    used 12385K, capacity 13337K, committed 13352K, reserved 1048576K
Event: 3153.335 GC heap after
Heap after GC invocations=15 (full 3):
 PSYoungGen      total 464384K, used 2432K [0x00000000e0000000, 0x0000000100000000, 0x0000000100000000)
  eden space 431104K, 0% used [0x00000000e0000000,0x00000000e0000000,0x00000000fa500000)
  from space 33280K, 7% used [0x00000000fdf80000,0x00000000fe1e0000,0x0000000100000000)
  to   space 46592K, 0% used [0x00000000fa500000,0x00000000fa500000,0x00000000fd280000)
 ParOldGen       total 105984K, used 93296K [0x00000000a0000000, 0x00000000a6780000, 0x00000000e0000000)
  object space 105984K, 88% used [0x00000000a0000000,0x00000000a5b1c008,0x00000000a6780000)
 Metaspace       used 93994K, capacity 98536K, committed 98584K, reserved 1134592K
  class space    used 12385K, capacity 13337K, committed 13352K, reserved 1048576K
}
Event: 3153.335 GC heap before
{Heap before GC invocations=16 (full 4):
 PSYoungGen      total 464384K, used 2432K [0x00000000e0000000, 0x0000000100000000, 0x0000000100000000)
  eden space 431104K, 0% used [0x00000000e0000000,0x00000000e0000000,0x00000000fa500000)
  from space 33280K, 7% used [0x00000000fdf80000,0x00000000fe1e0000,0x0000000100000000)
  to   space 46592K, 0% used [0x00000000fa500000,0x00000000fa500000,0x00000000fd280000)
 ParOldGen       total 105984K, used 93296K [0x00000000a0000000, 0x00000000a6780000, 0x00000000e0000000)
  object space 105984K, 88% used [0x00000000a0000000,0x00000000a5b1c008,0x00000000a6780000)
 Metaspace       used 93994K, capacity 98536K, committed 98584K, reserved 1134592K
  class space    used 12385K, capacity 13337K, committed 13352K, reserved 1048576K

Deoptimization events (10 events):
Event: 3152.749 Thread 0x000000005d14d000 Uncommon trap: reason=unstable_if action=reinterpret pc=0x000000000313327c method=java.util.concurrent.ConcurrentLinkedQueue.offer(Ljava/lang/Object;)Z @ 40
Event: 3152.789 Thread 0x000000005d14d000 Uncommon trap: reason=unstable_if action=reinterpret pc=0x0000000002c283d8 method=java.util.concurrent.ConcurrentLinkedQueue.offer(Ljava/lang/Object;)Z @ 91
Event: 3152.843 Thread 0x000000005ab18800 Uncommon trap: reason=unstable_if action=reinterpret pc=0x000000000286177c method=java.util.concurrent.locks.ReentrantLock$Sync.nonfairTryAcquire(I)Z @ 19
Event: 3152.878 Thread 0x000000005d14e800 Uncommon trap: reason=unstable_if action=reinterpret pc=0x000000000459627c method=java.util.concurrent.locks.ReentrantLock$Sync.nonfairTryAcquire(I)Z @ 19
Event: 3152.918 Thread 0x000000005d14d000 Uncommon trap: reason=array_check action=maybe_recompile pc=0x000000000294bbc8 method=java.util.TimSort.binarySort([Ljava/lang/Object;IIILjava/util/Comparator;)V @ 215
Event: 3152.956 Thread 0x000000005d14d000 Uncommon trap: reason=array_check action=maybe_recompile pc=0x000000000294bd54 method=java.util.TimSort.binarySort([Ljava/lang/Object;IIILjava/util/Comparator;)V @ 183
Event: 3152.956 Thread 0x000000005d14d000 Uncommon trap: reason=array_check action=maybe_recompile pc=0x000000000294bc8c method=java.util.TimSort.binarySort([Ljava/lang/Object;IIILjava/util/Comparator;)V @ 193
Event: 3152.959 Thread 0x000000005e211800 Uncommon trap: reason=array_check action=maybe_recompile pc=0x000000000294bbc8 method=java.util.TimSort.binarySort([Ljava/lang/Object;IIILjava/util/Comparator;)V @ 215
Event: 3152.987 Thread 0x000000005d14d000 Uncommon trap: reason=class_check action=maybe_recompile pc=0x00000000047de1c8 method=org.gradle.internal.resources.DefaultResourceLockCoordinationService$DefaultResourceLockState.releaseLocks()V @ 37
Event: 3153.052 Thread 0x000000005d14d000 Uncommon trap: reason=class_check action=maybe_recompile pc=0x00000000047de1c8 method=org.gradle.internal.resources.DefaultResourceLockCoordinationService$DefaultResourceLockState.releaseLocks()V @ 37

Classes redefined (0 events):
No events

Internal exceptions (10 events):
Event: 3150.277 Thread 0x000000005d14e800 Exception <a 'sun/nio/fs/WindowsException'> (0x00000000f8cf9ba0) thrown at [C:\src\AOSP-openjdk-git\hotspot\src\share\vm\prims\jni.cpp, line 710]
Event: 3150.278 Thread 0x000000005d14e800 Exception <a 'sun/nio/fs/WindowsException'> (0x00000000f8cffff8) thrown at [C:\src\AOSP-openjdk-git\hotspot\src\share\vm\prims\jni.cpp, line 710]
Event: 3150.278 Thread 0x000000005d14e800 Exception <a 'sun/nio/fs/WindowsException'> (0x00000000f8d00c98) thrown at [C:\src\AOSP-openjdk-git\hotspot\src\share\vm\prims\jni.cpp, line 710]
Event: 3150.278 Thread 0x000000005d14e800 Exception <a 'sun/nio/fs/WindowsException'> (0x00000000f8d019a8) thrown at [C:\src\AOSP-openjdk-git\hotspot\src\share\vm\prims\jni.cpp, line 710]
Event: 3150.278 Thread 0x000000005d14e800 Exception <a 'sun/nio/fs/WindowsException'> (0x00000000f8d03918) thrown at [C:\src\AOSP-openjdk-git\hotspot\src\share\vm\prims\jni.cpp, line 710]
Event: 3150.278 Thread 0x000000005d14e800 Exception <a 'sun/nio/fs/WindowsException'> (0x00000000f8d045c8) thrown at [C:\src\AOSP-openjdk-git\hotspot\src\share\vm\prims\jni.cpp, line 710]
Event: 3150.278 Thread 0x000000005d14e800 Exception <a 'sun/nio/fs/WindowsException'> (0x00000000f8d052e8) thrown at [C:\src\AOSP-openjdk-git\hotspot\src\share\vm\prims\jni.cpp, line 710]
Event: 3151.467 Thread 0x000000005d14e800 Implicit null exception at 0x000000000394c85f to 0x000000000394ce69
Event: 3152.021 Thread 0x000000005a3b1000 Exception <a 'java/lang/NoSuchMethodError': <clinit>> (0x00000000e0184868) thrown at [C:\src\AOSP-openjdk-git\hotspot\src\share\vm\prims\jni.cpp, line 1615]
Event: 3152.956 Thread 0x000000005d14d000 Exception <a 'java/lang/NoSuchMethodError': <clinit>> (0x00000000e4b37cf8) thrown at [C:\src\AOSP-openjdk-git\hotspot\src\share\vm\prims\jni.cpp, line 1615]

Events (10 events):
Event: 3153.052 Thread 0x000000005d14d000 DEOPT UNPACKING pc=0x000000000268557b sp=0x00000000666cb5a8 mode 2
Event: 3153.053 loading class java/nio/file/Files$2
Event: 3153.053 loading class java/nio/file/Files$2 done
Event: 3153.053 loading class com/android/build/gradle/internal/tasks/DexMergingParams$getAllDexFiles$$inlined$let$lambda$1
Event: 3153.053 loading class com/android/build/gradle/internal/tasks/DexMergingParams$getAllDexFiles$$inlined$let$lambda$1 done
Event: 3153.055 loading class com/android/build/gradle/internal/tasks/DexMergingTaskRunnable$run$jarsInInput$2$1
Event: 3153.055 loading class com/android/build/gradle/internal/tasks/DexMergingTaskRunnable$run$jarsInInput$2$1 done
Event: 3153.314 loading class com/android/build/gradle/internal/tasks/DexMergingTaskRunnable$run$allDexFiles$1
Event: 3153.314 loading class com/android/build/gradle/internal/tasks/DexMergingTaskRunnable$run$allDexFiles$1 done
Event: 3153.314 Executing VM operation: CollectForMetadataAllocation


Dynamic libraries:
0x000000013f080000 - 0x000000013f0b1000 	C:\Program Files\Android\Android Studio\jre\bin\java.exe
0x0000000077ac0000 - 0x0000000077c5f000 	C:\Windows\SYSTEM32\ntdll.dll
0x00000000778a0000 - 0x00000000779bf000 	C:\Windows\system32\kernel32.dll
0x000007fefd9f0000 - 0x000007fefda5a000 	C:\Windows\system32\KERNELBASE.dll
0x000007fefe1c0000 - 0x000007fefe29b000 	C:\Windows\system32\ADVAPI32.dll
0x000007fefe570000 - 0x000007fefe60f000 	C:\Windows\system32\msvcrt.dll
0x000007fefee50000 - 0x000007fefee6f000 	C:\Windows\SYSTEM32\sechost.dll
0x000007fefde00000 - 0x000007fefdf2c000 	C:\Windows\system32\RPCRT4.dll
0x00000000779c0000 - 0x0000000077aba000 	C:\Windows\system32\USER32.dll
0x000007fefe960000 - 0x000007fefe9c7000 	C:\Windows\system32\GDI32.dll
0x000007fefe480000 - 0x000007fefe48e000 	C:\Windows\system32\LPK.dll
0x000007fefee70000 - 0x000007fefef3b000 	C:\Windows\system32\USP10.dll
0x000007fefc2b0000 - 0x000007fefc4a4000 	C:\Windows\WinSxS\amd64_microsoft.windows.common-controls_6595b64144ccf1df_6.0.7601.18837_none_fa3b1e3d17594757\COMCTL32.dll
0x000007fefe8e0000 - 0x000007fefe951000 	C:\Windows\system32\SHLWAPI.dll
0x000007fefeff0000 - 0x000007feff01e000 	C:\Windows\system32\IMM32.DLL
0x000007fefdf30000 - 0x000007fefe039000 	C:\Windows\system32\MSCTF.dll
0x000000006c830000 - 0x000000006c902000 	C:\Program Files\Android\Android Studio\jre\jre\bin\msvcr100.dll
0x0000000072b30000 - 0x000000007337b000 	C:\Program Files\Android\Android Studio\jre\jre\bin\server\jvm.dll
0x000007fef6ad0000 - 0x000007fef6ad9000 	C:\Windows\system32\WSOCK32.dll
0x000007fefe2a0000 - 0x000007fefe2ed000 	C:\Windows\system32\WS2_32.dll
0x000007fefef40000 - 0x000007fefef48000 	C:\Windows\system32\NSI.dll
0x000007fefb3c0000 - 0x000007fefb3fb000 	C:\Windows\system32\WINMM.dll
0x000007fefc940000 - 0x000007fefc94c000 	C:\Windows\system32\VERSION.dll
0x0000000077c70000 - 0x0000000077c77000 	C:\Windows\system32\PSAPI.DLL
0x000007fef6ac0000 - 0x000007fef6acf000 	C:\Program Files\Android\Android Studio\jre\jre\bin\verify.dll
0x000007fef3810000 - 0x000007fef3839000 	C:\Program Files\Android\Android Studio\jre\jre\bin\java.dll
0x000007fef37f0000 - 0x000007fef3806000 	C:\Program Files\Android\Android Studio\jre\jre\bin\zip.dll
0x000007feff020000 - 0x000007feffdaa000 	C:\Windows\system32\SHELL32.dll
0x000007fefec30000 - 0x000007fefee2c000 	C:\Windows\system32\ole32.dll
0x000007fefd870000 - 0x000007fefd87f000 	C:\Windows\system32\profapi.dll
0x000007fef5000000 - 0x000007fef501a000 	C:\Program Files\Android\Android Studio\jre\jre\bin\net.dll
0x000007fefcfe0000 - 0x000007fefd035000 	C:\Windows\system32\mswsock.dll
0x000007fefcfd0000 - 0x000007fefcfd7000 	C:\Windows\System32\wship6.dll
0x000007fef4fe0000 - 0x000007fef4ff3000 	C:\Program Files\Android\Android Studio\jre\jre\bin\nio.dll
0x000007fef4df0000 - 0x000007fef4e16000 	C:\Users\VIRAJ\.gradle\native\31\windows-amd64\native-platform.dll
0x000007fef5020000 - 0x000007fef5023000 	C:\Windows\system32\api-ms-win-core-synch-l1-2-0.DLL
0x000007fef4fd0000 - 0x000007fef4fdd000 	C:\Program Files\Android\Android Studio\jre\jre\bin\management.dll
0x000007fefd040000 - 0x000007fefd058000 	C:\Windows\system32\CRYPTSP.dll
0x000007fefcd40000 - 0x000007fefcd87000 	C:\Windows\system32\rsaenh.dll
0x000007fefd8e0000 - 0x000007fefd8fe000 	C:\Windows\system32\USERENV.dll
0x000007fefd700000 - 0x000007fefd70f000 	C:\Windows\system32\CRYPTBASE.dll
0x000007fefab70000 - 0x000007fefab97000 	C:\Windows\system32\IPHLPAPI.DLL
0x000007fefab50000 - 0x000007fefab5b000 	C:\Windows\system32\WINNSI.DLL
0x000007fefa9e0000 - 0x000007fefa9f8000 	C:\Windows\system32\dhcpcsvc.DLL
0x000007fefa9c0000 - 0x000007fefa9d1000 	C:\Windows\system32\dhcpcsvc6.DLL
0x000007fefd6a0000 - 0x000007fefd6f7000 	C:\Windows\system32\apphelp.dll
0x000007fefbfa0000 - 0x000007fefbfbe000 	C:\Users\VIRAJ\AppData\Local\Temp\native-platform2950028289775027068dir\native-platform.dll
0x000007fef3280000 - 0x000007fef33a5000 	C:\Windows\system32\dbghelp.dll

VM Arguments:
jvm_args: -Xmx1536m -Dfile.encoding=windows-1252 -Duser.country=IN -Duser.language=en -Duser.variant 
java_command: org.gradle.launcher.daemon.bootstrap.GradleDaemon 6.1.1
java_class_path (initial): C:\Users\VIRAJ\.gradle\wrapper\dists\gradle-6.1.1-all\cfmwm155h49vnt3hynmlrsdst\gradle-6.1.1\lib\gradle-launcher-6.1.1.jar
Launcher Type: SUN_STANDARD

Environment Variables:
PATH=C:\Windows\system32;C:\Windows;C:\Windows\System32\Wbem;C:\Windows\System32\WindowsPowerShell\v1.0\;C:\adb;C:\Program Files\Git\cmd;C:\Program Files\Dart\dart-sdk\bin;;C:\flutter\examples
USERNAME=VIRAJ
OS=Windows_NT
PROCESSOR_IDENTIFIER=Intel64 Family 6 Model 42 Stepping 7, GenuineIntel



---------------  S Y S T E M  ---------------

OS: Windows 7 , 64 bit Build 7601 (6.1.7601.24384)

CPU:total 4 (initial active 4) (4 cores per cpu, 1 threads per core) family 6 model 42 stepping 7, cmov, cx8, fxsr, mmx, sse, sse2, sse3, ssse3, sse4.1, sse4.2, popcnt, avx, aes, clmul, tsc, tscinvbit

Memory: 4k page, physical 8270828k(2985644k free), swap 16539752k(10787624k free)

vm_info: OpenJDK 64-Bit Server VM (25.242-b01) for windows-amd64 JRE (1.8.0_242-release-1644-b01), built by "builder" with MS VC++ 10.0 (VS2010)

time: Sun Aug 09 16:58:04 2020
timezone: India Standard Time
elapsed time: 3153 seconds (0d 0h 52m 33s)

