#
# There is insufficient memory for the Java Runtime Environment to continue.
# Native memory allocation (mmap) failed to map 67108864 bytes for Failed to commit area from 0x00000000c1600000 to 0x00000000c5600000 of length 67108864.
# Possible reasons:
#   The system is out of physical RAM or swap space
#   The process is running with CompressedOops enabled, and the Java Heap may be blocking the growth of the native heap
# Possible solutions:
#   Reduce memory load on the system
#   Increase physical memory or swap space
#   Check if swap backing store is full
#   Decrease Java heap size (-Xmx/-Xms)
#   Decrease number of Java threads
#   Decrease Java thread stack sizes (-Xss)
#   Set larger code cache with -XX:ReservedCodeCacheSize=
# This output file may be truncated or incomplete.
#
#  Out of Memory Error (./src/hotspot/os/windows/os_windows.cpp:3619), pid=4980, tid=5684
#
# JRE version:  (11.0.13) (build )
# Java VM: OpenJDK 64-Bit Server VM (11.0.13+0-b1751.21-8125866, mixed mode, sharing, tiered, compressed oops, g1 gc, windows-amd64)
# No core dump will be written. Minidumps are not enabled by default on client versions of Windows
#

---------------  S U M M A R Y ------------

Command Line: org.jetbrains.kotlin.cli.jvm.K2JVMCompiler @D:\sonalika apk\sonalikaM23 09 22\app\build\20221130_15504332955609629108.compiler.options

Host: Intel(R) Core(TM) i7-4770 CPU @ 3.40GHz, 8 cores, 3G,  Windows 10 , 64 bit Build 19041 (10.0.19041.1202)
Time: Wed Nov 30 18:08:02 2022 India Standard Time elapsed time: 0.013249 seconds (0d 0h 0m 0s)

---------------  T H R E A D  ---------------

Current thread (0x0000027c19f2e800):  JavaThread "Unknown thread" [_thread_in_vm, id=5684, stack(0x000000f31b000000,0x000000f31b100000)]

Stack: [0x000000f31b000000,0x000000f31b100000]
Native frames: (J=compiled Java code, j=interpreted, Vv=VM code, C=native code)
V  [jvm.dll+0x6100fa]
V  [jvm.dll+0x747090]
V  [jvm.dll+0x7486ad]
V  [jvm.dll+0x748d83]
V  [jvm.dll+0x24ab48]
V  [jvm.dll+0x60d164]
V  [jvm.dll+0x601e75]
V  [jvm.dll+0x308bdb]
V  [jvm.dll+0x308b4a]
V  [jvm.dll+0x308a22]
V  [jvm.dll+0x30d986]
V  [jvm.dll+0x357093]
V  [jvm.dll+0x357796]
V  [jvm.dll+0x357193]
V  [jvm.dll+0x2e3448]
V  [jvm.dll+0x2e45f7]
V  [jvm.dll+0x7242e7]
V  [jvm.dll+0x725adc]
V  [jvm.dll+0x364629]
V  [jvm.dll+0x707cee]
V  [jvm.dll+0x3d2633]
V  [jvm.dll+0x3d4a21]
C  [jli.dll+0x536b]
C  [ucrtbase.dll+0x21bb2]
C  [KERNEL32.DLL+0x17034]
C  [ntdll.dll+0x52651]


---------------  P R O C E S S  ---------------

Threads class SMR info:
_java_thread_list=0x0000027c17e18240, length=0, elements={
}

Java Threads: ( => current thread )

Other Threads:
  0x0000027c19f41800 GCTaskThread "GC Thread#0" [stack: 0x000000f31b100000,0x000000f31b200000] [id=848]
  0x0000027c19f5c000 ConcurrentGCThread "G1 Main Marker" [stack: 0x000000f31b200000,0x000000f31b300000] [id=3536]
  0x0000027c19f5d800 ConcurrentGCThread "G1 Conc#0" [stack: 0x000000f31b300000,0x000000f31b400000] [id=9144]

[error occurred during error reporting (printing all threads), id 0xc0000005, EXCEPTION_ACCESS_VIOLATION (0xc0000005) at pc=0x00007ffbe6f03dd7]

VM state:not at safepoint (not fully initialized)

VM Mutex/Monitor currently owned by a thread:  ([mutex/lock_event])
[0x0000027c19f2c730] Heap_lock - owner thread: 0x0000027c19f2e800

Heap address: 0x00000000c1600000, size: 1002 MB, Compressed Oops mode: Non-zero based: 0x00000000c1600000
Narrow klass base: 0x0000000000000000, Narrow klass shift: 0

GC Heap History (0 events):
No events

Deoptimization events (0 events):
No events

Classes redefined (0 events):
No events

Internal exceptions (0 events):
No events

Events (1 events):
Event: 0.005 Loaded shared library C:\Program Files\Android\Android Studio\jre\bin\zip.dll


Dynamic libraries:
0x00007ff7ee960000 - 0x00007ff7ee96a000 	C:\Program Files\Android\Android Studio\jre\bin\java.exe
0x00007ffc2d250000 - 0x00007ffc2d445000 	C:\Windows\SYSTEM32\ntdll.dll
0x00007ffc2ccc0000 - 0x00007ffc2cd7e000 	C:\Windows\System32\KERNEL32.DLL
0x00007ffc2a970000 - 0x00007ffc2ac39000 	C:\Windows\System32\KERNELBASE.dll
0x00007ffc2b0f0000 - 0x00007ffc2b1f0000 	C:\Windows\System32\ucrtbase.dll
0x00007ffc1ce20000 - 0x00007ffc1ce39000 	C:\Program Files\Android\Android Studio\jre\bin\jli.dll
0x00007ffc1e980000 - 0x00007ffc1e997000 	C:\Program Files\Android\Android Studio\jre\bin\VCRUNTIME140.dll
0x00007ffc2c820000 - 0x00007ffc2c9c1000 	C:\Windows\System32\USER32.dll
0x00007ffc1e520000 - 0x00007ffc1e7ba000 	C:\Windows\WinSxS\amd64_microsoft.windows.common-controls_6595b64144ccf1df_6.0.19041.1110_none_60b5254171f9507e\COMCTL32.dll
0x00007ffc2b030000 - 0x00007ffc2b052000 	C:\Windows\System32\win32u.dll
0x00007ffc2bd30000 - 0x00007ffc2bdce000 	C:\Windows\System32\msvcrt.dll
0x00007ffc2cba0000 - 0x00007ffc2cbcb000 	C:\Windows\System32\GDI32.dll
0x00007ffc2af20000 - 0x00007ffc2b02b000 	C:\Windows\System32\gdi32full.dll
0x00007ffc2adf0000 - 0x00007ffc2ae8d000 	C:\Windows\System32\msvcp_win.dll
0x00007ffc2b810000 - 0x00007ffc2b840000 	C:\Windows\System32\IMM32.DLL
0x00007ffbea430000 - 0x00007ffbea4cd000 	C:\Program Files\Android\Android Studio\jre\bin\msvcp140.dll
0x00007ffbe6c10000 - 0x00007ffbe7712000 	C:\Program Files\Android\Android Studio\jre\bin\server\jvm.dll
0x00007ffc2b320000 - 0x00007ffc2b3cc000 	C:\Windows\System32\ADVAPI32.dll
0x00007ffc2cd80000 - 0x00007ffc2ce1b000 	C:\Windows\System32\sechost.dll
0x00007ffc2bdd0000 - 0x00007ffc2befa000 	C:\Windows\System32\RPCRT4.dll
0x00007ffc2c640000 - 0x00007ffc2c648000 	C:\Windows\System32\PSAPI.DLL
0x00007ffc20600000 - 0x00007ffc20609000 	C:\Windows\SYSTEM32\WSOCK32.dll
0x00007ffc2ce90000 - 0x00007ffc2cefb000 	C:\Windows\System32\WS2_32.dll
0x00007ffc29110000 - 0x00007ffc2911a000 	C:\Windows\SYSTEM32\VERSION.dll
0x00007ffc1e340000 - 0x00007ffc1e367000 	C:\Windows\SYSTEM32\WINMM.dll
0x00007ffc29210000 - 0x00007ffc29222000 	C:\Windows\SYSTEM32\kernel.appcore.dll
0x00007ffc1c790000 - 0x00007ffc1c7a1000 	C:\Program Files\Android\Android Studio\jre\bin\verify.dll
0x00007ffc13930000 - 0x00007ffc13b14000 	C:\Windows\SYSTEM32\DBGHELP.DLL
0x00007ffc138c0000 - 0x00007ffc138ec000 	C:\Windows\SYSTEM32\dbgcore.DLL
0x00007ffc2ae90000 - 0x00007ffc2af13000 	C:\Windows\System32\bcryptPrimitives.dll
0x00007ffc19520000 - 0x00007ffc19549000 	C:\Program Files\Android\Android Studio\jre\bin\java.dll
0x00007ffc1ebb0000 - 0x00007ffc1ebbb000 	C:\Program Files\Android\Android Studio\jre\bin\jimage.dll
0x00007ffc1c770000 - 0x00007ffc1c788000 	C:\Program Files\Android\Android Studio\jre\bin\zip.dll

dbghelp: loaded successfully - version: 4.0.5 - missing functions: none
symbol engine: initialized successfully - sym options: 0x614 - pdb path: .;C:\Program Files\Android\Android Studio\jre\bin;C:\Windows\SYSTEM32;C:\Windows\WinSxS\amd64_microsoft.windows.common-controls_6595b64144ccf1df_6.0.19041.1110_none_60b5254171f9507e;C:\Program Files\Android\Android Studio\jre\bin\server

VM Arguments:
java_command: org.jetbrains.kotlin.cli.jvm.K2JVMCompiler @D:\sonalika apk\sonalikaM23 09 22\app\build\20221130_15504332955609629108.compiler.options
java_class_path (initial): C:\Users\shweta android\.gradle\caches\modules-2\files-2.1\org.jetbrains.kotlin\kotlin-compiler-embeddable\1.6.10\88f2073f4020cdb83132cfe940ceb9a60aba54ea\kotlin-compiler-embeddable-1.6.10.jar;C:\Users\shweta android\.gradle\caches\modules-2\files-2.1\org.jetbrains.kotlin\kotlin-reflect\1.6.10\1cbe9c92c12a94eea200d23c2bbaedaf3daf5132\kotlin-reflect-1.6.10.jar;C:\Users\shweta android\.gradle\caches\modules-2\files-2.1\org.jetbrains.kotlin\kotlin-stdlib\1.6.10\b8af3fe6f1ca88526914929add63cf5e7c5049af\kotlin-stdlib-1.6.10.jar;C:\Users\shweta android\.gradle\caches\modules-2\files-2.1\org.jetbrains.kotlin\kotlin-script-runtime\1.6.10\d0a7ff2e2500ef497ed0214ae40ad3c8387a6164\kotlin-script-runtime-1.6.10.jar;C:\Users\shweta android\.gradle\caches\modules-2\files-2.1\org.jetbrains.kotlin\kotlin-daemon-embeddable\1.6.10\a56d79bcbea411fa6058e4ecffc2de73e742bd2a\kotlin-daemon-embeddable-1.6.10.jar;C:\Users\shweta android\.gradle\caches\modules-2\files-2.1\org.jetbrains.intellij.deps\trove4j\1.0.20181211\216c2e14b070f334479d800987affe4054cd563f\trove4j-1.0.20181211.jar;C:\Users\shweta android\.gradle\caches\modules-2\files-2.1\net.java.dev.jna\jna\5.6.0\330f2244e9030119ab3030fc3fededc86713d9cc\jna-5.6.0.jar;C:\Users\shweta android\.gradle\caches\modules-2\files-2.1\org.jetbrains\annotations\13.0\919f0dfe192fb4e063e7dacadee7f8bb9a2672a9\annotations-13.0.jar;C:\Users\shweta android\.gradle\caches\modules-2\files-2.1\org.jetbrains.kotlin\kotlin-stdlib-common\1.6.10\c118700e3a33c8a0d9adc920e9dec0831171925\kotlin-stdlib-common-1.6.10.jar
Launcher Type: SUN_STANDARD

[Global flags]
     intx CICompilerCount                          = 4                                         {product} {ergonomic}
     uint ConcGCThreads                            = 2                                         {product} {ergonomic}
     uint G1ConcRefinementThreads                  = 8                                         {product} {ergonomic}
   size_t G1HeapRegionSize                         = 1048576                                   {product} {ergonomic}
    uintx GCDrainStackTargetSize                   = 64                                        {product} {ergonomic}
   size_t InitialHeapSize                          = 67108864                                  {product} {ergonomic}
   size_t MarkStackSize                            = 4194304                                   {product} {ergonomic}
   size_t MaxHeapSize                              = 1050673152                                {product} {ergonomic}
   size_t MinHeapDeltaBytes                        = 1048576                                   {product} {ergonomic}
    uintx NonNMethodCodeHeapSize                   = 5836300                                {pd product} {ergonomic}
    uintx NonProfiledCodeHeapSize                  = 122910970                              {pd product} {ergonomic}
    uintx ProfiledCodeHeapSize                     = 122910970                              {pd product} {ergonomic}
    uintx ReservedCodeCacheSize                    = 251658240                              {pd product} {ergonomic}
     bool SegmentedCodeCache                       = true                                      {product} {ergonomic}
     bool UseCompressedClassPointers               = true                                 {lp64_product} {ergonomic}
     bool UseCompressedOops                        = true                                 {lp64_product} {ergonomic}
     bool UseG1GC                                  = true                                      {product} {ergonomic}
     bool UseLargePagesIndividualAllocation        = false                                  {pd product} {ergonomic}

Logging:
Log output configuration:
 #0: stdout all=warning uptime,level,tags
 #1: stderr all=off uptime,level,tags

Environment Variables:
PATH=C:\Windows\system32;C:\Windows;C:\Windows\System32\Wbem;C:\Windows\System32\WindowsPowerShell\v1.0\;C:\Windows\System32\OpenSSH\;C:\Program Files\Git\cmd;C:\Users\shweta android\AppData\Local\Microsoft\WindowsApps;;D:\program files\Microsoft VS Code\bin
USERNAME=shweta android
OS=Windows_NT
PROCESSOR_IDENTIFIER=Intel64 Family 6 Model 60 Stepping 3, GenuineIntel



---------------  S Y S T E M  ---------------

OS: Windows 10 , 64 bit Build 19041 (10.0.19041.1202)
OS uptime: 1 days 0:23 hours

CPU:total 8 (initial active 8) (4 cores per cpu, 2 threads per core) family 6 model 60 stepping 3 microcode 0x27, cmov, cx8, fxsr, mmx, sse, sse2, sse3, ssse3, sse4.1, sse4.2, popcnt, avx, avx2, aes, clmul, erms, lzcnt, ht, tsc, tscinvbit, bmi1, bmi2, fma

Memory: 4k page, system-wide physical 4007M (198M free)
TotalPageFile size 10179M (AvailPageFile size 7M)
current process WorkingSet (physical memory assigned to process): 9M, peak: 9M
current process commit charge ("private bytes"): 59M, peak: 123M

vm_info: OpenJDK 64-Bit Server VM (11.0.13+0-b1751.21-8125866) for windows-amd64 JRE (11.0.13+0-b1751.21-8125866), built on Feb  2 2022 03:00:22 by "builder" with MS VC++ 14.0 (VS2015)

END.
